`````````````````````````````````````````````````````````````````````
[ 4.3.6632.29121 ] 2018-04-10 06:48:28.1077792 UTC
---------------------------------------------------------------------
System.IO.IOException: The process cannot access the file 'C:\Users\dlest\OneDrive\Documents\GitHub\Windower4\scripts\autoload\autoload.txt' because it is being used by another process.
   at System.IO.__Error.WinIOError(Int32 errorCode, String maybeFullPath)
   at System.IO.FileStream.Init(String path, FileMode mode, FileAccess access, Int32 rights, Boolean useRights, FileShare share, Int32 bufferSize, FileOptions options, SECURITY_ATTRIBUTES secAttrs, String msgPath, Boolean bFromProxy, Boolean useLongPath, Boolean checkHost)
   at System.IO.FileStream..ctor(String path, FileMode mode, FileAccess access, FileShare share)
   at System.IO.File.Open(String path, FileMode mode)
   at Launcher.Injector.Launch(String hook, Profile profile, Boolean debug, TimeSpan timeout)
   at Launcher.Tasks.LaunchTask.Run()
   at Launcher.Tasks.Task.Run(Core core)
   at Launcher.Core.Run()
   at System.Threading.ThreadHelper.ThreadStart_Context(Object state)
   at System.Threading.ExecutionContext.RunInternal(ExecutionContext executionContext, ContextCallback callback, Object state, Boolean preserveSyncCtx)
   at System.Threading.ExecutionContext.Run(ExecutionContext executionContext, ContextCallback callback, Object state, Boolean preserveSyncCtx)
   at System.Threading.ExecutionContext.Run(ExecutionContext executionContext, ContextCallback callback, Object state)
   at System.Threading.ThreadHelper.ThreadStart()
`````````````````````````````````````````````````````````````````````

`````````````````````````````````````````````````````````````````````
[ 4.3.6632.29121 ] 2018-06-27 18:58:48.3687692 UTC
---------------------------------------------------------------------
System.IO.IOException: The process cannot access the file 'C:\Users\dlest\OneDrive\Documents\GitHub\Windower4\scripts\autoload\autoload.txt' because it is being used by another process.
   at System.IO.__Error.WinIOError(Int32 errorCode, String maybeFullPath)
   at System.IO.FileStream.Init(String path, FileMode mode, FileAccess access, Int32 rights, Boolean useRights, FileShare share, Int32 bufferSize, FileOptions options, SECURITY_ATTRIBUTES secAttrs, String msgPath, Boolean bFromProxy, Boolean useLongPath, Boolean checkHost)
   at System.IO.FileStream..ctor(String path, FileMode mode, FileAccess access, FileShare share)
   at System.IO.File.Open(String path, FileMode mode)
   at Launcher.Injector.Launch(String hook, Profile profile, Boolean debug, TimeSpan timeout)
   at Launcher.Tasks.LaunchTask.Run()
   at Launcher.Tasks.Task.Run(Core core)
   at Launcher.Core.Run()
   at System.Threading.ThreadHelper.ThreadStart_Context(Object state)
   at System.Threading.ExecutionContext.RunInternal(ExecutionContext executionContext, ContextCallback callback, Object state, Boolean preserveSyncCtx)
   at System.Threading.ExecutionContext.Run(ExecutionContext executionContext, ContextCallback callback, Object state, Boolean preserveSyncCtx)
   at System.Threading.ExecutionContext.Run(ExecutionContext executionContext, ContextCallback callback, Object state)
   at System.Threading.ThreadHelper.ThreadStart()
`````````````````````````````````````````````````````````````````````

`````````````````````````````````````````````````````````````````````
[ 4.3.6774.39167 ] 2018-11-29 05:13:41.5806591 UTC
---------------------------------------------------------------------
System.IO.IOException: The process cannot access the file 'C:\Users\dlest\OneDrive\Documents\GitHub\Windower4\scripts\autoload\autoload.txt' because it is being used by another process.
   at System.IO.__Error.WinIOError(Int32 errorCode, String maybeFullPath)
   at System.IO.FileStream.Init(String path, FileMode mode, FileAccess access, Int32 rights, Boolean useRights, FileShare share, Int32 bufferSize, FileOptions options, SECURITY_ATTRIBUTES secAttrs, String msgPath, Boolean bFromProxy, Boolean useLongPath, Boolean checkHost)
   at System.IO.FileStream..ctor(String path, FileMode mode, FileAccess access, FileShare share)
   at System.IO.File.Open(String path, FileMode mode)
   at Launcher.Injector.Launch(String hook, Profile profile, Boolean debug, TimeSpan timeout)
   at Launcher.Tasks.LaunchTask.Run()
   at Launcher.Tasks.Task.Run(Core core)
   at Launcher.Core.Run()
   at System.Threading.ThreadHelper.ThreadStart_Context(Object state)
   at System.Threading.ExecutionContext.RunInternal(ExecutionContext executionContext, ContextCallback callback, Object state, Boolean preserveSyncCtx)
   at System.Threading.ExecutionContext.Run(ExecutionContext executionContext, ContextCallback callback, Object state, Boolean preserveSyncCtx)
   at System.Threading.ExecutionContext.Run(ExecutionContext executionContext, ContextCallback callback, Object state)
   at System.Threading.ThreadHelper.ThreadStart()
`````````````````````````````````````````````````````````````````````

`````````````````````````````````````````````````````````````````````
[ 4.3.6774.39167 ] 2019-07-30 05:31:24.9963091 UTC
---------------------------------------------------------------------
System.IO.IOException: The process cannot access the file 'C:\Users\dlest\OneDrive\Documents\GitHub\Windower4\scripts\autoload\autoload.txt' because it is being used by another process.
   at System.IO.__Error.WinIOError(Int32 errorCode, String maybeFullPath)
   at System.IO.FileStream.Init(String path, FileMode mode, FileAccess access, Int32 rights, Boolean useRights, FileShare share, Int32 bufferSize, FileOptions options, SECURITY_ATTRIBUTES secAttrs, String msgPath, Boolean bFromProxy, Boolean useLongPath, Boolean checkHost)
   at System.IO.FileStream..ctor(String path, FileMode mode, FileAccess access, FileShare share)
   at System.IO.File.Open(String path, FileMode mode)
   at Launcher.Injector.Launch(String hook, Profile profile, Boolean debug, TimeSpan timeout)
   at Launcher.Tasks.LaunchTask.Run()
   at Launcher.Tasks.Task.Run(Core core)
   at Launcher.Core.Run()
   at System.Threading.ThreadHelper.ThreadStart_Context(Object state)
   at System.Threading.ExecutionContext.RunInternal(ExecutionContext executionContext, ContextCallback callback, Object state, Boolean preserveSyncCtx)
   at System.Threading.ExecutionContext.Run(ExecutionContext executionContext, ContextCallback callback, Object state, Boolean preserveSyncCtx)
   at System.Threading.ExecutionContext.Run(ExecutionContext executionContext, ContextCallback callback, Object state)
   at System.Threading.ThreadHelper.ThreadStart()
`````````````````````````````````````````````````````````````````````

`````````````````````````````````````````````````````````````````````
[ 4.3.6774.39167 ] 2020-12-28 19:32:45.3813210 UTC
---------------------------------------------------------------------
System.IO.IOException: The process cannot access the file 'C:\Users\dlest\OneDrive\Documents\GitHub\Windower4\scripts\autoload\autoload.txt' because it is being used by another process.
   at System.IO.__Error.WinIOError(Int32 errorCode, String maybeFullPath)
   at System.IO.FileStream.Init(String path, FileMode mode, FileAccess access, Int32 rights, Boolean useRights, FileShare share, Int32 bufferSize, FileOptions options, SECURITY_ATTRIBUTES secAttrs, String msgPath, Boolean bFromProxy, Boolean useLongPath, Boolean checkHost)
   at System.IO.FileStream..ctor(String path, FileMode mode, FileAccess access, FileShare share)
   at System.IO.File.Open(String path, FileMode mode)
   at Launcher.Injector.Launch(String hook, Profile profile, Boolean debug, TimeSpan timeout)
   at Launcher.Tasks.LaunchTask.Run()
   at Launcher.Tasks.Task.Run(Core core)
   at Launcher.Core.Run()
   at System.Threading.ThreadHelper.ThreadStart_Context(Object state)
   at System.Threading.ExecutionContext.RunInternal(ExecutionContext executionContext, ContextCallback callback, Object state, Boolean preserveSyncCtx)
   at System.Threading.ExecutionContext.Run(ExecutionContext executionContext, ContextCallback callback, Object state, Boolean preserveSyncCtx)
   at System.Threading.ExecutionContext.Run(ExecutionContext executionContext, ContextCallback callback, Object state)
   at System.Threading.ThreadHelper.ThreadStart()
`````````````````````````````````````````````````````````````````````

`````````````````````````````````````````````````````````````````````
[ 4.3.6774.39167 ] 2020-12-28 19:36:57.4360264 UTC
---------------------------------------------------------------------
System.IO.IOException: The process cannot access the file 'C:\Users\dlest\OneDrive\Documents\GitHub\Windower4\scripts\autoload\autoload.txt' because it is being used by another process.
   at System.IO.__Error.WinIOError(Int32 errorCode, String maybeFullPath)
   at System.IO.FileStream.Init(String path, FileMode mode, FileAccess access, Int32 rights, Boolean useRights, FileShare share, Int32 bufferSize, FileOptions options, SECURITY_ATTRIBUTES secAttrs, String msgPath, Boolean bFromProxy, Boolean useLongPath, Boolean checkHost)
   at System.IO.FileStream..ctor(String path, FileMode mode, FileAccess access, FileShare share)
   at System.IO.File.Open(String path, FileMode mode)
   at Launcher.Injector.Launch(String hook, Profile profile, Boolean debug, TimeSpan timeout)
   at Launcher.Tasks.LaunchTask.Run()
   at Launcher.Tasks.Task.Run(Core core)
   at Launcher.Core.Run()
   at System.Threading.ThreadHelper.ThreadStart_Context(Object state)
   at System.Threading.ExecutionContext.RunInternal(ExecutionContext executionContext, ContextCallback callback, Object state, Boolean preserveSyncCtx)
   at System.Threading.ExecutionContext.Run(ExecutionContext executionContext, ContextCallback callback, Object state, Boolean preserveSyncCtx)
   at System.Threading.ExecutionContext.Run(ExecutionContext executionContext, ContextCallback callback, Object state)
   at System.Threading.ThreadHelper.ThreadStart()
`````````````````````````````````````````````````````````````````````

`````````````````````````````````````````````````````````````````````
[ 4.3.6774.39167 ] 2021-01-29 18:08:20.2497353 UTC
---------------------------------------------------------------------
System.IO.IOException: The process cannot access the file 'C:\Users\dlest\OneDrive\Documents\GitHub\Windower4\scripts\autoload\autoload.txt' because it is being used by another process.
   at System.IO.__Error.WinIOError(Int32 errorCode, String maybeFullPath)
   at System.IO.FileStream.Init(String path, FileMode mode, FileAccess access, Int32 rights, Boolean useRights, FileShare share, Int32 bufferSize, FileOptions options, SECURITY_ATTRIBUTES secAttrs, String msgPath, Boolean bFromProxy, Boolean useLongPath, Boolean checkHost)
   at System.IO.FileStream..ctor(String path, FileMode mode, FileAccess access, FileShare share)
   at System.IO.File.Open(String path, FileMode mode)
   at Launcher.Injector.Launch(String hook, Profile profile, Boolean debug, TimeSpan timeout)
   at Launcher.Tasks.LaunchTask.Run()
   at Launcher.Tasks.Task.Run(Core core)
   at Launcher.Core.Run()
   at System.Threading.ThreadHelper.ThreadStart_Context(Object state)
   at System.Threading.ExecutionContext.RunInternal(ExecutionContext executionContext, ContextCallback callback, Object state, Boolean preserveSyncCtx)
   at System.Threading.ExecutionContext.Run(ExecutionContext executionContext, ContextCallback callback, Object state, Boolean preserveSyncCtx)
   at System.Threading.ExecutionContext.Run(ExecutionContext executionContext, ContextCallback callback, Object state)
   at System.Threading.ThreadHelper.ThreadStart()
`````````````````````````````````````````````````````````````````````

`````````````````````````````````````````````````````````````````````
[ 4.3.6774.39167 ] 2021-03-09 13:42:13.5504783 UTC
---------------------------------------------------------------------
System.IO.IOException: The process cannot access the file 'C:\Users\dlest\OneDrive\Documents\GitHub\Windower4\scripts\autoload\autoload.txt' because it is being used by another process.
   at System.IO.__Error.WinIOError(Int32 errorCode, String maybeFullPath)
   at System.IO.FileStream.Init(String path, FileMode mode, FileAccess access, Int32 rights, Boolean useRights, FileShare share, Int32 bufferSize, FileOptions options, SECURITY_ATTRIBUTES secAttrs, String msgPath, Boolean bFromProxy, Boolean useLongPath, Boolean checkHost)
   at System.IO.FileStream..ctor(String path, FileMode mode, FileAccess access, FileShare share)
   at System.IO.File.Open(String path, FileMode mode)
   at Launcher.Injector.Launch(String hook, Profile profile, Boolean debug, TimeSpan timeout)
   at Launcher.Tasks.LaunchTask.Run()
   at Launcher.Tasks.Task.Run(Core core)
   at Launcher.Core.Run()
   at System.Threading.ThreadHelper.ThreadStart_Context(Object state)
   at System.Threading.ExecutionContext.RunInternal(ExecutionContext executionContext, ContextCallback callback, Object state, Boolean preserveSyncCtx)
   at System.Threading.ExecutionContext.Run(ExecutionContext executionContext, ContextCallback callback, Object state, Boolean preserveSyncCtx)
   at System.Threading.ExecutionContext.Run(ExecutionContext executionContext, ContextCallback callback, Object state)
   at System.Threading.ThreadHelper.ThreadStart()
`````````````````````````````````````````````````````````````````````

´´´´´´´´´´´´´´´´´´´´´´´´´´´´´´´´´´´´´´´´´´´´´´´´´´´´´´´´´´´´´´´´´´´´´
[ 4.3.7757.25903 ] 2021-04-30 09:34:55.1413446 UTC
---------------------------------------------------------------------
System.IO.IOException: The process cannot access the file 'C:\Users\dlest\OneDrive\Documents\GitHub\Windower4\settings.xml' because it is being used by another process.
   at System.IO.__Error.WinIOError(Int32 errorCode, String maybeFullPath)
   at System.IO.FileStream.Init(String path, FileMode mode, FileAccess access, Int32 rights, Boolean useRights, FileShare share, Int32 bufferSize, FileOptions options, SECURITY_ATTRIBUTES secAttrs, String msgPath, Boolean bFromProxy, Boolean useLongPath, Boolean checkHost)
   at System.IO.FileStream..ctor(String path, FileMode mode, FileAccess access, FileShare share, Int32 bufferSize, FileOptions options, String msgPath, Boolean bFromProxy)
   at System.IO.FileStream..ctor(String path, FileMode mode, FileAccess access, FileShare share, Int32 bufferSize, Boolean useAsync)
   at System.Xml.XmlWriterSettings.CreateWriter(String outputFileName)
   at System.Xml.XmlWriter.Create(String outputFileName, XmlWriterSettings settings)
   at System.Xml.Linq.XDocument.Save(String fileName, SaveOptions options)
   at Launcher.Profile.Save()
   at Launcher.LauncherApplication.OnExit(ExitEventArgs e)
   at System.Windows.Application.DoShutdown()
   at System.Windows.Application.ShutdownImpl()
   at System.Windows.Application.ShutdownCallback(Object arg)
   at System.Windows.Threading.ExceptionWrapper.InternalRealCall(Delegate callback, Object args, Int32 numArgs)
   at System.Windows.Threading.ExceptionWrapper.TryCatchWhen(Object source, Delegate callback, Object args, Int32 numArgs, Delegate catchHandler)
   at System.Windows.Threading.DispatcherOperation.InvokeImpl()
   at System.Windows.Threading.DispatcherOperation.InvokeInSecurityContext(Object state)
   at System.Threading.ExecutionContext.RunInternal(ExecutionContext executionContext, ContextCallback callback, Object state, Boolean preserveSyncCtx)
   at System.Threading.ExecutionContext.Run(ExecutionContext executionContext, ContextCallback callback, Object state, Boolean preserveSyncCtx)
   at System.Threading.ExecutionContext.Run(ExecutionContext executionContext, ContextCallback callback, Object state)
   at MS.Internal.CulturePreservingExecutionContext.Run(CulturePreservingExecutionContext executionContext, ContextCallback callback, Object state)
   at System.Windows.Threading.DispatcherOperation.Invoke()
   at System.Windows.Threading.Dispatcher.ProcessQueue()
   at System.Windows.Threading.Dispatcher.WndProcHook(IntPtr hwnd, Int32 msg, IntPtr wParam, IntPtr lParam, Boolean& handled)
   at MS.Win32.HwndWrapper.WndProc(IntPtr hwnd, Int32 msg, IntPtr wParam, IntPtr lParam, Boolean& handled)
   at MS.Win32.HwndSubclass.DispatcherCallbackOperation(Object o)
   at System.Windows.Threading.ExceptionWrapper.InternalRealCall(Delegate callback, Object args, Int32 numArgs)
   at System.Windows.Threading.ExceptionWrapper.TryCatchWhen(Object source, Delegate callback, Object args, Int32 numArgs, Delegate catchHandler)
   at System.Windows.Threading.Dispatcher.LegacyInvokeImpl(DispatcherPriority priority, TimeSpan timeout, Delegate method, Object args, Int32 numArgs)
   at MS.Win32.HwndSubclass.SubclassWndProc(IntPtr hwnd, Int32 msg, IntPtr wParam, IntPtr lParam)
   at MS.Win32.UnsafeNativeMethods.DispatchMessage(MSG& msg)
   at System.Windows.Threading.Dispatcher.PushFrameImpl(DispatcherFrame frame)
   at System.Windows.Threading.Dispatcher.PushFrame(DispatcherFrame frame)
   at System.Windows.Application.RunDispatcher(Object ignore)
   at System.Windows.Application.RunInternal(Window window)
   at System.Windows.Application.Run(Window window)
   at Launcher.Bootstrap.Main(String[] args)
´´´´´´´´´´´´´´´´´´´´´´´´´´´´´´´´´´´´´´´´´´´´´´´´´´´´´´´´´´´´´´´´´´´´´

