[21:22:09] === Area: Port San d'Oria ===
[21:22:09] React: Loading File: react_THF.lua
[21:22:09] *****DP Job Selection:THF*****
[21:22:09] Mode: Default.
[21:22:11] Size already 20.
[21:22:11] ConsoleBG: Position changed! X: 15 Y: 50
[21:22:15] Masxiaosan[LowJeuno]: Telos Earring Reiki Yotai Do you need it? /tell Buy? 
[21:22:16] <<< Welcome to Asura! >>>
[21:22:16] Announcing the winning numbers for the 20th Vana'versary Nomad Mog Bonanza!
[21:22:16] 
[21:22:16]  
[21:22:16] 
[21:22:16] Rank 3 prize: "7" (last digit)-- 20,471 winners.
[21:22:16] 
[21:22:16] Rank 2 prize: "04" (last two digits)-- 2,010 winners.
[21:22:16] 
[21:22:16] Rank 1 prize: "854" (all three digits)-- 185 winners.
[21:22:16] 
[21:22:16] *The number of winners for each prize is a combined total from all worlds.
[21:22:16] 
[21:22:16]  
[21:22:16] 
[21:22:16] Collection period: On July 14, 2022 at 1:00 (PDT) / 8:00 (GMT) to July 31, at 7:59 (PDT) / 14:59 (GMT)
[21:22:16] 
[21:22:16] Details on the prize can be confirmed by speaking to a Bonanza Moogle at one of the following locations:
[21:22:16] 
[21:22:16] Port San d'Oria (I-9) / Port Bastok (L-8) / Port Windurst (F-6) / Chocobo Circuit (H-8)
[21:22:17] You have undertaken the limited-time Records of Eminence challenge ‡²Vanquish Undead.‡³
[21:22:17] The July 2022 Login Campaign is currently underway!
[21:22:17] 
[21:22:17] The maximum number of people are already participating in Unity chat. Please try again later.
[21:22:17] In celebration of your most recent login (login no. 14), we have provided you with 100 points!
[21:22:17] You currently have a total of 2150 points.
[21:22:18] We hope you enjoy this complimentary little gift, courtesy of the citizens of Vana'diel!
[21:22:18] Obtained: Special gobbiedial key.
[21:22:21] Executing logout in 30 seconds.
[21:22:21] Cancel healing to remain logged in.
[21:22:24] Redwoods[Norg]: *** Nisroch Jerkin * 50M or best offer * Giddeus Balga's Dais
[21:22:25] Ksods[Mhaura]: Ambuscade V.1 VD Do you need it? 4M Buy?
[21:22:25] Executing logout in 25 seconds.
[21:22:25] Cancel healing to remain logged in.
[21:22:30] Executing logout in 20 seconds.
[21:22:30] Cancel healing to remain logged in.
[21:22:35] Executing logout in 15 seconds.
[21:22:35] Cancel healing to remain logged in.
[21:22:40] Executing logout in 10 seconds.
[21:22:40] Cancel healing to remain logged in.
[21:22:43] Eunnaa[PortBastok]: Ambuscade V.1 VD Do you need it? 4M Buy? /tell
[21:22:44] Erioll[RuLudeGard]: Dynamis - Jeuno D Middle Boss Clear Mind + 5k+ RP Do you need it? 1.5M /tell Starting in 10 mins
[21:22:45] Executing logout in 5 seconds.
[21:22:45] Cancel healing to remain logged in.
