[17:58:21] === Area: Port San d'Oria ===
[17:58:21] *****DP Job Selection:THF*****
[17:58:21] Mode: Default.
[17:58:21] React: Loading File: react_THF.lua
[17:58:24] Size already 20.
[17:58:24] ConsoleBG: Position changed! X: 15 Y: 50
[17:58:28] <<< Welcome to Asura! >>>
[17:58:28] Announcing the winning numbers for the 20th Vana'versary Nomad Mog Bonanza!
[17:58:28] 
[17:58:28]  
[17:58:28] 
[17:58:28] Rank 3 prize: "7" (last digit)-- 20,471 winners.
[17:58:28] 
[17:58:28] Rank 2 prize: "04" (last two digits)-- 2,010 winners.
[17:58:28] 
[17:58:28] Rank 1 prize: "854" (all three digits)-- 185 winners.
[17:58:28] 
[17:58:28] *The number of winners for each prize is a combined total from all worlds.
[17:58:28] 
[17:58:28]  
[17:58:28] 
[17:58:28] Collection period: On July 14, 2022 at 1:00 (PDT) / 8:00 (GMT) to July 31, at 7:59 (PDT) / 14:59 (GMT)
[17:58:28] 
[17:58:28] Details on the prize can be confirmed by speaking to a Bonanza Moogle at one of the following locations:
[17:58:28] 
[17:58:28] Port San d'Oria (I-9) / Port Bastok (L-8) / Port Windurst (F-6) / Chocobo Circuit (H-8)
[17:58:29] You have undertaken the limited-time Records of Eminence challenge ‡²Vanquish Vermin.‡³
[17:58:29] The July 2022 Login Campaign is currently underway!
[17:58:29] 
[17:58:29] The maximum number of people are already participating in Unity chat. Please try again later.
[17:58:29] In celebration of your most recent login (login no. 15), we have provided you with 100 points!
[17:58:29] You currently have a total of 2250 points.
[17:58:30] We hope you enjoy this complimentary little gift, courtesy of the citizens of Vana'diel!
[17:58:30] Obtained: Special gobbiedial key.
[17:58:44] Efx[Mhaura]: Ambuscade V1VD Do you need it? SB COR or BIND RDM Can I have it? @5
[17:58:45] Executing logout in 30 seconds.
[17:58:45] Cancel healing to remain logged in.
[17:58:49] Executing logout in 25 seconds.
[17:58:49] Cancel healing to remain logged in.
[17:58:54] Executing logout in 20 seconds.
[17:58:54] Cancel healing to remain logged in.
[17:59:00] Executing logout in 15 seconds.
[17:59:00] Cancel healing to remain logged in.
[17:59:03] Endone[Rabao]: Odyssey C Segs Halo + NM Looking for members. BRD, WHMorSCH /tell
[17:59:04] Executing logout in 10 seconds.
[17:59:04] Cancel healing to remain logged in.
[17:59:09] Executing logout in 5 seconds.
[17:59:09] Cancel healing to remain logged in.
