[08:20:26] === Area: Lower Jeuno ===
[08:20:26] React: Loading File: react_THF.lua
[08:20:28] *****DP Job Selection:THF*****
[08:20:28] Mode: Default.
[08:20:32] You have undertaken the limited-time Records of Eminence challenge ‡²Vanquish Lizards.‡³
[08:20:32] This area is currently affected by the Super Kupower: ‡²Boundary Buster‡³!
[08:20:32] This area is currently affected by the Super Kupower: ‡²Bountiful Bazaar‡³!
[08:20:32] This area is currently affected by the Super Kupower: ‡²Crystal Caboodle‡³!
[08:20:32] The April 2021 Login Campaign is currently underway!
[08:20:32] 
[08:20:32] In celebration of your most recent login (login no. 10), we have provided you with 100 points!
[08:20:32] You currently have a total of 2900 points.
[08:20:33] <<< Welcome to Asura! >>>
[08:20:33] Announcing the winning numbers for the Early Spring Mog Bonanza 2021!
[08:20:33] 
[08:20:33]  
[08:20:33] 
[08:20:33] Rank 3 prize: "0" (last digit)-- 6413 winners.
[08:20:33] 
[08:20:33] Rank 2 prize: "37" (last two digits)-- 928 winners.
[08:20:33] 
[08:20:33] Rank 1 prize: "196" (all three digits)-- 88 winners.
[08:20:33] 
[08:20:33] *The number of winners for each prize is a combined total from all worlds.
[08:20:33] 
[08:20:33]  
[08:20:33] 
[08:20:33] Collection period: On April 12, 2021 at 1:00 (PDT) / 8:00 (GMT) to April 30, at 7:59 (PDT) / 14:59 (GMT)
[08:20:33] 
[08:20:33] Details on the prize can be confirmed by speaking to a Bonanza Moogle at one of the following locations:
[08:20:33] 
[08:20:33] Port San d'Oria (I-9) / Port Bastok (L-8) / Port Windurst (F-6) / Chocobo Circuit (H-8)
[08:20:34] Gukiom[BastokMark]: Abyssea empy Weapon Shop Item LV80 85 90 Do you need it? Buy? /tell
[08:20:36] We hope you enjoy this complimentary little gift, courtesy of the citizens of Vana'diel!
[08:20:36] Obtained: Dial key #Ab.
[08:20:41] Executing logout in 30 seconds.
[08:20:41] Cancel healing to remain logged in.
[08:20:44] Executing logout in 25 seconds.
[08:20:44] Cancel healing to remain logged in.
[08:20:46] Alunes[SSandOria]: Can anyone sell me? AmbuscadeV1 VD *3Run Reward:15M Tellplease 1Run=5M
[08:20:50] Executing logout in 20 seconds.
[08:20:50] Cancel healing to remain logged in.
[08:20:55] Executing logout in 15 seconds.
[08:20:55] Cancel healing to remain logged in.
[08:20:59] Executing logout in 10 seconds.
[08:20:59] Cancel healing to remain logged in.
[08:21:05] Executing logout in 5 seconds.
[08:21:05] Cancel healing to remain logged in.
[08:21:07] Kimerzzb[SSandOria]: Aeonic Weapon 3zoneClear MindMercenaryDo you need it?Buy?/tell25M 2/5
