[11:52:42] === Area: Port San d'Oria ===
[11:52:42] *****DP Job Selection:THF*****
[11:52:42] Mode: Default.
[11:52:42] React: Loading File: react_THF.lua
[11:52:45] Size already 20.
[11:52:45] ConsoleBG: Position changed! X: 15 Y: 50
[11:52:50] <<< Welcome to Asura! >>>
[11:52:50] Announcing the winning numbers for the 20th Vana'versary Nomad Mog Bonanza!
[11:52:50] 
[11:52:50]  
[11:52:50] 
[11:52:50] Rank 3 prize: "7" (last digit)-- 20,471 winners.
[11:52:50] 
[11:52:50] Rank 2 prize: "04" (last two digits)-- 2,010 winners.
[11:52:50] 
[11:52:50] Rank 1 prize: "854" (all three digits)-- 185 winners.
[11:52:50] 
[11:52:50] *The number of winners for each prize is a combined total from all worlds.
[11:52:50] 
[11:52:50]  
[11:52:50] 
[11:52:50] Collection period: On July 14, 2022 at 1:00 (PDT) / 8:00 (GMT) to July 31, at 7:59 (PDT) / 14:59 (GMT)
[11:52:50] 
[11:52:50] Details on the prize can be confirmed by speaking to a Bonanza Moogle at one of the following locations:
[11:52:50] 
[11:52:50] Port San d'Oria (I-9) / Port Bastok (L-8) / Port Windurst (F-6) / Chocobo Circuit (H-8)
[11:52:50] You have undertaken the limited-time Records of Eminence challenge ｲVanquish Arcana.ｳ
[11:52:50] The July 2022 Login Campaign is currently underway!
[11:52:50] 
[11:52:50] The maximum number of people are already participating in Unity chat. Please try again later.
[11:52:50] In celebration of your most recent login (login no. 17), we have provided you with 100 points!
[11:52:50] You currently have a total of 2450 points.
[11:52:50] We hope you enjoy this complimentary little gift, courtesy of the citizens of Vana'diel!
[11:52:50] Obtained: Special gobbiedial key.
[11:52:59] Masxiaosan[LowJeuno]: Telos Earring Reiki Yotai Do you need it? /tell Buy? 
[11:53:06] Odyesnm[BastokMine]: Odyssey T3 Ngai Clear Mind Do you need it? Buy? going 5 minues 
Habitox : Oho, ya feelin' lucky 'nough tah takes a stab at da myst'ry box?
[11:53:14] Habitox : Oho, ya feelin' lucky 'nough tah takes a stab at da myst'ry box?
[11:53:14] Habitox : Oho, ya feelin' lucky 'nough tah takes a stab at da myst'ry box?
Habitox : Ya wanna open dat sucker up? Okay, but which dial ya be wantin'?
[11:53:15] Habitox : Ya wanna open dat sucker up? Okay, but which dial ya be wantin'?
[11:53:15] Habitox : Ya wanna open dat sucker up? Okay, but which dial ya be wantin'?
[11:53:16] Aoora[PortBastok]: Ambuscade V.1 VD Do you need it? Buy? 3m/run
Habitox : So ya be wantin' the special dial?M'kay, get yerself all steeled up, 'cause here we go! 'Member, no complaints!
[11:53:19] Habitox : So ya be wantin' the special dial?
[11:53:19] 　M'kay, get yerself all steeled up, 'cause here we go! 'Member, no complaints!
[11:53:19] Habitox : So ya be wantin' the special dial?
[11:53:19] 　M'kay, get yerself all steeled up, 'cause here we go! 'Member, no complaints!
Habitox : Dis box is full o' myst'ries,♪Dat span da realm's his'try,♪So whatcha gonna get from da chest...o'...uh, fortunery?♪
[11:53:20] Habitox : Dis box is full o' myst'ries,♪
[11:53:20] 　Dat span da realm's his'try,♪
[11:53:20] 　So whatcha gonna get from da chest...o'...uh, fortunery?♪
[11:53:20] Habitox : Dis box is full o' myst'ries,♪
[11:53:20] 　Dat span da realm's his'try,♪
[11:53:20] 　So whatcha gonna get from da chest...o'...uh, fortunery?♪
Habitox : Oooh, looks at what popped out! I hopes it makes yer adventures dat much more adventumarous!
[11:53:23] Habitox : Oooh, looks at what popped out! I hopes it makes yer adventures dat much more adventumarous!
[11:53:23] Habitox : Oooh, looks at what popped out! I hopes it makes yer adventures dat much more adventumarous!
[11:53:26] Jocror[BastokMark]: Sarameya Tinnin Tyger win Item x3 Do you need it? Buy? /tell Thank you.
[11:53:26] Ksods[Mhaura]: Ambuscade V.1 VD Do you need it? 3M/runs Buy? /tell
[11:53:27] Obtained: Beetle shell.
[11:53:27] You have used 50 points of your daily tally!
[11:53:30] Efx[Mhaura]: Ambuscade V1VD Do you need it? 2.5M/Run Buy? /tell
[11:53:35] Executing logout in 30 seconds.
[11:53:35] Cancel healing to remain logged in.
[11:53:39] Executing logout in 25 seconds.
[11:53:39] Cancel healing to remain logged in.
[11:53:41] Shmilywowo[BastokMark]: Escha - Zi'Tah Escha - Ru'Aun Reiki Yotai T1T2T3 ALL Item ABJ Reiki Yotai Telos Earring Do you need it? /tell  
[11:53:44] Executing logout in 20 seconds.
[11:53:44] Cancel healing to remain logged in.
[11:53:49] Executing logout in 15 seconds.
[11:53:49] Cancel healing to remain logged in.
[11:53:53] Cyberops[PortJeuno]: Pinga Tunic +1 25mil Chirich Ring +1 10mil Do you need it? Bazaar
[11:53:54] Executing logout in 10 seconds.
[11:53:54] Cancel healing to remain logged in.
[11:53:59] Executing logout in 5 seconds.
[11:53:59] Cancel healing to remain logged in.
[11:54:01] Masxiaosan[LowJeuno]: Telos Earring Reiki Yotai Do you need it? /tell Buy? 
[12:04:29] === Area: Port San d'Oria ===
[12:04:29] *****DP Job Selection:THF*****
[12:04:29] Mode: Default.
[12:04:29] React: Loading File: react_THF.lua
[12:04:31] Size already 20.
[12:04:31] ConsoleBG: Position changed! X: 15 Y: 50
[12:04:35] Iily[Whitegate]: znm T4 Sarameya Tinnin Tyger Item and win Do you need it? Buy?
[12:04:36] <<< Welcome to Asura! >>>
[12:04:36] Announcing the winning numbers for the 20th Vana'versary Nomad Mog Bonanza!
[12:04:36] 
[12:04:36]  
[12:04:36] 
[12:04:36] Rank 3 prize: "7" (last digit)-- 20,471 winners.
[12:04:36] 
[12:04:36] Rank 2 prize: "04" (last two digits)-- 2,010 winners.
[12:04:36] 
[12:04:36] Rank 1 prize: "854" (all three digits)-- 185 winners.
[12:04:36] 
[12:04:36] *The number of winners for each prize is a combined total from all worlds.
[12:04:36] 
[12:04:36]  
[12:04:36] 
[12:04:36] Collection period: On July 14, 2022 at 1:00 (PDT) / 8:00 (GMT) to July 31, at 7:59 (PDT) / 14:59 (GMT)
[12:04:36] 
[12:04:36] Details on the prize can be confirmed by speaking to a Bonanza Moogle at one of the following locations:
[12:04:36] 
[12:04:36] Port San d'Oria (I-9) / Port Bastok (L-8) / Port Windurst (F-6) / Chocobo Circuit (H-8)
[12:04:37] The maximum number of people are already participating in Unity chat. Please try again later.
Habitox : Oho, ya feelin' lucky 'nough tah takes a stab at da myst'ry box?
[12:04:44] Habitox : Oho, ya feelin' lucky 'nough tah takes a stab at da myst'ry box?
[12:04:44] Habitox : Oho, ya feelin' lucky 'nough tah takes a stab at da myst'ry box?
Habitox : Ya wanna open dat sucker up? Okay, but which dial ya be wantin'?
[12:04:45] Habitox : Ya wanna open dat sucker up? Okay, but which dial ya be wantin'?
[12:04:45] Habitox : Ya wanna open dat sucker up? Okay, but which dial ya be wantin'?
[12:04:47] Kimgaeonic[BastokMark]: Aeonic/ioniッkuuェpon 3zone Clear Mind Do you need it? Buy? 50M /tell 1/4
[12:04:54] Executing logout in 30 seconds.
[12:04:54] Cancel healing to remain logged in.
[12:04:58] Executing logout in 25 seconds.
[12:04:58] Cancel healing to remain logged in.
[12:05:03] Executing logout in 20 seconds.
[12:05:03] Cancel healing to remain logged in.
[12:05:06] Shmilywowo[BastokMark]: Escha - Zi'Tah Escha - Ru'Aun Reiki Yotai T1T2T3 ALL Item ABJ Reiki Yotai Telos Earring Do you need it? /tell  
[12:05:08] Executing logout in 15 seconds.
[12:05:08] Cancel healing to remain logged in.
[12:05:13] Executing logout in 10 seconds.
[12:05:13] Cancel healing to remain logged in.
[12:05:17] Executing logout in 5 seconds.
[12:05:17] Cancel healing to remain logged in.
[12:05:22] Aoora[PortBastok]: Ambuscade V.1 VD Do you need it? Buy? 3m/run
