=== Area: Bastok Mines ===
Loading Blist settings for Akilee.
React: Loading File: react_THF.lua
*****DP Job Selection:THF*****
Mode: Default.
Size already 20.
ConsoleBG: Position changed! X: 15 Y: 50
Fczjso[PSandOria]: OmenFU Shulmanu Collar Middleboss Do you need it? Buy?tell

<<< Welcome to Asura! >>>
■Assist Channel added for New Players and Returnees! https://sqex.to/yLvfp


■Vana'diel Doused with the August Version Update!


■Sunbreeze Festival & Green Festival [until August 31 at 7:59 (PDT) / 14:59 (GMT) / 15:59 (BST)]


■August 2022 Login Campaign [until September 2 at 7:00 (PDT) / 14:00 (GMT) / 15:00 (BST)]


■Fun in the Sun Campaign [until August 22 at 0:59 (PDT) / 7:59 (GMT) / 8:59(BST)]


■Return Home to Vana'diel Campaign [until August 22 at 1:00 (PDT) / 8:00 (GMT) / 9:00 (BST)]


■Discount Campaign [until August 31 at 1:00 (PDT) / 8:00 (GMT) / 9:00 (BST)]


■The Summer Alter Ego Extravaganza [until August 31 at 7:59 (PDT) / 14:59 (GMT) / 15:59 (BST)]


* Please refer to the official website for more details.
You have undertaken the limited-time Records of Eminence challenge ｲCrack Treasure Caskets.ｳ
This area is currently affected by the Super Kupower: ｲThrifty Transitｳ!This area is currently affected by the Super Kupower: ｲMartial Masterｳ!This area is currently affected by the Super Kupower: ｲDilatory Digestionｳ!
The maximum number of people are already participating in Unity chat. Please try again later.
The August 2022 Login Campaign is currently underway!
In celebration of your most recent login (login no. 3), we have provided you with 100 points!You currently have a total of 800 points.
Eekr[NSandOria]: OdysseyT1234 Xevioso Ngai Kalunga Mboze Ongo Arebati Bumba V0-1 Buy?unlock~rank15 /tell

Meioda[PSandOria]: OdysseyT1T2T3T4 Xevioso Ngai Kalunga Mboze Arebati Ongo Bumba V0 V1 Buy? /tell

Kimwaeonic[BastokMark]: Aeonic/ioniッkuuェpon 3zone Clear Mind Do you need it? Buy? 50M /tell 3/4

Headsparkle[Rabao]: OdysseyＣsegumento稼ぎ CORBRDWARさん等 可能Jobteruお待ちしてます 3/6

Mlcpasu[PortBastok]: Ambuscade VD  V1  Do you need it? 6M 1run  Fast Cast /tell

Sixgodb[NSandOria]: Odyssey t1t2t3Arebati Kalunga Xevioso Ngai Mboze Ongo Bumba V0-1 Clear Mind Buy?

Eunnac[BastokMark]: Ambuscade v1 VD Do you need it? 6m Buy? /tell

Odyeesnm[BastokMine]: Odyssey T1T2T3 Ngai Mboze Xevioso Kalunga Ongo Arebati (T4 Bumba V15) Clear Mind Buy? Odyssey C SEG

Fczjso[PSandOria]: OmenFU Shulmanu Collar Middleboss Do you need it? Buy?tell

Eekr[NSandOria]: OdysseyT1234 Xevioso Ngai Kalunga Mboze Ongo Arebati Bumba V0-1 Buy?unlock~rank15 /tell

Caion[Whitegate]: ZNM T4 Sarameya Tinnin Tyger Item win Do you need it? Buy? /tell

Elueua[PortBastok]: Ambuscade V1 VD Do you need it? Buy? 6M /tell

Meioda[PSandOria]: OdysseyT1T2T3T4 Xevioso Ngai Kalunga Mboze Arebati Ongo Bumba V0 V1 Buy? /tell

Ooooloo[BastokMine]: Ambuscade V.1 VD Do you need it? Buy? 6M*runs /tell

Sixgodb[NSandOria]: Odyssey t1t2t3Arebati Kalunga Xevioso Ngai Mboze Ongo Bumba V0-1 Clear Mind Buy?

Eekr[NSandOria]: OdysseyT1234 Xevioso Ngai Kalunga Mboze Ongo Arebati Bumba V0-1 Buy?unlock~rank15 /tell

Meioda[PSandOria]: OdysseyT1T2T3T4 Xevioso Ngai Kalunga Mboze Arebati Ongo Bumba V0 V1 Buy? /tell

Fczjso[PSandOria]: OmenFU Shulmanu Collar Middleboss Do you need it? Buy?tell

Sixgodb[NSandOria]: Odyssey t1t2t3Arebati Kalunga Xevioso Ngai Mboze Ongo Bumba V0-1 Clear Mind Buy?

Kimwaeonic[BastokMark]: Aeonic/ioniッkuuェpon 3zone Clear Mind Do you need it? Buy? 50M /tell 3/4

Eunnac[BastokMark]: Ambuscade v1 VD Do you need it? 6m Buy? /tell

Caion[Whitegate]: ZNM T4 Sarameya Tinnin Tyger Item win Do you need it? Buy? /tell

Eekr[NSandOria]: OdysseyT1234 Xevioso Ngai Kalunga Mboze Ongo Arebati Bumba V0-1 Buy?unlock~rank15 /tell

Meioda[PSandOria]: OdysseyT1T2T3T4 Xevioso Ngai Kalunga Mboze Arebati Ongo Bumba V0 V1 Buy? /tell

Elueua[PortBastok]: Ambuscade V1 VD Do you need it? Buy? 6M /tell

Ooooloo[BastokMine]: Ambuscade V.1 VD Do you need it? Buy? 6M*runs /tell

Sixgodb[NSandOria]: Odyssey t1t2t3Arebati Kalunga Xevioso Ngai Mboze Ongo Bumba V0-1 Clear Mind Buy?

Fczjso[PSandOria]: OmenFU Shulmanu Collar Middleboss Do you need it? Buy?tell

Jenky[Rabao]: Charged Run Ongo Kalunga Bumba Do you need it? Buy? 12m /tell

Eekr[NSandOria]: OdysseyT1234 Xevioso Ngai Kalunga Mboze Ongo Arebati Bumba V0-1 Buy?unlock~rank15 /tell

Meioda[PSandOria]: OdysseyT1T2T3T4 Xevioso Ngai Kalunga Mboze Arebati Ongo Bumba V0 V1 Buy? /tell

Mlcpasu[PortBastok]: Ambuscade VD  V1  Do you need it? 6M 1run  Fast Cast /tell

Sixgodb[NSandOria]: Odyssey t1t2t3Arebati Kalunga Xevioso Ngai Mboze Ongo Bumba V0-1 Clear Mind Buy?

Odyeesnm[BastokMine]: Odyssey T1T2T3 Ngai Mboze Xevioso Kalunga Ongo Arebati (T4 Bumba V15) Clear Mind Buy? Odyssey C SEG

Fczjso[PSandOria]: OmenFU Shulmanu Collar Middleboss Do you need it? Buy?tell

Eunnac[BastokMark]: Ambuscade v1 VD Do you need it? 6m Buy? /tell

Caion[Whitegate]: ZNM T4 Sarameya Tinnin Tyger Item win Do you need it? Buy? /tell

Eekr[NSandOria]: OdysseyT1234 Xevioso Ngai Kalunga Mboze Ongo Arebati Bumba V0-1 Buy?unlock~rank15 /tell

Meioda[PSandOria]: OdysseyT1T2T3T4 Xevioso Ngai Kalunga Mboze Arebati Ongo Bumba V0 V1 Buy? /tell

Ooooloo[BastokMine]: Ambuscade V.1 VD Do you need it? Buy? 6M*runs /tell

Elueua[PortBastok]: Ambuscade V1 VD Do you need it? Buy? 6M /tell

Sixgodb[NSandOria]: Odyssey t1t2t3Arebati Kalunga Xevioso Ngai Mboze Ongo Bumba V0-1 Clear Mind Buy?

Kimwaeonic[BastokMark]: Aeonic/ioniッkuuェpon 3zone Clear Mind Do you need it? Buy? 50M /tell 3/4

Yuzurucallers[Selbina]: Odin N free carry Do you need it? Gere ring locked /tell with items needed

Fczjso[PSandOria]: OmenFU Shulmanu Collar Middleboss Do you need it? Buy?tell

Headsparkle[Rabao]: OdysseyＣsegumento稼ぎ CORBRDWARさん等 可能Jobteruお待ちしてます 3/6

Eekr[NSandOria]: OdysseyT1234 Xevioso Ngai Kalunga Mboze Ongo Arebati Bumba V0-1 Buy?unlock~rank15 /tell

Meioda[PSandOria]: OdysseyT1T2T3T4 Xevioso Ngai Kalunga Mboze Arebati Ongo Bumba V0 V1 Buy? /tell

Sixgodb[NSandOria]: Odyssey t1t2t3Arebati Kalunga Xevioso Ngai Mboze Ongo Bumba V0-1 Clear Mind Buy?

Caion[Whitegate]: ZNM T4 Sarameya Tinnin Tyger Item win Do you need it? Buy? /tell

Eunnac[BastokMark]: Ambuscade v1 VD Do you need it? 6m Buy? /tell

Eekr[NSandOria]: OdysseyT1234 Xevioso Ngai Kalunga Mboze Ongo Arebati Bumba V0-1 Buy?unlock~rank15 /tell

Ooooloo[BastokMine]: Ambuscade V.1 VD Do you need it? Buy? 6M*runs /tell

Meioda[PSandOria]: OdysseyT1T2T3T4 Xevioso Ngai Kalunga Mboze Arebati Ongo Bumba V0 V1 Buy? /tell

Fczjso[PSandOria]: OmenFU Shulmanu Collar Middleboss Do you need it? Buy?tell

Elueua[PortBastok]: Ambuscade V1 VD Do you need it? Buy? 6M /tell

Jenky[Rabao]: Charged Run Ongo Kalunga Bumba 1443 each + 5000+ RP on next run Do you need it? Buy? 12m /tell

Sixgodb[NSandOria]: Odyssey t1t2t3Arebati Kalunga Xevioso Ngai Mboze Ongo Bumba V0-1 Clear Mind Buy?

Mlcpasu[PortBastok]: Ambuscade VD  V1  Do you need it? 6M 1run  Fast Cast /tell

Eekr[NSandOria]: OdysseyT1234 Xevioso Ngai Kalunga Mboze Ongo Arebati Bumba V0-1 Buy?unlock~rank15 /tell

Meioda[PSandOria]: OdysseyT1T2T3T4 Xevioso Ngai Kalunga Mboze Arebati Ongo Bumba V0 V1 Buy? /tell

Sixgodb[NSandOria]: Odyssey t1t2t3Arebati Kalunga Xevioso Ngai Mboze Ongo Bumba V0-1 Clear Mind Buy?

Kimwaeonic[BastokMark]: Aeonic/ioniッkuuェpon 3zone Clear Mind Do you need it? Buy? 50M /tell 3/4

Odyeesnm[BastokMine]: Odyssey T1T2T3 Ngai Mboze Xevioso Kalunga Ongo Arebati (T4 Bumba V15) Clear Mind Buy? Odyssey C SEG

Fczjso[PSandOria]: OmenFU Shulmanu Collar Middleboss Do you need it? Buy?tell

Caion[Whitegate]: ZNM T4 Sarameya Tinnin Tyger Item win Do you need it? Buy? /tell

Ooooloo[BastokMine]: Ambuscade V.1 VD Do you need it? Buy? 6M*runs /tell

Yuzurucallers[Selbina]: Odin N free x3 run Do you need it? Gere ring locked anyone welcome /tell with items needed going now

Eekr[NSandOria]: OdysseyT1234 Xevioso Ngai Kalunga Mboze Ongo Arebati Bumba V0-1 Buy?unlock~rank15 /tell

Eunnac[BastokMark]: Ambuscade v1 VD Do you need it? 6m Buy? /tell

Meioda[PSandOria]: OdysseyT1T2T3T4 Xevioso Ngai Kalunga Mboze Arebati Ongo Bumba V0 V1 Buy? /tell

Sixgodb[NSandOria]: Odyssey t1t2t3Arebati Kalunga Xevioso Ngai Mboze Ongo Bumba V0-1 Clear Mind Buy?

Elueua[PortBastok]: Ambuscade V1 VD Do you need it? Buy? 6M /tell

Jenky[Rabao]: Charged Run Ongo Kalunga Bumba RP Do you need it? Buy? 12m /tell

Fczjso[PSandOria]: OmenFU Shulmanu Collar Middleboss Do you need it? Buy?tell

Eekr[NSandOria]: OdysseyT1234 Xevioso Ngai Kalunga Mboze Ongo Arebati Bumba V0-1 Buy?unlock~rank15 /tell

Meioda[PSandOria]: OdysseyT1T2T3T4 Xevioso Ngai Kalunga Mboze Arebati Ongo Bumba V0 V1 Buy? /tell

Sixgodb[NSandOria]: Odyssey t1t2t3Arebati Kalunga Xevioso Ngai Mboze Ongo Bumba V0-1 Clear Mind Buy?

Caion[Whitegate]: ZNM T4 Sarameya Tinnin Tyger Item win Do you need it? Buy? /tell

Ooooloo[BastokMine]: Ambuscade V.1 VD Do you need it? Buy? 6M*runs /tell

Fczjso[PSandOria]: OmenFU Shulmanu Collar Middleboss Do you need it? Buy?tell

Eekr[NSandOria]: OdysseyT1234 Xevioso Ngai Kalunga Mboze Ongo Arebati Bumba V0-1 Buy?unlock~rank15 /tell

Eunnac[BastokMark]: Ambuscade v1 VD Do you need it? 6m Buy? /tell

Meioda[PSandOria]: OdysseyT1T2T3T4 Xevioso Ngai Kalunga Mboze Arebati Ongo Bumba V0 V1 Buy? /tell

Kimwaeonic[BastokMark]: Aeonic/ioniッkuuェpon 3zone Clear Mind Do you need it? Buy? 50M /tell 3/4

Sixgodb[NSandOria]: Odyssey t1t2t3Arebati Kalunga Xevioso Ngai Mboze Ongo Bumba V0-1 Clear Mind Buy?

Elueua[PortBastok]: Ambuscade V1 VD Do you need it? Buy? 6M /tell

Headsparkle[Rabao]: OdysseyＣsegumento稼ぎ CORBRDWARさん等 可能Jobteruお待ちしてます 3/6

Mlcpasu[PortBastok]: Ambuscade VD  V1  Do you need it? 6M 1run  Fast Cast /tell

Yuzurucallers[Selbina]: Odin N free x3 run Do you need it? Gere ring locked, anyone welcome /tell with items needed last call

Eekr[NSandOria]: OdysseyT1234 Xevioso Ngai Kalunga Mboze Ongo Arebati Bumba V0-1 Buy?unlock~rank15 /tell

Meioda[PSandOria]: OdysseyT1T2T3T4 Xevioso Ngai Kalunga Mboze Arebati Ongo Bumba V0 V1 Buy? /tell

Sixgodb[NSandOria]: Odyssey t1t2t3Arebati Kalunga Xevioso Ngai Mboze Ongo Bumba V0-1 Clear Mind Buy?

Fczjso[PSandOria]: OmenFU Shulmanu Collar Middleboss Do you need it? Buy?tell

Odyeesnm[BastokMine]: Odyssey T1T2T3 Ngai Mboze Xevioso Kalunga Ongo Arebati (T4 Bumba V15) Clear Mind Buy? Odyssey C SEG

Jenky[Rabao]: Charged Run Ongo Kalunga Bumba RP Do you need it? Buy? 12m /tell

Ooooloo[BastokMine]: Ambuscade V.1 VD Do you need it? Buy? 6M*runs /tell

Caion[Whitegate]: ZNM T4 Sarameya Tinnin Tyger Item win Do you need it? Buy? /tell

You have undertaken the limited-time Records of Eminence challenge ｲVanquish Aquans.ｳ
Eekr[NSandOria]: OdysseyT1234 Xevioso Ngai Kalunga Mboze Ongo Arebati Bumba V0-1 Buy?unlock~rank15 /tell

Meioda[PSandOria]: OdysseyT1T2T3T4 Xevioso Ngai Kalunga Mboze Arebati Ongo Bumba V0 V1 Buy? /tell

Eunnac[BastokMark]: Ambuscade v1 VD Do you need it? 6m Buy? /tell

Sixgodb[NSandOria]: Odyssey t1t2t3Arebati Kalunga Xevioso Ngai Mboze Ongo Bumba V0-1 Clear Mind Buy?

Fczjso[PSandOria]: OmenFU Shulmanu Collar Middleboss Do you need it? Buy?tell

Jenky[Rabao]: Charged Run Ongo Kalunga Bumba RP Do you need it? Buy? 12m /tell

Elueua[PortBastok]: Ambuscade V1 VD Do you need it? Buy? 6M /tell

Kimwaeonic[BastokMark]: Aeonic/ioniッkuuェpon 3zone Clear Mind Do you need it? Buy? 50M /tell 3/4

Eekr[NSandOria]: OdysseyT1234 Xevioso Ngai Kalunga Mboze Ongo Arebati Bumba V0-1 Buy?unlock~rank15 /tell

Meioda[PSandOria]: OdysseyT1T2T3T4 Xevioso Ngai Kalunga Mboze Arebati Ongo Bumba V0 V1 Buy? /tell

Sixgodb[NSandOria]: Odyssey t1t2t3Arebati Kalunga Xevioso Ngai Mboze Ongo Bumba V0-1 Clear Mind Buy?

Ooooloo[BastokMine]: Ambuscade V.1 VD Do you need it? Buy? 6M*runs /tell

Caion[Whitegate]: ZNM T4 Sarameya Tinnin Tyger Item win Do you need it? Buy? /tell

Fczjso[PSandOria]: OmenFU Shulmanu Collar Middleboss Do you need it? Buy?tell

Jenky[Rabao]: Charged Run 3NM RP Do you need it? Buy? 12m /tell

Eekr[NSandOria]: OdysseyT1234 Xevioso Ngai Kalunga Mboze Ongo Arebati Bumba V0-1 Buy?unlock~rank15 /tell

Sixgodb[NSandOria]: Odyssey t1t2t3Arebati Kalunga Xevioso Ngai Mboze Ongo Bumba V0-1 Clear Mind Buy?

Meioda[PSandOria]: OdysseyT1T2T3T4 Xevioso Ngai Kalunga Mboze Arebati Ongo Bumba V0 V1 Buy? /tell

Eunnac[BastokMark]: Ambuscade v1 VD Do you need it? 6m Buy? /tell

Mlcpasu[PortBastok]: Ambuscade VD  V1  Do you need it? 6M 1run  Fast Cast /tell

Elueua[PortBastok]: Ambuscade V1 VD Do you need it? Buy? 6M /tell

Fczjso[PSandOria]: OmenFU Shulmanu Collar Middleboss Do you need it? Buy?tell

Eekr[NSandOria]: OdysseyT1234 Xevioso Ngai Kalunga Mboze Ongo Arebati Bumba V0-1 Buy?unlock~rank15 /tell

Odyeesnm[BastokMine]: Odyssey T1T2T3 Ngai Mboze Xevioso Kalunga Ongo Arebati (T4 Bumba V15) Clear Mind Buy? Odyssey C SEG

Sixgodb[NSandOria]: Odyssey t1t2t3Arebati Kalunga Xevioso Ngai Mboze Ongo Bumba V0-1 Clear Mind Buy?

Meioda[PSandOria]: OdysseyT1T2T3T4 Xevioso Ngai Kalunga Mboze Arebati Ongo Bumba V0 V1 Buy? /tell

Ooooloo[BastokMine]: Ambuscade V.1 VD Do you need it? Buy? 6M*runs /tell

Caion[Whitegate]: ZNM T4 Sarameya Tinnin Tyger Item win Do you need it? Buy? /tell

Kimwaeonic[BastokMark]: Aeonic/ioniッkuuェpon 3zone Clear Mind Do you need it? Buy? 50M /tell 3/4

Headsparkle[Rabao]: OdysseyＣsegumento稼ぎ CORBRDWARさん等 可能Jobteruお待ちしてます 4/6

Eekr[NSandOria]: OdysseyT1234 Xevioso Ngai Kalunga Mboze Ongo Arebati Bumba V0-1 Buy?unlock~rank15 /tell

Sixgodb[NSandOria]: Odyssey t1t2t3Arebati Kalunga Xevioso Ngai Mboze Ongo Bumba V0-1 Clear Mind Buy?

Jenky[Rabao]: Charged Run Ongo Kalunga Bumba RP Do you need it? Buy? 12m /tell

Meioda[PSandOria]: OdysseyT1T2T3T4 Xevioso Ngai Kalunga Mboze Arebati Ongo Bumba V0 V1 Buy? /tell

Fczjso[PSandOria]: OmenFU Shulmanu Collar Middleboss Do you need it? Buy?tell

Eunnac[BastokMark]: Ambuscade v1 VD Do you need it? 6m Buy? /tell

Elueua[PortBastok]: Ambuscade V1 VD Do you need it? Buy? 6M /tell

Sixgodb[NSandOria]: Odyssey t1t2t3Arebati Kalunga Xevioso Ngai Mboze Ongo Bumba V0-1 Clear Mind Buy?

Eekr[NSandOria]: OdysseyT1234 Xevioso Ngai Kalunga Mboze Ongo Arebati Bumba V0-1 Buy?unlock~rank15 /tell

Meioda[PSandOria]: OdysseyT1T2T3T4 Xevioso Ngai Kalunga Mboze Arebati Ongo Bumba V0 V1 Buy? /tell

Ooooloo[BastokMine]: Ambuscade V.1 VD Do you need it? Buy? 6M*runs /tell

Fczjso[PSandOria]: OmenFU Shulmanu Collar Middleboss Do you need it? Buy?tell

Caion[Whitegate]: ZNM T4 Sarameya Tinnin Tyger Item win Do you need it? Buy? /tell

Jenky[Rabao]: Charged Run Ongo Kalunga Bumba RP Do you need it? Buy? 10m /tell

Sixgodb[NSandOria]: Odyssey t1t2t3Arebati Kalunga Xevioso Ngai Mboze Ongo Bumba V0-1 Clear Mind Buy?

Eekr[NSandOria]: OdysseyT1234 Xevioso Ngai Kalunga Mboze Ongo Arebati Bumba V0-1 Buy?unlock~rank15 /tell

Meioda[PSandOria]: OdysseyT1T2T3T4 Xevioso Ngai Kalunga Mboze Arebati Ongo Bumba V0 V1 Buy? /tell

Mlcpasu[PortBastok]: Ambuscade VD  V1  Do you need it? 6M 1run  Fast Cast /tell

Eunnac[BastokMark]: Ambuscade v1 VD Do you need it? 6m Buy? /tell

Kimwaeonic[BastokMark]: Aeonic/ioniッkuuェpon 3zone Clear Mind Do you need it? Buy? 50M /tell start in 20mins

Elueua[PortBastok]: Ambuscade V1 VD Do you need it? Buy? 6M /tell

Fczjso[PSandOria]: OmenFU Shulmanu Collar Middleboss Do you need it? Buy?tell

Odyeesnm[BastokMine]: Odyssey T1T2T3 Ngai Mboze Xevioso Kalunga Ongo Arebati (T4 Bumba V15) Clear Mind Buy? Odyssey C SEG

Sixgodb[NSandOria]: Odyssey t1t2t3Arebati Kalunga Xevioso Ngai Mboze Ongo Bumba V0-1 Clear Mind Buy?

Eekr[NSandOria]: OdysseyT1234 Xevioso Ngai Kalunga Mboze Ongo Arebati Bumba V0-1 Buy?unlock~rank15 /tell

Meioda[PSandOria]: OdysseyT1T2T3T4 Xevioso Ngai Kalunga Mboze Arebati Ongo Bumba V0 V1 Buy? /tell

Ooooloo[BastokMine]: Ambuscade V.1 VD Do you need it? Buy? 6M*runs /tell

Caion[Whitegate]: ZNM T4 Sarameya Tinnin Tyger Item win Do you need it? Buy? /tell

Sixgodb[NSandOria]: Odyssey t1t2t3Arebati Kalunga Xevioso Ngai Mboze Ongo Bumba V0-1 Clear Mind Buy?

Fczjso[PSandOria]: OmenFU Shulmanu Collar Middleboss Do you need it? Buy?tell

Eekr[NSandOria]: OdysseyT1234 Xevioso Ngai Kalunga Mboze Ongo Arebati Bumba V0-1 Buy?unlock~rank15 /tell

Meioda[PSandOria]: OdysseyT1T2T3T4 Xevioso Ngai Kalunga Mboze Arebati Ongo Bumba V0 V1 Buy? /tell

Eunnac[BastokMark]: Ambuscade v1 VD Do you need it? 6m Buy? /tell

Elueua[PortBastok]: Ambuscade V1 VD Do you need it? Buy? 6M /tell

Sixgodb[NSandOria]: Odyssey t1t2t3Arebati Kalunga Xevioso Ngai Mboze Ongo Bumba V0-1 Clear Mind Buy?

Eekr[NSandOria]: OdysseyT1234 Xevioso Ngai Kalunga Mboze Ongo Arebati Bumba V0-1 Buy?unlock~rank15 /tell

Ooooloo[BastokMine]: Ambuscade V.1 VD Do you need it? Buy? 6M*runs /tell

Meioda[PSandOria]: OdysseyT1T2T3T4 Xevioso Ngai Kalunga Mboze Arebati Ongo Bumba V0 V1 Buy? /tell

Fczjso[PSandOria]: OmenFU Shulmanu Collar Middleboss Do you need it? Buy?tell

Headsparkle[Rabao]: OdysseyＣsegumento稼ぎ CORBRDWARさん等 可能Jobteruお待ちしてます 4/6

Drits[Norg]: Omen Ou Trigger Do you need it? /tell 5mil

Caion[Whitegate]: ZNM T4 Sarameya Tinnin Tyger Item win Do you need it? Buy? /tell

Kimwaeonic[BastokMark]: Aeonic/ioniッkuuェpon 3zone Clear Mind Do you need it? Buy? 50M /tell start in 20mins

Sixgodb[NSandOria]: Odyssey t1t2t3Arebati Kalunga Xevioso Ngai Mboze Ongo Bumba V0-1 Clear Mind Buy?

Eekr[NSandOria]: OdysseyT1234 Xevioso Ngai Kalunga Mboze Ongo Arebati Bumba V0-1 Buy?unlock~rank15 /tell

Mlcpasu[PortBastok]: Ambuscade VD  V1  Do you need it? 6M 1run  Fast Cast /tell

Meioda[PSandOria]: OdysseyT1T2T3T4 Xevioso Ngai Kalunga Mboze Arebati Ongo Bumba V0 V1 Buy? /tell

Eunnac[BastokMark]: Ambuscade v1 VD Do you need it? 6m Buy? /tell

Fczjso[PSandOria]: OmenFU Shulmanu Collar Middleboss Do you need it? Buy?tell

Odyeesnm[BastokMine]: Odyssey T1T2T3 Ngai Mboze Xevioso Kalunga Ongo Arebati (T4 Bumba V15) Clear Mind Buy? Odyssey C SEG

Elueua[PortBastok]: Ambuscade V1 VD Do you need it? Buy? 6M /tell

Sixgodb[NSandOria]: Odyssey t1t2t3Arebati Kalunga Xevioso Ngai Mboze Ongo Bumba V0-1 Clear Mind Buy?

Ooooloo[BastokMine]: Ambuscade V.1 VD Do you need it? Buy? 6M*runs /tell

Eekr[NSandOria]: OdysseyT1234 Xevioso Ngai Kalunga Mboze Ongo Arebati Bumba V0-1 Buy?unlock~rank15 /tell

Meioda[PSandOria]: OdysseyT1T2T3T4 Xevioso Ngai Kalunga Mboze Arebati Ongo Bumba V0 V1 Buy? /tell

Caion[Whitegate]: ZNM T4 Sarameya Tinnin Tyger Item win Do you need it? Buy? /tell

Fczjso[PSandOria]: OmenFU Shulmanu Collar Middleboss Do you need it? Buy?tell

Sixgodb[NSandOria]: Odyssey t1t2t3Arebati Kalunga Xevioso Ngai Mboze Ongo Bumba V0-1 Clear Mind Buy?

Eekr[NSandOria]: OdysseyT1234 Xevioso Ngai Kalunga Mboze Ongo Arebati Bumba V0-1 Buy?unlock~rank15 /tell

Meioda[PSandOria]: OdysseyT1T2T3T4 Xevioso Ngai Kalunga Mboze Arebati Ongo Bumba V0 V1 Buy? /tell

Kimwaeonic[BastokMark]: Aeonic/ioniッkuuェpon 3zone Clear Mind Do you need it? Buy? 50M /tell start in 20mins

Eunnac[BastokMark]: Ambuscade v1 VD Do you need it? 6m Buy? /tell

Sixgodb[NSandOria]: Odyssey t1t2t3Arebati Kalunga Xevioso Ngai Mboze Ongo Bumba V0-1 Clear Mind Buy?

Ooooloo[BastokMine]: Ambuscade V.1 VD Do you need it? Buy? 6M*runs /tell

Elueua[PortBastok]: Ambuscade V1 VD Do you need it? Buy? 6M /tell

Fczjso[PSandOria]: OmenFU Shulmanu Collar Middleboss Do you need it? Buy?tell

Eekr[NSandOria]: OdysseyT1234 Xevioso Ngai Kalunga Mboze Ongo Arebati Bumba V0-1 Buy?unlock~rank15 /tell

Meioda[PSandOria]: OdysseyT1T2T3T4 Xevioso Ngai Kalunga Mboze Arebati Ongo Bumba V0 V1 Buy? /tell

Caion[Whitegate]: ZNM T4 Sarameya Tinnin Tyger Item win Do you need it? Buy? /tell

Sixgodb[NSandOria]: Odyssey t1t2t3Arebati Kalunga Xevioso Ngai Mboze Ongo Bumba V0-1 Clear Mind Buy?

Mlcpasu[PortBastok]: Ambuscade VD  V1  Do you need it? 6M 1run  Fast Cast /tell

Eekr[NSandOria]: OdysseyT1234 Xevioso Ngai Kalunga Mboze Ongo Arebati Bumba V0-1 Buy?unlock~rank15 /tell

Meioda[PSandOria]: OdysseyT1T2T3T4 Xevioso Ngai Kalunga Mboze Arebati Ongo Bumba V0 V1 Buy? /tell

Fczjso[PSandOria]: OmenFU Shulmanu Collar Middleboss Do you need it? Buy?tell

Odyeesnm[BastokMine]: Odyssey T1T2T3 Ngai Mboze Xevioso Kalunga Ongo Arebati (T4 Bumba V15) Clear Mind Buy? Odyssey C SEG

Eunnac[BastokMark]: Ambuscade v1 VD Do you need it? 6m Buy? /tell

Ooooloo[BastokMine]: Ambuscade V.1 VD Do you need it? Buy? 6M*runs /tell

Sixgodb[NSandOria]: Odyssey t1t2t3Arebati Kalunga Xevioso Ngai Mboze Ongo Bumba V0-1 Clear Mind Buy?

Elueua[PortBastok]: Ambuscade V1 VD Do you need it? Buy? 6M /tell

Eekr[NSandOria]: OdysseyT1234 Xevioso Ngai Kalunga Mboze Ongo Arebati Bumba V0-1 Buy?unlock~rank15 /tell

Kimwaeonic[BastokMark]: Aeonic/ioniッkuuェpon 3zone Clear Mind Do you need it? Buy? 50M /tell start in 20mins

Meioda[PSandOria]: OdysseyT1T2T3T4 Xevioso Ngai Kalunga Mboze Arebati Ongo Bumba V0 V1 Buy? /tell

Caion[Whitegate]: ZNM T4 Sarameya Tinnin Tyger Item win Do you need it? Buy? /tell

Fczjso[PSandOria]: OmenFU Shulmanu Collar Middleboss Do you need it? Buy?tell

Sixgodb[NSandOria]: Odyssey t1t2t3Arebati Kalunga Xevioso Ngai Mboze Ongo Bumba V0-1 Clear Mind Buy?

Eekr[NSandOria]: OdysseyT1234 Xevioso Ngai Kalunga Mboze Ongo Arebati Bumba V0-1 Buy?unlock~rank15 /tell

Meioda[PSandOria]: OdysseyT1T2T3T4 Xevioso Ngai Kalunga Mboze Arebati Ongo Bumba V0 V1 Buy? /tell

Headsparkle[Rabao]: OdysseyＣsegumento稼ぎ BRDWARさん等可能Jobteruお待ちしてます 5/6

Ooooloo[BastokMine]: Ambuscade V.1 VD Do you need it? Buy? 6M*runs /tell

Sixgodb[NSandOria]: Odyssey t1t2t3Arebati Kalunga Xevioso Ngai Mboze Ongo Bumba V0-1 Clear Mind Buy?

Eunnac[BastokMark]: Ambuscade v1 VD Do you need it? 6m Buy? /tell

Drits[Norg]: Omen Ou Trigger Do you need it? /tell 5mil

Fczjso[PSandOria]: OmenFU Shulmanu Collar Middleboss Do you need it? Buy?tell

Elueua[PortBastok]: Ambuscade V1 VD Do you need it? Buy? 6M /tell

Eekr[NSandOria]: OdysseyT1234 Xevioso Ngai Kalunga Mboze Ongo Arebati Bumba V0-1 Buy?unlock~rank15 /tell

Meioda[PSandOria]: OdysseyT1T2T3T4 Xevioso Ngai Kalunga Mboze Arebati Ongo Bumba V0 V1 Buy? /tell

Caion[Whitegate]: ZNM T4 Sarameya Tinnin Tyger Item win Do you need it? Buy? /tell

Travlerxx[EastAdoulin]: CASUAL Odyssey C seg Team up? no gear requirement job anything see comment /tell

Sixgodb[NSandOria]: Odyssey t1t2t3Arebati Kalunga Xevioso Ngai Mboze Ongo Bumba V0-1 Clear Mind Buy?

Mlcpasu[PortBastok]: Ambuscade VD  V1  Do you need it? 6M 1run  Fast Cast /tell

Kimwaeonic[BastokMark]: Aeonic/ioniッkuuェpon 3zone Clear Mind Do you need it? Buy? 50M /tell start in 10mins

Fczjso[PSandOria]: OmenFU Shulmanu Collar Middleboss Do you need it? Buy?tell

Eekr[NSandOria]: OdysseyT1234 Xevioso Ngai Kalunga Mboze Ongo Arebati Bumba V0-1 Buy?unlock~rank15 /tell

Meioda[PSandOria]: OdysseyT1T2T3T4 Xevioso Ngai Kalunga Mboze Arebati Ongo Bumba V0 V1 Buy? /tell

Odyeesnm[BastokMine]: Odyssey T1T2T3 Ngai Mboze Xevioso Kalunga Ongo Arebati (T4 Bumba V15) Clear Mind Buy? Odyssey C SEG

Headsparkle[Rabao]: 集まりました～いってきます

Ooooloo[BastokMine]: Ambuscade V.1 VD Do you need it? Buy? 6M*runs /tell

Sixgodb[NSandOria]: Odyssey t1t2t3Arebati Kalunga Xevioso Ngai Mboze Ongo Bumba V0-1 Clear Mind Buy?

Eunnac[BastokMark]: Ambuscade v1 VD Do you need it? 6m Buy? /tell

Eekr[NSandOria]: OdysseyT1234 Xevioso Ngai Kalunga Mboze Ongo Arebati Bumba V0-1 Buy?unlock~rank15 /tell

Elueua[PortBastok]: Ambuscade V1 VD Do you need it? Buy? 6M /tell

Meioda[PSandOria]: OdysseyT1T2T3T4 Xevioso Ngai Kalunga Mboze Arebati Ongo Bumba V0 V1 Buy? /tell

Caion[Whitegate]: ZNM T4 Sarameya Tinnin Tyger Item win Do you need it? Buy? /tell

Fczjso[PSandOria]: OmenFU Shulmanu Collar Middleboss Do you need it? Buy?tell

Sixgodb[NSandOria]: Odyssey t1t2t3Arebati Kalunga Xevioso Ngai Mboze Ongo Bumba V0-1 Clear Mind Buy?

Plany[EastAdoulin]: Ambuscade1章とてDifficult連WARいきます。PLDBlueCORWARRecruitingです。

Travlerxx[EastAdoulin]: CASUAL Odyssey C seg Team up? no gear requirement job anything see comment /tell

Eekr[NSandOria]: OdysseyT1234 Xevioso Ngai Kalunga Mboze Ongo Arebati Bumba V0-1 Buy?unlock~rank15 /tell

Meioda[PSandOria]: OdysseyT1T2T3T4 Xevioso Ngai Kalunga Mboze Arebati Ongo Bumba V0 V1 Buy? /tell

Ooooloo[BastokMine]: Ambuscade V.1 VD Do you need it? Buy? 6M*runs /tell

Fczjso[PSandOria]: OmenFU Shulmanu Collar Middleboss Do you need it? Buy?tell

Sixgodb[NSandOria]: Odyssey t1t2t3Arebati Kalunga Xevioso Ngai Mboze Ongo Bumba V0-1 Clear Mind Buy?

Kimwaeonic[BastokMark]: Aeonic/ioniッkuuェpon 3zone Clear Mind Do you need it? Buy? 50M /tell start in 10mins

Eunnac[BastokMark]: Ambuscade v1 VD Do you need it? 6m Buy? /tell

Eekr[NSandOria]: OdysseyT1234 Xevioso Ngai Kalunga Mboze Ongo Arebati Bumba V0-1 Buy?unlock~rank15 /tell

Elueua[PortBastok]: Ambuscade V1 VD Do you need it? Buy? 6M /tell

Caion[Whitegate]: ZNM T4 Sarameya Tinnin Tyger Item win Do you need it? Buy? /tell

Meioda[PSandOria]: OdysseyT1T2T3T4 Xevioso Ngai Kalunga Mboze Arebati Ongo Bumba V0 V1 Buy? /tell

Sixgodb[NSandOria]: Odyssey t1t2t3Arebati Kalunga Xevioso Ngai Mboze Ongo Bumba V0-1 Clear Mind Buy?

Mlcpasu[PortBastok]: Ambuscade VD  V1  Do you need it? 6M 1run  Fast Cast /tell

Fczjso[PSandOria]: OmenFU Shulmanu Collar Middleboss Do you need it? Buy?tell

Eekr[NSandOria]: OdysseyT1234 Xevioso Ngai Kalunga Mboze Ongo Arebati Bumba V0-1 Buy?unlock~rank15 /tell

Odyeesnm[BastokMine]: Odyssey T1T2T3 Ngai Mboze Xevioso Kalunga Ongo Arebati (T4 Bumba V15) Clear Mind Buy? Odyssey C SEG

Meioda[PSandOria]: OdysseyT1T2T3T4 Xevioso Ngai Kalunga Mboze Arebati Ongo Bumba V0 V1 Buy? /tell

Ooooloo[BastokMine]: Ambuscade V.1 VD Do you need it? Buy? 6M*runs /tell

Travlerxx[EastAdoulin]: CASUAL Odyssey C seg Team up? no gear requirement job anything see comment /tell 2/6

Sixgodb[NSandOria]: Odyssey t1t2t3Arebati Kalunga Xevioso Ngai Mboze Ongo Bumba V0-1 Clear Mind Buy?

Plany[EastAdoulin]: Ambuscade1章とてDifficult連WARいきます。PLDBlueCORWARRecruitingです。

Eunnac[BastokMark]: Ambuscade v1 VD Do you need it? 6m Buy? /tell

Fczjso[PSandOria]: OmenFU Shulmanu Collar Middleboss Do you need it? Buy?tell

Eekr[NSandOria]: OdysseyT1234 Xevioso Ngai Kalunga Mboze Ongo Arebati Bumba V0-1 Buy?unlock~rank15 /tell

Caion[Whitegate]: ZNM T4 Sarameya Tinnin Tyger Item win Do you need it? Buy? /tell

Meioda[PSandOria]: OdysseyT1T2T3T4 Xevioso Ngai Kalunga Mboze Arebati Ongo Bumba V0 V1 Buy? /tell

Elueua[PortBastok]: Ambuscade V1 VD Do you need it? Buy? 6M /tell

Sixgodb[NSandOria]: Odyssey t1t2t3Arebati Kalunga Xevioso Ngai Mboze Ongo Bumba V0-1 Clear Mind Buy?

Kimwaeonic[BastokMark]: Aeonic/ioniッkuuェpon 3zone Clear Mind Do you need it? Buy? 50M /tell start in 10mins

Eekr[NSandOria]: OdysseyT1234 Xevioso Ngai Kalunga Mboze Ongo Arebati Bumba V0-1 Buy?unlock~rank15 /tell

Ooooloo[BastokMine]: Ambuscade V.1 VD Do you need it? Buy? 6M*runs /tell

Meioda[PSandOria]: OdysseyT1T2T3T4 Xevioso Ngai Kalunga Mboze Arebati Ongo Bumba V0 V1 Buy? /tell

Yuzurucallers[Selbina]: Odin N free x2 run Do you need it? Gere ring locked, anyone welcome /tell with items needed going

Fczjso[PSandOria]: OmenFU Shulmanu Collar Middleboss Do you need it? Buy?tell

Sixgodb[NSandOria]: Odyssey t1t2t3Arebati Kalunga Xevioso Ngai Mboze Ongo Bumba V0-1 Clear Mind Buy?

Travlerxx[EastAdoulin]: CASUAL Odyssey C seg Team up? no gear requirement job anything see comment /tell 2/6

Eunnac[BastokMark]: Ambuscade v1 VD Do you need it? 6m Buy? /tell

Caion[Whitegate]: ZNM T4 Sarameya Tinnin Tyger Item win Do you need it? Buy? /tell

Eekr[NSandOria]: OdysseyT1234 Xevioso Ngai Kalunga Mboze Ongo Arebati Bumba V0-1 Buy?unlock~rank15 /tell

Meioda[PSandOria]: OdysseyT1T2T3T4 Xevioso Ngai Kalunga Mboze Arebati Ongo Bumba V0 V1 Buy? /tell

Elueua[PortBastok]: Ambuscade V1 VD Do you need it? Buy? 6M /tell

Mlcpasu[PortBastok]: Ambuscade VD  V1  Do you need it? 6M 1run  Fast Cast /tell

Sixgodb[NSandOria]: Odyssey t1t2t3Arebati Kalunga Xevioso Ngai Mboze Ongo Bumba V0-1 Clear Mind Buy?

Fczjso[PSandOria]: OmenFU Shulmanu Collar Middleboss Do you need it? Buy?tell

Odyeesnm[BastokMine]: Odyssey T1T2T3 Ngai Mboze Xevioso Kalunga Ongo Arebati (T4 Bumba V15) Clear Mind Buy? Odyssey C SEG

Ooooloo[BastokMine]: Ambuscade V.1 VD Do you need it? Buy? 6M*runs /tell

Eekr[NSandOria]: OdysseyT1234 Xevioso Ngai Kalunga Mboze Ongo Arebati Bumba V0-1 Buy?unlock~rank15 /tell

Meioda[PSandOria]: OdysseyT1T2T3T4 Xevioso Ngai Kalunga Mboze Arebati Ongo Bumba V0 V1 Buy? /tell

Sixgodb[NSandOria]: Odyssey t1t2t3Arebati Kalunga Xevioso Ngai Mboze Ongo Bumba V0-1 Clear Mind Buy?

Kimwaeonic[BastokMark]: Aeonic/ioniッkuuェpon 3zone Clear Mind Do you need it? Buy? 50M /tell start in 10mins

Fczjso[PSandOria]: OmenFU Shulmanu Collar Middleboss Do you need it? Buy?tell

Caion[Whitegate]: ZNM T4 Sarameya Tinnin Tyger Item win Do you need it? Buy? /tell

Eunnac[BastokMark]: Ambuscade v1 VD Do you need it? 6m Buy? /tell

Eekr[NSandOria]: OdysseyT1234 Xevioso Ngai Kalunga Mboze Ongo Arebati Bumba V0-1 Buy?unlock~rank15 /tell

Chingles synthesized 6 living keys.
Meioda[PSandOria]: OdysseyT1T2T3T4 Xevioso Ngai Kalunga Mboze Arebati Ongo Bumba V0 V1 Buy? /tell

Plany[EastAdoulin]: Ambuscade1章とてDifficult連WARいきます。PLDBlueCORWARRecruitingです。

Elueua[PortBastok]: Ambuscade V1 VD Do you need it? Buy? 6M /tell

Sixgodb[NSandOria]: Odyssey t1t2t3Arebati Kalunga Xevioso Ngai Mboze Ongo Bumba V0-1 Clear Mind Buy?

Yuzurucallers[Selbina]: Odin N free x1 run Do you need it? Gere ring locked, anyone welcome /tell with items needed going

Ooooloo[BastokMine]: Ambuscade V.1 VD Do you need it? Buy? 6M*runs /tell

Chingles synthesized 3 living keys.
Fczjso[PSandOria]: OmenFU Shulmanu Collar Middleboss Do you need it? Buy?tell

Eekr[NSandOria]: OdysseyT1234 Xevioso Ngai Kalunga Mboze Ongo Arebati Bumba V0-1 Buy?unlock~rank15 /tell

Meioda[PSandOria]: OdysseyT1T2T3T4 Xevioso Ngai Kalunga Mboze Arebati Ongo Bumba V0 V1 Buy? /tell

Sixgodb[NSandOria]: Odyssey t1t2t3Arebati Kalunga Xevioso Ngai Mboze Ongo Bumba V0-1 Clear Mind Buy?

Chingles synthesized 6 living keys.
Caion[Whitegate]: ZNM T4 Sarameya Tinnin Tyger Item win Do you need it? Buy? /tell

Eekr[NSandOria]: OdysseyT1234 Xevioso Ngai Kalunga Mboze Ongo Arebati Bumba V0-1 Buy?unlock~rank15 /tell

Eunnac[BastokMark]: Ambuscade v1 VD Do you need it? 6m Buy? /tell

Mlcpasu[PortBastok]: Ambuscade VD  V1  Do you need it? 6M 1run  Fast Cast /tell

Meioda[PSandOria]: OdysseyT1T2T3T4 Xevioso Ngai Kalunga Mboze Arebati Ongo Bumba V0 V1 Buy? /tell

Kimwaeonic[BastokMark]: Aeonic/ioniッkuuェpon 3zone Clear Mind Do you need it? Buy? 50M /tell start in 5mins

Fczjso[PSandOria]: OmenFU Shulmanu Collar Middleboss Do you need it? Buy?tell

Sixgodb[NSandOria]: Odyssey t1t2t3Arebati Kalunga Xevioso Ngai Mboze Ongo Bumba V0-1 Clear Mind Buy?

Elueua[PortBastok]: Ambuscade V1 VD Do you need it? Buy? 6M /tell

Chingles synthesized 3 living keys.
Odyeesnm[BastokMine]: Odyssey T1T2T3 Ngai Mboze Xevioso Kalunga Ongo Arebati (T4 Bumba V15) Clear Mind Buy? Odyssey C SEG

Eekr[NSandOria]: OdysseyT1234 Xevioso Ngai Kalunga Mboze Ongo Arebati Bumba V0-1 Buy?unlock~rank15 /tell

Meioda[PSandOria]: OdysseyT1T2T3T4 Xevioso Ngai Kalunga Mboze Arebati Ongo Bumba V0 V1 Buy? /tell

Sixgodb[NSandOria]: Odyssey t1t2t3Arebati Kalunga Xevioso Ngai Mboze Ongo Bumba V0-1 Clear Mind Buy?

Chingles synthesized 3 living keys.
Fczjso[PSandOria]: OmenFU Shulmanu Collar Middleboss Do you need it? Buy?tell

Caion[Whitegate]: ZNM T4 Sarameya Tinnin Tyger Item win Do you need it? Buy? /tell

Plany[EastAdoulin]: Ambuscade1章とてDifficult連WARいきます。PLDBlueCORWARRecruitingです。

Chingles synthesized 3 living keys.
Eekr[NSandOria]: OdysseyT1234 Xevioso Ngai Kalunga Mboze Ongo Arebati Bumba V0-1 Buy?unlock~rank15 /tell

Eunnac[BastokMark]: Ambuscade v1 VD Do you need it? 6m Buy? /tell

Meioda[PSandOria]: OdysseyT1T2T3T4 Xevioso Ngai Kalunga Mboze Arebati Ongo Bumba V0 V1 Buy? /tell

Yuzurucallers[Selbina]: Odin N free x1 run Do you need it? Gere ring locked, anyone welcome /tell with items needed last call 

Sixgodb[NSandOria]: Odyssey t1t2t3Arebati Kalunga Xevioso Ngai Mboze Ongo Bumba V0-1 Clear Mind Buy?

Elueua[PortBastok]: Ambuscade V1 VD Do you need it? Buy? 6M /tell

Fczjso[PSandOria]: OmenFU Shulmanu Collar Middleboss Do you need it? Buy?tell

Chingles synthesized 3 living keys.
Kimwaeonic[BastokMark]: Aeonic/ioniッkuuェpon 3zone Clear Mind Do you need it? Buy? 50M /tell start in 5mins

Eekr[NSandOria]: OdysseyT1234 Xevioso Ngai Kalunga Mboze Ongo Arebati Bumba V0-1 Buy?unlock~rank15 /tell

Meioda[PSandOria]: OdysseyT1T2T3T4 Xevioso Ngai Kalunga Mboze Arebati Ongo Bumba V0 V1 Buy? /tell

Sixgodb[NSandOria]: Odyssey t1t2t3Arebati Kalunga Xevioso Ngai Mboze Ongo Bumba V0-1 Clear Mind Buy?

Chingles synthesized 3 living keys.
Caion[Whitegate]: ZNM T4 Sarameya Tinnin Tyger Item win Do you need it? Buy? /tell

Mlcpasu[PortBastok]: Ambuscade VD  V1  Do you need it? 6M 1run  Fast Cast /tell

Fczjso[PSandOria]: OmenFU Shulmanu Collar Middleboss Do you need it? Buy?tell

Eekr[NSandOria]: OdysseyT1234 Xevioso Ngai Kalunga Mboze Ongo Arebati Bumba V0-1 Buy?unlock~rank15 /tell

Sixgodb[NSandOria]: Odyssey t1t2t3Arebati Kalunga Xevioso Ngai Mboze Ongo Bumba V0-1 Clear Mind Buy?

Meioda[PSandOria]: OdysseyT1T2T3T4 Xevioso Ngai Kalunga Mboze Arebati Ongo Bumba V0 V1 Buy? /tell

Eunnac[BastokMark]: Ambuscade v1 VD Do you need it? 6m Buy? /tell

Chingles synthesized 3 living keys.
Odyeesnm[BastokMine]: Odyssey T1T2T3 Ngai Mboze Xevioso Kalunga Ongo Arebati (T4 Bumba V15) Clear Mind Buy? Odyssey C SEG

Elueua[PortBastok]: Ambuscade V1 VD Do you need it? Buy? 6M /tell

Chingles lost a vial of slime oil.
Chingles lost a rafflesia vine.
Eekr[NSandOria]: OdysseyT1234 Xevioso Ngai Kalunga Mboze Ongo Arebati Bumba V0-1 Buy?unlock~rank15 /tell

Sixgodb[NSandOria]: Odyssey t1t2t3Arebati Kalunga Xevioso Ngai Mboze Ongo Bumba V0-1 Clear Mind Buy?

Meioda[PSandOria]: OdysseyT1T2T3T4 Xevioso Ngai Kalunga Mboze Arebati Ongo Bumba V0 V1 Buy? /tell

Fczjso[PSandOria]: OmenFU Shulmanu Collar Middleboss Do you need it? Buy?tell

Caion[Whitegate]: ZNM T4 Sarameya Tinnin Tyger Item win Do you need it? Buy? /tell

Chingles synthesized 3 living keys.
Kimwaeonic[BastokMark]: Aeonic/ioniッkuuェpon 3zone Clear Mind Do you need it? Buy? 50M /tell start in 5mins

Damagen[Rabao]: play it for me! Can I have it? >o

Sixgodb[NSandOria]: Odyssey t1t2t3Arebati Kalunga Xevioso Ngai Mboze Ongo Bumba V0-1 Clear Mind Buy?

Eunnac[BastokMark]: Ambuscade v1 VD Do you need it? 6m Buy? /tell

Fczjso[PSandOria]: OmenFU Shulmanu Collar Middleboss Do you need it? Buy?tell

Chingles synthesized 9 living keys.
Elueua[PortBastok]: Ambuscade V1 VD Do you need it? Buy? 6M /tell

Qixin[PSandOria]: Ou waist neck Gauntlets  Do you need it? Buy? /tell 2run

Sixgodb[NSandOria]: Odyssey t1t2t3Arebati Kalunga Xevioso Ngai Mboze Ongo Bumba V0-1 Clear Mind Buy?

Chingles synthesized 6 living keys.
Mlcpasu[PortBastok]: Ambuscade VD  V1  Do you need it? 6M 1run  Fast Cast /tell

Caion[Whitegate]: ZNM T4 Sarameya Tinnin Tyger Item win Do you need it? Buy? /tell

Fczjso[PSandOria]: OmenFU Shulmanu Collar Middleboss Do you need it? Buy?tell

Sixgodb[NSandOria]: Odyssey t1t2t3Arebati Kalunga Xevioso Ngai Mboze Ongo Bumba V0-1 Clear Mind Buy?

Chingles synthesized 6 living keys.
Gwyngoch[LowJeuno]: Mars Orb Buy? price 2.7m Do you need it? /tell Thank you.

Odyeesnm[BastokMine]: Odyssey T1T2T3 Ngai Mboze Xevioso Kalunga Ongo Arebati (T4 Bumba V15) Clear Mind Buy? Odyssey C SEG

Eunnac[BastokMark]: Ambuscade v1 VD Do you need it? 6m Buy? /tell

Qixin[PSandOria]: Ou waist  Gauntlets  Do you need it? Buy? /tell 2run

Kimwaeonic[BastokMark]: Aeonic/ioniッkuuェpon 3zone Clear Mind Do you need it? Buy? 50M /tell start in 5mins

Elueua[PortBastok]: Ambuscade V1 VD Do you need it? Buy? 6M /tell

Chingles synthesized 9 living keys.
Sixgodb[NSandOria]: Odyssey t1t2t3Arebati Kalunga Xevioso Ngai Mboze Ongo Bumba V0-1 Clear Mind Buy?

Fczjso[PSandOria]: OmenFU Shulmanu Collar Middleboss Do you need it? Buy?tell

Chingles synthesized 3 living keys.
Caion[Whitegate]: ZNM T4 Sarameya Tinnin Tyger Item win Do you need it? Buy? /tell

Sixgodb[NSandOria]: Odyssey t1t2t3Arebati Kalunga Xevioso Ngai Mboze Ongo Bumba V0-1 Clear Mind Buy?

Fczjso[PSandOria]: OmenFU Shulmanu Collar Middleboss Do you need it? Buy?tell

Chingles synthesized 9 living keys.
Eunnac[BastokMark]: Ambuscade v1 VD Do you need it? 6m Buy? /tell

Shunryu[PortJeuno]: Devious Die Can I have it? /tell please

Elueua[PortBastok]: Ambuscade V1 VD Do you need it? Buy? 6M /tell

Sixgodb[NSandOria]: Odyssey t1t2t3Arebati Kalunga Xevioso Ngai Mboze Ongo Bumba V0-1 Clear Mind Buy?

Chingles synthesized 3 living keys.
Kimwaeonic[BastokMark]: Aeonic/ioniッkuuェpon 3zone Clear Mind Do you need it? Buy? 50M /tell start in 5mins

Mlcpasu[PortBastok]: Ambuscade VD  V1  Do you need it? 6M 1run  Fast Cast /tell

Fczjso[PSandOria]: OmenFU Shulmanu Collar Middleboss Do you need it? Buy?tell

Caion[Whitegate]: ZNM T4 Sarameya Tinnin Tyger Item win Do you need it? Buy? /tell

Qixin[PSandOria]: Ou waist  Gauntlets  Do you need it? Buy? /tell 2run

Chingles synthesized 3 living keys.
Sixgodb[NSandOria]: Odyssey t1t2t3Arebati Kalunga Xevioso Ngai Mboze Ongo Bumba V0-1 Clear Mind Buy?

Odyeesnm[BastokMine]: Odyssey T1T2T3 Ngai Mboze Xevioso Kalunga Ongo Arebati (T4 Bumba V15) Clear Mind Buy? Odyssey C SEG

Eunnac[BastokMark]: Ambuscade v1 VD Do you need it? 6m Buy? /tell

Plany[EastAdoulin]: Ambuscade1章とてDifficult連WARいきます。PLDBlueCORRecruitingです。

Chingles synthesized 3 living keys.
Fczjso[PSandOria]: OmenFU Shulmanu Collar Middleboss Do you need it? Buy?tell

Elueua[PortBastok]: Ambuscade V1 VD Do you need it? Buy? 6M /tell

Sixgodb[NSandOria]: Odyssey t1t2t3Arebati Kalunga Xevioso Ngai Mboze Ongo Bumba V0-1 Clear Mind Buy?

Chingles synthesized 9 living keys.
Caion[Whitegate]: ZNM T4 Sarameya Tinnin Tyger Item win Do you need it? Buy? /tell

Sixgodb[NSandOria]: Odyssey t1t2t3Arebati Kalunga Xevioso Ngai Mboze Ongo Bumba V0-1 Clear Mind Buy?

Chingles lost a vial of slime oil.
Fczjso[PSandOria]: OmenFU Shulmanu Collar Middleboss Do you need it? Buy?tell

Kimwaeonic[BastokMark]: Aeonic/ioniッkuuェpon 3zone Clear Mind Do you need it? Buy? 50M /tell start in 5mins

Eunnac[BastokMark]: Ambuscade v1 VD Do you need it? 6m Buy? /tell

Chingles synthesized 3 living keys.
Sixgodb[NSandOria]: Odyssey t1t2t3Arebati Kalunga Xevioso Ngai Mboze Ongo Bumba V0-1 Clear Mind Buy?

Elueua[PortBastok]: Ambuscade V1 VD Do you need it? Buy? 6M /tell

Caion[Whitegate]: ZNM T4 Sarameya Tinnin Tyger Item win Do you need it? Buy? /tell3

Shunryu[PortJeuno]: Devious Die Can I have it? /tell price

Fczjso[PSandOria]: OmenFU Shulmanu Collar Middleboss Do you need it? Buy?tell

Mlcpasu[PortBastok]: Ambuscade VD  V1  Do you need it? 6M 1run  Fast Cast /tell

Gwyngoch[LowJeuno]: Mars Orb Buy? price 2.7m Do you need it? /tell Thank you.

Chingles synthesized 3 living keys.
Sixgodb[NSandOria]: Odyssey t1t2t3Arebati Kalunga Xevioso Ngai Mboze Ongo Bumba V0-1 Clear Mind Buy?

Odyeesnm[BastokMine]: Odyssey T1T2T3 Ngai Mboze Xevioso Kalunga Ongo Arebati (T4 Bumba V15) Clear Mind Buy? Odyssey C SEG

Chingles synthesized 3 living keys.
Fczjso[PSandOria]: OmenFU Shulmanu Collar Middleboss Do you need it? Buy?tell

Eunnac[BastokMark]: Ambuscade v1 VD Do you need it? 6m Buy? /tell

Sixgodb[NSandOria]: Odyssey t1t2t3Arebati Kalunga Xevioso Ngai Mboze Ongo Bumba V0-1 Clear Mind Buy?

Plany[EastAdoulin]: Ambuscade1章とてDifficult連WARいきます。PLDBlueRecruitingです。

Elueua[PortBastok]: Ambuscade V1 VD Do you need it? Buy? 6M /tell

Kimwaeonic[BastokMark]: Aeonic/ioniッkuuェpon Escha - Ru'Aun + Reisenjima Clear Mind Buy? /tell

Chingles synthesized 6 living keys.
Caion[Whitegate]: ZNM T4 Sarameya Tinnin Tyger Item win Do you need it? Buy? /tell3

Sixgodb[NSandOria]: Odyssey t1t2t3Arebati Kalunga Xevioso Ngai Mboze Ongo Bumba V0-1 Clear Mind Buy?

Fczjso[PSandOria]: OmenFU Shulmanu Collar Middleboss Do you need it? Buy?tell

Chingles synthesized 6 living keys.
Annikkia[Nashmau]: Alexandrite Do you need it? 4.5k each Check Bazaar (H-8)

Chingles synthesized 9 living keys.
Eunnac[BastokMark]: Ambuscade v1 VD Do you need it? 6m Buy? /tell

Sixgodb[NSandOria]: Odyssey t1t2t3Arebati Kalunga Xevioso Ngai Mboze Ongo Bumba V0-1 Clear Mind Buy?

Elueua[PortBastok]: Ambuscade V1 VD Do you need it? Buy? 6M /tell

Fczjso[PSandOria]: OmenFU Shulmanu Collar Middleboss Do you need it? Buy?tell

Mlcpasu[PortBastok]: Ambuscade VD  V1  Do you need it? 6M 1run  Fast Cast /tell

Chingles synthesized 3 living keys.
Caion[Whitegate]: ZNM T4 Sarameya Tinnin Tyger Item win Do you need it? Buy? /tell3

Sixgodb[NSandOria]: Odyssey t1t2t3Arebati Kalunga Xevioso Ngai Mboze Ongo Bumba V0-1 Clear Mind Buy?

Odyeesnm[BastokMine]: Odyssey T1T2T3 Ngai Mboze Xevioso Kalunga Ongo Arebati (T4 Bumba V15) Clear Mind Buy? Odyssey C SEG

Kimwaeonic[BastokMark]: Aeonic/ioniッkuuェpon Escha - Ru'Aun + Reisenjima Clear Mind Buy? /tell

Chingles synthesized 9 living keys.
Fczjso[PSandOria]: OmenFU Shulmanu Collar Middleboss Do you need it? Buy?tell

Sixgodb[NSandOria]: Odyssey t1t2t3Arebati Kalunga Xevioso Ngai Mboze Ongo Bumba V0-1 Clear Mind Buy?

Eunnac[BastokMark]: Ambuscade v1 VD Do you need it? 6m Buy? /tell

Chingles synthesized 3 living keys.
Elueua[PortBastok]: Ambuscade V1 VD Do you need it? Buy? 6M /tell

Caion[Whitegate]: ZNM T4 Sarameya Tinnin Tyger Item win Do you need it? Buy? /tell3

Fczjso[PSandOria]: OmenFU Shulmanu Collar Middleboss Do you need it? Buy?tell

Chingles synthesized 3 living keys.
Sixgodb[NSandOria]: Odyssey t1t2t3Arebati Kalunga Xevioso Ngai Mboze Ongo Bumba V0-1 Clear Mind Buy?

Chingles synthesized 3 living keys.
Sixgodb[NSandOria]: Odyssey t1t2t3Arebati Kalunga Xevioso Ngai Mboze Ongo Bumba V0-1 Clear Mind Buy?

Eunnac[BastokMark]: Ambuscade v1 VD Do you need it? 6m Buy? /tell

Fczjso[PSandOria]: OmenFU Shulmanu Collar Middleboss Do you need it? Buy?tell

Mlcpasu[PortBastok]: Ambuscade VD  V1  Do you need it? 6M 1run  Fast Cast /tell

Chingles synthesized 3 living keys.
Elueua[PortBastok]: Ambuscade V1 VD Do you need it? Buy? 6M /tell

Caion[Whitegate]: ZNM T4 Sarameya Tinnin Tyger Item win Do you need it? Buy? /tell3

Gwyngoch[LowJeuno]: Mars Orb Buy? price 2.7m Do you need it? /tell Thank you.

Odyeesnm[BastokMine]: Odyssey T1T2T3 Ngai Mboze Xevioso Kalunga Ongo Arebati (T4 Bumba V15) Clear Mind Buy? Odyssey C SEG

Plany[EastAdoulin]: Ambuscade1章とてDifficult連WARいきます。PLDBlueRecruitingです。

Sixgodb[NSandOria]: Odyssey t1t2t3Arebati Kalunga Xevioso Ngai Mboze Ongo Bumba V0-1 Clear Mind Buy?

Tsutaya[Rabao]: Odysseyｃ １WARsegumento稼ぎShall we go?？ Shield BRD COR White r15Front line job Recruiting 1/6

Maikichi synthesized 6 skeleton keys.
Chingles synthesized 3 living keys.
Drits[Norg]: Omen Ou Trigger Do you need it? /tell 5mil

Fczjso[PSandOria]: OmenFU Shulmanu Collar Middleboss Do you need it? Buy?tell

Beilze synthesized 4 lumps of beeswax.
Maikichi synthesized 2 skeleton keys.
Sixgodb[NSandOria]: Odyssey t1t2t3Arebati Kalunga Xevioso Ngai Mboze Ongo Bumba V0-1 Clear Mind Buy?

Chingles synthesized 6 living keys.
Beilze synthesized 2 lumps of beeswax.
Eunnac[BastokMark]: Ambuscade v1 VD Do you need it? 6m Buy? /tell

Elueua[PortBastok]: Ambuscade V1 VD Do you need it? Buy? 6M /tell

Maikichi synthesized 4 skeleton keys.
Caion[Whitegate]: ZNM T4 Sarameya Tinnin Tyger Item win Do you need it? Buy? /tell3

Fczjso[PSandOria]: OmenFU Shulmanu Collar Middleboss Do you need it? Buy?tell

Beilze lost a beehive chip.
Beilze lost a beehive chip.
Beilze lost a beehive chip.
Beilze lost a beehive chip.
Beilze lost a flask of distilled water.
Shunryu[PortJeuno]: Devious Die Can I have it? /tell price

Plany[EastAdoulin]: Ambuscade1章とてDifficult連WARいきます。PLDBlueRecruitingです。

Sixgodb[NSandOria]: Odyssey t1t2t3Arebati Kalunga Xevioso Ngai Mboze Ongo Bumba V0-1 Clear Mind Buy?

Tsutaya[Rabao]: Odysseyｃ １WARsegumento稼ぎShall we go?？ Shield BRD COR White r15Front line job Recruiting 1/6

Maikichi synthesized 8 skeleton keys.
Beilze synthesized 2 lumps of beeswax.
Sixgodb[NSandOria]: Odyssey t1t2t3Arebati Kalunga Xevioso Ngai Mboze Ongo Bumba V0-1 Clear Mind Buy?

Maikichi synthesized 2 skeleton keys.
Fczjso[PSandOria]: OmenFU Shulmanu Collar Middleboss Do you need it? Buy?tell

Beilze synthesized 4 lumps of beeswax.
Mlcpasu[PortBastok]: Ambuscade VD  V1  Do you need it? 6M 1run  Fast Cast /tell

Eunnac[BastokMark]: Ambuscade v1 VD Do you need it? 6m Buy? /tell

Caion[Whitegate]: ZNM T4 Sarameya Tinnin Tyger Item win Do you need it? Buy? /tell3

Elueua[PortBastok]: Ambuscade V1 VD Do you need it? Buy? 6M /tell

Maikichi synthesized 4 skeleton keys.
Odyeesnm[BastokMine]: Odyssey T1T2T3 Ngai Mboze Xevioso Kalunga Ongo Arebati (T4 Bumba V15) Clear Mind Buy? Odyssey C SEG

Beilze lost a beehive chip.
Beilze lost a beehive chip.
Beilze lost a beehive chip.
Beilze lost a beehive chip.
Beilze lost a flask of distilled water.
Sixgodb[NSandOria]: Odyssey t1t2t3Arebati Kalunga Xevioso Ngai Mboze Ongo Bumba V0-1 Clear Mind Buy?

Elisapenn[Mhaura]: Voidhead: WHM x1 Sell? /tell Reward: anything

Diatone[Rabao]: OdysseyCTeam up?Dagger8CorsairWarriorClubPolearmLooking for members.Tell

Fczjso[PSandOria]: OmenFU Shulmanu Collar Middleboss Do you need it? Buy?tell

Beilze synthesized 2 lumps of beeswax.
Maikichi synthesized 8 skeleton keys.
Dortwo[EastAdoulin]: Chloris, Glavoid pop Do you need it? 1.5m each

Sixgodb[NSandOria]: Odyssey t1t2t3Arebati Kalunga Xevioso Ngai Mboze Ongo Bumba V0-1 Clear Mind Buy?

Executing logout in 30 seconds.Cancel healing to remain logged in.
Executing logout in 25 seconds.Cancel healing to remain logged in.
Beilze synthesized 2 lumps of beeswax.
Maikichi synthesized 2 skeleton keys.
Annikkia[Nashmau]: Alexandrite Do you need it? 4.5k each Check Bazaar (H-8)

Executing logout in 20 seconds.Cancel healing to remain logged in.
Executing logout in 15 seconds.Cancel healing to remain logged in.
Eunnac[BastokMark]: Ambuscade v1 VD Do you need it? 6m Buy? /tell

Fczjso[PSandOria]: OmenFU Shulmanu Collar Middleboss Do you need it? Buy?tell

Diatone[Rabao]: OdysseyCTeam up?Dagger8CorsairWarriorClubPolearmLooking for members.Tell

Executing logout in 10 seconds.Cancel healing to remain logged in.
Caion[Whitegate]: ZNM T4 Sarameya Tinnin Tyger Item win Do you need it? Buy? /tell3

Executing logout in 5 seconds.Cancel healing to remain logged in.
Beilze synthesized 4 lumps of beeswax.
Elueua[PortBastok]: Ambuscade V1 VD Do you need it? Buy? 6M /tell

Sixgodb[NSandOria]: Odyssey t1t2t3Arebati Kalunga Xevioso Ngai Mboze Ongo Bumba V0-1 Clear Mind Buy?

=== Area: Bastok Mines ===
Loading Blist settings for Akilee.
React: Loading File: react_THF.lua
*****DP Job Selection:THF*****
Mode: Default.
Size already 20.
ConsoleBG: Position changed! X: 15 Y: 50
<<< Welcome to Asura! >>>
■Assist Channel added for New Players and Returnees! https://sqex.to/yLvfp


■Vana'diel Doused with the August Version Update!


■Sunbreeze Festival & Green Festival [until August 31 at 7:59 (PDT) / 14:59 (GMT) / 15:59 (BST)]


■August 2022 Login Campaign [until September 2 at 7:00 (PDT) / 14:00 (GMT) / 15:00 (BST)]


■Fun in the Sun Campaign [until August 22 at 0:59 (PDT) / 7:59 (GMT) / 8:59(BST)]


■Return Home to Vana'diel Campaign [until August 22 at 1:00 (PDT) / 8:00 (GMT) / 9:00 (BST)]


■Discount Campaign [until August 31 at 1:00 (PDT) / 8:00 (GMT) / 9:00 (BST)]


■The Summer Alter Ego Extravaganza [until August 31 at 7:59 (PDT) / 14:59 (GMT) / 15:59 (BST)]


* Please refer to the official website for more details.
Littlefiend[LowJeuno]:  Mars orb Do you need it? 3m pst

You have undertaken the limited-time Records of Eminence challenge ｲVanquish Vermin.ｳ
This area is currently affected by the Super Kupower: ｲThrifty Transitｳ!This area is currently affected by the Super Kupower: ｲMartial Masterｳ!This area is currently affected by the Super Kupower: ｲDilatory Digestionｳ!
The maximum number of people are already participating in Unity chat. Please try again later.
The August 2022 Login Campaign is currently underway!
In celebration of your most recent login (login no. 4), we have provided you with 100 points!You currently have a total of 900 points.
Emgai synthesized a flask of poison potion.
superwarp: Warping via Home Point #3 to Bastok Mines - Mog House.
The maximum number of people are already participating in Unity chat. Please try again later.
This area is currently affected by the Super Kupower: ｲThrifty Transitｳ!This area is currently affected by the Super Kupower: ｲMartial Masterｳ!This area is currently affected by the Super Kupower: ｲDilatory Digestionｳ!
You have undertaken ｲA.M.A.N. Trove (M).ｳ
findAll: Searching: :Akilee mars
findAll: Akilee/inventory: Mars Orb
findAll: Total: 1
You have undertaken ｲExamine a Home Point (M).ｳ
You have undertaken ｲAuction an Item (M).ｳ
You have undertaken ｲUnity Chat Greetings (M).ｳ
You have undertaken ｲOmen Participation (M).ｳ
{Akilee} Hello!
You are not participating in Unity chat.
You take the kote out of delivery slot 1.
You take the barone gambieras out of delivery slot 2.
You take the pandinus beret out of delivery slot 3.
You take the Bhurborlor's vambrace out of delivery slot 4.
You take the avalon shield out of delivery slot 6.
You take the toolbag (chonofuda) out of delivery slot 5.
Slot 7:The money the buyer paid for the Vidmapire's claw you put on auction, 30,000 gil.
You take the 30,000 gil out of delivery slot 7.
Slot 8:The money the buyer paid for the platinum mace you put on auction, 130,000 gil.
You take the 130,000 gil out of delivery slot 8.
=== Area: Bastok Mines ===
The maximum number of people are already participating in Unity chat. Please try again later.
This area is currently affected by the Super Kupower: ｲThrifty Transitｳ!This area is currently affected by the Super Kupower: ｲMartial Masterｳ!This area is currently affected by the Super Kupower: ｲDilatory Digestionｳ!
Mantajet[Mhaura]: Ambuscade Do you need it? V1N or higher 5/6 free DD

Littlefiend[LowJeuno]:  Mars orb Do you need it? 3m pst

Elueua[PortBastok]: Ambuscade V1 VD Do you need it? Buy? 6M /tell

The maximum number of people are already participating in Unity chat. Please try again later.
This area is currently affected by the Super Kupower: ｲThrifty Transitｳ!This area is currently affected by the Super Kupower: ｲMartial Masterｳ!This area is currently affected by the Super Kupower: ｲDilatory Digestionｳ!
Your Sneak Attack Effect modification has risen to level 2.
Your Sneak Attack Effect modification has risen to level 3.
Your Sneak Attack Effect modification has risen to level 4.
Your Sneak Attack Effect modification has risen to level 5.
Your Bully Effect modification has risen to level 2.
Your Bully Effect modification has risen to level 3.
Your Flee Recast modification has risen to level 1.
Your Flee Recast modification has risen to level 2.
Your Flee Recast modification has risen to level 3.
Your Flee Recast modification has risen to level 4.
Your Flee Recast modification has risen to level 5.
Your Sneak Attack Recast modification has risen to level 1.
Your Sneak Attack Recast modification has risen to level 2.
Your Sneak Attack Recast modification has risen to level 3.
Your Sneak Attack Recast modification has risen to level 4.
Your Sneak Attack Recast modification has risen to level 5.
Your Ambush modification has risen to level 1.
