[13:46:41] === Area: Port San d'Oria ===
[13:46:41] React: Loading File: react_THF.lua
[13:46:41] *****DP Job Selection:THF*****
[13:46:41] Mode: Default.
[13:46:43] Size already 20.
[13:46:43] ConsoleBG: Position changed! X: 15 Y: 50
[13:46:48] <<< Welcome to Asura! >>>
[13:46:48] Announcing the winning numbers for the 20th Vana'versary Nomad Mog Bonanza!
[13:46:48] 
[13:46:48]  
[13:46:48] 
[13:46:48] Rank 3 prize: "7" (last digit)-- 20,471 winners.
[13:46:48] 
[13:46:48] Rank 2 prize: "04" (last two digits)-- 2,010 winners.
[13:46:48] 
[13:46:48] Rank 1 prize: "854" (all three digits)-- 185 winners.
[13:46:48] 
[13:46:48] *The number of winners for each prize is a combined total from all worlds.
[13:46:48] 
[13:46:48]  
[13:46:48] 
[13:46:48] Collection period: On July 14, 2022 at 1:00 (PDT) / 8:00 (GMT) to July 31, at 7:59 (PDT) / 14:59 (GMT)
[13:46:48] 
[13:46:48] Details on the prize can be confirmed by speaking to a Bonanza Moogle at one of the following locations:
[13:46:48] 
[13:46:48] Port San d'Oria (I-9) / Port Bastok (L-8) / Port Windurst (F-6) / Chocobo Circuit (H-8)
[13:46:49] You have undertaken the limited-time Records of Eminence challenge ｲMagic Damage Kills.ｳ
[13:46:49] The July 2022 Login Campaign is currently underway!
[13:46:49] 
[13:46:49] The maximum number of people are already participating in Unity chat. Please try again later.
[13:46:49] In celebration of your most recent login (login no. 13), we have provided you with 100 points!
[13:46:49] You currently have a total of 2050 points.
[13:46:50] We hope you enjoy this complimentary little gift, courtesy of the citizens of Vana'diel!
[13:46:50] Obtained: Special gobbiedial key.
[13:47:02] Fczjst[PSandOria]: Omen FU Shulmanu Collar Middleboss Do you need it? Buy?tell
[13:47:04] Rsdgwrg : Buy And Sell FF11 Gil At  WVVW.P2PAH.COM   1000K =0.5$..qqw
[13:47:05] Kupoluver[LowJeuno]: Master Level Party Do you need it? Looking for members. /tell WHM BLM BRD SMN SCH GEO COR 3/6
[13:47:08] Ronstadt[Mhaura]: Master Level Party Crawlers' Nest [S] Looking for members. THF DNC COR SMN GEO SCH BLM RDMmb /tell @3/6
[13:47:09] Kuzurou[PortBastok]: Cessance Earring5mDo you need it?Buy?/tell
[13:47:19] Yanran[LowJeuno]: Odyssey T3 Kalunga V0 Clear Mind Looking for COR BRD Heavy(SB DD). /tell Yanran @4 Thank you. LAST CALL
[13:47:19] Jenthesister[PortJeuno]: Master Level Capacity Points AoE Party Looking for members. Pld,run.cor,whm,brd Can I have it? @2/6
Habitox : Oho, ya feelin' lucky 'nough tah takes a stab at da myst'ry box?
[13:47:27] Habitox : Oho, ya feelin' lucky 'nough tah takes a stab at da myst'ry box?
[13:47:27] Habitox : Oho, ya feelin' lucky 'nough tah takes a stab at da myst'ry box?
Habitox : Ya wanna open dat sucker up? Okay, but which dial ya be wantin'?
[13:47:29] Habitox : Ya wanna open dat sucker up? Okay, but which dial ya be wantin'?
[13:47:29] Habitox : Ya wanna open dat sucker up? Okay, but which dial ya be wantin'?
Habitox : So ya be wantin' the special dial?M'kay, get yerself all steeled up, 'cause here we go! 'Member, no complaints!
[13:47:33] Habitox : So ya be wantin' the special dial?
[13:47:33] 　M'kay, get yerself all steeled up, 'cause here we go! 'Member, no complaints!
[13:47:33] Habitox : So ya be wantin' the special dial?
[13:47:33] 　M'kay, get yerself all steeled up, 'cause here we go! 'Member, no complaints!
Habitox : Dis box is full o' myst'ries,♪Dat span da realm's his'try,♪So whatcha gonna get from da chest...o'...uh, fortunery?♪
[13:47:34] Habitox : Dis box is full o' myst'ries,♪
[13:47:34] 　Dat span da realm's his'try,♪
[13:47:34] 　So whatcha gonna get from da chest...o'...uh, fortunery?♪
[13:47:34] Habitox : Dis box is full o' myst'ries,♪
[13:47:34] 　Dat span da realm's his'try,♪
[13:47:34] 　So whatcha gonna get from da chest...o'...uh, fortunery?♪
Habitox : Oooh, looks at what popped out! I hopes it makes yer adventures dat much more adventumarous!
[13:47:38] Habitox : Oooh, looks at what popped out! I hopes it makes yer adventures dat much more adventumarous!
[13:47:38] Habitox : Oooh, looks at what popped out! I hopes it makes yer adventures dat much more adventumarous!
[13:47:41] Fczjst[PSandOria]: Omen FU Shulmanu Collar Middleboss Do you need it? Buy?tell
[13:47:42] Obtained: Eight of coins card.
[13:47:42] You have used 50 points of your daily tally!
[13:47:54] Executing logout in 30 seconds.
[13:47:54] Cancel healing to remain logged in.
[13:47:55] Rsdgwrg : Buy And Sell FF11 Gil At  WVVW.P2PAH.COM   1000K =0.5$..olm
[13:47:57] Kuzurou[PortBastok]: Cessance Earring5mDo you need it?Buy?/tell
[13:47:57] Executing logout in 25 seconds.
[13:47:57] Cancel healing to remain logged in.
[13:48:03] Executing logout in 20 seconds.
[13:48:03] Cancel healing to remain logged in.
[13:48:07] Kupoluver[LowJeuno]: Master Level Party Do you need it? Looking for members. /tell WHM BLM BRD SMN SCH GEO COR 3/6
[13:48:07] Jenthesister[PortJeuno]: Master Level Capacity Points AoE Party Looking for members. Pld,run.cor,brd Can I have it? @3/6
[13:48:08] Executing logout in 15 seconds.
[13:48:08] Cancel healing to remain logged in.
[13:48:13] Executing logout in 10 seconds.
[13:48:13] Cancel healing to remain logged in.
[13:48:18] Executing logout in 5 seconds.
[13:48:18] Cancel healing to remain logged in.
[13:48:21] Fczjst[PSandOria]: Omen FU Shulmanu Collar Middleboss Do you need it? Buy?tell
