[16:56:57] === Area: Port San d'Oria ===
[16:56:57] *****DP Job Selection:THF*****
[16:56:57] Mode: Default.
[16:56:57] React: Loading File: react_THF.lua
[16:56:59] Size already 20.
[16:56:59] ConsoleBG: Position changed! X: 15 Y: 50
[16:57:04] <<< Welcome to Asura! >>>
[16:57:04] Announcing the winning numbers for the 20th Vana'versary Nomad Mog Bonanza!
[16:57:04] 
[16:57:04]  
[16:57:04] 
[16:57:04] Rank 3 prize: "7" (last digit)-- 20,471 winners.
[16:57:04] 
[16:57:04] Rank 2 prize: "04" (last two digits)-- 2,010 winners.
[16:57:04] 
[16:57:04] Rank 1 prize: "854" (all three digits)-- 185 winners.
[16:57:04] 
[16:57:04] *The number of winners for each prize is a combined total from all worlds.
[16:57:04] 
[16:57:04]  
[16:57:04] 
[16:57:04] Collection period: On July 14, 2022 at 1:00 (PDT) / 8:00 (GMT) to July 31, at 7:59 (PDT) / 14:59 (GMT)
[16:57:04] 
[16:57:04] Details on the prize can be confirmed by speaking to a Bonanza Moogle at one of the following locations:
[16:57:04] 
[16:57:04] Port San d'Oria (I-9) / Port Bastok (L-8) / Port Windurst (F-6) / Chocobo Circuit (H-8)
[16:57:05] The July 2022 Login Campaign is currently underway!
[16:57:05] 
[16:57:05] You have undertaken the limited-time Records of Eminence challenge ｲSpoils (Seals).ｳ
[16:57:05] The maximum number of people are already participating in Unity chat. Please try again later.
[16:57:05] In celebration of your most recent login (login no. 16), we have provided you with 100 points!
[16:57:05] You currently have a total of 2350 points.
[16:57:05] We hope you enjoy this complimentary little gift, courtesy of the citizens of Vana'diel!
[16:57:05] Obtained: Special gobbiedial key.
Habitox : Oho, ya feelin' lucky 'nough tah takes a stab at da myst'ry box?
[16:57:38] Habitox : Oho, ya feelin' lucky 'nough tah takes a stab at da myst'ry box?
[16:57:38] Habitox : Oho, ya feelin' lucky 'nough tah takes a stab at da myst'ry box?
Habitox : Ya wanna open dat sucker up? Okay, but which dial ya be wantin'?
[16:57:39] Habitox : Ya wanna open dat sucker up? Okay, but which dial ya be wantin'?
[16:57:39] Habitox : Ya wanna open dat sucker up? Okay, but which dial ya be wantin'?
Habitox : So ya be wantin' the special dial?M'kay, get yerself all steeled up, 'cause here we go! 'Member, no complaints!
[16:57:42] Habitox : So ya be wantin' the special dial?
[16:57:42] 　M'kay, get yerself all steeled up, 'cause here we go! 'Member, no complaints!
[16:57:42] Habitox : So ya be wantin' the special dial?
[16:57:42] 　M'kay, get yerself all steeled up, 'cause here we go! 'Member, no complaints!
Habitox : Dis box is full o' myst'ries,♪Dat span da realm's his'try,♪So whatcha gonna get from da chest...o'...uh, fortunery?♪
[16:57:43] Habitox : Dis box is full o' myst'ries,♪
[16:57:43] 　Dat span da realm's his'try,♪
[16:57:43] 　So whatcha gonna get from da chest...o'...uh, fortunery?♪
[16:57:43] Habitox : Dis box is full o' myst'ries,♪
[16:57:43] 　Dat span da realm's his'try,♪
[16:57:43] 　So whatcha gonna get from da chest...o'...uh, fortunery?♪
Habitox : Oooh, looks at what popped out! I hopes it makes yer adventures dat much more adventumarous!
[16:57:47] Habitox : Oooh, looks at what popped out! I hopes it makes yer adventures dat much more adventumarous!
[16:57:47] Habitox : Oooh, looks at what popped out! I hopes it makes yer adventures dat much more adventumarous!
[16:57:51] Obtained: Square of Moblinweave.
[16:57:51] You have used 50 points of your daily tally!
[16:57:56] Executing logout in 30 seconds.
[16:57:56] Cancel healing to remain logged in.
[16:58:00] Executing logout in 25 seconds.
[16:58:00] Cancel healing to remain logged in.
[16:58:05] Executing logout in 20 seconds.
[16:58:05] Cancel healing to remain logged in.
[16:58:10] Executing logout in 15 seconds.
[16:58:10] Cancel healing to remain logged in.
[16:58:15] Executing logout in 10 seconds.
[16:58:15] Cancel healing to remain logged in.
[16:58:20] Executing logout in 5 seconds.
[16:58:20] Cancel healing to remain logged in.
