[08:22:26] === Area: Port San d'Oria ===
[08:22:26] *****DP Job Selection:THF*****
[08:22:26] Mode: Default.
[08:22:26] React: Loading File: react_THF.lua
[08:22:28] Size already 20.
[08:22:28] ConsoleBG: Position changed! X: 15 Y: 50
[08:22:33] Sesshmaru[Rabao]: Odyssey C Looking for members. REMA BRD  yWHM Veteran Tank 3/6
[08:22:33] Nakitaru[RuLudeGard]: Handshard: RDM x3 1.8m each Sell?
[08:22:33] <<< Welcome to Asura! >>>
[08:22:33] Announcing the winning numbers for the 20th Vana'versary Nomad Mog Bonanza!
[08:22:33] 
[08:22:33]  
[08:22:33] 
[08:22:33] Rank 3 prize: "7" (last digit)-- 20,471 winners.
[08:22:33] 
[08:22:33] Rank 2 prize: "04" (last two digits)-- 2,010 winners.
[08:22:33] 
[08:22:33] Rank 1 prize: "854" (all three digits)-- 185 winners.
[08:22:33] 
[08:22:33] *The number of winners for each prize is a combined total from all worlds.
[08:22:33] 
[08:22:33]  
[08:22:33] 
[08:22:33] Collection period: On July 14, 2022 at 1:00 (PDT) / 8:00 (GMT) to July 31, at 7:59 (PDT) / 14:59 (GMT)
[08:22:33] 
[08:22:33] Details on the prize can be confirmed by speaking to a Bonanza Moogle at one of the following locations:
[08:22:33] 
[08:22:33] Port San d'Oria (I-9) / Port Bastok (L-8) / Port Windurst (F-6) / Chocobo Circuit (H-8)
[08:22:34] You have undertaken the limited-time Records of Eminence challenge á≤Spoils (Seals).á≥
[08:22:34] This area is currently affected by the Super Kupower: á≤Thrifty Transitá≥!
[08:22:34] This area is currently affected by the Super Kupower: á≤Artisan's Advantageá≥!
[08:22:34] This area is currently affected by the Super Kupower: á≤Swift Shoesá≥!
[08:22:34] The maximum number of people are already participating in Unity chat. Please try again later.
[08:22:34] The July 2022 Login Campaign is currently underway!
[08:22:34] 
[08:22:34] In celebration of your most recent login (login no. 19), we have provided you with 100 points!
[08:22:34] You currently have a total of 2650 points.
[08:22:34] We hope you enjoy this complimentary little gift, courtesy of the citizens of Vana'diel!
[08:22:34] Obtained: Special gobbiedial key.
[08:22:36] Blkuyfvd[BastokMine]: Sell abyssea empy Weapon Shop Item LV80 85 90 Do you need it? /tell
[08:22:37] Rosamie[Rabao]: ÅYÇ‹Ç∑
[08:22:40] Paozhong[LowJeuno]: Ou  waist hand Regal Ganutlets Do you need it? /tell go in 1min
[08:22:52] Executing logout in 30 seconds.
[08:22:52] Cancel healing to remain logged in.
[08:22:56] Executing logout in 25 seconds.
[08:22:56] Cancel healing to remain logged in.
[08:22:56] Babbbw[BastokMine]: Odyssey T1-T2 V15*T3 Kalunga V15*T4 Bumba V15 Win Sheol.C-Seg Do you need it? Buy? /tell
[08:22:57] Cooldogr[NSandOria]: Odysseyt1t2t3Arebati Kalunga Xevioso Ngai Mboze Ongo Bumba V0 Clear Mind Buy?
[08:23:01] Executing logout in 20 seconds.
[08:23:01] Cancel healing to remain logged in.
[08:23:05] Executing logout in 15 seconds.
[08:23:05] Cancel healing to remain logged in.
[08:23:11] Executing logout in 10 seconds.
[08:23:11] Cancel healing to remain logged in.
[08:23:16] Executing logout in 5 seconds.
[08:23:16] Cancel healing to remain logged in.
[08:23:17] Jocror[BastokMark]: Tinnin Sarameya Tyger win Item all 3 Do you need it? Buy? /tell Thank you.
[15:57:55] === Area: Port San d'Oria ===
[15:57:55] *****DP Job Selection:THF*****
[15:57:55] Mode: Default.
[15:57:55] React: Loading File: react_THF.lua
[15:57:57] Size already 20.
[15:57:57] ConsoleBG: Position changed! X: 15 Y: 50
[15:58:02] <<< Welcome to Asura! >>>
[15:58:02] Announcing the winning numbers for the 20th Vana'versary Nomad Mog Bonanza!
[15:58:02] 
[15:58:02]  
[15:58:02] 
[15:58:02] Rank 3 prize: "7" (last digit)-- 20,471 winners.
[15:58:02] 
[15:58:02] Rank 2 prize: "04" (last two digits)-- 2,010 winners.
[15:58:02] 
[15:58:02] Rank 1 prize: "854" (all three digits)-- 185 winners.
[15:58:03] 
[15:58:03] *The number of winners for each prize is a combined total from all worlds.
[15:58:03] 
[15:58:03]  
[15:58:03] 
[15:58:03] Collection period: On July 14, 2022 at 1:00 (PDT) / 8:00 (GMT) to July 31, at 7:59 (PDT) / 14:59 (GMT)
[15:58:03] 
[15:58:03] Details on the prize can be confirmed by speaking to a Bonanza Moogle at one of the following locations:
[15:58:03] 
[15:58:03] Port San d'Oria (I-9) / Port Bastok (L-8) / Port Windurst (F-6) / Chocobo Circuit (H-8)
[15:58:03] You have undertaken the limited-time Records of Eminence challenge á≤Vanquish Plantoids.á≥
[15:58:03] This area is currently affected by the Super Kupower: á≤Thrifty Transitá≥!
[15:58:03] This area is currently affected by the Super Kupower: á≤Artisan's Advantageá≥!
[15:58:03] This area is currently affected by the Super Kupower: á≤Swift Shoesá≥!
[15:58:03] The maximum number of people are already participating in Unity chat. Please try again later.
[15:58:03] The July 2022 Login Campaign is currently underway!
[15:58:03] 
[15:58:03] In celebration of your most recent login (login no. 20), we have provided you with 100 points!
[15:58:03] You currently have a total of 2750 points.
[15:58:03] We hope you enjoy this complimentary little gift, courtesy of the citizens of Vana'diel!
[15:58:03] Obtained: Special gobbiedial key.
[15:58:12] Lothloran[Rabao]: new Linkshell Volkswachter Looking for members. Event/Social, Ambu, Seg, Omen, Dyna EST /tell or come Rabao (G-7)
[15:58:28] Executing logout in 30 seconds.
[15:58:28] Cancel healing to remain logged in.
[15:58:32] Executing logout in 25 seconds.
[15:58:32] Cancel healing to remain logged in.
[15:58:37] Executing logout in 20 seconds.
[15:58:37] Cancel healing to remain logged in.
[15:58:42] Executing logout in 15 seconds.
[15:58:42] Cancel healing to remain logged in.
[15:58:47] Executing logout in 10 seconds.
[15:58:47] Cancel healing to remain logged in.
[15:58:52] Executing logout in 5 seconds.
[15:58:52] Cancel healing to remain logged in.
