[17:35:38] === Area: Port San d'Oria ===
[17:35:38] *****DP Job Selection:WHM*****
[17:35:38] Mode: Magic.
[17:35:38]  White = Can not cast.
[17:35:38]  Green = Casting Range
[17:35:38] React: Loading File: react_WHM.lua
[17:35:40] Size already 20.
[17:35:40] ConsoleBG: Position changed! X: 15 Y: 50
[17:35:45] <<< Welcome to Asura! >>>
[17:35:45] Announcing the winning numbers for the 20th Vana'versary Nomad Mog Bonanza!
[17:35:45] 
[17:35:45]  
[17:35:45] 
[17:35:45] Rank 3 prize: "7" (last digit)-- 20,471 winners.
[17:35:45] 
[17:35:45] Rank 2 prize: "04" (last two digits)-- 2,010 winners.
[17:35:45] 
[17:35:45] Rank 1 prize: "854" (all three digits)-- 185 winners.
[17:35:45] 
[17:35:45] *The number of winners for each prize is a combined total from all worlds.
[17:35:45] 
[17:35:45]  
[17:35:45] 
[17:35:45] Collection period: On July 14, 2022 at 1:00 (PDT) / 8:00 (GMT) to July 31, at 7:59 (PDT) / 14:59 (GMT)
[17:35:45] 
[17:35:45] Details on the prize can be confirmed by speaking to a Bonanza Moogle at one of the following locations:
[17:35:45] 
[17:35:45] Port San d'Oria (I-9) / Port Bastok (L-8) / Port Windurst (F-6) / Chocobo Circuit (H-8)
[17:35:47] You have undertaken the limited-time Records of Eminence challenge ｲVanquish Vermin.ｳ
[17:35:47] The July 2022 Login Campaign is currently underway!
[17:35:47] 
[17:35:47] The maximum number of people are already participating in Unity chat. Please try again later.
[17:35:47] In celebration of your most recent login (login no. 15), we have provided you with 100 points!
[17:35:47] You currently have a total of 3400 points.
[17:35:47] We hope you enjoy this complimentary little gift, courtesy of the citizens of Vana'diel!
[17:35:47] Obtained: Special gobbiedial key.
[17:36:06] Redwoods[Norg]: WTB * Mars/Venus orb 2.5M * Do you have it? Sell?
Habitox : Oho, ya feelin' lucky 'nough tah takes a stab at da myst'ry box?
[17:36:14] Habitox : Oho, ya feelin' lucky 'nough tah takes a stab at da myst'ry box?
[17:36:14] Habitox : Oho, ya feelin' lucky 'nough tah takes a stab at da myst'ry box?
Habitox : Ya wanna open dat sucker up? Okay, but which dial ya be wantin'?
[17:36:16] Habitox : Ya wanna open dat sucker up? Okay, but which dial ya be wantin'?
[17:36:16] Habitox : Ya wanna open dat sucker up? Okay, but which dial ya be wantin'?
Habitox : So ya be wantin' the special dial?M'kay, get yerself all steeled up, 'cause here we go! 'Member, no complaints!
[17:36:19] Habitox : So ya be wantin' the special dial?
[17:36:19] 　M'kay, get yerself all steeled up, 'cause here we go! 'Member, no complaints!
[17:36:19] Habitox : So ya be wantin' the special dial?
[17:36:19] 　M'kay, get yerself all steeled up, 'cause here we go! 'Member, no complaints!
Habitox : Dis box is full o' myst'ries,♪Dat span da realm's his'try,♪So whatcha gonna get from da chest...o'...uh, fortunery?♪
[17:36:20] Habitox : Dis box is full o' myst'ries,♪
[17:36:20] 　Dat span da realm's his'try,♪
[17:36:20] 　So whatcha gonna get from da chest...o'...uh, fortunery?♪
[17:36:20] Habitox : Dis box is full o' myst'ries,♪
[17:36:20] 　Dat span da realm's his'try,♪
[17:36:20] 　So whatcha gonna get from da chest...o'...uh, fortunery?♪
Habitox : Oooh, looks at what popped out! I hopes it makes yer adventures dat much more adventumarous!
[17:36:24] Habitox : Oooh, looks at what popped out! I hopes it makes yer adventures dat much more adventumarous!
[17:36:24] Habitox : Oooh, looks at what popped out! I hopes it makes yer adventures dat much more adventumarous!
[17:36:28] Obtained: Flask of pear au lait.
[17:36:28] You have used 50 points of your daily tally!
[17:36:54] Executing logout in 30 seconds.
[17:36:54] Cancel healing to remain logged in.
[17:36:57] Follow canceled.
[17:36:58] Executing logout in 25 seconds.
[17:36:58] Cancel healing to remain logged in.
[17:36:59] Anigav[Mhaura]: Sarameya kill x3 Can I have it? Sell? pst
[17:37:02] superwarp: Home Point #3 found, but too far! Retrying...
[17:37:03] Executing logout in 20 seconds.
[17:37:03] Cancel healing to remain logged in.
[17:37:05] superwarp: Home Point #3 found, but too far!
[17:37:08] Executing logout in 15 seconds.
[17:37:08] Cancel healing to remain logged in.
[17:37:13] Executing logout in 10 seconds.
[17:37:13] Cancel healing to remain logged in.
[17:37:18] Executing logout in 5 seconds.
[17:37:18] Cancel healing to remain logged in.
