[16:24:00] === Area: Port San d'Oria ===
[16:24:00] *****DP Job Selection:WHM*****
[16:24:00] Mode: Magic.
[16:24:00]  White = Can not cast.
[16:24:00]  Green = Casting Range
[16:24:00] React: Loading File: react_WHM.lua
[16:24:03] Size already 20.
[16:24:03] ConsoleBG: Position changed! X: 15 Y: 50
[16:24:08] <<< Welcome to Asura! >>>
[16:24:08] Announcing the winning numbers for the 20th Vana'versary Nomad Mog Bonanza!
[16:24:08] 
[16:24:08]  
[16:24:08] 
[16:24:08] Rank 3 prize: "7" (last digit)-- 20,471 winners.
[16:24:08] 
[16:24:08] Rank 2 prize: "04" (last two digits)-- 2,010 winners.
[16:24:08] 
[16:24:08] Rank 1 prize: "854" (all three digits)-- 185 winners.
[16:24:08] 
[16:24:08] *The number of winners for each prize is a combined total from all worlds.
[16:24:08] 
[16:24:08]  
[16:24:08] 
[16:24:08] Collection period: On July 14, 2022 at 1:00 (PDT) / 8:00 (GMT) to July 31, at 7:59 (PDT) / 14:59 (GMT)
[16:24:08] 
[16:24:08] Details on the prize can be confirmed by speaking to a Bonanza Moogle at one of the following locations:
[16:24:08] 
[16:24:08] Port San d'Oria (I-9) / Port Bastok (L-8) / Port Windurst (F-6) / Chocobo Circuit (H-8)
[16:24:10] You have undertaken the limited-time Records of Eminence challenge ｲSpoils (Seals).ｳ
[16:24:10] The July 2022 Login Campaign is currently underway!
[16:24:10] 
[16:24:10] In celebration of your most recent login (login no. 16), we have provided you with 100 points!
[16:24:10] You currently have a total of 3500 points.
[16:24:10] We hope you enjoy this complimentary little gift, courtesy of the citizens of Vana'diel!
[16:24:10] Obtained: Special gobbiedial key.
[16:24:12] Fitch[EastAdoulin]: anyone doing Ngai?
[16:25:01] Desde[Norg]: Regal Gauntlets or Cuffs Do you need it? lock 1 item, GEO Can I have it?
[16:25:03] Endone[Rabao]: Odyssey T3 NM Ongo V0 Clear Mind Do you need it? Buy? 7.5M /tell 2 spots
[16:25:19] Benoistndkugwui[PSandOria]:  ｆｆｘｉｐａｌ.ｃｏｍ, GET FAST DELIVERY!★REMA/SU5/Item/gil/Gil/  Discount ->"vip05"
[16:25:53] Selectfew[Rabao]: Odyssey Sheol C Segment Farm Looking for members. DD WHM TANK BRD COR 
[16:25:56] Prada[PortBastok]: Odyssey Bumba, Arebati Xevioso V0 clear Do you need it? Buy? /tell
[16:26:52] Endone[Rabao]: Odyssey T3 NM Ongo V0 Clear Mind Do you need it? Buy? 7.5M /tell 2 spots
[16:26:54] Selectfew[Rabao]: Odyssey Sheol C Segment Farm Looking for members. WHM TANK 4/6
[16:27:45] Selectfew[Rabao]: Odyssey Sheol C Segment Farm Looking for members. WHM TANK 4/6
[16:28:26] Endone[Rabao]: Odyssey T3 NM Ongo V0 Clear Mind Do you need it? Buy? 7.5M /tell 2 spots
[16:28:41] Selectfew[Rabao]: Odyssey Sheol C Segment Farm Looking for members. WHM TANK 4/6
[16:29:18] Selectfew[Rabao]: Odyssey Sheol C Segment Farm Looking for members. WHM TANK 4/6
[16:30:06] Selectfew[Rabao]: Odyssey Sheol C Segment Farm Looking for members. WHM TANK 4/6
[16:30:31] Endone[Rabao]: Odyssey T3 NM Ongo V0 Clear Mind Do you need it? Buy? 7.5M /tell 2 spots
[16:30:46] Selectfew[Rabao]: Odyssey Sheol C Segment Farm Looking for members. WHM TANK 4/6
Habitox : Oho, ya feelin' lucky 'nough tah takes a stab at da myst'ry box?
[16:30:47] Habitox : Oho, ya feelin' lucky 'nough tah takes a stab at da myst'ry box?
[16:30:47] Habitox : Oho, ya feelin' lucky 'nough tah takes a stab at da myst'ry box?
Habitox : Ya wanna open dat sucker up? Okay, but which dial ya be wantin'?
[16:30:58] Habitox : Ya wanna open dat sucker up? Okay, but which dial ya be wantin'?
[16:30:58] Habitox : Ya wanna open dat sucker up? Okay, but which dial ya be wantin'?
[16:30:59] Benoistndkugwui[PSandOria]:  ｆｆｘｉｐａｌ.ｃｏｍ, GET FAST DELIVERY!★REMA/SU5/Item/gil/Gil/  Discount ->"vip05"
Habitox : So ya be wantin' the special dial?M'kay, get yerself all steeled up, 'cause here we go! 'Member, no complaints!
[16:31:03] Habitox : So ya be wantin' the special dial?
[16:31:03] 　M'kay, get yerself all steeled up, 'cause here we go! 'Member, no complaints!
[16:31:03] Habitox : So ya be wantin' the special dial?
[16:31:03] 　M'kay, get yerself all steeled up, 'cause here we go! 'Member, no complaints!
Habitox : Dis box is full o' myst'ries,♪Dat span da realm's his'try,♪So whatcha gonna get from da chest...o'...uh, fortunery?♪
[16:31:04] Habitox : Dis box is full o' myst'ries,♪
[16:31:04] 　Dat span da realm's his'try,♪
[16:31:04] 　So whatcha gonna get from da chest...o'...uh, fortunery?♪
[16:31:04] Habitox : Dis box is full o' myst'ries,♪
[16:31:04] 　Dat span da realm's his'try,♪
[16:31:04] 　So whatcha gonna get from da chest...o'...uh, fortunery?♪
Habitox : Oooh, looks at what popped out! I hopes it makes yer adventures dat much more adventumarous!
[16:31:09] Habitox : Oooh, looks at what popped out! I hopes it makes yer adventures dat much more adventumarous!
[16:31:09] Habitox : Oooh, looks at what popped out! I hopes it makes yer adventures dat much more adventumarous!
[16:31:12] Obtained: Light chest.
[16:31:12] You have used 50 points of your daily tally!
[16:31:35] Selectfew[Rabao]: Odyssey Sheol C Segment Farm Looking for members. WHM TANK 4/6
[16:31:45] Endone[Rabao]: Odyssey T3 NM Ongo V0 Clear Mind Do you need it? Buy? 7.5M /tell 2 spots
[16:32:17] Selectfew[Rabao]: Odyssey Sheol C Segment Farm Looking for members. WHM TANK 4/6
[16:32:27] Slowmo[Rabao]: Lillith N+ Team up? /tell @2/3 You can have this. Hands/Body/LegsO SMNorTHF/DRK
[16:32:55] Selectfew[Rabao]: Odyssey Sheol C Segment Farm Looking for members. WHM TANK 4/6
[16:33:14] Endone[Rabao]: Odyssey T3 NM Ongo V0 Clear Mind Do you need it? Buy? 7.5M /tell 2 spots
[16:33:19] Hotworks[RuLudeGard]: LF Synergy Help Desk for neck
[16:33:25] Selectfew[Rabao]: Odyssey Sheol C Segment Farm Looking for members. WHM TANK 4/6
[16:34:02] Selectfew[Rabao]: Odyssey Sheol C Segment Farm Looking for members. WHM TANK 4/6
[16:34:45] Selectfew[Rabao]: Odyssey Sheol C Segment Farm Looking for members. WHM TANK 4/6
[16:35:31] Selectfew[Rabao]: Odyssey Sheol C Segment Farm Looking for members. WHM TANK 4/6
[16:35:58] Endone[Rabao]: Odyssey T3 NM Ongo V0 Clear Mind Do you need it? Buy? 7.5M /tell 2 spots
[16:36:01] Selectfew[Rabao]: Odyssey Sheol C Segment Farm Looking for members. WHM 5/6
[16:36:36] Selectfew[Rabao]: Odyssey Sheol C Segment Farm Looking for members. WHM 5/6
[16:36:40] Benoistndkugwui[PSandOria]:  ｆｆｘｉｐａｌ.ｃｏｍ, GET FAST DELIVERY!★REMA/SU5/Item/gil/Gil/  Discount ->"vip05"
[16:37:43] Selectfew[Rabao]: Odyssey Sheol C Segment Farm Looking for members. WHM 5/6
[16:38:15] Executing logout in 30 seconds.
[16:38:15] Cancel healing to remain logged in.
[16:38:19] Executing logout in 25 seconds.
[16:38:19] Cancel healing to remain logged in.
[16:38:24] Executing logout in 20 seconds.
[16:38:24] Cancel healing to remain logged in.
[16:38:29] Executing logout in 15 seconds.
[16:38:29] Cancel healing to remain logged in.
[16:38:33] Doryl[Rabao]: Odyssey Farm C Do you need it? Veteran COR Can I have it? 5/6
[16:38:34] Executing logout in 10 seconds.
[16:38:34] Cancel healing to remain logged in.
[16:38:39] Executing logout in 5 seconds.
[16:38:39] Cancel healing to remain logged in.
