[08:14:34] React: Loading File: react_WHM.lua
[08:14:35] *****DP Job Selection:WHM*****
[08:14:35] Mode: Magic.
[08:14:35]  White = Can not cast.
[08:14:35]  Green = Casting Range
[08:14:36] Loaded WHM Battlemod filters
[08:14:37] You have undertaken the limited-time Records of Eminence challenge ‡²Vanquish Lizards.‡³
[08:14:39] This area is currently affected by the Super Kupower: ‡²Boundary Buster‡³!
[08:14:39] This area is currently affected by the Super Kupower: ‡²Bountiful Bazaar‡³!
[08:14:39] This area is currently affected by the Super Kupower: ‡²Crystal Caboodle‡³!
[08:14:39] The April 2021 Login Campaign is currently underway!
[08:14:39] 
[08:14:39] In celebration of your most recent login (login no. 11), we have provided you with 100 points!
[08:14:39] You currently have a total of 3000 points.
[08:14:40] <<< Welcome to Asura! >>>
[08:14:40] Announcing the winning numbers for the Early Spring Mog Bonanza 2021!
[08:14:40] 
[08:14:40]  
[08:14:40] 
[08:14:40] Rank 3 prize: "0" (last digit)-- 6413 winners.
[08:14:40] 
[08:14:40] Rank 2 prize: "37" (last two digits)-- 928 winners.
[08:14:40] 
[08:14:40] Rank 1 prize: "196" (all three digits)-- 88 winners.
[08:14:40] 
[08:14:40] *The number of winners for each prize is a combined total from all worlds.
[08:14:40] 
[08:14:40]  
[08:14:40] 
[08:14:40] Collection period: On April 12, 2021 at 1:00 (PDT) / 8:00 (GMT) to April 30, at 7:59 (PDT) / 14:59 (GMT)
[08:14:40] 
[08:14:40] Details on the prize can be confirmed by speaking to a Bonanza Moogle at one of the following locations:
[08:14:40] 
[08:14:40] Port San d'Oria (I-9) / Port Bastok (L-8) / Port Windurst (F-6) / Chocobo Circuit (H-8)
[08:14:44] We hope you enjoy this complimentary little gift, courtesy of the citizens of Vana'diel!
[08:14:44] Obtained: Dial key #Ab.
