[13:37:23] === Area: Port San d'Oria ===
[13:37:23] React: Loading File: react_WHM.lua
[13:37:24] *****DP Job Selection:WHM*****
[13:37:24] Mode: Magic.
[13:37:24]  White = Can not cast.
[13:37:24]  Green = Casting Range
[13:37:26] Size already 20.
[13:37:26] ConsoleBG: Position changed! X: 15 Y: 50
[13:37:30] <<< Welcome to Asura! >>>
[13:37:30] Announcing the winning numbers for the 20th Vana'versary Nomad Mog Bonanza!
[13:37:30] 
[13:37:30]  
[13:37:30] 
[13:37:30] Rank 3 prize: "7" (last digit)-- 20,471 winners.
[13:37:30] 
[13:37:30] Rank 2 prize: "04" (last two digits)-- 2,010 winners.
[13:37:30] 
[13:37:30] Rank 1 prize: "854" (all three digits)-- 185 winners.
[13:37:30] 
[13:37:30] *The number of winners for each prize is a combined total from all worlds.
[13:37:30] 
[13:37:30]  
[13:37:30] 
[13:37:30] Collection period: On July 14, 2022 at 1:00 (PDT) / 8:00 (GMT) to July 31, at 7:59 (PDT) / 14:59 (GMT)
[13:37:30] 
[13:37:30] Details on the prize can be confirmed by speaking to a Bonanza Moogle at one of the following locations:
[13:37:30] 
[13:37:30] Port San d'Oria (I-9) / Port Bastok (L-8) / Port Windurst (F-6) / Chocobo Circuit (H-8)
[13:37:31] You have undertaken the limited-time Records of Eminence challenge ｲMagic Damage Kills.ｳ
[13:37:31] The July 2022 Login Campaign is currently underway!
[13:37:31] 
[13:37:31] The maximum number of people are already participating in Unity chat. Please try again later.
[13:37:31] In celebration of your most recent login (login no. 13), we have provided you with 100 points!
[13:37:31] You currently have a total of 3200 points.
[13:37:33] We hope you enjoy this complimentary little gift, courtesy of the citizens of Vana'diel!
[13:37:33] Obtained: Special gobbiedial key.
[13:37:37] Redwoods[Norg]: WTB * Mars/Venus orb 2.5M * Do you have it? Sell?
Habitox : Oho, ya feelin' lucky 'nough tah takes a stab at da myst'ry box?
[13:37:39] Habitox : Oho, ya feelin' lucky 'nough tah takes a stab at da myst'ry box?
[13:37:39] Habitox : Oho, ya feelin' lucky 'nough tah takes a stab at da myst'ry box?
Habitox : Ya wanna open dat sucker up? Okay, but which dial ya be wantin'?
[13:37:41] Habitox : Ya wanna open dat sucker up? Okay, but which dial ya be wantin'?
[13:37:41] Habitox : Ya wanna open dat sucker up? Okay, but which dial ya be wantin'?
[13:37:42] Fczjst[PSandOria]: Omen FU Shulmanu Collar Middleboss Do you need it? Buy?tell
Habitox : So ya be wantin' the special dial?M'kay, get yerself all steeled up, 'cause here we go! 'Member, no complaints!
[13:37:45] Habitox : So ya be wantin' the special dial?
[13:37:45] 　M'kay, get yerself all steeled up, 'cause here we go! 'Member, no complaints!
[13:37:45] Habitox : So ya be wantin' the special dial?
[13:37:45] 　M'kay, get yerself all steeled up, 'cause here we go! 'Member, no complaints!
Habitox : Dis box is full o' myst'ries,♪Dat span da realm's his'try,♪So whatcha gonna get from da chest...o'...uh, fortunery?♪
[13:37:46] Habitox : Dis box is full o' myst'ries,♪
[13:37:46] 　Dat span da realm's his'try,♪
[13:37:46] 　So whatcha gonna get from da chest...o'...uh, fortunery?♪
[13:37:46] Habitox : Dis box is full o' myst'ries,♪
[13:37:46] 　Dat span da realm's his'try,♪
[13:37:46] 　So whatcha gonna get from da chest...o'...uh, fortunery?♪
[13:37:46] Rsdgwrg : Buy And Sell FF11 Gil At  WVVW.P2PAH.COM   1000K =0.5$..sjv
Habitox : Oooh, looks at what popped out! I hopes it makes yer adventures dat much more adventumarous!
[13:37:50] Habitox : Oooh, looks at what popped out! I hopes it makes yer adventures dat much more adventumarous!
[13:37:50] Habitox : Oooh, looks at what popped out! I hopes it makes yer adventures dat much more adventumarous!
[13:37:54] Obtained: Oblivispore mushroom.
[13:37:54] You have used 50 points of your daily tally!
[13:37:59] Executing logout in 30 seconds.
[13:37:59] Cancel healing to remain logged in.
[13:38:03] Executing logout in 25 seconds.
[13:38:03] Cancel healing to remain logged in.
[13:38:04] Aeschreaskytpse[SSandOria]:  ｆｆｘｉｐａｌ.ｃｏｍ, GET FAST DELIVERY!★REMA/SU5/Item/gil/Gil/  Discount ->"July2022"
[13:38:07] Executing logout in 20 seconds.
[13:38:07] Cancel healing to remain logged in.
[13:38:13] Executing logout in 15 seconds.
[13:38:13] Cancel healing to remain logged in.
[13:38:18] Executing logout in 10 seconds.
[13:38:18] Cancel healing to remain logged in.
[13:38:22] Fczjst[PSandOria]: Omen FU Shulmanu Collar Middleboss Do you need it? Buy?tell
[13:38:23] Executing logout in 5 seconds.
[13:38:23] Cancel healing to remain logged in.
