[21:16:00] === Area: Port San d'Oria ===
[21:16:01] *****DP Job Selection:WHM*****
[21:16:01] Mode: Magic.
[21:16:01]  White = Can not cast.
[21:16:01]  Green = Casting Range
[21:16:01] React: Loading File: react_WHM.lua
[21:16:03] Size already 20.
[21:16:03] ConsoleBG: Position changed! X: 15 Y: 50
[21:16:08] <<< Welcome to Asura! >>>
[21:16:08] Announcing the winning numbers for the 20th Vana'versary Nomad Mog Bonanza!
[21:16:08] 
[21:16:08]  
[21:16:08] 
[21:16:08] Rank 3 prize: "7" (last digit)-- 20,471 winners.
[21:16:08] 
[21:16:08] Rank 2 prize: "04" (last two digits)-- 2,010 winners.
[21:16:08] 
[21:16:08] Rank 1 prize: "854" (all three digits)-- 185 winners.
[21:16:08] 
[21:16:08] *The number of winners for each prize is a combined total from all worlds.
[21:16:08] 
[21:16:08]  
[21:16:08] 
[21:16:08] Collection period: On July 14, 2022 at 1:00 (PDT) / 8:00 (GMT) to July 31, at 7:59 (PDT) / 14:59 (GMT)
[21:16:08] 
[21:16:08] Details on the prize can be confirmed by speaking to a Bonanza Moogle at one of the following locations:
[21:16:08] 
[21:16:08] Port San d'Oria (I-9) / Port Bastok (L-8) / Port Windurst (F-6) / Chocobo Circuit (H-8)
[21:16:09] You have undertaken the limited-time Records of Eminence challenge ｲVanquish Undead.ｳ
[21:16:09] The July 2022 Login Campaign is currently underway!
[21:16:09] 
[21:16:09] The maximum number of people are already participating in Unity chat. Please try again later.
[21:16:09] In celebration of your most recent login (login no. 14), we have provided you with 100 points!
[21:16:09] You currently have a total of 3300 points.
[21:16:09] Leoniea synthesized a darksteel sheet.
[21:16:09] We hope you enjoy this complimentary little gift, courtesy of the citizens of Vana'diel!
[21:16:09] Obtained: Special gobbiedial key.
[21:16:13] Blkuyfvd[BastokMine]: Sell abyssea empy Weapon Shop Item LV80 85 90 Do you need it? /tell
[21:16:18] Eunnaa[PortBastok]: Ambuscade V.1 VD Do you need it? 4M Buy? /tell
[21:16:26] Aoora[PortBastok]: Ambuscade V.1 VD Do you need it? 4m/run Buy?
[21:16:27] Leoniea synthesized a darksteel sheet.
[21:16:36] Wintur[BastokMine]: YO NEED A GEO FOR DYNAMIS BASTOK W3 CLEAR PST GOING IN 5 MIN, MAX RP
[21:16:40] Pupsmily[LowJeuno]: 703 Alexandrite Do you need it? 2.8mil Can I have it? 
Habitox : Oho, ya feelin' lucky 'nough tah takes a stab at da myst'ry box?
[21:16:43] Habitox : Oho, ya feelin' lucky 'nough tah takes a stab at da myst'ry box?
[21:16:43] Habitox : Oho, ya feelin' lucky 'nough tah takes a stab at da myst'ry box?
Habitox : Ya wanna open dat sucker up? Okay, but which dial ya be wantin'?
[21:16:46] Habitox : Ya wanna open dat sucker up? Okay, but which dial ya be wantin'?
[21:16:46] Habitox : Ya wanna open dat sucker up? Okay, but which dial ya be wantin'?
[21:16:48] Leoniea synthesized a darksteel sheet.
Habitox : So ya be wantin' the special dial?M'kay, get yerself all steeled up, 'cause here we go! 'Member, no complaints!
[21:16:51] Habitox : So ya be wantin' the special dial?
[21:16:51] 　M'kay, get yerself all steeled up, 'cause here we go! 'Member, no complaints!
[21:16:51] Habitox : So ya be wantin' the special dial?
[21:16:51] 　M'kay, get yerself all steeled up, 'cause here we go! 'Member, no complaints!
Habitox : Dis box is full o' myst'ries,♪Dat span da realm's his'try,♪So whatcha gonna get from da chest...o'...uh, fortunery?♪
[21:16:52] Habitox : Dis box is full o' myst'ries,♪
[21:16:52] 　Dat span da realm's his'try,♪
[21:16:52] 　So whatcha gonna get from da chest...o'...uh, fortunery?♪
[21:16:52] Habitox : Dis box is full o' myst'ries,♪
[21:16:52] 　Dat span da realm's his'try,♪
[21:16:52] 　So whatcha gonna get from da chest...o'...uh, fortunery?♪
[21:16:54] Ksods[Mhaura]: Ambuscade V.1 VD Do you need it? 4M Buy?
[21:16:55] Shmilywowo[BastokMark]: Escha - Zi'Tah Escha - Ru'Aun Reisenjima T1T2T3 ALL Item ABJ Telos Earring Reiki Yotai Do you need it? /tell Buy? 
Habitox : Oooh, looks at what popped out! I hopes it makes yer adventures dat much more adventumarous!
[21:16:56] Habitox : Oooh, looks at what popped out! I hopes it makes yer adventures dat much more adventumarous!
[21:16:56] Habitox : Oooh, looks at what popped out! I hopes it makes yer adventures dat much more adventumarous!
[21:17:00] Obtained: Silver sheet.
[21:17:00] You have used 50 points of your daily tally!
[21:17:01] Ryuail[BastokMine]: Dynamis - Bastok w123+boss @17/18 Looking for members. Geo pst.
[21:17:04] Masxiaosan[LowJeuno]: Telos Earring Reiki Yotai Do you need it? /tell Buy? 
[21:17:09] Leoniea synthesized a darksteel sheet.
[21:17:13] Eunnaa[PortBastok]: Ambuscade V.1 VD Do you need it? 4M Buy? /tell
[21:17:13] Executing logout in 30 seconds.
[21:17:13] Cancel healing to remain logged in.
[21:17:17] Executing logout in 25 seconds.
[21:17:17] Cancel healing to remain logged in.
[21:17:19] Eternalkaiser[PortJeuno]: what if im not a geoz
[21:17:22] Executing logout in 20 seconds.
[21:17:22] Cancel healing to remain logged in.
[21:17:27] Executing logout in 15 seconds.
[21:17:27] Cancel healing to remain logged in.
[21:17:30] Leoniea synthesized a darksteel sheet.
[21:17:31] Ronstadt[BastokMine]: Dynamis - Bastok D WAVE 1-2 RP Treasure Bonus Area Looking for members. /tell @7/12
[21:17:32] Executing logout in 10 seconds.
[21:17:32] Cancel healing to remain logged in.
[21:17:32] Aoora[PortBastok]: Ambuscade V.1 VD Do you need it? 4m/run Buy?
[21:17:37] Executing logout in 5 seconds.
[21:17:37] Cancel healing to remain logged in.
