[07:30:34] === Area: Port San d'Oria ===
[07:30:34] *****DP Job Selection:WHM*****
[07:30:34] Mode: Magic.
[07:30:34]  White = Can not cast.
[07:30:34]  Green = Casting Range
[07:30:34] React: Loading File: react_WHM.lua
[07:30:36] Size already 20.
[07:30:36] ConsoleBG: Position changed! X: 15 Y: 50
[07:30:40] Zatazma[PortBastok]: ZNM T4 Sarameya Tinnin Tyger Item win Do you need it? Buy? /tell
[07:30:40] Hagreat[EastAdoulin]: Sell Abyssea Empyrean Weapon  Item Do you need it?  tell  
[07:30:41] <<< Welcome to Asura! >>>
[07:30:41] Announcing the winning numbers for the 20th Vana'versary Nomad Mog Bonanza!
[07:30:41] 
[07:30:41]  
[07:30:41] 
[07:30:41] Rank 3 prize: "7" (last digit)-- 20,471 winners.
[07:30:41] 
[07:30:41] Rank 2 prize: "04" (last two digits)-- 2,010 winners.
[07:30:41] 
[07:30:41] Rank 1 prize: "854" (all three digits)-- 185 winners.
[07:30:41] 
[07:30:41] *The number of winners for each prize is a combined total from all worlds.
[07:30:41] 
[07:30:41]  
[07:30:41] 
[07:30:41] Collection period: On July 14, 2022 at 1:00 (PDT) / 8:00 (GMT) to July 31, at 7:59 (PDT) / 14:59 (GMT)
[07:30:41] 
[07:30:41] Details on the prize can be confirmed by speaking to a Bonanza Moogle at one of the following locations:
[07:30:41] 
[07:30:41] Port San d'Oria (I-9) / Port Bastok (L-8) / Port Windurst (F-6) / Chocobo Circuit (H-8)
[07:30:41] Fczjse[PSandOria]: OmenFU Shulmanu Collar Niqmaddu Ring Middleboss Buy? tell
[07:30:42] You have undertaken the limited-time Records of Eminence challenge á≤Spoils (Seals).á≥
[07:30:42] This area is currently affected by the Super Kupower: á≤Thrifty Transitá≥!
[07:30:42] This area is currently affected by the Super Kupower: á≤Artisan's Advantageá≥!
[07:30:42] This area is currently affected by the Super Kupower: á≤Swift Shoesá≥!
[07:30:42] The maximum number of people are already participating in Unity chat. Please try again later.
[07:30:42] The July 2022 Login Campaign is currently underway!
[07:30:42] 
[07:30:42] In celebration of your most recent login (login no. 19), we have provided you with 100 points!
[07:30:42] You currently have a total of 3800 points.
[07:30:43] We hope you enjoy this complimentary little gift, courtesy of the citizens of Vana'diel!
[07:30:43] Obtained: Special gobbiedial key.
[07:30:46] Cooldogr[NSandOria]: Odysseyt1t2t3Arebati Kalunga Xevioso Ngai Mboze Ongo Bumba V0 Clear Mind Buy?
[07:31:05] Odyeesnm[BastokMine]: Odyssey T4 Bumba T3 Ngai Mboze Xevioso Ongo Arebati Kalunag Clear Mind v0v1 Odyssey C SEG Buy?
[07:31:16] Cooldogr[NSandOria]: Odysseyt1t2t3Arebati Kalunga Xevioso Ngai Mboze Ongo Bumba V0 Clear Mind Buy?
[07:31:16] Aoora[PortBastok]: Ambuscade V.1 VD Do you need it? 3m/run Buy?
[07:31:17] Jocror[BastokMark]: Tinnin Sarameya Tyger win Item all 3 Do you need it? Buy? /tell Thank you.
[07:31:18] Kimfaeonic[PortBastok]: Aeonic/ioniÉbkuuÉFpon 3zone Clear Mind Do you need it? Buy? 50M /tell 3/4
[07:31:21] Fczjse[PSandOria]: OmenFU Shulmanu Collar Niqmaddu Ring Middleboss Buy? tell
[07:31:36] Babbbw[BastokMine]: Odyssey T1-T2 V15*T3 Kalunga V15*T4 Bumba V15 Win Sheol.C-Seg Do you need it? Buy? /tell
[07:31:39] Zatazma[PortBastok]: ZNM T4 Sarameya Tinnin Tyger Item win Do you need it? Buy? /tell
[07:31:47] Cooldogr[NSandOria]: Odysseyt1t2t3Arebati Kalunga Xevioso Ngai Mboze Ongo Bumba V0 Clear Mind Buy?
[07:32:01] Fczjse[PSandOria]: OmenFU Shulmanu Collar Niqmaddu Ring Middleboss Buy? tell
[07:32:05] Wukonk[Whitegate]: Tinnin Sarameya Tyger win Item all 3 Do you need it? /tell Thank you.
[07:32:19] Cooldogr[NSandOria]: Odysseyt1t2t3Arebati Kalunga Xevioso Ngai Mboze Ongo Bumba V0 Clear Mind Buy?
[07:32:22] Aoora[PortBastok]: Ambuscade V.1 VD Do you need it? 3m/run Buy?
[07:32:36] Blkuyfvd[BastokMine]: Sell abyssea empy Weapon Shop Item LV80 85 90 Do you need it? /tell
[07:32:41] Fczjse[PSandOria]: OmenFU Shulmanu Collar Niqmaddu Ring Middleboss Buy? tell
[07:32:41] Zatazma[PortBastok]: ZNM T4 Sarameya Tinnin Tyger Item win Do you need it? Buy? /tell
[07:32:45] Babbbw[BastokMine]: Odyssey T1-T2 V15*T3 Kalunga V15*T4 Bumba V15 Win Sheol.C-Seg Do you need it? Buy? /tell
[07:32:48] Kimfaeonic[PortBastok]: Aeonic/ioniÉbkuuÉFpon 3zone Clear Mind Do you need it? Buy? 50M /tell 3/4
[07:32:49] Hagreat[EastAdoulin]: Sell Abyssea Empyrean Weapon  Item Do you need it?  tell  
[07:32:50] Cooldogr[NSandOria]: Odysseyt1t2t3Arebati Kalunga Xevioso Ngai Mboze Ongo Bumba V0 Clear Mind Buy?
[07:33:06] Odyeesnm[BastokMine]: Odyssey T4 Bumba T3 Ngai Mboze Xevioso Ongo Arebati Kalunag Clear Mind v0v1 Odyssey C SEG Buy?
[07:33:18] Jocror[BastokMark]: Tinnin Sarameya Tyger win Item all 3 Do you need it? Buy? /tell Thank you.
[07:33:21] Cooldogr[NSandOria]: Odysseyt1t2t3Arebati Kalunga Xevioso Ngai Mboze Ongo Bumba V0 Clear Mind Buy?
[07:33:21] Fczjse[PSandOria]: OmenFU Shulmanu Collar Niqmaddu Ring Middleboss Buy? tell
[07:33:29] Aoora[PortBastok]: Ambuscade V.1 VD Do you need it? 3m/run Buy?
[07:33:44] Zatazma[PortBastok]: ZNM T4 Sarameya Tinnin Tyger Item win Do you need it? Buy? /tell
[07:33:52] Cooldogr[NSandOria]: Odysseyt1t2t3Arebati Kalunga Xevioso Ngai Mboze Ongo Bumba V0 Clear Mind Buy?
[07:33:56] Babbbw[BastokMine]: Odyssey T1-T2 V15*T3 Kalunga V15*T4 Bumba V15 Win Sheol.C-Seg Do you need it? Buy? /tell
[07:34:01] Fczjse[PSandOria]: OmenFU Shulmanu Collar Niqmaddu Ring Middleboss Buy? tell
[07:34:14] Wukonk[Whitegate]: Tinnin Sarameya Tyger win Item all 3 Do you need it? /tell Thank you.
[07:34:17] Sophalzz[LowJeuno]: Odyssey C SEG Looking for members. Veteran WHM SCH +7/8 COR R15 WAR DRK DRG SAM @2
[07:34:19] Kimfaeonic[PortBastok]: Aeonic/ioniÉbkuuÉFpon 3zone Clear Mind Do you need it? Buy? 50M /tell 3/4
[07:34:23] Cooldogr[NSandOria]: Odysseyt1t2t3Arebati Kalunga Xevioso Ngai Mboze Ongo Bumba V0 Clear Mind Buy?
[07:34:35] Aoora[PortBastok]: Ambuscade V.1 VD Do you need it? 3m/run Buy?
[07:34:36] Blkuyfvd[BastokMine]: Sell abyssea empy Weapon Shop Item LV80 85 90 Do you need it? /tell
[07:34:41] Fczjse[PSandOria]: OmenFU Shulmanu Collar Niqmaddu Ring Middleboss Buy? tell
[07:34:46] Zatazma[PortBastok]: ZNM T4 Sarameya Tinnin Tyger Item win Do you need it? Buy? /tell
[07:34:47] Hagreat[EastAdoulin]: Sell Abyssea Empyrean Weapon  Item Do you need it?  tell  
[07:34:54] Cooldogr[NSandOria]: Odysseyt1t2t3Arebati Kalunga Xevioso Ngai Mboze Ongo Bumba V0 Clear Mind Buy?
[07:35:06] Babbbw[BastokMine]: Odyssey T1-T2 V15*T3 Kalunga V15*T4 Bumba V15 Win Sheol.C-Seg Do you need it? Buy? /tell
[07:35:06] Sophalzz[LowJeuno]: Odyssey C SEG Looking for members. Veteran WHM SCH +7/8 COR R15 WAR DRK DRG SAM @3
[07:35:08] Odyeesnm[BastokMine]: Odyssey T4 Bumba T3 Ngai Mboze Xevioso Ongo Arebati Kalunag Clear Mind v0v1 Odyssey C SEG Buy?
[07:35:17] Jocror[BastokMark]: Tinnin Sarameya Tyger win Item all 3 Do you need it? Buy? /tell Thank you.
[07:35:20] Fczjse[PSandOria]: OmenFU Shulmanu Collar Niqmaddu Ring Middleboss Buy? tell
[07:35:25] Cooldogr[NSandOria]: Odysseyt1t2t3Arebati Kalunga Xevioso Ngai Mboze Ongo Bumba V0 Clear Mind Buy?
[07:35:41] Aoora[PortBastok]: Ambuscade V.1 VD Do you need it? 3m/run Buy?
[07:35:43] Bloodyheals[BastokMark]: mars orbs Sell? /tell 2.5m
[07:35:49] Zatazma[PortBastok]: ZNM T4 Sarameya Tinnin Tyger Item win Do you need it? Buy? /tell
[07:35:49] Kimfaeonic[PortBastok]: Aeonic/ioniÉbkuuÉFpon 3zone Clear Mind Do you need it? Buy? 50M /tell 3/4
[07:35:56] Cooldogr[NSandOria]: Odysseyt1t2t3Arebati Kalunga Xevioso Ngai Mboze Ongo Bumba V0 Clear Mind Buy?
[07:36:01] Fczjse[PSandOria]: OmenFU Shulmanu Collar Middleboss Do you need it? Buy? tell
[07:36:07] Hagreat[PortJeuno]: Sell Abyssea Empyrean Weapon  Item Do you need it?  tell  
[07:36:16] Babbbw[BastokMine]: Odyssey T1-T2 V15*T3 Kalunga V15*T4 Bumba V15 Win Sheol.C-Seg Do you need it? Buy? /tell
[07:36:25] Wukonk[Whitegate]: Tinnin Sarameya Tyger win Item all 3 Do you need it? /tell Thank you.
[07:36:27] Cooldogr[NSandOria]: Odysseyt1t2t3Arebati Kalunga Xevioso Ngai Mboze Ongo Bumba V0 Clear Mind Buy?
[07:36:29] Sophalzz[LowJeuno]: Odyssey C SEG Looking for members. Veteran WHM SCH +7/8 COR @4
[07:36:33] Chookis[PortJeuno]: devious die 15000 liminal resdiue 6000 Bazaar (F-8)
[07:36:36] Blkuyfvd[BastokMine]: Sell abyssea empy Weapon Shop Item LV80 85 90 Do you need it? /tell
[07:36:40] Fczjse[PSandOria]: OmenFU Shulmanu Collar Middleboss Do you need it? Buy? tell
[07:36:45] Hagreat[PortJeuno]: Sell Abyssea Empyrean Weapon  Item Do you need it?  tell  
[07:36:47] Aoora[PortBastok]: Ambuscade V.1 VD Do you need it? 3m/run Buy?
[07:36:51] Zatazma[PortBastok]: ZNM T4 Sarameya Tinnin Tyger Item win Do you need it? Buy? /tell
[07:36:58] Cooldogr[NSandOria]: Odysseyt1t2t3Arebati Kalunga Xevioso Ngai Mboze Ongo Bumba V0 Clear Mind Buy?
[07:37:05] Espadaa[PortJeuno]: Beitetsu4.2k/each  Do you need it? (E-6)
[07:37:09] Odyeesnm[BastokMine]: Odyssey T4 Bumba T3 Ngai Mboze Xevioso Ongo Arebati Kalunag Clear Mind v0v1 Odyssey C SEG Buy?
[07:37:16] Kimastar[PSandOria]: Abyssea Apademak Horn x4 / Dyna Valkurm Clear Do you need it? Buy?
[07:37:17] Jocror[BastokMark]: Tinnin Sarameya Tyger win Item all 3 Do you need it? Buy? /tell Thank you.
[07:37:19] Kimfaeonic[PortBastok]: Aeonic/ioniÉbkuuÉFpon 3zone Clear Mind Do you need it? Buy? 50M /tell 3/4
[07:37:19] Bloodyheals[LowJeuno]: mars orbs Sell? /tell 2.5m
[07:37:21] Fczjse[PSandOria]: OmenFU Shulmanu Collar Middleboss Do you need it? Buy? tell
[07:37:26] Babbbw[BastokMine]: Odyssey T1-T2 V15*T3 Kalunga V15*T4 Bumba V15 Win Sheol.C-Seg Do you need it? Buy? /tell
[07:37:29] Cooldogr[NSandOria]: Odysseyt1t2t3Arebati Kalunga Xevioso Ngai Mboze Ongo Bumba V0 Clear Mind Buy?
[07:37:52] Sophalzz[LowJeuno]: Odyssey C SEG Looking for members. Veteran WHM SCH @5
[07:37:53] Zatazma[PortBastok]: ZNM T4 Sarameya Tinnin Tyger Item win Do you need it? Buy? /tell
[07:37:53] Aoora[PortBastok]: Ambuscade V.1 VD Do you need it? 3m/run Buy?
[07:37:54] Hagreat[PortJeuno]: Sell Abyssea Empyrean Weapon  Item Do you need it?  tell  
[07:37:56] Bloodyheals[LowJeuno]: mars orbs Sell? /tell 2.5m
[07:38:00] Cooldogr[NSandOria]: Odysseyt1t2t3Arebati Kalunga Xevioso Ngai Mboze Ongo Bumba V0 Clear Mind Buy?
[07:38:01] Fczjse[PSandOria]: OmenFU Shulmanu Collar Middleboss Do you need it? Buy? tell
[07:38:29] Bloodyheals[LowJeuno]: mars orbs Sell? 2.5m /tell 
[07:38:31] Cooldogr[NSandOria]: Odysseyt1t2t3Arebati Kalunga Xevioso Ngai Mboze Ongo Bumba V0 Clear Mind Buy?
[07:38:35] Wukonk[Whitegate]: Tinnin Sarameya Tyger win Item all 3 Do you need it? /tell Thank you.
[07:38:36] Babbbw[BastokMine]: Odyssey T1-T2 V15*T3 Kalunga V15*T4 Bumba V15 Win Sheol.C-Seg Do you need it? Buy? /tell
[07:38:36] Blkuyfvd[BastokMine]: Sell abyssea empy Weapon Shop Item LV80 85 90 Do you need it? /tell
[07:38:41] Fczjse[PSandOria]: OmenFU Shulmanu Collar Middleboss Do you need it? Buy? tell
[07:38:49] Kimfaeonic[PortBastok]: Aeonic/ioniÉbkuuÉFpon 3zone Clear Mind Do you need it? Buy? 50M /tell 3/4
[07:38:55] Zatazma[PortBastok]: ZNM T4 Sarameya Tinnin Tyger Item win Do you need it? Buy? /tell
[07:38:59] Aoora[PortBastok]: Ambuscade V.1 VD Do you need it? 3m/run Buy?
[07:39:00] Bloodyheals[LowJeuno]: mars orbs Sell? 2.5m /tell 
[07:39:02] Cooldogr[NSandOria]: Odysseyt1t2t3Arebati Kalunga Xevioso Ngai Mboze Ongo Bumba V0 Clear Mind Buy?
[07:39:11] Odyeesnm[BastokMine]: Odyssey T4 Bumba T3 Ngai Mboze Xevioso Ongo Arebati Kalunag Clear Mind v0v1 Odyssey C SEG Buy?
[07:39:11] Kimastar[SSandOria]: Abyssea Apademak Horn x4 / Dyna Valkurm Clear Do you need it? Buy?
[07:39:17] Jocror[BastokMark]: Tinnin Sarameya Tyger win Item all 3 Do you need it? Buy? /tell Thank you.
[07:39:21] Fczjse[PSandOria]: OmenFU Shulmanu Collar Middleboss Do you need it? Buy? tell
[07:39:33] Sophalzz[LowJeuno]: Odyssey C SEG Looking for members. Veteran WHM SCH @5
[07:39:33] Cooldogr[NSandOria]: Odysseyt1t2t3Arebati Kalunga Xevioso Ngai Mboze Ongo Bumba V0 Clear Mind Buy?
[07:39:33] Bloodyheals[LowJeuno]: mars orbs Sell? 2.5m /tell 
[07:39:46] Babbbw[BastokMine]: Odyssey T1-T2 V15*T3 Kalunga V15*T4 Bumba V15 Win Sheol.C-Seg Do you need it? Buy? /tell
[07:39:51] Tsutaya[Rabao]: OdysseyÇÉ ÇPWARsegumentoâ“Ç¨Shall we go?ÅH Shield BRD White r15Front line job Recruiting 2/6
[07:39:57] Zatazma[PortBastok]: ZNM T4 Sarameya Tinnin Tyger Item win Do you need it? Buy? /tell
[07:40:00] Fczjse[PSandOria]: OmenFU Shulmanu Collar Middleboss Do you need it? Buy? tell
[07:40:01] Hagreat[PortJeuno]: Sell Abyssea Empyrean Weapon  Item Do you need it?  tell  
[07:40:04] Cooldogr[NSandOria]: Odysseyt1t2t3Arebati Kalunga Xevioso Ngai Mboze Ongo Bumba V0 Clear Mind Buy?
[07:40:05] Aoora[PortBastok]: Ambuscade V.1 VD Do you need it? 3m/run Buy?
[07:40:18] Kimfaeonic[PortBastok]: Aeonic/ioniÉbkuuÉFpon 3zone Clear Mind Do you need it? Buy? 50M /tell 3/4
[07:40:19] Bloodyheals[LowJeuno]: mars orbs Sell? 2.5m /tell 
[07:40:34] Cooldogr[NSandOria]: Odysseyt1t2t3Arebati Kalunga Xevioso Ngai Mboze Ongo Bumba V0 Clear Mind Buy?
[07:40:36] Blkuyfvd[BastokMine]: Sell abyssea empy Weapon Shop Item LV80 85 90 Do you need it? /tell
[07:40:40] Fczjse[PSandOria]: OmenFU Shulmanu Collar Middleboss Do you need it? Buy? tell
[07:40:45] Wukonk[Whitegate]: Tinnin Sarameya Tyger win Item all 3 Do you need it? /tell Thank you.
[07:40:54] Kimastar[SSandOria]: Abyssea Apademak Horn x4 / Dyna Valkurm Clear Do you need it? Buy?
[07:40:56] Babbbw[BastokMine]: Odyssey T1-T2 V15*T3 Kalunga V15*T4 Bumba V15 Win Sheol.C-Seg Do you need it? Buy? /tell
[07:41:00] Zatazma[PortBastok]: ZNM T4 Sarameya Tinnin Tyger Item win Do you need it? Buy? /tell
[07:41:06] Cooldogr[NSandOria]: Odysseyt1t2t3Arebati Kalunga Xevioso Ngai Mboze Ongo Bumba V0 Clear Mind Buy?
[07:41:10] Aoora[PortBastok]: Ambuscade V.1 VD Do you need it? 3m/run Buy?
[07:41:12] Odyeesnm[BastokMine]: Odyssey T4 Bumba T3 Ngai Mboze Xevioso Ongo Arebati Kalunag Clear Mind v0v1 Odyssey C SEG Buy?
[07:41:16] Hagreat[PortJeuno]: Sell Abyssea Empyrean Weapon  Item Do you need it?  tell  
[07:41:17] Jocror[BastokMark]: Tinnin Sarameya Tyger win Item all 3 Do you need it? Buy? /tell Thank you.
[07:41:20] Fczjse[PSandOria]: OmenFU Shulmanu Collar Middleboss Do you need it? Buy? tell
[07:41:23] Sophalzz[LowJeuno]: Odyssey C SEG Looking for members. Veteran WHM SCH @5
[07:41:27] Tsutaya[Rabao]: OdysseyÇÉ ÇPWARsegumentoâ“Ç¨Shall we go?ÅH  White Recruiting 5/6
[07:41:37] Cooldogr[NSandOria]: Odysseyt1t2t3Arebati Kalunga Xevioso Ngai Mboze Ongo Bumba V0 Clear Mind Buy?
[07:41:48] Kimfaeonic[PortBastok]: Aeonic/ioniÉbkuuÉFpon 3zone Clear Mind Do you need it? Buy? 50M /tell 3/4
[07:42:01] Fczjse[PSandOria]: OmenFU Shulmanu Collar Middleboss Do you need it? Buy? tell
[07:42:02] Zatazma[PortBastok]: ZNM T4 Sarameya Tinnin Tyger Item win Do you need it? Buy? /tell
[07:42:06] Babbbw[BastokMine]: Odyssey T1-T2 V15*T3 Kalunga V15*T4 Bumba V15 Win Sheol.C-Seg Do you need it? Buy? /tell
[07:42:08] Cooldogr[NSandOria]: Odysseyt1t2t3Arebati Kalunga Xevioso Ngai Mboze Ongo Bumba V0 Clear Mind Buy?
[07:42:17] Aoora[PortBastok]: Ambuscade V.1 VD Do you need it? 3m/run Buy?
[07:42:20] Bloodyheals[WestAdoulin]: mars orbs Sell? 2.5m /tell 
[07:42:34] Sophalzz[LowJeuno]: Odyssey C SEG Looking for members. Veteran WHM SCH @5
[07:42:36] Blkuyfvd[BastokMine]: Sell abyssea empy Weapon Shop Item LV80 85 90 Do you need it? /tell
[07:42:39] Cooldogr[NSandOria]: Odysseyt1t2t3Arebati Kalunga Xevioso Ngai Mboze Ongo Bumba V0 Clear Mind Buy?
[07:42:39] Hagreat[PortJeuno]: Sell Abyssea Empyrean Weapon  Item Do you need it?  tell  
[07:42:40] Fczjse[PSandOria]: OmenFU Shulmanu Collar Middleboss Do you need it? Buy? tell
[07:42:52] Bloodyheals[WestAdoulin]: mars orbs Sell? 2.5m /tell 
[07:42:54] Wukonk[Whitegate]: Tinnin Sarameya Tyger win Item all 3 Do you need it? /tell Thank you.
[07:43:04] Zatazma[PortBastok]: ZNM T4 Sarameya Tinnin Tyger Item win Do you need it? Buy? /tell
[07:43:10] Cooldogr[NSandOria]: Odysseyt1t2t3Arebati Kalunga Xevioso Ngai Mboze Ongo Bumba V0 Clear Mind Buy?
[07:43:13] Odyeesnm[BastokMine]: Odyssey T4 Bumba T3 Ngai Mboze Xevioso Ongo Arebati Kalunag Clear Mind v0v1 Odyssey C SEG Buy?
[07:43:16] Babbbw[BastokMine]: Odyssey T1-T2 V15*T3 Kalunga V15*T4 Bumba V15 Win Sheol.C-Seg Do you need it? Buy? /tell
[07:43:17] Jocror[BastokMark]: Tinnin Sarameya Tyger win Item all 3 Do you need it? Buy? /tell Thank you.
[07:43:18] Kimfaeonic[PortBastok]: Aeonic/ioniÉbkuuÉFpon 3zone Clear Mind Do you need it? Buy? 50M /tell 3/4
[07:43:21] Fczjse[PSandOria]: OmenFU Shulmanu Collar Middleboss Do you need it? Buy? tell
[07:43:22] Aoora[PortBastok]: Ambuscade V.1 VD Do you need it? 3m/run Buy?
[07:43:41] Cooldogr[NSandOria]: Odysseyt1t2t3Arebati Kalunga Xevioso Ngai Mboze Ongo Bumba V0 Clear Mind Buy?
[07:43:52] Kimastar[SSandOria]: Abyssea Apademak Horn x4 / Dyna Valkurm Clear Do you need it? Buy?
[07:44:01] Fczjse[PSandOria]: OmenFU Shulmanu Collar Middleboss Do you need it? Buy? tell
[07:44:07] Zatazma[PortBastok]: ZNM T4 Sarameya Tinnin Tyger Item win Do you need it? Buy? /tell
[07:44:12] Cooldogr[NSandOria]: Odysseyt1t2t3Arebati Kalunga Xevioso Ngai Mboze Ongo Bumba V0 Clear Mind Buy?
[07:44:15] Gjnwjmi[WestAdoulin]: Saffron Blossom Do you have it? Sell? /tell
[07:44:26] Babbbw[BastokMine]: Odyssey T1-T2 V15*T3 Kalunga V15*T4 Bumba V15 Win Sheol.C-Seg Do you need it? Buy? /tell
[07:44:29] Aoora[PortBastok]: Ambuscade V.1 VD Do you need it? 3m/run Buy?
[07:44:36] Blkuyfvd[BastokMine]: Sell abyssea empy Weapon Shop Item LV80 85 90 Do you need it? /tell
[07:44:39] Bloodyheals[WestAdoulin]: mars orbs Sell? 2.5m /tell 
[07:44:40] Fczjse[PSandOria]: OmenFU Shulmanu Collar Middleboss Do you need it? Buy? tell
[07:44:42] Hagreat[PortJeuno]: Sell Abyssea Empyrean Weapon  Item Do you need it?  tell  
[07:44:43] Cooldogr[NSandOria]: Odysseyt1t2t3Arebati Kalunga Xevioso Ngai Mboze Ongo Bumba V0 Clear Mind Buy?
[07:44:44] Dortwo[EastAdoulin]: Chloris, Glavoid pop Do you need it? 1mil, Dragua pop 750k
[07:44:49] Kimfaeonic[PortBastok]: Aeonic/ioniÉbkuuÉFpon 3zone Clear Mind Do you need it? Buy? 50M /tell 3/4
[07:45:05] Wukonk[Whitegate]: Tinnin Sarameya Tyger win Item all 3 Do you need it? /tell Thank you.
[07:45:09] Zatazma[PortBastok]: ZNM T4 Sarameya Tinnin Tyger Item win Do you need it? Buy? /tell
[07:45:14] Cooldogr[NSandOria]: Odysseyt1t2t3Arebati Kalunga Xevioso Ngai Mboze Ongo Bumba V0 Clear Mind Buy?
[07:45:14] Odyeesnm[BastokMine]: Odyssey T4 Bumba T3 Ngai Mboze Xevioso Ongo Arebati Kalunag Clear Mind v0v1 Odyssey C SEG Buy?
[07:45:17] Jocror[BastokMark]: Tinnin Sarameya Tyger win Item all 3 Do you need it? Buy? /tell Thank you.
[07:45:21] Fczjse[PSandOria]: OmenFU Shulmanu Collar Middleboss Do you need it? Buy? tell
[07:45:34] Kimastar[SSandOria]: Abyssea Apademak Horn x4 / Dyna Valkurm Clear Do you need it? Buy?
[07:45:35] Aoora[PortBastok]: Ambuscade V.1 VD Do you need it? 3m/run Buy?
[07:45:36] Babbbw[BastokMine]: Odyssey T1-T2 V15*T3 Kalunga V15*T4 Bumba V15 Win Sheol.C-Seg Do you need it? Buy? /tell
[07:45:45] Cooldogr[NSandOria]: Odysseyt1t2t3Arebati Kalunga Xevioso Ngai Mboze Ongo Bumba V0 Clear Mind Buy?
[07:46:01] Fczjse[PSandOria]: OmenFU Shulmanu Collar Middleboss Do you need it? Buy? tell
[07:46:11] Gjnwjmi[WestAdoulin]: Saffron Blossom Do you have it? Sell? /tell
[07:46:11] Hagreat[PortJeuno]: Sell Abyssea Empyrean Weapon  Item Do you need it?  tell  
[07:46:11] Zatazma[PortBastok]: ZNM T4 Sarameya Tinnin Tyger Item win Do you need it? Buy? /tell
[07:46:16] Cooldogr[NSandOria]: Odysseyt1t2t3Arebati Kalunga Xevioso Ngai Mboze Ongo Bumba V0 Clear Mind Buy?
[07:46:17] Bloodyheals[WestAdoulin]: mars orbs Sell? 2.5m /tell 
[07:46:19] Kimfaeonic[PortBastok]: Aeonic/ioniÉbkuuÉFpon 3zone Clear Mind Do you need it? Buy? 50M /tell 3/4
[07:46:22] Dortwo[EastAdoulin]: Chloris, Glavoid pop Do you need it? 1mil, Dragua pop 750k
[07:46:27] Bertrix[PortJeuno]: SRTeam up?Looking for members.
[07:46:36] Blkuyfvd[BastokMine]: Sell abyssea empy Weapon Shop Item LV80 85 90 Do you need it? /tell
[07:46:41] Fczjse[PSandOria]: OmenFU Shulmanu Collar Middleboss Do you need it? Buy? tell
[07:46:41] Aoora[PortBastok]: Ambuscade V.1 VD Do you need it? 3m/run Buy?
[07:46:46] Babbbw[BastokMine]: Odyssey T1-T2 V15*T3 Kalunga V15*T4 Bumba V15 Win Sheol.C-Seg Do you need it? Buy? /tell
[07:46:47] Cooldogr[NSandOria]: Odysseyt1t2t3Arebati Kalunga Xevioso Ngai Mboze Ongo Bumba V0 Clear Mind Buy?
[07:46:56] Gjnwjmi[WestAdoulin]: Saffron Blossom Do you have it? Sell? /tell
[07:47:13] Zatazma[PortBastok]: ZNM T4 Sarameya Tinnin Tyger Item win Do you need it? Buy? /tell
[07:47:13] Bloodyheals[WestAdoulin]: mars orbs Sell? 2.5m /tell 
[07:47:15] Wukonk[Whitegate]: Tinnin Sarameya Tyger win Item all 3 Do you need it? /tell Thank you.
[07:47:16] Odyeesnm[BastokMine]: Odyssey T4 Bumba T3 Ngai Mboze Xevioso Ongo Arebati Kalunag Clear Mind v0v1 Odyssey C SEG Buy?
[07:47:17] Jocror[BastokMark]: Tinnin Sarameya Tyger win Item all 3 Do you need it? Buy? /tell Thank you.
[07:47:18] Cooldogr[NSandOria]: Odysseyt1t2t3Arebati Kalunga Xevioso Ngai Mboze Ongo Bumba V0 Clear Mind Buy?
[07:47:20] Fczjse[PSandOria]: OmenFU Shulmanu Collar Middleboss Do you need it? Buy? tell
[07:47:47] Aoora[PortBastok]: Ambuscade V.1 VD Do you need it? 3m/run Buy?
[07:47:49] Kimfaeonic[PortBastok]: Aeonic/ioniÉbkuuÉFpon 3zone Clear Mind Do you need it? Buy? 50M /tell 3/4
[07:47:49] Cooldogr[NSandOria]: Odysseyt1t2t3Arebati Kalunga Xevioso Ngai Mboze Ongo Bumba V0 Clear Mind Buy?
[07:47:55] Bertrix[PortJeuno]: SRTeam up?Looking for members.2/6
[07:47:56] Babbbw[BastokMine]: Odyssey T1-T2 V15*T3 Kalunga V15*T4 Bumba V15 Win Sheol.C-Seg Do you need it? Buy? /tell
[07:48:00] Fczjse[PSandOria]: OmenFU Shulmanu Collar Middleboss Do you need it? Buy? tell
[07:48:16] Zatazma[PortBastok]: ZNM T4 Sarameya Tinnin Tyger Item win Do you need it? Buy? /tell
[07:48:20] Cooldogr[NSandOria]: Odysseyt1t2t3Arebati Kalunga Xevioso Ngai Mboze Ongo Bumba V0 Clear Mind Buy?
[07:48:35] Bertrix[PortJeuno]: SRTeam up?Looking for members.2/6
[07:48:36] Blkuyfvd[BastokMine]: Sell abyssea empy Weapon Shop Item LV80 85 90 Do you need it? /tell
[07:48:41] Fczjse[PSandOria]: OmenFU Shulmanu Collar Middleboss Do you need it? Buy? tell
[07:48:51] Cooldogr[NSandOria]: Odysseyt1t2t3Arebati Kalunga Xevioso Ngai Mboze Ongo Bumba V0 Clear Mind Buy?
[07:48:52] Gjnwjmi[WestAdoulin]: Saffron Blossom Do you have it? Sell? /tell
[07:48:52] Paozhong[LowJeuno]: Ou Earring waist hand Regal Ganutlets Do you need it? /tell
[07:48:53] Aoora[PortBastok]: Ambuscade V.1 VD Do you need it? 3m/run Buy?
[07:49:05] Babbbw[BastokMine]: Odyssey T1-T2 V15*T3 Kalunga V15*T4 Bumba V15 Win Sheol.C-Seg Do you need it? Buy? /tell
[07:49:13] Bertrix[PortJeuno]: SRTeam up?Looking for members.2/6
[07:49:17] Jocror[BastokMark]: Tinnin Sarameya Tyger win Item all 3 Do you need it? Buy? /tell Thank you.
[07:49:17] Odyeesnm[BastokMine]: Odyssey T4 Bumba T3 Ngai Mboze Xevioso Ongo Arebati Kalunag Clear Mind v0v1 Odyssey C SEG Buy?
[07:49:18] Zatazma[PortBastok]: ZNM T4 Sarameya Tinnin Tyger Item win Do you need it? Buy? /tell
[07:49:19] Kimfaeonic[PortBastok]: Aeonic/ioniÉbkuuÉFpon 3zone Clear Mind Do you need it? Buy? 50M /tell 3/4
[07:49:21] Fczjse[PSandOria]: OmenFU Shulmanu Collar Middleboss Do you need it? Buy? tell
[07:49:22] Cooldogr[NSandOria]: Odysseyt1t2t3Arebati Kalunga Xevioso Ngai Mboze Ongo Bumba V0 Clear Mind Buy?
[07:49:25] Wukonk[Whitegate]: Tinnin Sarameya Tyger win Item all 3 Do you need it? /tell Thank you.
[07:49:33] Butterchicken[Rabao]: Anyone doing Ou or Kyou?
[07:49:35] Gjnwjmi[WestAdoulin]: Saffron Blossom Do you have it? Sell? /tell
[07:49:37] Paozhong[LowJeuno]: Ou  waist hand Regal Ganutlets Do you need it? /tell
[07:49:40] Lifae[LowJeuno]: Ou ki Do you have it? Can I have it? Sell? /tell
[07:49:47] Bertrix[PortJeuno]: SRTeam up?Looking for members.2/6
[07:49:47] Hagreat[PortJeuno]: Sell Abyssea Empyrean Weapon  Item Do you need it?  tell  
[07:49:53] Cooldogr[NSandOria]: Odysseyt1t2t3Arebati Kalunga Xevioso Ngai Mboze Ongo Bumba V0 Clear Mind Buy?
[07:49:59] Aoora[PortBastok]: Ambuscade V.1 VD Do you need it? 3m/run Buy?
[07:50:01] Fczjse[PSandOria]: OmenFU Shulmanu Collar Middleboss Do you need it? Buy? tell
[07:50:14] Lifae[LowJeuno]: Ou ki Do you have it? Can I have it? Sell? /tell
[07:50:16] Babbbw[BastokMine]: Odyssey T1-T2 V15*T3 Kalunga V15*T4 Bumba V15 Win Sheol.C-Seg Do you need it? Buy? /tell
[07:50:20] Zatazma[PortBastok]: ZNM T4 Sarameya Tinnin Tyger Item win Do you need it? Buy? /tell
[07:50:24] Cooldogr[NSandOria]: Odysseyt1t2t3Arebati Kalunga Xevioso Ngai Mboze Ongo Bumba V0 Clear Mind Buy?
[07:50:36] Blkuyfvd[BastokMine]: Sell abyssea empy Weapon Shop Item LV80 85 90 Do you need it? /tell
[07:50:41] Fczjse[PSandOria]: OmenFU Shulmanu Collar Middleboss Do you need it? Buy? tell
[07:50:46] Lifae[LowJeuno]: Ou ki Do you have it? Can I have it? Sell? /tell
[07:50:49] Kimfaeonic[PortBastok]: Aeonic/ioniÉbkuuÉFpon 3zone Clear Mind Do you need it? Buy? 50M /tell 3/4
[07:50:55] Cooldogr[NSandOria]: Odysseyt1t2t3Arebati Kalunga Xevioso Ngai Mboze Ongo Bumba V0 Clear Mind Buy?
[07:51:05] Aoora[PortBastok]: Ambuscade V.1 VD Do you need it? 3m/run Buy?
[07:51:17] Jocror[BastokMark]: Tinnin Sarameya Tyger win Item all 3 Do you need it? Buy? /tell Thank you.
[07:51:19] Odyeesnm[BastokMine]: Odyssey T4 Bumba T3 Ngai Mboze Xevioso Ongo Arebati Kalunag Clear Mind v0v1 Odyssey C SEG Buy?
[07:51:21] Fczjse[PSandOria]: OmenFU Shulmanu Collar Middleboss Do you need it? Buy? tell
[07:51:22] Zatazma[PortBastok]: ZNM T4 Sarameya Tinnin Tyger Item win Do you need it? Buy? /tell
[07:51:23] Lifae[LowJeuno]: Ou ki Do you have it? Can I have it? Sell? /tell
[07:51:25] Gjnwjmi[WestAdoulin]: Saffron Blossom or Saffron Do you have it? Sell? /tell 
[07:51:26] Cooldogr[NSandOria]: Odysseyt1t2t3Arebati Kalunga Xevioso Ngai Mboze Ongo Bumba V0 Clear Mind Buy?
[07:51:26] Babbbw[BastokMine]: Odyssey T1-T2 V15*T3 Kalunga V15*T4 Bumba V15 Win Sheol.C-Seg Do you need it? Buy? /tell
[07:51:35] Wukonk[Whitegate]: Tinnin Sarameya Tyger win Item all 3 Do you need it? /tell Thank you.
[07:51:57] Cooldogr[NSandOria]: Odysseyt1t2t3Arebati Kalunga Xevioso Ngai Mboze Ongo Bumba V0 Clear Mind Buy?
[07:52:01] Fczjse[PSandOria]: OmenFU Shulmanu Collar Middleboss Do you need it? Buy? tell
[07:52:03] Gjnwjmi[WestAdoulin]: Saffron Blossom or Saffron Do you have it? Sell? /tell 
[07:52:04] Lifae[LowJeuno]: Ou ki Do you have it? Can I have it? Sell? /tell
[07:52:05] Hagreat[PortJeuno]: Sell Abyssea Empyrean Weapon  Item Do you need it?  tell  
[07:52:11] Aoora[PortBastok]: Ambuscade V.1 VD Do you need it? 3m/run Buy?
[07:52:18] Kimfaeonic[PortBastok]: Aeonic/ioniÉbkuuÉFpon 3zone Clear Mind Do you need it? Buy? 50M /tell 3/4
[07:52:25] Zatazma[PortBastok]: ZNM T4 Sarameya Tinnin Tyger Item win Do you need it? Buy? /tell
[07:52:27] Bertrix[PortJeuno]: SRTeam up?Looking for members.3/6
[07:52:28] Cooldogr[NSandOria]: Odysseyt1t2t3Arebati Kalunga Xevioso Ngai Mboze Ongo Bumba V0 Clear Mind Buy?
[07:52:33] Gjnwjmi[WestAdoulin]: Saffron Blossom or Saffron Do you have it? Sell? /tell 
[07:52:36] Babbbw[BastokMine]: Odyssey T1-T2 V15*T3 Kalunga V15*T4 Bumba V15 Win Sheol.C-Seg Do you need it? Buy? /tell
[07:52:36] Blkuyfvd[BastokMine]: Sell abyssea empy Weapon Shop Item LV80 85 90 Do you need it? /tell
[07:52:40] Fczjse[PSandOria]: OmenFU Shulmanu Collar Middleboss Do you need it? Buy? tell
[07:52:56] Lifae[LowJeuno]: Ou ki Do you have it? Can I have it? Sell? /tell
[07:52:59] Cooldogr[NSandOria]: Odysseyt1t2t3Arebati Kalunga Xevioso Ngai Mboze Ongo Bumba V0 Clear Mind Buy?
[07:53:17] Aoora[PortBastok]: Ambuscade V.1 VD Do you need it? 3m/run Buy?
[07:53:17] Jocror[BastokMark]: Tinnin Sarameya Tyger win Item all 3 Do you need it? Buy? /tell Thank you.
[07:53:21] Odyeesnm[BastokMine]: Odyssey T4 Bumba T3 Ngai Mboze Xevioso Ongo Arebati Kalunag Clear Mind v0v1 Odyssey C SEG Buy?
[07:53:21] Fczjse[PSandOria]: OmenFU Shulmanu Collar Middleboss Do you need it? Buy? tell
[07:53:27] Zatazma[PortBastok]: ZNM T4 Sarameya Tinnin Tyger Item win Do you need it? Buy? /tell
[07:53:30] Cooldogr[NSandOria]: Odysseyt1t2t3Arebati Kalunga Xevioso Ngai Mboze Ongo Bumba V0 Clear Mind Buy?
[07:53:33] Lifae[LowJeuno]: Ou ki Do you have it? Can I have it? Sell? /tell
[07:53:45] Gjnwjmi[WestAdoulin]: Saffron Blossom or Saffron Do you have it? Sell? /tell 
[07:53:45] Wukonk[Whitegate]: Tinnin Sarameya Tyger win Item all 3 Do you need it? /tell Thank you.
[07:53:46] Babbbw[BastokMine]: Odyssey T1-T2 V15*T3 Kalunga V15*T4 Bumba V15 Win Sheol.C-Seg Do you need it? Buy? /tell
[07:53:49] Kimfaeonic[PortBastok]: Aeonic/ioniÉbkuuÉFpon 3zone Clear Mind Do you need it? Buy? 50M /tell 3/4
[07:53:53] Bertrix[PortJeuno]: SRTeam up?Looking for members.4/6
[07:54:01] Fczjse[PSandOria]: OmenFU Shulmanu Collar Middleboss Do you need it? Buy? tell
[07:54:01] Cooldogr[NSandOria]: Odysseyt1t2t3Arebati Kalunga Xevioso Ngai Mboze Ongo Bumba V0 Clear Mind Buy?
[07:54:23] Aoora[PortBastok]: Ambuscade V.1 VD Do you need it? 3m/run Buy?
[07:54:29] Zatazma[PortBastok]: ZNM T4 Sarameya Tinnin Tyger Item win Do you need it? Buy? /tell
[07:54:32] Cooldogr[NSandOria]: Odysseyt1t2t3Arebati Kalunga Xevioso Ngai Mboze Ongo Bumba V0 Clear Mind Buy?
[07:54:36] Blkuyfvd[BastokMine]: Sell abyssea empy Weapon Shop Item LV80 85 90 Do you need it? /tell
[07:54:38] Lifae[LowJeuno]: Ou ki Do you have it? Can I have it? Sell? /tell
[07:54:41] Fczjse[PSandOria]: OmenFU Shulmanu Collar Middleboss Do you need it? Buy? tell
[07:54:44] Bertrix[PortJeuno]: SRTeam up?Looking for members.4/6
[07:54:55] Bloodcross[BastokMark]: mars orb 2.5m Can I have it? Sell?
[07:54:56] Babbbw[BastokMine]: Odyssey T1-T2 V15*T3 Kalunga V15*T4 Bumba V15 Win Sheol.C-Seg Do you need it? Buy? /tell
[07:55:03] Cooldogr[NSandOria]: Odysseyt1t2t3Arebati Kalunga Xevioso Ngai Mboze Ongo Bumba V0 Clear Mind Buy?
[07:55:06] Paozhong[LowJeuno]: Ou  waist hand Regal Ganutlets Do you need it? /tell
[07:55:17] Jocror[BastokMark]: Tinnin Sarameya Tyger win Item all 3 Do you need it? Buy? /tell Thank you.
[07:55:19] Kimfaeonic[PortBastok]: Aeonic/ioniÉbkuuÉFpon 3zone Clear Mind Do you need it? Buy? 50M /tell 3/4
[07:55:20] Bratgurl[Rabao]: Ambuscade v1 vd    Red Mage / Bard that can dd / White Mage  Can I have it?  4/6
[07:55:21] Fczjse[PSandOria]: OmenFU Shulmanu Collar Middleboss Do you need it? Buy? tell
[07:55:22] Odyeesnm[BastokMine]: Odyssey T4 Bumba T3 Ngai Mboze Xevioso Ongo Arebati Kalunag Clear Mind v0v1 Odyssey C SEG Buy?
[07:55:28] Aoora[PortBastok]: Ambuscade V.1 VD Do you need it? 3m/run Buy?
[07:55:31] Bertrix[PortJeuno]: SRTeam up?Looking for members.4/6
[07:55:31] Zatazma[PortBastok]: ZNM T4 Sarameya Tinnin Tyger Item win Do you need it? Buy? /tell
[07:55:34] Cooldogr[NSandOria]: Odysseyt1t2t3Arebati Kalunga Xevioso Ngai Mboze Ongo Bumba V0 Clear Mind Buy?
[07:55:36] Gjnwjmi[WestAdoulin]: Saffron Blossom or Saffron Do you have it? Sell? /tell 
[07:55:55] Wukonk[Whitegate]: Tinnin Sarameya Tyger win Item all 3 Do you need it? /tell Thank you.
[07:56:01] Fczjse[PSandOria]: OmenFU Shulmanu Collar Middleboss Do you need it? Buy? tell
[07:56:05] Cooldogr[NSandOria]: Odysseyt1t2t3Arebati Kalunga Xevioso Ngai Mboze Ongo Bumba V0 Clear Mind Buy?
[07:56:06] Babbbw[BastokMine]: Odyssey T1-T2 V15*T3 Kalunga V15*T4 Bumba V15 Win Sheol.C-Seg Do you need it? Buy? /tell
[07:56:14] Kriptis(E) : Hello!
[07:56:22] Dortwo[EastAdoulin]: Glavoid pop Do you need it? 1mil, Dragua pop 750k, send /tell
[07:56:23] Bertrix[PortJeuno]: SRTeam up?Looking for members.4/6
[07:56:31] Lifae[LowJeuno]: Ou ki Do you have it? Can I have it? Sell? /tell
[07:56:34] Zatazma[PortBastok]: ZNM T4 Sarameya Tinnin Tyger Item win Do you need it? Buy? /tell
[07:56:35] Aoora[PortBastok]: Ambuscade V.1 VD Do you need it? 3m/run Buy?
[07:56:36] Blkuyfvd[BastokMine]: Sell abyssea empy Weapon Shop Item LV80 85 90 Do you need it? /tell
[07:56:36] Cooldogr[NSandOria]: Odysseyt1t2t3Arebati Kalunga Xevioso Ngai Mboze Ongo Bumba V0 Clear Mind Buy?
[07:56:41] Fczjse[PSandOria]: OmenFU Shulmanu Collar Middleboss Do you need it? Buy? tell
[07:56:47] Bigdaddysise[Rabao]:  Tumult Curator 145 UNM Mercenary Can I have it? please /tell
[07:56:49] Kimfaeonic[PortBastok]: Aeonic/ioniÉbkuuÉFpon 3zone Clear Mind Do you need it? Buy? 50M /tell 3/4
[07:56:57] Bratgurl[Rabao]: Ambuscade v1 vd    Red Mage / Bard that can dd / White Mage  Can I have it?  4/6
[07:57:07] Cooldogr[NSandOria]: Odysseyt1t2t3Arebati Kalunga Xevioso Ngai Mboze Ongo Bumba V0 Clear Mind Buy?
[07:57:14] Lifae[LowJeuno]: Ou ki Do you have it? Can I have it? Sell? /tell
[07:57:16] Babbbw[BastokMine]: Odyssey T1-T2 V15*T3 Kalunga V15*T4 Bumba V15 Win Sheol.C-Seg Do you need it? Buy? /tell
[07:57:17] Jocror[BastokMark]: Tinnin Sarameya Tyger win Item all 3 Do you need it? Buy? /tell Thank you.
[07:57:19] Dortwo[EastAdoulin]: Vagary Clear Mind Can I have it? /tell price
[07:57:21] Fczjse[PSandOria]: OmenFU Shulmanu Collar Middleboss Do you need it? Buy? tell
[07:57:24] Odyeesnm[BastokMine]: Odyssey T4 Bumba T3 Ngai Mboze Xevioso Ongo Arebati Kalunag Clear Mind v0v1 Odyssey C SEG Buy?
[07:57:36] Zatazma[PortBastok]: ZNM T4 Sarameya Tinnin Tyger Item win Do you need it? Buy? /tell
[07:57:38] Cooldogr[NSandOria]: Odysseyt1t2t3Arebati Kalunga Xevioso Ngai Mboze Ongo Bumba V0 Clear Mind Buy?
[07:57:41] Aoora[PortBastok]: Ambuscade V.1 VD Do you need it? 3m/run Buy?
[07:57:46] Lifae[LowJeuno]: Ou ki Do you have it? Can I have it? Sell? /tell
[07:58:00] Bigdaddysise[Rabao]:  Tumult Curator 145 UNM Mercenary Can I have it? please /tell
[07:58:01] Fczjse[PSandOria]: OmenFU Shulmanu Collar Middleboss Do you need it? Buy? tell
[07:58:01] Gjnwjmi[WestAdoulin]: Saffron Blossom or Saffron Do you have it? Sell? /tell 
[07:58:05] Wukonk[Whitegate]: Tinnin Sarameya Tyger win Item all 3 Do you need it? /tell Thank you.
[07:58:09] Cooldogr[NSandOria]: Odysseyt1t2t3Arebati Kalunga Xevioso Ngai Mboze Ongo Bumba V0 Clear Mind Buy?
[07:58:19] Kimfaeonic[PortBastok]: Aeonic/ioniÉbkuuÉFpon 3zone Clear Mind Do you need it? Buy? 50M /tell 3/4
[07:58:26] Babbbw[BastokMine]: Odyssey T1-T2 V15*T3 Kalunga V15*T4 Bumba V15 Win Sheol.C-Seg Do you need it? Buy? /tell
[07:58:33] Bratgurl[Rabao]: Ambuscade v1 vd    Red Mage / Bard that can dd /   Can I have it?  5/6
[07:58:36] Blkuyfvd[BastokMine]: Sell abyssea empy Weapon Shop Item LV80 85 90 Do you need it? /tell
[07:58:39] Zatazma[PortBastok]: ZNM T4 Sarameya Tinnin Tyger Item win Do you need it? Buy? /tell
[07:58:40] Cooldogr[NSandOria]: Odysseyt1t2t3Arebati Kalunga Xevioso Ngai Mboze Ongo Bumba V0 Clear Mind Buy?
[07:58:41] Fczjse[PSandOria]: OmenFU Shulmanu Collar Middleboss Do you need it? Buy? tell
[07:58:42] Lifae[LowJeuno]: Ou ki Do you have it? Can I have it? Sell? or Lock On PLD/RUN hand /tell
[07:58:46] Aoora[PortBastok]: Ambuscade V.1 VD Do you need it? 3m/run Buy?
[07:58:56] Dortwo[PortJeuno]: Glavoid pop Do you need it? 1mil, Dragua pop 750k, send /tell
[07:59:06] Bigdaddysise[Rabao]:  Tumult Curator 145 UNM Mercenary Can I have it? please /tell
[07:59:09] Ô3Wormfeeder(E) : hello
[07:59:11] Cooldogr[NSandOria]: Odysseyt1t2t3Arebati Kalunga Xevioso Ngai Mboze Ongo Bumba V0 Clear Mind Buy?
[07:59:15] Lifae[LowJeuno]: Ou ki Do you have it? Can I have it? Sell? or Lock On PLD/RUN hand /tell
[07:59:17] Jocror[BastokMark]: Tinnin Sarameya Tyger win Item all 3 Do you need it? Buy? /tell Thank you.
[07:59:21] Fczjse[PSandOria]: OmenFU Shulmanu Collar Middleboss Do you need it? Buy? tell
[07:59:25] Odyeesnm[BastokMine]: Odyssey T4 Bumba T3 Ngai Mboze Xevioso Ongo Arebati Kalunag Clear Mind v0v1 Odyssey C SEG Buy?
[07:59:30] Gjnwjmi[WestAdoulin]: Saffron Blossom or Saffron Do you have it? Sell? /tell 
[07:59:36] Babbbw[BastokMine]: Odyssey T1-T2 V15*T3 Kalunga V15*T4 Bumba V15 Win Sheol.C-Seg Do you need it? Buy? /tell
[07:59:40] Zatazma[PortBastok]: ZNM T4 Sarameya Tinnin Tyger Item win Do you need it? Buy? /tell
[07:59:42] Cooldogr[NSandOria]: Odysseyt1t2t3Arebati Kalunga Xevioso Ngai Mboze Ongo Bumba V0 Clear Mind Buy?
[07:59:49] Kimfaeonic[PortBastok]: Aeonic/ioniÉbkuuÉFpon 3zone Clear Mind Do you need it? Buy? 50M /tell 3/4
[07:59:53] Aoora[PortBastok]: Ambuscade V.1 VD Do you need it? 3m/run Buy?
[07:59:59] Lifae[LowJeuno]: Ou ki Do you have it? Can I have it? Sell? or Lock On PLD/RUN hand /tell
[08:00:01] Fczjse[PSandOria]: OmenFU Shulmanu Collar Middleboss Do you need it? Buy? tell
[08:00:04] Bigdaddysise[Rabao]:  Tumult Curator 145 UNM Mercenary Can I have it? please /tell
[08:00:13] Cooldogr[NSandOria]: Odysseyt1t2t3Arebati Kalunga Xevioso Ngai Mboze Ongo Bumba V0 Clear Mind Buy?
[08:00:15] Wukonk[Whitegate]: Tinnin Sarameya Tyger win Item all 3 Do you need it? /tell Thank you.
[08:00:35] Lifae[LowJeuno]: Ou ki Do you have it? Can I have it? Sell? or Lock On PLD/RUN hand /tell
[08:00:36] Blkuyfvd[BastokMine]: Sell abyssea empy Weapon Shop Item LV80 85 90 Do you need it? /tell
[08:00:41] Fczjse[PSandOria]: OmenFU Shulmanu Collar Middleboss Do you need it? Buy? tell
[08:00:43] Zatazma[PortBastok]: ZNM T4 Sarameya Tinnin Tyger Item win Do you need it? Buy? /tell
[08:00:44] Cooldogr[NSandOria]: Odysseyt1t2t3Arebati Kalunga Xevioso Ngai Mboze Ongo Bumba V0 Clear Mind Buy?
[08:00:46] Babbbw[BastokMine]: Odyssey T1-T2 V15*T3 Kalunga V15*T4 Bumba V15 Win Sheol.C-Seg Do you need it? Buy? /tell
[08:00:59] Aoora[PortBastok]: Ambuscade V.1 VD Do you need it? 3m/run Buy?
[08:01:01] Gjnwjmi[WestAdoulin]: Saffron Blossom or Saffron Do you have it? Sell? /tell 
[08:01:08] Bigdaddysise[Rabao]:  Tumult Curator 145 UNM Mercenary Can I have it? please /tell
[08:01:15] Cooldogr[NSandOria]: Odysseyt1t2t3Arebati Kalunga Xevioso Ngai Mboze Ongo Bumba V0 Clear Mind Buy?
[08:01:17] Jocror[BastokMark]: Tinnin Sarameya Tyger win Item all 3 Do you need it? Buy? /tell Thank you.
[08:01:19] Kimfaeonic[PortBastok]: Aeonic/ioniÉbkuuÉFpon 3zone Clear Mind Do you need it? Buy? 50M /tell 3/4
[08:01:20] Fczjse[PSandOria]: OmenFU Shulmanu Collar Middleboss Do you need it? Buy? tell
[08:01:26] Odyeesnm[BastokMine]: Odyssey T4 Bumba T3 Ngai Mboze Xevioso Ongo Arebati Kalunag Clear Mind v0v1 Odyssey C SEG Buy?
[08:01:31] Lifae[LowJeuno]: Ou ki Do you have it? Can I have it? Sell? or Lock On PLD/RUN hand /tell
[08:01:34] Cinigoatjr synthesized a gold ring +1.
[08:01:45] Zatazma[PortBastok]: ZNM T4 Sarameya Tinnin Tyger Item win Do you need it? Buy? /tell
[08:01:46] Cooldogr[NSandOria]: Odysseyt1t2t3Arebati Kalunga Xevioso Ngai Mboze Ongo Bumba V0 Clear Mind Buy?
[08:01:55] Gjnwjmi[WestAdoulin]: Saffron Blossom or Saffron Do you have it? Sell? /tell 
[08:01:55] Bigdaddysise[Rabao]:  Tumult Curator 145 UNM Mercenary Can I have it? please /tell
[08:01:55] Cinigoatjr synthesized a gold ring.
[08:01:56] Babbbw[BastokMine]: Odyssey T1-T2 V15*T3 Kalunga V15*T4 Bumba V15 Win Sheol.C-Seg Do you need it? Buy? /tell
[08:02:01] Fczjse[PSandOria]: OmenFU Shulmanu Collar Middleboss Do you need it? Buy? tell
[08:02:05] Aoora[PortBastok]: Ambuscade V.1 VD Do you need it? 3m/run Buy?
[08:02:10] Lifae[LowJeuno]: Ou ki Do you have it? Can I have it? Sell? or Lock On PLD/RUN hand /tell
[08:02:17] Cooldogr[NSandOria]: Odysseyt1t2t3Arebati Kalunga Xevioso Ngai Mboze Ongo Bumba V0 Clear Mind Buy?
[08:02:23] Cinigoatjr synthesized a gold ring.
[08:02:25] Wukonk[Whitegate]: Tinnin Sarameya Tyger win Item all 3 Do you need it? /tell Thank you.
[08:02:36] Blkuyfvd[BastokMine]: Sell abyssea empy Weapon Shop Item LV80 85 90 Do you need it? /tell
[08:02:37] Cinigoatjr synthesized a gold ring +1.
[08:02:40] Fczjse[PSandOria]: OmenFU Shulmanu Collar Middleboss Do you need it? Buy? tell
[08:02:41] Gjnwjmi[WestAdoulin]: Saffron Blossom or Saffron Do you have it? Sell? /tell 
[08:02:44] Lifae[LowJeuno]: Ou ki Do you have it? Can I have it? Sell? or Lock On PLD/RUN hand /tell
[08:02:47] Zatazma[PortBastok]: ZNM T4 Sarameya Tinnin Tyger Item win Do you need it? Buy? /tell
[08:02:48] Cooldogr[NSandOria]: Odysseyt1t2t3Arebati Kalunga Xevioso Ngai Mboze Ongo Bumba V0 Clear Mind Buy?
[08:02:49] Kimfaeonic[PortBastok]: Aeonic/ioniÉbkuuÉFpon 3zone Clear Mind Do you need it? Buy? 50M /tell 3/4
[08:02:50] Cinigoatjr synthesized a gold ring +1.
[08:02:58] Kimastar[SSandOria]: Abyssea Apademak Horn / Dyna Valkurm Clear Do you need it? Buy?
[08:03:02] Cinigoatjr synthesized a gold ring +1.
[08:03:06] Babbbw[BastokMine]: Odyssey T1-T2 V15*T3 Kalunga V15*T4 Bumba V15 Win Sheol.C-Seg Do you need it? Buy? /tell
[08:03:11] Aoora[PortBastok]: Ambuscade V.1 VD Do you need it? 3m/run Buy?
[08:03:15] Cinigoatjr synthesized a gold ring +1.
[08:03:17] Jocror[BastokMark]: Tinnin Sarameya Tyger win Item all 3 Do you need it? Buy? /tell Thank you.
[08:03:19] Cooldogr[NSandOria]: Odysseyt1t2t3Arebati Kalunga Xevioso Ngai Mboze Ongo Bumba V0 Clear Mind Buy?
[08:03:21] Fczjse[PSandOria]: OmenFU Shulmanu Collar Middleboss Do you need it? Buy? tell
[08:03:21] Bigdaddysise[Rabao]:  Tumult Curator 145 UNM Mercenary Can I have it? please /tell
[08:03:22] Lifae[LowJeuno]: Ou ki Do you have it? Can I have it? Sell? or Lock On PLD/RUN hand /tell
[08:03:28] Bloodcross[BastokMark]: mars orb 2.5m Can I have it? Sell?
[08:03:28] Odyeesnm[BastokMine]: Odyssey T4 Bumba T3 Ngai Mboze Xevioso Ongo Arebati Kalunag Clear Mind v0v1 Odyssey C SEG Buy?
[08:03:28] Cinigoatjr synthesized a gold ring +1.
[08:03:41] Cinigoatjr synthesized a gold ring +1.
[08:03:50] Zatazma[PortBastok]: ZNM T4 Sarameya Tinnin Tyger Item win Do you need it? Buy? /tell
[08:03:50] Cooldogr[NSandOria]: Odysseyt1t2t3Arebati Kalunga Xevioso Ngai Mboze Ongo Bumba V0 Clear Mind Buy?
[08:03:55] Cinigoatjr synthesized a gold ring.
[08:04:00] Fczjse[PSandOria]: OmenFU Shulmanu Collar Middleboss Do you need it? Buy? tell
[08:04:04] Lifae[LowJeuno]: Ou ki Do you have it? Can I have it? Sell? or Lock On PLD/RUN hand /tell
[08:04:07] Cinigoatjr synthesized a gold ring +1.
[08:04:16] Babbbw[BastokMine]: Odyssey T1-T2 V15*T3 Kalunga V15*T4 Bumba V15 Win Sheol.C-Seg Do you need it? Buy? /tell
[08:04:17] Aoora[PortBastok]: Ambuscade V.1 VD Do you need it? 3m/run Buy?
[08:04:19] Kimfaeonic[PortBastok]: Aeonic/ioniÉbkuuÉFpon 3zone Clear Mind Do you need it? Buy? 50M /tell 3/4
[08:04:21] Cooldogr[NSandOria]: Odysseyt1t2t3Arebati Kalunga Xevioso Ngai Mboze Ongo Bumba V0 Clear Mind Buy?
[08:04:21] Cinigoatjr synthesized a gold ring.
[08:04:32] Bigdaddysise[Rabao]:  Tumult Curator 145 UNM Mercenary Can I have it? please /tell
[08:04:34] Cinigoatjr synthesized a gold ring +1.
[08:04:35] Wukonk[Whitegate]: Tinnin Sarameya Tyger win Item all 3 Do you need it? /tell Thank you.
[08:04:36] Blkuyfvd[BastokMine]: Sell abyssea empy Weapon Shop Item LV80 85 90 Do you need it? /tell
[08:04:40] Fczjse[PSandOria]: OmenFU Shulmanu Collar Middleboss Do you need it? Buy? tell
[08:04:40] Lifae[LowJeuno]: Ou ki Do you have it? Can I have it? Sell? or Lock On PLD/RUN hand /tell
[08:04:44] Kfoboy[PortJeuno]: Beitetsu H-P Bayld Do you need it? Cheaper (E-6)
[08:04:47] Cinigoatjr synthesized a gold ring +1.
[08:04:52] Zatazma[PortBastok]: ZNM T4 Sarameya Tinnin Tyger Item win Do you need it? Buy? /tell
[08:04:52] Cooldogr[NSandOria]: Odysseyt1t2t3Arebati Kalunga Xevioso Ngai Mboze Ongo Bumba V0 Clear Mind Buy?
[08:05:01] Cinigoatjr synthesized a gold ring.
[08:05:16] Cinigoatjr synthesized a gold ring.
[08:05:17] Jocror[BastokMark]: Tinnin Sarameya Tyger win Item all 3 Do you need it? Buy? /tell Thank you.
[08:05:21] Fczjse[PSandOria]: OmenFU Shulmanu Collar Middleboss Do you need it? Buy? tell
[08:05:23] Aoora[PortBastok]: Ambuscade V.1 VD Do you need it? 3m/run Buy?
[08:05:23] Cooldogr[NSandOria]: Odysseyt1t2t3Arebati Kalunga Xevioso Ngai Mboze Ongo Bumba V0 Clear Mind Buy?
[08:05:26] Babbbw[BastokMine]: Odyssey T1-T2 V15*T3 Kalunga V15*T4 Bumba V15 Win Sheol.C-Seg Do you need it? Buy? /tell
[08:05:29] Cinigoatjr synthesized a gold ring +1.
[08:05:29] Odyeesnm[BastokMine]: Odyssey T4 Bumba T3 Ngai Mboze Xevioso Ongo Arebati Kalunag Clear Mind v0v1 Odyssey C SEG Buy?
[08:05:35] Lifae[LowJeuno]: Ou ki Do you have it? Can I have it? Sell? or Lock On PLD/RUN hand /tell
[08:05:42] Cinigoatjr synthesized a gold ring.
[08:05:48] Kimfaeonic[PortBastok]: Aeonic/ioniÉbkuuÉFpon 3zone Clear Mind Do you need it? Buy? 50M /tell 3/4
[08:05:54] Cooldogr[NSandOria]: Odysseyt1t2t3Arebati Kalunga Xevioso Ngai Mboze Ongo Bumba V0 Clear Mind Buy?
[08:05:54] Zatazma[PortBastok]: ZNM T4 Sarameya Tinnin Tyger Item win Do you need it? Buy? /tell
[08:05:56] Cinigoatjr synthesized a gold ring +1.
[08:06:01] Fczjse[PSandOria]: OmenFU Shulmanu Collar Middleboss Do you need it? Buy? tell
[08:06:04] Bloodcross[BastokMark]: mars orb 2.5m Can I have it? Sell?
[08:06:10] Cinigoatjr synthesized a gold ring.
[08:06:25] Cooldogr[NSandOria]: Odysseyt1t2t3Arebati Kalunga Xevioso Ngai Mboze Ongo Bumba V0 Clear Mind Buy?
[08:06:29] Aoora[PortBastok]: Ambuscade V.1 VD Do you need it? 3m/run Buy?
[08:06:34] Bigdaddysise[RuLudeGard]:  Tumult Curator 145 UNM Mercenary Can I have it? please /tell
[08:06:36] Blkuyfvd[BastokMine]: Sell abyssea empy Weapon Shop Item LV80 85 90 Do you need it? /tell
[08:06:36] Babbbw[BastokMine]: Odyssey T1-T2 V15*T3 Kalunga V15*T4 Bumba V15 Win Sheol.C-Seg Do you need it? Buy? /tell
[08:06:40] Lifae[LowJeuno]: Ou ki Do you have it? Can I have it? Sell? or Lock On PLD/RUN hand /tell
[08:06:41] Fczjse[PSandOria]: OmenFU Shulmanu Collar Middleboss Do you need it? Buy? tell
[08:06:44] Kfoboy[PortJeuno]: Beitetsu H-P Bayld Do you need it? Cheaper (E-6)
[08:06:45] Wukonk[Whitegate]: Tinnin Sarameya Tyger win Item all 3 Do you need it? /tell Thank you.
[08:06:56] Cooldogr[NSandOria]: Odysseyt1t2t3Arebati Kalunga Xevioso Ngai Mboze Ongo Bumba V0 Clear Mind Buy?
[08:06:56] Zatazma[PortBastok]: ZNM T4 Sarameya Tinnin Tyger Item win Do you need it? Buy? /tell
[08:07:17] Jocror[BastokMark]: Tinnin Sarameya Tyger win Item all 3 Do you need it? Buy? /tell Thank you.
[08:07:19] Kimfaeonic[PortBastok]: Aeonic/ioniÉbkuuÉFpon 3zone Clear Mind Do you need it? Buy? 50M /tell 3/4
[08:07:21] Fczjse[PSandOria]: OmenFU Shulmanu Collar Middleboss Do you need it? Buy? tell
[08:07:23] Kimastar[SSandOria]: Abyssea Apademak Horn / Dyna Valkurm Clear Do you need it? Buy?
[08:07:27] Cooldogr[NSandOria]: Odysseyt1t2t3Arebati Kalunga Xevioso Ngai Mboze Ongo Bumba V0 Clear Mind Buy?
[08:07:30] Lifae[LowJeuno]: Ou ki Do you have it? Can I have it? Sell? or Lock On PLD/RUN hand /tell
[08:07:30] Odyeesnm[BastokMine]: Odyssey T4 Bumba T3 Ngai Mboze Xevioso Ongo Arebati Kalunag Clear Mind v0v1 Odyssey C SEG Buy?
[08:07:35] Aoora[PortBastok]: Ambuscade V.1 VD Do you need it? 3m/run Buy?
[08:07:46] Babbbw[BastokMine]: Odyssey T1-T2 V15*T3 Kalunga V15*T4 Bumba V15 Win Sheol.C-Seg Do you need it? Buy? /tell
[08:07:58] Cooldogr[NSandOria]: Odysseyt1t2t3Arebati Kalunga Xevioso Ngai Mboze Ongo Bumba V0 Clear Mind Buy?
[08:07:59] Zatazma[PortBastok]: ZNM T4 Sarameya Tinnin Tyger Item win Do you need it? Buy? /tell
[08:08:01] Fczjse[PSandOria]: OmenFU Shulmanu Collar Middleboss Do you need it? Buy? tell
[08:08:03] Lifae[LowJeuno]: Ou ki Do you have it? Can I have it? Sell? or Lock On PLD/RUN hand /tell
[08:08:22] Dortwo[EastAdoulin]: Glavoid pop Do you need it? 1mil, Dragua pop 750k, send /tell
[08:08:29] Cooldogr[NSandOria]: Odysseyt1t2t3Arebati Kalunga Xevioso Ngai Mboze Ongo Bumba V0 Clear Mind Buy?
[08:08:36] Blkuyfvd[BastokMine]: Sell abyssea empy Weapon Shop Item LV80 85 90 Do you need it? /tell
[08:08:41] Fczjse[PSandOria]: OmenFU Shulmanu Collar Middleboss Do you need it? Buy? tell
[08:08:41] Aoora[PortBastok]: Ambuscade V.1 VD Do you need it? 3m/run Buy?
[08:08:49] Lifae[LowJeuno]: Ou ki Do you have it? Can I have it? Sell? or Lock On PLD/RUN hand /tell
[08:08:49] Kimfaeonic[PortBastok]: Aeonic/ioniÉbkuuÉFpon 3zone Clear Mind Do you need it? Buy? 50M /tell 3/4
[08:08:55] Wukonk[Whitegate]: Tinnin Sarameya Tyger win Item all 3 Do you need it? /tell Thank you.
[08:08:56] Babbbw[BastokMine]: Odyssey T1-T2 V15*T3 Kalunga V15*T4 Bumba V15 Win Sheol.C-Seg Do you need it? Buy? /tell
[08:08:56] Bigdaddysise[RuLudeGard]:  Tumult Curator 145 UNM Mercenary Can I have it? please /tell
[08:09:00] Cooldogr[NSandOria]: Odysseyt1t2t3Arebati Kalunga Xevioso Ngai Mboze Ongo Bumba V0 Clear Mind Buy?
[08:09:01] Zatazma[PortBastok]: ZNM T4 Sarameya Tinnin Tyger Item win Do you need it? Buy? /tell
[08:09:17] Jocror[BastokMark]: Tinnin Sarameya Tyger win Item all 3 Do you need it? Buy? /tell Thank you.
[08:09:21] Fczjse[PSandOria]: OmenFU Shulmanu Collar Middleboss Do you need it? Buy? tell
[08:09:29] Lifae[LowJeuno]: Ou ki Do you have it? Can I have it? Sell? or Lock On PLD/RUN hand /tell
[08:09:31] Cooldogr[NSandOria]: Odysseyt1t2t3Arebati Kalunga Xevioso Ngai Mboze Ongo Bumba V0 Clear Mind Buy?
[08:09:32] Odyeesnm[BastokMine]: Odyssey T4 Bumba T3 Ngai Mboze Xevioso Ongo Arebati Kalunag Clear Mind v0v1 Odyssey C SEG Buy?
[08:09:44] Dortwo[EastAdoulin]: Vagary Clear Mind Can I have it? /tell price
[08:09:47] Aoora[PortBastok]: Ambuscade V.1 VD Do you need it? 3m/run Buy?
[08:09:52] Sesshmaru[Rabao]: Odyssey C Looking for members. REMA BRD COR Phantom Roll 7 / 8 yWHM Veteran Tank 2/6
[08:10:01] Fczjse[PSandOria]: OmenFU Shulmanu Collar Middleboss Do you need it? Buy? tell
[08:10:02] Gjnwjmi[WestAdoulin]: Saffron Blossom or Saffron Do you have it? Sell? /tell 
[08:10:02] Cooldogr[NSandOria]: Odysseyt1t2t3Arebati Kalunga Xevioso Ngai Mboze Ongo Bumba V0 Clear Mind Buy?
[08:10:04] Zatazma[PortBastok]: ZNM T4 Sarameya Tinnin Tyger Item win Do you need it? Buy? /tell
[08:10:06] Babbbw[BastokMine]: Odyssey T1-T2 V15*T3 Kalunga V15*T4 Bumba V15 Win Sheol.C-Seg Do you need it? Buy? /tell
[08:10:09] Lifae[LowJeuno]: Ou ki Do you have it? Can I have it? Sell? or Lock On PLD/RUN hand /tell
[08:10:18] Kimfaeonic[PortBastok]: Aeonic/ioniÉbkuuÉFpon 3zone Clear Mind Do you need it? Buy? 50M /tell 3/4
[08:10:26] Dortwo[EastAdoulin]: Glavoid pop Do you need it? 1mil, Dragua pop 750k, send /tell
[08:10:27] Kimastar[SSandOria]: Abyssea Apademak Horn / Dyna Valkurm Clear Do you need it? Buy?
[08:10:33] Cooldogr[NSandOria]: Odysseyt1t2t3Arebati Kalunga Xevioso Ngai Mboze Ongo Bumba V0 Clear Mind Buy?
[08:10:36] Blkuyfvd[BastokMine]: Sell abyssea empy Weapon Shop Item LV80 85 90 Do you need it? /tell
[08:10:41] Fczjse[PSandOria]: OmenFU Shulmanu Collar Middleboss Do you need it? Buy? tell
[08:10:43] Lifae[LowJeuno]: Ou ki Do you have it? Can I have it? Sell? or Lock On PLD/RUN hand /tell
[08:10:55] Sesshmaru[Rabao]: Odyssey C Looking for members. REMA BRD  yWHM Veteran Tank 3/6
[08:11:04] Cooldogr[NSandOria]: Odysseyt1t2t3Arebati Kalunga Xevioso Ngai Mboze Ongo Bumba V0 Clear Mind Buy?
[08:11:05] Wukonk[Whitegate]: Tinnin Sarameya Tyger win Item all 3 Do you need it? /tell Thank you.
[08:11:06] Zatazma[PortBastok]: ZNM T4 Sarameya Tinnin Tyger Item win Do you need it? Buy? /tell
[08:11:06] Gjnwjmi[WestAdoulin]: Saffron Blossom or Saffron Do you have it? Sell? /tell 
[08:11:10] Bigdaddysise[RuLudeGard]:  Tumult Curator 145 UNM Mercenary Can I have it? please /tell
[08:11:15] Lifae[LowJeuno]: Ou ki Do you have it? Can I have it? Sell? or Lock On PLD/RUN hand /tell
[08:11:16] Babbbw[BastokMine]: Odyssey T1-T2 V15*T3 Kalunga V15*T4 Bumba V15 Win Sheol.C-Seg Do you need it? Buy? /tell
[08:11:17] Jocror[BastokMark]: Tinnin Sarameya Tyger win Item all 3 Do you need it? Buy? /tell Thank you.
[08:11:21] Fczjse[PSandOria]: OmenFU Shulmanu Collar Middleboss Do you need it? Buy? tell
[08:11:22] Engetsu[PortJeuno]: ody C segs Team up? tank heal cor brd Can I have it?
[08:11:33] Odyeesnm[BastokMine]: Odyssey T4 Bumba T3 Ngai Mboze Xevioso Ongo Arebati Kalunag Clear Mind v0v1 Odyssey C SEG Buy?
[08:11:35] Cooldogr[NSandOria]: Odysseyt1t2t3Arebati Kalunga Xevioso Ngai Mboze Ongo Bumba V0 Clear Mind Buy?
[08:11:49] Kimfaeonic[PortBastok]: Aeonic/ioniÉbkuuÉFpon 3zone Clear Mind Do you need it? Buy? 50M /tell 3/4
[08:11:59] Lifae[LowJeuno]: Ou ki Do you have it? Can I have it? Sell? or Lock On PLD/RUN hand /tell
[08:12:01] Fczjse[PSandOria]: OmenFU Shulmanu Collar Middleboss Do you need it? Buy? tell
[08:12:06] Cooldogr[NSandOria]: Odysseyt1t2t3Arebati Kalunga Xevioso Ngai Mboze Ongo Bumba V0 Clear Mind Buy?
[08:12:08] Zatazma[PortBastok]: ZNM T4 Sarameya Tinnin Tyger Item win Do you need it? Buy? /tell
[08:12:18] Kimastar[SSandOria]: Abyssea Apademak Horn / Dyna Valkurm Clear Do you need it? Buy?
[08:12:26] Dortwo[EastAdoulin]: Glavoid pop Do you need it? 1mil, Dragua pop 750k, send /tell
[08:12:26] Babbbw[BastokMine]: Odyssey T1-T2 V15*T3 Kalunga V15*T4 Bumba V15 Win Sheol.C-Seg Do you need it? Buy? /tell
[08:12:36] Blkuyfvd[BastokMine]: Sell abyssea empy Weapon Shop Item LV80 85 90 Do you need it? /tell
[08:12:37] Cooldogr[NSandOria]: Odysseyt1t2t3Arebati Kalunga Xevioso Ngai Mboze Ongo Bumba V0 Clear Mind Buy?
[08:12:41] Fczjse[PSandOria]: OmenFU Shulmanu Collar Middleboss Do you need it? Buy? tell
[08:12:51] Lifae[LowJeuno]: Ou ki Do you have it? Can I have it? Sell? or Lock On PLD/RUN hand /tell
[08:12:57] Engetsu[PortJeuno]: ody C segs Team up? tank heal cor brd Can I have it?
[08:13:03] Sesshmaru[Rabao]: Odyssey C Looking for members. REMA BRD  yWHM Veteran Tank 3/6
[08:13:08] Cooldogr[NSandOria]: Odysseyt1t2t3Arebati Kalunga Xevioso Ngai Mboze Ongo Bumba V0 Clear Mind Buy?
[08:13:10] Zatazma[PortBastok]: ZNM T4 Sarameya Tinnin Tyger Item win Do you need it? Buy? /tell
[08:13:15] Wukonk[Whitegate]: Tinnin Sarameya Tyger win Item all 3 Do you need it? /tell Thank you.
[08:13:17] Jocror[BastokMark]: Tinnin Sarameya Tyger win Item all 3 Do you need it? Buy? /tell Thank you.
[08:13:19] Kimfaeonic[PortBastok]: Aeonic/ioniÉbkuuÉFpon 3zone Clear Mind Do you need it? Buy? 50M /tell 3/4
[08:13:21] Fczjse[PSandOria]: OmenFU Shulmanu Collar Middleboss Do you need it? Buy? tell
[08:13:35] Odyeesnm[BastokMine]: Odyssey T4 Bumba T3 Ngai Mboze Xevioso Ongo Arebati Kalunag Clear Mind v0v1 Odyssey C SEG Buy?
[08:13:36] Babbbw[BastokMine]: Odyssey T1-T2 V15*T3 Kalunga V15*T4 Bumba V15 Win Sheol.C-Seg Do you need it? Buy? /tell
[08:13:39] Lifae[LowJeuno]: Ou ki Do you have it? Can I have it? Sell? or Lock On PLD/RUN hand /tell
[08:13:39] Cooldogr[NSandOria]: Odysseyt1t2t3Arebati Kalunga Xevioso Ngai Mboze Ongo Bumba V0 Clear Mind Buy?
[08:13:45] Bigdaddysise[RuLudeGard]:  Tumult Curator 145 UNM Mercenary Can I have it? please /tell
[08:14:01] Fczjse[PSandOria]: OmenFU Shulmanu Collar Middleboss Do you need it? Buy? tell
[08:14:10] Cooldogr[NSandOria]: Odysseyt1t2t3Arebati Kalunga Xevioso Ngai Mboze Ongo Bumba V0 Clear Mind Buy?
[08:14:12] Zatazma[PortBastok]: ZNM T4 Sarameya Tinnin Tyger Item win Do you need it? Buy? /tell
[08:14:31] Paozhong[LowJeuno]: Ou  waist hand Regal Ganutlets Do you need it? /tell go in 8min
[08:14:36] Blkuyfvd[BastokMine]: Sell abyssea empy Weapon Shop Item LV80 85 90 Do you need it? /tell
[08:14:41] Fczjse[PSandOria]: OmenFU Shulmanu Collar Middleboss Do you need it? Buy? tell
[08:14:41] Kimastar[SSandOria]: Abyssea Apademak Horn / Dyna Valkurm Clear Do you need it? Buy?
[08:14:42] Cooldogr[NSandOria]: Odysseyt1t2t3Arebati Kalunga Xevioso Ngai Mboze Ongo Bumba V0 Clear Mind Buy?
[08:14:46] Babbbw[BastokMine]: Odyssey T1-T2 V15*T3 Kalunga V15*T4 Bumba V15 Win Sheol.C-Seg Do you need it? Buy? /tell
[08:14:49] Kimfaeonic[PortBastok]: Aeonic/ioniÉbkuuÉFpon 3zone Clear Mind Do you need it? Buy? 50M /tell 3/4
[08:15:12] Paozhong[LowJeuno]: Ou  waist hand Regal Ganutlets Do you need it? /tell go in 7min
[08:15:13] Cooldogr[NSandOria]: Odysseyt1t2t3Arebati Kalunga Xevioso Ngai Mboze Ongo Bumba V0 Clear Mind Buy?
[08:15:13] Bigdaddysise[RuLudeGard]:  Tumult Curator 145 UNM Mercenary Can I have it? please /tell
[08:15:15] Zatazma[PortBastok]: ZNM T4 Sarameya Tinnin Tyger Item win Do you need it? Buy? /tell
[08:15:17] Gjnwjmi[WestAdoulin]: Saffron Blossom or Saffron Do you have it? Sell? /tell 
[08:15:17] Jocror[BastokMark]: Tinnin Sarameya Tyger win Item all 3 Do you need it? Buy? /tell Thank you.
[08:15:25] Wukonk[Whitegate]: Tinnin Sarameya Tyger win Item all 3 Do you need it? /tell Thank you.
[08:15:37] Odyeesnm[BastokMine]: Odyssey T4 Bumba T3 Ngai Mboze Xevioso Ongo Arebati Kalunag Clear Mind v0v1 Odyssey C SEG Buy?
[08:15:41] Engetsu[PortJeuno]: ody C segs Team up? tank heal cor brd Can I have it?
[08:15:43] Cooldogr[NSandOria]: Odysseyt1t2t3Arebati Kalunga Xevioso Ngai Mboze Ongo Bumba V0 Clear Mind Buy?
[08:15:49] Paozhong[LowJeuno]: Ou  waist hand Regal Ganutlets Do you need it? /tell go in 7min
[08:15:56] Babbbw[BastokMine]: Odyssey T1-T2 V15*T3 Kalunga V15*T4 Bumba V15 Win Sheol.C-Seg Do you need it? Buy? /tell
[08:15:58] Sesshmaru[Rabao]: Odyssey C Looking for members. REMA BRD  yWHM Veteran Tank 3/6
[08:16:09] Dortwo[Whitegate]: Glavoid pop Do you need it? 1mil, Dragua pop 750k, send /tell
[08:16:14] Cooldogr[NSandOria]: Odysseyt1t2t3Arebati Kalunga Xevioso Ngai Mboze Ongo Bumba V0 Clear Mind Buy?
[08:16:17] Zatazma[PortBastok]: ZNM T4 Sarameya Tinnin Tyger Item win Do you need it? Buy? /tell
[08:16:19] Kimfaeonic[PortBastok]: Aeonic/ioniÉbkuuÉFpon 3zone Clear Mind Do you need it? Buy? 50M /tell 3/4
[08:16:21] Paozhong[LowJeuno]: Ou  waist hand Regal Ganutlets Do you need it? /tell go in 6min
[08:16:22] Bigdaddysise[RuLudeGard]:  Tumult Curator 145 UNM Mercenary Can I have it? please /tell
[08:16:36] Blkuyfvd[BastokMine]: Sell abyssea empy Weapon Shop Item LV80 85 90 Do you need it? /tell
[08:16:36] Executing logout in 30 seconds.
[08:16:36] Cancel healing to remain logged in.
[08:16:40] Executing logout in 25 seconds.
[08:16:40] Cancel healing to remain logged in.
[08:16:45] Cooldogr[NSandOria]: Odysseyt1t2t3Arebati Kalunga Xevioso Ngai Mboze Ongo Bumba V0 Clear Mind Buy?
[08:16:45] Executing logout in 20 seconds.
[08:16:45] Cancel healing to remain logged in.
[08:16:50] Executing logout in 15 seconds.
[08:16:50] Cancel healing to remain logged in.
[08:16:55] Executing logout in 10 seconds.
[08:16:55] Cancel healing to remain logged in.
[08:17:00] Executing logout in 5 seconds.
[08:17:00] Cancel healing to remain logged in.
[08:17:02] Paozhong[LowJeuno]: Ou  waist hand Regal Ganutlets Do you need it? /tell go in 6min
[08:17:06] Babbbw[BastokMine]: Odyssey T1-T2 V15*T3 Kalunga V15*T4 Bumba V15 Win Sheol.C-Seg Do you need it? Buy? /tell
[15:04:15] === Area: Port San d'Oria ===
[15:04:15] *****DP Job Selection:WHM*****
[15:04:15] Mode: Magic.
[15:04:15]  White = Can not cast.
[15:04:15]  Green = Casting Range
[15:04:15] React: Loading File: react_WHM.lua
[15:04:17] Size already 20.
[15:04:17] ConsoleBG: Position changed! X: 15 Y: 50
[15:04:22] <<< Welcome to Asura! >>>
[15:04:22] Announcing the winning numbers for the 20th Vana'versary Nomad Mog Bonanza!
[15:04:22] 
[15:04:22]  
[15:04:22] 
[15:04:22] Rank 3 prize: "7" (last digit)-- 20,471 winners.
[15:04:22] 
[15:04:22] Rank 2 prize: "04" (last two digits)-- 2,010 winners.
[15:04:22] 
[15:04:22] Rank 1 prize: "854" (all three digits)-- 185 winners.
[15:04:22] 
[15:04:22] *The number of winners for each prize is a combined total from all worlds.
[15:04:22] 
[15:04:22]  
[15:04:22] 
[15:04:22] Collection period: On July 14, 2022 at 1:00 (PDT) / 8:00 (GMT) to July 31, at 7:59 (PDT) / 14:59 (GMT)
[15:04:22] 
[15:04:22] Details on the prize can be confirmed by speaking to a Bonanza Moogle at one of the following locations:
[15:04:22] 
[15:04:22] Port San d'Oria (I-9) / Port Bastok (L-8) / Port Windurst (F-6) / Chocobo Circuit (H-8)
[15:04:23] You have undertaken the limited-time Records of Eminence challenge á≤Vanquish Plantoids.á≥
[15:04:23] This area is currently affected by the Super Kupower: á≤Thrifty Transitá≥!
[15:04:23] This area is currently affected by the Super Kupower: á≤Artisan's Advantageá≥!
[15:04:23] This area is currently affected by the Super Kupower: á≤Swift Shoesá≥!
[15:04:23] The maximum number of people are already participating in Unity chat. Please try again later.
[15:04:23] The July 2022 Login Campaign is currently underway!
[15:04:23] 
[15:04:23] In celebration of your most recent login (login no. 20), we have provided you with 100 points!
[15:04:23] You currently have a total of 3900 points.
[15:04:23] We hope you enjoy this complimentary little gift, courtesy of the citizens of Vana'diel!
[15:04:23] Obtained: Special gobbiedial key.
[15:04:32] Hanter[Whitegate]: ZNM T4 Sarameya Tinnin Tyger Item win Do you need it? Buy? /tell
[15:04:36] Executing logout in 30 seconds.
[15:04:36] Cancel healing to remain logged in.
[15:04:40] Executing logout in 25 seconds.
[15:04:40] Cancel healing to remain logged in.
[15:04:45] Executing logout in 20 seconds.
[15:04:45] Cancel healing to remain logged in.
[15:04:47] Dotoan[PortBastok]: Omen Kin Utu Ring Scale Do you need it? Buy? /tell
[15:04:49] Executing logout in 15 seconds.
[15:04:49] Cancel healing to remain logged in.
[15:04:50] Kimastar[Whitegate]: Abyssea Apademak's Horn KI x4 Do you need it? Buy?
[15:04:54] Executing logout in 10 seconds.
[15:04:54] Cancel healing to remain logged in.
[15:05:00] Executing logout in 5 seconds.
[15:05:00] Cancel healing to remain logged in.
