[11:41:38] === Area: Port San d'Oria ===
[11:41:38] *****DP Job Selection:WHM*****
[11:41:38] Mode: Magic.
[11:41:38]  White = Can not cast.
[11:41:38]  Green = Casting Range
[11:41:38] React: Loading File: react_WHM.lua
[11:41:40] Size already 20.
[11:41:40] ConsoleBG: Position changed! X: 15 Y: 50
[11:41:45] <<< Welcome to Asura! >>>
[11:41:45] Announcing the winning numbers for the 20th Vana'versary Nomad Mog Bonanza!
[11:41:45] 
[11:41:45]  
[11:41:45] 
[11:41:45] Rank 3 prize: "7" (last digit)-- 20,471 winners.
[11:41:45] 
[11:41:45] Rank 2 prize: "04" (last two digits)-- 2,010 winners.
[11:41:45] 
[11:41:45] Rank 1 prize: "854" (all three digits)-- 185 winners.
[11:41:45] 
[11:41:45] *The number of winners for each prize is a combined total from all worlds.
[11:41:45] 
[11:41:45]  
[11:41:45] 
[11:41:45] Collection period: On July 14, 2022 at 1:00 (PDT) / 8:00 (GMT) to July 31, at 7:59 (PDT) / 14:59 (GMT)
[11:41:45] 
[11:41:45] Details on the prize can be confirmed by speaking to a Bonanza Moogle at one of the following locations:
[11:41:45] 
[11:41:45] Port San d'Oria (I-9) / Port Bastok (L-8) / Port Windurst (F-6) / Chocobo Circuit (H-8)
[11:41:46] You have undertaken the limited-time Records of Eminence challenge ｲVanquish Arcana.ｳ
[11:41:46] The July 2022 Login Campaign is currently underway!
[11:41:46] 
[11:41:46] In celebration of your most recent login (login no. 17), we have provided you with 100 points!
[11:41:46] You currently have a total of 3600 points.
[11:41:46] We hope you enjoy this complimentary little gift, courtesy of the citizens of Vana'diel!
[11:41:46] Obtained: Special gobbiedial key.
[11:41:48] Mrscaliy[PortJeuno]: cheap spheres Bazaar (G-8)
[11:41:50] Odyesnm[BastokMine]: Odyssey T3 Ngai Clear Mind Do you need it? Buy? going 5 minues 
[11:41:54] Scratfromiceage[Mhaura]: Ambuscade V1 VD Do you need it?  BRD RDM WHM Can I have it? 3/6
[11:42:01] Avel[Norg]: ┏┳('Д')segmentsｃ １回いきませんかー？ ShieldorBRD １名Recruiting中ー
Habitox : Oho, ya feelin' lucky 'nough tah takes a stab at da myst'ry box?
[11:42:02] Habitox : Oho, ya feelin' lucky 'nough tah takes a stab at da myst'ry box?
[11:42:02] Habitox : Oho, ya feelin' lucky 'nough tah takes a stab at da myst'ry box?
Habitox : Ya wanna open dat sucker up? Okay, but which dial ya be wantin'?
[11:42:05] Habitox : Ya wanna open dat sucker up? Okay, but which dial ya be wantin'?
[11:42:05] Habitox : Ya wanna open dat sucker up? Okay, but which dial ya be wantin'?
[11:42:07] Vibes[BastokMark]: Smithing 63+ Can I have it? Alchemy turn in items x3 - I have mats. Please assist. Thank you. 
Habitox : So ya be wantin' the special dial?M'kay, get yerself all steeled up, 'cause here we go! 'Member, no complaints!
[11:42:09] Habitox : So ya be wantin' the special dial?
[11:42:09] 　M'kay, get yerself all steeled up, 'cause here we go! 'Member, no complaints!
[11:42:09] Habitox : So ya be wantin' the special dial?
[11:42:09] 　M'kay, get yerself all steeled up, 'cause here we go! 'Member, no complaints!
Habitox : Dis box is full o' myst'ries,♪Dat span da realm's his'try,♪So whatcha gonna get from da chest...o'...uh, fortunery?♪
[11:42:10] Habitox : Dis box is full o' myst'ries,♪
[11:42:10] 　Dat span da realm's his'try,♪
[11:42:10] 　So whatcha gonna get from da chest...o'...uh, fortunery?♪
[11:42:10] Habitox : Dis box is full o' myst'ries,♪
[11:42:10] 　Dat span da realm's his'try,♪
[11:42:10] 　So whatcha gonna get from da chest...o'...uh, fortunery?♪
[11:42:11] Kimgaeonic[BastokMark]: Aeonic/ioniッkuuェpon 3zone Clear Mind Do you need it? Buy? 50M /tell 1/4
Habitox : Oooh, looks at what popped out! I hopes it makes yer adventures dat much more adventumarous!
[11:42:14] Habitox : Oooh, looks at what popped out! I hopes it makes yer adventures dat much more adventumarous!
[11:42:14] Habitox : Oooh, looks at what popped out! I hopes it makes yer adventures dat much more adventumarous!
[11:42:16] Aoora[PortBastok]: Ambuscade V.1 VD Do you need it? Buy? 3m/run
[11:42:17] Shmilywowo[BastokMark]: Escha - Zi'Tah Escha - Ru'Aun Reiki Yotai T1T2T3 ALL Item ABJ Reiki Yotai Telos Earring Do you need it? /tell  
[11:42:17] Obtained: Flickering lantern.
[11:42:18] You have used 50 points of your daily tally!
[11:42:22] Executing logout in 30 seconds.
[11:42:22] Cancel healing to remain logged in.
[11:42:26] Executing logout in 25 seconds.
[11:42:26] Cancel healing to remain logged in.
[11:42:27] Ksods[Mhaura]: Ambuscade V.1 VD Do you need it? 3M/runs Buy? /tell
[11:42:31] Executing logout in 20 seconds.
[11:42:31] Cancel healing to remain logged in.
[11:42:32] Eunnaa[PortBastok]: Ambuscade V.1 VD Do you need it? 3M Buy? /tell
[11:42:36] Masxiaosan[LowJeuno]: Telos Earring Reiki Yotai Do you need it? /tell Buy? 
[11:42:36] Executing logout in 15 seconds.
[11:42:36] Cancel healing to remain logged in.
[11:42:41] Executing logout in 10 seconds.
[11:42:41] Cancel healing to remain logged in.
[11:42:46] Executing logout in 5 seconds.
[11:42:46] Cancel healing to remain logged in.
[11:42:52] Odyesnm[BastokMine]: Odyssey T3 Ngai Clear Mind Do you need it? Buy? going 5 minues 
