=== Area: Mog House 1F ===
*****DP Job Selection:THF*****
Mode: Default.
You have undertaken the limited-time Records of Eminence challenge á≤Vanquish Vermin.á≥
Welcome, Feary!
Did you know if you subscribe to Guildwork Premium (guildwork.com/premium) you can get cross-zone shouts, AH notifications, Bazaar notifications, Remote chat and more?
This area is currently affected by the Super Kupower: á≤Martial Masterá≥!This area is currently affected by the Super Kupower: á≤Bountiful Bazaará≥!This area is currently affected by the Super Kupower: á≤Swift Shoesá≥!
Add this character to Guildwork by typing /gw flush --add
<<< Welcome to Sylph! >>>
Å°Vana'diel Doused with the April Version Update!


Å°[Ongoing] Egg Hunt Egg-stravaganza 2018 [Mar. 27, 1:00 (PDT) / 8:00 (GMT) / 9:00 (BST) to Apr. 9, 7:00 (PDT) / 14:00 (GMT) / 15:00 (BST)]


Å°[Ongoing] March 2018 Login Campaign [Mar. 12, 8:00 (PDT) / 15:00 (GMT) to Apr. 9, 7:00 (PDT) / 14:00 (GMT) / 15:00 (BST)]


* Please refer to the official website for details.
Please try again in a little while.
=== Area: Mog House 1F ===
*****DP Job Selection:THF*****
Mode: Default.
You have undertaken the limited-time Records of Eminence challenge á≤Vanquish Birds.á≥
Welcome, Feary!
Did you know if you subscribe to Guildwork Premium (guildwork.com/premium) you can get cross-zone shouts, AH notifications, Bazaar notifications, Remote chat and more?
Add this character to Guildwork by typing /gw flush --add
<<< Welcome to Sylph! >>>
On Apr. 9, 2018 22:00 to 23:30 (PDT) / Apr. 10, 2018 from 5:00 to 6:30 (GMT) / Apr. 10, 2018 from 6:00 to 7:30 (BST), we will be performing maintenance on all Worlds. During the maintenance, FINAL FANTASY XI will be unavailable. Please be aware that once maintenance begins, you will be automatically logged out of the server. See the Information section for more details.
