[11:37:36] === Area: Port San d'Oria ===
[11:37:36] React: Loading File: react_WHM.lua
[11:37:36] *****DP Job Selection:WHM*****
[11:37:36] Mode: Magic.
[11:37:36]  White = Can not cast.
[11:37:36]  Green = Casting Range
[11:37:36] Size already 20.
[11:37:36] ConsoleBG: Position changed! X: 15 Y: 50
[11:37:43] <<< Welcome to Asura! >>>
[11:37:43] Announcing the winning numbers for the 20th Vana'versary Nomad Mog Bonanza!
[11:37:43] 
[11:37:43]  
[11:37:43] 
[11:37:43] Rank 3 prize: "7" (last digit)-- 20,471 winners.
[11:37:43] 
[11:37:43] Rank 2 prize: "04" (last two digits)-- 2,010 winners.
[11:37:43] 
[11:37:43] Rank 1 prize: "854" (all three digits)-- 185 winners.
[11:37:43] 
[11:37:43] *The number of winners for each prize is a combined total from all worlds.
[11:37:43] 
[11:37:43]  
[11:37:43] 
[11:37:43] Collection period: On July 14, 2022 at 1:00 (PDT) / 8:00 (GMT) to July 31, at 7:59 (PDT) / 14:59 (GMT)
[11:37:43] 
[11:37:43] Details on the prize can be confirmed by speaking to a Bonanza Moogle at one of the following locations:
[11:37:43] 
[11:37:43] Port San d'Oria (I-9) / Port Bastok (L-8) / Port Windurst (F-6) / Chocobo Circuit (H-8)
[11:37:44] You have undertaken the limited-time Records of Eminence challenge ｲVanquish Arcana.ｳ
[11:37:44] The July 2022 Login Campaign is currently underway!
[11:37:44] 
[11:37:44] The maximum number of people are already participating in Unity chat. Please try again later.
[11:37:44] In celebration of your most recent login (login no. 17), we have provided you with 100 points!
[11:37:44] You currently have a total of 3600 points.
[11:37:44] We hope you enjoy this complimentary little gift, courtesy of the citizens of Vana'diel!
[11:37:44] Obtained: Special gobbiedial key.
[11:37:44] Odyesnm[BastokMine]: Odyssey T3 Ngai Clear Mind Do you need it? Buy? going 5 minues 
Habitox : Oho, ya feelin' lucky 'nough tah takes a stab at da myst'ry box?
[11:37:51] Habitox : Oho, ya feelin' lucky 'nough tah takes a stab at da myst'ry box?
[11:37:51] Habitox : Oho, ya feelin' lucky 'nough tah takes a stab at da myst'ry box?
Habitox : Ya wanna open dat sucker up? Okay, but which dial ya be wantin'?
[11:37:52] Habitox : Ya wanna open dat sucker up? Okay, but which dial ya be wantin'?
[11:37:52] Habitox : Ya wanna open dat sucker up? Okay, but which dial ya be wantin'?
[11:37:52] Aoora[PortBastok]: Ambuscade V.1 VD Do you need it? Buy? 3m/run
Habitox : So ya be wantin' the special dial?M'kay, get yerself all steeled up, 'cause here we go! 'Member, no complaints!
[11:37:55] Habitox : So ya be wantin' the special dial?
[11:37:55] 　M'kay, get yerself all steeled up, 'cause here we go! 'Member, no complaints!
[11:37:55] Habitox : So ya be wantin' the special dial?
[11:37:55] 　M'kay, get yerself all steeled up, 'cause here we go! 'Member, no complaints!
Habitox : Dis box is full o' myst'ries,♪Dat span da realm's his'try,♪So whatcha gonna get from da chest...o'...uh, fortunery?♪
[11:37:57] Habitox : Dis box is full o' myst'ries,♪
[11:37:57] 　Dat span da realm's his'try,♪
[11:37:57] 　So whatcha gonna get from da chest...o'...uh, fortunery?♪
[11:37:57] Habitox : Dis box is full o' myst'ries,♪
[11:37:57] 　Dat span da realm's his'try,♪
[11:37:57] 　So whatcha gonna get from da chest...o'...uh, fortunery?♪
Habitox : Oooh, looks at what popped out! I hopes it makes yer adventures dat much more adventumarous!
[11:38:01] Habitox : Oooh, looks at what popped out! I hopes it makes yer adventures dat much more adventumarous!
[11:38:01] Habitox : Oooh, looks at what popped out! I hopes it makes yer adventures dat much more adventumarous!
[11:38:02] Ksods[Mhaura]: Ambuscade V.1 VD Do you need it? 3M/runs Buy? /tell
[11:38:02] Kimgaeonic[BastokMark]: Aeonic/ioniッkuuェpon 3zone Clear Mind Do you need it? Buy? 50M /tell 1/4
[11:38:03] Avel[Norg]: ┏┳('Д')segmentsｃ １回いきませんかー？ ShieldorBRD １名Recruiting中ー
[11:38:04] Obtained: Mocking beak.
[11:38:04] You have used 50 points of your daily tally!
[11:38:08] Eunnaa[PortBastok]: Ambuscade V.1 VD Do you need it? 3M Buy? /tell
[11:38:08] Shmilywowo[BastokMark]: Escha - Zi'Tah Escha - Ru'Aun Reiki Yotai T1T2T3 ALL Item ABJ Reiki Yotai Telos Earring Do you need it? /tell  
[11:38:14] Executing logout in 30 seconds.
[11:38:14] Cancel healing to remain logged in.
[11:38:18] Scratfromiceage[Mhaura]: Ambuscade V1 VD Do you need it? COR BRD RDM WHM DD Can I have it? 
[11:38:18] Executing logout in 25 seconds.
[11:38:18] Cancel healing to remain logged in.
[11:38:23] Executing logout in 20 seconds.
[11:38:23] Cancel healing to remain logged in.
[11:38:26] Jocror[BastokMark]: Sarameya Tinnin Tyger win Item x3 Do you need it? Buy? /tell Thank you.
[11:38:27] Masxiaosan[LowJeuno]: Telos Earring Reiki Yotai Do you need it? /tell Buy? 
[11:38:28] Executing logout in 15 seconds.
[11:38:28] Cancel healing to remain logged in.
[11:38:33] Executing logout in 10 seconds.
[11:38:33] Cancel healing to remain logged in.
[11:38:38] Executing logout in 5 seconds.
[11:38:38] Cancel healing to remain logged in.
