[08:12:31] === Area: Lower Jeuno ===
[08:12:31] React: Loading File: react_THF.lua
[08:12:33] *****DP Job Selection:THF*****
[08:12:33] Mode: Default.
[08:12:36] You have undertaken the limited-time Records of Eminence challenge ｲVanquish Lizards.ｳ
[08:12:37] This area is currently affected by the Super Kupower: ｲBoundary Busterｳ!
[08:12:37] This area is currently affected by the Super Kupower: ｲBountiful Bazaarｳ!
[08:12:37] This area is currently affected by the Super Kupower: ｲCrystal Caboodleｳ!
[08:12:37] The April 2021 Login Campaign is currently underway!
[08:12:37] 
[08:12:37] In celebration of your most recent login (login no. 11), we have provided you with 100 points!
[08:12:37] You currently have a total of 3000 points.
[08:12:38] <<< Welcome to Asura! >>>
[08:12:38] Announcing the winning numbers for the Early Spring Mog Bonanza 2021!
[08:12:38] 
[08:12:38]  
[08:12:38] 
[08:12:38] Rank 3 prize: "0" (last digit)-- 6413 winners.
[08:12:38] 
[08:12:38] Rank 2 prize: "37" (last two digits)-- 928 winners.
[08:12:38] 
[08:12:38] Rank 1 prize: "196" (all three digits)-- 88 winners.
[08:12:38] 
[08:12:38] *The number of winners for each prize is a combined total from all worlds.
[08:12:38] 
[08:12:38]  
[08:12:38] 
[08:12:38] Collection period: On April 12, 2021 at 1:00 (PDT) / 8:00 (GMT) to April 30, at 7:59 (PDT) / 14:59 (GMT)
[08:12:38] 
[08:12:38] Details on the prize can be confirmed by speaking to a Bonanza Moogle at one of the following locations:
[08:12:38] 
[08:12:38] Port San d'Oria (I-9) / Port Bastok (L-8) / Port Windurst (F-6) / Chocobo Circuit (H-8)
[08:12:42] We hope you enjoy this complimentary little gift, courtesy of the citizens of Vana'diel!
[08:12:42] Obtained: Dial key #Ab.
Sweepstox : Oho, ya feelin' lucky 'nough tah takes a stab at da myst'ry box?
[08:12:44] Sweepstox : Oho, ya feelin' lucky 'nough tah takes a stab at da myst'ry box?
[08:12:44] Sweepstox : Oho, ya feelin' lucky 'nough tah takes a stab at da myst'ry box?
Sweepstox : Ya wanna open dat sucker up? Okay, but which dial ya be wantin'?
[08:12:45] Sweepstox : Ya wanna open dat sucker up? Okay, but which dial ya be wantin'?
[08:12:45] Sweepstox : Ya wanna open dat sucker up? Okay, but which dial ya be wantin'?
[08:12:47] Kimerzzb[SSandOria]: Aeonic Weapon 3zoneClear MindMercenaryDo you need it?Buy?/tell25M 2/5
Sweepstox : So ya be wantin' the special dial?M'kay, get yerself all steeled up, 'cause here we go! 'Member, no complaints!
[08:12:48] Sweepstox : So ya be wantin' the special dial?
[08:12:48] 　M'kay, get yerself all steeled up, 'cause here we go! 'Member, no complaints!
[08:12:48] Sweepstox : So ya be wantin' the special dial?
[08:12:48] 　M'kay, get yerself all steeled up, 'cause here we go! 'Member, no complaints!
Sweepstox : Dis box is full o' myst'ries,♪Dat span da realm's his'try,♪So whatcha gonna get from da chest...o'...uh, fortunery?♪
[08:12:49] Sweepstox : Dis box is full o' myst'ries,♪
[08:12:49] 　Dat span da realm's his'try,♪
[08:12:49] 　So whatcha gonna get from da chest...o'...uh, fortunery?♪
[08:12:49] Sweepstox : Dis box is full o' myst'ries,♪
[08:12:49] 　Dat span da realm's his'try,♪
[08:12:49] 　So whatcha gonna get from da chest...o'...uh, fortunery?♪
Sweepstox : Oooh, looks at what popped out! I hopes it makes yer adventures dat much more adventumarous!
[08:12:53] Sweepstox : Oooh, looks at what popped out! I hopes it makes yer adventures dat much more adventumarous!
[08:12:53] Sweepstox : Oooh, looks at what popped out! I hopes it makes yer adventures dat much more adventumarous!
[08:12:56] Obtained: Scroll of Haste.
[08:12:56] You have used 50 points of your daily tally!
[08:13:06] Executing logout in 30 seconds.
[08:13:06] Cancel healing to remain logged in.
[08:13:10] Executing logout in 25 seconds.
[08:13:10] Cancel healing to remain logged in.
[08:13:15] Executing logout in 20 seconds.
[08:13:15] Cancel healing to remain logged in.
[08:13:16] Maatoo[PSandOria]: Dho Gates Crab 500/2.5m master/10m Fast Cast
[08:13:20] Executing logout in 15 seconds.
[08:13:20] Cancel healing to remain logged in.
[08:13:22] Ashikagaz[Norg]: 〆ます
[08:13:25] Executing logout in 10 seconds.
[08:13:25] Cancel healing to remain logged in.
[08:13:31] Executing logout in 5 seconds.
[08:13:31] Cancel healing to remain logged in.
[08:13:33] Moonlessmeadow[NSandOria]: Dynamis - JeunoD Wave1 2 midboss Clear Mind RP5K Buy?4M /tell
