[17:04:51] === Area: Port San d'Oria ===
[17:04:51] React: Loading File: react_WHM.lua
[17:04:52] *****DP Job Selection:WHM*****
[17:04:52] Mode: Magic.
[17:04:52]  White = Can not cast.
[17:04:52]  Green = Casting Range
[17:04:53] Size already 20.
[17:04:53] ConsoleBG: Position changed! X: 15 Y: 50
[17:04:58] <<< Welcome to Asura! >>>
[17:04:58] Announcing the winning numbers for the 20th Vana'versary Nomad Mog Bonanza!
[17:04:58] 
[17:04:58]  
[17:04:58] 
[17:04:58] Rank 3 prize: "7" (last digit)-- 20,471 winners.
[17:04:58] 
[17:04:58] Rank 2 prize: "04" (last two digits)-- 2,010 winners.
[17:04:58] 
[17:04:58] Rank 1 prize: "854" (all three digits)-- 185 winners.
[17:04:58] 
[17:04:58] *The number of winners for each prize is a combined total from all worlds.
[17:04:58] 
[17:04:58]  
[17:04:58] 
[17:04:58] Collection period: On July 14, 2022 at 1:00 (PDT) / 8:00 (GMT) to July 31, at 7:59 (PDT) / 14:59 (GMT)
[17:04:58] 
[17:04:58] Details on the prize can be confirmed by speaking to a Bonanza Moogle at one of the following locations:
[17:04:58] 
[17:04:58] Port San d'Oria (I-9) / Port Bastok (L-8) / Port Windurst (F-6) / Chocobo Circuit (H-8)
[17:04:59] The July 2022 Login Campaign is currently underway!
[17:04:59] 
[17:04:59] You have undertaken the limited-time Records of Eminence challenge ‡²Vanquish Vermin.‡³
[17:04:59] In celebration of your most recent login (login no. 15), we have provided you with 100 points!
[17:04:59] You currently have a total of 3400 points.
[17:05:01] We hope you enjoy this complimentary little gift, courtesy of the citizens of Vana'diel!
[17:05:01] Obtained: Special gobbiedial key.
[17:05:02] Cyberops[PortJeuno]: Chirich Ring +1 10mil Pinga Tunic +1 25mil Do you need it? Bazaar
[17:05:15] Executing logout in 30 seconds.
[17:05:15] Cancel healing to remain logged in.
[17:05:19] Executing logout in 25 seconds.
[17:05:19] Cancel healing to remain logged in.
[17:05:21] Redwoods[Norg]: WTB * Mars/Venus orb 2.5M * Do you have it? Sell?
[17:05:24] Executing logout in 20 seconds.
[17:05:24] Cancel healing to remain logged in.
[17:05:29] Executing logout in 15 seconds.
[17:05:29] Cancel healing to remain logged in.
[17:05:34] Executing logout in 10 seconds.
[17:05:34] Cancel healing to remain logged in.
[17:05:38] Benoistndkugwui[PSandOria]:  ‚†‚†‚˜‚‰‚‚‚Œ.‚ƒ‚‚, GET FAST DELIVERY!šREMA/SU5/Item/gil/Gil/  Discount ->"vip05"
[17:05:39] Executing logout in 5 seconds.
[17:05:39] Cancel healing to remain logged in.
[17:05:44] Stigins[Rabao]: Odyssey(C) Segs Do you need it? LFM Tank @5/6
