[16:12:19] === Area: Port San d'Oria ===
[16:12:19] *****DP Job Selection:WHM*****
[16:12:19] Mode: Magic.
[16:12:19]  White = Can not cast.
[16:12:19]  Green = Casting Range
[16:12:19] React: Loading File: react_WHM.lua
[16:12:21] Size already 20.
[16:12:21] ConsoleBG: Position changed! X: 15 Y: 50
[16:12:26] <<< Welcome to Asura! >>>
[16:12:26] Announcing the winning numbers for the 20th Vana'versary Nomad Mog Bonanza!
[16:12:26] 
[16:12:26]  
[16:12:26] 
[16:12:26] Rank 3 prize: "7" (last digit)-- 20,471 winners.
[16:12:26] 
[16:12:26] Rank 2 prize: "04" (last two digits)-- 2,010 winners.
[16:12:26] 
[16:12:26] Rank 1 prize: "854" (all three digits)-- 185 winners.
[16:12:26] 
[16:12:26] *The number of winners for each prize is a combined total from all worlds.
[16:12:26] 
[16:12:26]  
[16:12:26] 
[16:12:26] Collection period: On July 14, 2022 at 1:00 (PDT) / 8:00 (GMT) to July 31, at 7:59 (PDT) / 14:59 (GMT)
[16:12:26] 
[16:12:26] Details on the prize can be confirmed by speaking to a Bonanza Moogle at one of the following locations:
[16:12:26] 
[16:12:26] Port San d'Oria (I-9) / Port Bastok (L-8) / Port Windurst (F-6) / Chocobo Circuit (H-8)
[16:12:27] You have undertaken the limited-time Records of Eminence challenge ｲSpoils (Seals).ｳ
[16:12:27] The July 2022 Login Campaign is currently underway!
[16:12:27] 
[16:12:27] The maximum number of people are already participating in Unity chat. Please try again later.
[16:12:27] In celebration of your most recent login (login no. 16), we have provided you with 100 points!
[16:12:27] You currently have a total of 3500 points.
[16:12:27] We hope you enjoy this complimentary little gift, courtesy of the citizens of Vana'diel!
[16:12:28] Obtained: Special gobbiedial key.
Habitox : Oho, ya feelin' lucky 'nough tah takes a stab at da myst'ry box?
[16:12:37] Habitox : Oho, ya feelin' lucky 'nough tah takes a stab at da myst'ry box?
[16:12:37] Habitox : Oho, ya feelin' lucky 'nough tah takes a stab at da myst'ry box?
Habitox : Ya wanna open dat sucker up? Okay, but which dial ya be wantin'?
[16:12:39] Habitox : Ya wanna open dat sucker up? Okay, but which dial ya be wantin'?
[16:12:39] Habitox : Ya wanna open dat sucker up? Okay, but which dial ya be wantin'?
Habitox : So ya be wantin' the special dial?M'kay, get yerself all steeled up, 'cause here we go! 'Member, no complaints!
[16:12:42] Habitox : So ya be wantin' the special dial?
[16:12:42] 　M'kay, get yerself all steeled up, 'cause here we go! 'Member, no complaints!
[16:12:42] Habitox : So ya be wantin' the special dial?
[16:12:42] 　M'kay, get yerself all steeled up, 'cause here we go! 'Member, no complaints!
Habitox : Dis box is full o' myst'ries,♪Dat span da realm's his'try,♪So whatcha gonna get from da chest...o'...uh, fortunery?♪
[16:12:43] Habitox : Dis box is full o' myst'ries,♪
[16:12:43] 　Dat span da realm's his'try,♪
[16:12:43] 　So whatcha gonna get from da chest...o'...uh, fortunery?♪
[16:12:43] Habitox : Dis box is full o' myst'ries,♪
[16:12:43] 　Dat span da realm's his'try,♪
[16:12:43] 　So whatcha gonna get from da chest...o'...uh, fortunery?♪
Habitox : Oooh, looks at what popped out! I hopes it makes yer adventures dat much more adventumarous!
[16:12:47] Habitox : Oooh, looks at what popped out! I hopes it makes yer adventures dat much more adventumarous!
[16:12:47] Habitox : Oooh, looks at what popped out! I hopes it makes yer adventures dat much more adventumarous!
[16:12:51] Obtained: Norg shell.
[16:12:51] You have used 50 points of your daily tally!
[16:12:57] Executing logout in 30 seconds.
[16:12:57] Cancel healing to remain logged in.
[16:13:01] Executing logout in 25 seconds.
[16:13:01] Cancel healing to remain logged in.
[16:13:02] Endone[Rabao]: Odyssey T3 NM Ongo V0 Clear Mind Do you need it? Buy? 7.5M /tell
[16:13:04] Koatsa[Whitegate]: Nyzul Isle token farm Area Magic Do you need it? 1/3 pst
[16:13:06] Executing logout in 20 seconds.
[16:13:06] Cancel healing to remain logged in.
[16:13:11] Executing logout in 15 seconds.
[16:13:11] Cancel healing to remain logged in.
[16:13:16] Executing logout in 10 seconds.
[16:13:16] Cancel healing to remain logged in.
[16:13:21] Executing logout in 5 seconds.
[16:13:21] Cancel healing to remain logged in.
