[18:19:48] === Area: Port San d'Oria ===
[18:19:48] *****DP Job Selection:WHM*****
[18:19:48] Mode: Magic.
[18:19:48]  White = Can not cast.
[18:19:48]  Green = Casting Range
[18:19:48] React: Loading File: react_WHM.lua
[18:19:50] Size already 20.
[18:19:50] ConsoleBG: Position changed! X: 15 Y: 50
[18:19:54] <<< Welcome to Asura! >>>
[18:19:54] Announcing the winning numbers for the 20th Vana'versary Nomad Mog Bonanza!
[18:19:54] 
[18:19:54]  
[18:19:54] 
[18:19:54] Rank 3 prize: "7" (last digit)-- 20,471 winners.
[18:19:54] 
[18:19:54] Rank 2 prize: "04" (last two digits)-- 2,010 winners.
[18:19:54] 
[18:19:54] Rank 1 prize: "854" (all three digits)-- 185 winners.
[18:19:54] 
[18:19:54] *The number of winners for each prize is a combined total from all worlds.
[18:19:54] 
[18:19:54]  
[18:19:54] 
[18:19:54] Collection period: On July 14, 2022 at 1:00 (PDT) / 8:00 (GMT) to July 31, at 7:59 (PDT) / 14:59 (GMT)
[18:19:54] 
[18:19:54] Details on the prize can be confirmed by speaking to a Bonanza Moogle at one of the following locations:
[18:19:54] 
[18:19:54] Port San d'Oria (I-9) / Port Bastok (L-8) / Port Windurst (F-6) / Chocobo Circuit (H-8)
[18:19:56] You have undertaken the limited-time Records of Eminence challenge ｲVanquish Aquans.ｳ
[18:19:56] The July 2022 Login Campaign is currently underway!
[18:19:56] 
[18:19:56] The maximum number of people are already participating in Unity chat. Please try again later.
[18:19:56] In celebration of your most recent login (login no. 18), we have provided you with 100 points!
[18:19:56] You currently have a total of 3700 points.
[18:19:56] We hope you enjoy this complimentary little gift, courtesy of the citizens of Vana'diel!
[18:19:56] Obtained: Special gobbiedial key.
[18:20:03] Aindrea[Whitegate]: Tinnin Sarameya Tyger win Item x3 Buy? Do you need it? /tell Thank you.
[18:20:14] Daraiden[RuLudeGard]: Legshard GEO X1 Can I have it? /tell Daraiden price
Habitox : Oho, ya feelin' lucky 'nough tah takes a stab at da myst'ry box?
[18:20:37] Habitox : Oho, ya feelin' lucky 'nough tah takes a stab at da myst'ry box?
[18:20:37] Habitox : Oho, ya feelin' lucky 'nough tah takes a stab at da myst'ry box?
Habitox : Ya wanna open dat sucker up? Okay, but which dial ya be wantin'?
[18:20:41] Habitox : Ya wanna open dat sucker up? Okay, but which dial ya be wantin'?
[18:20:41] Habitox : Ya wanna open dat sucker up? Okay, but which dial ya be wantin'?
[18:20:56] Kimastar[EastAdoulin]: Apademak's Horn KI + TH help Do you need it? Buy?
[18:21:17] Wukonk[Whitegate]: Sarameya Tinnin Tyger win Item x3 Buy? Do you need it? /tell Thank you.
Habitox : So ya be wantin' the special dial?M'kay, get yerself all steeled up, 'cause here we go! 'Member, no complaints!
[18:21:37] Habitox : So ya be wantin' the special dial?
[18:21:37] 　M'kay, get yerself all steeled up, 'cause here we go! 'Member, no complaints!
[18:21:37] Habitox : So ya be wantin' the special dial?
[18:21:37] 　M'kay, get yerself all steeled up, 'cause here we go! 'Member, no complaints!
Habitox : Dis box is full o' myst'ries,♪Dat span da realm's his'try,♪So whatcha gonna get from da chest...o'...uh, fortunery?♪
[18:21:38] Habitox : Dis box is full o' myst'ries,♪
[18:21:38] 　Dat span da realm's his'try,♪
[18:21:38] 　So whatcha gonna get from da chest...o'...uh, fortunery?♪
[18:21:38] Habitox : Dis box is full o' myst'ries,♪
[18:21:38] 　Dat span da realm's his'try,♪
[18:21:38] 　So whatcha gonna get from da chest...o'...uh, fortunery?♪
Habitox : Oooh, looks at what popped out! I hopes it makes yer adventures dat much more adventumarous!
[18:21:43] Habitox : Oooh, looks at what popped out! I hopes it makes yer adventures dat much more adventumarous!
[18:21:43] Habitox : Oooh, looks at what popped out! I hopes it makes yer adventures dat much more adventumarous!
[18:21:47] Obtained: Caller's seal: head.
[18:21:47] You have used 50 points of your daily tally!
[18:21:47] Cyberops[PortJeuno]: Pinga Tunic +1 25mil Moonbow Belt +1 31mil Do you need it? Bazaar
[18:21:59] QuickTrade: No Special Gobbiedial Keys in inventory
[18:22:23] Aindrea[Whitegate]: Tinnin Sarameya Tyger win Item x3 Buy? Do you need it? /tell Thank you.
[18:22:30] Asbrandrnkldd[NSandOria]:  ｆｆｘｉｐａｌ.ｃｏｍ, GET FAST DELIVERY!★REMA/SU5/Item/gil/Gil/  Discount ->"vip05"
Habitox : Oho, ya feelin' lucky 'nough tah takes a stab at da myst'ry box?
[18:22:35] Habitox : Oho, ya feelin' lucky 'nough tah takes a stab at da myst'ry box?
[18:22:35] Habitox : Oho, ya feelin' lucky 'nough tah takes a stab at da myst'ry box?
Habitox : Ya wanna open dat sucker up? Okay, but which dial ya be wantin'?
[18:22:37] Habitox : Ya wanna open dat sucker up? Okay, but which dial ya be wantin'?
[18:22:37] Habitox : Ya wanna open dat sucker up? Okay, but which dial ya be wantin'?
Habitox : So ya be wantin' the special dial?Whoawhoawhoa! Get yer grubby hands offa that! I's already opened one fer ya today! Haul that keister outta here and come back t'morrow.
[18:22:41] Habitox : So ya be wantin' the special dial?
[18:22:41] Habitox : So ya be wantin' the special dial?
[18:22:42] 
[18:22:42] 　Whoawhoawhoa! Get yer grubby hands offa that! I's already opened one fer ya today! Haul that keister outta here and come back t'morrow.
[18:22:42] 
[18:22:42] 　Whoawhoawhoa! Get yer grubby hands offa that! I's already opened one fer ya today! Haul that keister outta here and come back t'morrow.
[18:22:46] Executing logout in 30 seconds.
[18:22:46] Cancel healing to remain logged in.
[18:22:48] Kimastar[EastAdoulin]: Apademak's Horn KI x4 + TH help Do you need it? Buy?
[18:22:50] Executing logout in 25 seconds.
[18:22:50] Cancel healing to remain logged in.
[18:22:55] Executing logout in 20 seconds.
[18:22:55] Cancel healing to remain logged in.
[18:22:56] Terrortaru[WindWalls]: Do you need it? Savory Shank 300k /tell
[18:23:00] Executing logout in 15 seconds.
[18:23:00] Cancel healing to remain logged in.
[18:23:05] Executing logout in 10 seconds.
[18:23:05] Cancel healing to remain logged in.
[18:23:10] Executing logout in 5 seconds.
[18:23:10] Cancel healing to remain logged in.
[19:54:55] === Area: Port San d'Oria ===
[19:54:55] *****DP Job Selection:WHM*****
[19:54:55] Mode: Magic.
[19:54:55]  White = Can not cast.
[19:54:55]  Green = Casting Range
[19:54:55] React: Loading File: react_WHM.lua
[19:54:57] Size already 20.
[19:54:57] ConsoleBG: Position changed! X: 15 Y: 50
[19:55:02] <<< Welcome to Asura! >>>
[19:55:02] Announcing the winning numbers for the 20th Vana'versary Nomad Mog Bonanza!
[19:55:02] 
[19:55:02]  
[19:55:02] 
[19:55:02] Rank 3 prize: "7" (last digit)-- 20,471 winners.
[19:55:02] 
[19:55:02] Rank 2 prize: "04" (last two digits)-- 2,010 winners.
[19:55:02] 
[19:55:02] Rank 1 prize: "854" (all three digits)-- 185 winners.
[19:55:02] 
[19:55:02] *The number of winners for each prize is a combined total from all worlds.
[19:55:02] 
[19:55:02]  
[19:55:02] 
[19:55:02] Collection period: On July 14, 2022 at 1:00 (PDT) / 8:00 (GMT) to July 31, at 7:59 (PDT) / 14:59 (GMT)
[19:55:02] 
[19:55:02] Details on the prize can be confirmed by speaking to a Bonanza Moogle at one of the following locations:
[19:55:02] 
[19:55:02] Port San d'Oria (I-9) / Port Bastok (L-8) / Port Windurst (F-6) / Chocobo Circuit (H-8)
[19:55:03] You have undertaken the limited-time Records of Eminence challenge ｲMagic Damage Kills.ｳ
[19:55:03] The maximum number of people are already participating in Unity chat. Please try again later.
Habitox : Oho, ya feelin' lucky 'nough tah takes a stab at da myst'ry box?
[19:55:19] Habitox : Oho, ya feelin' lucky 'nough tah takes a stab at da myst'ry box?
[19:55:19] Habitox : Oho, ya feelin' lucky 'nough tah takes a stab at da myst'ry box?
Habitox : Ya wanna open dat sucker up? Okay, but which dial ya be wantin'?
[19:55:19] Habitox : Ya wanna open dat sucker up? Okay, but which dial ya be wantin'?
[19:55:19] Habitox : Ya wanna open dat sucker up? Okay, but which dial ya be wantin'?
[19:55:24] Executing logout in 30 seconds.
[19:55:24] Cancel healing to remain logged in.
[19:55:28] Executing logout in 25 seconds.
[19:55:28] Cancel healing to remain logged in.
[19:55:33] Executing logout in 20 seconds.
[19:55:33] Cancel healing to remain logged in.
[19:55:34] Grannie[Whitegate]: Ambuscade V1 D Looking for members. Cor / Brd PST 4/6
[19:55:38] Executing logout in 15 seconds.
[19:55:38] Cancel healing to remain logged in.
[19:55:43] Aindrea[Whitegate]: Tinnin Sarameya Tyger win Item x3 Buy? Do you need it? /tell Thank you.
[19:55:43] Executing logout in 10 seconds.
[19:55:43] Cancel healing to remain logged in.
[19:55:48] Executing logout in 5 seconds.
[19:55:48] Cancel healing to remain logged in.
