[21:13:18] === Area: Port San d'Oria ===
[21:13:18] React: Loading File: react_WHM.lua
[21:13:18] *****DP Job Selection:WHM*****
[21:13:18] Mode: Magic.
[21:13:18]  White = Can not cast.
[21:13:18]  Green = Casting Range
[21:13:20] Size already 20.
[21:13:20] ConsoleBG: Position changed! X: 15 Y: 50
[21:13:26] <<< Welcome to Asura! >>>
[21:13:26] Announcing the winning numbers for the 20th Vana'versary Nomad Mog Bonanza!
[21:13:26] 
[21:13:26]  
[21:13:26] 
[21:13:26] Rank 3 prize: "7" (last digit)-- 20,471 winners.
[21:13:26] 
[21:13:26] Rank 2 prize: "04" (last two digits)-- 2,010 winners.
[21:13:26] 
[21:13:26] Rank 1 prize: "854" (all three digits)-- 185 winners.
[21:13:26] 
[21:13:26] *The number of winners for each prize is a combined total from all worlds.
[21:13:26] 
[21:13:26]  
[21:13:26] 
[21:13:26] Collection period: On July 14, 2022 at 1:00 (PDT) / 8:00 (GMT) to July 31, at 7:59 (PDT) / 14:59 (GMT)
[21:13:26] 
[21:13:26] Details on the prize can be confirmed by speaking to a Bonanza Moogle at one of the following locations:
[21:13:26] 
[21:13:26] Port San d'Oria (I-9) / Port Bastok (L-8) / Port Windurst (F-6) / Chocobo Circuit (H-8)
[21:13:27] You have undertaken the limited-time Records of Eminence challenge ‡²Vanquish Undead.‡³
[21:13:27] The July 2022 Login Campaign is currently underway!
[21:13:27] 
[21:13:27] The maximum number of people are already participating in Unity chat. Please try again later.
[21:13:27] In celebration of your most recent login (login no. 14), we have provided you with 100 points!
[21:13:27] You currently have a total of 3300 points.
[21:13:28] We hope you enjoy this complimentary little gift, courtesy of the citizens of Vana'diel!
[21:13:28] Obtained: Special gobbiedial key.
[21:13:33] Eunnaa[PortBastok]: Ambuscade V.1 VD Do you need it? 4M Buy? /tell
[21:13:34] Executing logout in 30 seconds.
[21:13:34] Cancel healing to remain logged in.
[21:13:37] Ksods[Mhaura]: Ambuscade V.1 VD Do you need it? 4M Buy?
[21:13:38] Executing logout in 25 seconds.
[21:13:38] Cancel healing to remain logged in.
[21:13:43] Executing logout in 20 seconds.
[21:13:43] Cancel healing to remain logged in.
[21:13:48] Shmilywowo[BastokMark]: Escha - Zi'Tah Escha - Ru'Aun Reisenjima T1T2T3 ALL Item ABJ Telos Earring Reiki Yotai Do you need it? /tell Buy? 
[21:13:48] Executing logout in 15 seconds.
[21:13:48] Cancel healing to remain logged in.
[21:13:53] Executing logout in 10 seconds.
[21:13:53] Cancel healing to remain logged in.
[21:13:57] Masxiaosan[LowJeuno]: Telos Earring Reiki Yotai Do you need it? /tell Buy? 
[21:13:59] Executing logout in 5 seconds.
[21:13:59] Cancel healing to remain logged in.
[21:14:01] Ronstadt[BastokMine]: Dynamis - Bastok D WAVE 1-2 RP Treasure Bonus Area Looking for members. /tell @7/12
