[06:43:14] React: Loading File: react_WHM.lua
[06:43:14] *****DP Job Selection:WHM*****
[06:43:14] Mode: Magic.
[06:43:14]  White = Can not cast.
[06:43:14]  Green = Casting Range
[06:43:14] Size already 20.
[06:43:14] ConsoleBG: Position changed! X: 15 Y: 50
[06:43:19] You have undertaken the limited-time Records of Eminence challenge ‡²Vanquish Undead.‡³
[06:43:19] This area is currently affected by the Super Kupower: ‡²Thrifty Transit‡³!
[06:43:19] This area is currently affected by the Super Kupower: ‡²Artisan's Advantage‡³!
[06:43:19] This area is currently affected by the Super Kupower: ‡²Swift Shoes‡³!
[06:43:19] The maximum number of people are already participating in Unity chat. Please try again later.
[06:43:19] The July 2022 Login Campaign is currently underway!
[06:43:19] 
[06:43:19] In celebration of your most recent login (login no. 19), we have provided you with 100 points!
[06:43:19] You currently have a total of 3800 points.
[06:43:20] <<< Welcome to Asura! >>>
[06:43:20] Announcing the winning numbers for the 20th Vana'versary Nomad Mog Bonanza!
[06:43:20] 
[06:43:20]  
[06:43:20] 
[06:43:20] Rank 3 prize: "7" (last digit)-- 20,471 winners.
[06:43:20] 
[06:43:20] Rank 2 prize: "04" (last two digits)-- 2,010 winners.
[06:43:20] 
[06:43:20] Rank 1 prize: "854" (all three digits)-- 185 winners.
[06:43:20] 
[06:43:20] *The number of winners for each prize is a combined total from all worlds.
[06:43:20] 
[06:43:20]  
[06:43:20] 
[06:43:20] Collection period: On July 14, 2022 at 1:00 (PDT) / 8:00 (GMT) to July 31, at 7:59 (PDT) / 14:59 (GMT)
[06:43:20] 
[06:43:20] Details on the prize can be confirmed by speaking to a Bonanza Moogle at one of the following locations:
[06:43:20] 
[06:43:20] Port San d'Oria (I-9) / Port Bastok (L-8) / Port Windurst (F-6) / Chocobo Circuit (H-8)
[06:43:20] We hope you enjoy this complimentary little gift, courtesy of the citizens of Vana'diel!
[06:43:20] Obtained: Special gobbiedial key.
[14:59:02] React: Loading File: react_WHM.lua
[14:59:03] *****DP Job Selection:WHM*****
[14:59:03] Mode: Magic.
[14:59:03]  White = Can not cast.
[14:59:03]  Green = Casting Range
[14:59:03] Size already 20.
[14:59:03] ConsoleBG: Position changed! X: 15 Y: 50
[14:59:08] You have undertaken the limited-time Records of Eminence challenge ‡²Magic Damage Kills.‡³
[14:59:08] This area is currently affected by the Super Kupower: ‡²Thrifty Transit‡³!
[14:59:08] This area is currently affected by the Super Kupower: ‡²Artisan's Advantage‡³!
[14:59:08] This area is currently affected by the Super Kupower: ‡²Swift Shoes‡³!
[14:59:08] The maximum number of people are already participating in Unity chat. Please try again later.
[14:59:08] The July 2022 Login Campaign is currently underway!
[14:59:08] 
[14:59:08] In celebration of your most recent login (login no. 20), we have provided you with 100 points!
[14:59:08] You currently have a total of 3900 points.
[14:59:09] <<< Welcome to Asura! >>>
[14:59:09] Announcing the winning numbers for the 20th Vana'versary Nomad Mog Bonanza!
[14:59:09] 
[14:59:09]  
[14:59:09] 
[14:59:09] Rank 3 prize: "7" (last digit)-- 20,471 winners.
[14:59:09] 
[14:59:09] Rank 2 prize: "04" (last two digits)-- 2,010 winners.
[14:59:09] 
[14:59:09] Rank 1 prize: "854" (all three digits)-- 185 winners.
[14:59:09] 
[14:59:09] *The number of winners for each prize is a combined total from all worlds.
[14:59:09] 
[14:59:09]  
[14:59:09] 
[14:59:09] Collection period: On July 14, 2022 at 1:00 (PDT) / 8:00 (GMT) to July 31, at 7:59 (PDT) / 14:59 (GMT)
[14:59:09] 
[14:59:09] Details on the prize can be confirmed by speaking to a Bonanza Moogle at one of the following locations:
[14:59:09] 
[14:59:09] Port San d'Oria (I-9) / Port Bastok (L-8) / Port Windurst (F-6) / Chocobo Circuit (H-8)
[14:59:10] We hope you enjoy this complimentary little gift, courtesy of the citizens of Vana'diel!
[14:59:10] Obtained: Special gobbiedial key.
