[13:33:04] === Area: Port San d'Oria ===
[13:33:05] React: Loading File: react_WHM.lua
[13:33:05] *****DP Job Selection:WHM*****
[13:33:05] Mode: Magic.
[13:33:05]  White = Can not cast.
[13:33:05]  Green = Casting Range
[13:33:07] Size already 20.
[13:33:07] ConsoleBG: Position changed! X: 15 Y: 50
[13:33:12] <<< Welcome to Asura! >>>
[13:33:12] Announcing the winning numbers for the 20th Vana'versary Nomad Mog Bonanza!
[13:33:12] 
[13:33:12]  
[13:33:12] 
[13:33:12] Rank 3 prize: "7" (last digit)-- 20,471 winners.
[13:33:12] 
[13:33:12] Rank 2 prize: "04" (last two digits)-- 2,010 winners.
[13:33:12] 
[13:33:12] Rank 1 prize: "854" (all three digits)-- 185 winners.
[13:33:12] 
[13:33:12] *The number of winners for each prize is a combined total from all worlds.
[13:33:12] 
[13:33:12]  
[13:33:12] 
[13:33:12] Collection period: On July 14, 2022 at 1:00 (PDT) / 8:00 (GMT) to July 31, at 7:59 (PDT) / 14:59 (GMT)
[13:33:12] 
[13:33:12] Details on the prize can be confirmed by speaking to a Bonanza Moogle at one of the following locations:
[13:33:12] 
[13:33:12] Port San d'Oria (I-9) / Port Bastok (L-8) / Port Windurst (F-6) / Chocobo Circuit (H-8)
[13:33:13] You have undertaken the limited-time Records of Eminence challenge ｲMagic Damage Kills.ｳ
[13:33:13] The July 2022 Login Campaign is currently underway!
[13:33:13] 
[13:33:13] In celebration of your most recent login (login no. 13), we have provided you with 100 points!
[13:33:13] You currently have a total of 3200 points.
[13:33:14] We hope you enjoy this complimentary little gift, courtesy of the citizens of Vana'diel!
[13:33:14] Obtained: Special gobbiedial key.
[13:33:23] {Sylvie} Uh-oh! He's here! That Quetzalcoatl guy's showed up in Reisenjima around ?-?, and he seems super duper mad.
Habitox : Oho, ya feelin' lucky 'nough tah takes a stab at da myst'ry box?
[13:33:30] Habitox : Oho, ya feelin' lucky 'nough tah takes a stab at da myst'ry box?
[13:33:30] Habitox : Oho, ya feelin' lucky 'nough tah takes a stab at da myst'ry box?
Habitox : Ya wanna open dat sucker up? Okay, but which dial ya be wantin'?
[13:33:31] Habitox : Ya wanna open dat sucker up? Okay, but which dial ya be wantin'?
[13:33:31] Habitox : Ya wanna open dat sucker up? Okay, but which dial ya be wantin'?
[13:33:32] Rsdgwrg : Buy And Sell FF11 Gil At  WVVW.P2PAH.COM   1000K =0.5$..nwe
Habitox : So ya be wantin' the special dial?M'kay, get yerself all steeled up, 'cause here we go! 'Member, no complaints!
[13:33:34] Habitox : So ya be wantin' the special dial?
[13:33:34] 　M'kay, get yerself all steeled up, 'cause here we go! 'Member, no complaints!
[13:33:34] Habitox : So ya be wantin' the special dial?
[13:33:34] 　M'kay, get yerself all steeled up, 'cause here we go! 'Member, no complaints!
[13:33:34] {Spicyryan} Hello!
Habitox : Dis box is full o' myst'ries,♪Dat span da realm's his'try,♪So whatcha gonna get from da chest...o'...uh, fortunery?♪
[13:33:35] Habitox : Dis box is full o' myst'ries,♪
[13:33:35] 　Dat span da realm's his'try,♪
[13:33:35] 　So whatcha gonna get from da chest...o'...uh, fortunery?♪
[13:33:35] Habitox : Dis box is full o' myst'ries,♪
[13:33:35] 　Dat span da realm's his'try,♪
[13:33:35] 　So whatcha gonna get from da chest...o'...uh, fortunery?♪
Habitox : Oooh, looks at what popped out! I hopes it makes yer adventures dat much more adventumarous!
[13:33:39] Habitox : Oooh, looks at what popped out! I hopes it makes yer adventures dat much more adventumarous!
[13:33:39] Habitox : Oooh, looks at what popped out! I hopes it makes yer adventures dat much more adventumarous!
[13:33:42] Fczjst[PSandOria]: Omen FU Shulmanu Collar Middleboss Do you need it? Buy?tell
[13:33:43] Obtained: Jeunoan armoire.
[13:33:43] You have used 50 points of your daily tally!
[13:33:48] Executing logout in 30 seconds.
[13:33:48] Cancel healing to remain logged in.
[13:33:52] Executing logout in 25 seconds.
[13:33:52] Cancel healing to remain logged in.
[13:33:57] Executing logout in 20 seconds.
[13:33:57] Cancel healing to remain logged in.
[13:34:02] Executing logout in 15 seconds.
[13:34:02] Cancel healing to remain logged in.
[13:34:07] Executing logout in 10 seconds.
[13:34:07] Cancel healing to remain logged in.
[13:34:12] Executing logout in 5 seconds.
[13:34:12] Cancel healing to remain logged in.
[13:34:17] Vifa[Mhaura]: Ambuscade１VD １Battle4MDo you need it?Buy?Tell
