[17:55:44] === Area: Port San d'Oria ===
[17:55:44] *****DP Job Selection:THF*****
[17:55:44] Mode: Default.
[17:55:44] React: Loading File: react_THF.lua
[17:55:46] Size already 20.
[17:55:46] ConsoleBG: Position changed! X: 15 Y: 50
[17:55:46] Loaded THF Battlemod filters
[17:55:50] <<< Welcome to Asura! >>>
[17:55:50] Announcing the winning numbers for the 20th Vana'versary Nomad Mog Bonanza!
[17:55:50] 
[17:55:50]  
[17:55:50] 
[17:55:50] Rank 3 prize: "7" (last digit)-- 20,471 winners.
[17:55:50] 
[17:55:50] Rank 2 prize: "04" (last two digits)-- 2,010 winners.
[17:55:50] 
[17:55:50] Rank 1 prize: "854" (all three digits)-- 185 winners.
[17:55:50] 
[17:55:50] *The number of winners for each prize is a combined total from all worlds.
[17:55:50] 
[17:55:50]  
[17:55:50] 
[17:55:50] Collection period: On July 14, 2022 at 1:00 (PDT) / 8:00 (GMT) to July 31, at 7:59 (PDT) / 14:59 (GMT)
[17:55:50] 
[17:55:50] Details on the prize can be confirmed by speaking to a Bonanza Moogle at one of the following locations:
[17:55:50] 
[17:55:50] Port San d'Oria (I-9) / Port Bastok (L-8) / Port Windurst (F-6) / Chocobo Circuit (H-8)
[17:55:51] You have undertaken the limited-time Records of Eminence challenge ‡²Vanquish Vermin.‡³
[17:55:51] The July 2022 Login Campaign is currently underway!
[17:55:51] 
[17:55:51] The maximum number of people are already participating in Unity chat. Please try again later.
[17:55:51] In celebration of your most recent login (login no. 14), we have provided you with 100 points!
[17:55:51] You currently have a total of 3300 points.
[17:55:52] We hope you enjoy this complimentary little gift, courtesy of the citizens of Vana'diel!
[17:55:52] Obtained: Special gobbiedial key.
[17:55:57] Shakyamuni[Mhaura]: Enchntr. Earring +1 Sell? You can have this. 6m /tell
[17:56:06] Hyrue[Mhaura]: Stikini Ring +1 x2 Can I have it? 5m total 
[17:56:08] Endone[Rabao]: Odyssey C Segs Halo + NM Looking for members. BRD /tell
[17:57:07] Executing logout in 30 seconds.
[17:57:07] Cancel healing to remain logged in.
[17:57:11] Executing logout in 25 seconds.
[17:57:11] Cancel healing to remain logged in.
[17:57:16] Executing logout in 20 seconds.
[17:57:16] Cancel healing to remain logged in.
[17:57:21] Endone[Rabao]: Odyssey C Segs Halo + NM Looking for members. BRD /tell
[17:57:21] Executing logout in 15 seconds.
[17:57:21] Cancel healing to remain logged in.
[17:57:26] Executing logout in 10 seconds.
[17:57:26] Cancel healing to remain logged in.
[17:57:31] Executing logout in 5 seconds.
[17:57:31] Cancel healing to remain logged in.
