[08:19:35] React: Loading File: react_THF.lua
[08:19:36] *****DP Job Selection:THF*****
[08:19:36] Mode: Default.
[08:19:37] Loaded THF Battlemod filters
[08:19:40] You have undertaken the limited-time Records of Eminence challenge ‡²Vanquish Lizards.‡³
[08:19:40] This area is currently affected by the Super Kupower: ‡²Boundary Buster‡³!
[08:19:40] This area is currently affected by the Super Kupower: ‡²Bountiful Bazaar‡³!
[08:19:40] This area is currently affected by the Super Kupower: ‡²Crystal Caboodle‡³!
[08:19:40] The maximum number of people are already participating in Unity chat. Please try again later.
[08:19:40] The April 2021 Login Campaign is currently underway!
[08:19:40] 
[08:19:40] In celebration of your most recent login (login no. 11), we have provided you with 100 points!
[08:19:40] You currently have a total of 3000 points.
[08:19:41] <<< Welcome to Asura! >>>
[08:19:41] Announcing the winning numbers for the Early Spring Mog Bonanza 2021!
[08:19:41] 
[08:19:41]  
[08:19:41] 
[08:19:41] Rank 3 prize: "0" (last digit)-- 6413 winners.
[08:19:41] 
[08:19:41] Rank 2 prize: "37" (last two digits)-- 928 winners.
[08:19:41] 
[08:19:41] Rank 1 prize: "196" (all three digits)-- 88 winners.
[08:19:41] 
[08:19:41] *The number of winners for each prize is a combined total from all worlds.
[08:19:41] 
[08:19:41]  
[08:19:41] 
[08:19:41] Collection period: On April 12, 2021 at 1:00 (PDT) / 8:00 (GMT) to April 30, at 7:59 (PDT) / 14:59 (GMT)
[08:19:41] 
[08:19:41] Details on the prize can be confirmed by speaking to a Bonanza Moogle at one of the following locations:
[08:19:41] 
[08:19:41] Port San d'Oria (I-9) / Port Bastok (L-8) / Port Windurst (F-6) / Chocobo Circuit (H-8)
[08:19:45] We hope you enjoy this complimentary little gift, courtesy of the citizens of Vana'diel!
[08:19:45] Obtained: Dial key #Ab.
[08:20:05] Welcome, Feary!
[08:20:05] Did you know if you subscribe to Guildwork Premium (guildwork.com/premium) you can get cross-zone shouts, AH notifications, Bazaar notifications, Remote chat and more?
[08:20:05] Add this character to Guildwork by typing /gw flush --add
