[16:53:25] === Area: Port San d'Oria ===
[16:53:25] *****DP Job Selection:THF*****
[16:53:25] Mode: Default.
[16:53:25] React: Loading File: react_THF.lua
[16:53:27] Size already 20.
[16:53:27] ConsoleBG: Position changed! X: 15 Y: 50
[16:53:29] Loaded THF Battlemod filters
[16:53:34] <<< Welcome to Asura! >>>
[16:53:34] Announcing the winning numbers for the 20th Vana'versary Nomad Mog Bonanza!
[16:53:34] 
[16:53:34]  
[16:53:34] 
[16:53:34] Rank 3 prize: "7" (last digit)-- 20,471 winners.
[16:53:34] 
[16:53:34] Rank 2 prize: "04" (last two digits)-- 2,010 winners.
[16:53:34] 
[16:53:34] Rank 1 prize: "854" (all three digits)-- 185 winners.
[16:53:34] 
[16:53:34] *The number of winners for each prize is a combined total from all worlds.
[16:53:34] 
[16:53:34]  
[16:53:34] 
[16:53:34] Collection period: On July 14, 2022 at 1:00 (PDT) / 8:00 (GMT) to July 31, at 7:59 (PDT) / 14:59 (GMT)
[16:53:34] 
[16:53:34] Details on the prize can be confirmed by speaking to a Bonanza Moogle at one of the following locations:
[16:53:34] 
[16:53:34] Port San d'Oria (I-9) / Port Bastok (L-8) / Port Windurst (F-6) / Chocobo Circuit (H-8)
[16:53:35] You have undertaken the limited-time Records of Eminence challenge ｲSpoils (Seals).ｳ
[16:53:35] The July 2022 Login Campaign is currently underway!
[16:53:35] 
[16:53:35] The maximum number of people are already participating in Unity chat. Please try again later.
[16:53:35] In celebration of your most recent login (login no. 15), we have provided you with 100 points!
[16:53:35] You currently have a total of 3400 points.
[16:53:35] We hope you enjoy this complimentary little gift, courtesy of the citizens of Vana'diel!
[16:53:36] Obtained: Special gobbiedial key.
[16:53:46] Prada[PortBastok]: Odyssey Bumba, Arebati Xevioso V0 clear Do you need it? Buy? /tell
[16:53:52] Benoistndkugwui[PSandOria]:  ｆｆｘｉｐａｌ.ｃｏｍ, GET FAST DELIVERY!★REMA/SU5/Item/gil/Gil/  Discount ->"vip05"
[16:54:06] Benoistndkugwui[PSandOria]:  ｆｆｘｉｐａｌ.ｃｏｍ, GET FAST DELIVERY!★REMA/SU5/Item/gil/Gil/  Discount ->"vip05"
Habitox : Oho, ya feelin' lucky 'nough tah takes a stab at da myst'ry box?
[16:54:07] Habitox : Oho, ya feelin' lucky 'nough tah takes a stab at da myst'ry box?
[16:54:07] Habitox : Oho, ya feelin' lucky 'nough tah takes a stab at da myst'ry box?
Habitox : Ya wanna open dat sucker up? Okay, but which dial ya be wantin'?
[16:54:08] Habitox : Ya wanna open dat sucker up? Okay, but which dial ya be wantin'?
[16:54:08] Habitox : Ya wanna open dat sucker up? Okay, but which dial ya be wantin'?
[16:54:11] Saruno[Whitegate]: AssaultLebros CavernLebros Supplies Looking for members.2/? last shout
Habitox : So ya be wantin' the special dial?M'kay, get yerself all steeled up, 'cause here we go! 'Member, no complaints!
[16:54:13] Habitox : So ya be wantin' the special dial?
[16:54:13] 　M'kay, get yerself all steeled up, 'cause here we go! 'Member, no complaints!
[16:54:13] Habitox : So ya be wantin' the special dial?
[16:54:13] 　M'kay, get yerself all steeled up, 'cause here we go! 'Member, no complaints!
Habitox : Dis box is full o' myst'ries,♪Dat span da realm's his'try,♪So whatcha gonna get from da chest...o'...uh, fortunery?♪
[16:54:14] Habitox : Dis box is full o' myst'ries,♪
[16:54:14] 　Dat span da realm's his'try,♪
[16:54:14] 　So whatcha gonna get from da chest...o'...uh, fortunery?♪
[16:54:14] Habitox : Dis box is full o' myst'ries,♪
[16:54:14] 　Dat span da realm's his'try,♪
[16:54:14] 　So whatcha gonna get from da chest...o'...uh, fortunery?♪
Habitox : Oooh, looks at what popped out! I hopes it makes yer adventures dat much more adventumarous!
[16:54:18] Habitox : Oooh, looks at what popped out! I hopes it makes yer adventures dat much more adventumarous!
[16:54:18] Habitox : Oooh, looks at what popped out! I hopes it makes yer adventures dat much more adventumarous!
[16:54:22] Obtained: Piece of shiromochi +1.
[16:54:22] You have used 50 points of your daily tally!
[16:54:48] Kinggalka[Rabao]: Crawlers' Nest [S] Aeolian Edge ML exp pt Do you need it? pst cor, rdm or sch, run or pld
[16:56:00] Executing logout in 30 seconds.
[16:56:00] Cancel healing to remain logged in.
[16:56:04] Executing logout in 25 seconds.
[16:56:04] Cancel healing to remain logged in.
[16:56:09] Executing logout in 20 seconds.
[16:56:09] Cancel healing to remain logged in.
[16:56:14] Executing logout in 15 seconds.
[16:56:14] Cancel healing to remain logged in.
[16:56:19] Executing logout in 10 seconds.
[16:56:19] Cancel healing to remain logged in.
[16:56:24] Executing logout in 5 seconds.
[16:56:24] Cancel healing to remain logged in.
[16:56:30] Prada[PortBastok]: Odyssey Bumba, Arebati Xevioso V0 clear Do you need it? Buy? /tell
