[13:44:35] === Area: Port San d'Oria ===
[13:44:35] React: Loading File: react_THF.lua
[13:44:35] *****DP Job Selection:THF*****
[13:44:35] Mode: Default.
[13:44:37] Size already 20.
[13:44:37] ConsoleBG: Position changed! X: 15 Y: 50
[13:44:37] Loaded THF Battlemod filters
[13:44:41] <<< Welcome to Asura! >>>
[13:44:41] Announcing the winning numbers for the 20th Vana'versary Nomad Mog Bonanza!
[13:44:41] 
[13:44:41]  
[13:44:41] 
[13:44:41] Rank 3 prize: "7" (last digit)-- 20,471 winners.
[13:44:41] 
[13:44:41] Rank 2 prize: "04" (last two digits)-- 2,010 winners.
[13:44:41] 
[13:44:41] Rank 1 prize: "854" (all three digits)-- 185 winners.
[13:44:41] 
[13:44:41] *The number of winners for each prize is a combined total from all worlds.
[13:44:41] 
[13:44:41]  
[13:44:41] 
[13:44:41] Collection period: On July 14, 2022 at 1:00 (PDT) / 8:00 (GMT) to July 31, at 7:59 (PDT) / 14:59 (GMT)
[13:44:41] 
[13:44:41] Details on the prize can be confirmed by speaking to a Bonanza Moogle at one of the following locations:
[13:44:41] 
[13:44:41] Port San d'Oria (I-9) / Port Bastok (L-8) / Port Windurst (F-6) / Chocobo Circuit (H-8)
[13:44:43] You have undertaken the limited-time Records of Eminence challenge ｲMagic Damage Kills.ｳ
[13:44:43] The July 2022 Login Campaign is currently underway!
[13:44:43] 
[13:44:43] The maximum number of people are already participating in Unity chat. Please try again later.
[13:44:43] In celebration of your most recent login (login no. 12), we have provided you with 100 points!
[13:44:43] You currently have a total of 3100 points.
[13:44:44] We hope you enjoy this complimentary little gift, courtesy of the citizens of Vana'diel!
[13:44:44] Obtained: Special gobbiedial key.
[13:44:52] Jenthesister[PortJeuno]: Master Level Capacity Points AoE Party Looking for members. Pld,run.cor,whm,brd,geo Can I have it?
[13:44:53] Kupoluver[LowJeuno]: Master Level Party Do you need it? Looking for members. /tell WHM BLM RDM BRD SMN SCH GEO COR 2/6
[13:45:01] Fczjst[PSandOria]: Omen FU Shulmanu Collar Middleboss Do you need it? Buy?tell
[13:45:23] Rsdgwrg : Buy And Sell FF11 Gil At  WVVW.P2PAH.COM   1000K =0.5$..nnd
Habitox : Oho, ya feelin' lucky 'nough tah takes a stab at da myst'ry box?
[13:45:23] Habitox : Oho, ya feelin' lucky 'nough tah takes a stab at da myst'ry box?
[13:45:23] Habitox : Oho, ya feelin' lucky 'nough tah takes a stab at da myst'ry box?
Habitox : Ya wanna open dat sucker up? Okay, but which dial ya be wantin'?
[13:45:24] Habitox : Ya wanna open dat sucker up? Okay, but which dial ya be wantin'?
[13:45:24] Habitox : Ya wanna open dat sucker up? Okay, but which dial ya be wantin'?
Habitox : So ya be wantin' the special dial?M'kay, get yerself all steeled up, 'cause here we go! 'Member, no complaints!
[13:45:30] Habitox : So ya be wantin' the special dial?
[13:45:30] 　M'kay, get yerself all steeled up, 'cause here we go! 'Member, no complaints!
[13:45:30] Habitox : So ya be wantin' the special dial?
[13:45:30] 　M'kay, get yerself all steeled up, 'cause here we go! 'Member, no complaints!
Habitox : Dis box is full o' myst'ries,♪Dat span da realm's his'try,♪So whatcha gonna get from da chest...o'...uh, fortunery?♪
[13:45:31] Habitox : Dis box is full o' myst'ries,♪
[13:45:31] 　Dat span da realm's his'try,♪
[13:45:31] 　So whatcha gonna get from da chest...o'...uh, fortunery?♪
[13:45:31] Habitox : Dis box is full o' myst'ries,♪
[13:45:31] 　Dat span da realm's his'try,♪
[13:45:31] 　So whatcha gonna get from da chest...o'...uh, fortunery?♪
Habitox : Oooh, looks at what popped out! I hopes it makes yer adventures dat much more adventumarous!
[13:45:35] Habitox : Oooh, looks at what popped out! I hopes it makes yer adventures dat much more adventumarous!
[13:45:35] Habitox : Oooh, looks at what popped out! I hopes it makes yer adventures dat much more adventumarous!
[13:45:39] Obtained: Square of foulard.
[13:45:39] You have used 50 points of your daily tally!
[13:45:41] Fczjst[PSandOria]: Omen FU Shulmanu Collar Middleboss Do you need it? Buy?tell
[13:45:46] Executing logout in 30 seconds.
[13:45:46] Cancel healing to remain logged in.
[13:45:47] Kupoluver[LowJeuno]: Master Level Party Do you need it? Looking for members. /tell WHM BLM RDM BRD SMN SCH GEO COR 2/6
[13:45:50] Executing logout in 25 seconds.
[13:45:50] Cancel healing to remain logged in.
[13:45:55] Executing logout in 20 seconds.
[13:45:55] Cancel healing to remain logged in.
[13:45:58] Ronstadt[Mhaura]: Master Level Party Crawlers' Nest [S] Looking for members. THF DNC COR SMN GEO SCH BLM RDMmb /tell @3/6
[13:46:00] Executing logout in 15 seconds.
[13:46:00] Cancel healing to remain logged in.
[13:46:06] Executing logout in 10 seconds.
[13:46:06] Cancel healing to remain logged in.
[13:46:10] Executing logout in 5 seconds.
[13:46:10] Cancel healing to remain logged in.
[13:46:14] Rsdgwrg : Buy And Sell FF11 Gil At  WVVW.P2PAH.COM   1000K =0.5$..xgc
[13:46:15] Vwx[Selbina]: Ambuscade V.1 VD Do you need it?  4m 1run Buy? /tell
