[11:50:34] === Area: Port San d'Oria ===
[11:50:34] *****DP Job Selection:THF*****
[11:50:34] Mode: Default.
[11:50:35] React: Loading File: react_THF.lua
[11:50:37] Size already 20.
[11:50:37] ConsoleBG: Position changed! X: 15 Y: 50
[11:50:38] Loaded THF Battlemod filters
[11:50:42] <<< Welcome to Asura! >>>
[11:50:42] Announcing the winning numbers for the 20th Vana'versary Nomad Mog Bonanza!
[11:50:42] 
[11:50:42]  
[11:50:42] 
[11:50:42] Rank 3 prize: "7" (last digit)-- 20,471 winners.
[11:50:42] 
[11:50:42] Rank 2 prize: "04" (last two digits)-- 2,010 winners.
[11:50:42] 
[11:50:42] Rank 1 prize: "854" (all three digits)-- 185 winners.
[11:50:42] 
[11:50:42] *The number of winners for each prize is a combined total from all worlds.
[11:50:42] 
[11:50:42]  
[11:50:42] 
[11:50:42] Collection period: On July 14, 2022 at 1:00 (PDT) / 8:00 (GMT) to July 31, at 7:59 (PDT) / 14:59 (GMT)
[11:50:42] 
[11:50:42] Details on the prize can be confirmed by speaking to a Bonanza Moogle at one of the following locations:
[11:50:42] 
[11:50:42] Port San d'Oria (I-9) / Port Bastok (L-8) / Port Windurst (F-6) / Chocobo Circuit (H-8)
[11:50:43] You have undertaken the limited-time Records of Eminence challenge ｲVanquish Arcana.ｳ
[11:50:43] The July 2022 Login Campaign is currently underway!
[11:50:43] 
[11:50:43] The maximum number of people are already participating in Unity chat. Please try again later.
[11:50:43] In celebration of your most recent login (login no. 16), we have provided you with 100 points!
[11:50:43] You currently have a total of 3500 points.
[11:50:43] We hope you enjoy this complimentary little gift, courtesy of the citizens of Vana'diel!
[11:50:43] Obtained: Special gobbiedial key.
[11:50:51] Executing logout in 30 seconds.
[11:50:51] Cancel healing to remain logged in.
[11:50:54] Masxiaosan[LowJeuno]: Telos Earring Reiki Yotai Do you need it? /tell Buy? 
Habitox : Oho, ya feelin' lucky 'nough tah takes a stab at da myst'ry box?
[11:50:57] Habitox : Oho, ya feelin' lucky 'nough tah takes a stab at da myst'ry box?
[11:50:57] Habitox : Oho, ya feelin' lucky 'nough tah takes a stab at da myst'ry box?
Habitox : Ya wanna open dat sucker up? Okay, but which dial ya be wantin'?
[11:50:58] Habitox : Ya wanna open dat sucker up? Okay, but which dial ya be wantin'?
[11:50:58] Habitox : Ya wanna open dat sucker up? Okay, but which dial ya be wantin'?
Habitox : So ya be wantin' the special dial?M'kay, get yerself all steeled up, 'cause here we go! 'Member, no complaints!
[11:51:02] Habitox : So ya be wantin' the special dial?
[11:51:02] 　M'kay, get yerself all steeled up, 'cause here we go! 'Member, no complaints!
[11:51:02] Habitox : So ya be wantin' the special dial?
[11:51:02] 　M'kay, get yerself all steeled up, 'cause here we go! 'Member, no complaints!
Habitox : Dis box is full o' myst'ries,♪Dat span da realm's his'try,♪So whatcha gonna get from da chest...o'...uh, fortunery?♪
[11:51:03] Habitox : Dis box is full o' myst'ries,♪
[11:51:03] 　Dat span da realm's his'try,♪
[11:51:03] 　So whatcha gonna get from da chest...o'...uh, fortunery?♪
[11:51:03] Habitox : Dis box is full o' myst'ries,♪
[11:51:03] 　Dat span da realm's his'try,♪
[11:51:03] 　So whatcha gonna get from da chest...o'...uh, fortunery?♪
[11:51:03] Odyesnm[BastokMine]: Odyssey T3 Ngai Clear Mind Do you need it? Buy? going 5 minues 
[11:51:04] Aoora[PortBastok]: Ambuscade V.1 VD Do you need it? Buy? 3m/run
Habitox : Oooh, looks at what popped out! I hopes it makes yer adventures dat much more adventumarous!
[11:51:07] Habitox : Oooh, looks at what popped out! I hopes it makes yer adventures dat much more adventumarous!
[11:51:07] Habitox : Oooh, looks at what popped out! I hopes it makes yer adventures dat much more adventumarous!
[11:51:11] Obtained: Copy of "Ancient Blood".
[11:51:11] You have used 50 points of your daily tally!
[11:51:12] Kimgaeonic[BastokMark]: Aeonic/ioniッkuuェpon 3zone Clear Mind Do you need it? Buy? 50M /tell 1/4
[11:51:14] Ksods[Mhaura]: Ambuscade V.1 VD Do you need it? 3M/runs Buy? /tell
[11:51:15] Executing logout in 30 seconds.
[11:51:15] Cancel healing to remain logged in.
[11:51:19] Executing logout in 25 seconds.
[11:51:19] Cancel healing to remain logged in.
[11:51:20] Eunnaa[PortBastok]: Ambuscade V.1 VD Do you need it? 3M Buy? /tell
[11:51:25] Executing logout in 20 seconds.
[11:51:25] Cancel healing to remain logged in.
[11:51:30] Executing logout in 15 seconds.
[11:51:30] Cancel healing to remain logged in.
[11:51:35] Executing logout in 10 seconds.
[11:51:35] Cancel healing to remain logged in.
[11:51:37] Shmilywowo[BastokMark]: Escha - Zi'Tah Escha - Ru'Aun Reiki Yotai T1T2T3 ALL Item ABJ Reiki Yotai Telos Earring Do you need it? /tell  
[11:51:39] Executing logout in 5 seconds.
[11:51:39] Cancel healing to remain logged in.
[12:02:15] === Area: Port San d'Oria ===
[12:02:15] *****DP Job Selection:THF*****
[12:02:15] Mode: Default.
[12:02:15] React: Loading File: react_THF.lua
[12:02:17] Size already 20.
[12:02:17] ConsoleBG: Position changed! X: 15 Y: 50
[12:02:18] Loaded THF Battlemod filters
[12:02:22] <<< Welcome to Asura! >>>
[12:02:22] Announcing the winning numbers for the 20th Vana'versary Nomad Mog Bonanza!
[12:02:22] 
[12:02:22]  
[12:02:22] 
[12:02:22] Rank 3 prize: "7" (last digit)-- 20,471 winners.
[12:02:22] 
[12:02:22] Rank 2 prize: "04" (last two digits)-- 2,010 winners.
[12:02:22] 
[12:02:22] Rank 1 prize: "854" (all three digits)-- 185 winners.
[12:02:22] 
[12:02:22] *The number of winners for each prize is a combined total from all worlds.
[12:02:22] 
[12:02:22]  
[12:02:22] 
[12:02:22] Collection period: On July 14, 2022 at 1:00 (PDT) / 8:00 (GMT) to July 31, at 7:59 (PDT) / 14:59 (GMT)
[12:02:22] 
[12:02:22] Details on the prize can be confirmed by speaking to a Bonanza Moogle at one of the following locations:
[12:02:22] 
[12:02:22] Port San d'Oria (I-9) / Port Bastok (L-8) / Port Windurst (F-6) / Chocobo Circuit (H-8)
[12:02:23] The maximum number of people are already participating in Unity chat. Please try again later.
[12:02:30] Iily[Whitegate]: znm T4 Sarameya Tinnin Tyger Item and win Do you need it? Buy?
[12:03:02] Shmilywowo[BastokMark]: Escha - Zi'Tah Escha - Ru'Aun Reiki Yotai T1T2T3 ALL Item ABJ Reiki Yotai Telos Earring Do you need it? /tell  
[12:03:10] Aoora[PortBastok]: Ambuscade V.1 VD Do you need it? Buy? 3m/run
[12:03:11] Kimgaeonic[BastokMark]: Aeonic/ioniッkuuェpon 3zone Clear Mind Do you need it? Buy? 50M /tell 1/4
[12:03:21] Masxiaosan[LowJeuno]: Telos Earring Reiki Yotai Do you need it? /tell Buy? 
[12:03:25] Jocror[BastokMark]: Sarameya Tinnin Tyger win Item x3 Do you need it? Buy? /tell Thank you.
Habitox : Oho, ya feelin' lucky 'nough tah takes a stab at da myst'ry box?
[12:03:28] Habitox : Oho, ya feelin' lucky 'nough tah takes a stab at da myst'ry box?
[12:03:28] Habitox : Oho, ya feelin' lucky 'nough tah takes a stab at da myst'ry box?
Habitox : Ya wanna open dat sucker up? Okay, but which dial ya be wantin'?
[12:03:29] Habitox : Ya wanna open dat sucker up? Okay, but which dial ya be wantin'?
[12:03:29] Habitox : Ya wanna open dat sucker up? Okay, but which dial ya be wantin'?
[12:03:32] Iily[Whitegate]: znm T4 Sarameya Tinnin Tyger Item and win Do you need it? Buy?
[12:03:34] Executing logout in 30 seconds.
[12:03:34] Cancel healing to remain logged in.
[12:03:38] Executing logout in 25 seconds.
[12:03:38] Cancel healing to remain logged in.
[12:03:43] Executing logout in 20 seconds.
[12:03:43] Cancel healing to remain logged in.
[12:03:48] Executing logout in 15 seconds.
[12:03:48] Cancel healing to remain logged in.
[12:03:53] Executing logout in 10 seconds.
[12:03:53] Cancel healing to remain logged in.
[12:03:58] Executing logout in 5 seconds.
[12:03:58] Cancel healing to remain logged in.
