[08:21:04] === Area: Port San d'Oria ===
[08:21:04] *****DP Job Selection:THF*****
[08:21:04] Mode: Default.
[08:21:04] React: Loading File: react_THF.lua
[08:21:06] Size already 20.
[08:21:06] ConsoleBG: Position changed! X: 15 Y: 50
[08:21:07] Loaded THF Battlemod filters
[08:21:11] <<< Welcome to Asura! >>>
[08:21:11] Announcing the winning numbers for the 20th Vana'versary Nomad Mog Bonanza!
[08:21:11] 
[08:21:11]  
[08:21:11] 
[08:21:11] Rank 3 prize: "7" (last digit)-- 20,471 winners.
[08:21:11] 
[08:21:11] Rank 2 prize: "04" (last two digits)-- 2,010 winners.
[08:21:11] 
[08:21:11] Rank 1 prize: "854" (all three digits)-- 185 winners.
[08:21:11] 
[08:21:11] *The number of winners for each prize is a combined total from all worlds.
[08:21:11] 
[08:21:11]  
[08:21:11] 
[08:21:11] Collection period: On July 14, 2022 at 1:00 (PDT) / 8:00 (GMT) to July 31, at 7:59 (PDT) / 14:59 (GMT)
[08:21:11] 
[08:21:11] Details on the prize can be confirmed by speaking to a Bonanza Moogle at one of the following locations:
[08:21:11] 
[08:21:11] Port San d'Oria (I-9) / Port Bastok (L-8) / Port Windurst (F-6) / Chocobo Circuit (H-8)
[08:21:12] You have undertaken the limited-time Records of Eminence challenge á≤Spoils (Seals).á≥
[08:21:12] This area is currently affected by the Super Kupower: á≤Thrifty Transitá≥!
[08:21:12] This area is currently affected by the Super Kupower: á≤Artisan's Advantageá≥!
[08:21:12] This area is currently affected by the Super Kupower: á≤Swift Shoesá≥!
[08:21:12] The maximum number of people are already participating in Unity chat. Please try again later.
[08:21:12] The July 2022 Login Campaign is currently underway!
[08:21:12] 
[08:21:12] In celebration of your most recent login (login no. 18), we have provided you with 100 points!
[08:21:12] You currently have a total of 3700 points.
[08:21:12] We hope you enjoy this complimentary little gift, courtesy of the citizens of Vana'diel!
[08:21:12] Obtained: Special gobbiedial key.
[08:21:16] Paozhong[LowJeuno]: Ou  waist hand Regal Ganutlets Do you need it? /tell go in 2min
[08:21:17] Jocror[BastokMark]: Tinnin Sarameya Tyger win Item all 3 Do you need it? Buy? /tell Thank you.
[08:21:20] Executing logout in 30 seconds.
[08:21:20] Cancel healing to remain logged in.
[08:21:23] Executing logout in 25 seconds.
[08:21:23] Cancel healing to remain logged in.
[08:21:24] Cooldogr[NSandOria]: Odysseyt1t2t3Arebati Kalunga Xevioso Ngai Mboze Ongo Bumba V0 Clear Mind Buy?
[08:21:26] Rosamie[Rabao]: segumeÇPâÒ currently 5ñº ïêäÌ2éÌÅ™ÅZÇ»WARDRKSAM CORÇ»Ç«Recruiting teruÇ®ë“ÇøÇµÇƒÇ‹Ç∑Å[
[08:21:28] Zatazma[PortBastok]: ZNM T4 Sarameya Tinnin Tyger Item win Do you need it? Buy? /tell
[08:21:28] Executing logout in 20 seconds.
[08:21:28] Cancel healing to remain logged in.
[08:21:33] Nakitaru[RuLudeGard]: Handshard: RDM x3 1.8m each Sell?
[08:21:33] Executing logout in 15 seconds.
[08:21:33] Cancel healing to remain logged in.
[08:21:38] Executing logout in 10 seconds.
[08:21:38] Cancel healing to remain logged in.
[08:21:41] Odyeesnm[BastokMine]: Odyssey T4 Bumba T3 Ngai Mboze Xevioso Ongo Arebati Kalunag Clear Mind v0v1 Odyssey C SEG Buy?
[08:21:43] Sesshmaru[Rabao]: Odyssey C Looking for members. REMA BRD  yWHM Veteran Tank 3/6
[08:21:43] Executing logout in 5 seconds.
[08:21:43] Cancel healing to remain logged in.
[08:21:46] Babbbw[BastokMine]: Odyssey T1-T2 V15*T3 Kalunga V15*T4 Bumba V15 Win Sheol.C-Seg Do you need it? Buy? /tell
[08:21:46] Hirox[Selbina]: Relic Mythic enpi interestÇ†ÇËÇ‹ÇπÇÒÇ©ÅBè⁄ç◊Search Comment
[08:21:48] Engetsu[PortJeuno]: ody C segs Team up? tank heal brd dd Can I have it?
[15:55:39] === Area: Port San d'Oria ===
[15:55:39] *****DP Job Selection:THF*****
[15:55:39] Mode: Default.
[15:55:39] React: Loading File: react_THF.lua
[15:55:41] Size already 20.
[15:55:41] ConsoleBG: Position changed! X: 15 Y: 50
[15:55:41] Loaded THF Battlemod filters
[15:55:45] <<< Welcome to Asura! >>>
[15:55:45] Announcing the winning numbers for the 20th Vana'versary Nomad Mog Bonanza!
[15:55:45] 
[15:55:45]  
[15:55:45] 
[15:55:45] Rank 3 prize: "7" (last digit)-- 20,471 winners.
[15:55:45] 
[15:55:45] Rank 2 prize: "04" (last two digits)-- 2,010 winners.
[15:55:45] 
[15:55:45] Rank 1 prize: "854" (all three digits)-- 185 winners.
[15:55:45] 
[15:55:45] *The number of winners for each prize is a combined total from all worlds.
[15:55:45] 
[15:55:45]  
[15:55:45] 
[15:55:45] Collection period: On July 14, 2022 at 1:00 (PDT) / 8:00 (GMT) to July 31, at 7:59 (PDT) / 14:59 (GMT)
[15:55:45] 
[15:55:45] Details on the prize can be confirmed by speaking to a Bonanza Moogle at one of the following locations:
[15:55:45] 
[15:55:45] Port San d'Oria (I-9) / Port Bastok (L-8) / Port Windurst (F-6) / Chocobo Circuit (H-8)
[15:55:46] You have undertaken the limited-time Records of Eminence challenge á≤Vanquish Plantoids.á≥
[15:55:46] This area is currently affected by the Super Kupower: á≤Thrifty Transitá≥!
[15:55:46] This area is currently affected by the Super Kupower: á≤Artisan's Advantageá≥!
[15:55:46] This area is currently affected by the Super Kupower: á≤Swift Shoesá≥!
[15:55:46] The maximum number of people are already participating in Unity chat. Please try again later.
[15:55:46] The July 2022 Login Campaign is currently underway!
[15:55:46] 
[15:55:46] In celebration of your most recent login (login no. 19), we have provided you with 100 points!
[15:55:46] You currently have a total of 3800 points.
[15:55:46] We hope you enjoy this complimentary little gift, courtesy of the citizens of Vana'diel!
[15:55:46] Obtained: Special gobbiedial key.
[15:56:01] Executing logout in 30 seconds.
[15:56:01] Cancel healing to remain logged in.
[15:56:05] Xxpoure[PortJeuno]: anyone doing card farms?
[15:56:05] Executing logout in 25 seconds.
[15:56:05] Cancel healing to remain logged in.
[15:56:10] Executing logout in 20 seconds.
[15:56:10] Cancel healing to remain logged in.
[15:56:15] Executing logout in 15 seconds.
[15:56:15] Cancel healing to remain logged in.
[15:56:18] Bangerang[Whitegate]: Capacity PointsPartyLooking for members.Support role jobHealing Magic/tell
[15:56:20] Executing logout in 10 seconds.
[15:56:20] Cancel healing to remain logged in.
[15:56:25] Executing logout in 5 seconds.
[15:56:25] Cancel healing to remain logged in.
