[21:21:02] === Area: Port San d'Oria ===
[21:21:02] React: Loading File: react_THF.lua
[21:21:02] *****DP Job Selection:THF*****
[21:21:02] Mode: Default.
[21:21:04] Size already 20.
[21:21:04] ConsoleBG: Position changed! X: 15 Y: 50
[21:21:04] Loaded THF Battlemod filters
[21:21:09] <<< Welcome to Asura! >>>
[21:21:09] Announcing the winning numbers for the 20th Vana'versary Nomad Mog Bonanza!
[21:21:09] 
[21:21:09]  
[21:21:09] 
[21:21:09] Rank 3 prize: "7" (last digit)-- 20,471 winners.
[21:21:09] 
[21:21:09] Rank 2 prize: "04" (last two digits)-- 2,010 winners.
[21:21:09] 
[21:21:09] Rank 1 prize: "854" (all three digits)-- 185 winners.
[21:21:09] 
[21:21:09] *The number of winners for each prize is a combined total from all worlds.
[21:21:09] 
[21:21:09]  
[21:21:09] 
[21:21:09] Collection period: On July 14, 2022 at 1:00 (PDT) / 8:00 (GMT) to July 31, at 7:59 (PDT) / 14:59 (GMT)
[21:21:09] 
[21:21:09] Details on the prize can be confirmed by speaking to a Bonanza Moogle at one of the following locations:
[21:21:09] 
[21:21:09] Port San d'Oria (I-9) / Port Bastok (L-8) / Port Windurst (F-6) / Chocobo Circuit (H-8)
[21:21:10] You have undertaken the limited-time Records of Eminence challenge ‡²Vanquish Undead.‡³
[21:21:10] The July 2022 Login Campaign is currently underway!
[21:21:10] 
[21:21:10] The maximum number of people are already participating in Unity chat. Please try again later.
[21:21:10] In celebration of your most recent login (login no. 13), we have provided you with 100 points!
[21:21:10] You currently have a total of 3200 points.
[21:21:11] We hope you enjoy this complimentary little gift, courtesy of the citizens of Vana'diel!
[21:21:11] Obtained: Special gobbiedial key.
[21:21:13] Masxiaosan[LowJeuno]: Telos Earring Reiki Yotai Do you need it? /tell Buy? 
[21:21:16] Executing logout in 30 seconds.
[21:21:16] Cancel healing to remain logged in.
[21:21:19] Ksods[Mhaura]: Ambuscade V.1 VD Do you need it? 4M Buy?
[21:21:20] Executing logout in 25 seconds.
[21:21:20] Cancel healing to remain logged in.
[21:21:25] Executing logout in 20 seconds.
[21:21:25] Cancel healing to remain logged in.
[21:21:29] Erioll[RuLudeGard]: Dynamis - Jeuno D Middle Boss Clear Mind + 5k+ RP Do you need it? 1.5M /tell Starting in 12 mins
[21:21:30] Executing logout in 15 seconds.
[21:21:30] Cancel healing to remain logged in.
[21:21:35] Executing logout in 10 seconds.
[21:21:35] Cancel healing to remain logged in.
[21:21:35] Redwoods[Norg]: *** Nisroch Jerkin * 50M or best offer * Giddeus Balga's Dais
[21:21:40] Aeschreaskytpse[SSandOria]:  ‚†‚†‚˜‚‰‚‚‚Œ.‚ƒ‚‚, GET FAST DELIVERY!šREMA/SU5/Item/gil/Gil/  Discount ->"July2022"
[21:21:40] Executing logout in 5 seconds.
[21:21:40] Cancel healing to remain logged in.
