{Maat} That fool Quetzalcoatl's gone and appeared down in Reisenjima around ?-?. What say we show that monster what this fancy ‡²Unity‡³ business is all about?
{Maat} What? That yellow Naga Raja in Escha - Ru'Aun's gone and run off!
{Maat} Hrmph. The Jeuno garrison sent us a request. They say Naga Raja will show up in Escha - Ru'Aun around H-9 in the next 10 minutes or so. What d'you say?
{Maat} That fool Naga Raja's gone and appeared down in Escha - Ru'Aun around H-9. What say we show that monster what this fancy ‡²Unity‡³ business is all about?
{Maat} What? That yellow Azi Dahaka in Escha - Zi'Tah's gone and run off!
{Maat} Just who is profiting off this ‡²Unity‡³ business anyway?
{Maat} What? That yellow Quetzalcoatl in Reisenjima's gone and run off!
{Maat} Hrmph. The Jeuno garrison sent us a request. They say Azi Dahaka will show up in Escha - Zi'Tah around H-8 in the next 10 minutes or so. What d'you say?
{Maat} Hrmph. The Jeuno garrison sent us a request. They say Quetzalcoatl will show up in Reisenjima around ?-? in the next 10 minutes or so. What d'you say?
{Maat} That fool Azi Dahaka's gone and appeared down in Escha - Zi'Tah around H-8. What say we show that monster what this fancy ‡²Unity‡³ business is all about?
{Maat} That fool Quetzalcoatl's gone and appeared down in Reisenjima around ?-?. What say we show that monster what this fancy ‡²Unity‡³ business is all about?
{Maat} What? That yellow Naga Raja in Escha - Ru'Aun's gone and run off!
{Maat} Hrmph. The Jeuno garrison sent us a request. They say Naga Raja will show up in Escha - Ru'Aun around H-9 in the next 10 minutes or so. What d'you say?
{Maat} That fool Naga Raja's gone and appeared down in Escha - Ru'Aun around H-9. What say we show that monster what this fancy ‡²Unity‡³ business is all about?
{Maat} What? That yellow Azi Dahaka in Escha - Zi'Tah's gone and run off!
{Maat} What? That yellow Quetzalcoatl in Reisenjima's gone and run off!
{Maat} Hrmph. The Jeuno garrison sent us a request. They say Azi Dahaka will show up in Escha - Zi'Tah around H-8 in the next 10 minutes or so. What d'you say?
{Maat} Hrmph. The Jeuno garrison sent us a request. They say Quetzalcoatl will show up in Reisenjima around ?-? in the next 10 minutes or so. What d'you say?
{Maat} That fool Azi Dahaka's gone and appeared down in Escha - Zi'Tah around H-8. What say we show that monster what this fancy ‡²Unity‡³ business is all about?
{Maat} Our ranking isn't what I expected. Let's all do better next time!
{Maat} That fool Quetzalcoatl's gone and appeared down in Reisenjima around ?-?. What say we show that monster what this fancy ‡²Unity‡³ business is all about?
{Maat} What? That yellow Naga Raja in Escha - Ru'Aun's gone and run off!
{Maat} Hrmph. The Jeuno garrison sent us a request. They say Naga Raja will show up in Escha - Ru'Aun around H-9 in the next 10 minutes or so. What d'you say?
Truckie(washburn) is now online on Guildwork.
{Maat} That fool Naga Raja's gone and appeared down in Escha - Ru'Aun around H-9. What say we show that monster what this fancy ‡²Unity‡³ business is all about?
{Maat} What? That yellow Azi Dahaka in Escha - Zi'Tah's gone and run off!
{Maat} What? That yellow Quetzalcoatl in Reisenjima's gone and run off!
{Maat} Hrmph. The Jeuno garrison sent us a request. They say Azi Dahaka will show up in Escha - Zi'Tah around H-8 in the next 10 minutes or so. What d'you say?
{Maat} Hrmph. The Jeuno garrison sent us a request. They say Quetzalcoatl will show up in Reisenjima around ?-? in the next 10 minutes or so. What d'you say?
{Maat} That fool Azi Dahaka's gone and appeared down in Escha - Zi'Tah around H-8. What say we show that monster what this fancy ‡²Unity‡³ business is all about?
