----== SystemMessage ==----
On Apr. 9, 2018 22:00 to 23:30 (PDT) / Apr. 10, 2018 from 5:00 to 6:30 (GMT) / Apr. 10, 2018 from 6:00 to 7:30 (BST), 

----== SystemMessage ==----
we will be performing maintenance on all Worlds.

----== SystemMessage ==----
During this period, FINAL FANTASY XI will be unavailable.

----== SystemMessage ==----
See the Information section for more details.

Gym examines you.
Gym begins to browse the merchandise in your bazaar.
Gym leaves your bazaar.
{Maat} Hrmph. The Jeuno garrison sent us a request. They say Quetzalcoatl will show up in Reisenjima around ?-? in the next 10 minutes or so. What d'you say?
Mosco examines you.
Mosco begins to browse the merchandise in your bazaar.
Mosco leaves your bazaar.
{Maat} What? That yellow Naga Raja in Escha - Ru'Aun's gone and run off!
{Maat} That fool Quetzalcoatl's gone and appeared down in Reisenjima around ?-?. What say we show that monster what this fancy á≤Unityá≥ business is all about?
{Maat} Hrmph. The Jeuno garrison sent us a request. They say Naga Raja will show up in Escha - Ru'Aun around H-9 in the next 10 minutes or so. What d'you say?
Gym examines you.
Gym begins to browse the merchandise in your bazaar.
Gym leaves your bazaar.
Houtou examines you.
Houtou begins to browse the merchandise in your bazaar.
Houtou leaves your bazaar.
Tigera waves to Gotenzu.
Gotenzu waves to Tigera.
{Maat} That fool Naga Raja's gone and appeared down in Escha - Ru'Aun around H-9. What say we show that monster what this fancy á≤Unityá≥ business is all about?
{Maat} What? That yellow Azi Dahaka in Escha - Zi'Tah's gone and run off!
{Maat} Ugh, who made these pickles!?
----== SystemMessage ==----
On Apr. 9, 2018 22:00 to 23:30 (PDT) / Apr. 10, 2018 from 5:00 to 6:30 (GMT) / Apr. 10, 2018 from 6:00 to 7:30 (BST), 

----== SystemMessage ==----
we will be performing maintenance on all Worlds.

----== SystemMessage ==----
During this period, FINAL FANTASY XI will be unavailable.

----== SystemMessage ==----
See the Information section for more details.

Lanp examines you.
Lanp begins to browse the merchandise in your bazaar.
Lanp leaves your bazaar.
{Maat} Hrmph. The Jeuno garrison sent us a request. They say Azi Dahaka will show up in Escha - Zi'Tah around H-8 in the next 10 minutes or so. What d'you say?
{Maat} Hohoho! Reisenjima is now free of any and all Quetzalcoatl shenanigans!
Belladora examines you.
Belladora begins to browse the merchandise in your bazaar.
Belladora leaves your bazaar.
Virette examines you.
Virette begins to browse the merchandise in your bazaar.
Virette leaves your bazaar.
Zayin examines you.
Zayin begins to browse the merchandise in your bazaar.
Zayin leaves your bazaar.
{Maat} Hrmph. The Jeuno garrison sent us a request. They say Quetzalcoatl will show up in Reisenjima around ?-? in the next 10 minutes or so. What d'you say?
{Maat} That fool Azi Dahaka's gone and appeared down in Escha - Zi'Tah around H-8. What say we show that monster what this fancy á≤Unityá≥ business is all about?
{Maat} That fool Quetzalcoatl's gone and appeared down in Reisenjima around ?-?. What say we show that monster what this fancy á≤Unityá≥ business is all about?
----== SystemMessage ==----
From 22:00 to 23:30 (PDT) / 5:00 to 6:30 (GMT) / 6:00 to 7:30 (BST), we will be performing maintenance on all Worlds.

----== SystemMessage ==----
See the Information section for more details.

----== SystemMessage ==----
Please be aware that if you are logged into FINAL FANTASY XI when maintenance begins, you will be disconnected.

Ninazu examines you.
Ninazu begins to browse the merchandise in your bazaar.
Ninazu leaves your bazaar.
{Maat} What? That yellow Naga Raja in Escha - Ru'Aun's gone and run off!
----== SystemMessage ==----
We will soon be starting maintenance. Please log out as soon as possible.

----== SystemMessage ==----
See the Information section for more details.

----== SystemMessage ==----
If you are logged into FINAL FANTASY XI when maintenance begins, you will be disconnected.

----== SystemMessage ==----
We are starting the maintenance on all Worlds. Please log out immediately.

----== SystemMessage ==----
If you are logged into FINAL FANTASY XI when maintenance begins, you will be disconnected.

Suba examines you.
Suba begins to browse the merchandise in your bazaar.
Suba leaves your bazaar.
----== SystemMessage ==----
We are now starting the maintenance, and all Worlds will be shutting down. Please log out immediately.

Mitsura waves to Gym.
{Maat} Hrmph. The Jeuno garrison sent us a request. They say Naga Raja will show up in Escha - Ru'Aun around H-9 in the next 10 minutes or so. What d'you say?
Gym smiles warmly at Mitsura.
Mitsura bows courteously to Gym.
Seafa's title: Behemoth Dethroner
<<< Welcome to Sylph! >>>
Å°Vana'diel Doused with the April Version Update!


Å°[Ongoing] Destination Vana'diel Screenshot Campaign [Apr. 9, 0:00 (PDT) / 7:00 (GMT) / 8:00 (BST) to Apr. 13, 23:59 (PDT) / Apr. 14, 6:59 (GMT) / 7:59 (BST)]


* Please refer to the official website for details.
[1]< Swagger: Worldkiller >
. (Oct. 21, 2015 12:31:46am)
[2]< Core: Kawar >
guys i am back after some money hang ups I cant wait to do the new Dynamis (Dec. 20, 2017 6:27:11am)
=== Area: Port Jeuno ===
Derion examines you.
Derion begins to browse the merchandise in your bazaar.
Derion leaves your bazaar.
Belladora's title: Custodian of Ulbuka
Shopfmm's title: New Adventurer
You have undertaken the limited-time Records of Eminence challenge á≤Physical Damage Kills.á≥
{Maat} What? That yellow Azi Dahaka in Escha - Zi'Tah's gone and run off!
{Maat} What? That yellow Naga Raja in Escha - Ru'Aun's gone and run off!
{Maat} What? That yellow Quetzalcoatl in Reisenjima's gone and run off!
{Maat} Hrmph. The Jeuno garrison sent us a request. They say Azi Dahaka will show up in Escha - Zi'Tah around H-8 in the next 10 minutes or so. What d'you say?
{Maat} Hrmph. The Jeuno garrison sent us a request. They say Naga Raja will show up in Escha - Ru'Aun around H-9 in the next 10 minutes or so. What d'you say?
{Maat} Hrmph. The Jeuno garrison sent us a request. They say Quetzalcoatl will show up in Reisenjima around ?-? in the next 10 minutes or so. What d'you say?
{Maat} That fool Azi Dahaka's gone and appeared down in Escha - Zi'Tah around H-8. What say we show that monster what this fancy á≤Unityá≥ business is all about?
{Maat} That fool Naga Raja's gone and appeared down in Escha - Ru'Aun around H-9. What say we show that monster what this fancy á≤Unityá≥ business is all about?
{Maat} That fool Quetzalcoatl's gone and appeared down in Reisenjima around ?-?. What say we show that monster what this fancy á≤Unityá≥ business is all about?
{Maat} You shoulda seen my wife's tornado kick the time I forgot her birthday...
Guyver examines you.
Guyver begins to browse the merchandise in your bazaar.
Guyver leaves your bazaar.
Wolfsmann examines you.
Wolfsmann begins to browse the merchandise in your bazaar.
Wolfsmann leaves your bazaar.
Philantrophe examines you.
Philantrophe begins to browse the merchandise in your bazaar.
Philantrophe leaves your bazaar.
Aquavit examines you.
Aquavit begins to browse the merchandise in your bazaar.
Aquavit leaves your bazaar.
{Maat} What? That yellow Azi Dahaka in Escha - Zi'Tah's gone and run off!
{Maat} What? That yellow Naga Raja in Escha - Ru'Aun's gone and run off!
{Maat} What? That yellow Quetzalcoatl in Reisenjima's gone and run off!
Popono examines you.
Popono begins to browse the merchandise in your bazaar.
Popono leaves your bazaar.
{Maat} Hrmph. The Jeuno garrison sent us a request. They say Azi Dahaka will show up in Escha - Zi'Tah around H-8 in the next 10 minutes or so. What d'you say?
{Maat} Hrmph. The Jeuno garrison sent us a request. They say Naga Raja will show up in Escha - Ru'Aun around H-9 in the next 10 minutes or so. What d'you say?
{Maat} Hrmph. The Jeuno garrison sent us a request. They say Quetzalcoatl will show up in Reisenjima around ?-? in the next 10 minutes or so. What d'you say?
Nimueh examines you.
Nimueh begins to browse the merchandise in your bazaar.
Nimueh leaves your bazaar.
Alythea examines you.
Alythea begins to browse the merchandise in your bazaar.
Alythea leaves your bazaar.
Douei examines you.
Douei begins to browse the merchandise in your bazaar.
Douei leaves your bazaar.
{Maat} That fool Azi Dahaka's gone and appeared down in Escha - Zi'Tah around H-8. What say we show that monster what this fancy á≤Unityá≥ business is all about?
{Maat} That fool Naga Raja's gone and appeared down in Escha - Ru'Aun around H-9. What say we show that monster what this fancy á≤Unityá≥ business is all about?
{Maat} That fool Quetzalcoatl's gone and appeared down in Reisenjima around ?-?. What say we show that monster what this fancy á≤Unityá≥ business is all about?
{Mamasama} ÅA

Horings examines you.
Horings begins to browse the merchandise in your bazaar.
Horings leaves your bazaar.
{Maat} Keep pushing at it, lads and lasses! Set more objectives and raise my Unity's ranking!
{Maat} What? That yellow Naga Raja in Escha - Ru'Aun's gone and run off!
{Maat} What? That yellow Azi Dahaka in Escha - Zi'Tah's gone and run off!
{Maat} What? That yellow Quetzalcoatl in Reisenjima's gone and run off!
Taputa examines you.
Taputa begins to browse the merchandise in your bazaar.
Taputa leaves your bazaar.
{Maat} Hrmph. The Jeuno garrison sent us a request. They say Naga Raja will show up in Escha - Ru'Aun around H-9 in the next 10 minutes or so. What d'you say?
{Maat} Hrmph. The Jeuno garrison sent us a request. They say Azi Dahaka will show up in Escha - Zi'Tah around H-8 in the next 10 minutes or so. What d'you say?
{Maat} Hrmph. The Jeuno garrison sent us a request. They say Quetzalcoatl will show up in Reisenjima around ?-? in the next 10 minutes or so. What d'you say?
{Maat} That fool Naga Raja's gone and appeared down in Escha - Ru'Aun around H-9. What say we show that monster what this fancy á≤Unityá≥ business is all about?
{Maat} That fool Azi Dahaka's gone and appeared down in Escha - Zi'Tah around H-8. What say we show that monster what this fancy á≤Unityá≥ business is all about?
{Maat} That fool Quetzalcoatl's gone and appeared down in Reisenjima around ?-?. What say we show that monster what this fancy á≤Unityá≥ business is all about?
Esuritio : hello. i'm a returning player from 2011. and i'm afraid so much has changed. can anyone help me out a little?

{Yoshipapa} ÅA

Sekki examines you.
Sekki begins to browse the merchandise in your bazaar.
Sekki leaves your bazaar.
{Mryoshi} ,

Houtou uses a bunch of San d'Orian grapes.
Shihoho examines you.
Shihoho begins to browse the merchandise in your bazaar.
Shihoho leaves your bazaar.
{Maat} What? That yellow Naga Raja in Escha - Ru'Aun's gone and run off!
{Maat} What? That yellow Azi Dahaka in Escha - Zi'Tah's gone and run off!
{Maat} What? That yellow Quetzalcoatl in Reisenjima's gone and run off!
{Maat} Hrmph. The Jeuno garrison sent us a request. They say Naga Raja will show up in Escha - Ru'Aun around H-9 in the next 10 minutes or so. What d'you say?
{Maat} Hrmph. The Jeuno garrison sent us a request. They say Azi Dahaka will show up in Escha - Zi'Tah around H-8 in the next 10 minutes or so. What d'you say?
{Maat} Hrmph. The Jeuno garrison sent us a request. They say Quetzalcoatl will show up in Reisenjima around ?-? in the next 10 minutes or so. What d'you say?
Ripoxy[PortJeuno]: Pluton Riftborn Boulder Beitetsu Do you need it? (F-8)

{Maat} Thought of victory doesn't matter one whit in battle. Just focus on doing your best.
Hibikilla examines you.
Hibikilla begins to browse the merchandise in your bazaar.
{Maat} That fool Naga Raja's gone and appeared down in Escha - Ru'Aun around H-9. What say we show that monster what this fancy á≤Unityá≥ business is all about?
{Maat} That fool Azi Dahaka's gone and appeared down in Escha - Zi'Tah around H-8. What say we show that monster what this fancy á≤Unityá≥ business is all about?
Hibikilla leaves your bazaar.
{Maat} That fool Quetzalcoatl's gone and appeared down in Reisenjima around ?-?. What say we show that monster what this fancy á≤Unityá≥ business is all about?
Houtou examines you.
Houtou begins to browse the merchandise in your bazaar.
Houtou leaves your bazaar.
{Mhy} .

{Zigorou} .

Alythea uses a roast mushroom.
Alythea uses a echad ring.
{Maat} What? That yellow Naga Raja in Escha - Ru'Aun's gone and run off!
{Maat} What? That yellow Azi Dahaka in Escha - Zi'Tah's gone and run off!
{Maat} What? That yellow Quetzalcoatl in Reisenjima's gone and run off!
Apfelwein examines you.
Apfelwein begins to browse the merchandise in your bazaar.
Apfelwein leaves your bazaar.
Suba examines you.
Suba begins to browse the merchandise in your bazaar.
Suba leaves your bazaar.
Akizax examines you.
Akizax begins to browse the merchandise in your bazaar.
Akizax leaves your bazaar.
Akizax examines you.
Akizax begins to browse the merchandise in your bazaar.
Akizax leaves your bazaar.
{Maat} Hrmph. The Jeuno garrison sent us a request. They say Naga Raja will show up in Escha - Ru'Aun around H-9 in the next 10 minutes or so. What d'you say?
{Maat} Hrmph. The Jeuno garrison sent us a request. They say Azi Dahaka will show up in Escha - Zi'Tah around H-8 in the next 10 minutes or so. What d'you say?
{Maat} Hrmph. The Jeuno garrison sent us a request. They say Quetzalcoatl will show up in Reisenjima around ?-? in the next 10 minutes or so. What d'you say?
Caradog(caradog) is now online on Guildwork.
{Maat} That fool Naga Raja's gone and appeared down in Escha - Ru'Aun around H-9. What say we show that monster what this fancy á≤Unityá≥ business is all about?
{Maat} That fool Azi Dahaka's gone and appeared down in Escha - Zi'Tah around H-8. What say we show that monster what this fancy á≤Unityá≥ business is all about?
{Maat} That fool Quetzalcoatl's gone and appeared down in Reisenjima around ?-?. What say we show that monster what this fancy á≤Unityá≥ business is all about?
Frosia examines you.
Frosia begins to browse the merchandise in your bazaar.
Frosia leaves your bazaar.
Arroy examines you.
Arroy begins to browse the merchandise in your bazaar.
Arroy leaves your bazaar.
{Maat} I once had a friendly rivalry with a young man...but we ended up walking different paths.
{Axis} ÇP

{Trieste} ÇP

Peachpai examines you.
Peachpai begins to browse the merchandise in your bazaar.
Peachpai leaves your bazaar.
Peachpai examines you.
Peachpai begins to browse the merchandise in your bazaar.
Peachpai leaves your bazaar.
Peachpai uses a heartstopper +1.
Xvv examines you.
Xvv begins to browse the merchandise in your bazaar.
Xvv leaves your bazaar.
Etiol[Whitegate]: Leujaoam Sanctum  Assault  orichalcum survey  &  Ilrusi Atoll Assault Lost and Found    Help me out! last 2 

{Maat} What? That yellow Naga Raja in Escha - Ru'Aun's gone and run off!
{Maat} What? That yellow Azi Dahaka in Escha - Zi'Tah's gone and run off!
{Maat} What? That yellow Quetzalcoatl in Reisenjima's gone and run off!
Etiol[Whitegate]: Leujaoam Sanctum  Assault  orichalcum survey  &  Ilrusi Atoll Assault Lost and Found    Please assist.  last 2 

{Maat} Hrmph. The Jeuno garrison sent us a request. They say Naga Raja will show up in Escha - Ru'Aun around H-9 in the next 10 minutes or so. What d'you say?
{Maat} Hrmph. The Jeuno garrison sent us a request. They say Azi Dahaka will show up in Escha - Zi'Tah around H-8 in the next 10 minutes or so. What d'you say?
{Maat} Hrmph. The Jeuno garrison sent us a request. They say Quetzalcoatl will show up in Reisenjima around ?-? in the next 10 minutes or so. What d'you say?
Ripoxy[PortJeuno]: Pluton Riftborn Boulder  Do you need it? (F-8)

Jagapug examines you.
Jagapug begins to browse the merchandise in your bazaar.
Jagapug leaves your bazaar.
Ripoxy[PortJeuno]: Pluton Riftborn Boulder  Do you need it? (F-8)

Downcast[WestAdoulin]: Reishi Mushroom15K/each x2 Sell?

You have undertaken the limited-time Records of Eminence challenge á≤Vanquish Beasts.á≥
{Maat} That fool Naga Raja's gone and appeared down in Escha - Ru'Aun around H-9. What say we show that monster what this fancy á≤Unityá≥ business is all about?
{Maat} That fool Azi Dahaka's gone and appeared down in Escha - Zi'Tah around H-8. What say we show that monster what this fancy á≤Unityá≥ business is all about?
Tokliv performs a lively jig for Chariya.
{Maat} That fool Quetzalcoatl's gone and appeared down in Reisenjima around ?-?. What say we show that monster what this fancy á≤Unityá≥ business is all about?
Truckie(washburn) is now online on Guildwork.
Anthia examines you.
Anthia begins to browse the merchandise in your bazaar.
Anthia leaves your bazaar.
{Maat} Hohoho! Reisenjima is now free of any and all Quetzalcoatl shenanigans!
Tokliv performs a lively jig for Opiedopie.
Opiedopie bows courteously to Tokliv.
Opiedopie examines you.
Opiedopie begins to browse the merchandise in your bazaar.
Opiedopie leaves your bazaar.
Garretts examines you.
Garretts begins to browse the merchandise in your bazaar.
Garretts leaves your bazaar.
Downcast[WestAdoulin]: Reishi Mushroom15K/each x2 Sell?

{Maat} Hrmph. The Jeuno garrison sent us a request. They say Quetzalcoatl will show up in Reisenjima around ?-? in the next 10 minutes or so. What d'you say?
Opiedopie cheers Tokliv on!
Opiedopie starts casting Cure IV on Opiedopie.
Opiedopie casts Cure IV.Opiedopie recovers 568 HP.
Dieterwolfgang examines you.
Dieterwolfgang begins to browse the merchandise in your bazaar.
Dieterwolfgang leaves your bazaar.
{Maat} That fool Quetzalcoatl's gone and appeared down in Reisenjima around ?-?. What say we show that monster what this fancy á≤Unityá≥ business is all about?
Downcast[WestAdoulin]: Reishi Mushroom15K/each x2 Sell?

Siltaru examines you.
Siltaru begins to browse the merchandise in your bazaar.
Siltaru leaves your bazaar.
Kumanekooo uses a trizek ring.
Gentiana examines you.
Gentiana begins to browse the merchandise in your bazaar.
Gentiana leaves your bazaar.
{Maat} Maybe the lot of you can't believe it, but Jeuno used to be a small fishing village.
{Maat} What? That yellow Azi Dahaka in Escha - Zi'Tah's gone and run off!
{Maat} What? That yellow Naga Raja in Escha - Ru'Aun's gone and run off!
Arukas examines you.
Arukas begins to browse the merchandise in your bazaar.
Arukas leaves your bazaar.
Peachpai uses a heartstopper +1.
Downcast[WestAdoulin]: Reishi Mushroom15K/each x2 Sell?

{Maat} Hrmph. The Jeuno garrison sent us a request. They say Azi Dahaka will show up in Escha - Zi'Tah around H-8 in the next 10 minutes or so. What d'you say?
{Maat} Hrmph. The Jeuno garrison sent us a request. They say Naga Raja will show up in Escha - Ru'Aun around H-9 in the next 10 minutes or so. What d'you say?
Etiol[Whitegate]: Leujaoam Sanctum  Assault  orichalcum survey  &  Ilrusi Atoll Assault Lost and Found    Please assist.  last 2 

Fihna examines you.
Fihna begins to browse the merchandise in your bazaar.
Fihna leaves your bazaar.
Downcast[WestAdoulin]: Reishi Mushroom15K/each x2 Sell? ÇçÇäèoÇ…Ç·Ç¡Ç∑ÅEÅEÅE

Snk examines you.
Snk begins to browse the merchandise in your bazaar.
Snk leaves your bazaar.
Snk examines you.
Snk begins to browse the merchandise in your bazaar.
Thunderv examines you.
Snk leaves your bazaar.
Thunderv begins to browse the merchandise in your bazaar.
Thunderv leaves your bazaar.
Etiol[Whitegate]: Leujaoam Sanctum  Assault  orichalcum survey  &  Ilrusi Atoll Assault Lost and Found    Please assist.  last 2 

{Maat} That fool Azi Dahaka's gone and appeared down in Escha - Zi'Tah around H-8. What say we show that monster what this fancy á≤Unityá≥ business is all about?
{Maat} That fool Naga Raja's gone and appeared down in Escha - Ru'Aun around H-9. What say we show that monster what this fancy á≤Unityá≥ business is all about?
{Elet} ,

{Maat} What? That yellow Quetzalcoatl in Reisenjima's gone and run off!
Tente examines you.
Tente begins to browse the merchandise in your bazaar.
Tente leaves your bazaar.
Jaljoa examines you.
Jaljoa begins to browse the merchandise in your bazaar.
Jaljoa leaves your bazaar.
Atalante examines you.
Atalante begins to browse the merchandise in your bazaar.
Atalante leaves your bazaar.
Downcast[WestAdoulin]: Reishi Mushroom20K/each x2 Sell?

Etiol[Whitegate]: Leujaoam Sanctum  Assault  orichalcum survey  &  Ilrusi Atoll Assault Lost and Found    Please assist.  last 2 

{Maat} Hrmph. The Jeuno garrison sent us a request. They say Quetzalcoatl will show up in Reisenjima around ?-? in the next 10 minutes or so. What d'you say?
Downcast[WestAdoulin]: Igotit, ty, ty (ÅL ÅM)no

Raruru examines you.
Raruru begins to browse the merchandise in your bazaar.
Raruru leaves your bazaar.
Raruru uses a bunch of San d'Orian grapes.
Ustav(ustav) is now online on Guildwork.
Mil examines you.
Mil begins to browse the merchandise in your bazaar.
Mil leaves your bazaar.
{Maat} That fool Quetzalcoatl's gone and appeared down in Reisenjima around ?-?. What say we show that monster what this fancy á≤Unityá≥ business is all about?
Etiol[Whitegate]: Leujaoam Sanctum  Assault  orichalcum survey  &  Ilrusi Atoll Assault Lost and Found    Please assist.  last 2 

{Arphy} .

{Maat} What? That yellow Azi Dahaka in Escha - Zi'Tah's gone and run off!
{Maat} What? That yellow Naga Raja in Escha - Ru'Aun's gone and run off!
Myanko examines you.
Myanko begins to browse the merchandise in your bazaar.
Myanko leaves your bazaar.
Etiol[Whitegate]: Leujaoam Sanctum  Assault  orichalcum survey  &  Ilrusi Atoll Assault Lost and Found    Please assist.  last 2 

Downcast[EastAdoulin]: Gugru Tuna3K/each max x29 Sell?   AFK in about 3min later

{Maat} Hrmph. The Jeuno garrison sent us a request. They say Azi Dahaka will show up in Escha - Zi'Tah around H-8 in the next 10 minutes or so. What d'you say?
{Maat} Hrmph. The Jeuno garrison sent us a request. They say Naga Raja will show up in Escha - Ru'Aun around H-9 in the next 10 minutes or so. What d'you say?
Shihoho examines you.
Shihoho begins to browse the merchandise in your bazaar.
Shihoho leaves your bazaar.
{Maat} Keep pushing at it, lads and lasses! Set more objectives and raise my Unity's ranking!
Anane examines you.
Anane begins to browse the merchandise in your bazaar.
Anane leaves your bazaar.
Ninoi examines you.
Ninoi begins to browse the merchandise in your bazaar.
Ninoi leaves your bazaar.
{Maat} That fool Azi Dahaka's gone and appeared down in Escha - Zi'Tah around H-8. What say we show that monster what this fancy á≤Unityá≥ business is all about?
{Maat} That fool Naga Raja's gone and appeared down in Escha - Ru'Aun around H-9. What say we show that monster what this fancy á≤Unityá≥ business is all about?
Peachpai uses a heartstopper +1.
{Maat} What? That yellow Quetzalcoatl in Reisenjima's gone and run off!
Cleveland[Mhaura]: anbasu1èÕÅyDifficultÅzòAWAR RUN ëOx2 White GEORedCORÇ©ÇÁRecruitingíÜÇ≈Ç∑ 1/6

Cleveland[Mhaura]: anbasu1èÕÅyDifficultÅzòAWAR RUN ëOx2 White RecruitingíÜÇ≈Ç∑ 2/6

{Maat} Hrmph. The Jeuno garrison sent us a request. They say Quetzalcoatl will show up in Reisenjima around ?-? in the next 10 minutes or so. What d'you say?
Aquavit examines you.
Aquavit begins to browse the merchandise in your bazaar.
Aquavit leaves your bazaar.
Cleveland[Mhaura]: anbasu1èÕÅyDifficultÅzòAWAR RUN ëOx2 White RecruitingíÜÇ≈Ç∑ 2/6

Raddo examines you.
Raddo begins to browse the merchandise in your bazaar.
Raddo leaves your bazaar.
Cleveland[Mhaura]: anbasu1èÕÅyDifficultÅzòAWAR RUN ëOx2 RecruitingíÜÇ≈Ç∑ 3/6

Cleveland[Mhaura]: anbasu1èÕÅyDifficultÅzòAWAR RUN ëOx2 RecruitingíÜÇ≈Ç∑ 3/6

Cleveland[Mhaura]: anbasu1èÕÅyDifficultÅzòAWAR RUN ëOx2 RecruitingíÜÇ≈Ç∑ 3/6

Cleveland[Mhaura]: anbasu1èÕÅyDifficultÅzòAWAR RUN ëOx2 RecruitingíÜÇ≈Ç∑ 3/6

Nehan examines you.
Nehan begins to browse the merchandise in your bazaar.
Nehan leaves your bazaar.
{Maat} That fool Quetzalcoatl's gone and appeared down in Reisenjima around ?-?. What say we show that monster what this fancy á≤Unityá≥ business is all about?
Siosai examines you.
Siosai begins to browse the merchandise in your bazaar.
Siosai leaves your bazaar.
Cleveland[Mhaura]: anbasu1èÕÅyDifficultÅzòAWAR RUN ëOx2 RecruitingíÜÇ≈Ç∑ 3/6

Cleveland[Mhaura]: anbasu1èÕÅyDifficultÅzòAWAR RUN ëO RecruitingíÜÇ≈Ç∑ 4/6

Lunawolf examines you.
Lunawolf begins to browse the merchandise in your bazaar.
Lunawolf leaves your bazaar.
Cleveland[Mhaura]: anbasu1èÕÅyDifficultÅzòAWAR RUN ëO RecruitingíÜÇ≈Ç∑ 4/6

Cesiriasu examines you.
Cesiriasu begins to browse the merchandise in your bazaar.
Cesiriasu leaves your bazaar.
Cleveland[Mhaura]: anbasu1èÕÅyDifficultÅzòAWAR RUN ëO RecruitingíÜÇ≈Ç∑ 4/6

Cleveland[Mhaura]: anbasu1èÕÅyDifficultÅzòAWAR RUN ëO RecruitingíÜÇ≈Ç∑ 4/6

Etiol[Whitegate]: Leujaoam Sanctum  Assault  orichalcum survey  &  Ilrusi Atoll Assault Lost and Found    Please assist.  last 2 

{Maat} What? That yellow Azi Dahaka in Escha - Zi'Tah's gone and run off!
{Maat} What? That yellow Naga Raja in Escha - Ru'Aun's gone and run off!
Cleveland[Mhaura]: anbasu1èÕÅyDifficultÅzòAWAR RUN RecruitingíÜÇ≈Ç∑ 5/6

Amelie uses a bead pouch.
Amelie uses bead pouch.Amelie obtains 5 escha beads.
Amelie uses a bead pouch.
Amelie uses bead pouch.Amelie obtains 5 escha beads.
Cleveland[Mhaura]: anbasu1èÕÅyDifficultÅzòAWAR RUN RecruitingíÜÇ≈Ç∑ 5/6

Afura examines you.
Afura begins to browse the merchandise in your bazaar.
Afura leaves your bazaar.
Cleveland[Mhaura]: anbasu1èÕÅyDifficultÅzòAWAR RUN RecruitingíÜÇ≈Ç∑ 5/6

Takutu[Mhaura]: Light SphereDarkn. SphereDisto. SphereGravi. SphereFragm. SphereFusion SphereDo you have it?Sell?/tell

Cleveland[Mhaura]: anbasu1èÕÅyDifficultÅzòAWAR RUN RecruitingíÜÇ≈Ç∑ 5/6

{Maat} Hrmph. The Jeuno garrison sent us a request. They say Azi Dahaka will show up in Escha - Zi'Tah around H-8 in the next 10 minutes or so. What d'you say?
{Maat} Hrmph. The Jeuno garrison sent us a request. They say Naga Raja will show up in Escha - Ru'Aun around H-9 in the next 10 minutes or so. What d'you say?
Reach[Mhaura]: anbasu1èÕ êîWARÅBGEOÇ≥ÇÒÇPñºLooking for members.è⁄ç◊Search Comment5/6

Cleveland[Mhaura]: anbasu1èÕÅyDifficultÅzòAWAR RUN RecruitingíÜÇ≈Ç∑ 5/6

Reach[Mhaura]: anbasu1èÕ êîWARÅBGEOÇ≥ÇÒÇPñºLooking for members.è⁄ç◊Search Comment5/6 

Raddo uses a dimensional ring (Mea).
Cleveland[Mhaura]: anbasu1èÕÅyDifficultÅzòAWAR RUN RecruitingíÜÇ≈Ç∑ 5/6

Takutu[Mhaura]: Light SphereDarkn. SphereDisto. SphereGravi. SphereFragm. SphereFusion SphereDo you have it?Sell?/tell

Luffypop examines you.
Luffypop begins to browse the merchandise in your bazaar.
Luffypop bought a novio earring.
Luffypop leaves your bazaar.
Reach[Mhaura]: ÅYÇ‹Ç∑

Cleveland[Mhaura]: anbasu1èÕÅyDifficultÅzòAWAR RUN RecruitingíÜÇ≈Ç∑ 5/6

Cleveland[Mhaura]: anbasu1èÕÅyDifficultÅzòAWAR RUN RecruitingíÜÇ≈Ç∑ 5/6

{Maat} That fool Azi Dahaka's gone and appeared down in Escha - Zi'Tah around H-8. What say we show that monster what this fancy á≤Unityá≥ business is all about?
{Maat} That fool Naga Raja's gone and appeared down in Escha - Ru'Aun around H-9. What say we show that monster what this fancy á≤Unityá≥ business is all about?
Cleveland[Mhaura]: anbasu1èÕÅyDifficultÅzòAWAR Front line job RecruitingíÜÇ≈Ç∑ 5/6

{Maat} What? That yellow Quetzalcoatl in Reisenjima's gone and run off!
Cleveland[Mhaura]: anbasu1èÕÅyDifficultÅzòAWAR Front line job RecruitingíÜÇ≈Ç∑ 5/6

Cleveland[Mhaura]: anbasu1èÕÅyDifficultÅzòAWAR Front line job RecruitingíÜÇ≈Ç∑ 5/6

Cleveland[Mhaura]: anbasu1èÕÅyDifficultÅzòAWAR Front line job RecruitingíÜÇ≈Ç∑ 5/6

Cleveland[Mhaura]: anbasu1èÕÅyDifficultÅzòAWAR Front line job RecruitingíÜÇ≈Ç∑ 5/6

Cleveland[Mhaura]: anbasu1èÕÅyDifficultÅzòAWAR Front line job RecruitingíÜÇ≈Ç∑ 5/6

{Maat} Hrmph. The Jeuno garrison sent us a request. They say Quetzalcoatl will show up in Reisenjima around ?-? in the next 10 minutes or so. What d'you say?
Cleveland[Mhaura]: anbasu1èÕÅyDifficultÅzòAWAR Front line job RecruitingíÜÇ≈Ç∑ 5/6

Cleveland[Mhaura]: anbasu1èÕÅyDifficultÅzòAWAR Front line job RecruitingíÜÇ≈Ç∑ 5/6

{Maat} Do you give up just because something's hard? No! You keep at it!
Cleveland[Mhaura]: anbasu1èÕÅyDifficultÅzòAWAR Front line job RecruitingíÜÇ≈Ç∑ 5/6

Cleveland[Mhaura]: anbasu1èÕÅyDifficultÅzòAWAR Front line job RecruitingíÜÇ≈Ç∑ 5/6

Cleveland[Mhaura]: anbasuRecruitingÅYÅAí∑ÅXÇ∆é∏óÁÇµÇ‹ÇµÇΩ

{Nevina} .

{Maat} That fool Quetzalcoatl's gone and appeared down in Reisenjima around ?-?. What say we show that monster what this fancy á≤Unityá≥ business is all about?
Nuke Putteh(clownican) is now online on Guildwork.
Afura uses a divine quiver.
{Otola} Good evening!

{Maat} What? That yellow Azi Dahaka in Escha - Zi'Tah's gone and run off!
{Maat} What? That yellow Naga Raja in Escha - Ru'Aun's gone and run off!
Popoyon examines you.
Popoyon begins to browse the merchandise in your bazaar.
Popoyon leaves your bazaar.
Takutu[Mhaura]: Light SphereDarkn. SphereDisto. SphereGravi. SphereFragm. SphereFusion SphereDo you have it?Sell?/tell

{Maat} Hrmph. The Jeuno garrison sent us a request. They say Azi Dahaka will show up in Escha - Zi'Tah around H-8 in the next 10 minutes or so. What d'you say?
{Maat} Hrmph. The Jeuno garrison sent us a request. They say Naga Raja will show up in Escha - Ru'Aun around H-9 in the next 10 minutes or so. What d'you say?
Suba examines you.
Suba begins to browse the merchandise in your bazaar.
Suba leaves your bazaar.
Mirio uses a dimensional ring (Dem).
Mears examines you.
Mears begins to browse the merchandise in your bazaar.
Mears leaves your bazaar.
Funkworkz(funkworkz) is now online on Guildwork.
{Maat} That fool Azi Dahaka's gone and appeared down in Escha - Zi'Tah around H-8. What say we show that monster what this fancy á≤Unityá≥ business is all about?
{Maat} That fool Naga Raja's gone and appeared down in Escha - Ru'Aun around H-9. What say we show that monster what this fancy á≤Unityá≥ business is all about?
{Maat} Hohoho! Reisenjima is now free of any and all Quetzalcoatl shenanigans!
{Maat} Hrmph. The Jeuno garrison sent us a request. They say Quetzalcoatl will show up in Reisenjima around ?-? in the next 10 minutes or so. What d'you say?
Keade examines you.
Keade begins to browse the merchandise in your bazaar.
Keade leaves your bazaar.
Zexa examines you.
Zexa begins to browse the merchandise in your bazaar.
Zexa leaves your bazaar.
Zexa examines you.
{Maat} That fool Quetzalcoatl's gone and appeared down in Reisenjima around ?-?. What say we show that monster what this fancy á≤Unityá≥ business is all about?
{Reavy} .

{Maat} Just who is profiting off this á≤Unityá≥ business anyway?
Partheno examines you.
Partheno begins to browse the merchandise in your bazaar.
Partheno leaves your bazaar.
{Maat} What? That yellow Azi Dahaka in Escha - Zi'Tah's gone and run off!
{Maat} What? That yellow Naga Raja in Escha - Ru'Aun's gone and run off!
{Maat} Hohoho! Reisenjima is now free of any and all Quetzalcoatl shenanigans!
{Maat} Hrmph. The Jeuno garrison sent us a request. They say Azi Dahaka will show up in Escha - Zi'Tah around H-8 in the next 10 minutes or so. What d'you say?
{Maat} Hrmph. The Jeuno garrison sent us a request. They say Naga Raja will show up in Escha - Ru'Aun around H-9 in the next 10 minutes or so. What d'you say?
{Maat} Hrmph. The Jeuno garrison sent us a request. They say Quetzalcoatl will show up in Reisenjima around ?-? in the next 10 minutes or so. What d'you say?
Kocya uses a trizek ring.
{Maat} That fool Azi Dahaka's gone and appeared down in Escha - Zi'Tah around H-8. What say we show that monster what this fancy á≤Unityá≥ business is all about?
{Maat} That fool Naga Raja's gone and appeared down in Escha - Ru'Aun around H-9. What say we show that monster what this fancy á≤Unityá≥ business is all about?
{Maat} That fool Quetzalcoatl's gone and appeared down in Reisenjima around ?-?. What say we show that monster what this fancy á≤Unityá≥ business is all about?
Shihoho examines you.
Shihoho begins to browse the merchandise in your bazaar.
Shihoho leaves your bazaar.
Eschalixir +2 (stack) is now in stock on Sylph.
Atalante examines you.
Atalante begins to browse the merchandise in your bazaar.
Atalante leaves your bazaar.
Atalante examines you.
Atalante begins to browse the merchandise in your bazaar.
Atalante leaves your bazaar.
You have undertaken the limited-time Records of Eminence challenge á≤Vanquish Undead.á≥
Irving examines you.
Irving begins to browse the merchandise in your bazaar.
Irving leaves your bazaar.
Eschalixir +2 (stack) is now in stock on Sylph.
Truckie examines you.
Truckie begins to browse the merchandise in your bazaar.
Truckie leaves your bazaar.
{Maat} Hohoho! Reisenjima is now free of any and all Quetzalcoatl shenanigans!
{Maat} What? That yellow Azi Dahaka in Escha - Zi'Tah's gone and run off!
{Maat} What? That yellow Naga Raja in Escha - Ru'Aun's gone and run off!
Peachpai uses a heartstopper +1.
{Maat} Hrmph. The Jeuno garrison sent us a request. They say Quetzalcoatl will show up in Reisenjima around ?-? in the next 10 minutes or so. What d'you say?
{Maat} Hrmph. The Jeuno garrison sent us a request. They say Azi Dahaka will show up in Escha - Zi'Tah around H-8 in the next 10 minutes or so. What d'you say?
{Maat} Hrmph. The Jeuno garrison sent us a request. They say Naga Raja will show up in Escha - Ru'Aun around H-9 in the next 10 minutes or so. What d'you say?
{Asunakirito} .

{Maat} Ugh, who made these pickles!?
{Maat} That fool Quetzalcoatl's gone and appeared down in Reisenjima around ?-?. What say we show that monster what this fancy á≤Unityá≥ business is all about?
{Maat} That fool Azi Dahaka's gone and appeared down in Escha - Zi'Tah around H-8. What say we show that monster what this fancy á≤Unityá≥ business is all about?
{Maat} That fool Naga Raja's gone and appeared down in Escha - Ru'Aun around H-9. What say we show that monster what this fancy á≤Unityá≥ business is all about?
Mil examines you.
Mil begins to browse the merchandise in your bazaar.
Mil leaves your bazaar.
Taputa examines you.
{Maat} Hohoho! Reisenjima is now free of any and all Quetzalcoatl shenanigans!
Taputa begins to browse the merchandise in your bazaar.
Taputa leaves your bazaar.
Vins examines you.
Vins begins to browse the merchandise in your bazaar.
Vins leaves your bazaar.
Karashi examines you.
Karashi begins to browse the merchandise in your bazaar.
Karashi leaves your bazaar.
{Maat} Hrmph. The Jeuno garrison sent us a request. They say Quetzalcoatl will show up in Reisenjima around ?-? in the next 10 minutes or so. What d'you say?
{Maat} What? That yellow Azi Dahaka in Escha - Zi'Tah's gone and run off!
{Maat} What? That yellow Naga Raja in Escha - Ru'Aun's gone and run off!
{Maat} Hrmph. The Jeuno garrison sent us a request. They say Azi Dahaka will show up in Escha - Zi'Tah around H-8 in the next 10 minutes or so. What d'you say?
{Maat} Hrmph. The Jeuno garrison sent us a request. They say Naga Raja will show up in Escha - Ru'Aun around H-9 in the next 10 minutes or so. What d'you say?
{Maat} That fool Quetzalcoatl's gone and appeared down in Reisenjima around ?-?. What say we show that monster what this fancy á≤Unityá≥ business is all about?
{Maat} Hohoho! Reisenjima is now free of any and all Quetzalcoatl shenanigans!
{Maat} That fool Azi Dahaka's gone and appeared down in Escha - Zi'Tah around H-8. What say we show that monster what this fancy á≤Unityá≥ business is all about?
{Maat} That fool Naga Raja's gone and appeared down in Escha - Ru'Aun around H-9. What say we show that monster what this fancy á≤Unityá≥ business is all about?
Vitronov examines you.
Vitronov begins to browse the merchandise in your bazaar.
Vitronov leaves your bazaar.
{Maat} Hrmph. The Jeuno garrison sent us a request. They say Quetzalcoatl will show up in Reisenjima around ?-? in the next 10 minutes or so. What d'you say?
Peachpai uses a heartstopper +1.
Akizax examines you.
Akizax begins to browse the merchandise in your bazaar.
Akizax leaves your bazaar.
Donbei examines you.
Donbei begins to browse the merchandise in your bazaar.
Donbei leaves your bazaar.
{Maat} That fool Quetzalcoatl's gone and appeared down in Reisenjima around ?-?. What say we show that monster what this fancy á≤Unityá≥ business is all about?
{Maat} Keep pushing at it, lads and lasses! Set more objectives and raise my Unity's ranking!
{Maat} Hohoho! Reisenjima is now free of any and all Quetzalcoatl shenanigans!
Albatrus examines you.
Albatrus begins to browse the merchandise in your bazaar.
Albatrus leaves your bazaar.
Albatrus examines you.
Albatrus begins to browse the merchandise in your bazaar.
Albatrus leaves your bazaar.
{Maat} Hrmph. The Jeuno garrison sent us a request. They say Quetzalcoatl will show up in Reisenjima around ?-? in the next 10 minutes or so. What d'you say?
{Maat} What? That yellow Naga Raja in Escha - Ru'Aun's gone and run off!
{Maat} What? That yellow Azi Dahaka in Escha - Zi'Tah's gone and run off!
{Maat} That fool Quetzalcoatl's gone and appeared down in Reisenjima around ?-?. What say we show that monster what this fancy á≤Unityá≥ business is all about?
Tonnura waves to Partheno.
{Maat} Hrmph. The Jeuno garrison sent us a request. They say Azi Dahaka will show up in Escha - Zi'Tah around H-8 in the next 10 minutes or so. What d'you say?
{Maat} Hrmph. The Jeuno garrison sent us a request. They say Naga Raja will show up in Escha - Ru'Aun around H-9 in the next 10 minutes or so. What d'you say?
Tonnura examines you.
Tonnura begins to browse the merchandise in your bazaar.
Tonnura leaves your bazaar.
{Maat} Hohoho! Reisenjima is now free of any and all Quetzalcoatl shenanigans!
Akizax examines you.
Akizax begins to browse the merchandise in your bazaar.
Akizax leaves your bazaar.
Akizax examines you.
Akizax begins to browse the merchandise in your bazaar.
Akizax leaves your bazaar.
{Maat} Hrmph. The Jeuno garrison sent us a request. They say Quetzalcoatl will show up in Reisenjima around ?-? in the next 10 minutes or so. What d'you say?
Leonaldo examines you.
Leonaldo begins to browse the merchandise in your bazaar.
Leonaldo leaves your bazaar.
{Maat} That fool Naga Raja's gone and appeared down in Escha - Ru'Aun around H-9. What say we show that monster what this fancy á≤Unityá≥ business is all about?
{Maat} That fool Azi Dahaka's gone and appeared down in Escha - Zi'Tah around H-8. What say we show that monster what this fancy á≤Unityá≥ business is all about?
Popoyon examines you.
Popoyon begins to browse the merchandise in your bazaar.
Popoyon leaves your bazaar.
{Maat} That fool Quetzalcoatl's gone and appeared down in Reisenjima around ?-?. What say we show that monster what this fancy á≤Unityá≥ business is all about?
Peachpai uses a heartstopper +1.
Aijin examines you.
Aijin begins to browse the merchandise in your bazaar.
Aijin leaves your bazaar.
{Maat} I once had a friendly rivalry with a young man...but we ended up walking different paths.
Shopfmm examines you.
Shopfmm begins to browse the merchandise in your bazaar.
Shopfmm leaves your bazaar.
Jenasys[Whitegate]: Nyzul Isle Token Do you need it? Team up? /tell

Suba examines you.
Suba begins to browse the merchandise in your bazaar.
Suba leaves your bazaar.
{Maat} What? That yellow Naga Raja in Escha - Ru'Aun's gone and run off!
{Maat} What? That yellow Azi Dahaka in Escha - Zi'Tah's gone and run off!
{Maat} Hrmph. The Jeuno garrison sent us a request. They say Naga Raja will show up in Escha - Ru'Aun around H-9 in the next 10 minutes or so. What d'you say?
{Maat} Hrmph. The Jeuno garrison sent us a request. They say Azi Dahaka will show up in Escha - Zi'Tah around H-8 in the next 10 minutes or so. What d'you say?
{Maat} What? That yellow Quetzalcoatl in Reisenjima's gone and run off!
Kylepc examines you.
Kylepc begins to browse the merchandise in your bazaar.
Kylepc leaves your bazaar.
{Maat} Hrmph. The Jeuno garrison sent us a request. They say Quetzalcoatl will show up in Reisenjima around ?-? in the next 10 minutes or so. What d'you say?
Mater examines you.
Mater begins to browse the merchandise in your bazaar.
Mater leaves your bazaar.
{Maat} That fool Naga Raja's gone and appeared down in Escha - Ru'Aun around H-9. What say we show that monster what this fancy á≤Unityá≥ business is all about?
{Maat} That fool Azi Dahaka's gone and appeared down in Escha - Zi'Tah around H-8. What say we show that monster what this fancy á≤Unityá≥ business is all about?
Hibikilla examines you.
Hibikilla begins to browse the merchandise in your bazaar.
Hibikilla leaves your bazaar.
{Maat} That fool Quetzalcoatl's gone and appeared down in Reisenjima around ?-?. What say we show that monster what this fancy á≤Unityá≥ business is all about?
Oharu examines you.
Oharu begins to browse the merchandise in your bazaar.
Oharu leaves your bazaar.
Jenasys[Mhaura]: Nyzul Isle Tokn Do you need it? Team up? /tell

Smokari examines you.
Smokari begins to browse the merchandise in your bazaar.
Smokari leaves your bazaar.
Jenasys[Whitegate]: Nyzul Isle Token Do you need it? Team up? /tell

Kocya uses a trizek ring.
Jenasys[Whitegate]: Nyzul Isle Token Do you need it? Team up? /tell

{Maat} What? That yellow Azi Dahaka in Escha - Zi'Tah's gone and run off!
{Maat} What? That yellow Naga Raja in Escha - Ru'Aun's gone and run off!
Peachpai uses a heartstopper +1.
{Maat} Hrmph. The Jeuno garrison sent us a request. They say Azi Dahaka will show up in Escha - Zi'Tah around H-8 in the next 10 minutes or so. What d'you say?
{Maat} Hrmph. The Jeuno garrison sent us a request. They say Naga Raja will show up in Escha - Ru'Aun around H-9 in the next 10 minutes or so. What d'you say?
{Maat} What? That yellow Quetzalcoatl in Reisenjima's gone and run off!
{Maat} Hrmph. The Jeuno garrison sent us a request. They say Quetzalcoatl will show up in Reisenjima around ?-? in the next 10 minutes or so. What d'you say?
{Maat} The only limits you have to break through are the ones within yourself.
{Maat} That fool Azi Dahaka's gone and appeared down in Escha - Zi'Tah around H-8. What say we show that monster what this fancy á≤Unityá≥ business is all about?
{Maat} That fool Naga Raja's gone and appeared down in Escha - Ru'Aun around H-9. What say we show that monster what this fancy á≤Unityá≥ business is all about?
Ninazu examines you.
Ninazu begins to browse the merchandise in your bazaar.
Ninazu leaves your bazaar.
{Maat} That fool Quetzalcoatl's gone and appeared down in Reisenjima around ?-?. What say we show that monster what this fancy á≤Unityá≥ business is all about?
Hibikilla uses a pluton case.
Hibikilla uses a pluton case.Hibikilla obtains pluton.
Hibikilla uses a beitetsu parcel.
Hibikilla uses a beitetsu parcel.Hibikilla obtains chunk of beitetsu.
Hibikilla uses a boulder case.
Hibikilla uses a boulder case.Hibikilla obtains riftborn boulder.
Hibikilla uses a boulder case.
Hibikilla uses a boulder case.Hibikilla obtains riftborn boulder.
Hibikilla uses a boulder case.
Hibikilla uses a boulder case.Hibikilla obtains riftborn boulder.
Hibikilla uses a silt pouch.
Hibikilla uses silt pouch.Hibikilla obtains 83 escha silt.
Hibikilla uses a bead pouch.
Hibikilla uses bead pouch.Hibikilla obtains 7 escha beads.
Hibikilla uses a bead pouch.
Hibikilla uses bead pouch.Hibikilla obtains 8 escha beads.
Hibikilla uses a bead pouch.
Hibikilla uses bead pouch.Hibikilla obtains 10 escha beads.
Mitsura : .u .

Yetimon[PortJeuno]: Alexandrite Do you need it? Trade Riftborn Boulder please /tell

You have undertaken the limited-time Records of Eminence challenge á≤Spoils (Seals).á≥
Yetimon[PortJeuno]: Alexandrite Do you need it? Trade Riftborn Boulder please /tell

{Maat} What? That yellow Naga Raja in Escha - Ru'Aun's gone and run off!
{Maat} What? That yellow Azi Dahaka in Escha - Zi'Tah's gone and run off!
{Maat} Hrmph. The Jeuno garrison sent us a request. They say Naga Raja will show up in Escha - Ru'Aun around H-9 in the next 10 minutes or so. What d'you say?
{Maat} Hrmph. The Jeuno garrison sent us a request. They say Azi Dahaka will show up in Escha - Zi'Tah around H-8 in the next 10 minutes or so. What d'you say?
{Maat} What? That yellow Quetzalcoatl in Reisenjima's gone and run off!
{Maat} Hrmph. The Jeuno garrison sent us a request. They say Quetzalcoatl will show up in Reisenjima around ?-? in the next 10 minutes or so. What d'you say?
{Maat} That fool Naga Raja's gone and appeared down in Escha - Ru'Aun around H-9. What say we show that monster what this fancy á≤Unityá≥ business is all about?
{Maat} That fool Azi Dahaka's gone and appeared down in Escha - Zi'Tah around H-8. What say we show that monster what this fancy á≤Unityá≥ business is all about?
Suba examines you.
Suba begins to browse the merchandise in your bazaar.
Suba leaves your bazaar.
Peachpai uses a heartstopper +1.
{Maat} That fool Quetzalcoatl's gone and appeared down in Reisenjima around ?-?. What say we show that monster what this fancy á≤Unityá≥ business is all about?
{Maat} What you experience today will turn you into a better person tomorrow.
Suneemon examines you.
Suneemon begins to browse the merchandise in your bazaar.
Suneemon leaves your bazaar.
{Maat} What? That yellow Naga Raja in Escha - Ru'Aun's gone and run off!
{Maat} What? That yellow Azi Dahaka in Escha - Zi'Tah's gone and run off!
{Maat} Hrmph. The Jeuno garrison sent us a request. They say Naga Raja will show up in Escha - Ru'Aun around H-9 in the next 10 minutes or so. What d'you say?
{Maat} Hrmph. The Jeuno garrison sent us a request. They say Azi Dahaka will show up in Escha - Zi'Tah around H-8 in the next 10 minutes or so. What d'you say?
{Maat} What? That yellow Quetzalcoatl in Reisenjima's gone and run off!
{Maat} Hrmph. The Jeuno garrison sent us a request. They say Quetzalcoatl will show up in Reisenjima around ?-? in the next 10 minutes or so. What d'you say?
{Maat} That fool Naga Raja's gone and appeared down in Escha - Ru'Aun around H-9. What say we show that monster what this fancy á≤Unityá≥ business is all about?
{Maat} That fool Azi Dahaka's gone and appeared down in Escha - Zi'Tah around H-8. What say we show that monster what this fancy á≤Unityá≥ business is all about?
{Maat} That fool Quetzalcoatl's gone and appeared down in Reisenjima around ?-?. What say we show that monster what this fancy á≤Unityá≥ business is all about?
Delekhua waves to Partheno.
Jenasys[Whitegate]: Nyzul Isle Token farm Looking for members. x1 /tell

Peachpai uses a heartstopper +1.
Aijin uses a boulder case.
Aijin uses a boulder case.Aijin obtains riftborn boulder.
Atmos starts casting Erratic Flutter on Atmos.
Atmos casts Erratic Flutter.Atmos gains the effect of Haste.
Ruuben examines you.
Ruuben begins to browse the merchandise in your bazaar.
Ruuben leaves your bazaar.
{Maat} Keep pushing at it, lads and lasses! Set more objectives and raise my Unity's ranking!
Marineblue examines you.
Marineblue begins to browse the merchandise in your bazaar.
Marineblue leaves your bazaar.
{Maat} What? That yellow Naga Raja in Escha - Ru'Aun's gone and run off!
{Maat} What? That yellow Azi Dahaka in Escha - Zi'Tah's gone and run off!
Atmos starts casting Occultation on Atmos.
Atmos casts Occultation.Atmos gains the effect of Blink.
Atmos starts casting Battery Charge on Atmos.
Atmos casts Battery Charge.Atmos gains the effect of Refresh.
Atmos starts casting Erratic Flutter on Atmos.
Atmos casts Erratic Flutter.Atmos gains the effect of Haste.
Atmos starts casting Occultation on Atmos.
Atmos casts Occultation.Atmos gains the effect of Blink.
Atmos starts casting Occultation on Atmos.
Atmos casts Occultation.Atmos gains the effect of Blink.
{Maat} Hrmph. The Jeuno garrison sent us a request. They say Naga Raja will show up in Escha - Ru'Aun around H-9 in the next 10 minutes or so. What d'you say?
{Maat} Hrmph. The Jeuno garrison sent us a request. They say Azi Dahaka will show up in Escha - Zi'Tah around H-8 in the next 10 minutes or so. What d'you say?
{Maat} What? That yellow Quetzalcoatl in Reisenjima's gone and run off!
Ekino examines you.
Ekino begins to browse the merchandise in your bazaar.
Ekino leaves your bazaar.
Takutu[PortJeuno]: Light Sphere Darkn. Sphere Disto. Sphere Gravi. Sphere Fusion Sphere Fragm. Sphere Do you have it? Sell? /tell

Forresterr pokes Nitestalker.
{Maat} Hrmph. The Jeuno garrison sent us a request. They say Quetzalcoatl will show up in Reisenjima around ?-? in the next 10 minutes or so. What d'you say?
{Maat} That fool Naga Raja's gone and appeared down in Escha - Ru'Aun around H-9. What say we show that monster what this fancy á≤Unityá≥ business is all about?
{Maat} That fool Azi Dahaka's gone and appeared down in Escha - Zi'Tah around H-8. What say we show that monster what this fancy á≤Unityá≥ business is all about?
Forresterr starts casting Protectra V on Forresterr.
Forresterr casts Protectra V.{3} Forresterr, Teampooh, and Aijin gains the effect of Protect.
Forresterr starts casting Shellra V on Forresterr.
Forresterr casts Shellra V.{3} Forresterr, Aijin, and Teampooh gains the effect of Shell.
Forresterr uses a warp ring.
{Maat} That fool Quetzalcoatl's gone and appeared down in Reisenjima around ?-?. What say we show that monster what this fancy á≤Unityá≥ business is all about?
Teampooh[PortJeuno]: Ambuscade Do you need it? Paladin Bard Can I have it? Please assist.

Torrent examines you.
Torrent begins to browse the merchandise in your bazaar.
Torrent leaves your bazaar.
Teampooh[PortJeuno]: Ambuscade Do you need it? Paladin Bard Can I have it? Please assist.

Teampooh[Mhaura]: Ambuscade Do you need it? Paladin Bard Can I have it? Please assist.

Teampooh[Mhaura]: Ambuscade Do you need it? Paladin Bard Can I have it? Please assist.

Jenasys[Whitegate]: Nyzul Isle token Do you need it? Team up? /tell

{Maat} What? That yellow Naga Raja in Escha - Ru'Aun's gone and run off!
{Maat} What? That yellow Azi Dahaka in Escha - Zi'Tah's gone and run off!
Teampooh[Mhaura]: Ambuscade Do you need it? Paladin Bard Can I have it? Please assist.

Peachpai uses a heartstopper +1.
{Maat} Hrmph. The Jeuno garrison sent us a request. They say Naga Raja will show up in Escha - Ru'Aun around H-9 in the next 10 minutes or so. What d'you say?
{Maat} Hrmph. The Jeuno garrison sent us a request. They say Azi Dahaka will show up in Escha - Zi'Tah around H-8 in the next 10 minutes or so. What d'you say?
Teampooh[Mhaura]: Ambuscade Do you need it? Paladin Bard Can I have it? Please assist.

{Maat} What? That yellow Quetzalcoatl in Reisenjima's gone and run off!
Marineblue examines you.
Marineblue begins to browse the merchandise in your bazaar.
Marineblue leaves your bazaar.
{Maat} Hrmph. The Jeuno garrison sent us a request. They say Quetzalcoatl will show up in Reisenjima around ?-? in the next 10 minutes or so. What d'you say?
{Maat} Life is one long journey...composed of many precious moments.
{Maat} That fool Naga Raja's gone and appeared down in Escha - Ru'Aun around H-9. What say we show that monster what this fancy á≤Unityá≥ business is all about?
{Maat} That fool Azi Dahaka's gone and appeared down in Escha - Zi'Tah around H-8. What say we show that monster what this fancy á≤Unityá≥ business is all about?
Delenda examines you.
Delenda begins to browse the merchandise in your bazaar.
Delenda leaves your bazaar.
{Maat} That fool Quetzalcoatl's gone and appeared down in Reisenjima around ?-?. What say we show that monster what this fancy á≤Unityá≥ business is all about?
Delenda examines you.
Delenda begins to browse the merchandise in your bazaar.
Delenda leaves your bazaar.
Reain examines you.
Reain begins to browse the merchandise in your bazaar.
Reain leaves your bazaar.
Thalo uses a dimensional ring (Holla).
Jenasys[Whitegate]: Nyzul Isle Do you need it? Looking for members. /tell

Supersayiangoku[Mhaura]: Ambuscade Do you need it? Vol. 1 N WHM BRD Can I have it? 4/6

Supersayiangoku[Mhaura]: Ambuscade Vol. 1 D Do you need it? BRD Can I have it? 5/6

{Maat} What? That yellow Naga Raja in Escha - Ru'Aun's gone and run off!
{Maat} What? That yellow Azi Dahaka in Escha - Zi'Tah's gone and run off!
Supersayiangoku[Mhaura]: Ambuscade Vol. 1 D Do you need it? BRD Can I have it? 5/6

Supersayiangoku[Mhaura]: Ambuscade Vol. 1 D Do you need it? BRD Can I have it? 5/6

Nehan examines you.
Nehan begins to browse the merchandise in your bazaar.
Nehan leaves your bazaar.
Xvv uses a ginger cookie.
{Maat} Hrmph. The Jeuno garrison sent us a request. They say Naga Raja will show up in Escha - Ru'Aun around H-9 in the next 10 minutes or so. What d'you say?
{Maat} Hrmph. The Jeuno garrison sent us a request. They say Azi Dahaka will show up in Escha - Zi'Tah around H-8 in the next 10 minutes or so. What d'you say?
{Maat} What? That yellow Quetzalcoatl in Reisenjima's gone and run off!
Patrol[Mhaura]: Ambuscade Primer Volume One D-VD Do you need it? Can I have it? GEO /tell Patrol @5 Member

Barneystinson starts casting Crusade on Barneystinson.
Barneystinson casts Crusade.Barneystinson gains the effect of Enmity Boost.
Barneystinson starts casting Protect IV on Barneystinson.
Barneystinson casts Protect IV.Barneystinson gains the effect of Protect.
{Maat} Hrmph. The Jeuno garrison sent us a request. They say Quetzalcoatl will show up in Reisenjima around ?-? in the next 10 minutes or so. What d'you say?
Barneystinson starts casting Shell V on Barneystinson.
Barneystinson casts Shell V.Barneystinson gains the effect of Shell.
Barneystinson uses Meditate.
Barneystinson uses Hasso.
Patrol[Mhaura]: Ambuscade Primer Volume One D-VD Do you need it? Can I have it? GEO /tell Patrol @5 Member

Supersayiangoku[Mhaura]: Ambuscade Vol. 1 D Do you need it? BRD Can I have it? 5/6

Barneystinson starts casting Stoneskin on Barneystinson.
Barneystinson casts Stoneskin.Barneystinson gains the effect of Stoneskin.
Barneystinson starts casting Blink on Barneystinson.
Barneystinson casts Blink.Barneystinson gains the effect of Blink.
{Maat} That fool Naga Raja's gone and appeared down in Escha - Ru'Aun around H-9. What say we show that monster what this fancy á≤Unityá≥ business is all about?
{Maat} That fool Azi Dahaka's gone and appeared down in Escha - Zi'Tah around H-8. What say we show that monster what this fancy á≤Unityá≥ business is all about?
Frosia examines you.
Frosia begins to browse the merchandise in your bazaar.
Frosia leaves your bazaar.
Supersayiangoku[Mhaura]: Ambuscade Vol. 1 D Do you need it? BRD Can I have it? 5/6

Barneystinson starts casting Phalanx on Barneystinson.
Barneystinson casts Phalanx.Barneystinson gains the effect of Phalanx.
Patrol[Mhaura]: Ambuscade Primer Volume One D-VD Do you need it? Can I have it? GEO /tell Patrol @5 Member

Barneystinson uses Meditate.
Barneystinson uses Hasso.
Patrol[Mhaura]: Ambuscade Primer Volume One D-VD Do you need it? Can I have it? GEO /tell Patrol @5 Member

Supersayiangoku[Mhaura]: Ambuscade Vol. 1 D Do you need it? BRD Can I have it? 5/6

Patrol[Mhaura]: Ambuscade Primer Volume One D-VD Do you need it? Can I have it? GEO /tell Patrol @5 Member

Patrol[Mhaura]: Ambuscade Primer Volume One D-VD Do you need it? Can I have it? GEO /tell Patrol @5 Member

Supersayiangoku[Mhaura]: Ambuscade Vol. 1 D Do you need it? BRD Can I have it? 5/6

Patrol[Mhaura]: Ambuscade Primer Volume One D-VD Do you need it? Can I have it? GEO /tell Patrol @5 Member

Supersayiangoku[Mhaura]: Ambuscade Vol. 1 D Do you need it? BRD Can I have it? 5/6

Patrol[Mhaura]: Ambuscade Primer Volume One D-VD Do you need it? Can I have it? GEO /tell Patrol @5 Member

{Maat} That fool Quetzalcoatl's gone and appeared down in Reisenjima around ?-?. What say we show that monster what this fancy á≤Unityá≥ business is all about?
Barneystinson starts casting Aquaveil on Barneystinson.
Barneystinson casts Aquaveil.Barneystinson gains the effect of Aquaveil.
Barneystinson starts casting Stoneskin on Barneystinson.
Barneystinson casts Stoneskin.Barneystinson gains the effect of Stoneskin.
Supersayiangoku[Mhaura]: Ambuscade Vol. 1 D Do you need it? BRD Can I have it? 5/6

Patrol[Mhaura]: Ambuscade Primer Volume One D-VD Do you need it? Can I have it? GEO /tell Patrol @5 Member

Patrol[Mhaura]: Ambuscade Primer Volume One D-VD Do you need it? Can I have it? GEO /tell Patrol @5 Member

Patrol[Mhaura]: Ambuscade Primer Volume One D-VD Do you need it? Can I have it? GEO /tell Patrol @5 Member

Supersayiangoku[Mhaura]: Ambuscade Vol. 1 D Do you need it? BRD or WHM Can I have it? 5/6

Patrol[Mhaura]: Ambuscade Primer Volume One D-VD Do you need it? Can I have it? GEO /tell Patrol @5 Member

Supersayiangoku[Mhaura]: Ambuscade Vol. 1 D Do you need it? BRD or WHM Can I have it? 5/6

Patrol[Mhaura]: Ambuscade Primer Volume One D-VD Do you need it? Can I have it? GEO /tell Patrol @5 Member

Supersayiangoku[Mhaura]: Ambuscade Vol. 1 D Do you need it? BRD or WHM Can I have it? 5/6

{Maat} Do you give up just because something's hard? No! You keep at it!
Patrol[Mhaura]: Ambuscade Primer Volume One D-VD Do you need it? Can I have it? GEO /tell Patrol @5 Member

Supersayiangoku[Mhaura]: Ambuscade Vol. 1 D Do you need it? BRD or WHM Can I have it? 5/6

Patrol[Mhaura]: Ambuscade Primer Volume One D-VD Do you need it? Can I have it? GEO /tell Patrol @5 Member

Patrol[Mhaura]: Ambuscade Primer Volume One D-VD Do you need it? Can I have it? GEO /tell Patrol @5 Member

Patrol[Mhaura]: Ambuscade Primer Volume One D-VD Do you need it? Can I have it? GEO /tell Patrol @5 Member

{Maat} What? That yellow Naga Raja in Escha - Ru'Aun's gone and run off!
{Maat} What? That yellow Azi Dahaka in Escha - Zi'Tah's gone and run off!
Patrol[Mhaura]: Legshard: BLU Do you have it? Sell? /tell Patrol

{Maat} Hrmph. The Jeuno garrison sent us a request. They say Naga Raja will show up in Escha - Ru'Aun around H-9 in the next 10 minutes or so. What d'you say?
{Maat} Hrmph. The Jeuno garrison sent us a request. They say Azi Dahaka will show up in Escha - Zi'Tah around H-8 in the next 10 minutes or so. What d'you say?
{Maat} What? That yellow Quetzalcoatl in Reisenjima's gone and run off!
{Maat} Hrmph. The Jeuno garrison sent us a request. They say Quetzalcoatl will show up in Reisenjima around ?-? in the next 10 minutes or so. What d'you say?
You have undertaken the limited-time Records of Eminence challenge á≤Crack Treasure Caskets.á≥
{Maat} That fool Naga Raja's gone and appeared down in Escha - Ru'Aun around H-9. What say we show that monster what this fancy á≤Unityá≥ business is all about?
{Maat} That fool Azi Dahaka's gone and appeared down in Escha - Zi'Tah around H-8. What say we show that monster what this fancy á≤Unityá≥ business is all about?
Supersayiangoku[Mhaura]: Ambuscade Vol. 1 D Do you need it? WHM or BRD Can I have it? 5/6

Eschalixir +2  is now in stock on Sylph.
Trhvmn examines you.
Trhvmn begins to browse the merchandise in your bazaar.
Trhvmn leaves your bazaar.
{Maat} That fool Quetzalcoatl's gone and appeared down in Reisenjima around ?-?. What say we show that monster what this fancy á≤Unityá≥ business is all about?
Bruno(bruno) is now online on Guildwork.
{Maat} Thought of victory doesn't matter one whit in battle. Just focus on doing your best.
{Maat} What? That yellow Naga Raja in Escha - Ru'Aun's gone and run off!
{Maat} What? That yellow Azi Dahaka in Escha - Zi'Tah's gone and run off!
Aijin examines you.
Aijin begins to browse the merchandise in your bazaar.
Aijin leaves your bazaar.
{Maat} Hrmph. The Jeuno garrison sent us a request. They say Naga Raja will show up in Escha - Ru'Aun around H-9 in the next 10 minutes or so. What d'you say?
{Maat} Hrmph. The Jeuno garrison sent us a request. They say Azi Dahaka will show up in Escha - Zi'Tah around H-8 in the next 10 minutes or so. What d'you say?
{Maat} What? That yellow Quetzalcoatl in Reisenjima's gone and run off!
{Myumi} ÅB

{Maat} Hrmph. The Jeuno garrison sent us a request. They say Quetzalcoatl will show up in Reisenjima around ?-? in the next 10 minutes or so. What d'you say?
Teampooh[Mhaura]: Paladin Can I have it? Ambuscade Do you need it?

{Maat} That fool Naga Raja's gone and appeared down in Escha - Ru'Aun around H-9. What say we show that monster what this fancy á≤Unityá≥ business is all about?
{Maat} That fool Azi Dahaka's gone and appeared down in Escha - Zi'Tah around H-8. What say we show that monster what this fancy á≤Unityá≥ business is all about?
Teampooh[Mhaura]: Paladin Can I have it? Ambuscade Do you need it? D

You offer to trade with Feary.
Gym examines you.
Gym begins to browse the merchandise in your bazaar.
Gym leaves your bazaar.
Trade complete.
The April 2018 Login Campaign is currently underway!
You have carried over 200 login points.
In celebration of your most recent login (login no. 1), we have provided you with 500 points!You currently have a total of 700 points.
*****DP Job Selection:THF*****
Mode: Default.
Welcome, Feary!
Did you know if you subscribe to Guildwork Premium (guildwork.com/premium) you can get cross-zone shouts, AH notifications, Bazaar notifications, Remote chat and more?
<<< Welcome to Sylph! >>>
Å°Vana'diel Doused with the April Version Update!


Å°[Ongoing] April 2018 Login Campaign [Apr. 10, 8:00 (PDT) / 15:00 (GMT) / 16:00 (BST) to May. 9, 7:00 (PDT) / 14:00 (GMT) / 15:00 (BST)]


Å°[Ongoing] Destination Vana'diel Screenshot Campaign [Apr. 9, 0:00 (PDT) / 7:00 (GMT) / 8:00 (BST) to Apr. 13, 23:59 (PDT) / Apr. 14, 6:59 (GMT) / 7:59 (BST)]


* Please refer to the official website for details.
[1]< Swagger: Worldkiller >
. (Oct. 21, 2015 12:31:46am)
[2]< Core: Kawar >
guys i am back after some money hang ups I cant wait to do the new Dynamis (Dec. 20, 2017 6:27:11am)
