[15:56:02] === Area: Port San d'Oria ===
[15:56:02] *****DP Job Selection:WHM*****
[15:56:02] Mode: Magic.
[15:56:02]  White = Can not cast.
[15:56:02]  Green = Casting Range
[15:56:02] React: Loading File: react_WHM.lua
[15:56:04] Size already 20.
[15:56:04] ConsoleBG: Position changed! X: 15 Y: 50
[15:56:05] Loaded WHM Battlemod filters
[15:56:09] <<< Welcome to Asura! >>>
[15:56:09] Announcing the winning numbers for the 20th Vana'versary Nomad Mog Bonanza!
[15:56:09] 
[15:56:09]  
[15:56:09] 
[15:56:09] Rank 3 prize: "7" (last digit)-- 20,471 winners.
[15:56:09] 
[15:56:09] Rank 2 prize: "04" (last two digits)-- 2,010 winners.
[15:56:09] 
[15:56:09] Rank 1 prize: "854" (all three digits)-- 185 winners.
[15:56:09] 
[15:56:09] *The number of winners for each prize is a combined total from all worlds.
[15:56:09] 
[15:56:09]  
[15:56:09] 
[15:56:09] Collection period: On July 14, 2022 at 1:00 (PDT) / 8:00 (GMT) to July 31, at 7:59 (PDT) / 14:59 (GMT)
[15:56:09] 
[15:56:09] Details on the prize can be confirmed by speaking to a Bonanza Moogle at one of the following locations:
[15:56:09] 
[15:56:09] Port San d'Oria (I-9) / Port Bastok (L-8) / Port Windurst (F-6) / Chocobo Circuit (H-8)
[15:56:10] You have undertaken the limited-time Records of Eminence challenge á≤Spoils (Seals).á≥
[15:56:10] The July 2022 Login Campaign is currently underway!
[15:56:10] 
[15:56:10] The maximum number of people are already participating in Unity chat. Please try again later.
[15:56:10] In celebration of your most recent login (login no. 16), we have provided you with 100 points!
[15:56:10] You currently have a total of 3500 points.
[15:56:10] We hope you enjoy this complimentary little gift, courtesy of the citizens of Vana'diel!
[15:56:10] Obtained: Special gobbiedial key.
Habitox : Oho, ya feelin' lucky 'nough tah takes a stab at da myst'ry box?
[15:56:23] Habitox : Oho, ya feelin' lucky 'nough tah takes a stab at da myst'ry box?
[15:56:23] Habitox : Oho, ya feelin' lucky 'nough tah takes a stab at da myst'ry box?
Habitox : Ya wanna open dat sucker up? Okay, but which dial ya be wantin'?
[15:56:24] Habitox : Ya wanna open dat sucker up? Okay, but which dial ya be wantin'?
[15:56:24] Habitox : Ya wanna open dat sucker up? Okay, but which dial ya be wantin'?
[15:56:51] Yanjan[Mhaura]: Ambuscade Vol.1 VD Do you need it? Buy? 2.5M Per Run /tell Yanjan Thank you.
[15:56:54] Queenforever bows courteously to Gishani.
[15:56:55] Gishani cheers Queenforever on!
Habitox : So ya be wantin' the special dial?Whoawhoawhoa! Get yer grubby hands offa that! Ya don't have enough daily tally, and I's not 'bout tah let ya cheat me!
[15:57:02] Habitox : So ya be wantin' the special dial?
[15:57:02] Habitox : So ya be wantin' the special dial?
[15:57:04] 
[15:57:04] Å@Whoawhoawhoa! Get yer grubby hands offa that! Ya don't have enough daily tally, and I's not 'bout tah let ya cheat me!
[15:57:04] 
[15:57:04] Å@Whoawhoawhoa! Get yer grubby hands offa that! Ya don't have enough daily tally, and I's not 'bout tah let ya cheat me!
[15:57:14] Executing logout in 30 seconds.
[15:57:14] Cancel healing to remain logged in.
[15:57:18] Executing logout in 25 seconds.
[15:57:18] Cancel healing to remain logged in.
[15:57:23] Executing logout in 20 seconds.
[15:57:23] Cancel healing to remain logged in.
[15:57:28] Executing logout in 15 seconds.
[15:57:28] Cancel healing to remain logged in.
[15:57:33] Executing logout in 10 seconds.
[15:57:33] Cancel healing to remain logged in.
[15:57:38] Executing logout in 5 seconds.
[15:57:38] Cancel healing to remain logged in.
