[13:16:44] === Area: Lower Jeuno ===
[13:16:45] React: Loading File: react_THF.lua
[13:16:46] *****DP Job Selection:THF*****
[13:16:46] Mode: Default.
[13:16:47] Loaded THF Battlemod filters
[13:16:49] You have undertaken the limited-time Records of Eminence challenge ｲVanquish Arcana.ｳ
[13:16:50] This area is currently affected by the Super Kupower: ｲBoundary Busterｳ!
[13:16:50] This area is currently affected by the Super Kupower: ｲBountiful Bazaarｳ!
[13:16:50] This area is currently affected by the Super Kupower: ｲCrystal Caboodleｳ!
[13:16:50] The April 2021 Login Campaign is currently underway!
[13:16:50] 
[13:16:50] In celebration of your most recent login (login no. 12), we have provided you with 100 points!
[13:16:50] You currently have a total of 3100 points.
[13:16:51] <<< Welcome to Asura! >>>
[13:16:51] Announcing the winning numbers for the Early Spring Mog Bonanza 2021!
[13:16:51] 
[13:16:51]  
[13:16:51] 
[13:16:51] Rank 3 prize: "0" (last digit)-- 6413 winners.
[13:16:51] 
[13:16:51] Rank 2 prize: "37" (last two digits)-- 928 winners.
[13:16:51] 
[13:16:51] Rank 1 prize: "196" (all three digits)-- 88 winners.
[13:16:51] 
[13:16:51] *The number of winners for each prize is a combined total from all worlds.
[13:16:51] 
[13:16:51]  
[13:16:51] 
[13:16:51] Collection period: On April 12, 2021 at 1:00 (PDT) / 8:00 (GMT) to April 30, at 7:59 (PDT) / 14:59 (GMT)
[13:16:51] 
[13:16:51] Details on the prize can be confirmed by speaking to a Bonanza Moogle at one of the following locations:
[13:16:51] 
[13:16:51] Port San d'Oria (I-9) / Port Bastok (L-8) / Port Windurst (F-6) / Chocobo Circuit (H-8)
[13:16:51] Welcome, Feary!
[13:16:51] Did you know if you subscribe to Guildwork Premium (guildwork.com/premium) you can get cross-zone shouts, AH notifications, Bazaar notifications, Remote chat and more?
[13:16:51] Add this character to Guildwork by typing /gw flush --add
[13:16:55] We hope you enjoy this complimentary little gift, courtesy of the citizens of Vana'diel!
[13:16:55] Obtained: Dial key #Ab.
Sweepstox : Oho, ya feelin' lucky 'nough tah takes a stab at da myst'ry box?
[13:16:59] Sweepstox : Oho, ya feelin' lucky 'nough tah takes a stab at da myst'ry box?
[13:16:59] Sweepstox : Oho, ya feelin' lucky 'nough tah takes a stab at da myst'ry box?
Sweepstox : Ya wanna open dat sucker up? Okay, but which dial ya be wantin'?
[13:17:00] Sweepstox : Ya wanna open dat sucker up? Okay, but which dial ya be wantin'?
[13:17:00] Sweepstox : Ya wanna open dat sucker up? Okay, but which dial ya be wantin'?
Sweepstox : So ya be wantin' the special dial?Whoawhoawhoa! Get yer grubby hands offa that! Ya don't have enough daily tally, and I's not 'bout tah let ya cheat me!
[13:17:03] Sweepstox : So ya be wantin' the special dial?
[13:17:03] Sweepstox : So ya be wantin' the special dial?
[13:17:05] 
[13:17:05] 　Whoawhoawhoa! Get yer grubby hands offa that! Ya don't have enough daily tally, and I's not 'bout tah let ya cheat me!
[13:17:05] 
[13:17:05] 　Whoawhoawhoa! Get yer grubby hands offa that! Ya don't have enough daily tally, and I's not 'bout tah let ya cheat me!
Sweepstox : Oho, ya feelin' lucky 'nough tah takes a stab at da myst'ry box?
[13:17:09] Sweepstox : Oho, ya feelin' lucky 'nough tah takes a stab at da myst'ry box?
[13:17:09] Sweepstox : Oho, ya feelin' lucky 'nough tah takes a stab at da myst'ry box?
Sweepstox : Ya wanna open dat sucker up? Okay, but which dial ya be wantin'?
[13:17:11] Sweepstox : Ya wanna open dat sucker up? Okay, but which dial ya be wantin'?
[13:17:11] Sweepstox : Ya wanna open dat sucker up? Okay, but which dial ya be wantin'?
Sweepstox : So ya be wantin' the special dial?Whoawhoawhoa! Get yer grubby hands offa that! Ya don't have enough daily tally, and I's not 'bout tah let ya cheat me!
[13:17:14] Sweepstox : So ya be wantin' the special dial?
[13:17:14] Sweepstox : So ya be wantin' the special dial?
[13:17:16] 
[13:17:16] 　Whoawhoawhoa! Get yer grubby hands offa that! Ya don't have enough daily tally, and I's not 'bout tah let ya cheat me!
[13:17:16] 
[13:17:16] 　Whoawhoawhoa! Get yer grubby hands offa that! Ya don't have enough daily tally, and I's not 'bout tah let ya cheat me!
[13:17:23] Executing logout in 30 seconds.
[13:17:23] Cancel healing to remain logged in.
[13:17:27] Executing logout in 25 seconds.
[13:17:27] Cancel healing to remain logged in.
[13:17:32] Executing logout in 20 seconds.
[13:17:32] Cancel healing to remain logged in.
[13:17:38] Executing logout in 15 seconds.
[13:17:38] Cancel healing to remain logged in.
[13:17:42] Executing logout in 10 seconds.
[13:17:42] Cancel healing to remain logged in.
[13:17:47] Executing logout in 5 seconds.
[13:17:47] Cancel healing to remain logged in.
