[05:53:18] === Area: Port San d'Oria ===
[05:53:18] *****DP Job Selection:WHM*****
[05:53:18] Mode: Magic.
[05:53:18]  White = Can not cast.
[05:53:18]  Green = Casting Range
[05:53:18] React: Loading File: react_WHM.lua
[05:53:21] Size already 20.
[05:53:21] ConsoleBG: Position changed! X: 15 Y: 50
[05:53:21] Loaded WHM Battlemod filters
[05:53:26] <<< Welcome to Asura! >>>
[05:53:26] Announcing the winning numbers for the 20th Vana'versary Nomad Mog Bonanza!
[05:53:26] 
[05:53:26]  
[05:53:26] 
[05:53:26] Rank 3 prize: "7" (last digit)-- 20,471 winners.
[05:53:26] 
[05:53:26] Rank 2 prize: "04" (last two digits)-- 2,010 winners.
[05:53:26] 
[05:53:26] Rank 1 prize: "854" (all three digits)-- 185 winners.
[05:53:26] 
[05:53:26] *The number of winners for each prize is a combined total from all worlds.
[05:53:26] 
[05:53:26]  
[05:53:26] 
[05:53:26] Collection period: On July 14, 2022 at 1:00 (PDT) / 8:00 (GMT) to July 31, at 7:59 (PDT) / 14:59 (GMT)
[05:53:26] 
[05:53:26] Details on the prize can be confirmed by speaking to a Bonanza Moogle at one of the following locations:
[05:53:26] 
[05:53:26] Port San d'Oria (I-9) / Port Bastok (L-8) / Port Windurst (F-6) / Chocobo Circuit (H-8)
[05:53:27] You have undertaken the limited-time Records of Eminence challenge ｲVanquish Undead.ｳ
[05:53:27] This area is currently affected by the Super Kupower: ｲThrifty Transitｳ!
[05:53:27] This area is currently affected by the Super Kupower: ｲArtisan's Advantageｳ!
[05:53:27] This area is currently affected by the Super Kupower: ｲSwift Shoesｳ!
[05:53:27] The maximum number of people are already participating in Unity chat. Please try again later.
[05:53:27] The July 2022 Login Campaign is currently underway!
[05:53:27] 
[05:53:27] In celebration of your most recent login (login no. 19), we have provided you with 100 points!
[05:53:27] You currently have a total of 3800 points.
[05:53:27] We hope you enjoy this complimentary little gift, courtesy of the citizens of Vana'diel!
[05:53:27] Obtained: Special gobbiedial key.
[05:53:36] Gargurty[PortJeuno]: Beitetsu, S. Astral Detritus, H-P Bayld Bazaar (F-8)
[05:53:36] Cooldogr[NSandOria]: Odysseyt1t2t3Arebati Kalunga Xevioso Ngai Mboze Ongo Bumba V0 Clear Mind Buy?
[05:53:43] Shmilywowo[BastokMark]: Escha - Zi'Tah Escha - Ru'Aun Reisenjima T1T2T3 ALL Item ABJ Telos Earring Reiki Yotai Do you need it? /tell Buy? 
[05:53:48] Kimfaeonic[PortBastok]: Aeonic/ioniッkuuェpon 3zone Clear Mind Do you need it? Buy? 50M /tell
[05:53:50] Masxiaosan[LowJeuno]: Telos Earring Reiki Yotai Do you need it? /tell Buy?  
[05:53:55] Odyeesnm[BastokMine]: Odyssey T4 Bumba T3 Ngai Mboze Xevioso Ongo Arebati Kalunag Clear Mind v0v1 Odyssey C SEG Buy?
[05:54:00] Fczjse[PSandOria]: OmenFU Shulmanu Collar Niqmaddu Ring Middleboss Buy? tell
[05:54:06] Warbandi[SSandOria]: HTBF Divine Might II VD Do you need it? /tell  DD Can I have it?
[05:54:06] Zatazma[PortBastok]: ZNM T4 Sarameya Tinnin Tyger Item win Do you need it? Buy? /tell
[05:54:07] Cooldogr[NSandOria]: Odysseyt1t2t3Arebati Kalunga Xevioso Ngai Mboze Ongo Bumba V0 Clear Mind Buy?
[05:54:28] Aoora[PortBastok]: Ambuscade V.1 VD Do you need it? 3m/run Buy?
[05:54:35] Wukonk[Whitegate]: Tinnin Sarameya Tyger win Item all 3 Do you need it? /tell Thank you.
[05:54:36] Blkuyfvd[BastokMine]: Sell abyssea empy Weapon Shop Item LV80 85 90 Do you need it? /tell
[05:54:38] Cooldogr[NSandOria]: Odysseyt1t2t3Arebati Kalunga Xevioso Ngai Mboze Ongo Bumba V0 Clear Mind Buy?
[05:54:41] Fczjse[PSandOria]: OmenFU Shulmanu Collar Niqmaddu Ring Middleboss Buy? tell
[05:54:45] Shmilywowo[BastokMark]: Escha - Zi'Tah Escha - Ru'Aun Reisenjima T1T2T3 ALL Item ABJ Telos Earring Reiki Yotai Do you need it? /tell Buy? 
[05:54:50] Warbandi[SSandOria]: HTBF Divine Might II VD Do you need it? /tell 3/4
[05:54:53] Masxiaosan[LowJeuno]: Telos Earring Reiki Yotai Do you need it? /tell Buy?  
[05:55:08] Zatazma[PortBastok]: ZNM T4 Sarameya Tinnin Tyger Item win Do you need it? Buy? /tell
[05:55:09] Cooldogr[NSandOria]: Odysseyt1t2t3Arebati Kalunga Xevioso Ngai Mboze Ongo Bumba V0 Clear Mind Buy?
[05:55:17] Jocror[BastokMark]: Tinnin Sarameya Tyger win Item all 3 Do you need it? Buy? /tell Thank you.
[05:55:18] Kimfaeonic[PortBastok]: Aeonic/ioniッkuuェpon 3zone Clear Mind Do you need it? Buy? 50M /tell
[05:55:21] Fczjse[PSandOria]: OmenFU Shulmanu Collar Niqmaddu Ring Middleboss Buy? tell
[05:55:23] Warbandi[SSandOria]: HTBF Divine Might II VD Do you need it? /tell 3/4
[05:55:35] Aoora[PortBastok]: Ambuscade V.1 VD Do you need it? 3m/run Buy?
[05:55:40] Cooldogr[NSandOria]: Odysseyt1t2t3Arebati Kalunga Xevioso Ngai Mboze Ongo Bumba V0 Clear Mind Buy?
[05:55:48] Shmilywowo[BastokMark]: Escha - Zi'Tah Escha - Ru'Aun Reisenjima T1T2T3 ALL Item ABJ Telos Earring Reiki Yotai Do you need it? /tell Buy? 
[05:55:55] Masxiaosan[LowJeuno]: Telos Earring Reiki Yotai Do you need it? /tell Buy?  
[05:55:56] Odyeesnm[BastokMine]: Odyssey T4 Bumba T3 Ngai Mboze Xevioso Ongo Arebati Kalunag Clear Mind v0v1 Odyssey C SEG Buy?
[05:56:01] Fczjse[PSandOria]: OmenFU Shulmanu Collar Niqmaddu Ring Middleboss Buy? tell
[05:56:11] Zatazma[PortBastok]: ZNM T4 Sarameya Tinnin Tyger Item win Do you need it? Buy? /tell
[05:56:11] Cooldogr[NSandOria]: Odysseyt1t2t3Arebati Kalunga Xevioso Ngai Mboze Ongo Bumba V0 Clear Mind Buy?
Habitox : Oho, ya feelin' lucky 'nough tah takes a stab at da myst'ry box?
[05:56:27] Habitox : Oho, ya feelin' lucky 'nough tah takes a stab at da myst'ry box?
[05:56:27] Habitox : Oho, ya feelin' lucky 'nough tah takes a stab at da myst'ry box?
[05:56:36] Blkuyfvd[BastokMine]: Sell abyssea empy Weapon Shop Item LV80 85 90 Do you need it? /tell
Habitox : Ya wanna open dat sucker up? Okay, but which dial ya be wantin'?
[05:56:36] Habitox : Ya wanna open dat sucker up? Okay, but which dial ya be wantin'?
[05:56:36] Habitox : Ya wanna open dat sucker up? Okay, but which dial ya be wantin'?
[05:56:40] Aoora[PortBastok]: Ambuscade V.1 VD Do you need it? 3m/run Buy?
[05:56:41] Fczjse[PSandOria]: OmenFU Shulmanu Collar Niqmaddu Ring Middleboss Buy? tell
[05:56:42] Cooldogr[NSandOria]: Odysseyt1t2t3Arebati Kalunga Xevioso Ngai Mboze Ongo Bumba V0 Clear Mind Buy?
Habitox : So ya be wantin' the special dial?Whoawhoawhoa! Get yer grubby hands offa that! Ya don't have enough daily tally, and I's not 'bout tah let ya cheat me!
[05:56:43] Habitox : So ya be wantin' the special dial?
[05:56:43] Habitox : So ya be wantin' the special dial?
[05:56:44] Wukonk[Whitegate]: Tinnin Sarameya Tyger win Item all 3 Do you need it? /tell Thank you.
[05:56:45] 
[05:56:45] 　Whoawhoawhoa! Get yer grubby hands offa that! Ya don't have enough daily tally, and I's not 'bout tah let ya cheat me!
[05:56:45] 
[05:56:45] 　Whoawhoawhoa! Get yer grubby hands offa that! Ya don't have enough daily tally, and I's not 'bout tah let ya cheat me!
[05:56:48] Kimfaeonic[PortBastok]: Aeonic/ioniッkuuェpon 3zone Clear Mind Do you need it? Buy? 50M /tell
[05:56:50] Shmilywowo[BastokMark]: Escha - Zi'Tah Escha - Ru'Aun Reisenjima T1T2T3 ALL Item ABJ Telos Earring Reiki Yotai Do you need it? /tell Buy? 
[05:56:57] Masxiaosan[LowJeuno]: Telos Earring Reiki Yotai Do you need it? /tell Buy?  
[05:57:13] Cooldogr[NSandOria]: Odysseyt1t2t3Arebati Kalunga Xevioso Ngai Mboze Ongo Bumba V0 Clear Mind Buy?
[05:57:13] Zatazma[PortBastok]: ZNM T4 Sarameya Tinnin Tyger Item win Do you need it? Buy? /tell
[05:57:17] Jocror[BastokMark]: Tinnin Sarameya Tyger win Item all 3 Do you need it? Buy? /tell Thank you.
[05:57:21] Fczjse[PSandOria]: OmenFU Shulmanu Collar Niqmaddu Ring Middleboss Buy? tell
[05:57:42] Warbandi[SSandOria]: HTBF Divine Might II VD Do you need it? /tell 3/4
[05:57:44] Cooldogr[NSandOria]: Odysseyt1t2t3Arebati Kalunga Xevioso Ngai Mboze Ongo Bumba V0 Clear Mind Buy?
[05:57:46] Aoora[PortBastok]: Ambuscade V.1 VD Do you need it? 3m/run Buy?
[05:57:53] Shmilywowo[BastokMark]: Escha - Zi'Tah Escha - Ru'Aun Reisenjima T1T2T3 ALL Item ABJ Telos Earring Reiki Yotai Do you need it? /tell Buy? 
[05:57:58] Odyeesnm[BastokMine]: Odyssey T4 Bumba T3 Ngai Mboze Xevioso Ongo Arebati Kalunag Clear Mind v0v1 Odyssey C SEG Buy?
[05:57:59] Masxiaosan[LowJeuno]: Telos Earring Reiki Yotai Do you need it? /tell Buy?  
[05:58:01] Fczjse[PSandOria]: OmenFU Shulmanu Collar Niqmaddu Ring Middleboss Buy? tell
[05:58:15] Cooldogr[NSandOria]: Odysseyt1t2t3Arebati Kalunga Xevioso Ngai Mboze Ongo Bumba V0 Clear Mind Buy?
[05:58:15] Zatazma[PortBastok]: ZNM T4 Sarameya Tinnin Tyger Item win Do you need it? Buy? /tell
[05:58:18] Kimfaeonic[PortBastok]: Aeonic/ioniッkuuェpon 3zone Clear Mind Do you need it? Buy? 50M /tell
[05:58:36] Blkuyfvd[BastokMine]: Sell abyssea empy Weapon Shop Item LV80 85 90 Do you need it? /tell
[05:58:37] Gargurty[PortJeuno]: Beitetsu, S. Astral Detritus, H-P Bayld Bazaar (F-8)
[05:58:40] Fczjse[PSandOria]: OmenFU Shulmanu Collar Niqmaddu Ring Middleboss Buy? tell
[05:58:46] Cooldogr[NSandOria]: Odysseyt1t2t3Arebati Kalunga Xevioso Ngai Mboze Ongo Bumba V0 Clear Mind Buy?
[05:58:52] Aoora[PortBastok]: Ambuscade V.1 VD Do you need it? 3m/run Buy?
[05:58:54] Wukonk[Whitegate]: Tinnin Sarameya Tyger win Item all 3 Do you need it? /tell Thank you.
[05:58:54] Shmilywowo[BastokMark]: Escha - Zi'Tah Escha - Ru'Aun Reisenjima T1T2T3 ALL Item ABJ Telos Earring Reiki Yotai Do you need it? /tell Buy? 
[05:59:02] Masxiaosan[LowJeuno]: Telos Earring Reiki Yotai Do you need it? /tell Buy?  
[05:59:17] Cooldogr[NSandOria]: Odysseyt1t2t3Arebati Kalunga Xevioso Ngai Mboze Ongo Bumba V0 Clear Mind Buy?
[05:59:17] Jocror[BastokMark]: Tinnin Sarameya Tyger win Item all 3 Do you need it? Buy? /tell Thank you.
[05:59:18] Zatazma[PortBastok]: ZNM T4 Sarameya Tinnin Tyger Item win Do you need it? Buy? /tell
[05:59:21] Fczjse[PSandOria]: OmenFU Shulmanu Collar Niqmaddu Ring Middleboss Buy? tell
[05:59:48] Cooldogr[NSandOria]: Odysseyt1t2t3Arebati Kalunga Xevioso Ngai Mboze Ongo Bumba V0 Clear Mind Buy?
[05:59:48] Kimfaeonic[PortBastok]: Aeonic/ioniッkuuェpon 3zone Clear Mind Do you need it? Buy? 50M /tell
[05:59:57] Shmilywowo[BastokMark]: Escha - Zi'Tah Escha - Ru'Aun Reisenjima T1T2T3 ALL Item ABJ Telos Earring Reiki Yotai Do you need it? /tell Buy? 
[05:59:58] Executing logout in 30 seconds.
[05:59:58] Cancel healing to remain logged in.
[05:59:58] Aoora[PortBastok]: Ambuscade V.1 VD Do you need it? 3m/run Buy?
[05:59:59] Odyeesnm[BastokMine]: Odyssey T4 Bumba T3 Ngai Mboze Xevioso Ongo Arebati Kalunag Clear Mind v0v1 Odyssey C SEG Buy?
[06:00:01] Fczjse[PSandOria]: OmenFU Shulmanu Collar Niqmaddu Ring Middleboss Buy? tell
[06:00:01] Executing logout in 25 seconds.
[06:00:01] Cancel healing to remain logged in.
[06:00:04] Masxiaosan[LowJeuno]: Telos Earring Reiki Yotai Do you need it? /tell Buy?  
[06:00:07] Executing logout in 20 seconds.
[06:00:07] Cancel healing to remain logged in.
[06:00:11] Executing logout in 15 seconds.
[06:00:11] Cancel healing to remain logged in.
[06:00:16] Executing logout in 10 seconds.
[06:00:16] Cancel healing to remain logged in.
[06:00:19] Cooldogr[NSandOria]: Odysseyt1t2t3Arebati Kalunga Xevioso Ngai Mboze Ongo Bumba V0 Clear Mind Buy?
[06:00:20] Zatazma[PortBastok]: ZNM T4 Sarameya Tinnin Tyger Item win Do you need it? Buy? /tell
[06:00:21] Executing logout in 5 seconds.
[06:00:21] Cancel healing to remain logged in.
[13:49:06] === Area: Port San d'Oria ===
[13:49:07] *****DP Job Selection:WHM*****
[13:49:07] Mode: Magic.
[13:49:07]  White = Can not cast.
[13:49:07]  Green = Casting Range
[13:49:07] React: Loading File: react_WHM.lua
[13:49:09] Size already 20.
[13:49:09] ConsoleBG: Position changed! X: 15 Y: 50
[13:49:09] Loaded WHM Battlemod filters
[13:49:13] <<< Welcome to Asura! >>>
[13:49:13] Announcing the winning numbers for the 20th Vana'versary Nomad Mog Bonanza!
[13:49:13] 
[13:49:13]  
[13:49:13] 
[13:49:13] Rank 3 prize: "7" (last digit)-- 20,471 winners.
[13:49:13] 
[13:49:13] Rank 2 prize: "04" (last two digits)-- 2,010 winners.
[13:49:13] 
[13:49:13] Rank 1 prize: "854" (all three digits)-- 185 winners.
[13:49:13] 
[13:49:13] *The number of winners for each prize is a combined total from all worlds.
[13:49:14] 
[13:49:14]  
[13:49:14] 
[13:49:14] Collection period: On July 14, 2022 at 1:00 (PDT) / 8:00 (GMT) to July 31, at 7:59 (PDT) / 14:59 (GMT)
[13:49:14] 
[13:49:14] Details on the prize can be confirmed by speaking to a Bonanza Moogle at one of the following locations:
[13:49:14] 
[13:49:14] Port San d'Oria (I-9) / Port Bastok (L-8) / Port Windurst (F-6) / Chocobo Circuit (H-8)
[13:49:15] This area is currently affected by the Super Kupower: ｲThrifty Transitｳ!
[13:49:15] This area is currently affected by the Super Kupower: ｲArtisan's Advantageｳ!
[13:49:15] This area is currently affected by the Super Kupower: ｲSwift Shoesｳ!
[13:49:15] You have undertaken the limited-time Records of Eminence challenge ｲMagic Damage Kills.ｳ
[13:49:15] The July 2022 Login Campaign is currently underway!
[13:49:15] 
[13:49:15] In celebration of your most recent login (login no. 20), we have provided you with 100 points!
[13:49:15] You currently have a total of 3900 points.
[13:49:15] We hope you enjoy this complimentary little gift, courtesy of the citizens of Vana'diel!
[13:49:15] Obtained: Special gobbiedial key.
[13:49:18] Jocror[BastokMark]: Tinnin Sarameya Tyger win Item all 3 Do you need it? Buy? /tell Thank you.
[13:49:27] Executing logout in 30 seconds.
[13:49:27] Cancel healing to remain logged in.
[13:49:31] Shmilywowo[BastokMark]: Escha - Zi'Tah Escha - Ru'Aun Reisenjima T1T2T3 ALL Item ABJ Telos Earring Reiki Yotai Do you need it? /tell Buy? 
[13:49:31] Executing logout in 25 seconds.
[13:49:31] Cancel healing to remain logged in.
[13:49:32] Dotoan[PortBastok]: Omen Kin Utu Ring // Fu Ring neck Scale Do you need it? Buy? /tell
[13:49:32] Kimfaeonic[PortBastok]: Aeonic/ioniッkuuェpon Escha - Ru'Aun + Reisenjima Clear Mind Buy? /tell
[13:49:36] Executing logout in 20 seconds.
[13:49:36] Cancel healing to remain logged in.
[13:49:39] Asbrandrnkldd[NSandOria]:  ｆｆｘｉｐａｌ.ｃｏｍ, GET FAST DELIVERY!★REMA/SU5/Item/gil/Gil/  Discount ->"vip05"
[13:49:41] Executing logout in 15 seconds.
[13:49:41] Cancel healing to remain logged in.
[13:49:46] Executing logout in 10 seconds.
[13:49:46] Cancel healing to remain logged in.
[13:49:48] Hanter[Whitegate]: ZNM T4 Sarameya Tinnin Tyger Item win Do you need it? Buy? /tell
[13:49:51] Executing logout in 5 seconds.
[13:49:51] Cancel healing to remain logged in.
