[13:16:16] React: Loading File: react_WHM.lua
[13:16:16] *****DP Job Selection:WHM*****
[13:16:16] Mode: Magic.
[13:16:16]  White = Can not cast.
[13:16:16]  Green = Casting Range
[13:16:17] Size already 20.
[13:16:17] ConsoleBG: Position changed! X: 15 Y: 50
[13:16:17] Loaded WHM Battlemod filters
[13:16:20] You have undertaken the limited-time Records of Eminence challenge ｲMagic Damage Kills.ｳ
[13:16:20] The July 2022 Login Campaign is currently underway!
[13:16:20] 
[13:16:20] The maximum number of people are already participating in Unity chat. Please try again later.
[13:16:20] In celebration of your most recent login (login no. 13), we have provided you with 100 points!
[13:16:20] You currently have a total of 3200 points.
[13:16:21] <<< Welcome to Asura! >>>
[13:16:21] Announcing the winning numbers for the 20th Vana'versary Nomad Mog Bonanza!
[13:16:21] 
[13:16:21]  
[13:16:21] 
[13:16:21] Rank 3 prize: "7" (last digit)-- 20,471 winners.
[13:16:21] 
[13:16:21] Rank 2 prize: "04" (last two digits)-- 2,010 winners.
[13:16:21] 
[13:16:21] Rank 1 prize: "854" (all three digits)-- 185 winners.
[13:16:21] 
[13:16:21] *The number of winners for each prize is a combined total from all worlds.
[13:16:21] 
[13:16:21]  
[13:16:21] 
[13:16:21] Collection period: On July 14, 2022 at 1:00 (PDT) / 8:00 (GMT) to July 31, at 7:59 (PDT) / 14:59 (GMT)
[13:16:21] 
[13:16:21] Details on the prize can be confirmed by speaking to a Bonanza Moogle at one of the following locations:
[13:16:21] 
[13:16:21] Port San d'Oria (I-9) / Port Bastok (L-8) / Port Windurst (F-6) / Chocobo Circuit (H-8)
[13:16:26] We hope you enjoy this complimentary little gift, courtesy of the citizens of Vana'diel!
[13:16:26] Obtained: Special gobbiedial key.
[13:16:40] === Area: Port San d'Oria ===
[13:16:52] Katoo[Whitegate]: ZNM T4 Sarameya Tinnin Tyger Item win Do you need it? Buy? /tell
[13:17:01] Fczjst[PSandOria]: Omen FU Shulmanu Collar Middleboss Do you need it? Buy?tell
[13:17:18] Your scroll of Distract II sold.
[13:17:27] Rsdgwrg : Buy And Sell FF11 Gil At  WVVW.P2PAH.COM   1000K =0.5$..fpb
Habitox : Oho, ya feelin' lucky 'nough tah takes a stab at da myst'ry box?
[13:17:31] Habitox : Oho, ya feelin' lucky 'nough tah takes a stab at da myst'ry box?
[13:17:31] Habitox : Oho, ya feelin' lucky 'nough tah takes a stab at da myst'ry box?
Habitox : Ya wanna open dat sucker up? Okay, but which dial ya be wantin'?
[13:17:32] Habitox : Ya wanna open dat sucker up? Okay, but which dial ya be wantin'?
[13:17:32] Habitox : Ya wanna open dat sucker up? Okay, but which dial ya be wantin'?
Habitox : So ya be wantin' the special dial?M'kay, get yerself all steeled up, 'cause here we go! 'Member, no complaints!
[13:17:36] Habitox : So ya be wantin' the special dial?
[13:17:36] 　M'kay, get yerself all steeled up, 'cause here we go! 'Member, no complaints!
[13:17:36] Habitox : So ya be wantin' the special dial?
[13:17:36] 　M'kay, get yerself all steeled up, 'cause here we go! 'Member, no complaints!
[13:17:37] Kimcaeonic[BastokMine]: Aeonic/ioniッkuuェpon ReisenjimaFull or HelmT4 x7 Clear Mind Buy? /tell
Habitox : Dis box is full o' myst'ries,♪Dat span da realm's his'try,♪So whatcha gonna get from da chest...o'...uh, fortunery?♪
[13:17:37] Habitox : Dis box is full o' myst'ries,♪
[13:17:37] 　Dat span da realm's his'try,♪
[13:17:37] 　So whatcha gonna get from da chest...o'...uh, fortunery?♪
[13:17:37] Habitox : Dis box is full o' myst'ries,♪
[13:17:37] 　Dat span da realm's his'try,♪
[13:17:37] 　So whatcha gonna get from da chest...o'...uh, fortunery?♪
Habitox : Oooh, looks at what popped out! I hopes it makes yer adventures dat much more adventumarous!
[13:17:41] Habitox : Oooh, looks at what popped out! I hopes it makes yer adventures dat much more adventumarous!
[13:17:41] Habitox : Oooh, looks at what popped out! I hopes it makes yer adventures dat much more adventumarous!
[13:17:41] Fczjst[PSandOria]: Omen FU Shulmanu Collar Middleboss Do you need it? Buy?tell
[13:17:44] Obtained: Black puppet turban.
[13:17:44] You have used 50 points of your daily tally!
[13:17:50] Aeschreaskytpse[SSandOria]:  ｆｆｘｉｐａｌ.ｃｏｍ, GET FAST DELIVERY!★REMA/SU5/Item/gil/Gil/  Discount ->"July2022"
[13:17:51] Executing logout in 30 seconds.
[13:17:51] Cancel healing to remain logged in.
[13:17:54] Katoo[Whitegate]: ZNM T4 Sarameya Tinnin Tyger Item win Do you need it? Buy? /tell
[13:17:55] Executing logout in 25 seconds.
[13:17:55] Cancel healing to remain logged in.
[13:18:00] Executing logout in 20 seconds.
[13:18:00] Cancel healing to remain logged in.
[13:18:05] Executing logout in 15 seconds.
[13:18:05] Cancel healing to remain logged in.
[13:18:10] Executing logout in 10 seconds.
[13:18:10] Cancel healing to remain logged in.
[13:18:15] Executing logout in 5 seconds.
[13:18:15] Cancel healing to remain logged in.
[13:18:15] Vwx[Mhaura]: Ambuscade V.1 VD Do you need it?  4m 1run Buy? /tell
[13:18:18] Rsdgwrg : Buy And Sell FF11 Gil At  WVVW.P2PAH.COM   1000K =0.5$..dkj
