[20:57:58] === Area: Port San d'Oria ===
[20:57:58] React: Loading File: react_WHM.lua
[20:57:59] *****DP Job Selection:WHM*****
[20:57:59] Mode: Magic.
[20:57:59]  White = Can not cast.
[20:57:59]  Green = Casting Range
[20:58:01] Size already 20.
[20:58:01] ConsoleBG: Position changed! X: 15 Y: 50
[20:58:01] Loaded WHM Battlemod filters
[20:58:01] findAll Notice: findAll has not detected a fully loaded inventory yet.
[20:58:05] <<< Welcome to Asura! >>>
[20:58:05] Announcing the winning numbers for the 20th Vana'versary Nomad Mog Bonanza!
[20:58:05] 
[20:58:05]  
[20:58:05] 
[20:58:05] Rank 3 prize: "7" (last digit)-- 20,471 winners.
[20:58:05] 
[20:58:05] Rank 2 prize: "04" (last two digits)-- 2,010 winners.
[20:58:05] 
[20:58:05] Rank 1 prize: "854" (all three digits)-- 185 winners.
[20:58:05] 
[20:58:05] *The number of winners for each prize is a combined total from all worlds.
[20:58:05] 
[20:58:05]  
[20:58:05] 
[20:58:05] Collection period: On July 14, 2022 at 1:00 (PDT) / 8:00 (GMT) to July 31, at 7:59 (PDT) / 14:59 (GMT)
[20:58:05] 
[20:58:05] Details on the prize can be confirmed by speaking to a Bonanza Moogle at one of the following locations:
[20:58:05] 
[20:58:05] Port San d'Oria (I-9) / Port Bastok (L-8) / Port Windurst (F-6) / Chocobo Circuit (H-8)
[20:58:06] You have undertaken the limited-time Records of Eminence challenge ‡²Vanquish Undead.‡³
[20:58:06] The July 2022 Login Campaign is currently underway!
[20:58:06] 
[20:58:06] The maximum number of people are already participating in Unity chat. Please try again later.
[20:58:06] In celebration of your most recent login (login no. 14), we have provided you with 100 points!
[20:58:06] You currently have a total of 3300 points.
[20:58:07] Ronstadt[BastokMine]: Dynamis - Bastok D WAVE 1-2 RP Treasure Bonus Area Looking for members. /tell @4/12
[20:58:08] We hope you enjoy this complimentary little gift, courtesy of the citizens of Vana'diel!
[20:58:08] Obtained: Special gobbiedial key.
[20:58:11] Leoniea synthesized a darksteel ingot.
[20:58:13] Blkuyfvd[BastokMine]: Sell abyssea empy Weapon Shop Item LV80 85 90 Do you need it? /tell
[20:58:13] Ksods[Mhaura]: Ambuscade V.1 VD Do you need it? 4M Buy?
[20:58:15] Shmilywowo[BastokMark]: Escha - Zi'Tah Escha - Ru'Aun Reisenjima T1T2T3 ALL Item ABJ Telos Earring Reiki Yotai Do you need it? /tell Buy? 
[20:58:23] Masxiaosan[LowJeuno]: Telos Earring Reiki Yotai Do you need it? /tell Buy? 
[20:58:33] Leoniea synthesized a darksteel ingot.
[20:58:50] Aoora[PortBastok]: Ambuscade V.1 VD Do you need it? 4m/run Buy?
[20:58:52] Eunnaa[PortBastok]: Ambuscade V.1 VD Do you need it? 4M Buy? /tell
[20:58:54] Leoniea synthesized a darksteel ingot.
[20:58:54] Aeschreaskytpse[SSandOria]:  ‚†‚†‚˜‚‰‚‚‚Œ.‚ƒ‚‚, GET FAST DELIVERY!šREMA/SU5/Item/gil/Gil/  Discount ->"July2022"
[20:59:15] Leoniea synthesized a darksteel ingot.
[20:59:17] Shmilywowo[BastokMark]: Escha - Zi'Tah Escha - Ru'Aun Reisenjima T1T2T3 ALL Item ABJ Telos Earring Reiki Yotai Do you need it? /tell Buy? 
[20:59:19] Ksods[Mhaura]: Ambuscade V.1 VD Do you need it? 4M Buy?
[20:59:24] Ronstadt[BastokMine]: Dynamis - Bastok D WAVE 1-2 RP Treasure Bonus Area Looking for members. /tell @4/12
[20:59:25] Masxiaosan[LowJeuno]: Telos Earring Reiki Yotai Do you need it? /tell Buy? 
[20:59:36] Leoniea synthesized a darksteel ingot.
[20:59:47] Eunnaa[PortBastok]: Ambuscade V.1 VD Do you need it? 4M Buy? /tell
[20:59:56] Aoora[PortBastok]: Ambuscade V.1 VD Do you need it? 4m/run Buy?
[20:59:57] Leoniea synthesized a darksteel ingot.
[21:00:03] Ronstadt[BastokMine]: Dynamis - Bastok D WAVE 1-2 RP Treasure Bonus Area Looking for members. /tell @4/12
[21:00:13] Blkuyfvd[BastokMine]: Sell abyssea empy Weapon Shop Item LV80 85 90 Do you need it? /tell
[21:00:19] Leoniea synthesized a darksteel ingot.
[21:00:19] Shmilywowo[BastokMark]: Escha - Zi'Tah Escha - Ru'Aun Reisenjima T1T2T3 ALL Item ABJ Telos Earring Reiki Yotai Do you need it? /tell Buy? 
[21:00:25] Ksods[Mhaura]: Ambuscade V.1 VD Do you need it? 4M Buy?
[21:00:27] Masxiaosan[LowJeuno]: Telos Earring Reiki Yotai Do you need it? /tell Buy? 
[21:00:36] Ronstadt[BastokMine]: Dynamis - Bastok D WAVE 1-2 RP Treasure Bonus Area Looking for members. /tell @4/12
[21:00:40] Leoniea synthesized a darksteel ingot.
[21:00:43] Eunnaa[PortBastok]: Ambuscade V.1 VD Do you need it? 4M Buy? /tell
[21:01:01] Leoniea synthesized a darksteel ingot.
Habitox : Oho, ya feelin' lucky 'nough tah takes a stab at da myst'ry box?
[21:01:02] Habitox : Oho, ya feelin' lucky 'nough tah takes a stab at da myst'ry box?
[21:01:02] Habitox : Oho, ya feelin' lucky 'nough tah takes a stab at da myst'ry box?
[21:01:02] Aoora[PortBastok]: Ambuscade V.1 VD Do you need it? 4m/run Buy?
Habitox : Ya wanna open dat sucker up? Okay, but which dial ya be wantin'?
[21:01:02] Habitox : Ya wanna open dat sucker up? Okay, but which dial ya be wantin'?
[21:01:02] Habitox : Ya wanna open dat sucker up? Okay, but which dial ya be wantin'?
Habitox : So ya be wantin' the special dial?Whoawhoawhoa! Get yer grubby hands offa that! Ya don't have enough daily tally, and I's not 'bout tah let ya cheat me!
[21:01:09] Habitox : So ya be wantin' the special dial?
[21:01:09] Habitox : So ya be wantin' the special dial?
[21:01:10] Anigav[EastAdoulin]: Sarameya kill x3 Can I have it? Sell? pst
[21:01:11] 
[21:01:11] @Whoawhoawhoa! Get yer grubby hands offa that! Ya don't have enough daily tally, and I's not 'bout tah let ya cheat me!
[21:01:11] 
[21:01:11] @Whoawhoawhoa! Get yer grubby hands offa that! Ya don't have enough daily tally, and I's not 'bout tah let ya cheat me!
[21:01:17] Executing logout in 30 seconds.
[21:01:17] Cancel healing to remain logged in.
[21:01:20] Ronstadt[BastokMine]: Dynamis - Bastok D WAVE 1-2 RP Treasure Bonus Area Looking for members. /tell @4/12
[21:01:20] Executing logout in 25 seconds.
[21:01:20] Cancel healing to remain logged in.
[21:01:21] Shmilywowo[BastokMark]: Escha - Zi'Tah Escha - Ru'Aun Reisenjima T1T2T3 ALL Item ABJ Telos Earring Reiki Yotai Do you need it? /tell Buy? 
[21:01:22] Leoniea synthesized a darksteel ingot.
[21:01:26] Executing logout in 20 seconds.
[21:01:26] Cancel healing to remain logged in.
[21:01:29] Masxiaosan[LowJeuno]: Telos Earring Reiki Yotai Do you need it? /tell Buy? 
[21:01:31] Executing logout in 15 seconds.
[21:01:31] Cancel healing to remain logged in.
[21:01:31] Ksods[Mhaura]: Ambuscade V.1 VD Do you need it? 4M Buy?
[21:01:35] Executing logout in 10 seconds.
[21:01:35] Cancel healing to remain logged in.
[21:01:37] Eunnaa[PortBastok]: Ambuscade V.1 VD Do you need it? 4M Buy? /tell
[21:01:40] Executing logout in 5 seconds.
[21:01:40] Cancel healing to remain logged in.
[21:01:42] Leoniea synthesized a darksteel ingot.
[21:01:44] Aeschreaskytpse[SSandOria]:  ‚†‚†‚˜‚‰‚‚‚Œ.‚ƒ‚‚, GET FAST DELIVERY!šREMA/SU5/Item/gil/Gil/  Discount ->"July2022"
