[16:49:08] === Area: Port San d'Oria ===
[16:49:08] *****DP Job Selection:WHM*****
[16:49:08] Mode: Magic.
[16:49:08]  White = Can not cast.
[16:49:08]  Green = Casting Range
[16:49:08] React: Loading File: react_WHM.lua
[16:49:10] Size already 20.
[16:49:10] ConsoleBG: Position changed! X: 15 Y: 50
[16:49:11] Loaded WHM Battlemod filters
[16:49:15] <<< Welcome to Asura! >>>
[16:49:15] Announcing the winning numbers for the 20th Vana'versary Nomad Mog Bonanza!
[16:49:15] 
[16:49:15]  
[16:49:15] 
[16:49:15] Rank 3 prize: "7" (last digit)-- 20,471 winners.
[16:49:15] 
[16:49:15] Rank 2 prize: "04" (last two digits)-- 2,010 winners.
[16:49:15] 
[16:49:15] Rank 1 prize: "854" (all three digits)-- 185 winners.
[16:49:15] 
[16:49:15] *The number of winners for each prize is a combined total from all worlds.
[16:49:15] 
[16:49:15]  
[16:49:15] 
[16:49:15] Collection period: On July 14, 2022 at 1:00 (PDT) / 8:00 (GMT) to July 31, at 7:59 (PDT) / 14:59 (GMT)
[16:49:15] 
[16:49:15] Details on the prize can be confirmed by speaking to a Bonanza Moogle at one of the following locations:
[16:49:15] 
[16:49:15] Port San d'Oria (I-9) / Port Bastok (L-8) / Port Windurst (F-6) / Chocobo Circuit (H-8)
[16:49:16] Rydu[PortJeuno]: Mars Orbs Do you have it? Sell? 2.5m /tell
[16:49:17] You have undertaken the limited-time Records of Eminence challenge ‡²Vanquish Vermin.‡³
[16:49:17] The July 2022 Login Campaign is currently underway!
[16:49:17] 
[16:49:17] The maximum number of people are already participating in Unity chat. Please try again later.
[16:49:17] In celebration of your most recent login (login no. 15), we have provided you with 100 points!
[16:49:17] You currently have a total of 3400 points.
[16:49:17] We hope you enjoy this complimentary little gift, courtesy of the citizens of Vana'diel!
[16:49:17] Obtained: Special gobbiedial key.
[16:49:20] Umaise[SSandOria]: Master Level Party Can I have it? Aeolian Edge Red Mage Do you need it?
[16:50:00] Executing logout in 30 seconds.
[16:50:00] Cancel healing to remain logged in.
[16:50:04] Shakyamuni[Mhaura]: Enchntr. Earring +1 Sell? Can I have it? You can have this. 6m /tell
[16:50:04] Executing logout in 25 seconds.
[16:50:04] Cancel healing to remain logged in.
[16:50:09] Executing logout in 20 seconds.
[16:50:09] Cancel healing to remain logged in.
[16:50:10] Leapstep[Rabao]: Sheol C Do you need it? TANK Can I have it? 5/6
[16:50:14] Executing logout in 15 seconds.
[16:50:14] Cancel healing to remain logged in.
[16:50:19] Executing logout in 10 seconds.
[16:50:19] Cancel healing to remain logged in.
[16:50:23] Taichuii[Rabao]: Odyssey Seg C UNM/Agon Do you need it? 5songBRD 5/6
[16:50:24] Executing logout in 5 seconds.
[16:50:24] Cancel healing to remain logged in.
