[17:59:50] === Area: Port San d'Oria ===
[17:59:50] *****DP Job Selection:THF*****
[17:59:50] Mode: Default.
[17:59:50] React: Loading File: react_THF.lua
[17:59:53] Size already 20.
[17:59:53] ConsoleBG: Position changed! X: 15 Y: 50
[17:59:57] <<< Welcome to Asura! >>>
[17:59:57] Announcing the winning numbers for the 20th Vana'versary Nomad Mog Bonanza!
[17:59:57] 
[17:59:57]  
[17:59:57] 
[17:59:57] Rank 3 prize: "7" (last digit)-- 20,471 winners.
[17:59:57] 
[17:59:57] Rank 2 prize: "04" (last two digits)-- 2,010 winners.
[17:59:57] 
[17:59:57] Rank 1 prize: "854" (all three digits)-- 185 winners.
[17:59:57] 
[17:59:57] *The number of winners for each prize is a combined total from all worlds.
[17:59:57] 
[17:59:57]  
[17:59:57] 
[17:59:57] Collection period: On July 14, 2022 at 1:00 (PDT) / 8:00 (GMT) to July 31, at 7:59 (PDT) / 14:59 (GMT)
[17:59:57] 
[17:59:57] Details on the prize can be confirmed by speaking to a Bonanza Moogle at one of the following locations:
[17:59:57] 
[17:59:57] Port San d'Oria (I-9) / Port Bastok (L-8) / Port Windurst (F-6) / Chocobo Circuit (H-8)
[17:59:58] You have undertaken the limited-time Records of Eminence challenge ‡²Vanquish Vermin.‡³
[17:59:58] The July 2022 Login Campaign is currently underway!
[17:59:58] 
[17:59:58] In celebration of your most recent login (login no. 15), we have provided you with 100 points!
[17:59:58] You currently have a total of 3400 points.
[17:59:59] We hope you enjoy this complimentary little gift, courtesy of the citizens of Vana'diel!
[17:59:59] Obtained: Special gobbiedial key.
[18:00:27] Executing logout in 30 seconds.
[18:00:27] Cancel healing to remain logged in.
[18:00:31] Executing logout in 25 seconds.
[18:00:31] Cancel healing to remain logged in.
[18:00:34] Endone[Rabao]: Odyssey C Segs Halo + NM Looking for members. BRD, WHMorSCH /tell
[18:00:36] Executing logout in 20 seconds.
[18:00:36] Cancel healing to remain logged in.
[18:00:41] Executing logout in 15 seconds.
[18:00:41] Cancel healing to remain logged in.
[18:00:46] Executing logout in 10 seconds.
[18:00:46] Cancel healing to remain logged in.
[18:00:51] Executing logout in 5 seconds.
[18:00:51] Cancel healing to remain logged in.
