[09:53:57] === Area: Port San d'Oria ===
[09:53:57] React: Loading File: react_THF.lua
[09:53:57] *****DP Job Selection:THF*****
[09:53:57] Mode: Default.
[09:53:59] Size already 20.
[09:53:59] ConsoleBG: Position changed! X: 15 Y: 50
[09:54:00] Loaded THF Battlemod filters
[09:54:04] <<< Welcome to Asura! >>>
[09:54:04] Announcing the winning numbers for the 20th Vana'versary Nomad Mog Bonanza!
[09:54:04] 
[09:54:04]  
[09:54:04] 
[09:54:04] Rank 3 prize: "7" (last digit)-- 20,471 winners.
[09:54:04] 
[09:54:04] Rank 2 prize: "04" (last two digits)-- 2,010 winners.
[09:54:04] 
[09:54:04] Rank 1 prize: "854" (all three digits)-- 185 winners.
[09:54:04] 
[09:54:04] *The number of winners for each prize is a combined total from all worlds.
[09:54:04] 
[09:54:04]  
[09:54:04] 
[09:54:04] Collection period: On July 14, 2022 at 1:00 (PDT) / 8:00 (GMT) to July 31, at 7:59 (PDT) / 14:59 (GMT)
[09:54:04] 
[09:54:04] Details on the prize can be confirmed by speaking to a Bonanza Moogle at one of the following locations:
[09:54:04] 
[09:54:04] Port San d'Oria (I-9) / Port Bastok (L-8) / Port Windurst (F-6) / Chocobo Circuit (H-8)
[09:54:05] You have undertaken the limited-time Records of Eminence challenge ‡²Gain Experience.‡³
[09:54:06] Shmilywowo[BastokMark]: Escha - Zi'Tah Escha - Ru'Aun Reisenjima T1T2T3 ALL Item ABJ Telos Earring Reiki Yotai Do you need it? /tell Buy? 
[09:54:06] Jyubeii[PortJeuno]: Plovid Effluvium Do you have it? Sell?
Habitox : Oho, ya feelin' lucky 'nough tah takes a stab at da myst'ry box?
[09:54:11] Habitox : Oho, ya feelin' lucky 'nough tah takes a stab at da myst'ry box?
[09:54:11] Habitox : Oho, ya feelin' lucky 'nough tah takes a stab at da myst'ry box?
Habitox : Ya wanna open dat sucker up? Okay, but which dial ya be wantin'?
[09:54:13] Habitox : Ya wanna open dat sucker up? Okay, but which dial ya be wantin'?
[09:54:13] Habitox : Ya wanna open dat sucker up? Okay, but which dial ya be wantin'?
[09:54:25] Paozhong[LowJeuno]: Ou Ring waist hand Regal Gantlets Do you need it? /tell
[09:54:29] Fczjst[PSandOria]: OmenFU Shulmanu Collar Niqmaddu Ring Do you need it? Buy?tell
[09:54:31] Your square of scarlet linen cloth sold.
[09:54:32] Masxiaosan[LowJeuno]: Telos Earring Reiki Yotai Do you need it? /tell Buy? 
[09:54:32] Sesshmaru[Rabao]: Odyssey C Looking for members.   Rema R15 DRK(Club) SAM WAR(Multi Weapon) 5/6
[09:54:32] Your square of scarlet linen cloth sold.
[09:54:33] Your square of scarlet linen cloth sold.
[09:54:34] Your square of scarlet linen cloth sold.
[09:54:35] Your square of scarlet linen cloth sold.
[09:54:37] Your square of scarlet linen cloth sold.
[09:54:37] Qigang[Rabao]: Odyssey C Do you need it? WAR SAM +8SB COR /tell
[09:54:40] Eunnaa[PortBastok]: Ambuscade V.1 VD Do you need it? 4M Buy? /tell
[09:54:43] You can only place a single item or a set of 12 such items on auction.
[09:54:46] You have to pay a transaction fee of 301 gil.
[09:54:48] Merchandise placed on auction.
[09:54:48] If merchandise remains unsold after 30 weeks (Vana'diel time), it will be returned to your current residence.
[09:54:48] If a successful bid is made, the proceeds from the sale will be delivered to your current residence.
[09:54:48] Signed items will lose their signature after being purchased.
[09:54:49] Amnesty[EastAdoulin]: Odyssey C Looking for members. PLD/RUN/WHM /tell 5/6
[09:54:50] Katoo[Whitegate]: ZNM T4 Sarameya Tinnin Tyger Item and win Do you need it? Buy?
[09:54:51] You have to pay a transaction fee of 301 gil.
[09:54:53] Merchandise placed on auction.
[09:54:53] If merchandise remains unsold after 30 weeks (Vana'diel time), it will be returned to your current residence.
[09:54:53] If a successful bid is made, the proceeds from the sale will be delivered to your current residence.
[09:54:53] Signed items will lose their signature after being purchased.
[09:54:59] Aoora[PortBastok]: Ambuscade V.1 VD Do you need it? 4m/run Buy?
[09:55:04] Shmilywowo[BastokMark]: Escha - Zi'Tah Escha - Ru'Aun Reisenjima T1T2T3 ALL Item ABJ Telos Earring Reiki Yotai Do you need it? /tell Buy? 
[09:55:06] Ksods[Mhaura]: Ambuscade V.1 VD Do you need it? 4M Buy?
[09:55:06] Sesshmaru[Rabao]: Odyssey C Looking for members.   Rema R15 DRK(Club) SAM WAR(Multi Weapon) 5/6
[09:55:09] Fczjst[PSandOria]: OmenFU Shulmanu Collar Niqmaddu Ring Do you need it? Buy?tell
[09:55:18] Paozhong[LowJeuno]: Ou waist hand Regal Gantlets Do you need it? /tell go in 10min
[09:55:21] Itemizer Error: Unknown item: scatlet linen
[09:55:33] You can only place a single item or a set of 12 such items on auction.
[09:55:33] Masxiaosan[LowJeuno]: Telos Earring Reiki Yotai Do you need it? /tell Buy? 
[09:55:35] Eunnaa[PortBastok]: Ambuscade V.1 VD Do you need it? 4M Buy? /tell
[09:55:36] You have to pay a transaction fee of 301 gil.
[09:55:37] Merchandise placed on auction.
[09:55:37] If merchandise remains unsold after 30 weeks (Vana'diel time), it will be returned to your current residence.
[09:55:37] If a successful bid is made, the proceeds from the sale will be delivered to your current residence.
[09:55:37] Signed items will lose their signature after being purchased.
[09:55:38] You can only place a single item or a set of 12 such items on auction.
[09:55:41] You have to pay a transaction fee of 301 gil.
[09:55:43] Merchandise placed on auction.
[09:55:43] If merchandise remains unsold after 30 weeks (Vana'diel time), it will be returned to your current residence.
[09:55:43] If a successful bid is made, the proceeds from the sale will be delivered to your current residence.
[09:55:43] Signed items will lose their signature after being purchased.
[09:55:43] Qigang[BastokMark]: Odyssey C Do you need it? WAR SAM + /tell
[09:55:44] You can only place a single item or a set of 12 such items on auction.
[09:55:47] You have to pay a transaction fee of 301 gil.
[09:55:49] Merchandise placed on auction.
[09:55:49] If merchandise remains unsold after 30 weeks (Vana'diel time), it will be returned to your current residence.
[09:55:49] If a successful bid is made, the proceeds from the sale will be delivered to your current residence.
[09:55:49] Signed items will lose their signature after being purchased.
[09:55:49] Fczjst[PSandOria]: OmenFU Shulmanu Collar Niqmaddu Ring Do you need it? Buy?tell
[09:55:49] You can only place a single item or a set of 12 such items on auction.
[09:55:51] You have to pay a transaction fee of 301 gil.
[09:55:53] Katoo[Whitegate]: ZNM T4 Sarameya Tinnin Tyger Item and win Do you need it? Buy?
[09:55:53] Merchandise placed on auction.
[09:55:53] If merchandise remains unsold after 30 weeks (Vana'diel time), it will be returned to your current residence.
[09:55:53] If a successful bid is made, the proceeds from the sale will be delivered to your current residence.
[09:55:53] Signed items will lose their signature after being purchased.
[09:56:00] Peto's title: Master Rogue
[09:56:00] Peto: <WAR/DRG>
[09:56:00]  [store tp] 60
[09:56:00]  [double attack] 17
[09:56:00]  [triple attack] 7
[09:56:00]  [quadruple attack] nil
[09:56:00]  [weapon skill damage] 7
[09:56:06] Aoora[PortBastok]: Ambuscade V.1 VD Do you need it? 4m/run Buy?
[09:56:07] Shmilywowo[BastokMark]: Escha - Zi'Tah Escha - Ru'Aun Reisenjima T1T2T3 ALL Item ABJ Telos Earring Reiki Yotai Do you need it? /tell Buy? 
[09:56:12] Ksods[Mhaura]: Ambuscade V.1 VD Do you need it? 4M Buy?
[09:56:28] >> /deliverybox
[09:56:28] ...A command error occurred.
[09:56:33] Slot 1:
[09:56:33] The money the buyer paid for the square of oil-soaked cloth you put on auction, 80,000 gil.
[09:56:40] You take the 80,000 gil out of delivery slot 1.
[09:56:42] You take the 2 earth clusters out of delivery slot 2.
[09:56:43] You take the pelt of Dawon out of delivery slot 6.
[09:56:45] You take the Poroggo hat out of delivery slot 7.
[09:56:45] Slot 8:
[09:56:45] The money the buyer paid for the square of scarlet linen cloth you put on auction, 40,000 gil.
[09:56:47] You take the 40,000 gil out of delivery slot 8.
[09:56:47] Slot 4:
[09:56:47] The money the buyer paid for the square of scarlet linen cloth you put on auction, 40,000 gil.
[09:56:49] You take the 40,000 gil out of delivery slot 4.
[09:56:50] Slot 5:
[09:56:50] The money the buyer paid for the square of scarlet linen cloth you put on auction, 40,000 gil.
[09:56:51] You take the 40,000 gil out of delivery slot 5.
[09:56:56] Slot 1:
[09:56:56] The money the buyer paid for the square of scarlet linen cloth you put on auction, 40,000 gil.
[09:57:03] You take the 40,000 gil out of delivery slot 1.
[09:57:03] Slot 2:
[09:57:03] The money the buyer paid for the square of scarlet linen cloth you put on auction, 40,000 gil.
[09:57:05] You take the 40,000 gil out of delivery slot 2.
[09:57:05] Slot 6:
[09:57:05] The money the buyer paid for the square of scarlet linen cloth you put on auction, 40,000 gil.
[09:57:06] You take the 40,000 gil out of delivery slot 6.
[09:57:07] Slot 5:
[09:57:07] The money the buyer paid for the square of scarlet linen cloth you put on auction, 40,000 gil.
[09:57:09] You take the 40,000 gil out of delivery slot 5.
[09:57:09] Slot 7:
[09:57:09] The money the buyer paid for the square of scarlet linen cloth you put on auction, 40,000 gil.
[09:57:10] You take the 40,000 gil out of delivery slot 7.
[09:57:11] Slot 8:
[09:57:11] The money the buyer paid for the square of scarlet linen cloth you put on auction, 35,000 gil.
[09:57:12] You take the 35,000 gil out of delivery slot 8.
[09:57:12] Slot 4:
[09:57:12] The money the buyer paid for the square of scarlet linen cloth you put on auction, 40,000 gil.
[09:57:14] You take the 40,000 gil out of delivery slot 4.
[09:57:15] You can only hold one item of that type.
[09:57:20] Slot 1:
[09:57:20] The money the buyer paid for the square of scarlet linen cloth you put on auction, 35,000 gil.
[09:57:28] You take the 35,000 gil out of delivery slot 1.
[09:57:28] Slot 2:
[09:57:28] The money the buyer paid for the square of scarlet linen cloth you put on auction, 35,000 gil.
[09:57:29] You take the 35,000 gil out of delivery slot 2.
[09:57:30] Slot 6:
[09:57:30] The money the buyer paid for the square of scarlet linen cloth you put on auction, 35,000 gil.
[09:57:31] You take the 35,000 gil out of delivery slot 6.
[09:57:31] Slot 5:
[09:57:31] The money the buyer paid for the square of oil-soaked cloth you put on auction, 50,000 gil.
[09:57:33] You take the 50,000 gil out of delivery slot 5.
[09:57:33] Slot 7:
[09:57:33] The money the buyer paid for the square of scarlet linen cloth you put on auction, 35,000 gil.
[09:57:34] You take the 35,000 gil out of delivery slot 7.
[09:57:35] Slot 8:
[09:57:35] The money the buyer paid for the square of scarlet linen cloth you put on auction, 35,000 gil.
[09:57:36] You take the 35,000 gil out of delivery slot 8.
[09:57:37] Slot 4:
[09:57:37] The money the buyer paid for the square of scarlet linen cloth you put on auction, 35,000 gil.
[09:57:38] You take the 35,000 gil out of delivery slot 4.
[09:57:46] Slot 1:
[09:57:46] The money the buyer paid for the square of scarlet linen cloth you put on auction, 35,000 gil.
[09:57:53] You take the 35,000 gil out of delivery slot 1.
[09:57:53] Slot 2:
[09:57:53] The money the buyer paid for the square of Imperial silk cloth you put on auction, 41,000 gil.
[09:57:55] You take the 41,000 gil out of delivery slot 2.
[09:57:55] Slot 6:
[09:57:55] The money the buyer paid for the square of scarlet linen cloth you put on auction, 40,000 gil.
[09:57:56] You take the 40,000 gil out of delivery slot 6.
[09:57:57] Slot 5:
[09:57:57] The money the buyer paid for the square of scarlet linen cloth you put on auction, 40,000 gil.
[09:57:58] You take the 40,000 gil out of delivery slot 5.
[09:57:58] Slot 7:
[09:57:58] The money the buyer paid for the square of scarlet linen cloth you put on auction, 40,000 gil.
[09:58:00] You take the 40,000 gil out of delivery slot 7.
[09:58:00] Slot 8:
[09:58:00] The money the buyer paid for the square of scarlet linen cloth you put on auction, 40,000 gil.
[09:58:01] You take the 40,000 gil out of delivery slot 8.
[09:58:01] Slot 4:
[09:58:01] The money the buyer paid for the square of Imperial silk cloth you put on auction, 45,000 gil.
[09:58:03] You take the 45,000 gil out of delivery slot 4.
[09:58:08] Slot 1:
[09:58:08] The money the buyer paid for the square of scarlet linen cloth you put on auction, 40,000 gil.
[09:58:18] You take the 40,000 gil out of delivery slot 1.
[09:58:18] Slot 2:
[09:58:18] The money the buyer paid for the square of scarlet linen cloth you put on auction, 40,000 gil.
[09:58:20] You take the 40,000 gil out of delivery slot 2.
[09:58:20] Slot 6:
[09:58:20] The money the buyer paid for the square of scarlet linen cloth you put on auction, 50,000 gil.
[09:58:21] You take the 50,000 gil out of delivery slot 6.
[09:58:22] Slot 5:
[09:58:22] The money the buyer paid for the square of scarlet linen cloth you put on auction, 50,000 gil.
[09:58:23] You take the 50,000 gil out of delivery slot 5.
[09:58:23] Slot 7:
[09:58:23] The money the buyer paid for the square of scarlet linen cloth you put on auction, 41,001 gil.
[09:58:25] You take the 41,001 gil out of delivery slot 7.
[09:58:25] Slot 8:
[09:58:25] The money the buyer paid for the square of scarlet linen cloth you put on auction, 40,001 gil.
[09:58:26] You take the 40,001 gil out of delivery slot 8.
[09:58:26] Slot 4:
[09:58:26] The money the buyer paid for the square of scarlet linen cloth you put on auction, 40,000 gil.
[09:58:28] You take the 40,000 gil out of delivery slot 4.
[09:58:33] Slot 1:
[09:58:33] The money the buyer paid for the square of scarlet linen cloth you put on auction, 45,000 gil.
[09:58:39] You take the 45,000 gil out of delivery slot 1.
[09:58:39] Slot 2:
[09:58:39] The money the buyer paid for the square of scarlet linen cloth you put on auction, 41,000 gil.
[09:58:41] You take the 41,000 gil out of delivery slot 2.
[09:58:41] Slot 6:
[09:58:41] The money the buyer paid for the square of scarlet linen cloth you put on auction, 40,000 gil.
[09:58:42] You take the 40,000 gil out of delivery slot 6.
[09:58:43] Slot 5:
[09:58:43] The money the buyer paid for the square of scarlet linen cloth you put on auction, 40,000 gil.
[09:58:44] You take the 40,000 gil out of delivery slot 5.
[09:58:45] Slot 7:
[09:58:45] The money the buyer paid for the square of scarlet linen cloth you put on auction, 40,000 gil.
[09:58:46] You take the 40,000 gil out of delivery slot 7.
[09:58:46] Slot 8:
[09:58:46] The money the buyer paid for the square of scarlet linen cloth you put on auction, 40,000 gil.
[09:58:48] You take the 40,000 gil out of delivery slot 8.
[09:58:49] You take the spool of red grass thread out of delivery slot 4.
[09:58:53] Slot 1:
[09:58:53] The money the buyer paid for the square of scarlet linen cloth you put on auction, 35,000 gil.
[09:58:57] You take the 35,000 gil out of delivery slot 1.
[09:58:58] Slot 2:
[09:58:58] The money the buyer paid for the square of scarlet linen cloth you put on auction, 34,000 gil.
[09:58:59] You take the 34,000 gil out of delivery slot 2.
[09:59:14] === Area: Port San d'Oria ===
[09:59:24] Aoora[PortBastok]: Ambuscade V.1 VD Do you need it? 4m/run Buy?
[09:59:24] Paozhong[LowJeuno]: Ou waist hand Regal Gantlets Do you need it? /tell go in 7min  
[09:59:30] Ksods[Mhaura]: Ambuscade V.1 VD Do you need it? 4M Buy?
[09:59:36] Qigang[Rabao]: Odyssey C Do you need it? WAR SAM + /tell
[09:59:43] Masxiaosan[LowJeuno]: Telos Earring Reiki Yotai Do you need it? /tell Buy? 
[09:59:44] Sesshmaru[Rabao]: Odyssey C Looking for members.   Rema R15 DRK(Club) SAM WAR(Multi Weapon) 5/6
[09:59:49] Fczjst[PSandOria]: OmenFU Shulmanu Collar Niqmaddu Ring Do you need it? Buy?tell
[09:59:55] Paozhong[LowJeuno]: Ou waist hand Regal Gantlets Do you need it? /tell go in 6min  
[09:59:59] Itemdyr[PortJeuno]: Chirich Ring +1 10mil Comm. Charm +1 2.5mil Do you need it? Bazaar
[10:00:02] Katoo[Whitegate]: ZNM T4 Sarameya Tinnin Tyger Item and win Do you need it? Buy?
[10:00:03] You have to pay a transaction fee of 301 gil.
[10:00:05] Merchandise placed on auction.
[10:00:05] If merchandise remains unsold after 30 weeks (Vana'diel time), it will be returned to your current residence.
[10:00:05] If a successful bid is made, the proceeds from the sale will be delivered to your current residence.
[10:00:05] Signed items will lose their signature after being purchased.
[10:00:10] Eunnaa[PortBastok]: Ambuscade V.1 VD Do you need it? 4M Buy? /tell
[10:00:13] Qigang[Rabao]: Odyssey C Do you need it? WAR SAM + /tell
[10:00:14] You can only place seven items on auction at once.
[10:00:14] Either check off sold and unsold merchandise from the "Sales Status" list or remove an item from auction.
[10:00:14] Items already sent to your delivery box must also be checked off the list.
[10:00:16] Shmilywowo[BastokMark]: Escha - Zi'Tah Escha - Ru'Aun Reisenjima T1T2T3 ALL Item ABJ Telos Earring Reiki Yotai Do you need it? /tell Buy? 
[10:00:18] Comittie : Now delivering parcels to rooms everywhere!
[10:00:24] Paozhong[LowJeuno]: Ou waist hand Regal Gantlets Do you need it? /tell go in 5min  
[10:00:29] Fczjst[PSandOria]: OmenFU Shulmanu Collar Niqmaddu Ring Do you need it? Buy?tell
[10:00:30] Amnesty[EastAdoulin]: Odyssey C Looking for members. PLD/RUN/WHM /tell 5/6
[10:00:30] Aoora[PortBastok]: Ambuscade V.1 VD Do you need it? 4m/run Buy?
[10:00:31] Flixx[Rabao]: Tinnin kill x2 Sell? /tell
[10:00:36] Ksods[Mhaura]: Ambuscade V.1 VD Do you need it? 4M Buy?
[10:00:46] Masxiaosan[LowJeuno]: Telos Earring Reiki Yotai Do you need it? /tell Buy? 
[10:00:48] Qigang[Rabao]: Odyssey C Do you need it? WAR SAM + /tell
[10:00:54] Executing logout in 30 seconds.
[10:00:54] Cancel healing to remain logged in.
[10:00:56] {Maat} That fool Azi Dahaka's gone and appeared down in Escha - Zi'Tah around H-8. What say we show that monster what this fancy ‡²Unity‡³ business is all about?
[10:00:58] Executing logout in 25 seconds.
[10:00:58] Cancel healing to remain logged in.
[10:01:01] Paozhong[LowJeuno]: Ou waist hand Regal Gantlets Do you need it? /tell go in 5min  
[10:01:03] Executing logout in 20 seconds.
[10:01:03] Cancel healing to remain logged in.
[10:01:04] Katoo[Whitegate]: ZNM T4 Sarameya Tinnin Tyger Item and win Do you need it? Buy?
[10:01:05] Eunnaa[PortBastok]: Ambuscade V.1 VD Do you need it? 4M Buy? /tell
[10:01:08] Executing logout in 15 seconds.
[10:01:08] Cancel healing to remain logged in.
[10:01:09] Fczjst[PSandOria]: OmenFU Shulmanu Collar Niqmaddu Ring Do you need it? Buy?tell
[10:01:13] Executing logout in 10 seconds.
[10:01:13] Cancel healing to remain logged in.
[10:01:18] Shmilywowo[BastokMark]: Escha - Zi'Tah Escha - Ru'Aun Reisenjima T1T2T3 ALL Item ABJ Telos Earring Reiki Yotai Do you need it? /tell Buy? 
[10:01:18] Executing logout in 5 seconds.
[10:01:18] Cancel healing to remain logged in.
[21:23:14] === Area: Port San d'Oria ===
[21:23:14] React: Loading File: react_THF.lua
[21:23:15] *****DP Job Selection:THF*****
[21:23:15] Mode: Default.
[21:23:16] Size already 20.
[21:23:16] ConsoleBG: Position changed! X: 15 Y: 50
[21:23:21] Genbi[BastokMine]: Dynamis - Bastok D Looking for members. @9/12
[21:23:21] <<< Welcome to Asura! >>>
[21:23:21] Announcing the winning numbers for the 20th Vana'versary Nomad Mog Bonanza!
[21:23:21] 
[21:23:21]  
[21:23:21] 
[21:23:21] Rank 3 prize: "7" (last digit)-- 20,471 winners.
[21:23:21] 
[21:23:21] Rank 2 prize: "04" (last two digits)-- 2,010 winners.
[21:23:21] 
[21:23:21] Rank 1 prize: "854" (all three digits)-- 185 winners.
[21:23:21] 
[21:23:21] *The number of winners for each prize is a combined total from all worlds.
[21:23:21] 
[21:23:21]  
[21:23:21] 
[21:23:21] Collection period: On July 14, 2022 at 1:00 (PDT) / 8:00 (GMT) to July 31, at 7:59 (PDT) / 14:59 (GMT)
[21:23:21] 
[21:23:21] Details on the prize can be confirmed by speaking to a Bonanza Moogle at one of the following locations:
[21:23:21] 
[21:23:21] Port San d'Oria (I-9) / Port Bastok (L-8) / Port Windurst (F-6) / Chocobo Circuit (H-8)
[21:23:22] You have undertaken the limited-time Records of Eminence challenge ‡²Vanquish Undead.‡³
[21:23:22] The July 2022 Login Campaign is currently underway!
[21:23:22] 
[21:23:22] In celebration of your most recent login (login no. 14), we have provided you with 100 points!
[21:23:22] You currently have a total of 3300 points.
[21:23:24] We hope you enjoy this complimentary little gift, courtesy of the citizens of Vana'diel!
[21:23:24] Obtained: Special gobbiedial key.
[21:23:26] Executing logout in 30 seconds.
[21:23:26] Cancel healing to remain logged in.
[21:23:30] Executing logout in 25 seconds.
[21:23:30] Cancel healing to remain logged in.
[21:23:30] Ksods[Mhaura]: Ambuscade V.1 VD Do you need it? 4M Buy?
[21:23:35] Executing logout in 20 seconds.
[21:23:35] Cancel healing to remain logged in.
[21:23:35] Redwoods[Norg]: *** Nisroch Jerkin * 50M or best offer * Giddeus Balga's Dais
[21:23:38] Eunnaa[PortBastok]: Ambuscade V.1 VD Do you need it? 4M Buy? /tell
[21:23:38] Erioll[RuLudeGard]: Dynamis - Jeuno D Middle Boss Clear Mind + 5k+ RP Do you need it? 1.5M /tell Starting in 9 mins
[21:23:40] Executing logout in 15 seconds.
[21:23:40] Cancel healing to remain logged in.
[21:23:45] Executing logout in 10 seconds.
[21:23:45] Cancel healing to remain logged in.
[21:23:50] Executing logout in 5 seconds.
[21:23:50] Cancel healing to remain logged in.
