[13:48:49] === Area: Port San d'Oria ===
[13:48:49] React: Loading File: react_THF.lua
[13:48:50] *****DP Job Selection:THF*****
[13:48:50] Mode: Default.
[13:48:51] Size already 20.
[13:48:51] ConsoleBG: Position changed! X: 15 Y: 50
[13:48:56] Yanran[LowJeuno]: Odyssey T3 Kalunga V0 Clear Mind Looking for COR BRD Heavy(SB DD). /tell Yanran @4 Thank you. LAST CALL
[13:48:57] <<< Welcome to Asura! >>>
[13:48:57] Announcing the winning numbers for the 20th Vana'versary Nomad Mog Bonanza!
[13:48:57] 
[13:48:57]  
[13:48:57] 
[13:48:57] Rank 3 prize: "7" (last digit)-- 20,471 winners.
[13:48:57] 
[13:48:57] Rank 2 prize: "04" (last two digits)-- 2,010 winners.
[13:48:57] 
[13:48:57] Rank 1 prize: "854" (all three digits)-- 185 winners.
[13:48:57] 
[13:48:57] *The number of winners for each prize is a combined total from all worlds.
[13:48:57] 
[13:48:57]  
[13:48:57] 
[13:48:57] Collection period: On July 14, 2022 at 1:00 (PDT) / 8:00 (GMT) to July 31, at 7:59 (PDT) / 14:59 (GMT)
[13:48:57] 
[13:48:57] Details on the prize can be confirmed by speaking to a Bonanza Moogle at one of the following locations:
[13:48:57] 
[13:48:57] Port San d'Oria (I-9) / Port Bastok (L-8) / Port Windurst (F-6) / Chocobo Circuit (H-8)
[13:48:58] You have undertaken the limited-time Records of Eminence challenge ｲMagic Damage Kills.ｳ
[13:48:58] The July 2022 Login Campaign is currently underway!
[13:48:58] 
[13:48:58] In celebration of your most recent login (login no. 13), we have provided you with 100 points!
[13:48:58] You currently have a total of 3200 points.
[13:48:59] We hope you enjoy this complimentary little gift, courtesy of the citizens of Vana'diel!
[13:48:59] Obtained: Special gobbiedial key.
[13:49:02] Fczjst[PSandOria]: Omen FU Shulmanu Collar Middleboss Do you need it? Buy?tell
Habitox : Oho, ya feelin' lucky 'nough tah takes a stab at da myst'ry box?
[13:49:04] Habitox : Oho, ya feelin' lucky 'nough tah takes a stab at da myst'ry box?
[13:49:04] Habitox : Oho, ya feelin' lucky 'nough tah takes a stab at da myst'ry box?
Habitox : Ya wanna open dat sucker up? Okay, but which dial ya be wantin'?
[13:49:05] Habitox : Ya wanna open dat sucker up? Okay, but which dial ya be wantin'?
[13:49:05] Habitox : Ya wanna open dat sucker up? Okay, but which dial ya be wantin'?
[13:49:08] Jenthesister[PortJeuno]: Master Level Capacity Points AoE Party Looking for members. Pld,run.cor,brd Can I have it? @3/6
Habitox : So ya be wantin' the special dial?M'kay, get yerself all steeled up, 'cause here we go! 'Member, no complaints!
[13:49:09] Habitox : So ya be wantin' the special dial?
[13:49:09] 　M'kay, get yerself all steeled up, 'cause here we go! 'Member, no complaints!
[13:49:09] Habitox : So ya be wantin' the special dial?
[13:49:09] 　M'kay, get yerself all steeled up, 'cause here we go! 'Member, no complaints!
Habitox : Dis box is full o' myst'ries,♪Dat span da realm's his'try,♪So whatcha gonna get from da chest...o'...uh, fortunery?♪
[13:49:10] Habitox : Dis box is full o' myst'ries,♪
[13:49:10] 　Dat span da realm's his'try,♪
[13:49:10] 　So whatcha gonna get from da chest...o'...uh, fortunery?♪
[13:49:10] Habitox : Dis box is full o' myst'ries,♪
[13:49:10] 　Dat span da realm's his'try,♪
[13:49:10] 　So whatcha gonna get from da chest...o'...uh, fortunery?♪
Habitox : Oooh, looks at what popped out! I hopes it makes yer adventures dat much more adventumarous!
[13:49:14] Habitox : Oooh, looks at what popped out! I hopes it makes yer adventures dat much more adventumarous!
[13:49:14] Habitox : Oooh, looks at what popped out! I hopes it makes yer adventures dat much more adventumarous!
[13:49:18] Obtained: Ponze of sardine chum.
[13:49:18] You have used 50 points of your daily tally!
[13:49:20] Annikkia[Mhaura]: riftborn boulders Can I have it? /tell price
[13:49:23] Executing logout in 30 seconds.
[13:49:23] Cancel healing to remain logged in.
[13:49:25] Ronstadt[Mhaura]: Master Level Party Crawlers' Nest [S] Looking for members. THF DNC COR SMN GEO SCH BLM RDMmb /tell @3/6
[13:49:27] Executing logout in 25 seconds.
[13:49:27] Cancel healing to remain logged in.
[13:49:32] Executing logout in 20 seconds.
[13:49:32] Cancel healing to remain logged in.
[13:49:36] Rsdgwrg : Buy And Sell FF11 Gil At  WVVW.P2PAH.COM   1000K =0.5$..nvm
[13:49:37] Executing logout in 15 seconds.
[13:49:37] Cancel healing to remain logged in.
[13:49:41] Fczjst[PSandOria]: Omen FU Shulmanu Collar Middleboss Do you need it? Buy?tell
[13:49:42] Executing logout in 10 seconds.
[13:49:42] Cancel healing to remain logged in.
[13:49:46] {Kamuro} /
[13:49:47] Executing logout in 5 seconds.
[13:49:47] Cancel healing to remain logged in.
