[08:21:30] === Area: Lower Jeuno ===
[08:21:30] React: Loading File: react_THF.lua
[08:21:31] *****DP Job Selection:THF*****
[08:21:31] Mode: Default.
[08:21:34] This area is currently affected by the Super Kupower: ｲBoundary Busterｳ!
[08:21:34] This area is currently affected by the Super Kupower: ｲBountiful Bazaarｳ!
[08:21:34] This area is currently affected by the Super Kupower: ｲCrystal Caboodleｳ!
[08:21:35] You have undertaken the limited-time Records of Eminence challenge ｲVanquish Lizards.ｳ
[08:21:35] The April 2021 Login Campaign is currently underway!
[08:21:35] 
[08:21:35] In celebration of your most recent login (login no. 11), we have provided you with 100 points!
[08:21:35] You currently have a total of 3000 points.
[08:21:36] <<< Welcome to Asura! >>>
[08:21:36] Announcing the winning numbers for the Early Spring Mog Bonanza 2021!
[08:21:36] 
[08:21:36]  
[08:21:36] 
[08:21:36] Rank 3 prize: "0" (last digit)-- 6413 winners.
[08:21:36] 
[08:21:36] Rank 2 prize: "37" (last two digits)-- 928 winners.
[08:21:36] 
[08:21:36] Rank 1 prize: "196" (all three digits)-- 88 winners.
[08:21:36] 
[08:21:36] *The number of winners for each prize is a combined total from all worlds.
[08:21:36] 
[08:21:36]  
[08:21:36] 
[08:21:36] Collection period: On April 12, 2021 at 1:00 (PDT) / 8:00 (GMT) to April 30, at 7:59 (PDT) / 14:59 (GMT)
[08:21:36] 
[08:21:36] Details on the prize can be confirmed by speaking to a Bonanza Moogle at one of the following locations:
[08:21:36] 
[08:21:36] Port San d'Oria (I-9) / Port Bastok (L-8) / Port Windurst (F-6) / Chocobo Circuit (H-8)
[08:21:39] We hope you enjoy this complimentary little gift, courtesy of the citizens of Vana'diel!
[08:21:39] Obtained: Dial key #Ab.
[08:21:44] >> /deliverybox
[08:21:44] ...A command error occurred.
[08:21:47] Executing logout in 30 seconds.
[08:21:47] Cancel healing to remain logged in.
[08:21:51] Executing logout in 25 seconds.
[08:21:51] Cancel healing to remain logged in.
Sweepstox : Oho, ya feelin' lucky 'nough tah takes a stab at da myst'ry box?
[08:21:55] Sweepstox : Oho, ya feelin' lucky 'nough tah takes a stab at da myst'ry box?
[08:21:55] Sweepstox : Oho, ya feelin' lucky 'nough tah takes a stab at da myst'ry box?
Sweepstox : Ya wanna open dat sucker up? Okay, but which dial ya be wantin'?
[08:21:56] Sweepstox : Ya wanna open dat sucker up? Okay, but which dial ya be wantin'?
[08:21:56] Sweepstox : Ya wanna open dat sucker up? Okay, but which dial ya be wantin'?
Sweepstox : So ya be wantin' the special dial?M'kay, get yerself all steeled up, 'cause here we go! 'Member, no complaints!
[08:21:59] Sweepstox : So ya be wantin' the special dial?
[08:21:59] 　M'kay, get yerself all steeled up, 'cause here we go! 'Member, no complaints!
[08:21:59] Sweepstox : So ya be wantin' the special dial?
[08:21:59] 　M'kay, get yerself all steeled up, 'cause here we go! 'Member, no complaints!
Sweepstox : Dis box is full o' myst'ries,♪Dat span da realm's his'try,♪So whatcha gonna get from da chest...o'...uh, fortunery?♪
[08:22:00] Sweepstox : Dis box is full o' myst'ries,♪
[08:22:00] 　Dat span da realm's his'try,♪
[08:22:00] 　So whatcha gonna get from da chest...o'...uh, fortunery?♪
[08:22:00] Sweepstox : Dis box is full o' myst'ries,♪
[08:22:00] 　Dat span da realm's his'try,♪
[08:22:00] 　So whatcha gonna get from da chest...o'...uh, fortunery?♪
Sweepstox : Oooh, looks at what popped out! I hopes it makes yer adventures dat much more adventumarous!
[08:22:04] Sweepstox : Oooh, looks at what popped out! I hopes it makes yer adventures dat much more adventumarous!
[08:22:04] Sweepstox : Oooh, looks at what popped out! I hopes it makes yer adventures dat much more adventumarous!
[08:22:06] Welcome, Feary!
[08:22:06] Did you know if you subscribe to Guildwork Premium (guildwork.com/premium) you can get cross-zone shouts, AH notifications, Bazaar notifications, Remote chat and more?
[08:22:07] Obtained: Wyvern skin.
[08:22:07] You have used 50 points of your daily tally!
[08:22:12] Moonlessmeadow[NSandOria]: Dynamis - JeunoD Wave1 2 midboss Clear Mind RP5K Buy?4M /tell
[08:22:16] Maatoo[PSandOria]: Dho Gates Crab 500/2.5m master/10m Fast Cast
[08:22:16] Executing logout in 30 seconds.
[08:22:16] Cancel healing to remain logged in.
[08:22:20] Executing logout in 25 seconds.
[08:22:20] Cancel healing to remain logged in.
[08:22:25] Executing logout in 20 seconds.
[08:22:25] Cancel healing to remain logged in.
[08:22:30] Executing logout in 15 seconds.
[08:22:30] Cancel healing to remain logged in.
[08:22:35] Executing logout in 10 seconds.
[08:22:35] Cancel healing to remain logged in.
[08:22:40] Executing logout in 5 seconds.
[08:22:40] Cancel healing to remain logged in.
