[16:59:11] === Area: Port San d'Oria ===
[16:59:11] *****DP Job Selection:THF*****
[16:59:11] Mode: Default.
[16:59:11] React: Loading File: react_THF.lua
[16:59:13] Size already 20.
[16:59:13] ConsoleBG: Position changed! X: 15 Y: 50
[16:59:18] <<< Welcome to Asura! >>>
[16:59:18] Announcing the winning numbers for the 20th Vana'versary Nomad Mog Bonanza!
[16:59:18] 
[16:59:18]  
[16:59:18] 
[16:59:18] Rank 3 prize: "7" (last digit)-- 20,471 winners.
[16:59:18] 
[16:59:18] Rank 2 prize: "04" (last two digits)-- 2,010 winners.
[16:59:18] 
[16:59:18] Rank 1 prize: "854" (all three digits)-- 185 winners.
[16:59:18] 
[16:59:18] *The number of winners for each prize is a combined total from all worlds.
[16:59:18] 
[16:59:18]  
[16:59:18] 
[16:59:18] Collection period: On July 14, 2022 at 1:00 (PDT) / 8:00 (GMT) to July 31, at 7:59 (PDT) / 14:59 (GMT)
[16:59:18] 
[16:59:18] Details on the prize can be confirmed by speaking to a Bonanza Moogle at one of the following locations:
[16:59:18] 
[16:59:18] Port San d'Oria (I-9) / Port Bastok (L-8) / Port Windurst (F-6) / Chocobo Circuit (H-8)
[16:59:19] You have undertaken the limited-time Records of Eminence challenge ‡²Spoils (Seals).‡³
[16:59:19] The July 2022 Login Campaign is currently underway!
[16:59:19] 
[16:59:19] In celebration of your most recent login (login no. 16), we have provided you with 100 points!
[16:59:19] You currently have a total of 3500 points.
[16:59:19] We hope you enjoy this complimentary little gift, courtesy of the citizens of Vana'diel!
[16:59:19] Obtained: Special gobbiedial key.
[16:59:27] Your square of scarlet linen cloth sold.
[16:59:28] Your square of scarlet linen cloth sold.
[16:59:29] Your square of scarlet linen cloth sold.
[16:59:30] Your square of scarlet linen cloth sold.
[16:59:32] Your square of scarlet linen cloth sold.
[16:59:32] Your square of scarlet linen cloth sold.
[16:59:33] Your square of scarlet linen cloth sold.
[16:59:33] Benoistndkugwui[PSandOria]:  ‚†‚†‚˜‚‰‚‚‚Œ.‚ƒ‚‚, GET FAST DELIVERY!šREMA/SU5/Item/gil/Gil/  Discount ->"vip05"
[16:59:53] Prada[PortBastok]: Odyssey Bumba, Arebati Xevioso V0 clear Do you need it? Buy? /tell
[16:59:59] Executing logout in 30 seconds.
[16:59:59] Cancel healing to remain logged in.
[17:00:02] Executing logout in 25 seconds.
[17:00:02] Cancel healing to remain logged in.
[17:00:08] Executing logout in 20 seconds.
[17:00:08] Cancel healing to remain logged in.
[17:00:13] Executing logout in 15 seconds.
[17:00:13] Cancel healing to remain logged in.
[17:00:18] Executing logout in 10 seconds.
[17:00:18] Cancel healing to remain logged in.
[17:00:23] Executing logout in 5 seconds.
[17:00:23] Cancel healing to remain logged in.
[17:00:23] Endone[Rabao]: Odyssey T3 NM Ongo V0 Clear Mind Do you need it? Buy? 7.5M /tell 
