[11:54:41] === Area: Port San d'Oria ===
[11:54:41] *****DP Job Selection:THF*****
[11:54:41] Mode: Default.
[11:54:41] React: Loading File: react_THF.lua
[11:54:43] Size already 20.
[11:54:43] ConsoleBG: Position changed! X: 15 Y: 50
[11:54:49] <<< Welcome to Asura! >>>
[11:54:49] Announcing the winning numbers for the 20th Vana'versary Nomad Mog Bonanza!
[11:54:49] 
[11:54:49]  
[11:54:49] 
[11:54:49] Rank 3 prize: "7" (last digit)-- 20,471 winners.
[11:54:49] 
[11:54:49] Rank 2 prize: "04" (last two digits)-- 2,010 winners.
[11:54:49] 
[11:54:49] Rank 1 prize: "854" (all three digits)-- 185 winners.
[11:54:49] 
[11:54:49] *The number of winners for each prize is a combined total from all worlds.
[11:54:49] 
[11:54:49]  
[11:54:49] 
[11:54:49] Collection period: On July 14, 2022 at 1:00 (PDT) / 8:00 (GMT) to July 31, at 7:59 (PDT) / 14:59 (GMT)
[11:54:49] 
[11:54:49] Details on the prize can be confirmed by speaking to a Bonanza Moogle at one of the following locations:
[11:54:49] 
[11:54:49] Port San d'Oria (I-9) / Port Bastok (L-8) / Port Windurst (F-6) / Chocobo Circuit (H-8)
[11:54:50] You have undertaken the limited-time Records of Eminence challenge ｲVanquish Arcana.ｳ
[11:54:50] The July 2022 Login Campaign is currently underway!
[11:54:50] 
[11:54:50] In celebration of your most recent login (login no. 17), we have provided you with 100 points!
[11:54:50] You currently have a total of 3600 points.
[11:54:50] We hope you enjoy this complimentary little gift, courtesy of the citizens of Vana'diel!
[11:54:50] Obtained: Special gobbiedial key.
[11:55:03] Masxiaosan[LowJeuno]: Telos Earring Reiki Yotai Do you need it? /tell Buy? 
[11:55:09] Odyesnm[BastokMine]: Odyssey T3 Ngai Clear Mind Do you need it? Buy? going 5 minues 
[11:55:17] Executing logout in 30 seconds.
[11:55:17] Cancel healing to remain logged in.
[11:55:21] Executing logout in 25 seconds.
[11:55:21] Cancel healing to remain logged in.
[11:55:25] Executing logout in 20 seconds.
[11:55:25] Cancel healing to remain logged in.
[11:55:28] Aoora[PortBastok]: Ambuscade V.1 VD Do you need it? Buy? 3m/run
[11:55:31] Executing logout in 15 seconds.
[11:55:31] Cancel healing to remain logged in.
[11:55:36] Executing logout in 10 seconds.
[11:55:36] Cancel healing to remain logged in.
[11:55:41] Executing logout in 5 seconds.
[11:55:41] Cancel healing to remain logged in.
[11:55:41] Kimgaeonic[BastokMark]: Aeonic/ioniッkuuェpon 3zone Clear Mind Do you need it? Buy? 50M /tell 1/4
[11:55:46] Shmilywowo[BastokMark]: Escha - Zi'Tah Escha - Ru'Aun Reiki Yotai T1T2T3 ALL Item ABJ Reiki Yotai Telos Earring Do you need it? /tell  
[12:05:53] === Area: Port San d'Oria ===
[12:05:53] *****DP Job Selection:THF*****
[12:05:53] Mode: Default.
[12:05:53] React: Loading File: react_THF.lua
[12:05:55] Size already 20.
[12:05:55] ConsoleBG: Position changed! X: 15 Y: 50
[12:06:00] <<< Welcome to Asura! >>>
[12:06:00] Announcing the winning numbers for the 20th Vana'versary Nomad Mog Bonanza!
[12:06:00] 
[12:06:00]  
[12:06:00] 
[12:06:00] Rank 3 prize: "7" (last digit)-- 20,471 winners.
[12:06:00] 
[12:06:00] Rank 2 prize: "04" (last two digits)-- 2,010 winners.
[12:06:00] 
[12:06:00] Rank 1 prize: "854" (all three digits)-- 185 winners.
[12:06:00] 
[12:06:00] *The number of winners for each prize is a combined total from all worlds.
[12:06:00] 
[12:06:00]  
[12:06:00] 
[12:06:00] Collection period: On July 14, 2022 at 1:00 (PDT) / 8:00 (GMT) to July 31, at 7:59 (PDT) / 14:59 (GMT)
[12:06:00] 
[12:06:00] Details on the prize can be confirmed by speaking to a Bonanza Moogle at one of the following locations:
[12:06:00] 
[12:06:00] Port San d'Oria (I-9) / Port Bastok (L-8) / Port Windurst (F-6) / Chocobo Circuit (H-8)
[12:06:09] Shmilywowo[BastokMark]: Escha - Zi'Tah Escha - Ru'Aun Reiki Yotai T1T2T3 ALL Item ABJ Reiki Yotai Telos Earring Do you need it? /tell  
[12:06:16] Executing logout in 30 seconds.
[12:06:16] Cancel healing to remain logged in.
[12:06:16] Kimgaeonic[BastokMark]: Aeonic/ioniッkuuェpon 3zone Clear Mind Do you need it? Buy? 50M /tell 1/4
[12:06:20] Executing logout in 25 seconds.
[12:06:20] Cancel healing to remain logged in.
[12:06:25] Executing logout in 20 seconds.
[12:06:25] Cancel healing to remain logged in.
[12:06:28] Masxiaosan[LowJeuno]: Telos Earring Reiki Yotai Do you need it? /tell Buy? 
[12:06:30] Executing logout in 15 seconds.
[12:06:30] Cancel healing to remain logged in.
[12:06:35] Executing logout in 10 seconds.
[12:06:35] Cancel healing to remain logged in.
[12:06:39] Iily[Whitegate]: znm T4 Sarameya Tinnin Tyger Item and win Do you need it? Buy?
[12:06:40] Executing logout in 5 seconds.
[12:06:40] Cancel healing to remain logged in.
