[16:10:26] === Area: Port San d'Oria ===
[16:10:26] *****DP Job Selection:WHM*****
[16:10:26] Mode: Magic.
[16:10:26]  White = Can not cast.
[16:10:26]  Green = Casting Range
[16:10:26] React: Loading File: react_WHM.lua
[16:10:28] Size already 20.
[16:10:28] ConsoleBG: Position changed! X: 15 Y: 50
[16:10:33] <<< Welcome to Asura! >>>
[16:10:33] Announcing the winning numbers for the 20th Vana'versary Nomad Mog Bonanza!
[16:10:33] 
[16:10:33]  
[16:10:33] 
[16:10:33] Rank 3 prize: "7" (last digit)-- 20,471 winners.
[16:10:33] 
[16:10:33] Rank 2 prize: "04" (last two digits)-- 2,010 winners.
[16:10:33] 
[16:10:33] Rank 1 prize: "854" (all three digits)-- 185 winners.
[16:10:33] 
[16:10:33] *The number of winners for each prize is a combined total from all worlds.
[16:10:33] 
[16:10:33]  
[16:10:33] 
[16:10:33] Collection period: On July 14, 2022 at 1:00 (PDT) / 8:00 (GMT) to July 31, at 7:59 (PDT) / 14:59 (GMT)
[16:10:33] 
[16:10:33] Details on the prize can be confirmed by speaking to a Bonanza Moogle at one of the following locations:
[16:10:33] 
[16:10:33] Port San d'Oria (I-9) / Port Bastok (L-8) / Port Windurst (F-6) / Chocobo Circuit (H-8)
[16:10:34] You have undertaken the limited-time Records of Eminence challenge ｲSpoils (Seals).ｳ
[16:10:34] The July 2022 Login Campaign is currently underway!
[16:10:34] 
[16:10:34] The maximum number of people are already participating in Unity chat. Please try again later.
[16:10:34] In celebration of your most recent login (login no. 16), we have provided you with 100 points!
[16:10:34] You currently have a total of 3500 points.
[16:10:34] We hope you enjoy this complimentary little gift, courtesy of the citizens of Vana'diel!
[16:10:34] Obtained: Special gobbiedial key.
Habitox : Oho, ya feelin' lucky 'nough tah takes a stab at da myst'ry box?
[16:10:40] Habitox : Oho, ya feelin' lucky 'nough tah takes a stab at da myst'ry box?
[16:10:40] Habitox : Oho, ya feelin' lucky 'nough tah takes a stab at da myst'ry box?
Habitox : Ya wanna open dat sucker up? Okay, but which dial ya be wantin'?
[16:10:42] Habitox : Ya wanna open dat sucker up? Okay, but which dial ya be wantin'?
[16:10:42] Habitox : Ya wanna open dat sucker up? Okay, but which dial ya be wantin'?
Habitox : So ya be wantin' the special dial?M'kay, get yerself all steeled up, 'cause here we go! 'Member, no complaints!
[16:10:45] Habitox : So ya be wantin' the special dial?
[16:10:45] 　M'kay, get yerself all steeled up, 'cause here we go! 'Member, no complaints!
[16:10:45] Habitox : So ya be wantin' the special dial?
[16:10:45] 　M'kay, get yerself all steeled up, 'cause here we go! 'Member, no complaints!
Habitox : Dis box is full o' myst'ries,♪Dat span da realm's his'try,♪So whatcha gonna get from da chest...o'...uh, fortunery?♪
[16:10:46] Habitox : Dis box is full o' myst'ries,♪
[16:10:46] 　Dat span da realm's his'try,♪
[16:10:46] 　So whatcha gonna get from da chest...o'...uh, fortunery?♪
[16:10:46] Habitox : Dis box is full o' myst'ries,♪
[16:10:46] 　Dat span da realm's his'try,♪
[16:10:46] 　So whatcha gonna get from da chest...o'...uh, fortunery?♪
[16:10:50] Benoistndkugwui[PSandOria]:  ｆｆｘｉｐａｌ.ｃｏｍ, GET FAST DELIVERY!★REMA/SU5/Item/gil/Gil/  Discount ->"vip05"
Habitox : Oooh, looks at what popped out! I hopes it makes yer adventures dat much more adventumarous!
[16:10:51] Habitox : Oooh, looks at what popped out! I hopes it makes yer adventures dat much more adventumarous!
[16:10:51] Habitox : Oooh, looks at what popped out! I hopes it makes yer adventures dat much more adventumarous!
[16:10:54] Obtained: Clump of wamoura hair.
[16:10:54] You have used 50 points of your daily tally!
[16:10:57] Lurchingbushpig[Norg]: Dung incoming Zilfalion
[16:10:59] Executing logout in 30 seconds.
[16:10:59] Cancel healing to remain logged in.
[16:11:03] Executing logout in 25 seconds.
[16:11:03] Cancel healing to remain logged in.
[16:11:08] Executing logout in 20 seconds.
[16:11:08] Cancel healing to remain logged in.
[16:11:13] Executing logout in 15 seconds.
[16:11:13] Cancel healing to remain logged in.
[16:11:17] Zilfalion[Mhaura]: t   y
[16:11:18] Executing logout in 10 seconds.
[16:11:18] Cancel healing to remain logged in.
[16:11:23] Executing logout in 5 seconds.
[16:11:23] Cancel healing to remain logged in.
[16:11:24] Benoistndkugwui[PSandOria]:  ｆｆｘｉｐａｌ.ｃｏｍ, GET FAST DELIVERY!★REMA/SU5/Item/gil/Gil/  Discount ->"vip05"
[16:11:28] Boghetti[Rabao]: Odyssey C Segments Farm Do you need it? 4/6 DD + Brd Can I have it?
