Loading Blist settings for Gonzaloo.
React: Loading File: react_WHM.lua
*****DP Job Selection:WHM*****
Mode: Magic.
 White = Can not cast.
 Green = Casting Range
Size already 20.
ConsoleBG: Position changed! X: 15 Y: 50
>> /deliverybox
...A command error occurred.
You have undertaken the limited-time Records of Eminence challenge ‡²Vanquish Arcana.‡³
The August 2022 Login Campaign is currently underway!
The maximum number of people are already participating in Unity chat. Please try again later.
In celebration of your most recent login (login no. 9), we have provided you with 100 points!You currently have a total of 1300 points.
<<< Welcome to Asura! >>>
¡Assist Channel added for New Players and Returnees! https://sqex.to/yLvfp


¡Vana'diel Doused with the August Version Update!


¡Sunbreeze Festival & Green Festival [until August 31 at 7:59 (PDT) / 14:59 (GMT) / 15:59 (BST)]


¡August 2022 Login Campaign [until September 2 at 7:00 (PDT) / 14:00 (GMT) / 15:00 (BST)]


¡Fun in the Sun Campaign [until August 31 at 7:59 (PDT) / 14:59 (GMT) / 15:59 (BST)]


¡Discount Campaign [until August 31 at 1:00 (PDT) / 8:00 (GMT) / 9:00 (BST)]


¡The Summer Alter Ego Extravaganza [until August 31 at 7:59 (PDT) / 14:59 (GMT) / 15:59 (BST)]


* Please refer to the official website for more details.
>> /deliverybox
...A command error occurred.
