Loading Blist settings for Gonzaloo.
React: Loading File: react_WHM.lua
*****DP Job Selection:WHM*****
Mode: Magic.
 White = Can not cast.
 Green = Casting Range
Size already 20.
ConsoleBG: Position changed! X: 15 Y: 50
You have undertaken the limited-time Records of Eminence challenge á≤Crack Treasure Caskets.á≥
This area is currently affected by the Super Kupower: á≤Thrifty Transitá≥!This area is currently affected by the Super Kupower: á≤Martial Masterá≥!This area is currently affected by the Super Kupower: á≤Dilatory Digestioná≥!
The maximum number of people are already participating in Unity chat. Please try again later.
The August 2022 Login Campaign is currently underway!
In celebration of your most recent login (login no. 6), we have provided you with 100 points!You currently have a total of 1000 points.
<<< Welcome to Asura! >>>
Å°Assist Channel added for New Players and Returnees! https://sqex.to/yLvfp


Å°Vana'diel Doused with the August Version Update!


Å°Sunbreeze Festival & Green Festival [until August 31 at 7:59 (PDT) / 14:59 (GMT) / 15:59 (BST)]


Å°August 2022 Login Campaign [until September 2 at 7:00 (PDT) / 14:00 (GMT) / 15:00 (BST)]


Å°Fun in the Sun Campaign [until August 22 at 0:59 (PDT) / 7:59 (GMT) / 8:59(BST)]


Å°Return Home to Vana'diel Campaign [until August 22 at 1:00 (PDT) / 8:00 (GMT) / 9:00 (BST)]


Å°Discount Campaign [until August 31 at 1:00 (PDT) / 8:00 (GMT) / 9:00 (BST)]


Å°The Summer Alter Ego Extravaganza [until August 31 at 7:59 (PDT) / 14:59 (GMT) / 15:59 (BST)]


* Please refer to the official website for more details.
