[21:11:43] === Area: Port San d'Oria ===
[21:11:43] React: Loading File: react_WHM.lua
[21:11:44] *****DP Job Selection:WHM*****
[21:11:44] Mode: Magic.
[21:11:44]  White = Can not cast.
[21:11:44]  Green = Casting Range
[21:11:46] Size already 20.
[21:11:46] ConsoleBG: Position changed! X: 15 Y: 50
[21:11:50] <<< Welcome to Asura! >>>
[21:11:50] Announcing the winning numbers for the 20th Vana'versary Nomad Mog Bonanza!
[21:11:50] 
[21:11:50]  
[21:11:50] 
[21:11:50] Rank 3 prize: "7" (last digit)-- 20,471 winners.
[21:11:50] 
[21:11:50] Rank 2 prize: "04" (last two digits)-- 2,010 winners.
[21:11:50] 
[21:11:50] Rank 1 prize: "854" (all three digits)-- 185 winners.
[21:11:50] 
[21:11:50] *The number of winners for each prize is a combined total from all worlds.
[21:11:50] 
[21:11:50]  
[21:11:50] 
[21:11:50] Collection period: On July 14, 2022 at 1:00 (PDT) / 8:00 (GMT) to July 31, at 7:59 (PDT) / 14:59 (GMT)
[21:11:50] 
[21:11:50] Details on the prize can be confirmed by speaking to a Bonanza Moogle at one of the following locations:
[21:11:50] 
[21:11:50] Port San d'Oria (I-9) / Port Bastok (L-8) / Port Windurst (F-6) / Chocobo Circuit (H-8)
[21:11:51] You have undertaken the limited-time Records of Eminence challenge ｲVanquish Undead.ｳ
[21:11:51] The July 2022 Login Campaign is currently underway!
[21:11:51] 
[21:11:51] In celebration of your most recent login (login no. 14), we have provided you with 100 points!
[21:11:51] You currently have a total of 3300 points.
[21:11:51] Leoniea synthesized a darksteel ingot.
[21:11:52] Masxiaosan[LowJeuno]: Telos Earring Reiki Yotai Do you need it? /tell Buy? 
[21:11:54] We hope you enjoy this complimentary little gift, courtesy of the citizens of Vana'diel!
[21:11:54] Obtained: Special gobbiedial key.
Habitox : Oho, ya feelin' lucky 'nough tah takes a stab at da myst'ry box?
[21:11:58] Habitox : Oho, ya feelin' lucky 'nough tah takes a stab at da myst'ry box?
[21:11:58] Habitox : Oho, ya feelin' lucky 'nough tah takes a stab at da myst'ry box?
[21:11:59] Spicyken[Mhaura]: You tellin me Shrimp fried this rice?
Habitox : Ya wanna open dat sucker up? Okay, but which dial ya be wantin'?
[21:11:59] Habitox : Ya wanna open dat sucker up? Okay, but which dial ya be wantin'?
[21:11:59] Habitox : Ya wanna open dat sucker up? Okay, but which dial ya be wantin'?
[21:11:59] Ronstadt[PortJeuno]: Dynamis - Bastok D WAVE 1-2 RP Treasure Bonus Area Looking for members. /tell @7/12
Habitox : So ya be wantin' the special dial?M'kay, get yerself all steeled up, 'cause here we go! 'Member, no complaints!
[21:12:02] Habitox : So ya be wantin' the special dial?
[21:12:02] 　M'kay, get yerself all steeled up, 'cause here we go! 'Member, no complaints!
[21:12:02] Habitox : So ya be wantin' the special dial?
[21:12:02] 　M'kay, get yerself all steeled up, 'cause here we go! 'Member, no complaints!
[21:12:02] Aoora[PortBastok]: Ambuscade V.1 VD Do you need it? 4m/run Buy?
Habitox : Dis box is full o' myst'ries,♪Dat span da realm's his'try,♪So whatcha gonna get from da chest...o'...uh, fortunery?♪
[21:12:03] Habitox : Dis box is full o' myst'ries,♪
[21:12:03] 　Dat span da realm's his'try,♪
[21:12:03] 　So whatcha gonna get from da chest...o'...uh, fortunery?♪
[21:12:03] Habitox : Dis box is full o' myst'ries,♪
[21:12:03] 　Dat span da realm's his'try,♪
[21:12:03] 　So whatcha gonna get from da chest...o'...uh, fortunery?♪
Habitox : Oooh, looks at what popped out! I hopes it makes yer adventures dat much more adventumarous!
[21:12:07] Habitox : Oooh, looks at what popped out! I hopes it makes yer adventures dat much more adventumarous!
[21:12:07] Habitox : Oooh, looks at what popped out! I hopes it makes yer adventures dat much more adventumarous!
[21:12:10] Obtained: Vial of the Tumult Curator's blood.
[21:12:10] You have used 50 points of your daily tally!
[21:12:13] Blkuyfvd[BastokMine]: Sell abyssea empy Weapon Shop Item LV80 85 90 Do you need it? /tell
[21:12:15] Executing logout in 30 seconds.
[21:12:15] Cancel healing to remain logged in.
[21:12:15] Eternalkaiser[PortJeuno]: U know it did
[21:12:19] Executing logout in 25 seconds.
[21:12:19] Cancel healing to remain logged in.
[21:12:24] Executing logout in 20 seconds.
[21:12:24] Cancel healing to remain logged in.
[21:12:29] Executing logout in 15 seconds.
[21:12:29] Cancel healing to remain logged in.
[21:12:31] Ksods[Mhaura]: Ambuscade V.1 VD Do you need it? 4M Buy?
[21:12:34] Executing logout in 10 seconds.
[21:12:34] Cancel healing to remain logged in.
[21:12:38] Eunnaa[PortBastok]: Ambuscade V.1 VD Do you need it? 4M Buy? /tell
[21:12:39] Executing logout in 5 seconds.
[21:12:39] Cancel healing to remain logged in.
