[08:10:44] === Area: Lower Jeuno ===
[08:10:44] React: Loading File: react_THF.lua
[08:10:46] *****DP Job Selection:THF*****
[08:10:46] Mode: Default.
[08:10:48] You have undertaken the limited-time Records of Eminence challenge ｲVanquish Lizards.ｳ
[08:10:50] This area is currently affected by the Super Kupower: ｲBoundary Busterｳ!
[08:10:50] This area is currently affected by the Super Kupower: ｲBountiful Bazaarｳ!
[08:10:50] This area is currently affected by the Super Kupower: ｲCrystal Caboodleｳ!
[08:10:50] The April 2021 Login Campaign is currently underway!
[08:10:50] 
[08:10:50] In celebration of your most recent login (login no. 11), we have provided you with 100 points!
[08:10:50] You currently have a total of 3000 points.
[08:10:51] <<< Welcome to Asura! >>>
[08:10:51] Announcing the winning numbers for the Early Spring Mog Bonanza 2021!
[08:10:51] 
[08:10:51]  
[08:10:51] 
[08:10:51] Rank 3 prize: "0" (last digit)-- 6413 winners.
[08:10:51] 
[08:10:51] Rank 2 prize: "37" (last two digits)-- 928 winners.
[08:10:51] 
[08:10:51] Rank 1 prize: "196" (all three digits)-- 88 winners.
[08:10:51] 
[08:10:51] *The number of winners for each prize is a combined total from all worlds.
[08:10:51] 
[08:10:51]  
[08:10:51] 
[08:10:51] Collection period: On April 12, 2021 at 1:00 (PDT) / 8:00 (GMT) to April 30, at 7:59 (PDT) / 14:59 (GMT)
[08:10:51] 
[08:10:51] Details on the prize can be confirmed by speaking to a Bonanza Moogle at one of the following locations:
[08:10:51] 
[08:10:51] Port San d'Oria (I-9) / Port Bastok (L-8) / Port Windurst (F-6) / Chocobo Circuit (H-8)
[08:10:54] We hope you enjoy this complimentary little gift, courtesy of the citizens of Vana'diel!
[08:10:54] Obtained: Dial key #Ab.
[08:10:55] Moonlessmeadow[NSandOria]: Dynamis - JeunoD Wave1 2 midboss Clear Mind RP5K Buy?4M /tell
Sweepstox : Oho, ya feelin' lucky 'nough tah takes a stab at da myst'ry box?
[08:11:06] Sweepstox : Oho, ya feelin' lucky 'nough tah takes a stab at da myst'ry box?
[08:11:06] Sweepstox : Oho, ya feelin' lucky 'nough tah takes a stab at da myst'ry box?
[08:11:06] Kimerzzb[SSandOria]: Aeonic Weapon 3zoneClear MindMercenaryDo you need it?Buy?/tell25M 2/5
Sweepstox : Ya wanna open dat sucker up? Okay, but which dial ya be wantin'?
[08:11:07] Sweepstox : Ya wanna open dat sucker up? Okay, but which dial ya be wantin'?
[08:11:07] Sweepstox : Ya wanna open dat sucker up? Okay, but which dial ya be wantin'?
Sweepstox : So ya be wantin' the special dial?M'kay, get yerself all steeled up, 'cause here we go! 'Member, no complaints!
[08:11:10] Sweepstox : So ya be wantin' the special dial?
[08:11:10] 　M'kay, get yerself all steeled up, 'cause here we go! 'Member, no complaints!
[08:11:10] Sweepstox : So ya be wantin' the special dial?
[08:11:10] 　M'kay, get yerself all steeled up, 'cause here we go! 'Member, no complaints!
Sweepstox : Dis box is full o' myst'ries,♪Dat span da realm's his'try,♪So whatcha gonna get from da chest...o'...uh, fortunery?♪
[08:11:11] Sweepstox : Dis box is full o' myst'ries,♪
[08:11:11] 　Dat span da realm's his'try,♪
[08:11:11] 　So whatcha gonna get from da chest...o'...uh, fortunery?♪
[08:11:11] Sweepstox : Dis box is full o' myst'ries,♪
[08:11:11] 　Dat span da realm's his'try,♪
[08:11:11] 　So whatcha gonna get from da chest...o'...uh, fortunery?♪
Sweepstox : Oooh, looks at what popped out! I hopes it makes yer adventures dat much more adventumarous!
[08:11:15] Sweepstox : Oooh, looks at what popped out! I hopes it makes yer adventures dat much more adventumarous!
[08:11:15] Sweepstox : Oooh, looks at what popped out! I hopes it makes yer adventures dat much more adventumarous!
[08:11:16] Maatoo[PSandOria]: Dho Gates Crab 500/2.5m master/10m Fast Cast
[08:11:18] Obtained: Alchemy kit 90.
[08:11:18] You have used 50 points of your daily tally!
[08:11:25] Ashikagaz[TavSafehld]: Odysseysegumento稼ぎ hiーraー1名Recruiting中です 5/6
[08:11:25] You throw away an alchemy kit 90.
[08:11:27] Gukiom[BastokMark]: Abyssea empy Weapon Shop Item LV80 85 90 Do you need it? Buy? /tell
[08:11:28] Executing logout in 30 seconds.
[08:11:28] Cancel healing to remain logged in.
[08:11:32] Executing logout in 25 seconds.
[08:11:32] Cancel healing to remain logged in.
[08:11:37] Executing logout in 20 seconds.
[08:11:37] Cancel healing to remain logged in.
[08:11:42] Executing logout in 15 seconds.
[08:11:42] Cancel healing to remain logged in.
[08:11:47] Executing logout in 10 seconds.
[08:11:47] Cancel healing to remain logged in.
[08:11:52] Executing logout in 5 seconds.
[08:11:52] Cancel healing to remain logged in.
[08:11:54] Welcome, Feary!
[08:11:54] Did you know if you subscribe to Guildwork Premium (guildwork.com/premium) you can get cross-zone shouts, AH notifications, Bazaar notifications, Remote chat and more?
[08:11:54] Add this character to Guildwork by typing /gw flush --add
