[11:35:54] === Area: Port San d'Oria ===
[11:35:54] *****DP Job Selection:WHM*****
[11:35:54] Mode: Magic.
[11:35:54]  White = Can not cast.
[11:35:54]  Green = Casting Range
[11:35:54] React: Loading File: react_WHM.lua
[11:35:56] Size already 20.
[11:35:56] ConsoleBG: Position changed! X: 15 Y: 50
[11:36:01] <<< Welcome to Asura! >>>
[11:36:01] Announcing the winning numbers for the 20th Vana'versary Nomad Mog Bonanza!
[11:36:01] 
[11:36:01]  
[11:36:01] 
[11:36:01] Rank 3 prize: "7" (last digit)-- 20,471 winners.
[11:36:01] 
[11:36:01] Rank 2 prize: "04" (last two digits)-- 2,010 winners.
[11:36:01] 
[11:36:01] Rank 1 prize: "854" (all three digits)-- 185 winners.
[11:36:01] 
[11:36:01] *The number of winners for each prize is a combined total from all worlds.
[11:36:01] 
[11:36:01]  
[11:36:01] 
[11:36:01] Collection period: On July 14, 2022 at 1:00 (PDT) / 8:00 (GMT) to July 31, at 7:59 (PDT) / 14:59 (GMT)
[11:36:01] 
[11:36:01] Details on the prize can be confirmed by speaking to a Bonanza Moogle at one of the following locations:
[11:36:01] 
[11:36:01] Port San d'Oria (I-9) / Port Bastok (L-8) / Port Windurst (F-6) / Chocobo Circuit (H-8)
[11:36:02] You have undertaken the limited-time Records of Eminence challenge ｲVanquish Arcana.ｳ
[11:36:02] The July 2022 Login Campaign is currently underway!
[11:36:02] 
[11:36:02] The maximum number of people are already participating in Unity chat. Please try again later.
[11:36:02] In celebration of your most recent login (login no. 17), we have provided you with 100 points!
[11:36:02] You currently have a total of 3600 points.
[11:36:02] We hope you enjoy this complimentary little gift, courtesy of the citizens of Vana'diel!
[11:36:02] Obtained: Special gobbiedial key.
[11:36:03] Shmilywowo[BastokMark]: Escha - Zi'Tah Escha - Ru'Aun Reiki Yotai T1T2T3 ALL Item ABJ Reiki Yotai Telos Earring Do you need it? /tell  
Habitox : Oho, ya feelin' lucky 'nough tah takes a stab at da myst'ry box?
[11:36:09] Habitox : Oho, ya feelin' lucky 'nough tah takes a stab at da myst'ry box?
[11:36:09] Habitox : Oho, ya feelin' lucky 'nough tah takes a stab at da myst'ry box?
Habitox : Ya wanna open dat sucker up? Okay, but which dial ya be wantin'?
[11:36:11] Habitox : Ya wanna open dat sucker up? Okay, but which dial ya be wantin'?
[11:36:11] Habitox : Ya wanna open dat sucker up? Okay, but which dial ya be wantin'?
Habitox : So ya be wantin' the special dial?M'kay, get yerself all steeled up, 'cause here we go! 'Member, no complaints!
[11:36:14] Habitox : So ya be wantin' the special dial?
[11:36:14] 　M'kay, get yerself all steeled up, 'cause here we go! 'Member, no complaints!
[11:36:14] Habitox : So ya be wantin' the special dial?
[11:36:14] 　M'kay, get yerself all steeled up, 'cause here we go! 'Member, no complaints!
Habitox : Dis box is full o' myst'ries,♪Dat span da realm's his'try,♪So whatcha gonna get from da chest...o'...uh, fortunery?♪
[11:36:15] Habitox : Dis box is full o' myst'ries,♪
[11:36:15] 　Dat span da realm's his'try,♪
[11:36:15] 　So whatcha gonna get from da chest...o'...uh, fortunery?♪
[11:36:15] Habitox : Dis box is full o' myst'ries,♪
[11:36:15] 　Dat span da realm's his'try,♪
[11:36:15] 　So whatcha gonna get from da chest...o'...uh, fortunery?♪
[11:36:16] Kimgaeonic[BastokMark]: Aeonic/ioniッkuuェpon 3zone Clear Mind Do you need it? Buy? 50M /tell 1/4
Habitox : Oooh, looks at what popped out! I hopes it makes yer adventures dat much more adventumarous!
[11:36:19] Habitox : Oooh, looks at what popped out! I hopes it makes yer adventures dat much more adventumarous!
[11:36:19] Habitox : Oooh, looks at what popped out! I hopes it makes yer adventures dat much more adventumarous!
[11:36:22] Masxiaosan[LowJeuno]: Telos Earring Reiki Yotai Do you need it? /tell Buy? 
[11:36:23] Obtained: Roast carp.
[11:36:23] You have used 50 points of your daily tally!
[11:36:29] Khris[Rabao]: Odyssey C Do you need it? 5/6 dd pst
[11:36:29] Executing logout in 30 seconds.
[11:36:29] Cancel healing to remain logged in.
[11:36:32] Executing logout in 25 seconds.
[11:36:32] Cancel healing to remain logged in.
[11:36:37] Executing logout in 20 seconds.
[11:36:37] Cancel healing to remain logged in.
[11:36:41] Avel[Norg]: ┏┳('Д')segmentsｃ １回いきませんかー？ Shield BRD SCHorWhite から２名Recruiting中ー
[11:36:42] Executing logout in 15 seconds.
[11:36:42] Cancel healing to remain logged in.
[11:36:43] Odyesnm[BastokMine]: Odyssey T3 Ngai Clear Mind Do you need it? Buy? going 5 minues 
[11:36:46] Aoora[PortBastok]: Ambuscade V.1 VD Do you need it? Buy? 3m/run
[11:36:47] Executing logout in 10 seconds.
[11:36:47] Cancel healing to remain logged in.
[11:36:52] Executing logout in 5 seconds.
[11:36:52] Cancel healing to remain logged in.
[11:36:54] Efx[Mhaura]: Ambuscade V1VD Do you need it? 2.5M/Run Buy? /tell
[11:36:57] Ksods[Mhaura]: Ambuscade V.1 VD Do you need it? 3M/runs Buy? /tell
