[17:03:27] === Area: Port San d'Oria ===
[17:03:28] *****DP Job Selection:WHM*****
[17:03:28] Mode: Magic.
[17:03:28]  White = Can not cast.
[17:03:28]  Green = Casting Range
[17:03:28] React: Loading File: react_WHM.lua
[17:03:30] Size already 20.
[17:03:30] ConsoleBG: Position changed! X: 15 Y: 50
[17:03:35] <<< Welcome to Asura! >>>
[17:03:35] Announcing the winning numbers for the 20th Vana'versary Nomad Mog Bonanza!
[17:03:35] 
[17:03:35]  
[17:03:35] 
[17:03:35] Rank 3 prize: "7" (last digit)-- 20,471 winners.
[17:03:35] 
[17:03:35] Rank 2 prize: "04" (last two digits)-- 2,010 winners.
[17:03:35] 
[17:03:35] Rank 1 prize: "854" (all three digits)-- 185 winners.
[17:03:35] 
[17:03:35] *The number of winners for each prize is a combined total from all worlds.
[17:03:35] 
[17:03:35]  
[17:03:35] 
[17:03:35] Collection period: On July 14, 2022 at 1:00 (PDT) / 8:00 (GMT) to July 31, at 7:59 (PDT) / 14:59 (GMT)
[17:03:35] 
[17:03:35] Details on the prize can be confirmed by speaking to a Bonanza Moogle at one of the following locations:
[17:03:35] 
[17:03:35] Port San d'Oria (I-9) / Port Bastok (L-8) / Port Windurst (F-6) / Chocobo Circuit (H-8)
[17:03:36] You have undertaken the limited-time Records of Eminence challenge ‡²Vanquish Vermin.‡³
[17:03:36] The July 2022 Login Campaign is currently underway!
[17:03:36] 
[17:03:36] In celebration of your most recent login (login no. 15), we have provided you with 100 points!
[17:03:36] You currently have a total of 3400 points.
[17:03:36] We hope you enjoy this complimentary little gift, courtesy of the citizens of Vana'diel!
[17:03:36] Obtained: Special gobbiedial key.
[17:03:56] Executing logout in 30 seconds.
[17:03:56] Cancel healing to remain logged in.
[17:04:00] Executing logout in 25 seconds.
[17:04:00] Cancel healing to remain logged in.
[17:04:05] Executing logout in 20 seconds.
[17:04:05] Cancel healing to remain logged in.
[17:04:07] Stigins[Rabao]: Odyssey(C) Segs Do you need it? LFM Tank @5/6
[17:04:10] Executing logout in 15 seconds.
[17:04:10] Cancel healing to remain logged in.
[17:04:15] Executing logout in 10 seconds.
[17:04:15] Cancel healing to remain logged in.
[17:04:20] Executing logout in 5 seconds.
[17:04:20] Cancel healing to remain logged in.
