[06:38:58] === Area: Port San d'Oria ===
[06:38:58] *****DP Job Selection:WHM*****
[06:38:58] Mode: Magic.
[06:38:58]  White = Can not cast.
[06:38:58]  Green = Casting Range
[06:38:58] React: Loading File: react_WHM.lua
[06:39:00] Size already 20.
[06:39:00] ConsoleBG: Position changed! X: 15 Y: 50
[06:39:05] Cooldogr[NSandOria]: Odysseyt1t2t3Arebati Kalunga Xevioso Ngai Mboze Ongo Bumba V0 Clear Mind Buy?
[06:39:05] <<< Welcome to Asura! >>>
[06:39:05] Announcing the winning numbers for the 20th Vana'versary Nomad Mog Bonanza!
[06:39:05] 
[06:39:05]  
[06:39:05] 
[06:39:05] Rank 3 prize: "7" (last digit)-- 20,471 winners.
[06:39:05] 
[06:39:05] Rank 2 prize: "04" (last two digits)-- 2,010 winners.
[06:39:05] 
[06:39:05] Rank 1 prize: "854" (all three digits)-- 185 winners.
[06:39:05] 
[06:39:05] *The number of winners for each prize is a combined total from all worlds.
[06:39:05] 
[06:39:05]  
[06:39:05] 
[06:39:05] Collection period: On July 14, 2022 at 1:00 (PDT) / 8:00 (GMT) to July 31, at 7:59 (PDT) / 14:59 (GMT)
[06:39:05] 
[06:39:05] Details on the prize can be confirmed by speaking to a Bonanza Moogle at one of the following locations:
[06:39:05] 
[06:39:05] Port San d'Oria (I-9) / Port Bastok (L-8) / Port Windurst (F-6) / Chocobo Circuit (H-8)
[06:39:06] You have undertaken the limited-time Records of Eminence challenge ｲVanquish Undead.ｳ
[06:39:06] This area is currently affected by the Super Kupower: ｲThrifty Transitｳ!
[06:39:06] This area is currently affected by the Super Kupower: ｲArtisan's Advantageｳ!
[06:39:06] This area is currently affected by the Super Kupower: ｲSwift Shoesｳ!
[06:39:06] The maximum number of people are already participating in Unity chat. Please try again later.
[06:39:06] The July 2022 Login Campaign is currently underway!
[06:39:06] 
[06:39:06] In celebration of your most recent login (login no. 19), we have provided you with 100 points!
[06:39:06] You currently have a total of 3800 points.
[06:39:06] We hope you enjoy this complimentary little gift, courtesy of the citizens of Vana'diel!
[06:39:06] Obtained: Special gobbiedial key.
[06:39:17] Jocror[BastokMark]: Tinnin Sarameya Tyger win Item all 3 Do you need it? Buy? /tell Thank you.
[06:39:21] Fczjse[PSandOria]: OmenFU Shulmanu Collar Niqmaddu Ring Middleboss Buy? tell
[06:39:23] Shmilywowo[BastokMark]: Escha - Zi'Tah Escha - Ru'Aun Reisenjima T1T2T3 ALL Item ABJ Telos Earring Reiki Yotai Do you need it? /tell Buy? 
[06:39:31] Masxiaosan[LowJeuno]: Telos Earring Reiki Yotai Do you need it? /tell Buy?  
[06:39:34] Aoora[PortBastok]: Ambuscade V.1 VD Do you need it? 3m/run Buy?
[06:39:36] Cooldogr[NSandOria]: Odysseyt1t2t3Arebati Kalunga Xevioso Ngai Mboze Ongo Bumba V0 Clear Mind Buy?
[06:39:46] Zatazma[PortBastok]: ZNM T4 Sarameya Tinnin Tyger Item win Do you need it? Buy? /tell
[06:40:01] Fczjse[PSandOria]: OmenFU Shulmanu Collar Niqmaddu Ring Middleboss Buy? tell
[06:40:05] Wukonk[Whitegate]: Tinnin Sarameya Tyger win Item all 3 Do you need it? /tell Thank you.
[06:40:07] Cooldogr[NSandOria]: Odysseyt1t2t3Arebati Kalunga Xevioso Ngai Mboze Ongo Bumba V0 Clear Mind Buy?
[06:40:18] Kimfaeonic[PortBastok]: Aeonic/ioniッkuuェpon 3zone Clear Mind Do you need it? Buy? 50M /tell 2/4
[06:40:25] Shmilywowo[BastokMark]: Escha - Zi'Tah Escha - Ru'Aun Reisenjima T1T2T3 ALL Item ABJ Telos Earring Reiki Yotai Do you need it? /tell Buy? 
[06:40:29] Odyeesnm[BastokMine]: Odyssey T4 Bumba T3 Ngai Mboze Xevioso Ongo Arebati Kalunag Clear Mind v0v1 Odyssey C SEG Buy?
[06:40:32] Masxiaosan[LowJeuno]: Telos Earring Reiki Yotai Do you need it? /tell Buy?  
[06:40:36] Blkuyfvd[BastokMine]: Sell abyssea empy Weapon Shop Item LV80 85 90 Do you need it? /tell
[06:40:38] Cooldogr[NSandOria]: Odysseyt1t2t3Arebati Kalunga Xevioso Ngai Mboze Ongo Bumba V0 Clear Mind Buy?
[06:40:41] Aoora[PortBastok]: Ambuscade V.1 VD Do you need it? 3m/run Buy?
[06:40:41] Fczjse[PSandOria]: OmenFU Shulmanu Collar Niqmaddu Ring Middleboss Buy? tell
[06:40:48] Zatazma[PortBastok]: ZNM T4 Sarameya Tinnin Tyger Item win Do you need it? Buy? /tell
[06:41:09] Cooldogr[NSandOria]: Odysseyt1t2t3Arebati Kalunga Xevioso Ngai Mboze Ongo Bumba V0 Clear Mind Buy?
[06:41:17] Jocror[BastokMark]: Tinnin Sarameya Tyger win Item all 3 Do you need it? Buy? /tell Thank you.
[06:41:21] Fczjse[PSandOria]: OmenFU Shulmanu Collar Niqmaddu Ring Middleboss Buy? tell
[06:41:27] Shmilywowo[BastokMark]: Escha - Zi'Tah Escha - Ru'Aun Reisenjima T1T2T3 ALL Item ABJ Telos Earring Reiki Yotai Do you need it? /tell Buy? 
[06:41:35] Masxiaosan[LowJeuno]: Telos Earring Reiki Yotai Do you need it? /tell Buy?  
[06:41:40] Cooldogr[NSandOria]: Odysseyt1t2t3Arebati Kalunga Xevioso Ngai Mboze Ongo Bumba V0 Clear Mind Buy?
[06:41:46] Aoora[PortBastok]: Ambuscade V.1 VD Do you need it? 3m/run Buy?
[06:41:48] Kimfaeonic[PortBastok]: Aeonic/ioniッkuuェpon 3zone Clear Mind Do you need it? Buy? 50M /tell 2/4
[06:41:50] Zatazma[PortBastok]: ZNM T4 Sarameya Tinnin Tyger Item win Do you need it? Buy? /tell
[06:41:53] Gonzaloo : bug gas/logout
[06:41:59] Bertrix[BastokMine]: SRTeam up?Looking for members.
[06:42:00] Fczjse[PSandOria]: OmenFU Shulmanu Collar Niqmaddu Ring Middleboss Buy? tell
[06:42:09] Executing logout in 30 seconds.
[06:42:09] Cancel healing to remain logged in.
[06:42:11] Cooldogr[NSandOria]: Odysseyt1t2t3Arebati Kalunga Xevioso Ngai Mboze Ongo Bumba V0 Clear Mind Buy?
[06:42:13] Executing logout in 25 seconds.
[06:42:13] Cancel healing to remain logged in.
[06:42:15] Wukonk[Whitegate]: Tinnin Sarameya Tyger win Item all 3 Do you need it? /tell Thank you.
[06:42:18] Executing logout in 20 seconds.
[06:42:18] Cancel healing to remain logged in.
[06:42:23] Executing logout in 15 seconds.
[06:42:23] Cancel healing to remain logged in.
[06:42:28] Executing logout in 10 seconds.
[06:42:28] Cancel healing to remain logged in.
[06:42:29] Shmilywowo[BastokMark]: Escha - Zi'Tah Escha - Ru'Aun Reisenjima T1T2T3 ALL Item ABJ Telos Earring Reiki Yotai Do you need it? /tell Buy? 
[06:42:30] Odyeesnm[BastokMine]: Odyssey T4 Bumba T3 Ngai Mboze Xevioso Ongo Arebati Kalunag Clear Mind v0v1 Odyssey C SEG Buy?
[06:42:33] Executing logout in 5 seconds.
[06:42:33] Cancel healing to remain logged in.
[06:42:36] Blkuyfvd[BastokMine]: Sell abyssea empy Weapon Shop Item LV80 85 90 Do you need it? /tell
[06:42:37] Masxiaosan[LowJeuno]: Telos Earring Reiki Yotai Do you need it? /tell Buy?  
[14:48:10] === Area: Port San d'Oria ===
[14:48:10] *****DP Job Selection:WHM*****
[14:48:10] Mode: Magic.
[14:48:10]  White = Can not cast.
[14:48:10]  Green = Casting Range
[14:48:10] React: Loading File: react_WHM.lua
[14:48:12] Size already 20.
[14:48:12] ConsoleBG: Position changed! X: 15 Y: 50
[14:48:16] <<< Welcome to Asura! >>>
[14:48:16] Announcing the winning numbers for the 20th Vana'versary Nomad Mog Bonanza!
[14:48:16] 
[14:48:16]  
[14:48:16] 
[14:48:16] Rank 3 prize: "7" (last digit)-- 20,471 winners.
[14:48:16] 
[14:48:16] Rank 2 prize: "04" (last two digits)-- 2,010 winners.
[14:48:16] 
[14:48:16] Rank 1 prize: "854" (all three digits)-- 185 winners.
[14:48:16] 
[14:48:16] *The number of winners for each prize is a combined total from all worlds.
[14:48:16] 
[14:48:16]  
[14:48:16] 
[14:48:16] Collection period: On July 14, 2022 at 1:00 (PDT) / 8:00 (GMT) to July 31, at 7:59 (PDT) / 14:59 (GMT)
[14:48:16] 
[14:48:16] Details on the prize can be confirmed by speaking to a Bonanza Moogle at one of the following locations:
[14:48:16] 
[14:48:16] Port San d'Oria (I-9) / Port Bastok (L-8) / Port Windurst (F-6) / Chocobo Circuit (H-8)
[14:48:18] You have undertaken the limited-time Records of Eminence challenge ｲMagic Damage Kills.ｳ
[14:48:18] This area is currently affected by the Super Kupower: ｲThrifty Transitｳ!
[14:48:18] This area is currently affected by the Super Kupower: ｲArtisan's Advantageｳ!
[14:48:18] This area is currently affected by the Super Kupower: ｲSwift Shoesｳ!
[14:48:18] The maximum number of people are already participating in Unity chat. Please try again later.
[14:48:18] The July 2022 Login Campaign is currently underway!
[14:48:18] 
[14:48:18] In celebration of your most recent login (login no. 20), we have provided you with 100 points!
[14:48:18] You currently have a total of 3900 points.
[14:48:18] We hope you enjoy this complimentary little gift, courtesy of the citizens of Vana'diel!
[14:48:18] Obtained: Special gobbiedial key.
[14:48:53] Dotoan[PortBastok]: Omen Kin Utu Ring Scale Do you need it? Buy? /tell
[14:48:58] Hanter[Whitegate]: ZNM T4 Sarameya Tinnin Tyger Item win Do you need it? Buy? /tell
[14:49:18] Jocror[BastokMark]: Tinnin Sarameya Tyger win Item all 3 Do you need it? Buy? /tell Thank you.
[14:49:20] Kimfaeonic[PortBastok]: Aeonic/ioniッkuuェpon ReisenjimaFull or HelmT4 x7 Clear Mind Buy? /tell
[14:49:28] Asbrandrnkldd[NSandOria]:  ｆｆｘｉｐａｌ.ｃｏｍ, GET FAST DELIVERY!★REMA/SU5/Item/gil/Gil/  Discount ->"vip05"
[14:50:00] Hanter[Whitegate]: ZNM T4 Sarameya Tinnin Tyger Item win Do you need it? Buy? /tell
[14:50:18] Dotoan[PortBastok]: Omen Kin Utu Ring Scale Do you need it? Buy? /tell
[14:50:39] Serpentdragon[RuLudeGard]: Master Level Party Crawlers' Nest [S] Do you need it? PLD,RUN,THF,COR,BRD, Can I have it? /tell 2/6
[14:50:50] Kimfaeonic[PortBastok]: Aeonic/ioniッkuuェpon ReisenjimaFull or HelmT4 x7 Clear Mind Buy? /tell
[14:50:54] Dotoan[PortBastok]: Omen Kin Utu Ring Scale Do you need it? Buy? /tell
[14:51:02] Hanter[Whitegate]: ZNM T4 Sarameya Tinnin Tyger Item win Do you need it? Buy? /tell
[14:51:18] Jocror[BastokMark]: Tinnin Sarameya Tyger win Item all 3 Do you need it? Buy? /tell Thank you.
[14:52:04] Hanter[Whitegate]: ZNM T4 Sarameya Tinnin Tyger Item win Do you need it? Buy? /tell
[14:52:20] Dotoan[PortBastok]: Omen Kin Utu Ring Scale Do you need it? Buy? /tell
[14:52:20] Kimfaeonic[PortBastok]: Aeonic/ioniッkuuェpon ReisenjimaFull or HelmT4 x7 Clear Mind Buy? /tell
[14:53:07] Hanter[Whitegate]: ZNM T4 Sarameya Tinnin Tyger Item win Do you need it? Buy? /tell
[14:53:18] Jocror[BastokMark]: Tinnin Sarameya Tyger win Item all 3 Do you need it? Buy? /tell Thank you.
[14:53:22] Dotoan[PortBastok]: Omen Kin Utu Ring Scale Do you need it? Buy? /tell
[14:53:26] Westlind[WindWalls]: Dynamis - WindurstD +3 unlock Do you need it? /tell @7/18 Leaving in a couple minutes.
[14:53:35] Serpentdragon[RuLudeGard]: Master Level Party Crawlers' Nest [S] Do you need it? PLD,RUN,BRD, Can I have it? /tell 4/6
[14:53:50] Kimfaeonic[PortBastok]: Aeonic/ioniッkuuェpon ReisenjimaFull or HelmT4 x7 Clear Mind Buy? /tell
[14:54:09] Hanter[Whitegate]: ZNM T4 Sarameya Tinnin Tyger Item win Do you need it? Buy? /tell
[14:54:24] Dotoan[PortBastok]: Omen Kin Utu Ring Scale Do you need it? Buy? /tell
[14:54:37] Serpentdragon[RuLudeGard]: Master Level Party Crawlers' Nest [S] Do you need it? PLD,RUN,BRD, Can I have it? /tell 4/6
[14:55:08] Serpentdragon[RuLudeGard]: Master Level Party Crawlers' Nest [S] Do you need it? PLD,RUN,BRD, Can I have it? /tell 4/6 Aeolian Edge Party
[14:55:09] Asbrandrnkldd[NSandOria]:  ｆｆｘｉｐａｌ.ｃｏｍ, GET FAST DELIVERY!★REMA/SU5/Item/gil/Gil/  Discount ->"vip05"
[14:55:11] Hanter[Whitegate]: ZNM T4 Sarameya Tinnin Tyger Item win Do you need it? Buy? /tell
[14:55:18] Jocror[BastokMark]: Tinnin Sarameya Tyger win Item all 3 Do you need it? Buy? /tell Thank you.
[14:55:20] Kimfaeonic[PortBastok]: Aeonic/ioniッkuuェpon ReisenjimaFull or HelmT4 x7 Clear Mind Buy? /tell
[14:55:27] Dotoan[PortBastok]: Omen Kin Utu Ring Scale Do you need it? Buy? /tell
[14:55:38] Executing logout in 30 seconds.
[14:55:38] Cancel healing to remain logged in.
[14:55:43] Executing logout in 25 seconds.
[14:55:43] Cancel healing to remain logged in.
[14:55:47] Executing logout in 20 seconds.
[14:55:47] Cancel healing to remain logged in.
[14:55:52] Executing logout in 15 seconds.
[14:55:52] Cancel healing to remain logged in.
[14:55:57] Executing logout in 10 seconds.
[14:55:57] Cancel healing to remain logged in.
[14:56:02] Executing logout in 5 seconds.
[14:56:02] Cancel healing to remain logged in.
