[13:30:32] === Area: Port San d'Oria ===
[13:30:32] React: Loading File: react_WHM.lua
[13:30:33] *****DP Job Selection:WHM*****
[13:30:33] Mode: Magic.
[13:30:33]  White = Can not cast.
[13:30:33]  Green = Casting Range
[13:30:34] Size already 20.
[13:30:34] ConsoleBG: Position changed! X: 15 Y: 50
[13:30:38] <<< Welcome to Asura! >>>
[13:30:38] Announcing the winning numbers for the 20th Vana'versary Nomad Mog Bonanza!
[13:30:38] 
[13:30:38]  
[13:30:38] 
[13:30:38] Rank 3 prize: "7" (last digit)-- 20,471 winners.
[13:30:38] 
[13:30:38] Rank 2 prize: "04" (last two digits)-- 2,010 winners.
[13:30:38] 
[13:30:38] Rank 1 prize: "854" (all three digits)-- 185 winners.
[13:30:38] 
[13:30:38] *The number of winners for each prize is a combined total from all worlds.
[13:30:38] 
[13:30:38]  
[13:30:38] 
[13:30:38] Collection period: On July 14, 2022 at 1:00 (PDT) / 8:00 (GMT) to July 31, at 7:59 (PDT) / 14:59 (GMT)
[13:30:38] 
[13:30:39] Details on the prize can be confirmed by speaking to a Bonanza Moogle at one of the following locations:
[13:30:39] 
[13:30:39] Port San d'Oria (I-9) / Port Bastok (L-8) / Port Windurst (F-6) / Chocobo Circuit (H-8)
[13:30:40] You have undertaken the limited-time Records of Eminence challenge ｲMagic Damage Kills.ｳ
[13:30:40] The July 2022 Login Campaign is currently underway!
[13:30:40] 
[13:30:40] The maximum number of people are already participating in Unity chat. Please try again later.
[13:30:40] In celebration of your most recent login (login no. 13), we have provided you with 100 points!
[13:30:40] You currently have a total of 3200 points.
[13:30:42] We hope you enjoy this complimentary little gift, courtesy of the citizens of Vana'diel!
[13:30:42] Obtained: Special gobbiedial key.
[13:31:00] Rsdgwrg : Buy And Sell FF11 Gil At  WVVW.P2PAH.COM   1000K =0.5$..ukl
[13:31:02] Fczjst[PSandOria]: Omen FU Shulmanu Collar Middleboss Do you need it? Buy?tell
[13:31:06] Kimcaeonic[BastokMine]: Aeonic/ioniッkuuェpon ReisenjimaFull or HelmT4 x7 Clear Mind Buy? /tell
Habitox : Oho, ya feelin' lucky 'nough tah takes a stab at da myst'ry box?
[13:31:06] Habitox : Oho, ya feelin' lucky 'nough tah takes a stab at da myst'ry box?
[13:31:06] Habitox : Oho, ya feelin' lucky 'nough tah takes a stab at da myst'ry box?
Habitox : Ya wanna open dat sucker up? Okay, but which dial ya be wantin'?
[13:31:07] Habitox : Ya wanna open dat sucker up? Okay, but which dial ya be wantin'?
[13:31:07] Habitox : Ya wanna open dat sucker up? Okay, but which dial ya be wantin'?
Habitox : So ya be wantin' the special dial?M'kay, get yerself all steeled up, 'cause here we go! 'Member, no complaints!
[13:31:11] Habitox : So ya be wantin' the special dial?
[13:31:11] 　M'kay, get yerself all steeled up, 'cause here we go! 'Member, no complaints!
[13:31:11] Habitox : So ya be wantin' the special dial?
[13:31:11] 　M'kay, get yerself all steeled up, 'cause here we go! 'Member, no complaints!
Habitox : Dis box is full o' myst'ries,♪Dat span da realm's his'try,♪So whatcha gonna get from da chest...o'...uh, fortunery?♪
[13:31:12] Habitox : Dis box is full o' myst'ries,♪
[13:31:12] 　Dat span da realm's his'try,♪
[13:31:12] 　So whatcha gonna get from da chest...o'...uh, fortunery?♪
[13:31:12] Habitox : Dis box is full o' myst'ries,♪
[13:31:12] 　Dat span da realm's his'try,♪
[13:31:12] 　So whatcha gonna get from da chest...o'...uh, fortunery?♪
Habitox : Oooh, looks at what popped out! I hopes it makes yer adventures dat much more adventumarous!
[13:31:16] Habitox : Oooh, looks at what popped out! I hopes it makes yer adventures dat much more adventumarous!
[13:31:16] Habitox : Oooh, looks at what popped out! I hopes it makes yer adventures dat much more adventumarous!
[13:31:20] Obtained: Clothcraft kit 60.
[13:31:20] You have used 50 points of your daily tally!
[13:31:35] Dvorn[PortBastok]: Ou neck Can I have it? Please assist.
[13:31:42] Fczjst[PSandOria]: Omen FU Shulmanu Collar Middleboss Do you need it? Buy?tell
[13:31:50] Rsdgwrg : Buy And Sell FF11 Gil At  WVVW.P2PAH.COM   1000K =0.5$..ayq
[13:32:06] Executing logout in 30 seconds.
[13:32:06] Cancel healing to remain logged in.
[13:32:09] Executing logout in 25 seconds.
[13:32:09] Cancel healing to remain logged in.
[13:32:10] Vifa[Mhaura]: Ambuscade１VD １Battle4MDo you need it?Buy?Tell
[13:32:15] Executing logout in 20 seconds.
[13:32:15] Cancel healing to remain logged in.
[13:32:20] Executing logout in 15 seconds.
[13:32:20] Cancel healing to remain logged in.
[13:32:22] Fczjst[PSandOria]: Omen FU Shulmanu Collar Middleboss Do you need it? Buy?tell
[13:32:23] Aeschreaskytpse[SSandOria]:  ｆｆｘｉｐａｌ.ｃｏｍ, GET FAST DELIVERY!★REMA/SU5/Item/gil/Gil/  Discount ->"July2022"
[13:32:24] Executing logout in 10 seconds.
[13:32:24] Cancel healing to remain logged in.
[13:32:29] Executing logout in 5 seconds.
[13:32:29] Cancel healing to remain logged in.
