Bigdaddyrick pokes Masinmanci.
Halala blushes in embarrassment.
Kansa : /

Jenky : Job cards Do you need it? 2 spots open

Berzirk examines you.
Berzirk begins to browse the merchandise in your bazaar.
Berzirk leaves your bazaar.
The power of your vorseal wanes...
Samoj examines you.
Samoj begins to browse the merchandise in your bazaar.
Samoj leaves your bazaar.
Jerynh examines you.
Jerynh dozes off quietly.
Straywaterball examines you.
=== Area: Reisenjima ===
Loading Blist settings for Helyah.
React: Loading File: react_WHM.lua
*****DP Job Selection:WHM*****
Mode: Magic.
 White = Can not cast.
 Green = Casting Range
Size already 20.
ConsoleBG: Position changed! X: 15 Y: 50
Loaded WHM Battlemod filters
You have undertaken the limited-time Records of Eminence challenge ｲVanquish Beasts.ｳ
The maximum number of people are already participating in Unity chat. Please try again later.
<<< Welcome to Asura! >>>
On Aug. 9, 2022 22:00 to Aug. 10, 2022 2:00 (PDT) / Aug. 10, 2022 from 5:00 to 9:00 (GMT) / Aug. 10, 2022 from 6:00 to 10:00 (BST), we will be performing maintenance on all Worlds. During the maintenance, FINAL FANTASY XI will be unavailable. Please be aware that once maintenance begins, you will be automatically logged out of the server. See the Information section for more details.
[1]< VanillaForLyfe: Bigtymer >
Let's get that Sortie bread! #RespectTOS (Jul. 30, 2022 2:57:11am)
Coelestrox : Look at list, please.
Coelestrox : Look at list, please.
Coelestrox : Look at list, please.
Xshion pokes Areuhat.
Station waves to Areuhat.
Station heats up.
Station salutes Gorooo.
Katebi : Bard Do you need it?

Leptwo bows courteously to Katebi.
Leptwo bows courteously to Katebi.
Depressedbagel : too many people in queue solo.

Depressedbagel : seems like your not in a pt.

Katebi : to be fair i tried to join multiple shouts queing solo made more seems

Katebi : sense* now i get all the astrals =) Mhaura

Depressedbagel : Our alliance leader said he invited you like 3 times

Katebi : i was qued for 5 pages by then ^^ its all good was more trolling im board Good luck!

Annasion : Katebi youve had an invite to our alliance. dont play martyr. 

Loading Blist settings for Helyah.
=== Area: Reisenjima ===
React: Loading File: react_WHM.lua
*****DP Job Selection:WHM*****
Mode: Magic.
 White = Can not cast.
 Green = Casting Range
Size already 20.
ConsoleBG: Position changed! X: 15 Y: 50
Loaded WHM Battlemod filters
<<< Welcome to Asura! >>>
On Aug. 9, 2022 22:00 to Aug. 10, 2022 2:00 (PDT) / Aug. 10, 2022 from 5:00 to 9:00 (GMT) / Aug. 10, 2022 from 6:00 to 10:00 (BST), we will be performing maintenance on all Worlds. During the maintenance, FINAL FANTASY XI will be unavailable. Please be aware that once maintenance begins, you will be automatically logged out of the server. See the Information section for more details.
[1]< VanillaForLyfe: Bigtymer >
Let's get that Sortie bread! #RespectTOS (Jul. 30, 2022 2:57:11am)
Coelestrox : Look at list, please.
Coelestrox : Look at list, please.
Coelestrox : Look at list, please.
{Sylvie} Uh-oh! He's here! That Quetzalcoatl guy's showed up in Reisenjima around ?-?, and he seems super duper mad.
findAll: Searching: :Helyah whm
findAll: Helyah/inventory: P. WHM Card (18)
findAll: Total: 18
>>Naeh : why you seeking fo?
Flixx: <BRD/WHM>
Flixx's title: Brulo Extinguisher
 [all songs] nil
 [song effect duration] nil
 [fast cast] 21/80
 [song spellcasting time] nil
Annasion: <WAR/DRG>
 [store tp] 15
 [double attack] 21
Annasion's title: Kin Kicker
 [triple attack] 2
 [quadruple attack] nil
 [weapon skill damage] 7
{Sylvie} Oh wow, good job, everyone! That Quetzalcoatl guy in Reisenjima is all beaten up. I think we won! Yay!
{Sylvie} Currently, we have taken down 10300 monsters in a row, which gives us a not-so-shabby total of 117919 monsters defeated.
>>Annasion : you need cards?
Dortwo: <BRD/NIN>
 [all songs] 4
 [song effect duration] 5
 [fast cast] 28/80
Dortwo's title: Solar Sage
 [song spellcasting time] nil
Annasion>> im in a group waiting to go in, ty tho

>>Annasion : oh a traitor! lol
Katebi enjoys a spanish poking

>>Annasion : you use to pt with me all the time T.T
{Sylvie} Okay, everyone! I just had the weirdest vision. In the next 10 minutes, somebody called ｲAzi Dahakaｳ will be showing up in Escha - Zi'Tah, somewhere around H-8! Is that good?
Annasion>> did i? lol

>>Annasion : yes ; ;
>>Annasion : war Do you need it?
>>Annasion : that was you
Katebi wonders if 2 pages taking forever is duo to people soloing 

Annasion>> sorry I can't remember lol. i have partied with many!

>>Annasion : itj was last week with omen cards XD  its not that long agaon XD
Annasion>> i didnt do omen last week.

>>Annasion : fine two weeks ago
You are currently number 708 in line, with 692 in front of you.
Annasion>> I havent done it for a good few weeks lol..

Annasion>> think maybe you have a different person in mind

{Sylvie} There appears to be a unit separate from Azi Dahaka out there. Please head to Escha - Zi'Tah (H-8) and investigate.
Poppadom dozes off quietly.
{Sylvie} Uh-oh! He's here! That Azi Dahaka guy's showed up in Escha - Zi'Tah around H-8, and he seems super duper mad.
{Sylvie} Oh wow, good job, everyone! That Azi Dahaka guy in Escha - Zi'Tah is all beaten up. I think we won! Yay!
{Sylvie} Currently, we have taken down 10301 monsters in a row, which gives us a not-so-shabby total of 117920 monsters defeated.
{Sylvie} Okay, everyone! I just had the weirdest vision. In the next 10 minutes, somebody called ｲNaga Rajaｳ will be showing up in Escha - Ru'Aun, somewhere around H-9! Is that good?
{Ontar} .

You have undertaken the limited-time Records of Eminence challenge ｲVanquish Undead.ｳ
{Sylvie} There appears to be a unit separate from Naga Raja out there. Please head to Escha - Ru'Aun (H-9) and investigate.
{Calcan} .

{Calcan} .

{Sylvie} Uh-oh! He's here! That Naga Raja guy's showed up in Escha - Ru'Aun around H-9, and he seems super duper mad.
{Sylvie} Oh wow, good job, everyone! That Naga Raja guy in Escha - Ru'Aun is all beaten up. I think we won! Yay!
{Sylvie} Currently, we have taken down 10302 monsters in a row, which gives us a not-so-shabby total of 117921 monsters defeated.
{Sylvie} Okay, everyone! I just had the weirdest vision. In the next 10 minutes, somebody called ｲQuetzalcoatlｳ will be showing up in Reisenjima, somewhere around ?-?! Is that good?
{Sylvie} There appears to be a unit separate from Quetzalcoatl out there. Please head to Reisenjima (?-?) and investigate.
{Sylvie} Uh-oh! He's here! That Quetzalcoatl guy's showed up in Reisenjima around ?-?, and he seems super duper mad.
{Xshion} .

{Sylvie} Oh wow, good job, everyone! That Quetzalcoatl guy in Reisenjima is all beaten up. I think we won! Yay!
{Sylvie} Currently, we have taken down 10303 monsters in a row, which gives us a not-so-shabby total of 117922 monsters defeated.
{Bersa} .

{Aevir} .

{Sylvie} Okay, everyone! I just had the weirdest vision. In the next 10 minutes, somebody called ｲAzi Dahakaｳ will be showing up in Escha - Zi'Tah, somewhere around H-8! Is that good?
{Zeku} /

Garthpsi examines you.
Garthpsi begins to browse the merchandise in your bazaar.
Garthpsi leaves your bazaar.
{Eriomm} .

{Sylvie} There appears to be a unit separate from Azi Dahaka out there. Please head to Escha - Zi'Tah (H-8) and investigate.
{Valour} .

Efx : anyone want in for card farm? we got 3 spots

{Sylvie} Uh-oh! He's here! That Azi Dahaka guy's showed up in Escha - Zi'Tah around H-8, and he seems super duper mad.
Reving : who want that card farm fam

Molyoly : shut up and get off my queue

Efx : no

{Dua} /

Univarsity : lol

{Sylvie} Oh wow, good job, everyone! That Azi Dahaka guy in Escha - Zi'Tah is all beaten up. I think we won! Yay!
{Sylvie} Currently, we have taken down 10304 monsters in a row, which gives us a not-so-shabby total of 117923 monsters defeated.
Acestalker : Anyone here know what dmg type Gabbrants are?

Acestalker : Gabbrath*

{Sylvie} Okay, everyone! I just had the weirdest vision. In the next 10 minutes, somebody called ｲNaga Rajaｳ will be showing up in Escha - Ru'Aun, somewhere around H-9! Is that good?
{Nlk} /

{Sylvie} Did you know that the geomantic luopans used to be a lot bigger? They've only started miniaturizing them a few decades ago. You used to have to wield it over your shoulder and make sure nobody was behind you before using it.
{Sylvie} There appears to be a unit separate from Naga Raja out there. Please head to Escha - Ru'Aun (H-9) and investigate.
{Sylvie} Uh-oh! He's here! That Naga Raja guy's showed up in Escha - Ru'Aun around H-9, and he seems super duper mad.
{Pakhet} /

{Sylvie} Oh wow, good job, everyone! That Naga Raja guy in Escha - Ru'Aun is all beaten up. I think we won! Yay!
{Sylvie} Currently, we have taken down 10305 monsters in a row, which gives us a not-so-shabby total of 117924 monsters defeated.
{Sylvie} Okay, everyone! I just had the weirdest vision. In the next 10 minutes, somebody called ｲQuetzalcoatlｳ will be showing up in Reisenjima, somewhere around ?-?! Is that good?
{Thut} 1

Luckicat slaps Eriomm.
Luckicat slaps Stigins.
{Alvinho} i

Suede - sleep
{Zhain} ,

{Zhain} .

Alzitah examines you.
Alzitah begins to browse the merchandise in your bazaar.
Alzitah leaves your bazaar.
{Damages} 42

{Damages} 42

{Sylvie} There appears to be a unit separate from Quetzalcoatl out there. Please head to Reisenjima (?-?) and investigate.
{Norcrust} j

{Sylvie} Uh-oh! He's here! That Quetzalcoatl guy's showed up in Reisenjima around ?-?, and he seems super duper mad.
{Rous} あ

{Sylvie} Oh wow, good job, everyone! That Quetzalcoatl guy in Reisenjima is all beaten up. I think we won! Yay!
{Sylvie} Currently, we have taken down 10306 monsters in a row, which gives us a not-so-shabby total of 117925 monsters defeated.
{Nuit} /

{Sylvie} Okay, everyone! I just had the weirdest vision. In the next 10 minutes, somebody called ｲAzi Dahakaｳ will be showing up in Escha - Zi'Tah, somewhere around H-8! Is that good?
{Tamakov} .

{Paoran} 、

Reving pokes Meekriot.
{Carcemilin} .

{Sylvie} There appears to be a unit separate from Azi Dahaka out there. Please head to Escha - Zi'Tah (H-8) and investigate.
{Osola} .

{Frooty} .

{Sylvie} Uh-oh! He's here! That Azi Dahaka guy's showed up in Escha - Zi'Tah around H-8, and he seems super duper mad.
{Sylvie} Oh wow, good job, everyone! That Azi Dahaka guy in Escha - Zi'Tah is all beaten up. I think we won! Yay!
{Sylvie} Currently, we have taken down 10307 monsters in a row, which gives us a not-so-shabby total of 117926 monsters defeated.
{Terrythehut} .

{Sylvie} Okay, everyone! I just had the weirdest vision. In the next 10 minutes, somebody called ｲNaga Rajaｳ will be showing up in Escha - Ru'Aun, somewhere around H-9! Is that good?
{Sylvie} There appears to be a unit separate from Naga Raja out there. Please head to Escha - Ru'Aun (H-9) and investigate.
{Miakisu} /

{Sylvie} Uh-oh! He's here! That Naga Raja guy's showed up in Escha - Ru'Aun around H-9, and he seems super duper mad.
Follow canceled.
{Sylvie} Oh wow, good job, everyone! That Naga Raja guy in Escha - Ru'Aun is all beaten up. I think we won! Yay!
{Sylvie} Currently, we have taken down 10308 monsters in a row, which gives us a not-so-shabby total of 117927 monsters defeated.
findAll: Searching: :Helyah bole
findAll: You have no items that match 'bole' on the specified characters.
{Sylvie} Okay, everyone! I just had the weirdest vision. In the next 10 minutes, somebody called ｲQuetzalcoatlｳ will be showing up in Reisenjima, somewhere around ?-?! Is that good?
{Sylvie} There appears to be a unit separate from Quetzalcoatl out there. Please head to Reisenjima (?-?) and investigate.
{Sylvie} Uh-oh! He's here! That Quetzalcoatl guy's showed up in Reisenjima around ?-?, and he seems super duper mad.
{Sylvie} Oh wow, good job, everyone! That Quetzalcoatl guy in Reisenjima is all beaten up. I think we won! Yay!
{Sylvie} Currently, we have taken down 10309 monsters in a row, which gives us a not-so-shabby total of 117928 monsters defeated.
{Sylvie} Okay, everyone! I just had the weirdest vision. In the next 10 minutes, somebody called ｲAzi Dahakaｳ will be showing up in Escha - Zi'Tah, somewhere around H-8! Is that good?
{Yopin} 。

{Sylvie} There appears to be a unit separate from Azi Dahaka out there. Please head to Escha - Zi'Tah (H-8) and investigate.
{Sylvie} Uh-oh! He's here! That Azi Dahaka guy's showed up in Escha - Zi'Tah around H-8, and he seems super duper mad.
{Sylvie} Oh wow, good job, everyone! That Azi Dahaka guy in Escha - Zi'Tah is all beaten up. I think we won! Yay!
{Sylvie} Currently, we have taken down 10310 monsters in a row, which gives us a not-so-shabby total of 117929 monsters defeated.
{Sylvie} Okay, everyone! I just had the weirdest vision. In the next 10 minutes, somebody called ｲNaga Rajaｳ will be showing up in Escha - Ru'Aun, somewhere around H-9! Is that good?
{Markforest} 、

Carnivorall : /

{Pretender} Hello!

{Sylvie} I'm no good at elemental magic. It'd be so nice to be able to go to Windurst one day to learn from the masters...
{Stephaniemarie} /

{Amana} .

{Karonen} Hello!

{Dreyvian} .

Slowbro : Right over there officer..

Mithranxia waves to Makenshii.
{Sylvie} There appears to be a unit separate from Naga Raja out there. Please head to Escha - Ru'Aun (H-9) and investigate.
{Sylvie} Uh-oh! He's here! That Naga Raja guy's showed up in Escha - Ru'Aun around H-9, and he seems super duper mad.
Gottlieb : Cheerio! Pardon me. Would have have any Grey Poupon?

{Sylvie} Oh wow, good job, everyone! That Naga Raja guy in Escha - Ru'Aun is all beaten up. I think we won! Yay!
{Sylvie} Currently, we have taken down 10311 monsters in a row, which gives us a not-so-shabby total of 117930 monsters defeated.
Mithranxia : I've got Blue Poopon!

Acestalker : I've got brown poutine

{Leeminho} Hello!

Gottlieb : Leroy!

Gottlieb : Aussie Aussie Aussie Oi Oi Oi!

Gottlieb : Reisenjima is full of organic canabis!

Gottlieb : Aussie Aussie Aussie Oi Oi Oi!

{Sylvie} Okay, everyone! I just had the weirdest vision. In the next 10 minutes, somebody called ｲQuetzalcoatlｳ will be showing up in Reisenjima, somewhere around ?-?! Is that good?
{Emgai} i

{Supersizeme} i

Gottlieb : OMG I just saw Willie Nelson!

{Sayaku} .

{Hya} .

{Sylvie} There appears to be a unit separate from Quetzalcoatl out there. Please head to Reisenjima (?-?) and investigate.
{Suramichi} /

{Sylvie} Uh-oh! He's here! That Quetzalcoatl guy's showed up in Reisenjima around ?-?, and he seems super duper mad.
{Perone} Hello!

{Sylvie} Oh wow, good job, everyone! That Quetzalcoatl guy in Reisenjima is all beaten up. I think we won! Yay!
{Sylvie} Currently, we have taken down 10312 monsters in a row, which gives us a not-so-shabby total of 117931 monsters defeated.
{Sylvie} Okay, everyone! I just had the weirdest vision. In the next 10 minutes, somebody called ｲAzi Dahakaｳ will be showing up in Escha - Zi'Tah, somewhere around H-8! Is that good?
{Mikera} Hello!

{Sylvie} There appears to be a unit separate from Azi Dahaka out there. Please head to Escha - Zi'Tah (H-8) and investigate.
{Sylvie} Uh-oh! He's here! That Azi Dahaka guy's showed up in Escha - Zi'Tah around H-8, and he seems super duper mad.
{Sylvie} Oh wow, good job, everyone! That Azi Dahaka guy in Escha - Zi'Tah is all beaten up. I think we won! Yay!
{Sylvie} Currently, we have taken down 10313 monsters in a row, which gives us a not-so-shabby total of 117932 monsters defeated.
{Sylvie} Okay, everyone! I just had the weirdest vision. In the next 10 minutes, somebody called ｲNaga Rajaｳ will be showing up in Escha - Ru'Aun, somewhere around H-9! Is that good?
Akaden : /

{Sylvie} There appears to be a unit separate from Naga Raja out there. Please head to Escha - Ru'Aun (H-9) and investigate.
Metaru waves to Carnivorall.
Carnivorall cheers Metaru on!
{Sylvie} Uh-oh! He's here! That Naga Raja guy's showed up in Escha - Ru'Aun around H-9, and he seems super duper mad.
{Sylvie} Oh wow, good job, everyone! That Naga Raja guy in Escha - Ru'Aun is all beaten up. I think we won! Yay!
{Sylvie} Currently, we have taken down 10314 monsters in a row, which gives us a not-so-shabby total of 117933 monsters defeated.
You can't cast warp, attempting to use Warp Ring instead, /heal to cancel.
Helyah uses a warp ring.
=== Area: Lower Jeuno ===
This area is currently affected by the Super Kupower: ｲTreasure Houndｳ!This area is currently affected by the Super Kupower: ｲArtisan's Advantageｳ!This area is currently affected by the Super Kupower: ｲMyriad Mystery Boxesｳ!
The maximum number of people are already participating in Unity chat. Please try again later.
superwarp: Warping via Home Point #1 to Aht Urhgan Whitegate - 1.
=== Area: Aht Urhgan Whitegate ===
The maximum number of people are already participating in Unity chat. Please try again later.
Kimwaeonic[BastokMark]: Aeonic/ioniッkuuェpon 3zone Clear Mind Do you need it? Buy? 50M /tell 1/4

Cooldogx[NSandOria]: Odysseyt1t2t3Arebati Kalunga Xevioso Ngai Mboze Ongo Bumba V0 Clear Mind Buy?

Iooz[WindWoods]: Ambuscade V.1 VD Do you need it? 3m/run Buy?

=== Area: Al Zahbi ===
The maximum number of people are already participating in Unity chat. Please try again later.
Chayaya : Chayaya's Projectiles! Get your darts and more at Chayaya's Projectiles! Just don't touch the stuff in the high drawers, okay?
You buy a black mage die from the shop.
You buy a red mage die from the shop.
Helyah starts casting Teleport-Mea on Helyah.
Helyah casts Teleport-Mea.Helyah vanishes.
=== Area: Tahrongi Canyon ===
This area is currently affected by the Super Kupower: ｲTreasure Houndｳ!This area is currently affected by the Super Kupower: ｲArtisan's Advantageｳ!This area is currently affected by the Super Kupower: ｲMyriad Mystery Boxesｳ!
The maximum number of people are already participating in Unity chat. Please try again later.
Juupo's title: Naga Raja Nullifier
Juupo: <BLU/WAR>
 [store tp] 29
 [double attack] nil
 [triple attack] nil
 [quadruple attack] nil
 [critical hit rate] nil
 [critical hit damage] nil
 [weapon skill damage] nil
 [fast cast] nil
 [magic attack bonus] 53
 [magic accuracy] 256
 [cure potency] nil
superwarp: Search returned no matches: etner
superwarp: Entering Escha...
=== Area: Reisenjima ===
superwarp: No eschan npcs found! Retrying...
superwarp: Warping via Ethereal Ingress #1 to Reisenjima - 10.
{Sylvie} There appears to be a unit separate from Quetzalcoatl out there. Please head to Reisenjima (?-?) and investigate.
>> /t gogo
...A command error occurred.
You offer to trade with Molyoly.
{Sylvie} Uh-oh! He's here! That Quetzalcoatl guy's showed up in Reisenjima around ?-?, and he seems super duper mad.
Molyoly examines you.
Slowbro waves to Caiusx.
Molyoly begins to browse the merchandise in your bazaar.
Molyoly bought a black mage die.
Molyoly bought a red mage die.
Molyoly leaves your bazaar.
Caiusx pokes Slowbro.
Search result: Only one person found in the entire world.
{Sylvie} Oh wow, good job, everyone! That Quetzalcoatl guy in Reisenjima is all beaten up. I think we won! Yay!
{Sylvie} Currently, we have taken down 10315 monsters in a row, which gives us a not-so-shabby total of 117934 monsters defeated.
>>Gogochas : Time remaining 0
{Sylvie} Okay, everyone! I just had the weirdest vision. In the next 10 minutes, somebody called ｲAzi Dahakaｳ will be showing up in Escha - Zi'Tah, somewhere around H-8! Is that good?
{Sylvie} I once had to transcribe a three-hundred-year-old geomancy treatise. I could barely make heads or toes of the language they used back then.
Flixx examines you.
Flixx begins to browse the merchandise in your bazaar.
Flixx leaves your bazaar.
{Sylvie} There appears to be a unit separate from Azi Dahaka out there. Please head to Escha - Zi'Tah (H-8) and investigate.
{Sylvie} Uh-oh! He's here! That Azi Dahaka guy's showed up in Escha - Zi'Tah around H-8, and he seems super duper mad.
{Sylvie} Oh wow, good job, everyone! That Azi Dahaka guy in Escha - Zi'Tah is all beaten up. I think we won! Yay!
{Sylvie} Currently, we have taken down 10316 monsters in a row, which gives us a not-so-shabby total of 117935 monsters defeated.
Molyoly - sleep
{Sylvie} Okay, everyone! I just had the weirdest vision. In the next 10 minutes, somebody called ｲNaga Rajaｳ will be showing up in Escha - Ru'Aun, somewhere around H-9! Is that good?
>> /follow
...A command error occurred.
{Sylvie} There appears to be a unit separate from Naga Raja out there. Please head to Escha - Ru'Aun (H-9) and investigate.
{Sylvie} Uh-oh! He's here! That Naga Raja guy's showed up in Escha - Ru'Aun around H-9, and he seems super duper mad.
{Sylvie} Oh wow, good job, everyone! That Naga Raja guy in Escha - Ru'Aun is all beaten up. I think we won! Yay!
{Sylvie} Currently, we have taken down 10317 monsters in a row, which gives us a not-so-shabby total of 117936 monsters defeated.
Saruno examines you.
Saruno begins to browse the merchandise in your bazaar.
Saruno leaves your bazaar.
{Sylvie} Okay, everyone! I just had the weirdest vision. In the next 10 minutes, somebody called ｲQuetzalcoatlｳ will be showing up in Reisenjima, somewhere around ?-?! Is that good?
{Zenchou} .

{Sylvie} There appears to be a unit separate from Quetzalcoatl out there. Please head to Reisenjima (?-?) and investigate.
{Sylvie} Uh-oh! He's here! That Quetzalcoatl guy's showed up in Reisenjima around ?-?, and he seems super duper mad.
{Sylvie} Oh wow, good job, everyone! That Quetzalcoatl guy in Reisenjima is all beaten up. I think we won! Yay!
{Sylvie} Currently, we have taken down 10318 monsters in a row, which gives us a not-so-shabby total of 117937 monsters defeated.
{Jackrio} 。

{Asthel} 。

{Asthel} 。

Esency waves to Blacksouls.
Capitano waves to Esency.
Esency waves to Capitano.
Esency : hi capitan taru ^^

Esency cheers Capitano on!
Capitano : hi ^^ 

Capitano cheers Esency on!
Esency gives a triumphant cry with Capitano!
{Sylvie} Okay, everyone! I just had the weirdest vision. In the next 10 minutes, somebody called ｲAzi Dahakaｳ will be showing up in Escha - Zi'Tah, somewhere around H-8! Is that good?
Capitano gives a triumphant cry with Esency!
{Sephya} .

Ketsudairaman waves.
>> /follow
...A command error occurred.
>> /follow
...A command error occurred.
{Anetwo} i

{Sylvie} There appears to be a unit separate from Azi Dahaka out there. Please head to Escha - Zi'Tah (H-8) and investigate.
{Sylvie} Uh-oh! He's here! That Azi Dahaka guy's showed up in Escha - Zi'Tah around H-8, and he seems super duper mad.
{Anetwo} i

{Anetwo} i

Ipotayn examines you.
Ipotayn begins to browse the merchandise in your bazaar.
Ipotayn leaves your bazaar.
{Sylvie} Oh wow, good job, everyone! That Azi Dahaka guy in Escha - Zi'Tah is all beaten up. I think we won! Yay!
{Sylvie} Currently, we have taken down 10319 monsters in a row, which gives us a not-so-shabby total of 117938 monsters defeated.
{Sylvie} Okay, everyone! I just had the weirdest vision. In the next 10 minutes, somebody called ｲNaga Rajaｳ will be showing up in Escha - Ru'Aun, somewhere around H-9! Is that good?
{Mollee} Hello!

{Sylvie} There appears to be a unit separate from Naga Raja out there. Please head to Escha - Ru'Aun (H-9) and investigate.
{Sylvie} Uh-oh! He's here! That Naga Raja guy's showed up in Escha - Ru'Aun around H-9, and he seems super duper mad.
{Sylvie} Oh wow, good job, everyone! That Naga Raja guy in Escha - Ru'Aun is all beaten up. I think we won! Yay!
{Sylvie} Currently, we have taken down 10320 monsters in a row, which gives us a not-so-shabby total of 117939 monsters defeated.
{Sylvie} Okay, everyone! I just had the weirdest vision. In the next 10 minutes, somebody called ｲQuetzalcoatlｳ will be showing up in Reisenjima, somewhere around ?-?! Is that good?
{Sylvie} There appears to be a unit separate from Quetzalcoatl out there. Please head to Reisenjima (?-?) and investigate.
{Sylvie} Hey! You can earn double the usual amount of Unity accolades right now! That's like hitting two stones with one bird!
{Sylvie} Uh-oh! He's here! That Quetzalcoatl guy's showed up in Reisenjima around ?-?, and he seems super duper mad.
{Sylvie} Oh wow, good job, everyone! That Quetzalcoatl guy in Reisenjima is all beaten up. I think we won! Yay!
{Sylvie} Currently, we have taken down 10321 monsters in a row, which gives us a not-so-shabby total of 117940 monsters defeated.
{Sylvie} Okay, everyone! I just had the weirdest vision. In the next 10 minutes, somebody called ｲAzi Dahakaｳ will be showing up in Escha - Zi'Tah, somewhere around H-8! Is that good?
{Chingyboo} /

Razma examines you.
Razma begins to browse the merchandise in your bazaar.
Razma leaves your bazaar.
{Sylvie} There appears to be a unit separate from Azi Dahaka out there. Please head to Escha - Zi'Tah (H-8) and investigate.
{Sylvie} Uh-oh! He's here! That Azi Dahaka guy's showed up in Escha - Zi'Tah around H-8, and he seems super duper mad.
{Sylvie} Oh wow, good job, everyone! That Azi Dahaka guy in Escha - Zi'Tah is all beaten up. I think we won! Yay!
{Sylvie} Currently, we have taken down 10322 monsters in a row, which gives us a not-so-shabby total of 117941 monsters defeated.
{Sylvie} Okay, everyone! I just had the weirdest vision. In the next 10 minutes, somebody called ｲNaga Rajaｳ will be showing up in Escha - Ru'Aun, somewhere around H-9! Is that good?
Sancin examines you.
Sancin begins to browse the merchandise in your bazaar.
Sancin leaves your bazaar.
{Sylvie} There appears to be a unit separate from Naga Raja out there. Please head to Escha - Ru'Aun (H-9) and investigate.
{Everleigh} l

{Sylvie} Uh-oh! He's here! That Naga Raja guy's showed up in Escha - Ru'Aun around H-9, and he seems super duper mad.
{Sylvie} Oh wow, good job, everyone! That Naga Raja guy in Escha - Ru'Aun is all beaten up. I think we won! Yay!
{Sylvie} Currently, we have taken down 10323 monsters in a row, which gives us a not-so-shabby total of 117942 monsters defeated.
{Evolia} Hello!

{Sylvie} Okay, everyone! I just had the weirdest vision. In the next 10 minutes, somebody called ｲQuetzalcoatlｳ will be showing up in Reisenjima, somewhere around ?-?! Is that good?
{Roseanna} /

You have undertaken the limited-time Records of Eminence challenge ｲSpoils (Seals).ｳ
{Sylvie} There appears to be a unit separate from Quetzalcoatl out there. Please head to Reisenjima (?-?) and investigate.
{Panasync} Afternoon

{Sylvie} Uh-oh! He's here! That Quetzalcoatl guy's showed up in Reisenjima around ?-?, and he seems super duper mad.
{Aeyjay} heya

{Sylvie} Oh wow, good job, everyone! That Quetzalcoatl guy in Reisenjima is all beaten up. I think we won! Yay!
{Sylvie} Currently, we have taken down 10324 monsters in a row, which gives us a not-so-shabby total of 117943 monsters defeated.
Tymer examines you.
Tymer begins to browse the merchandise in your bazaar.
Tymer leaves your bazaar.
Legos pokes Khdafi.
{Sylvie} Okay, everyone! I just had the weirdest vision. In the next 10 minutes, somebody called ｲAzi Dahakaｳ will be showing up in Escha - Zi'Tah, somewhere around H-8! Is that good?
{Burtsboo} /

{Sylvie} There appears to be a unit separate from Azi Dahaka out there. Please head to Escha - Zi'Tah (H-8) and investigate.
{Sylvie} Uh-oh! He's here! That Azi Dahaka guy's showed up in Escha - Zi'Tah around H-8, and he seems super duper mad.
{Sylvie} Oh wow, good job, everyone! That Azi Dahaka guy in Escha - Zi'Tah is all beaten up. I think we won! Yay!
{Sylvie} Currently, we have taken down 10325 monsters in a row, which gives us a not-so-shabby total of 117944 monsters defeated.
{Sylvie} Okay, everyone! I just had the weirdest vision. In the next 10 minutes, somebody called ｲNaga Rajaｳ will be showing up in Escha - Ru'Aun, somewhere around H-9! Is that good?
{Anefour} i

{Anefour} i

The power of your vorseal wanes...
{Sylvie} There appears to be a unit separate from Naga Raja out there. Please head to Escha - Ru'Aun (H-9) and investigate.
{Anefive} i

{Anefive} i

{Sylvie} Uh-oh! He's here! That Naga Raja guy's showed up in Escha - Ru'Aun around H-9, and he seems super duper mad.
{Sylvie} Oh wow, good job, everyone! That Naga Raja guy in Escha - Ru'Aun is all beaten up. I think we won! Yay!
{Sylvie} Currently, we have taken down 10326 monsters in a row, which gives us a not-so-shabby total of 117945 monsters defeated.
{Sylvie} My visions tell me that we have a roughly...seventy percent chance of getting in first place from here...maybe.
{Sylvie} Okay, everyone! I just had the weirdest vision. In the next 10 minutes, somebody called ｲQuetzalcoatlｳ will be showing up in Reisenjima, somewhere around ?-?! Is that good?
Aayoooo : 5

{Sylvie} There appears to be a unit separate from Quetzalcoatl out there. Please head to Reisenjima (?-?) and investigate.
{Kendlar} .

{Sylvie} Uh-oh! He's here! That Quetzalcoatl guy's showed up in Reisenjima around ?-?, and he seems super duper mad.
{Helodur} Hello!

{Sylvie} Oh wow, good job, everyone! That Quetzalcoatl guy in Reisenjima is all beaten up. I think we won! Yay!
{Sylvie} Currently, we have taken down 10327 monsters in a row, which gives us a not-so-shabby total of 117946 monsters defeated.
{Kibblerx} .

{Sylvie} Okay, everyone! I just had the weirdest vision. In the next 10 minutes, somebody called ｲAzi Dahakaｳ will be showing up in Escha - Zi'Tah, somewhere around H-8! Is that good?
{Sylvie} There appears to be a unit separate from Azi Dahaka out there. Please head to Escha - Zi'Tah (H-8) and investigate.
{Sylvie} Uh-oh! He's here! That Azi Dahaka guy's showed up in Escha - Zi'Tah around H-8, and he seems super duper mad.
{Sylvie} Oh wow, good job, everyone! That Azi Dahaka guy in Escha - Zi'Tah is all beaten up. I think we won! Yay!
{Sylvie} Currently, we have taken down 10328 monsters in a row, which gives us a not-so-shabby total of 117947 monsters defeated.
{Sylvie} Okay, everyone! I just had the weirdest vision. In the next 10 minutes, somebody called ｲNaga Rajaｳ will be showing up in Escha - Ru'Aun, somewhere around H-9! Is that good?
{Ecrunoir} no

{Sylvie} There appears to be a unit separate from Naga Raja out there. Please head to Escha - Ru'Aun (H-9) and investigate.
{Sylvie} Uh-oh! He's here! That Naga Raja guy's showed up in Escha - Ru'Aun around H-9, and he seems super duper mad.
{Anesix} i

Dice roll! Mopho rolls 749!
Mopho : First to roll 666 gets 5M from Seiike.

{Anesix} i

Dice roll! Mopho rolls 569!
Dice roll! Hovann rolls 796!
Dice roll! Chuebacca rolls 636!
{Jonaswylle} .

Dice roll! Thawne rolls 106!
Dice roll! Thawne rolls 146!
Dice roll! Thawne rolls 295!
{Sylvie} Oh wow, good job, everyone! That Naga Raja guy in Escha - Ru'Aun is all beaten up. I think we won! Yay!
{Sylvie} Currently, we have taken down 10329 monsters in a row, which gives us a not-so-shabby total of 117948 monsters defeated.
Dice roll! Chuebacca rolls 608!
Dice roll! Hakoda rolls 210!
Dice roll! Hakoda rolls 496!
Dice roll! Hakoda rolls 532!
Mopho : Help! I'm being chased by <t> at: (?-?)!

Mopho : Help! I'm being chased by Seiike at: (?-?)!

Dice roll! Hakoda rolls 949!
{Maev} Hello!

{Sylvie} Okay, everyone! I just had the weirdest vision. In the next 10 minutes, somebody called ｲQuetzalcoatlｳ will be showing up in Reisenjima, somewhere around ?-?! Is that good?
{Sylvie} There appears to be a unit separate from Quetzalcoatl out there. Please head to Reisenjima (?-?) and investigate.
{Zhoi} .

{Sylvie} Uh-oh! He's here! That Quetzalcoatl guy's showed up in Reisenjima around ?-?, and he seems super duper mad.
{Sylvie} Oh wow, good job, everyone! That Quetzalcoatl guy in Reisenjima is all beaten up. I think we won! Yay!
{Sylvie} Currently, we have taken down 10330 monsters in a row, which gives us a not-so-shabby total of 117949 monsters defeated.
{Sylvie} Okay, everyone! I just had the weirdest vision. In the next 10 minutes, somebody called ｲAzi Dahakaｳ will be showing up in Escha - Zi'Tah, somewhere around H-8! Is that good?
Sancin sighs dejectedly.
{Oujya} 、

{Sylvie} There appears to be a unit separate from Azi Dahaka out there. Please head to Escha - Zi'Tah (H-8) and investigate.
{Sylvie} Uh-oh! He's here! That Azi Dahaka guy's showed up in Escha - Zi'Tah around H-8, and he seems super duper mad.
{Sylvie} Oh wow, good job, everyone! That Azi Dahaka guy in Escha - Zi'Tah is all beaten up. I think we won! Yay!
{Sylvie} Currently, we have taken down 10331 monsters in a row, which gives us a not-so-shabby total of 117950 monsters defeated.
{Doryl} hi

{Sylvie} Okay, everyone! I just had the weirdest vision. In the next 10 minutes, somebody called ｲNaga Rajaｳ will be showing up in Escha - Ru'Aun, somewhere around H-9! Is that good?
{Sylvie} I'm no good at elemental magic. It'd be so nice to be able to go to Windurst one day to learn from the masters...
{Sylvie} There appears to be a unit separate from Naga Raja out there. Please head to Escha - Ru'Aun (H-9) and investigate.
{Sylvie} Uh-oh! He's here! That Naga Raja guy's showed up in Escha - Ru'Aun around H-9, and he seems super duper mad.
Aragan : Omen Cards Do you need it?

{Sylvie} Oh wow, good job, everyone! That Naga Raja guy in Escha - Ru'Aun is all beaten up. I think we won! Yay!
{Sylvie} Currently, we have taken down 10332 monsters in a row, which gives us a not-so-shabby total of 117951 monsters defeated.
{Oliii} a

Ajuce examines you.
Ajuce begins to browse the merchandise in your bazaar.
Ajuce leaves your bazaar.
{Sylvie} Okay, everyone! I just had the weirdest vision. In the next 10 minutes, somebody called ｲQuetzalcoatlｳ will be showing up in Reisenjima, somewhere around ?-?! Is that good?
{Zitahboo} /

{Sylvie} There appears to be a unit separate from Quetzalcoatl out there. Please head to Reisenjima (?-?) and investigate.
[1]<Saviorself> awesome, just got the Well from the screenshot contest

{Sylvie} Uh-oh! He's here! That Quetzalcoatl guy's showed up in Reisenjima around ?-?, and he seems super duper mad.
{Sylvie} Oh wow, good job, everyone! That Quetzalcoatl guy in Reisenjima is all beaten up. I think we won! Yay!
{Sylvie} Currently, we have taken down 10333 monsters in a row, which gives us a not-so-shabby total of 117952 monsters defeated.
{Sylvie} Okay, everyone! I just had the weirdest vision. In the next 10 minutes, somebody called ｲAzi Dahakaｳ will be showing up in Escha - Zi'Tah, somewhere around H-8! Is that good?
{Libor} /

{Sylvie} There appears to be a unit separate from Azi Dahaka out there. Please head to Escha - Zi'Tah (H-8) and investigate.
{Chastitybelt} /.

{Sylvie} Uh-oh! He's here! That Azi Dahaka guy's showed up in Escha - Zi'Tah around H-8, and he seems super duper mad.
{Terrythehut} .

{Sylvie} Oh wow, good job, everyone! That Azi Dahaka guy in Escha - Zi'Tah is all beaten up. I think we won! Yay!
{Sylvie} Currently, we have taken down 10334 monsters in a row, which gives us a not-so-shabby total of 117953 monsters defeated.
{Sylvie} Okay, everyone! I just had the weirdest vision. In the next 10 minutes, somebody called ｲNaga Rajaｳ will be showing up in Escha - Ru'Aun, somewhere around H-9! Is that good?
{Singingmoon} /

{Sylvie} There appears to be a unit separate from Naga Raja out there. Please head to Escha - Ru'Aun (H-9) and investigate.
{Sylvie} Uh-oh! He's here! That Naga Raja guy's showed up in Escha - Ru'Aun around H-9, and he seems super duper mad.
{Geriond} .

Cirrion waves to Caiusx.
Saviorself weeps in sorrow before Caiusx.
{Sylvie} Oh wow, good job, everyone! That Naga Raja guy in Escha - Ru'Aun is all beaten up. I think we won! Yay!
{Sylvie} Currently, we have taken down 10335 monsters in a row, which gives us a not-so-shabby total of 117954 monsters defeated.
{Sylvie} Okay, everyone! I just had the weirdest vision. In the next 10 minutes, somebody called ｲQuetzalcoatlｳ will be showing up in Reisenjima, somewhere around ?-?! Is that good?
{Droopy} /

{Sylvie} There appears to be a unit separate from Quetzalcoatl out there. Please head to Reisenjima (?-?) and investigate.
{Sylvie} Uh-oh! He's here! That Quetzalcoatl guy's showed up in Reisenjima around ?-?, and he seems super duper mad.
{Sylvie} Oh wow, good job, everyone! That Quetzalcoatl guy in Reisenjima is all beaten up. I think we won! Yay!
{Sylvie} Currently, we have taken down 10336 monsters in a row, which gives us a not-so-shabby total of 117955 monsters defeated.
{Sylvie} Okay, everyone! I just had the weirdest vision. In the next 10 minutes, somebody called ｲAzi Dahakaｳ will be showing up in Escha - Zi'Tah, somewhere around H-8! Is that good?
{Asmodayss} .

{Sylvie} I once had to transcribe a three-hundred-year-old geomancy treatise. I could barely make heads or toes of the language they used back then.
{Rheverie} Hello!

{Sylvie} There appears to be a unit separate from Azi Dahaka out there. Please head to Escha - Zi'Tah (H-8) and investigate.
{Altopian} Right

{Sylvie} Uh-oh! He's here! That Azi Dahaka guy's showed up in Escha - Zi'Tah around H-8, and he seems super duper mad.
{Sylvie} Oh wow, good job, everyone! That Azi Dahaka guy in Escha - Zi'Tah is all beaten up. I think we won! Yay!
{Sylvie} Currently, we have taken down 10337 monsters in a row, which gives us a not-so-shabby total of 117956 monsters defeated.
{Boxx} 。

{Marzie} /

{Sylvie} Okay, everyone! I just had the weirdest vision. In the next 10 minutes, somebody called ｲNaga Rajaｳ will be showing up in Escha - Ru'Aun, somewhere around H-9! Is that good?
{Sylvie} There appears to be a unit separate from Naga Raja out there. Please head to Escha - Ru'Aun (H-9) and investigate.
{Sylvie} Uh-oh! He's here! That Naga Raja guy's showed up in Escha - Ru'Aun around H-9, and he seems super duper mad.
{Vitalic} ./

{Sylvie} Oh wow, good job, everyone! That Naga Raja guy in Escha - Ru'Aun is all beaten up. I think we won! Yay!
{Sylvie} Currently, we have taken down 10338 monsters in a row, which gives us a not-so-shabby total of 117957 monsters defeated.
Shipou examines you.
Shipou begins to browse the merchandise in your bazaar.
Shipou leaves your bazaar.
{Sylvie} Okay, everyone! I just had the weirdest vision. In the next 10 minutes, somebody called ｲQuetzalcoatlｳ will be showing up in Reisenjima, somewhere around ?-?! Is that good?
{Sylvie} There appears to be a unit separate from Quetzalcoatl out there. Please head to Reisenjima (?-?) and investigate.
{Sylvie} Uh-oh! He's here! That Quetzalcoatl guy's showed up in Reisenjima around ?-?, and he seems super duper mad.
{Destroyerofgods} Hello!

{Sylvie} Oh wow, good job, everyone! That Quetzalcoatl guy in Reisenjima is all beaten up. I think we won! Yay!
{Sylvie} Currently, we have taken down 10339 monsters in a row, which gives us a not-so-shabby total of 117958 monsters defeated.
{Sylvie} Okay, everyone! I just had the weirdest vision. In the next 10 minutes, somebody called ｲAzi Dahakaｳ will be showing up in Escha - Zi'Tah, somewhere around H-8! Is that good?
Shystie stares at Onijuan...
{Cleptogirl} Hello!

{Sylvie} There appears to be a unit separate from Azi Dahaka out there. Please head to Escha - Zi'Tah (H-8) and investigate.
{Sylvie} Uh-oh! He's here! That Azi Dahaka guy's showed up in Escha - Zi'Tah around H-8, and he seems super duper mad.
{Sylvie} Oh wow, good job, everyone! That Azi Dahaka guy in Escha - Zi'Tah is all beaten up. I think we won! Yay!
{Sylvie} Currently, we have taken down 10340 monsters in a row, which gives us a not-so-shabby total of 117959 monsters defeated.
{Sylvie} Okay, everyone! I just had the weirdest vision. In the next 10 minutes, somebody called ｲNaga Rajaｳ will be showing up in Escha - Ru'Aun, somewhere around H-9! Is that good?
{Sylvie} There appears to be a unit separate from Naga Raja out there. Please head to Escha - Ru'Aun (H-9) and investigate.
{Sylvie} Uh-oh! He's here! That Naga Raja guy's showed up in Escha - Ru'Aun around H-9, and he seems super duper mad.
{Sylvie} Oh wow, good job, everyone! That Naga Raja guy in Escha - Ru'Aun is all beaten up. I think we won! Yay!
{Sylvie} Currently, we have taken down 10341 monsters in a row, which gives us a not-so-shabby total of 117960 monsters defeated.
{Sylvie} Okay, everyone! I just had the weirdest vision. In the next 10 minutes, somebody called ｲQuetzalcoatlｳ will be showing up in Reisenjima, somewhere around ?-?! Is that good?
{Fyrehawk} /

{Sylvie} Hey! You can earn double the usual amount of Unity accolades right now! That's like hitting two stones with one bird!
{Sylvie} There appears to be a unit separate from Quetzalcoatl out there. Please head to Reisenjima (?-?) and investigate.
{Sylvie} Uh-oh! He's here! That Quetzalcoatl guy's showed up in Reisenjima around ?-?, and he seems super duper mad.
{Sylvie} Oh wow, good job, everyone! That Quetzalcoatl guy in Reisenjima is all beaten up. I think we won! Yay!
{Sylvie} Currently, we have taken down 10342 monsters in a row, which gives us a not-so-shabby total of 117961 monsters defeated.
{Sylvie} Okay, everyone! I just had the weirdest vision. In the next 10 minutes, somebody called ｲAzi Dahakaｳ will be showing up in Escha - Zi'Tah, somewhere around H-8! Is that good?
Taichuii stares at Daleterrence...
{Sylvie} There appears to be a unit separate from Azi Dahaka out there. Please head to Escha - Zi'Tah (H-8) and investigate.
{Sylvie} Uh-oh! He's here! That Azi Dahaka guy's showed up in Escha - Zi'Tah around H-8, and he seems super duper mad.
{Salififouine} Hello!

Torapon examines you.
Torapon begins to browse the merchandise in your bazaar.
Torapon leaves your bazaar.
{Sylvie} Oh wow, good job, everyone! That Azi Dahaka guy in Escha - Zi'Tah is all beaten up. I think we won! Yay!
{Sylvie} Currently, we have taken down 10343 monsters in a row, which gives us a not-so-shabby total of 117962 monsters defeated.
Calebc pokes Porklomein.
Porklomein waves to Calebc.
{Sylvie} Okay, everyone! I just had the weirdest vision. In the next 10 minutes, somebody called ｲNaga Rajaｳ will be showing up in Escha - Ru'Aun, somewhere around H-9! Is that good?
Calebc sucks the fart out of Ramuh's ass

{Praesul} .

Calebc holds hands with Porklomein

Calebc waves to Watsup.
Govey examines you.
Govey begins to browse the merchandise in your bazaar.
Govey leaves your bazaar.
{Sylvie} There appears to be a unit separate from Naga Raja out there. Please head to Escha - Ru'Aun (H-9) and investigate.
{Sylvie} Uh-oh! He's here! That Naga Raja guy's showed up in Escha - Ru'Aun around H-9, and he seems super duper mad.
Senjutsu examines you.
Senjutsu begins to browse the merchandise in your bazaar.
Senjutsu leaves your bazaar.
Sketchyy panics!
{Sylvie} Oh wow, good job, everyone! That Naga Raja guy in Escha - Ru'Aun is all beaten up. I think we won! Yay!
{Sylvie} Currently, we have taken down 10344 monsters in a row, which gives us a not-so-shabby total of 117963 monsters defeated.
{Jorvik} .

{Praesul} .

Kirkland examines you.
Kirkland begins to browse the merchandise in your bazaar.
Kirkland leaves your bazaar.
{Sylvie} Okay, everyone! I just had the weirdest vision. In the next 10 minutes, somebody called ｲQuetzalcoatlｳ will be showing up in Reisenjima, somewhere around ?-?! Is that good?
You have undertaken the limited-time Records of Eminence challenge ｲCrack Treasure Caskets.ｳ
{Kordolin} .

{Sylvie} There appears to be a unit separate from Quetzalcoatl out there. Please head to Reisenjima (?-?) and investigate.
{Sylvie} Uh-oh! He's here! That Quetzalcoatl guy's showed up in Reisenjima around ?-?, and he seems super duper mad.
{Sylvie} Oh wow, good job, everyone! That Quetzalcoatl guy in Reisenjima is all beaten up. I think we won! Yay!
{Sylvie} Currently, we have taken down 10345 monsters in a row, which gives us a not-so-shabby total of 117964 monsters defeated.
{Sylvie} Okay, everyone! I just had the weirdest vision. In the next 10 minutes, somebody called ｲAzi Dahakaｳ will be showing up in Escha - Zi'Tah, somewhere around H-8! Is that good?
{Alistina} Hello!

{Oeric} .

{Sylvie} There appears to be a unit separate from Azi Dahaka out there. Please head to Escha - Zi'Tah (H-8) and investigate.
{Sylvie} Uh-oh! He's here! That Azi Dahaka guy's showed up in Escha - Zi'Tah around H-8, and he seems super duper mad.
{Sylvie} Oh wow, good job, everyone! That Azi Dahaka guy in Escha - Zi'Tah is all beaten up. I think we won! Yay!
{Sylvie} Currently, we have taken down 10346 monsters in a row, which gives us a not-so-shabby total of 117965 monsters defeated.
{Sylvie} Okay, everyone! I just had the weirdest vision. In the next 10 minutes, somebody called ｲNaga Rajaｳ will be showing up in Escha - Ru'Aun, somewhere around H-9! Is that good?
Balberry : brd looking for card farm

Calebc waves to Blueglenn.
Calebc slaps Blueglenn.
Blueglenn waves to Calebc.
Calebc : lol thought you were afk

Blueglenn : i was

Calebc : show me what that beak can do baby

Blueglenn : no

Calebc : plz?

Daleterrence can't help himself and staggers.
{Sylvie} There appears to be a unit separate from Naga Raja out there. Please head to Escha - Ru'Aun (H-9) and investigate.
{Cherilyn} Hello!

{Sylvie} Uh-oh! He's here! That Naga Raja guy's showed up in Escha - Ru'Aun around H-9, and he seems super duper mad.
{Sylvie} Remember, ergon energy isn't unique to Ulbuka. You can feel the lifestream flowing throughout Vana'diel.
Balberry : brd looking for card farm

Calebc examines you.
Calebc begins to browse the merchandise in your bazaar.
Calebc leaves your bazaar.
{Sylvie} Oh wow, good job, everyone! That Naga Raja guy in Escha - Ru'Aun is all beaten up. I think we won! Yay!
{Sylvie} Currently, we have taken down 10347 monsters in a row, which gives us a not-so-shabby total of 117966 monsters defeated.
{Sylvie} Okay, everyone! I just had the weirdest vision. In the next 10 minutes, somebody called ｲQuetzalcoatlｳ will be showing up in Reisenjima, somewhere around ?-?! Is that good?
{Demelirus} Hello!

{Sylvie} There appears to be a unit separate from Quetzalcoatl out there. Please head to Reisenjima (?-?) and investigate.
{Melanius} Hello!

{Carlia} Hello!

{Sylvie} Uh-oh! He's here! That Quetzalcoatl guy's showed up in Reisenjima around ?-?, and he seems super duper mad.
{Sylvie} Oh wow, good job, everyone! That Quetzalcoatl guy in Reisenjima is all beaten up. I think we won! Yay!
{Sylvie} Currently, we have taken down 10348 monsters in a row, which gives us a not-so-shabby total of 117967 monsters defeated.
{Sylvie} Okay, everyone! I just had the weirdest vision. In the next 10 minutes, somebody called ｲAzi Dahakaｳ will be showing up in Escha - Zi'Tah, somewhere around H-8! Is that good?
{Sylvie} There appears to be a unit separate from Azi Dahaka out there. Please head to Escha - Zi'Tah (H-8) and investigate.
{Sylvie} Uh-oh! He's here! That Azi Dahaka guy's showed up in Escha - Zi'Tah around H-8, and he seems super duper mad.
{Sylvie} Oh wow, good job, everyone! That Azi Dahaka guy in Escha - Zi'Tah is all beaten up. I think we won! Yay!
{Sylvie} Currently, we have taken down 10349 monsters in a row, which gives us a not-so-shabby total of 117968 monsters defeated.
Calebc waves to Tiddys.
Tiddys waves to Calebc.
{Sylvie} Okay, everyone! I just had the weirdest vision. In the next 10 minutes, somebody called ｲNaga Rajaｳ will be showing up in Escha - Ru'Aun, somewhere around H-9! Is that good?
Calebc waves to Blueglenn.
{Sylvie} There appears to be a unit separate from Naga Raja out there. Please head to Escha - Ru'Aun (H-9) and investigate.
{Sylvie} Uh-oh! He's here! That Naga Raja guy's showed up in Escha - Ru'Aun around H-9, and he seems super duper mad.
Warmoose nods to Lohian.
Lohian salutes Warmoose.
Bloodyfury psychs up along with Liquefier!
{Sylvie} Oh wow, good job, everyone! That Naga Raja guy in Escha - Ru'Aun is all beaten up. I think we won! Yay!
{Sylvie} Currently, we have taken down 10350 monsters in a row, which gives us a not-so-shabby total of 117969 monsters defeated.
Dracs synthesized an ingot of vivified mythril.
Warmoose examines you.

Dracs synthesized an ingot of vivified mythril.
Zuppa motions joyfully to Blueb.
Blueb smiles warmly at Zuppa.
{Tessinda} Hello!

{Volram} Hello!

{Sylvie} Okay, everyone! I just had the weirdest vision. In the next 10 minutes, somebody called ｲQuetzalcoatlｳ will be showing up in Reisenjima, somewhere around ?-?! Is that good?
Yuceda stares at Warmoose...
Warmoose looks away from Cannonfodderr, embarrassed.
{Sylvie} There appears to be a unit separate from Quetzalcoatl out there. Please head to Reisenjima (?-?) and investigate.
{Sylvie} Uh-oh! He's here! That Quetzalcoatl guy's showed up in Reisenjima around ?-?, and he seems super duper mad.
{Wfoadambbp} Hello!

{Sylvie} Oh wow, good job, everyone! That Quetzalcoatl guy in Reisenjima is all beaten up. I think we won! Yay!
{Sylvie} Currently, we have taken down 10351 monsters in a row, which gives us a not-so-shabby total of 117970 monsters defeated.
{Sylvie} Okay, everyone! I just had the weirdest vision. In the next 10 minutes, somebody called ｲAzi Dahakaｳ will be showing up in Escha - Zi'Tah, somewhere around H-8! Is that good?
{Sylvie} There appears to be a unit separate from Azi Dahaka out there. Please head to Escha - Zi'Tah (H-8) and investigate.
{Sylvie} Uh-oh! He's here! That Azi Dahaka guy's showed up in Escha - Zi'Tah around H-8, and he seems super duper mad.
Burnzz examines you.
Burnzz begins to browse the merchandise in your bazaar.
Burnzz leaves your bazaar.
{Sylvie} My visions tell me that we have a roughly...seventy percent chance of getting in first place from here...maybe.
Lugado examines you.
Lugado begins to browse the merchandise in your bazaar.
Lugado leaves your bazaar.
{Sylvie} Oh wow, good job, everyone! That Azi Dahaka guy in Escha - Zi'Tah is all beaten up. I think we won! Yay!
{Sylvie} Currently, we have taken down 10352 monsters in a row, which gives us a not-so-shabby total of 117971 monsters defeated.
{Sylvie} Okay, everyone! I just had the weirdest vision. In the next 10 minutes, somebody called ｲNaga Rajaｳ will be showing up in Escha - Ru'Aun, somewhere around H-9! Is that good?
Woojr waves to Crowlina.
{Sylvie} There appears to be a unit separate from Naga Raja out there. Please head to Escha - Ru'Aun (H-9) and investigate.
{Sylvie} Uh-oh! He's here! That ??? guy's showed up in Escha - Ru'Aun around H-9, and he seems super duper mad.
{Misterhandsom} .

{Shiohisa} mireu in Escha - Ru'Aun

{Misnix} Hello!

Niskam examines you.
Niskam begins to browse the merchandise in your bazaar.
Niskam leaves your bazaar.
Yuceda examines you.
Yuceda begins to browse the merchandise in your bazaar.
Yuceda leaves your bazaar.
Gerbs pats Bloodyfury consolingly.
Bloodyfury's eyes brim over with tears.
Dracs pokes Niskam.
Dracs pokes Niskam.
Liquefier points at Mrwauf.
{Vuprutan} Hello!

{Squidopuss} Hello!

{Sriva} Hello!

Dracs examines you.
Dracs begins to browse the merchandise in your bazaar.
Dracs leaves your bazaar.
{Sakanasan} >>

{Killasam} Hello!

{Kidform} Hello!

Revinant stares at Antivirusx fancy new necklace!

{Shiohisa} mireu in Escha - Ru'Aun

Dracs pokes Gnar.
{Woowee} Hello!

Gnar pokes back twice as hard.

Dracs pokes Gnar.
Dracs pokes Gnar.
{Sylvie} Oh wow, good job, everyone! That ??? guy in Escha - Ru'Aun is all beaten up. I think we won! Yay!
{Sylvie} Currently, we have taken down 10353 monsters in a row, which gives us a not-so-shabby total of 117972 monsters defeated.
Dracs : all done ^^

{Sylvie} Okay, everyone! I just had the weirdest vision. In the next 10 minutes, somebody called ｲQuetzalcoatlｳ will be showing up in Reisenjima, somewhere around ?-?! Is that good?
{Koruma} Hello!

Dravynx cheers Galnoth on!
Lohian slaps Dravynx.
{Sylvie} There appears to be a unit separate from Quetzalcoatl out there. Please head to Reisenjima (?-?) and investigate.
{Sylvie} Uh-oh! He's here! That Quetzalcoatl guy's showed up in Reisenjima around ?-?, and he seems super duper mad.
{Sylvie} Oh wow, good job, everyone! That Quetzalcoatl guy in Reisenjima is all beaten up. I think we won! Yay!
{Sylvie} Currently, we have taken down 10354 monsters in a row, which gives us a not-so-shabby total of 117973 monsters defeated.
{Sylvie} Okay, everyone! I just had the weirdest vision. In the next 10 minutes, somebody called ｲAzi Dahakaｳ will be showing up in Escha - Zi'Tah, somewhere around H-8! Is that good?
{Sylvie} There appears to be a unit separate from Azi Dahaka out there. Please head to Escha - Zi'Tah (H-8) and investigate.
{Sylvie} Uh-oh! He's here! That Azi Dahaka guy's showed up in Escha - Zi'Tah around H-8, and he seems super duper mad.
Ponnisunisu examines you.
Ponnisunisu begins to browse the merchandise in your bazaar.
Ponnisunisu leaves your bazaar.
Rilakkumax examines you.
Rilakkumax begins to browse the merchandise in your bazaar.
Rilakkumax leaves your bazaar.
{Sylvie} Ugh... Have you seen what Eukalline charges for geomantic plates?
{Sylvie} Oh wow, good job, everyone! That Azi Dahaka guy in Escha - Zi'Tah is all beaten up. I think we won! Yay!
{Sylvie} Currently, we have taken down 10355 monsters in a row, which gives us a not-so-shabby total of 117974 monsters defeated.
{Sylvie} Okay, everyone! I just had the weirdest vision. In the next 10 minutes, somebody called ｲNaga Rajaｳ will be showing up in Escha - Ru'Aun, somewhere around H-9! Is that good?
{Sylvie} There appears to be a unit separate from Naga Raja out there. Please head to Escha - Ru'Aun (H-9) and investigate.
{Alvinho} i

{Sumirin}       .

{Sylvie} Uh-oh! He's here! That Naga Raja guy's showed up in Escha - Ru'Aun around H-9, and he seems super duper mad.
{Ponnisunisu} Hello!

{Sylvie} Oh wow, good job, everyone! That Naga Raja guy in Escha - Ru'Aun is all beaten up. I think we won! Yay!
{Sylvie} Currently, we have taken down 10356 monsters in a row, which gives us a not-so-shabby total of 117975 monsters defeated.
{Cadoo} Hello!

{Sylvie} Okay, everyone! I just had the weirdest vision. In the next 10 minutes, somebody called ｲQuetzalcoatlｳ will be showing up in Reisenjima, somewhere around ?-?! Is that good?
{Qreth} .

{Sylvie} There appears to be a unit separate from Quetzalcoatl out there. Please head to Reisenjima (?-?) and investigate.
{Sylvie} Uh-oh! He's here! That Quetzalcoatl guy's showed up in Reisenjima around ?-?, and he seems super duper mad.
{Sylvie} Oh wow, good job, everyone! That Quetzalcoatl guy in Reisenjima is all beaten up. I think we won! Yay!
{Sylvie} Currently, we have taken down 10357 monsters in a row, which gives us a not-so-shabby total of 117976 monsters defeated.
{Sylvie} Okay, everyone! I just had the weirdest vision. In the next 10 minutes, somebody called ｲAzi Dahakaｳ will be showing up in Escha - Zi'Tah, somewhere around H-8! Is that good?
{Sylvie} There appears to be a unit separate from Azi Dahaka out there. Please head to Escha - Zi'Tah (H-8) and investigate.
Bobbii examines you.
Bobbii begins to browse the merchandise in your bazaar.
Bobbii leaves your bazaar.
{Sylvie} Uh-oh! He's here! That Azi Dahaka guy's showed up in Escha - Zi'Tah around H-8, and he seems super duper mad.
{Sylvie} Oh wow, good job, everyone! That Azi Dahaka guy in Escha - Zi'Tah is all beaten up. I think we won! Yay!
{Sylvie} Currently, we have taken down 10358 monsters in a row, which gives us a not-so-shabby total of 117977 monsters defeated.
{Sylvie} Okay, everyone! I just had the weirdest vision. In the next 10 minutes, somebody called ｲNaga Rajaｳ will be showing up in Escha - Ru'Aun, somewhere around H-9! Is that good?
{Praesul} Hello!

{Praesul} Hello!

{Sylvie} There appears to be a unit separate from Naga Raja out there. Please head to Escha - Ru'Aun (H-9) and investigate.
{Sylvie} Uh-oh! He's here! That Naga Raja guy's showed up in Escha - Ru'Aun around H-9, and he seems super duper mad.
{Koyboo} /

{Sylvie} Oh wow, good job, everyone! That Naga Raja guy in Escha - Ru'Aun is all beaten up. I think we won! Yay!
{Sylvie} Currently, we have taken down 10359 monsters in a row, which gives us a not-so-shabby total of 117978 monsters defeated.
{Sylvie} Okay, everyone! I just had the weirdest vision. In the next 10 minutes, somebody called ｲQuetzalcoatlｳ will be showing up in Reisenjima, somewhere around ?-?! Is that good?
{Sylvie} There appears to be a unit separate from Quetzalcoatl out there. Please head to Reisenjima (?-?) and investigate.
{Sylvie} Uh-oh! He's here! That Quetzalcoatl guy's showed up in Reisenjima around ?-?, and he seems super duper mad.
{Darlena} /

{Sylvie} Oh wow, good job, everyone! That Quetzalcoatl guy in Reisenjima is all beaten up. I think we won! Yay!
{Sylvie} Currently, we have taken down 10360 monsters in a row, which gives us a not-so-shabby total of 117979 monsters defeated.
{Sylvie} Okay, everyone! I just had the weirdest vision. In the next 10 minutes, somebody called ｲAzi Dahakaｳ will be showing up in Escha - Zi'Tah, somewhere around H-8! Is that good?
{Andygu} Hello!

{Bahama} /

{Sylvie} I smell jungle cookies... Okay, who brought jungle cookies and didn't tell me?
{Sylvie} There appears to be a unit separate from Azi Dahaka out there. Please head to Escha - Zi'Tah (H-8) and investigate.
{Sylvie} Uh-oh! He's here! That Azi Dahaka guy's showed up in Escha - Zi'Tah around H-8, and he seems super duper mad.
Razma examines you.
Razma begins to browse the merchandise in your bazaar.
Razma leaves your bazaar.
{Pelota} Hello!

{Hapamuffin} .

{Sylvie} Oh wow, good job, everyone! That Azi Dahaka guy in Escha - Zi'Tah is all beaten up. I think we won! Yay!
{Sylvie} Currently, we have taken down 10361 monsters in a row, which gives us a not-so-shabby total of 117980 monsters defeated.
Reddington salutes Muffin.
{Podohfodoh} Hello!

{Sylvie} Okay, everyone! I just had the weirdest vision. In the next 10 minutes, somebody called ｲNaga Rajaｳ will be showing up in Escha - Ru'Aun, somewhere around H-9! Is that good?
[1]<Kinggalka> anyone need exp?

[1]<Voicememo> always when im busy!

[1]<Kinggalka> come out!

[1]<Voicememo> doign some trove

Sedative waves to Koruma.
Koruma waves to Sedative.
Juxzo readies his weapon.
{Sylvie} There appears to be a unit separate from Naga Raja out there. Please head to Escha - Ru'Aun (H-9) and investigate.
{Eliara} Hello!

{Sylvie} Uh-oh! He's here! That Naga Raja guy's showed up in Escha - Ru'Aun around H-9, and he seems super duper mad.
Abject examines you.
Abject begins to browse the merchandise in your bazaar.
Abject leaves your bazaar.
{Sylvie} Oh wow, good job, everyone! That Naga Raja guy in Escha - Ru'Aun is all beaten up. I think we won! Yay!
{Sylvie} Currently, we have taken down 10362 monsters in a row, which gives us a not-so-shabby total of 117981 monsters defeated.
{Zhoi} .

{Sylvie} Okay, everyone! I just had the weirdest vision. In the next 10 minutes, somebody called ｲQuetzalcoatlｳ will be showing up in Reisenjima, somewhere around ?-?! Is that good?
{Fehling} ,

{Sylvie} There appears to be a unit separate from Quetzalcoatl out there. Please head to Reisenjima (?-?) and investigate.
{Sylvie} Uh-oh! He's here! That Quetzalcoatl guy's showed up in Reisenjima around ?-?, and he seems super duper mad.
{Sylvie} Oh wow, good job, everyone! That Quetzalcoatl guy in Reisenjima is all beaten up. I think we won! Yay!
{Sylvie} Currently, we have taken down 10363 monsters in a row, which gives us a not-so-shabby total of 117982 monsters defeated.
{Baconbutty} Hello!

{Vath} Hello!

{Rayoteiyote} Hello!

{Sylvie} Okay, everyone! I just had the weirdest vision. In the next 10 minutes, somebody called ｲAzi Dahakaｳ will be showing up in Escha - Zi'Tah, somewhere around H-8! Is that good?
{Eggbutty} Hello!

{Luxxy} /

{Thewetbandit} Hello!

You have undertaken the limited-time Records of Eminence challenge ｲVanquish Aquans.ｳ
----== SystemMessage ==----
On Aug. 9, 2022 22:00 to Aug. 10, 2022 2:00 (PDT) / Aug. 10, 2022 from 5:00 to 9:00 (GMT) / Aug. 10, 2022 from 6:00 to 10:00 (BST), 

----== SystemMessage ==----
we will be performing maintenance on all Worlds.

----== SystemMessage ==----
During this period, FINAL FANTASY XI will be unavailable.

----== SystemMessage ==----
See the Information section for more details.

{Morinohito} Hello!

{Sylvie} There appears to be a unit separate from Azi Dahaka out there. Please head to Escha - Zi'Tah (H-8) and investigate.
{Sylvie} Uh-oh! He's here! That Azi Dahaka guy's showed up in Escha - Zi'Tah around H-8, and he seems super duper mad.
{Sylvie} Oh wow, good job, everyone! That Azi Dahaka guy in Escha - Zi'Tah is all beaten up. I think we won! Yay!
{Sylvie} Currently, we have taken down 10364 monsters in a row, which gives us a not-so-shabby total of 117983 monsters defeated.
{Sylvie} Okay, everyone! I just had the weirdest vision. In the next 10 minutes, somebody called ｲNaga Rajaｳ will be showing up in Escha - Ru'Aun, somewhere around H-9! Is that good?
{Moodyblues} Hello!

{Sylvie} There appears to be a unit separate from Naga Raja out there. Please head to Escha - Ru'Aun (H-9) and investigate.
{Sylvie} Uh-oh! He's here! That Naga Raja guy's showed up in Escha - Ru'Aun around H-9, and he seems super duper mad.
{Thestickybandit} Hello!

{Jamesey} /

{Sylvie} Oh wow, good job, everyone! That Naga Raja guy in Escha - Ru'Aun is all beaten up. I think we won! Yay!
{Sylvie} Currently, we have taken down 10365 monsters in a row, which gives us a not-so-shabby total of 117984 monsters defeated.
{Robinetta} Hello!

{Sylvie} Okay, everyone! I just had the weirdest vision. In the next 10 minutes, somebody called ｲQuetzalcoatlｳ will be showing up in Reisenjima, somewhere around ?-?! Is that good?
{Myurii} .

{Myurii} I don't think it worked lol

{Myurii} Hello!

{Sylvie} There appears to be a unit separate from Quetzalcoatl out there. Please head to Reisenjima (?-?) and investigate.
{Sylvie} Uh-oh! He's here! That Quetzalcoatl guy's showed up in Reisenjima around ?-?, and he seems super duper mad.
{Sylvie} Oh wow, good job, everyone! That Quetzalcoatl guy in Reisenjima is all beaten up. I think we won! Yay!
{Sylvie} Currently, we have taken down 10366 monsters in a row, which gives us a not-so-shabby total of 117985 monsters defeated.
{Sylvie} Okay, everyone! I just had the weirdest vision. In the next 10 minutes, somebody called ｲAzi Dahakaｳ will be showing up in Escha - Zi'Tah, somewhere around H-8! Is that good?
{Sylvie} Hey! You can earn double the usual amount of Unity accolades right now! That's like hitting two stones with one bird!
{Tristenironman} /

{Hummels} Hello!

{Roruoni} *sniffs hair*

{Roruoni} Hello!

{Sylvie} There appears to be a unit separate from Azi Dahaka out there. Please head to Escha - Zi'Tah (H-8) and investigate.
{Tereska} /

{Sylvie} Uh-oh! He's here! That Azi Dahaka guy's showed up in Escha - Zi'Tah around H-8, and he seems super duper mad.
Sebwolf examines you.
Sebwolf begins to browse the merchandise in your bazaar.
Sebwolf leaves your bazaar.
{Sylvie} Oh wow, good job, everyone! That Azi Dahaka guy in Escha - Zi'Tah is all beaten up. I think we won! Yay!
{Sylvie} Currently, we have taken down 10367 monsters in a row, which gives us a not-so-shabby total of 117986 monsters defeated.
{Sylvie} Okay, everyone! I just had the weirdest vision. In the next 10 minutes, somebody called ｲNaga Rajaｳ will be showing up in Escha - Ru'Aun, somewhere around H-9! Is that good?
Sheepshenko unleashes a burst of runic energy.
{Sylvie} There appears to be a unit separate from Naga Raja out there. Please head to Escha - Ru'Aun (H-9) and investigate.
{Ladydaytona} .

{Sylvie} Uh-oh! He's here! That Naga Raja guy's showed up in Escha - Ru'Aun around H-9, and he seems super duper mad.
{Sylvie} Oh wow, good job, everyone! That Naga Raja guy in Escha - Ru'Aun is all beaten up. I think we won! Yay!
{Sylvie} Currently, we have taken down 10368 monsters in a row, which gives us a not-so-shabby total of 117987 monsters defeated.
{Bearfang} /

{Bearfang} /

{Sylvie} Okay, everyone! I just had the weirdest vision. In the next 10 minutes, somebody called ｲQuetzalcoatlｳ will be showing up in Reisenjima, somewhere around ?-?! Is that good?
{Morgychan} Hello!

{Sylvie} There appears to be a unit separate from Quetzalcoatl out there. Please head to Reisenjima (?-?) and investigate.
