=== Area: Reisenjima ===
Loading Blist settings for Helyah.
React: Loading File: react_WHM.lua
*****DP Job Selection:WHM*****
Mode: Magic.
 White = Can not cast.
 Green = Casting Range
Size already 20.
ConsoleBG: Position changed! X: 15 Y: 50
Loaded WHM Battlemod filters
You have undertaken the limited-time Records of Eminence challenge á≤Vanquish Plantoids.á≥
The August 2022 Login Campaign is currently underway!
The maximum number of people are already participating in Unity chat. Please try again later.
In celebration of your most recent login (login no. 8), we have provided you with 100 points!You currently have a total of 1200 points.
<<< Welcome to Asura! >>>
Å°Assist Channel added for New Players and Returnees! https://sqex.to/yLvfp


Å°Vana'diel Doused with the August Version Update!


Å°Sunbreeze Festival & Green Festival [until August 31 at 7:59 (PDT) / 14:59 (GMT) / 15:59 (BST)]


Å°August 2022 Login Campaign [until September 2 at 7:00 (PDT) / 14:00 (GMT) / 15:00 (BST)]


Å°Fun in the Sun Campaign [until August 22 at 0:59 (PDT) / 7:59 (GMT) / 8:59(BST)]


Å°Return Home to Vana'diel Campaign [until August 22 at 1:00 (PDT) / 8:00 (GMT) / 9:00 (BST)]


Å°Discount Campaign [until August 31 at 1:00 (PDT) / 8:00 (GMT) / 9:00 (BST)]


Å°The Summer Alter Ego Extravaganza [until August 31 at 7:59 (PDT) / 14:59 (GMT) / 15:59 (BST)]


* Please refer to the official website for more details.
[1]< VanillaForLyfe: Bigtymer >
Sortie before shorties.  #RespectTOS (Aug. 11, 2022 2:01:19am)
Incantrix : Come to trade?
Incantrix : Come to trade?
Incantrix : Come to trade?
Incantrix : I's able to use my magic on your breath 1 more time.
Incantrix : I's able to use my magic on your breath 1 more time.
Incantrix : I's able to use my magic on your breath 1 more time.
Incantrix : Now, don'tcha move one ilm...
Incantrix : Now, don'tcha move one ilm...
Incantrix : Now, don'tcha move one ilm...
Obtained key item: Mystical canteen.
Indis summons a chirping chocobo chick.
Helyah's Reraise effect wears off.
Berzirk examines you.
Berzirk begins to browse the merchandise in your bazaar.
Berzirk leaves your bazaar.
Miniulti : MINI

Miniina : im mini

Miniulti : we mini

Miniulti cheers Miniina on!
=== Area: Reisenjima ===
React: Loading File: react_WHM.lua
*****DP Job Selection:WHM*****
Mode: Magic.
 White = Can not cast.
 Green = Casting Range
Size already 20.
ConsoleBG: Position changed! X: 15 Y: 50
Loaded WHM Battlemod filters
You have undertaken the limited-time Records of Eminence challenge á≤Vanquish Amorphs.á≥
The maximum number of people are already participating in Unity chat. Please try again later.
<<< Welcome to Asura! >>>
Å°Assist Channel added for New Players and Returnees! https://sqex.to/yLvfp


Å°Vana'diel Doused with the August Version Update!


Å°Sunbreeze Festival & Green Festival [until August 31 at 7:59 (PDT) / 14:59 (GMT) / 15:59 (BST)]


Å°August 2022 Login Campaign [until September 2 at 7:00 (PDT) / 14:00 (GMT) / 15:00 (BST)]


Å°Fun in the Sun Campaign [until August 22 at 0:59 (PDT) / 7:59 (GMT) / 8:59(BST)]


Å°Return Home to Vana'diel Campaign [until August 22 at 1:00 (PDT) / 8:00 (GMT) / 9:00 (BST)]


Å°Discount Campaign [until August 31 at 1:00 (PDT) / 8:00 (GMT) / 9:00 (BST)]


Å°The Summer Alter Ego Extravaganza [until August 31 at 7:59 (PDT) / 14:59 (GMT) / 15:59 (BST)]


* Please refer to the official website for more details.
[1]< VanillaForLyfe: Bigtymer >
Sortie before shorties.  #RespectTOS (Aug. 11, 2022 2:01:19am)
Helyah's Shell effect wears off.
Helyah's Protect effect wears off.
You have undertaken the limited-time Records of Eminence challenge á≤Vanquish Vermin.á≥
Shidifu examines you.
Shidifu begins to browse the merchandise in your bazaar.
Shidifu leaves your bazaar.
Prawny examines you.
Prawny begins to browse the merchandise in your bazaar.
Prawny leaves your bazaar.
Zomax examines you.
Zomax begins to browse the merchandise in your bazaar.
Zomax leaves your bazaar.
Kedamon gives a triumphant cry with Yukkoh!
Kedamon gives a triumphant cry with Marune!
Kedamon obtained 6 spools of cotton thread.
Beve waves to Kedamon.
Kedamon waves to Beve.
Yukkoh questions Romu.
Yukkoh questions Romu.
Serowfi pats Paoran consolingly.
Sakutaru : mooooooooooooooooseeeeeeeeeeeeeeeeeeeeeeeeeeeeeee

Daymen examines you.
Daymen begins to browse the merchandise in your bazaar.
Daymen leaves your bazaar.
Gedders waves to Warmoose.
Warmoose waves to Gedders.
Kedamon nods to Marune.
You have undertaken the limited-time Records of Eminence challenge á≤Physical Damage Kills.á≥
Serowfi's eyes brim over with tears.
[1]<Chippps> he's alive :o

[1]<Chippps> he's alive :o

[1]<Delirious> yea I dont look at my pc through the weekdays

[1]<Chippps> i won't be around tonight, but we'll do some Sortie gaming as a group Tomorrow is the plan

Rastafari pokes Jokes.
Jokes grins roguishly at Rastafari.
Pimpvict>> thanks for letting me join..ppl thought i was afk but i was playing

Minivict>> any runs today?

Klulo waves to Wreckz.
Miniulti : OH 

Miniulti : IM A BUBMBLE BEE

Miniulti : A BUBMBLE BEE THAT LIKES KFC

Icewulf examines you.
Icewulf begins to browse the merchandise in your bazaar.
Icewulf leaves your bazaar.
Icewulf examines you.
Icewulf begins to browse the merchandise in your bazaar.
Icewulf leaves your bazaar.
Jyulieane examines you.
Jyulieane begins to browse the merchandise in your bazaar.
Jyulieane leaves your bazaar.
Vayuh looks at Rasingon, shocked!
Lordzephy waves to Averee.
Lordzephy waves to Orionpaxion.
Lliltaru waves to Eidos.
Eidos : what's the queue like now?

You have undertaken the limited-time Records of Eminence challenge á≤Vanquish Beasts.á≥
Janosh pokes Apolidor.
Zonsiile cheers Xxpoure on!
Zonsiile cheers Xxpoure on!
Zonsiile cheers Xxpoure on!
Zonsiile cheers Xxpoure on!
Siniroth examines you.
Siniroth begins to browse the merchandise in your bazaar.
Siniroth leaves your bazaar.
Syrellyn waves to Taichuii.
Taichuii waves to Syrellyn.
Efx : anyone want in for cards?

Shakyamuni waves to Rebllion.
Eltanyn pokes Ynti.
Eltanyn cheers Alextrazia on!
Alextrazia cheers Eltanyn on!
Ynti pokes Eltanyn.
Eltanyn pokes Ynti.
Ynti looks angry.
Eltanyn cheers Ynti on!
Ynti looks angry.
Karayb applies a bandage to Sulhi.
Sulhi looks at Karayb and panics!
Karayb summons a chirping chocobo chick for Eltanyn.
Karayb summons a chirping chocobo chick for Sulhi.
Karayb applies a bandage.
Karayb summons a chirping chocobo chick for Lulutaru.
Karayb applies a bandage to Ynti.
Karayb summons a chirping chocobo chick for Alextrazia.
Miniulti : MY NAME IS STRONGFANG

Miniulti : FIRST OF MY KIND

Miniulti : I CAN ALMOST BLOW MYSELF

Miniulti : WATCH

Ringzero falls asleep in front of Alextrazia.
Eltanyn dozes off quietly.
Karayb applies a bandage to Alextrazia.
Karayb summons a chirping chocobo chick for Sulhi.
Ringzero dances the Omen entry jig

Rebllion : anyone need cards ??

Sirboyde examines you.
Sirboyde begins to browse the merchandise in your bazaar.
Sirboyde leaves your bazaar.
Taichuii smiles warmly at Sirboyde.
Syrellyn waves to Porklomein.
Porklomein heats up.
findAll: Searching: :Helyah jhak
findAll: Helyah/wardrobe4: Jhakri Coronal
findAll: Helyah/wardrobe4: Jhakri Cuffs
findAll: Helyah/wardrobe4: Jhakri Pigaches
findAll: Helyah/wardrobe4: Jhakri Robe
findAll: Helyah/wardrobe4: Jhakri Slops
findAll: Total: 5
Porklomein points at Coelestrox.
Yiro waves.
Ynti waves to Yiro.
Yiro pokes Taichuii.
Gottlieb points at Yiro.
Gottlieb points at Taichuii.
Megid examines you.

Megid : That's too bad.

Deoxys : your too bad

Megid : T.T

Taichuii : you're

Megid : D:

Deoxys : youwre*

Shunryu : everyone

Taichuii : uwu too bad

Megid bows courteously to Altanaa.
Deoxys : correct ^

Altanaa smiles warmly at Megid.
Megid : I'm rich

Gottlieb : Punkie Brewster

Royals : thou art* fuckin peasants

Shunryu : but stupid

Gottlieb points at Taichuii.
Yiro eats some Porklomein

Gottlieb : Charlie's Angels

Taichuii : spelt anals wrong

Porklomein : uWu

Gottlieb : NFL

Gottlieb : MBL

Gottlieb : NHL

Ringzero : GLE

Gottlieb : YOur Momma

Deoxys : you're*

Megid examines you again.

Shakyamuni examines you.

Shakyamuni waves to Gottlieb.
Gottlieb waves to Shakyamuni.
Drauger licks Vayuh

Vayuh looks at Drauger, shocked!
Drauger grins roguishly at Vayuh.
Vayuh looks away from Drauger, lost in thought.
Shakyamuni waves to Porklomein.
Porklomein waves to Shakyamuni.
Ynti bursts out laughing beside Karayb!
Daethsightt waves to Thepoopsmith.
Samanta waves to Ladyagrias.
Ajuce examines you.
Ajuce begins to browse the merchandise in your bazaar.
Ajuce leaves your bazaar.
Arceila : 8 cards that run

Luckky : no more ki here ; ;

Rebllion : anyone need cards ?

Gottlieb : im on bst mode

Gottlieb nods.
Taobaowang examines you.
Taobaowang begins to browse the merchandise in your bazaar.
Taobaowang leaves your bazaar.
Karmakarma : Anyone card farming have room for one more?

Taobaowang kneels respectfully before Droske.
Esency looks at Pixster and panics!
Esency looks at Rebllion and panics!
Esency waves to Rebllion.
Chuggachugga cheers Arezent on!
Arezent salutes Chuggachugga.
Shoza bows courteously to Elisapenn.
Elisapenn gives a triumphant cry with Shoza!
Fenrirvii examines you.
Fenrirvii begins to browse the merchandise in your bazaar.
Fenrirvii leaves your bazaar.
Ladyagrias examines you.
Ladyagrias begins to browse the merchandise in your bazaar.
Ladyagrias leaves your bazaar.
Vayuh looks at Kasune, shocked!
Kasune pokes Vayuh.
Vayuh slaps Kasune.
Kasune summons a chirping chocobo chick for Vayuh.
Vayuh intimidates Kasune with her fearsome black wings.
Isshen examines you.
Isshen begins to browse the merchandise in your bazaar.
Isshen leaves your bazaar.
You have undertaken the limited-time Records of Eminence challenge á≤Vanquish Birds.á≥
Bassotto applies a bandage to Asterism.
Bassotto applies a bandage to Ruvuy.
Ruvuy motions joyfully to Galgo.
Esency waves to Vayuh.
Vayuh smiles warmly at Esency.
Vayuh looks at Esency, shocked!
Esency looks at Vayuh and panics!
Vayuh slaps Esency.
Vayuh looks at Esency, shocked!
Vayuh looks at Kasune, shocked!
Bassotto applies a bandage to Kumatti.
Kumatti summons a chirping chocobo chick for Bassotto.
Ichiyo examines you.
Ichiyo begins to browse the merchandise in your bazaar.
Ichiyo leaves your bazaar.
Kildabeasttwo : sea all jers

Zelie : Cards Can I have it? Reward 2M

Zelie : Cards Can I have it? Reward 2M

Zuppa examines you.
Zuppa begins to browse the merchandise in your bazaar.
Zuppa leaves your bazaar.
Lordoftheseven waves to dazusu

Yamilla examines you.
Yamilla begins to browse the merchandise in your bazaar.
Yamilla leaves your bazaar.
Spicyken examines you.
Spicyken begins to browse the merchandise in your bazaar.
Yamilla waves to Knoel.
Spicyken leaves your bazaar.
Larachan bows.
Knoel waves to Yamilla.
Yamilla cheers Knoel on!
Sabishii waves to Kiakasha.
Kiakasha motions joyfully to Sabishii.
Sabishii waves to Yamilla.
Yamilla waves to Sabishii.
Samsonxiii examines you.
Samsonxiii begins to browse the merchandise in your bazaar.
Samsonxiii leaves your bazaar.
Zaffren claps his hands at Arcaine.
Zaffren looks away from Arcaine, lost in thought.
Zaffren looks away from Arcaine, lost in thought.
Zaffren nods to Arcaine.
Arcaine salutes Zaffren.
Shua waves to Tiado.
Shua : Cousin Tiado!

Tiado waves to Shua.
Sabishii waves to Shua.
Shua waves to Sabishii.
Tiado looks at Shua and panics!
Abject examines you.
Abject begins to browse the merchandise in your bazaar.
Abject leaves your bazaar.
Yamilla waves to Kasune.
Kasune waves to Yamilla.
Vayuh looks at Kingvon, shocked!
Kingvon bows courteously to Vayuh.
Vayuh nods to Kingvon.
Ticien : someone here got some stank butt

Zanbuza : >.><.<

Lobbi : Hello! card farm Can I have it? DRG You can have this. Please invite me.

Zaffren seems lost in thought.
[1]<Kinggalka> logged onto my new laptop to get my ody ki lol

Yamilla waves to Kloee.
Kloee waves to Yamilla.
[1]<Mopar> haha

Zaffren looks away from Shadowabuser, lost in thought.
[1]<Kinggalka> see you folks, getting back to work lol

Nineteeneleven unleashes a burst of runic energy.
Lobbi : Hello! card farm Can I have it? DRG You can have this. Please invite me.! thanks !

Lobbi : Hello! card farm Can I have it? DRG You can have this. Please invite me.! thanks !

Lobbi : Hello! card farm Can I have it? DRG You can have this. Please invite me.! thanks !

Yamilla pats Lobbi consolingly.
Lobbi weeps in sorrow before Yamilla.
Miniulti pats Lobbi consolingly.
You have undertaken the limited-time Records of Eminence challenge á≤Vanquish Lizards.á≥
Lobbi : Hello! card farm Can I have it? DRG You can have this. Please invite me.! thanks !

Miniulti : just solo :D dont kill the mid bosses

Lobbi : i like to socialize too lol XD

Miniulti : >:O!

Lobbi : Hello! card farm Can I have it? DRG You can have this. Please invite me.! thanks !

Katyl waves goodbye to Lizel.
Torapon examines you.
Torapon begins to browse the merchandise in your bazaar.
Torapon leaves your bazaar.
Strayiceball examines you.
Strayiceball begins to browse the merchandise in your bazaar.
Strayiceball leaves your bazaar.
Kiakasha calls forth her dark minions to beleaguer Sabishii.
Kiakasha calls forth her dark minions to beleaguer Khay.
Kiakasha calls forth her dark minions to beleaguer Knoel.
Knoel bows courteously to Kiakasha.
Kiakasha calls forth her dark minions to beleaguer Arcaine.
Cabbit is listening intently.
Sheepshenko examines you.
Sheepshenko begins to browse the merchandise in your bazaar.
Sheepshenko leaves your bazaar.
