[21:50:07] Wolfdemon[Whitegate]: Dynamis - Jeuno D Can I have it? rp farm/ wave 2 clear. /tell
[21:50:12] Cherilyn[Mhaura]: WOC & Kirin Death Can I have it? Pop items/drops You can have this. Please assist.
[21:50:22] Yanhoo[PortBastok]: Escha - Ru'Aun + Reisenjima Full clear Buy? /tell
[21:50:23] Meavel[Whitegate]: OU pOp 5M  Do you need it? /tell
[21:51:07] Cetux[RuLudeGard]: M. Silverpiece x30 110k each Bazaar (F-8) (AH)
[21:51:23] Mouthpiece[PSandOria]: Dls. Torque +2 Do you need it? Buy? /tell Thank you.
[21:51:35] Aphocalypse[Rabao]: Odyssey T4 Boss Bumba Clear Mind Do you need it? interest Buy? /tell
[21:51:36] superwarp: Warping via Home Point #2 to Port Windurst - Mog House (F).
[21:51:43] === Area: Port Windurst ===
[21:51:51] The maximum number of people are already participating in Unity chat. Please try again later.
[21:51:51] This area is currently affected by the Super Kupower: ‡²Boundary Buster‡³!
[21:51:51] This area is currently affected by the Super Kupower: ‡²Bountiful Bazaar‡³!
[21:51:51] This area is currently affected by the Super Kupower: ‡²Crystal Caboodle‡³!
[21:51:51] Take on the ‡²Assist Channel‡³ Records of Eminence objective from the Tutorial section of the Records of Eminence Menu and speak to the A.M.A.N. liaison.
[21:51:51] Eternalkaiser[WindWoods]: i hate fat stlupid catz
[21:52:01] superwarp: Warping via Home Point #3 to Port Windurst - Entrance.
[21:52:20] === Area: West Sarutabaruta ===
[21:52:28] This area is currently affected by the Super Kupower: ‡²Boundary Buster‡³!
[21:52:28] This area is currently affected by the Super Kupower: ‡²Bountiful Bazaar‡³!
[21:52:28] This area is currently affected by the Super Kupower: ‡²Crystal Caboodle‡³!
[21:53:37] Helyah starts casting Chocobo Mazurka on Helyah.
[21:53:42] Helyah's singing skill rises 0.4 points.
[21:53:42] Helyah's singing skill reaches level 12.
[21:53:42] Helyah casts Chocobo Mazurka.
[21:53:42] Helyah gains the effect of Mazurka.
[21:54:40] {Sylvie} There appears to be a unit separate from Azi Dahaka out there. Please head to Escha - Zi'Tah (H-8) and investigate.
[21:55:42] Helyah's Mazurka effect wears off.
[21:56:04] Helyah starts casting Mage's Ballad III on Helyah.
[21:56:04] {Sylvie} Uh oh! He's here! That Azi Dahaka guy's showed up in Escha - Zi'Tah around H-8, and he seems super duper mad.
[21:56:12] Helyah's singing skill rises 0.5 points.
[21:56:12] Helyah casts Mage's Ballad III.
[21:56:12] Helyah gains the effect of Ballad.
[21:57:01] Your command to repeat has been set to: magesballad3.
[21:57:03] Enabling Repeater.
[21:57:03] Helyah starts casting Mage's Ballad III on Helyah.
[21:57:11] Helyah's singing skill rises 0.2 points.
[21:57:11] Helyah's singing skill reaches level 13.
[21:57:11] Helyah's wind instrument skill rises 0.1 points.
[21:57:11] Helyah casts Mage's Ballad III.
[21:57:11] Helyah gains the effect of Ballad.
[21:57:14] Abort: [Mage's Ballad III] waiting on recast. (0:00:19)
[21:57:14] {Sylvie} Oh wow, good job, everyone! That Azi Dahaka guy in Escha - Zi'Tah is all beaten up. I think we won! Yay!
[21:57:15] {Sylvie} Currently, we have taken down 2852 monsters in a row, which gives us a not-so-shabby total of 64900 monsters defeated.
[21:57:16] Your repeat delay has been set to: 180.
[21:57:23] Abort: [Mage's Ballad III] waiting on recast. (0:00:10)
[21:59:12] Helyah's Ballad effect wears off.
[21:59:29] {Sylvie} Okay, everyone! I just had the weirdest vision. In the next 10 minutes, somebody called ‡²Naga Raja‡³ will be showing up in Escha - Ru'Aun, somewhere around H-9! Is that good?
[22:00:18] Conquest update:
[22:00:18] This region is currently under Windurstian control.
[22:00:18] Regional influence:
[22:00:18] San d'Oria - Minimal
[22:00:18] Bastok - Minimal
[22:00:18] Windurst - Dominant
[22:00:23] Helyah starts casting Mage's Ballad III on Helyah.
[22:00:25] Bruno(bruno) is now online on Guildwork.
[22:00:31] Helyah's singing skill rises 0.1 points.
[22:00:31] Helyah casts Mage's Ballad III.
[22:00:31] Helyah gains the effect of Ballad.
[22:02:32] Helyah's Ballad effect wears off.
[22:02:59] Defense Mode is now Magical (MDT).
[22:03:03] Your repeat delay has been set to: 240.
[22:03:23] Helyah starts casting Mage's Ballad III on Helyah.
[22:03:31] Helyah's singing skill rises 0.2 points.
[22:03:31] Helyah's wind instrument skill rises 0.1 points.
[22:03:31] Helyah casts Mage's Ballad III.
[22:03:31] Helyah gains the effect of Ballad.
[22:05:02] {Sylvie} There appears to be a unit separate from Naga Raja out there. Please head to Escha - Ru'Aun (H-9) and investigate.
[22:05:32] Helyah's Ballad effect wears off.
[22:06:23] {Sylvie} Uh oh! He's here! That Naga Raja guy's showed up in Escha - Ru'Aun around H-9, and he seems super duper mad.
[22:07:23] Helyah starts casting Mage's Ballad III on Helyah.
[22:07:25] {Sylvie} Oh wow, good job, everyone! That Naga Raja guy in Escha - Ru'Aun is all beaten up. I think we won! Yay!
[22:07:26] {Sylvie} Currently, we have taken down 2853 monsters in a row, which gives us a not-so-shabby total of 64901 monsters defeated.
[22:07:31] Helyah's wind instrument skill rises 0.2 points.
[22:07:31] Helyah casts Mage's Ballad III.
[22:07:31] Helyah gains the effect of Ballad.
[22:09:32] Helyah's Ballad effect wears off.
[22:10:09] {Sylvie} Okay, everyone! I just had the weirdest vision. In the next 10 minutes, somebody called ‡²Quetzalcoatl‡³ will be showing up in Reisenjima, somewhere around ?-?! Is that good?
[22:10:36] {Darkspire} o/
[22:10:37] {Stacis} .
[22:10:44] {Stacis} .
[22:11:23] Helyah starts casting Mage's Ballad III on Helyah.
[22:11:32] Helyah's singing skill rises 0.2 points.
[22:11:32] Helyah's wind instrument skill rises 0.5 points.
[22:11:32] Helyah's wind instrument skill reaches level 8.
[22:11:32] Helyah casts Mage's Ballad III.
[22:11:32] Helyah gains the effect of Ballad.
[22:13:32] Helyah's Ballad effect wears off.
[22:13:52] {Sylvie} There appears to be a unit separate from Quetzalcoatl out there. Please head to Reisenjima (?-?) and investigate.
[22:15:23] Helyah starts casting Mage's Ballad III on Helyah.
[22:15:26] {Sylvie} Uh oh! He's here! That Quetzalcoatl guy's showed up in Reisenjima around ?-?, and he seems super duper mad.
[22:15:31] Helyah's singing skill rises 0.5 points.
[22:15:31] Helyah's singing skill reaches level 14.
[22:15:31] Helyah's wind instrument skill rises 0.1 points.
[22:15:31] Helyah casts Mage's Ballad III.
[22:15:31] Helyah gains the effect of Ballad.
[22:16:56] {Sylvie} Oh wow, good job, everyone! That Quetzalcoatl guy in Reisenjima is all beaten up. I think we won! Yay!
[22:16:56] {Sylvie} Currently, we have taken down 2854 monsters in a row, which gives us a not-so-shabby total of 64902 monsters defeated.
[22:17:31] Helyah's Ballad effect wears off.
[22:18:16] {Sylvie} Okay, everyone! I just had the weirdest vision. In the next 10 minutes, somebody called ‡²Azi Dahaka‡³ will be showing up in Escha - Zi'Tah, somewhere around H-8! Is that good?
[22:19:23] Helyah starts casting Mage's Ballad III on Helyah.
[22:19:32] Helyah's singing skill rises 0.2 points.
[22:19:32] Helyah casts Mage's Ballad III.
[22:19:32] Helyah gains the effect of Ballad.
[22:21:32] Helyah's Ballad effect wears off.
[22:23:23] Helyah starts casting Mage's Ballad III on Helyah.
[22:23:32] Helyah's wind instrument skill rises 0.2 points.
[22:23:32] Helyah casts Mage's Ballad III.
[22:23:32] Helyah gains the effect of Ballad.
[22:24:00] {Sylvie} There appears to be a unit separate from Azi Dahaka out there. Please head to Escha - Zi'Tah (H-8) and investigate.
[22:25:32] Helyah's Ballad effect wears off.
[22:25:52] {Sylvie} Uh oh! He's here! That Azi Dahaka guy's showed up in Escha - Zi'Tah around H-8, and he seems super duper mad.
[22:27:18] {Sylvie} Oh wow, good job, everyone! That Azi Dahaka guy in Escha - Zi'Tah is all beaten up. I think we won! Yay!
[22:27:19] {Sylvie} Currently, we have taken down 2855 monsters in a row, which gives us a not-so-shabby total of 64903 monsters defeated.
[22:27:23] Helyah starts casting Mage's Ballad III on Helyah.
[22:27:29] {Benjaman} Hello!
[22:27:31] Helyah's singing skill rises 0.3 points.
[22:27:31] Helyah's wind instrument skill rises 0.3 points.
[22:27:31] Helyah's wind instrument skill reaches level 9.
[22:27:31] Helyah casts Mage's Ballad III.
[22:27:31] Helyah gains the effect of Ballad.
[22:27:48] {Zyteen} .
[22:28:49] {Sylvie} Okay, everyone! I just had the weirdest vision. In the next 10 minutes, somebody called ‡²Naga Raja‡³ will be showing up in Escha - Ru'Aun, somewhere around H-9! Is that good?
[22:29:32] Helyah's Ballad effect wears off.
[22:30:19] {Sylvie} My visions tell me that we have a roughly...seventy percent chance of getting in first place from here...maybe.
[22:30:32] {Zemekis} o/
[22:31:23] Helyah starts casting Mage's Ballad III on Helyah.
[22:31:31] Helyah's singing skill rises 0.2 points.
[22:31:31] Helyah's wind instrument skill rises 0.5 points.
[22:31:31] Helyah casts Mage's Ballad III.
[22:31:31] Helyah gains the effect of Ballad.
[22:33:32] Helyah's Ballad effect wears off.
[22:34:38] {Sylvie} There appears to be a unit separate from Naga Raja out there. Please head to Escha - Ru'Aun (H-9) and investigate.
[22:35:23] Helyah starts casting Mage's Ballad III on Helyah.
[22:35:32] Helyah's singing skill rises 0.4 points.
[22:35:32] Helyah's singing skill reaches level 15.
[22:35:32] Helyah's wind instrument skill rises 0.5 points.
[22:35:32] Helyah's wind instrument skill reaches level 10.
[22:35:32] Helyah casts Mage's Ballad III.
[22:35:32] Helyah gains the effect of Ballad.
[22:36:19] {Sylvie} Uh oh! He's here! That Naga Raja guy's showed up in Escha - Ru'Aun around H-9, and he seems super duper mad.
[22:37:32] Helyah's Ballad effect wears off.
[22:38:14] {Sylvie} Oh wow, good job, everyone! That Naga Raja guy in Escha - Ru'Aun is all beaten up. I think we won! Yay!
[22:38:14] {Sylvie} Currently, we have taken down 2856 monsters in a row, which gives us a not-so-shabby total of 64904 monsters defeated.
[22:39:23] Helyah starts casting Mage's Ballad III on Helyah.
[22:39:31] Helyah's singing skill rises 0.4 points.
[22:39:31] Helyah casts Mage's Ballad III.
[22:39:31] Helyah gains the effect of Ballad.
[22:41:32] Helyah's Ballad effect wears off.
[22:42:09] {Sylvie} Okay, everyone! I just had the weirdest vision. In the next 10 minutes, somebody called ‡²Quetzalcoatl‡³ will be showing up in Reisenjima, somewhere around ?-?! Is that good?
[22:43:23] Helyah starts casting Mage's Ballad III on Helyah.
[22:43:31] Helyah casts Mage's Ballad III.
[22:43:31] Helyah gains the effect of Ballad.
[22:45:32] Helyah's Ballad effect wears off.
[22:46:00] {Sylvie} There appears to be a unit separate from Quetzalcoatl out there. Please head to Reisenjima (?-?) and investigate.
[22:47:15] {Warmechx}  .
[22:47:23] Helyah starts casting Mage's Ballad III on Helyah.
[22:47:32] Helyah's singing skill rises 0.5 points.
[22:47:32] Helyah's singing skill reaches level 16.
[22:47:32] Helyah casts Mage's Ballad III.
[22:47:32] Helyah gains the effect of Ballad.
[22:47:33] {Sylvie} Uh oh! He's here! That Quetzalcoatl guy's showed up in Reisenjima around ?-?, and he seems super duper mad.
[22:49:20] {Sylvie} Oh wow, good job, everyone! That Quetzalcoatl guy in Reisenjima is all beaten up. I think we won! Yay!
[22:49:20] {Sylvie} Currently, we have taken down 2857 monsters in a row, which gives us a not-so-shabby total of 64905 monsters defeated.
[22:49:32] Helyah's Ballad effect wears off.
[22:50:16] {Sylvie} Okay, everyone! I just had the weirdest vision. In the next 10 minutes, somebody called ‡²Azi Dahaka‡³ will be showing up in Escha - Zi'Tah, somewhere around H-8! Is that good?
[22:51:23] Helyah starts casting Mage's Ballad III on Helyah.
[22:51:32] Helyah's singing skill rises 0.5 points.
[22:51:32] Helyah's wind instrument skill rises 0.4 points.
[22:51:32] Helyah casts Mage's Ballad III.
[22:51:32] Helyah gains the effect of Ballad.
[22:53:32] Helyah's Ballad effect wears off.
[22:55:23] Helyah starts casting Mage's Ballad III on Helyah.
[22:55:32] Helyah casts Mage's Ballad III.
[22:55:32] Helyah gains the effect of Ballad.
[22:57:32] Helyah's Ballad effect wears off.
[22:57:59] {Sylvie} There appears to be a unit separate from Azi Dahaka out there. Please head to Escha - Zi'Tah (H-8) and investigate.
[22:58:56] {Drazzago} 69
[22:59:23] Helyah starts casting Mage's Ballad III on Helyah.
[22:59:31] Helyah's singing skill rises 0.3 points.
[22:59:31] Helyah's wind instrument skill rises 0.1 points.
[22:59:31] Helyah casts Mage's Ballad III.
[22:59:31] Helyah gains the effect of Ballad.
[22:59:59] {Sylvie} Uh oh! He's here! That Azi Dahaka guy's showed up in Escha - Zi'Tah around H-8, and he seems super duper mad.
[23:00:18] Conquest update:
[23:00:18] This region is currently under Windurstian control.
[23:00:18] Regional influence:
[23:00:18] San d'Oria - Minimal
[23:00:18] Bastok - Minimal
[23:00:18] Windurst - Dominant
[23:00:18] You have undertaken the limited-time Records of Eminence challenge ‡²Gain Experience.‡³
[23:01:32] Helyah's Ballad effect wears off.
[23:01:49] {Rsi} .
[23:03:09] {Sylvie} Oh wow, good job, everyone! That Azi Dahaka guy in Escha - Zi'Tah is all beaten up. I think we won! Yay!
[23:03:09] {Sylvie} Currently, we have taken down 2858 monsters in a row, which gives us a not-so-shabby total of 64906 monsters defeated.
[23:03:23] Helyah starts casting Mage's Ballad III on Helyah.
[23:03:29] {Sylvie} Okay, everyone! I just had the weirdest vision. In the next 10 minutes, somebody called ‡²Naga Raja‡³ will be showing up in Escha - Ru'Aun, somewhere around H-9! Is that good?
[23:03:31] Helyah's singing skill rises 0.1 points.
[23:03:31] Helyah's wind instrument skill rises 0.3 points.
[23:03:31] Helyah casts Mage's Ballad III.
[23:03:31] Helyah gains the effect of Ballad.
[23:05:32] Helyah's Ballad effect wears off.
[23:07:23] Helyah starts casting Mage's Ballad III on Helyah.
[23:07:31] Helyah's singing skill rises 0.1 points.
[23:07:31] Helyah's singing skill reaches level 17.
[23:07:31] Helyah's wind instrument skill rises 0.2 points.
[23:07:31] Helyah's wind instrument skill reaches level 11.
[23:07:31] Helyah casts Mage's Ballad III.
[23:07:31] Helyah gains the effect of Ballad.
[23:09:32] Helyah's Ballad effect wears off.
[23:11:23] Helyah starts casting Mage's Ballad III on Helyah.
[23:11:32] Helyah's singing skill rises 0.4 points.
[23:11:32] Helyah casts Mage's Ballad III.
[23:11:32] Helyah gains the effect of Ballad.
[23:11:53] {Sylvie} There appears to be a unit separate from Naga Raja out there. Please head to Escha - Ru'Aun (H-9) and investigate.
[23:12:23] {Taruthi} ,
[23:13:17] {Sylvie} Uh oh! He's here! That Naga Raja guy's showed up in Escha - Ru'Aun around H-9, and he seems super duper mad.
[23:13:32] Helyah's Ballad effect wears off.
[23:15:18] {Sylvie} Oh wow, good job, everyone! That Naga Raja guy in Escha - Ru'Aun is all beaten up. I think we won! Yay!
[23:15:19] {Sylvie} Currently, we have taken down 2859 monsters in a row, which gives us a not-so-shabby total of 64907 monsters defeated.
[23:15:23] Helyah starts casting Mage's Ballad III on Helyah.
[23:15:32] Helyah's singing skill rises 0.5 points.
[23:15:32] Helyah's wind instrument skill rises 0.1 points.
[23:15:32] Helyah casts Mage's Ballad III.
[23:15:32] Helyah gains the effect of Ballad.
[23:17:32] Helyah's Ballad effect wears off.
[23:19:23] Helyah starts casting Mage's Ballad III on Helyah.
[23:19:29] {Sylvie} Okay, everyone! I just had the weirdest vision. In the next 10 minutes, somebody called ‡²Quetzalcoatl‡³ will be showing up in Reisenjima, somewhere around ?-?! Is that good?
[23:19:31] Helyah's singing skill rises 0.2 points.
[23:19:32] Helyah's singing skill reaches level 18.
[23:19:32] Helyah's wind instrument skill rises 0.2 points.
[23:19:32] Helyah casts Mage's Ballad III.
[23:19:32] Helyah gains the effect of Ballad.
[23:21:32] Helyah's Ballad effect wears off.
[23:23:23] Helyah starts casting Mage's Ballad III on Helyah.
[23:23:31] Helyah's wind instrument skill rises 0.1 points.
[23:23:31] Helyah casts Mage's Ballad III.
[23:23:31] Helyah gains the effect of Ballad.
[23:25:32] Helyah's Ballad effect wears off.
[23:25:34] {Sylvie} There appears to be a unit separate from Quetzalcoatl out there. Please head to Reisenjima (?-?) and investigate.
[23:26:10] {Kaytaro} .
[23:27:07] {Sylvie} Uh oh! He's here! That Quetzalcoatl guy's showed up in Reisenjima around ?-?, and he seems super duper mad.
[23:27:13] {Alvinha} i
[23:27:23] Helyah starts casting Mage's Ballad III on Helyah.
[23:27:32] Helyah casts Mage's Ballad III.
[23:27:32] Helyah gains the effect of Ballad.
[23:28:45] {Sylvie} Oh wow, good job, everyone! That Quetzalcoatl guy in Reisenjima is all beaten up. I think we won! Yay!
[23:28:45] {Sylvie} Currently, we have taken down 2860 monsters in a row, which gives us a not-so-shabby total of 64908 monsters defeated.
[23:29:32] Helyah's Ballad effect wears off.
[23:30:17] {Sylvie} Okay, everyone! I just had the weirdest vision. In the next 10 minutes, somebody called ‡²Azi Dahaka‡³ will be showing up in Escha - Zi'Tah, somewhere around H-8! Is that good?
[23:30:19] {Sylvie} Did you know that the geomantic luopans used to be a lot bigger? They've only started miniaturizing them a few decades ago. You used to have to wield it over your shoulder and make sure nobody was behind you before using it.
[23:31:23] Helyah starts casting Mage's Ballad III on Helyah.
[23:31:32] Helyah's wind instrument skill rises 0.4 points.
[23:31:32] Helyah casts Mage's Ballad III.
[23:31:32] Helyah gains the effect of Ballad.
[23:32:16] {Avienx} .
[23:33:32] Helyah's Ballad effect wears off.
[23:35:24] Helyah starts casting Mage's Ballad III on Helyah.
[23:35:32] Helyah's singing skill rises 0.5 points.
[23:35:32] Helyah's wind instrument skill rises 0.4 points.
[23:35:32] Helyah's wind instrument skill reaches level 12.
[23:35:32] Helyah casts Mage's Ballad III.
[23:35:32] Helyah gains the effect of Ballad.
[23:36:32] {Pabe} .
[23:37:32] Helyah's Ballad effect wears off.
[23:39:23] Helyah starts casting Mage's Ballad III on Helyah.
[23:39:32] Helyah's wind instrument skill rises 0.5 points.
[23:39:32] Helyah casts Mage's Ballad III.
[23:39:32] Helyah gains the effect of Ballad.
[23:40:16] {Sylvie} There appears to be a unit separate from Azi Dahaka out there. Please head to Escha - Zi'Tah (H-8) and investigate.
[23:41:32] Helyah's Ballad effect wears off.
[23:41:47] {Sylvie} Uh oh! He's here! That Azi Dahaka guy's showed up in Escha - Zi'Tah around H-8, and he seems super duper mad.
[23:43:23] Helyah starts casting Mage's Ballad III on Helyah.
[23:43:32] Helyah's wind instrument skill rises 0.5 points.
[23:43:32] Helyah's wind instrument skill reaches level 13.
[23:43:32] Helyah casts Mage's Ballad III.
[23:43:32] Helyah gains the effect of Ballad.
[23:43:39] {Sylvie} Oh wow, good job, everyone! That Azi Dahaka guy in Escha - Zi'Tah is all beaten up. I think we won! Yay!
[23:43:40] {Sylvie} Currently, we have taken down 2861 monsters in a row, which gives us a not-so-shabby total of 64909 monsters defeated.
[23:45:32] Helyah's Ballad effect wears off.
[23:46:10] {Sylvie} Okay, everyone! I just had the weirdest vision. In the next 10 minutes, somebody called ‡²Naga Raja‡³ will be showing up in Escha - Ru'Aun, somewhere around H-9! Is that good?
[23:47:23] Helyah starts casting Mage's Ballad III on Helyah.
[23:47:32] Helyah casts Mage's Ballad III.
[23:47:32] Helyah gains the effect of Ballad.
[23:49:32] Helyah's Ballad effect wears off.
[23:51:24] Helyah starts casting Mage's Ballad III on Helyah.
[23:51:32] Helyah's wind instrument skill rises 0.2 points.
[23:51:32] Helyah casts Mage's Ballad III.
[23:51:32] Helyah gains the effect of Ballad.
[23:53:17] {Sylvie} There appears to be a unit separate from Naga Raja out there. Please head to Escha - Ru'Aun (H-9) and investigate.
[23:53:32] Helyah's Ballad effect wears off.
[23:54:37] {Sylvie} Uh oh! He's here! That Naga Raja guy's showed up in Escha - Ru'Aun around H-9, and he seems super duper mad.
[23:55:23] Helyah starts casting Mage's Ballad III on Helyah.
[23:55:32] Helyah's singing skill rises 0.3 points.
[23:55:32] Helyah's wind instrument skill rises 0.3 points.
[23:55:32] Helyah casts Mage's Ballad III.
[23:55:32] Helyah gains the effect of Ballad.
[23:55:51] {Sylvie} Oh wow, good job, everyone! That Naga Raja guy in Escha - Ru'Aun is all beaten up. I think we won! Yay!
[23:55:51] {Sylvie} Currently, we have taken down 2862 monsters in a row, which gives us a not-so-shabby total of 64910 monsters defeated.
[23:57:32] Helyah's Ballad effect wears off.
[23:59:23] Helyah starts casting Mage's Ballad III on Helyah.
[23:59:29] {Sylvie} Okay, everyone! I just had the weirdest vision. In the next 10 minutes, somebody called ‡²Quetzalcoatl‡³ will be showing up in Reisenjima, somewhere around ?-?! Is that good?
[23:59:31] Helyah's singing skill rises 0.2 points.
[23:59:31] Helyah's singing skill reaches level 19.
[23:59:31] Helyah's wind instrument skill rises 0.4 points.
[23:59:31] Helyah's wind instrument skill reaches level 14.
[23:59:31] Helyah casts Mage's Ballad III.
[23:59:31] Helyah gains the effect of Ballad.
