{Sylvie} Uh-oh! He's here! That Azi Dahaka guy's showed up in Escha - Zi'Tah around H-8, and he seems super duper mad.
{Sylvie} Oh wow, good job, everyone! That Azi Dahaka guy in Escha - Zi'Tah is all beaten up. I think we won! Yay!
{Sylvie} Currently, we have taken down 226 monsters in a row, which gives us a not-so-shabby total of 119965 monsters defeated.
{Sylvie} Okay, everyone! I just had the weirdest vision. In the next 10 minutes, somebody called ｲNaga Rajaｳ will be showing up in Escha - Ru'Aun, somewhere around H-9! Is that good?
{Sylvie} There appears to be a unit separate from Naga Raja out there. Please head to Escha - Ru'Aun (H-9) and investigate.
{Sylvie} Uh-oh! He's here! That Naga Raja guy's showed up in Escha - Ru'Aun around H-9, and he seems super duper mad.
{Sylvie} Oh wow, good job, everyone! That Naga Raja guy in Escha - Ru'Aun is all beaten up. I think we won! Yay!
{Sylvie} Currently, we have taken down 227 monsters in a row, which gives us a not-so-shabby total of 119966 monsters defeated.
{Siranoran} Hello!

{Sylvie} Okay, everyone! I just had the weirdest vision. In the next 10 minutes, somebody called ｲQuetzalcoatlｳ will be showing up in Reisenjima, somewhere around ?-?! Is that good?
{Libor} /

{Sylvie} There appears to be a unit separate from Quetzalcoatl out there. Please head to Reisenjima (?-?) and investigate.
{Sylvie} Uh-oh! He's here! That Quetzalcoatl guy's showed up in Reisenjima around ?-?, and he seems super duper mad.
Shaedhen cheers Ezekial on!
{Sylvie} Oh wow, good job, everyone! That Quetzalcoatl guy in Reisenjima is all beaten up. I think we won! Yay!
{Sylvie} Currently, we have taken down 228 monsters in a row, which gives us a not-so-shabby total of 119967 monsters defeated.
{Sylvie} Okay, everyone! I just had the weirdest vision. In the next 10 minutes, somebody called ｲAzi Dahakaｳ will be showing up in Escha - Zi'Tah, somewhere around H-8! Is that good?
{Selfeel} 。

Chomaking : /

{Sylvie} I once had to transcribe a three-hundred-year-old geomancy treatise. I could barely make heads or toes of the language they used back then.
{Sylvie} There appears to be a unit separate from Azi Dahaka out there. Please head to Escha - Zi'Tah (H-8) and investigate.
{Sylvie} Uh-oh! He's here! That Azi Dahaka guy's showed up in Escha - Zi'Tah around H-8, and he seems super duper mad.
{Sylvie} Oh wow, good job, everyone! That Azi Dahaka guy in Escha - Zi'Tah is all beaten up. I think we won! Yay!
{Sylvie} Currently, we have taken down 229 monsters in a row, which gives us a not-so-shabby total of 119968 monsters defeated.
{Alvinha} i

{Yopin} 。

{Sylvie} Okay, everyone! I just had the weirdest vision. In the next 10 minutes, somebody called ｲNaga Rajaｳ will be showing up in Escha - Ru'Aun, somewhere around H-9! Is that good?
{Sylvie} There appears to be a unit separate from Naga Raja out there. Please head to Escha - Ru'Aun (H-9) and investigate.
{Sylvie} Uh-oh! He's here! That Naga Raja guy's showed up in Escha - Ru'Aun around H-9, and he seems super duper mad.
{Sylvie} Oh wow, good job, everyone! That Naga Raja guy in Escha - Ru'Aun is all beaten up. I think we won! Yay!
{Sylvie} Currently, we have taken down 230 monsters in a row, which gives us a not-so-shabby total of 119969 monsters defeated.
{Luxxy} /

{Sylvie} Okay, everyone! I just had the weirdest vision. In the next 10 minutes, somebody called ｲQuetzalcoatlｳ will be showing up in Reisenjima, somewhere around ?-?! Is that good?
{Zerohp} .

Sebwolf examines you.
Sebwolf begins to browse the merchandise in your bazaar.
Sebwolf leaves your bazaar.
{Sylvie} There appears to be a unit separate from Quetzalcoatl out there. Please head to Reisenjima (?-?) and investigate.
{Alvinha} i

{Sylvie} Uh-oh! He's here! That Quetzalcoatl guy's showed up in Reisenjima around ?-?, and he seems super duper mad.
{Sylvie} Oh wow, good job, everyone! That Quetzalcoatl guy in Reisenjima is all beaten up. I think we won! Yay!
{Sylvie} Currently, we have taken down 231 monsters in a row, which gives us a not-so-shabby total of 119970 monsters defeated.
{Sheena} 。

{Sylvie} Okay, everyone! I just had the weirdest vision. In the next 10 minutes, somebody called ｲAzi Dahakaｳ will be showing up in Escha - Zi'Tah, somewhere around H-8! Is that good?
{Ubra} hi

{Sarashina} 。

{Ubra} Hello!

{Anigav} Hello!

{Sylvie} There appears to be a unit separate from Azi Dahaka out there. Please head to Escha - Zi'Tah (H-8) and investigate.
{Sylvie} Uh-oh! He's here! That Azi Dahaka guy's showed up in Escha - Zi'Tah around H-8, and he seems super duper mad.
{Sylvie} Oh wow, good job, everyone! That Azi Dahaka guy in Escha - Zi'Tah is all beaten up. I think we won! Yay!
{Sylvie} Currently, we have taken down 232 monsters in a row, which gives us a not-so-shabby total of 119971 monsters defeated.
{Sylvie} Okay, everyone! I just had the weirdest vision. In the next 10 minutes, somebody called ｲNaga Rajaｳ will be showing up in Escha - Ru'Aun, somewhere around H-9! Is that good?
[1]<Delirious> slut

{Sylvie} There appears to be a unit separate from Naga Raja out there. Please head to Escha - Ru'Aun (H-9) and investigate.
{Benzinho} i

{Sylvie} Uh-oh! He's here! That Naga Raja guy's showed up in Escha - Ru'Aun around H-9, and he seems super duper mad.
{Sylvie} Oh wow, good job, everyone! That Naga Raja guy in Escha - Ru'Aun is all beaten up. I think we won! Yay!
{Sylvie} Currently, we have taken down 233 monsters in a row, which gives us a not-so-shabby total of 119972 monsters defeated.
{Danielsan} /

Kohinord examines you.
{Sylvie} Okay, everyone! I just had the weirdest vision. In the next 10 minutes, somebody called ｲQuetzalcoatlｳ will be showing up in Reisenjima, somewhere around ?-?! Is that good?
{Sylvie} There appears to be a unit separate from Quetzalcoatl out there. Please head to Reisenjima (?-?) and investigate.
{Sylvie} Uh-oh! He's here! That Quetzalcoatl guy's showed up in Reisenjima around ?-?, and he seems super duper mad.
{Sylvie} When running into trouble, good geomancers don't struggle against their obstacles, but rather strengthen themselves through their communion with nature.
{Sylvie} Oh wow, good job, everyone! That Quetzalcoatl guy in Reisenjima is all beaten up. I think we won! Yay!
{Sylvie} Currently, we have taken down 234 monsters in a row, which gives us a not-so-shabby total of 119973 monsters defeated.
Nordishen examines you.
Nordishen begins to browse the merchandise in your bazaar.
Nordishen leaves your bazaar.
{Sylvie} Okay, everyone! I just had the weirdest vision. In the next 10 minutes, somebody called ｲAzi Dahakaｳ will be showing up in Escha - Zi'Tah, somewhere around H-8! Is that good?
{Sylvie} There appears to be a unit separate from Azi Dahaka out there. Please head to Escha - Zi'Tah (H-8) and investigate.
{Sylvie} Uh-oh! He's here! That Azi Dahaka guy's showed up in Escha - Zi'Tah around H-8, and he seems super duper mad.
{Sylvie} Oh wow, good job, everyone! That Azi Dahaka guy in Escha - Zi'Tah is all beaten up. I think we won! Yay!
{Sylvie} Currently, we have taken down 235 monsters in a row, which gives us a not-so-shabby total of 119974 monsters defeated.
{Elemis} Hello!

{Defeat} .

{Kiehls} 。.

{Mmintis} .

{Sylvie} Okay, everyone! I just had the weirdest vision. In the next 10 minutes, somebody called ｲNaga Rajaｳ will be showing up in Escha - Ru'Aun, somewhere around H-9! Is that good?
{Tereska} /

{Sylvie} There appears to be a unit separate from Naga Raja out there. Please head to Escha - Ru'Aun (H-9) and investigate.
{Zitahlove} /

{Sylvie} Uh-oh! He's here! That Naga Raja guy's showed up in Escha - Ru'Aun around H-9, and he seems super duper mad.
{Leonbrave} 、

{Sylvie} Oh wow, good job, everyone! That Naga Raja guy in Escha - Ru'Aun is all beaten up. I think we won! Yay!
{Sylvie} Currently, we have taken down 236 monsters in a row, which gives us a not-so-shabby total of 119975 monsters defeated.
{Sylvie} Okay, everyone! I just had the weirdest vision. In the next 10 minutes, somebody called ｲQuetzalcoatlｳ will be showing up in Reisenjima, somewhere around ?-?! Is that good?
{Bearfang} /

{Dibs} .

{Sylvie} There appears to be a unit separate from Quetzalcoatl out there. Please head to Reisenjima (?-?) and investigate.
{Sylvie} Uh-oh! He's here! That Quetzalcoatl guy's showed up in Reisenjima around ?-?, and he seems super duper mad.
{Sylvie} Oh wow, good job, everyone! That Quetzalcoatl guy in Reisenjima is all beaten up. I think we won! Yay!
{Sylvie} Currently, we have taken down 237 monsters in a row, which gives us a not-so-shabby total of 119976 monsters defeated.
{Sylvie} Okay, everyone! I just had the weirdest vision. In the next 10 minutes, somebody called ｲAzi Dahakaｳ will be showing up in Escha - Zi'Tah, somewhere around H-8! Is that good?
Nordishen : ll cantee

{Sylvie} There appears to be a unit separate from Azi Dahaka out there. Please head to Escha - Zi'Tah (H-8) and investigate.
[1]<Kinggalka> /

{Sylvie} Uh-oh! He's here! That Azi Dahaka guy's showed up in Escha - Zi'Tah around H-8, and he seems super duper mad.
[1]<Secare> hi

{Sylvie} Oh wow, good job, everyone! That Azi Dahaka guy in Escha - Zi'Tah is all beaten up. I think we won! Yay!
{Sylvie} Currently, we have taken down 238 monsters in a row, which gives us a not-so-shabby total of 119977 monsters defeated.
{Alenides} /

{Sylvie} Okay, everyone! I just had the weirdest vision. In the next 10 minutes, somebody called ｲNaga Rajaｳ will be showing up in Escha - Ru'Aun, somewhere around H-9! Is that good?
{Ruily} /

{Sylvie} I smell jungle cookies... Okay, who brought jungle cookies and didn't tell me?
{Sylvie} There appears to be a unit separate from Naga Raja out there. Please head to Escha - Ru'Aun (H-9) and investigate.
{Rayoteiyote} Hello!

{Whiteboo} /

{Sylvie} Uh-oh! He's here! That Naga Raja guy's showed up in Escha - Ru'Aun around H-9, and he seems super duper mad.
{Sylvie} Oh wow, good job, everyone! That Naga Raja guy in Escha - Ru'Aun is all beaten up. I think we won! Yay!
{Sylvie} Currently, we have taken down 239 monsters in a row, which gives us a not-so-shabby total of 119978 monsters defeated.
{Milphie} 、

{Sylvie} Okay, everyone! I just had the weirdest vision. In the next 10 minutes, somebody called ｲQuetzalcoatlｳ will be showing up in Reisenjima, somewhere around ?-?! Is that good?
{Sylvie} There appears to be a unit separate from Quetzalcoatl out there. Please head to Reisenjima (?-?) and investigate.
{Sylvie} Uh-oh! He's here! That Quetzalcoatl guy's showed up in Reisenjima around ?-?, and he seems super duper mad.
{Sylvie} Oh wow, good job, everyone! That Quetzalcoatl guy in Reisenjima is all beaten up. I think we won! Yay!
{Sylvie} Currently, we have taken down 240 monsters in a row, which gives us a not-so-shabby total of 119979 monsters defeated.
{Sylvie} Okay, everyone! I just had the weirdest vision. In the next 10 minutes, somebody called ｲAzi Dahakaｳ will be showing up in Escha - Zi'Tah, somewhere around H-8! Is that good?
{Alcenira} /

{Raisrar} Conquest

Zomax examines you.
Zomax begins to browse the merchandise in your bazaar.
Zomax leaves your bazaar.
You have undertaken the limited-time Records of Eminence challenge ｲVanquish Undead.ｳ
{Sylvie} There appears to be a unit separate from Azi Dahaka out there. Please head to Escha - Zi'Tah (H-8) and investigate.
{Sakuchaan} 。

{Edeee} Hello!

{Sylvie} Uh-oh! He's here! That Azi Dahaka guy's showed up in Escha - Zi'Tah around H-8, and he seems super duper mad.
Sypherion : soooo i have 2 pages left who wanna RvR 25m higher roll takes all!

{Sylvie} Oh wow, good job, everyone! That Azi Dahaka guy in Escha - Zi'Tah is all beaten up. I think we won! Yay!
{Sylvie} Currently, we have taken down 241 monsters in a row, which gives us a not-so-shabby total of 119980 monsters defeated.
{Fondvou} 。

{Sylvie} Okay, everyone! I just had the weirdest vision. In the next 10 minutes, somebody called ｲNaga Rajaｳ will be showing up in Escha - Ru'Aun, somewhere around H-9! Is that good?
Chharith : let me warm up

Dice roll! Chharith rolls 712!
Sypherion : cold starts onry

Dice roll! Sypherion rolls 562!
Dice roll! Jacknthebox rolls 52!
Dice roll! Chharith rolls 670!
Dice roll! Sypherion rolls 744!
Jacknthebox : lmaooo

Sypherion : :o

Chharith : just drop ur rema bro

Dice roll! Jacknthebox rolls 27!
Dice roll! Ryanx rolls 160!
Dice roll! Sypherion rolls 409!
Chharith : lmao

Chharith : you just lost 50 mil already 

Dice roll! Sypherion rolls 23!
Dice roll! Jacknthebox rolls 547!
Chharith : wait, buy me stack of sublime sushi before you roll

Sypherion : anyone wanna get in on this and do 10M 3 way winner takes all\

Chharith : total: Syp you owe Jack 10 mil, trade him, my commision is 2 mil

Sypherion : xD

Jacknthebox : lol

Sypherion : i dont remember hiring a gambling agent 

Jacknthebox : he did trade me 

Chharith : baby, baby, you neeed managment

Sypherion : im next but i have a alt here lets see whos awake

{Alcenira} /

{Sylvie} There appears to be a unit separate from Naga Raja out there. Please head to Escha - Ru'Aun (H-9) and investigate.
{Sylvie} Uh-oh! He's here! That Naga Raja guy's showed up in Escha - Ru'Aun around H-9, and he seems super duper mad.
{Sylvie} Oh wow, good job, everyone! That Naga Raja guy in Escha - Ru'Aun is all beaten up. I think we won! Yay!
{Sylvie} Currently, we have taken down 242 monsters in a row, which gives us a not-so-shabby total of 119981 monsters defeated.
{Rockfish} .

{Sylvie} Okay, everyone! I just had the weirdest vision. In the next 10 minutes, somebody called ｲQuetzalcoatlｳ will be showing up in Reisenjima, somewhere around ?-?! Is that good?
{Yamato} /

{Troyblake} /

{Sylvie} There appears to be a unit separate from Quetzalcoatl out there. Please head to Reisenjima (?-?) and investigate.
{Sylvie} Uh-oh! He's here! That Quetzalcoatl guy's showed up in Reisenjima around ?-?, and he seems super duper mad.
{Sylvie} Oh wow, good job, everyone! That Quetzalcoatl guy in Reisenjima is all beaten up. I think we won! Yay!
{Sylvie} Ugh... Have you seen what Eukalline charges for geomantic plates?
{Sylvie} Currently, we have taken down 243 monsters in a row, which gives us a not-so-shabby total of 119982 monsters defeated.
{Altopian} Meeble Burrows

{Sylvie} Okay, everyone! I just had the weirdest vision. In the next 10 minutes, somebody called ｲAzi Dahakaｳ will be showing up in Escha - Zi'Tah, somewhere around H-8! Is that good?
{Sylvie} There appears to be a unit separate from Azi Dahaka out there. Please head to Escha - Zi'Tah (H-8) and investigate.
{Sylvie} Uh-oh! He's here! That Azi Dahaka guy's showed up in Escha - Zi'Tah around H-8, and he seems super duper mad.
Sanjidafool : Understood.

{Sylvie} Oh wow, good job, everyone! That Azi Dahaka guy in Escha - Zi'Tah is all beaten up. I think we won! Yay!
{Sylvie} Currently, we have taken down 244 monsters in a row, which gives us a not-so-shabby total of 119983 monsters defeated.
{Cobla} ,

{Sylvie} Okay, everyone! I just had the weirdest vision. In the next 10 minutes, somebody called ｲNaga Rajaｳ will be showing up in Escha - Ru'Aun, somewhere around H-9! Is that good?
Atech nods.
{Childress} Hello!

{Sylvie} There appears to be a unit separate from Naga Raja out there. Please head to Escha - Ru'Aun (H-9) and investigate.
{Averyn} Hello!

{Sylvie} Uh-oh! He's here! That Naga Raja guy's showed up in Escha - Ru'Aun around H-9, and he seems super duper mad.
Atech examines you.
Atech begins to browse the merchandise in your bazaar.
[1]<Kinggalka> anyone need sortie?

Atech leaves your bazaar.
{Sylvie} Oh wow, good job, everyone! That Naga Raja guy in Escha - Ru'Aun is all beaten up. I think we won! Yay!
{Sylvie} Currently, we have taken down 245 monsters in a row, which gives us a not-so-shabby total of 119984 monsters defeated.
Craudis waves to Ixtsusea.
Ixtsusea waves to Craudis.
{Sylvie} Okay, everyone! I just had the weirdest vision. In the next 10 minutes, somebody called ｲQuetzalcoatlｳ will be showing up in Reisenjima, somewhere around ?-?! Is that good?
Aruhyde synthesized a bottle of orange juice.
Aruhyde synthesized a bottle of orange juice.
{Sylvie} There appears to be a unit separate from Quetzalcoatl out there. Please head to Reisenjima (?-?) and investigate.
{Gelmax} 。

{Ryanx} .

{Sylvie} Uh-oh! He's here! That Quetzalcoatl guy's showed up in Reisenjima around ?-?, and he seems super duper mad.
{Taduru} .

{Sylvie} Oh wow, good job, everyone! That Quetzalcoatl guy in Reisenjima is all beaten up. I think we won! Yay!
{Sylvie} Currently, we have taken down 246 monsters in a row, which gives us a not-so-shabby total of 119985 monsters defeated.
{Headsparkle} 、

{Sylvie} Okay, everyone! I just had the weirdest vision. In the next 10 minutes, somebody called ｲAzi Dahakaｳ will be showing up in Escha - Zi'Tah, somewhere around H-8! Is that good?
{Sylvie} There appears to be a unit separate from Azi Dahaka out there. Please head to Escha - Zi'Tah (H-8) and investigate.
Flapowa's eyes brim over with tears.
{Sylvie} Uh-oh! He's here! That Azi Dahaka guy's showed up in Escha - Zi'Tah around H-8, and he seems super duper mad.
{Sylvie} Oh wow, good job, everyone! That Azi Dahaka guy in Escha - Zi'Tah is all beaten up. I think we won! Yay!
{Sylvie} Currently, we have taken down 247 monsters in a row, which gives us a not-so-shabby total of 119986 monsters defeated.
{Sylvie} Okay, everyone! I just had the weirdest vision. In the next 10 minutes, somebody called ｲNaga Rajaｳ will be showing up in Escha - Ru'Aun, somewhere around H-9! Is that good?
{Headsparkle} 、

{Panasync} i hope all your lives are going well, and if not hang in there, and i wish you and yours the absoulte best

{Sylvie} There appears to be a unit separate from Naga Raja out there. Please head to Escha - Ru'Aun (H-9) and investigate.
{Sylvie} Uh-oh! He's here! That Naga Raja guy's showed up in Escha - Ru'Aun around H-9, and he seems super duper mad.
{Sylvie} Listen everyone! I just got the most fantabulous idea for a geomancer heroine show! What do you think?
{Sylvie} Oh wow, good job, everyone! That Naga Raja guy in Escha - Ru'Aun is all beaten up. I think we won! Yay!
{Sylvie} Currently, we have taken down 248 monsters in a row, which gives us a not-so-shabby total of 119987 monsters defeated.
{Sylvie} Okay, everyone! I just had the weirdest vision. In the next 10 minutes, somebody called ｲQuetzalcoatlｳ will be showing up in Reisenjima, somewhere around ?-?! Is that good?
{Sylvie} There appears to be a unit separate from Quetzalcoatl out there. Please head to Reisenjima (?-?) and investigate.
{Droopy} /

{Sylvie} Uh-oh! He's here! That Quetzalcoatl guy's showed up in Reisenjima around ?-?, and he seems super duper mad.
{Sylvie} Oh wow, good job, everyone! That Quetzalcoatl guy in Reisenjima is all beaten up. I think we won! Yay!
{Sylvie} Currently, we have taken down 249 monsters in a row, which gives us a not-so-shabby total of 119988 monsters defeated.
{Sylvie} Okay, everyone! I just had the weirdest vision. In the next 10 minutes, somebody called ｲAzi Dahakaｳ will be showing up in Escha - Zi'Tah, somewhere around H-8! Is that good?
{Dekoda} /

{Sylvie} There appears to be a unit separate from Azi Dahaka out there. Please head to Escha - Zi'Tah (H-8) and investigate.
[1]<Delirious> crickets?

[1]<Voicememo> some dont like to tell

{Terezka} /

{Sylvie} Uh-oh! He's here! That Azi Dahaka guy's showed up in Escha - Zi'Tah around H-8, and he seems super duper mad.
{Sylvie} Oh wow, good job, everyone! That Azi Dahaka guy in Escha - Zi'Tah is all beaten up. I think we won! Yay!
{Sylvie} Currently, we have taken down 250 monsters in a row, which gives us a not-so-shabby total of 119989 monsters defeated.
{Sylvie} Okay, everyone! I just had the weirdest vision. In the next 10 minutes, somebody called ｲNaga Rajaｳ will be showing up in Escha - Ru'Aun, somewhere around H-9! Is that good?
Sesshmaru waves to Kyouta.
Kyouta waves.
Sesshmaru waves to Linaelle.
{Sylvie} There appears to be a unit separate from Naga Raja out there. Please head to Escha - Ru'Aun (H-9) and investigate.
Sesshmaru cheers Korv on!
Sesshmaru : sortie no queue

Kyouta : True Strike

Kyouta shakes with laughter!
Sesshmaru cheers Illuminate on!
{Sylvie} Uh-oh! He's here! That Naga Raja guy's showed up in Escha - Ru'Aun around H-9, and he seems super duper mad.
{Sylvie} Oh wow, good job, everyone! That Naga Raja guy in Escha - Ru'Aun is all beaten up. I think we won! Yay!
{Sylvie} Currently, we have taken down 251 monsters in a row, which gives us a not-so-shabby total of 119990 monsters defeated.
{Sylvie} Okay, everyone! I just had the weirdest vision. In the next 10 minutes, somebody called ｲQuetzalcoatlｳ will be showing up in Reisenjima, somewhere around ?-?! Is that good?
Flapowa shakes her head at Siete.
Siete shakes her head at Flapowa.
Flapowa smiles warmly.
Siete shakes her head at Flapowa.
Flapowa nods to Xellx.
Flapowa weeps in sorrow before Siete.
Flapowa smiles warmly at Siete.
Flapowa shakes her head at Siete.
Flapowa shakes her head at Siete.
Flapowa weeps in sorrow before Siete.
{Sylvie} There appears to be a unit separate from Quetzalcoatl out there. Please head to Reisenjima (?-?) and investigate.
{Gherrigloots} ,

{Dawnsgoodies} ,

{Sylvie} Uh-oh! He's here! That Quetzalcoatl guy's showed up in Reisenjima around ?-?, and he seems super duper mad.
{Sylvie} Oh wow, good job, everyone! That Quetzalcoatl guy in Reisenjima is all beaten up. I think we won! Yay!
{Sylvie} Currently, we have taken down 252 monsters in a row, which gives us a not-so-shabby total of 119991 monsters defeated.
{Sylvie} Okay, everyone! I just had the weirdest vision. In the next 10 minutes, somebody called ｲAzi Dahakaｳ will be showing up in Escha - Zi'Tah, somewhere around H-8! Is that good?
{Sylvie} I wonder how they first discovered geomancy. Did they have the same spells we do now?
{Sylvie} There appears to be a unit separate from Azi Dahaka out there. Please head to Escha - Zi'Tah (H-8) and investigate.
{Sylvie} Uh-oh! He's here! That Azi Dahaka guy's showed up in Escha - Zi'Tah around H-8, and he seems super duper mad.
{Sylvie} Oh wow, good job, everyone! That Azi Dahaka guy in Escha - Zi'Tah is all beaten up. I think we won! Yay!
{Sylvie} Currently, we have taken down 253 monsters in a row, which gives us a not-so-shabby total of 119992 monsters defeated.
{Sylvie} Okay, everyone! I just had the weirdest vision. In the next 10 minutes, somebody called ｲNaga Rajaｳ will be showing up in Escha - Ru'Aun, somewhere around H-9! Is that good?
{Slag} .

{Sylvie} There appears to be a unit separate from Naga Raja out there. Please head to Escha - Ru'Aun (H-9) and investigate.
{Sylvie} Uh-oh! He's here! That Naga Raja guy's showed up in Escha - Ru'Aun around H-9, and he seems super duper mad.
{Sylvie} Oh wow, good job, everyone! That Naga Raja guy in Escha - Ru'Aun is all beaten up. I think we won! Yay!
{Sylvie} Currently, we have taken down 254 monsters in a row, which gives us a not-so-shabby total of 119993 monsters defeated.
Mythralfayth examines you.
Mythralfayth begins to browse the merchandise in your bazaar.
Mythralfayth leaves your bazaar.
{Euleka} Hello!CORntentu

Mythralfayth waves to Sesshmaru.
{Sylvie} Okay, everyone! I just had the weirdest vision. In the next 10 minutes, somebody called ｲQuetzalcoatlｳ will be showing up in Reisenjima, somewhere around ?-?! Is that good?
{Sylvie} There appears to be a unit separate from Quetzalcoatl out there. Please head to Reisenjima (?-?) and investigate.
{Sylvie} Uh-oh! He's here! That Quetzalcoatl guy's showed up in Reisenjima around ?-?, and he seems super duper mad.
{Sylvie} Oh wow, good job, everyone! That Quetzalcoatl guy in Reisenjima is all beaten up. I think we won! Yay!
{Sylvie} Currently, we have taken down 255 monsters in a row, which gives us a not-so-shabby total of 119994 monsters defeated.
{Sylvie} Okay, everyone! I just had the weirdest vision. In the next 10 minutes, somebody called ｲAzi Dahakaｳ will be showing up in Escha - Zi'Tah, somewhere around H-8! Is that good?
{Sylvie} There appears to be a unit separate from Azi Dahaka out there. Please head to Escha - Zi'Tah (H-8) and investigate.
{Sylvie} Uh-oh! He's here! That Azi Dahaka guy's showed up in Escha - Zi'Tah around H-8, and he seems super duper mad.
{Sylvie} Oh wow, good job, everyone! That Azi Dahaka guy in Escha - Zi'Tah is all beaten up. I think we won! Yay!
{Sylvie} Currently, we have taken down 256 monsters in a row, which gives us a not-so-shabby total of 119995 monsters defeated.
Altopian synthesized a flask of poison potion.
{Sylvie} Okay, everyone! I just had the weirdest vision. In the next 10 minutes, somebody called ｲNaga Rajaｳ will be showing up in Escha - Ru'Aun, somewhere around H-9! Is that good?
Piquan waves to Shootingbrake.
Piquan bows courteously to Shootingbrake.
Shootingbrake waves goodbye to Piquan.
Auronjr : ＠１

{Sylvie} There appears to be a unit separate from Naga Raja out there. Please head to Escha - Ru'Aun (H-9) and investigate.
Sesshmaru waves to Beanen.
Beanen waves to Sesshmaru.
{Sylvie} My visions tell me that we have a roughly...seventy percent chance of getting in first place from here...maybe.
{Sylvie} Uh-oh! He's here! That Naga Raja guy's showed up in Escha - Ru'Aun around H-9, and he seems super duper mad.
{Sylvie} Oh wow, good job, everyone! That Naga Raja guy in Escha - Ru'Aun is all beaten up. I think we won! Yay!
{Sylvie} Currently, we have taken down 257 monsters in a row, which gives us a not-so-shabby total of 119996 monsters defeated.
{Sylvie} Okay, everyone! I just had the weirdest vision. In the next 10 minutes, somebody called ｲQuetzalcoatlｳ will be showing up in Reisenjima, somewhere around ?-?! Is that good?
{Marine} Good evening!

{Bluebelll} .

{Sylvie} There appears to be a unit separate from Quetzalcoatl out there. Please head to Reisenjima (?-?) and investigate.
{Sylvie} Uh-oh! He's here! That Quetzalcoatl guy's showed up in Reisenjima around ?-?, and he seems super duper mad.
{Otoshidama} １

{Sylvie} Oh wow, good job, everyone! That Quetzalcoatl guy in Reisenjima is all beaten up. I think we won! Yay!
{Sylvie} Currently, we have taken down 258 monsters in a row, which gives us a not-so-shabby total of 119997 monsters defeated.
{Sylvie} Okay, everyone! I just had the weirdest vision. In the next 10 minutes, somebody called ｲAzi Dahakaｳ will be showing up in Escha - Zi'Tah, somewhere around H-8! Is that good?
{Juca} .

{Sylvie} There appears to be a unit separate from Azi Dahaka out there. Please head to Escha - Zi'Tah (H-8) and investigate.
{Sylvie} Uh-oh! He's here! That Azi Dahaka guy's showed up in Escha - Zi'Tah around H-8, and he seems super duper mad.
{Sylvie} Oh wow, good job, everyone! That Azi Dahaka guy in Escha - Zi'Tah is all beaten up. I think we won! Yay!
{Sylvie} Currently, we have taken down 259 monsters in a row, which gives us a not-so-shabby total of 119998 monsters defeated.
You have undertaken the limited-time Records of Eminence challenge ｲSpoils (Seals).ｳ
{Sylvie} Okay, everyone! I just had the weirdest vision. In the next 10 minutes, somebody called ｲNaga Rajaｳ will be showing up in Escha - Ru'Aun, somewhere around H-9! Is that good?
{Sylvie} There appears to be a unit separate from Naga Raja out there. Please head to Escha - Ru'Aun (H-9) and investigate.
{Sylvie} Uh-oh! He's here! That Naga Raja guy's showed up in Escha - Ru'Aun around H-9, and he seems super duper mad.
{Sylvie} Oh wow, good job, everyone! That Naga Raja guy in Escha - Ru'Aun is all beaten up. I think we won! Yay!
{Sylvie} Currently, we have taken down 260 monsters in a row, which gives us a not-so-shabby total of 119999 monsters defeated.
{Sylvie} Okay, everyone! I just had the weirdest vision. In the next 10 minutes, somebody called ｲQuetzalcoatlｳ will be showing up in Reisenjima, somewhere around ?-?! Is that good?
{Sylvie} There appears to be a unit separate from Quetzalcoatl out there. Please head to Reisenjima (?-?) and investigate.
{Sylvie} Uh-oh! He's here! That Quetzalcoatl guy's showed up in Reisenjima around ?-?, and he seems super duper mad.
{Sylvie} Oh wow, good job, everyone! That Quetzalcoatl guy in Reisenjima is all beaten up. I think we won! Yay!
{Sylvie} Currently, we have taken down 261 monsters in a row, which gives us a not-so-shabby total of 120000 monsters defeated.
{Windforce} .

{Sylvie} Okay, everyone! I just had the weirdest vision. In the next 10 minutes, somebody called ｲAzi Dahakaｳ will be showing up in Escha - Zi'Tah, somewhere around H-8! Is that good?
{Sylvie} Ugh... Have you seen what Eukalline charges for geomantic plates?
{Sylvie} There appears to be a unit separate from Azi Dahaka out there. Please head to Escha - Zi'Tah (H-8) and investigate.
{Sylvie} Uh-oh! He's here! That Azi Dahaka guy's showed up in Escha - Zi'Tah around H-8, and he seems super duper mad.
{Telmax} 。

{Sanvi} .

{Sylvie} Oh wow, good job, everyone! That Azi Dahaka guy in Escha - Zi'Tah is all beaten up. I think we won! Yay!
{Sylvie} Currently, we have taken down 262 monsters in a row, which gives us a not-so-shabby total of 120001 monsters defeated.
Miniulti : penissssssss

{Sylvie} Okay, everyone! I just had the weirdest vision. In the next 10 minutes, somebody called ｲNaga Rajaｳ will be showing up in Escha - Ru'Aun, somewhere around H-9! Is that good?
{Mokochan} .

{Sylvie} There appears to be a unit separate from Naga Raja out there. Please head to Escha - Ru'Aun (H-9) and investigate.
{Sylvie} Uh-oh! He's here! That Naga Raja guy's showed up in Escha - Ru'Aun around H-9, and he seems super duper mad.
{Harten} .

{Tipytoes} /

{Sylvie} Oh wow, good job, everyone! That Naga Raja guy in Escha - Ru'Aun is all beaten up. I think we won! Yay!
{Sylvie} Currently, we have taken down 263 monsters in a row, which gives us a not-so-shabby total of 120002 monsters defeated.
{Maana} .

{Sylvie} Okay, everyone! I just had the weirdest vision. In the next 10 minutes, somebody called ｲQuetzalcoatlｳ will be showing up in Reisenjima, somewhere around ?-?! Is that good?
{Paoran} 、

{Readys} .

{Sylvie} There appears to be a unit separate from Quetzalcoatl out there. Please head to Reisenjima (?-?) and investigate.
{Sylvie} Uh-oh! He's here! That Quetzalcoatl guy's showed up in Reisenjima around ?-?, and he seems super duper mad.
{Jacc} 。

{Sylvie} Oh wow, good job, everyone! That Quetzalcoatl guy in Reisenjima is all beaten up. I think we won! Yay!
{Sylvie} Currently, we have taken down 264 monsters in a row, which gives us a not-so-shabby total of 120003 monsters defeated.
{Sylvie} Okay, everyone! I just had the weirdest vision. In the next 10 minutes, somebody called ｲAzi Dahakaｳ will be showing up in Escha - Zi'Tah, somewhere around H-8! Is that good?
{Sylvie} There appears to be a unit separate from Azi Dahaka out there. Please head to Escha - Zi'Tah (H-8) and investigate.
{Sylvie} Uh-oh! He's here! That Azi Dahaka guy's showed up in Escha - Zi'Tah around H-8, and he seems super duper mad.
{Sylvie} Oh wow, good job, everyone! That Azi Dahaka guy in Escha - Zi'Tah is all beaten up. I think we won! Yay!
{Sylvie} Currently, we have taken down 265 monsters in a row, which gives us a not-so-shabby total of 120004 monsters defeated.
[1]<Zixxer> can someone arise me in 3 min at rabao?

[1]<Voicememo> yes

[1]<Woojr> lol

{Sylvie} Okay, everyone! I just had the weirdest vision. In the next 10 minutes, somebody called ｲNaga Rajaｳ will be showing up in Escha - Ru'Aun, somewhere around H-9! Is that good?
[1]<Zixxer> tried one for travellers groups for fun and i died twice and whm just left lol

[1]<Zixxer> i think i deleveled

[1]<Zixxer> lol wait, the 3 minute rule doesn't apply in odyssey?

[1]<Voicememo> if all are dead it does

[1]<Zixxer> if everyone dead past 3 min you get booted? "sheol c"

[1]<Voicememo> are you in lobby?

[1]<Zixxer> c farm

[1]<Zixxer> dead at the first group lol

[1]<Voicememo> if all dead in c should

[1]<Zixxer> didn't say the info in the logs tho

[1]<Zixxer> it's been past 3 min

[1]<Saviorself> that guy is so brave. his comment still says "might get 0-3k segs"

[1]<Saviorself> like he knows you might just wipe on the first group

[1]<Zixxer> he seems nice

[1]<Zixxer> lol

[1]<Saviorself> he was trying to buy 10k segs for 20m

[1]<Zixxer> i was afk as sam and they went in with no tank or brd

[1]<Zixxer> i would've went as their tank, bare minimum

[1]<Saviorself> oh dear

[1]<Zixxer> been 9 min since death

[1]<Zixxer> still in the zone

[1]<Zixxer> i'll let the 15 min time out i guess

[1]<Zixxer> so much xp lost

[1]<Voicememo> how much time on zone

[1]<Saviorself> everyone dead?

[1]<Zixxer> wipe 10 min ago, eveyone else just zoned

[1]<Voicememo> perhaps it doesnt have

[1]<Zixxer> gaol definitely, but not here i guess

[1]<Zixxer> afk 13 min

[1]<Zixxer> gonna eat ramen

[1]<Voicememo> ill go do another htbf then and ill come back to raise

[1]<Zixxer> kk ty

{Sylvie} I once had to transcribe a three-hundred-year-old geomancy treatise. I could barely make heads or toes of the language they used back then.
{Tmax} 、

{Sylvie} There appears to be a unit separate from Naga Raja out there. Please head to Escha - Ru'Aun (H-9) and investigate.
{Betrix} Hello!

{Sylvie} Uh-oh! He's here! That Naga Raja guy's showed up in Escha - Ru'Aun around H-9, and he seems super duper mad.
Firefistacce waves to Masxiaosan.
{Sylvie} Oh wow, good job, everyone! That Naga Raja guy in Escha - Ru'Aun is all beaten up. I think we won! Yay!
{Sylvie} Currently, we have taken down 266 monsters in a row, which gives us a not-so-shabby total of 120005 monsters defeated.
{Calcan} .

{Sylvie} Okay, everyone! I just had the weirdest vision. In the next 10 minutes, somebody called ｲQuetzalcoatlｳ will be showing up in Reisenjima, somewhere around ?-?! Is that good?
[1]<Voicememo> how long?

[1]<Zixxer> 1 min 

[1]<Voicememo> you're up

{Sylvie} There appears to be a unit separate from Quetzalcoatl out there. Please head to Reisenjima (?-?) and investigate.
[1]<Voicememo> up up

[1]<Zixxer> ty bro

[1]<Voicememo> np

{Sylvie} Uh-oh! He's here! That Quetzalcoatl guy's showed up in Reisenjima around ?-?, and he seems super duper mad.
{Aqualute} ,

{Sylvie} Oh wow, good job, everyone! That Quetzalcoatl guy in Reisenjima is all beaten up. I think we won! Yay!
{Sylvie} Currently, we have taken down 267 monsters in a row, which gives us a not-so-shabby total of 120006 monsters defeated.
{Sylvie} Okay, everyone! I just had the weirdest vision. In the next 10 minutes, somebody called ｲAzi Dahakaｳ will be showing up in Escha - Zi'Tah, somewhere around H-8! Is that good?
{Sylvie} There appears to be a unit separate from Azi Dahaka out there. Please head to Escha - Zi'Tah (H-8) and investigate.
{Sylvie} Uh-oh! He's here! That Azi Dahaka guy's showed up in Escha - Zi'Tah around H-8, and he seems super duper mad.
{Sylvie} Oh wow, good job, everyone! That Azi Dahaka guy in Escha - Zi'Tah is all beaten up. I think we won! Yay!
{Sylvie} Currently, we have taken down 268 monsters in a row, which gives us a not-so-shabby total of 120007 monsters defeated.
Kotaroh synthesized a painite.
Kotaroh synthesized a painite.
{Sylvie} Okay, everyone! I just had the weirdest vision. In the next 10 minutes, somebody called ｲNaga Rajaｳ will be showing up in Escha - Ru'Aun, somewhere around H-9! Is that good?
Kotaroh synthesized a painite.
Kotaroh synthesized a painite.
Kotaroh synthesized a deathstone.
Kotaroh synthesized a painite.
Kotaroh synthesized a deathstone.
Kotaroh synthesized a painite.
Kotaroh synthesized a painite.
Kotaroh synthesized a painite.
Nessler slaps Hinayo.
Kotaroh synthesized a deathstone.
Kotaroh synthesized a painite.
Kotaroh synthesized a painite.
Kotaroh synthesized a deathstone.
Kotaroh synthesized a painite.
Nessler examines you.
Nessler begins to browse the merchandise in your bazaar.
Nessler leaves your bazaar.
Kotaroh synthesized a deathstone.
Kotaroh synthesized a deathstone.
{Sylvie} There appears to be a unit separate from Naga Raja out there. Please head to Escha - Ru'Aun (H-9) and investigate.
Kotaroh synthesized a painite.
Kotaroh synthesized a painite.
{Sylvie} Uh-oh! He's here! That Naga Raja guy's showed up in Escha - Ru'Aun around H-9, and he seems super duper mad.
Kotaroh synthesized a deathstone.
Kotaroh synthesized a painite.
Kotaroh synthesized a painite.
Kotaroh waves to Mervy.
Mervy bows courteously to Kotaroh.
{Sylvie} Oh wow, good job, everyone! That Naga Raja guy in Escha - Ru'Aun is all beaten up. I think we won! Yay!
{Sylvie} Currently, we have taken down 269 monsters in a row, which gives us a not-so-shabby total of 120008 monsters defeated.
Kotaroh synthesized a painite.
Kotaroh synthesized a deathstone.
Kotaroh synthesized a painite.
Kotaroh synthesized a painite.
Kotaroh synthesized a painite.
Kotaroh synthesized a deathstone.
Kotaroh synthesized a deathstone.
Kotaroh synthesized a deathstone.
{Sylvie} Okay, everyone! I just had the weirdest vision. In the next 10 minutes, somebody called ｲQuetzalcoatlｳ will be showing up in Reisenjima, somewhere around ?-?! Is that good?
Kotaroh synthesized a painite.
Kotaroh synthesized a painite.
Kotaroh synthesized a deathstone.
Kotaroh synthesized a deathstone.
Kotaroh synthesized a painite.
Kotaroh synthesized a painite.
Arfhonse displays his samurai spirit for Reachpit.
Kotaroh synthesized a painite.
Kotaroh synthesized a painite.
Kotaroh synthesized a painite.
Kotaroh synthesized a painite.
{Sylvie} There appears to be a unit separate from Quetzalcoatl out there. Please head to Reisenjima (?-?) and investigate.
Kotaroh synthesized a deathstone.
Kotaroh synthesized a painite.
Reachpit praises Dekion.
Kotaroh synthesized a painite.
{Sylvie} Uh-oh! He's here! That Quetzalcoatl guy's showed up in Reisenjima around ?-?, and he seems super duper mad.
Kotaroh synthesized a fenritear.
Kotaroh synthesized a painite.
{Sylvie} Oh wow, good job, everyone! That Quetzalcoatl guy in Reisenjima is all beaten up. I think we won! Yay!
{Sylvie} Currently, we have taken down 270 monsters in a row, which gives us a not-so-shabby total of 120009 monsters defeated.
{Meite} .

Kotaroh synthesized a painite.
Kotaroh synthesized a deathstone.
{Sylvie} Okay, everyone! I just had the weirdest vision. In the next 10 minutes, somebody called ｲAzi Dahakaｳ will be showing up in Escha - Zi'Tah, somewhere around H-8! Is that good?
Kotaroh synthesized a painite.
Arfhonse summons a chirping chocobo chick for Myute.
Kotaroh synthesized a deathstone.
Kotaroh synthesized a painite.
Kotaroh synthesized a tenebrite.
Kotaroh synthesized a painite.
Kotaroh synthesized a deathstone.
Kotaroh synthesized a painite.
Kotaroh synthesized a painite.
Kotaroh synthesized a painite.
Kotaroh synthesized a painite.
Kotaroh synthesized a painite.
Kotaroh synthesized a painite.
Kotaroh synthesized a painite.
Kotaroh synthesized a tenebrite.
Kotaroh synthesized a painite.
Kotaroh synthesized a painite.
Kotaroh synthesized a painite.
Kotaroh synthesized a painite.
Kotaroh synthesized a painite.
{Sylvie} There appears to be a unit separate from Azi Dahaka out there. Please head to Escha - Zi'Tah (H-8) and investigate.
Kotaroh synthesized a painite.
Kotaroh synthesized a painite.
Mervy tosses a coin.
{Sylvie} Uh-oh! He's here! That Azi Dahaka guy's showed up in Escha - Zi'Tah around H-8, and he seems super duper mad.
Kotaroh synthesized a painite.
Mervy is listening intently.
Kotaroh synthesized a painite.
Lunarlon leads a rousing cheer for Mervy.
Kotaroh synthesized a deathstone.
Mervy psychs up along with Lunarlon!
Kotaroh synthesized a deathstone.
Lunarlon and Mervy are enveloped in sacred radiance.
{Sylvie} Listen everyone! I just got the most fantabulous idea for a geomancer heroine show! What do you think?
Arfhonse pats Reachpit consolingly.
{Sylvie} Oh wow, good job, everyone! That Azi Dahaka guy in Escha - Zi'Tah is all beaten up. I think we won! Yay!
{Sylvie} Currently, we have taken down 271 monsters in a row, which gives us a not-so-shabby total of 120010 monsters defeated.
Kotaroh synthesized a painite.
{Sylvie} Okay, everyone! I just had the weirdest vision. In the next 10 minutes, somebody called ｲNaga Rajaｳ will be showing up in Escha - Ru'Aun, somewhere around H-9! Is that good?
Kotaroh synthesized a painite.
Mervy applies a bandage to Lunarlon.
Kotaroh synthesized a painite.
Lunarlon plants some seeds on Mervy.
Lunarlon plants some seeds on Mervy.
Kotaroh synthesized a tenebrite.
Mervy tosses a coin for Lunarlon.
Lunarlon tosses a coin.
Kotaroh synthesized a painite.
Kotaroh synthesized a deathstone.
Kotaroh synthesized a painite.
Kotaroh synthesized a painite.
Lunarlon applies a bandage to Mervy.
Kotaroh synthesized a painite.
Kotaroh synthesized a deathstone.
Mervy summons his full inner strength.
Mervy takes on all comers.
Lunarlon revels in a moment of stylish elegance.
Mervy plants some seeds.
Lunarlon summons a chirping chocobo chick.
Mervy summons a chirping chocobo chick.
Lunarlon summons a chirping chocobo chick for Mervy.
{Noruto} 、

{Makino} Hello!

{Sylvie} There appears to be a unit separate from Naga Raja out there. Please head to Escha - Ru'Aun (H-9) and investigate.
{Anesix} i

{Sylvie} Uh-oh! He's here! That Naga Raja guy's showed up in Escha - Ru'Aun around H-9, and he seems super duper mad.
{Sylvie} Oh wow, good job, everyone! That Naga Raja guy in Escha - Ru'Aun is all beaten up. I think we won! Yay!
{Sylvie} Currently, we have taken down 272 monsters in a row, which gives us a not-so-shabby total of 120011 monsters defeated.
{Sylvie} Okay, everyone! I just had the weirdest vision. In the next 10 minutes, somebody called ｲQuetzalcoatlｳ will be showing up in Reisenjima, somewhere around ?-?! Is that good?
Atech looks at Aruhyde in surprise.
{Sylvie} There appears to be a unit separate from Quetzalcoatl out there. Please head to Reisenjima (?-?) and investigate.
Keik kneels respectfully before Atech.
{Sylvie} Uh-oh! He's here! That Quetzalcoatl guy's showed up in Reisenjima around ?-?, and he seems super duper mad.
{Sylvie} Oh wow, good job, everyone! That Quetzalcoatl guy in Reisenjima is all beaten up. I think we won! Yay!
{Sylvie} Currently, we have taken down 273 monsters in a row, which gives us a not-so-shabby total of 120012 monsters defeated.
{Sylvie} Okay, everyone! I just had the weirdest vision. In the next 10 minutes, somebody called ｲAzi Dahakaｳ will be showing up in Escha - Zi'Tah, somewhere around H-8! Is that good?
{Anefive} i

Satoshun shakes his head at Rayza.
{Sylvie} There appears to be a unit separate from Azi Dahaka out there. Please head to Escha - Zi'Tah (H-8) and investigate.
{Sylvie} Uh-oh! He's here! That Azi Dahaka guy's showed up in Escha - Zi'Tah around H-8, and he seems super duper mad.
{Sylvie} Oh wow, good job, everyone! That Azi Dahaka guy in Escha - Zi'Tah is all beaten up. I think we won! Yay!
{Sylvie} Currently, we have taken down 274 monsters in a row, which gives us a not-so-shabby total of 120013 monsters defeated.
{Anefour} i

{Sylvie} Okay, everyone! I just had the weirdest vision. In the next 10 minutes, somebody called ｲNaga Rajaｳ will be showing up in Escha - Ru'Aun, somewhere around H-9! Is that good?
Keik pokes Lunaly.
{Crowbar} Hello!

{Ldizzymfnutz} Hello!

{Sylvie} There appears to be a unit separate from Naga Raja out there. Please head to Escha - Ru'Aun (H-9) and investigate.
{Sylvie} Uh-oh! He's here! That Naga Raja guy's showed up in Escha - Ru'Aun around H-9, and he seems super duper mad.
{Sylvie} Oh wow, good job, everyone! That Naga Raja guy in Escha - Ru'Aun is all beaten up. I think we won! Yay!
{Sylvie} Currently, we have taken down 275 monsters in a row, which gives us a not-so-shabby total of 120014 monsters defeated.
>> /follow
...A command error occurred.
Keik examines you.
Keik begins to browse the merchandise in your bazaar.
Keik leaves your bazaar.
{Sylvie} Okay, everyone! I just had the weirdest vision. In the next 10 minutes, somebody called ｲQuetzalcoatlｳ will be showing up in Reisenjima, somewhere around ?-?! Is that good?
Keik examines you.
Keik begins to browse the merchandise in your bazaar.
Keik leaves your bazaar.
{Sylvie} There appears to be a unit separate from Quetzalcoatl out there. Please head to Reisenjima (?-?) and investigate.
Kotaroh bows courteously to Dokkin.
{Sylvie} Uh-oh! He's here! That Quetzalcoatl guy's showed up in Reisenjima around ?-?, and he seems super duper mad.
{Sylvie} Oh wow, good job, everyone! That Quetzalcoatl guy in Reisenjima is all beaten up. I think we won! Yay!
{Sylvie} Currently, we have taken down 276 monsters in a row, which gives us a not-so-shabby total of 120015 monsters defeated.
Hinayo bows courteously to Dokkin.
{Sylvie} Okay, everyone! I just had the weirdest vision. In the next 10 minutes, somebody called ｲAzi Dahakaｳ will be showing up in Escha - Zi'Tah, somewhere around H-8! Is that good?
Reachpit praises Dekion.
{Sylvie} Did you ever notice how silky smooth Wescolina's skin is? She's got to be infusing it with some kind of geomantic magic.
{Sylvie} There appears to be a unit separate from Azi Dahaka out there. Please head to Escha - Zi'Tah (H-8) and investigate.
{Sylvie} Uh-oh! He's here! That Azi Dahaka guy's showed up in Escha - Zi'Tah around H-8, and he seems super duper mad.
{Sylvie} Oh wow, good job, everyone! That Azi Dahaka guy in Escha - Zi'Tah is all beaten up. I think we won! Yay!
{Sylvie} Currently, we have taken down 277 monsters in a row, which gives us a not-so-shabby total of 120016 monsters defeated.
{Sylvie} Okay, everyone! I just had the weirdest vision. In the next 10 minutes, somebody called ｲNaga Rajaｳ will be showing up in Escha - Ru'Aun, somewhere around H-9! Is that good?
{Sylvie} There appears to be a unit separate from Naga Raja out there. Please head to Escha - Ru'Aun (H-9) and investigate.
{Sylvie} Uh-oh! He's here! That Naga Raja guy's showed up in Escha - Ru'Aun around H-9, and he seems super duper mad.
{Sylvie} Oh wow, good job, everyone! That Naga Raja guy in Escha - Ru'Aun is all beaten up. I think we won! Yay!
{Sylvie} Currently, we have taken down 278 monsters in a row, which gives us a not-so-shabby total of 120017 monsters defeated.
{Sylvie} Okay, everyone! I just had the weirdest vision. In the next 10 minutes, somebody called ｲQuetzalcoatlｳ will be showing up in Reisenjima, somewhere around ?-?! Is that good?
{Sylvie} There appears to be a unit separate from Quetzalcoatl out there. Please head to Reisenjima (?-?) and investigate.
{Sylvie} Uh-oh! He's here! That Quetzalcoatl guy's showed up in Reisenjima around ?-?, and he seems super duper mad.
{Sylvie} Oh wow, good job, everyone! That Quetzalcoatl guy in Reisenjima is all beaten up. I think we won! Yay!
{Sylvie} Currently, we have taken down 279 monsters in a row, which gives us a not-so-shabby total of 120018 monsters defeated.
{Sylvie} Okay, everyone! I just had the weirdest vision. In the next 10 minutes, somebody called ｲAzi Dahakaｳ will be showing up in Escha - Zi'Tah, somewhere around H-8! Is that good?
You have undertaken the limited-time Records of Eminence challenge ｲMagic Damage Kills.ｳ
{Dokin} 。

{Sylvie} There appears to be a unit separate from Azi Dahaka out there. Please head to Escha - Zi'Tah (H-8) and investigate.
{Sylvie} Uh-oh! He's here! That Azi Dahaka guy's showed up in Escha - Zi'Tah around H-8, and he seems super duper mad.
{Sylvie} Oh wow, good job, everyone! That Azi Dahaka guy in Escha - Zi'Tah is all beaten up. I think we won! Yay!
{Sylvie} Currently, we have taken down 280 monsters in a row, which gives us a not-so-shabby total of 120019 monsters defeated.
Arfhonse weeps in sorrow before Mikana.
{Sylvie} Okay, everyone! I just had the weirdest vision. In the next 10 minutes, somebody called ｲNaga Rajaｳ will be showing up in Escha - Ru'Aun, somewhere around H-9! Is that good?
{Teuphist} .

Atech examines you.
Atech begins to browse the merchandise in your bazaar.
Atech leaves your bazaar.
{Sylvie} There appears to be a unit separate from Naga Raja out there. Please head to Escha - Ru'Aun (H-9) and investigate.
Arfhonse weeps in sorrow before Mikana.
{Terezka} /

{Elione} ・

{Digdugs} .

{Sylvie} Uh-oh! He's here! That Naga Raja guy's showed up in Escha - Ru'Aun around H-9, and he seems super duper mad.
{Thut} /

{Sylvie} Oh wow, good job, everyone! That Naga Raja guy in Escha - Ru'Aun is all beaten up. I think we won! Yay!
{Sylvie} Currently, we have taken down 281 monsters in a row, which gives us a not-so-shabby total of 120020 monsters defeated.
{Wakean} .

{Sylvie} Okay, everyone! I just had the weirdest vision. In the next 10 minutes, somebody called ｲQuetzalcoatlｳ will be showing up in Reisenjima, somewhere around ?-?! Is that good?
{Leonbrave} 、

{Tabemasu} .

{Tabemasu} .

{Nuit} /

Arfhonse looks away from Mikana, sulking.
Arfhonse looks away from Mikana, embarrassed.
{Sylvie} There appears to be a unit separate from Quetzalcoatl out there. Please head to Reisenjima (?-?) and investigate.
{Sylvie} Uh-oh! He's here! That Quetzalcoatl guy's showed up in Reisenjima around ?-?, and he seems super duper mad.
{Sylvie} Oh wow, good job, everyone! That Quetzalcoatl guy in Reisenjima is all beaten up. I think we won! Yay!
{Sylvie} Currently, we have taken down 282 monsters in a row, which gives us a not-so-shabby total of 120021 monsters defeated.
{Milphie} ,

{Ryfina} /

{Sylvie} Remember, ergon energy isn't unique to Ulbuka. You can feel the lifestream flowing throughout Vana'diel.
{Sylvie} Okay, everyone! I just had the weirdest vision. In the next 10 minutes, somebody called ｲAzi Dahakaｳ will be showing up in Escha - Zi'Tah, somewhere around H-8! Is that good?
{Sylvie} There appears to be a unit separate from Azi Dahaka out there. Please head to Escha - Zi'Tah (H-8) and investigate.
{Sylvie} Uh-oh! He's here! That Azi Dahaka guy's showed up in Escha - Zi'Tah around H-8, and he seems super duper mad.
{Sylvie} Oh wow, good job, everyone! That Azi Dahaka guy in Escha - Zi'Tah is all beaten up. I think we won! Yay!
{Sylvie} Currently, we have taken down 283 monsters in a row, which gives us a not-so-shabby total of 120022 monsters defeated.
{Dearnoel} /

{Sylvie} Okay, everyone! I just had the weirdest vision. In the next 10 minutes, somebody called ｲNaga Rajaｳ will be showing up in Escha - Ru'Aun, somewhere around H-9! Is that good?
{Sylvie} There appears to be a unit separate from Naga Raja out there. Please head to Escha - Ru'Aun (H-9) and investigate.
{Nlk} /

{Sylvie} Uh-oh! He's here! That Naga Raja guy's showed up in Escha - Ru'Aun around H-9, and he seems super duper mad.
{Greatauu} .

{Sylvie} Oh wow, good job, everyone! That Naga Raja guy in Escha - Ru'Aun is all beaten up. I think we won! Yay!
{Sylvie} Currently, we have taken down 284 monsters in a row, which gives us a not-so-shabby total of 120023 monsters defeated.
{Sylvie} Okay, everyone! I just had the weirdest vision. In the next 10 minutes, somebody called ｲQuetzalcoatlｳ will be showing up in Reisenjima, somewhere around ?-?! Is that good?
{Kiehls} /

{Sylvie} There appears to be a unit separate from Quetzalcoatl out there. Please head to Reisenjima (?-?) and investigate.
Follow canceled.
{Sylvie} Uh-oh! He's here! That Quetzalcoatl guy's showed up in Reisenjima around ?-?, and he seems super duper mad.
Iyengar examines you.
Iyengar begins to browse the merchandise in your bazaar.
Iyengar leaves your bazaar.
{Sylvie} Oh wow, good job, everyone! That Quetzalcoatl guy in Reisenjima is all beaten up. I think we won! Yay!
{Sylvie} Currently, we have taken down 285 monsters in a row, which gives us a not-so-shabby total of 120024 monsters defeated.
{Sylvie} Okay, everyone! I just had the weirdest vision. In the next 10 minutes, somebody called ｲAzi Dahakaｳ will be showing up in Escha - Zi'Tah, somewhere around H-8! Is that good?
{Sylvie} There appears to be a unit separate from Azi Dahaka out there. Please head to Escha - Zi'Tah (H-8) and investigate.
{Sylvie} Uh-oh! He's here! That Azi Dahaka guy's showed up in Escha - Zi'Tah around H-8, and he seems super duper mad.
{Sylvie} Oh wow, good job, everyone! That Azi Dahaka guy in Escha - Zi'Tah is all beaten up. I think we won! Yay!
{Sylvie} Currently, we have taken down 286 monsters in a row, which gives us a not-so-shabby total of 120025 monsters defeated.
{Sylvie} Okay, everyone! I just had the weirdest vision. In the next 10 minutes, somebody called ｲNaga Rajaｳ will be showing up in Escha - Ru'Aun, somewhere around H-9! Is that good?
{Darksoulsmule} m

{Smithscomma} .

{Smithscomma} Hello!

Tsutaya examines you.
Tsutaya begins to browse the merchandise in your bazaar.
Tsutaya leaves your bazaar.
{Sylvie} There appears to be a unit separate from Naga Raja out there. Please head to Escha - Ru'Aun (H-9) and investigate.
{Sylvie} Uh-oh! He's here! That Naga Raja guy's showed up in Escha - Ru'Aun around H-9, and he seems super duper mad.
{Sylvie} Oh wow, good job, everyone! That Naga Raja guy in Escha - Ru'Aun is all beaten up. I think we won! Yay!
{Sylvie} Currently, we have taken down 287 monsters in a row, which gives us a not-so-shabby total of 120026 monsters defeated.
Kockoa examines you.
{Sylvie} Okay, everyone! I just had the weirdest vision. In the next 10 minutes, somebody called ｲQuetzalcoatlｳ will be showing up in Reisenjima, somewhere around ?-?! Is that good?
Jezper examines you.
Jezper begins to browse the merchandise in your bazaar.
Jezper leaves your bazaar.
{Sylvie} There appears to be a unit separate from Quetzalcoatl out there. Please head to Reisenjima (?-?) and investigate.
{Sylvie} If we keep at it, we can still get in first place. Let's go the extra old college malm!
{Sylvie} Uh-oh! He's here! That Quetzalcoatl guy's showed up in Reisenjima around ?-?, and he seems super duper mad.
{Nailbomb} Hello!

{Sylvie} Oh wow, good job, everyone! That Quetzalcoatl guy in Reisenjima is all beaten up. I think we won! Yay!
{Sylvie} Currently, we have taken down 288 monsters in a row, which gives us a not-so-shabby total of 120027 monsters defeated.
{Sylvie} Okay, everyone! I just had the weirdest vision. In the next 10 minutes, somebody called ｲAzi Dahakaｳ will be showing up in Escha - Zi'Tah, somewhere around H-8! Is that good?
{Nashell} .

{Makino} Hello!

{Ymora} .

{Sylvie} There appears to be a unit separate from Azi Dahaka out there. Please head to Escha - Zi'Tah (H-8) and investigate.
{Sylvie} Uh-oh! He's here! That Azi Dahaka guy's showed up in Escha - Zi'Tah around H-8, and he seems super duper mad.
{Sylvie} Oh wow, good job, everyone! That Azi Dahaka guy in Escha - Zi'Tah is all beaten up. I think we won! Yay!
{Sylvie} Currently, we have taken down 289 monsters in a row, which gives us a not-so-shabby total of 120028 monsters defeated.
Stig examines you.
Stig begins to browse the merchandise in your bazaar.
Stig leaves your bazaar.
{Caits} /

{Sylvie} Okay, everyone! I just had the weirdest vision. In the next 10 minutes, somebody called ｲNaga Rajaｳ will be showing up in Escha - Ru'Aun, somewhere around H-9! Is that good?
Manapoo examines you.
Manapoo begins to browse the merchandise in your bazaar.
Manapoo leaves your bazaar.
{Sylvie} There appears to be a unit separate from Naga Raja out there. Please head to Escha - Ru'Aun (H-9) and investigate.
{Sylvie} Uh-oh! He's here! That Naga Raja guy's showed up in Escha - Ru'Aun around H-9, and he seems super duper mad.
{Ryanx} .

{Sylvie} Oh wow, good job, everyone! That Naga Raja guy in Escha - Ru'Aun is all beaten up. I think we won! Yay!
{Sylvie} Currently, we have taken down 290 monsters in a row, which gives us a not-so-shabby total of 120029 monsters defeated.
{Sylvie} Okay, everyone! I just had the weirdest vision. In the next 10 minutes, somebody called ｲQuetzalcoatlｳ will be showing up in Reisenjima, somewhere around ?-?! Is that good?
{Makih} .

{Takkezzo} Hello!

{Asika} .

{Sylvie} There appears to be a unit separate from Quetzalcoatl out there. Please head to Reisenjima (?-?) and investigate.
{Asika} .

{Sylvie} Uh-oh! He's here! That Quetzalcoatl guy's showed up in Reisenjima around ?-?, and he seems super duper mad.
{Sylvie} Oh wow, good job, everyone! That Quetzalcoatl guy in Reisenjima is all beaten up. I think we won! Yay!
{Sylvie} Currently, we have taken down 291 monsters in a row, which gives us a not-so-shabby total of 120030 monsters defeated.
{Sylvie} Okay, everyone! I just had the weirdest vision. In the next 10 minutes, somebody called ｲAzi Dahakaｳ will be showing up in Escha - Zi'Tah, somewhere around H-8! Is that good?
{Wovensgirl} .

{Sylvie} There appears to be a unit separate from Azi Dahaka out there. Please head to Escha - Zi'Tah (H-8) and investigate.
{Ansela} .

{Sylvie} Uh-oh! He's here! That Azi Dahaka guy's showed up in Escha - Zi'Tah around H-8, and he seems super duper mad.
{Sylvie} Oh wow, good job, everyone! That Azi Dahaka guy in Escha - Zi'Tah is all beaten up. I think we won! Yay!
{Sylvie} Currently, we have taken down 292 monsters in a row, which gives us a not-so-shabby total of 120031 monsters defeated.
{Sylvie} Okay, everyone! I just had the weirdest vision. In the next 10 minutes, somebody called ｲNaga Rajaｳ will be showing up in Escha - Ru'Aun, somewhere around H-9! Is that good?
{Sylvie} There appears to be a unit separate from Naga Raja out there. Please head to Escha - Ru'Aun (H-9) and investigate.
{Sylvie} Uh-oh! He's here! That Naga Raja guy's showed up in Escha - Ru'Aun around H-9, and he seems super duper mad.
{Sylvie} Oh wow, good job, everyone! That Naga Raja guy in Escha - Ru'Aun is all beaten up. I think we won! Yay!
{Sylvie} Currently, we have taken down 293 monsters in a row, which gives us a not-so-shabby total of 120032 monsters defeated.
{Sylvie} Okay, everyone! I just had the weirdest vision. In the next 10 minutes, somebody called ｲQuetzalcoatlｳ will be showing up in Reisenjima, somewhere around ?-?! Is that good?
{Sylvie} Listen everyone! I just got the most fantabulous idea for a geomancer heroine show! What do you think?
{Sylvie} There appears to be a unit separate from Quetzalcoatl out there. Please head to Reisenjima (?-?) and investigate.
{Sylvie} Uh-oh! He's here! That Quetzalcoatl guy's showed up in Reisenjima around ?-?, and he seems super duper mad.
{Jovanni} .

{Sylvie} Oh wow, good job, everyone! That Quetzalcoatl guy in Reisenjima is all beaten up. I think we won! Yay!
{Sylvie} Currently, we have taken down 294 monsters in a row, which gives us a not-so-shabby total of 120033 monsters defeated.
{Sylvie} Okay, everyone! I just had the weirdest vision. In the next 10 minutes, somebody called ｲAzi Dahakaｳ will be showing up in Escha - Zi'Tah, somewhere around H-8! Is that good?
{Zigzagzig} i

{Damagen} 42

{Sylvie} There appears to be a unit separate from Azi Dahaka out there. Please head to Escha - Zi'Tah (H-8) and investigate.
{Korvus} Hello!

{Sylvie} Uh-oh! He's here! That Azi Dahaka guy's showed up in Escha - Zi'Tah around H-8, and he seems super duper mad.
{Sylvie} Oh wow, good job, everyone! That Azi Dahaka guy in Escha - Zi'Tah is all beaten up. I think we won! Yay!
{Sylvie} Currently, we have taken down 295 monsters in a row, which gives us a not-so-shabby total of 120034 monsters defeated.
{Sylvie} Okay, everyone! I just had the weirdest vision. In the next 10 minutes, somebody called ｲNaga Rajaｳ will be showing up in Escha - Ru'Aun, somewhere around H-9! Is that good?
{Egerie} biyobiyo!

{Starrman} .

{Kaelessa} .

{Sylvie} There appears to be a unit separate from Naga Raja out there. Please head to Escha - Ru'Aun (H-9) and investigate.
{Sylvie} Uh-oh! He's here! That Naga Raja guy's showed up in Escha - Ru'Aun around H-9, and he seems super duper mad.
{Sylvie} Oh wow, good job, everyone! That Naga Raja guy in Escha - Ru'Aun is all beaten up. I think we won! Yay!
{Sylvie} Currently, we have taken down 296 monsters in a row, which gives us a not-so-shabby total of 120035 monsters defeated.
{Sylvie} Okay, everyone! I just had the weirdest vision. In the next 10 minutes, somebody called ｲQuetzalcoatlｳ will be showing up in Reisenjima, somewhere around ?-?! Is that good?
{Zhoi} .

{Sylvie} There appears to be a unit separate from Quetzalcoatl out there. Please head to Reisenjima (?-?) and investigate.
{Sylvie} Uh-oh! He's here! That Quetzalcoatl guy's showed up in Reisenjima around ?-?, and he seems super duper mad.
{Sylvie} Oh wow, good job, everyone! That Quetzalcoatl guy in Reisenjima is all beaten up. I think we won! Yay!
{Sylvie} Currently, we have taken down 297 monsters in a row, which gives us a not-so-shabby total of 120036 monsters defeated.
{Sylvie} Okay, everyone! I just had the weirdest vision. In the next 10 minutes, somebody called ｲAzi Dahakaｳ will be showing up in Escha - Zi'Tah, somewhere around H-8! Is that good?
{Aneone} i

{Lachingona} /

{Aneone} i

{Theflyingsalmon} Hello!

{Azukii} Soups

{Sylvie} There appears to be a unit separate from Azi Dahaka out there. Please head to Escha - Zi'Tah (H-8) and investigate.
{Sylvie} Uh-oh! He's here! That Azi Dahaka guy's showed up in Escha - Zi'Tah around H-8, and he seems super duper mad.
{Sylvie} Oh wow, good job, everyone! That Azi Dahaka guy in Escha - Zi'Tah is all beaten up. I think we won! Yay!
{Sylvie} Currently, we have taken down 298 monsters in a row, which gives us a not-so-shabby total of 120037 monsters defeated.
{Sylvie} Okay, everyone! I just had the weirdest vision. In the next 10 minutes, somebody called ｲNaga Rajaｳ will be showing up in Escha - Ru'Aun, somewhere around H-9! Is that good?
{Dawnsgoodies} ,

{Fava} .

{Sylvie} There appears to be a unit separate from Naga Raja out there. Please head to Escha - Ru'Aun (H-9) and investigate.
{Sylvie} Uh-oh! He's here! That Naga Raja guy's showed up in Escha - Ru'Aun around H-9, and he seems super duper mad.
{Sylvie} Oh wow, good job, everyone! That Naga Raja guy in Escha - Ru'Aun is all beaten up. I think we won! Yay!
{Sylvie} Currently, we have taken down 299 monsters in a row, which gives us a not-so-shabby total of 120038 monsters defeated.
{Sylvie} Ugh... Have you seen what Eukalline charges for geomantic plates?
{Sylvie} Okay, everyone! I just had the weirdest vision. In the next 10 minutes, somebody called ｲQuetzalcoatlｳ will be showing up in Reisenjima, somewhere around ?-?! Is that good?
{Anefour} i

{Sylvie} There appears to be a unit separate from Quetzalcoatl out there. Please head to Reisenjima (?-?) and investigate.
{Sylvie} Uh-oh! He's here! That Quetzalcoatl guy's showed up in Reisenjima around ?-?, and he seems super duper mad.
{Sylvie} Oh wow, good job, everyone! That Quetzalcoatl guy in Reisenjima is all beaten up. I think we won! Yay!
{Sylvie} Currently, we have taken down 300 monsters in a row, which gives us a not-so-shabby total of 120039 monsters defeated.
{Sylvie} Okay, everyone! I just had the weirdest vision. In the next 10 minutes, somebody called ｲAzi Dahakaｳ will be showing up in Escha - Zi'Tah, somewhere around H-8! Is that good?
{Sylvie} There appears to be a unit separate from Azi Dahaka out there. Please head to Escha - Zi'Tah (H-8) and investigate.
{Sylvie} Uh-oh! He's here! That Azi Dahaka guy's showed up in Escha - Zi'Tah around H-8, and he seems super duper mad.
Wanggubi examines you.
Wanggubi begins to browse the merchandise in your bazaar.
Wanggubi leaves your bazaar.
{Sylvie} Oh wow, good job, everyone! That Azi Dahaka guy in Escha - Zi'Tah is all beaten up. I think we won! Yay!
{Sylvie} Currently, we have taken down 301 monsters in a row, which gives us a not-so-shabby total of 120040 monsters defeated.
{Sylvie} Okay, everyone! I just had the weirdest vision. In the next 10 minutes, somebody called ｲNaga Rajaｳ will be showing up in Escha - Ru'Aun, somewhere around H-9! Is that good?
{Sylvie} There appears to be a unit separate from Naga Raja out there. Please head to Escha - Ru'Aun (H-9) and investigate.
{Altopian} Flying Hip Press

{Sylvie} Uh-oh! He's here! That Naga Raja guy's showed up in Escha - Ru'Aun around H-9, and he seems super duper mad.
{Jackrio} .

{Rederich} i

You have undertaken the limited-time Records of Eminence challenge ｲVanquish Plantoids.ｳ
{Sylvie} Oh wow, good job, everyone! That Naga Raja guy in Escha - Ru'Aun is all beaten up. I think we won! Yay!
{Sylvie} Currently, we have taken down 302 monsters in a row, which gives us a not-so-shabby total of 120041 monsters defeated.
{Sylvie} Okay, everyone! I just had the weirdest vision. In the next 10 minutes, somebody called ｲQuetzalcoatlｳ will be showing up in Reisenjima, somewhere around ?-?! Is that good?
{Sylvie} There appears to be a unit separate from Quetzalcoatl out there. Please head to Reisenjima (?-?) and investigate.
Ymora examines you.
Ymora begins to browse the merchandise in your bazaar.
Ymora leaves your bazaar.
{Sylvie} Uh-oh! He's here! That Quetzalcoatl guy's showed up in Reisenjima around ?-?, and he seems super duper mad.
{Sylvie} Oh wow, good job, everyone! That Quetzalcoatl guy in Reisenjima is all beaten up. I think we won! Yay!
{Sylvie} Currently, we have taken down 303 monsters in a row, which gives us a not-so-shabby total of 120042 monsters defeated.
{Sylvie} Okay, everyone! I just had the weirdest vision. In the next 10 minutes, somebody called ｲAzi Dahakaｳ will be showing up in Escha - Zi'Tah, somewhere around H-8! Is that good?
{Khorosho}  biyobiyo!

{Alenides} /

{Asthel} 。

{Dekoda} /

{Terrythehut} .

{Sylvie} There appears to be a unit separate from Azi Dahaka out there. Please head to Escha - Zi'Tah (H-8) and investigate.
{Sylvie} Uh-oh! He's here! That Azi Dahaka guy's showed up in Escha - Zi'Tah around H-8, and he seems super duper mad.
{Elemis} Hello!

{Sylvie} Oh wow, good job, everyone! That Azi Dahaka guy in Escha - Zi'Tah is all beaten up. I think we won! Yay!
{Sylvie} Currently, we have taken down 304 monsters in a row, which gives us a not-so-shabby total of 120043 monsters defeated.
{Sylvie} Okay, everyone! I just had the weirdest vision. In the next 10 minutes, somebody called ｲNaga Rajaｳ will be showing up in Escha - Ru'Aun, somewhere around H-9! Is that good?
{Bertrix} .

Tegamen unleashes a burst of runic energy at Celaria.
Celaria calls forth her dark minions to beleaguer Tegamen.
{Sylvie} I once had to transcribe a three-hundred-year-old geomancy treatise. I could barely make heads or toes of the language they used back then.
Crowlina shows off a long-lost ninjutsu technique.
Daerona shows off a long-lost ninjutsu technique.
Tegamen shows off a long-lost ninjutsu technique.
Terrana shows off a long-lost ninjutsu technique.
Temas shows off a long-lost ninjutsu technique for Crowlina.
{Sylvie} There appears to be a unit separate from Naga Raja out there. Please head to Escha - Ru'Aun (H-9) and investigate.
{Sylvie} Uh-oh! He's here! That Naga Raja guy's showed up in Escha - Ru'Aun around H-9, and he seems super duper mad.
Animagic examines you.
Animagic begins to browse the merchandise in your bazaar.
Animagic leaves your bazaar.
{Harten} .

{Sylvie} Oh wow, good job, everyone! That Naga Raja guy in Escha - Ru'Aun is all beaten up. I think we won! Yay!
{Sylvie} Currently, we have taken down 305 monsters in a row, which gives us a not-so-shabby total of 120044 monsters defeated.
{Sylvie} Okay, everyone! I just had the weirdest vision. In the next 10 minutes, somebody called ｲQuetzalcoatlｳ will be showing up in Reisenjima, somewhere around ?-?! Is that good?
{Sylvie} There appears to be a unit separate from Quetzalcoatl out there. Please head to Reisenjima (?-?) and investigate.
{Sylvie} Uh-oh! He's here! That Quetzalcoatl guy's showed up in Reisenjima around ?-?, and he seems super duper mad.
{Sylvie} Oh wow, good job, everyone! That Quetzalcoatl guy in Reisenjima is all beaten up. I think we won! Yay!
{Sylvie} Currently, we have taken down 306 monsters in a row, which gives us a not-so-shabby total of 120045 monsters defeated.
{Sylvie} Okay, everyone! I just had the weirdest vision. In the next 10 minutes, somebody called ｲAzi Dahakaｳ will be showing up in Escha - Zi'Tah, somewhere around H-8! Is that good?
{Venusfallen} Helldive

Amydine examines you.
Amydine begins to browse the merchandise in your bazaar.
Amydine leaves your bazaar.
{Goodname} .

{Sylvie} There appears to be a unit separate from Azi Dahaka out there. Please head to Escha - Zi'Tah (H-8) and investigate.
{Sylvie} Uh-oh! He's here! That Azi Dahaka guy's showed up in Escha - Zi'Tah around H-8, and he seems super duper mad.
{Sylvie} Oh wow, good job, everyone! That Azi Dahaka guy in Escha - Zi'Tah is all beaten up. I think we won! Yay!
{Sylvie} Currently, we have taken down 307 monsters in a row, which gives us a not-so-shabby total of 120046 monsters defeated.
{Sylvie} Okay, everyone! I just had the weirdest vision. In the next 10 minutes, somebody called ｲNaga Rajaｳ will be showing up in Escha - Ru'Aun, somewhere around H-9! Is that good?
Ltf examines you.
Ltf begins to browse the merchandise in your bazaar.
Ltf leaves your bazaar.
{Gherrigloots} ,

{Gherrigloots} ,

Mablung grins roguishly at Inferia.
{Shinichi} Hello!

{Selura} ,

Thewilltolive cheers Obiimorii on!
Ryuail cheers Obiimorii on!
{Sylvie} There appears to be a unit separate from Naga Raja out there. Please head to Escha - Ru'Aun (H-9) and investigate.
{Sylvie} Uh-oh! He's here! That Naga Raja guy's showed up in Escha - Ru'Aun around H-9, and he seems super duper mad.
{Sylvie} Oh wow, good job, everyone! That Naga Raja guy in Escha - Ru'Aun is all beaten up. I think we won! Yay!
{Sylvie} Currently, we have taken down 308 monsters in a row, which gives us a not-so-shabby total of 120047 monsters defeated.
{Desorae} .

{Desorae} .

{Sylvie} Okay, everyone! I just had the weirdest vision. In the next 10 minutes, somebody called ｲQuetzalcoatlｳ will be showing up in Reisenjima, somewhere around ?-?! Is that good?
Ryuail : hey, yall heard about that new Sortie content? i hear it's pretty cool :P

Corriri : the people by sortie told me to come do omen since the line was so short

Moguri : you didnt hear there is no sortie q atm

Ryuail : i'm sorry to say, you've been bamboozled

Hodl : ill take a wacky wango card

{Sylvie} There appears to be a unit separate from Quetzalcoatl out there. Please head to Reisenjima (?-?) and investigate.
Corriri : i've been had!

Moguri : ya its a sortie campain atm

Moguri : you guys should go do that

Thewilltolive uses Accession.
{Sylvie} Uh-oh! He's here! That Quetzalcoatl guy's showed up in Reisenjima around ?-?, and he seems super duper mad.
{Sylvie} Oh wow, good job, everyone! That Quetzalcoatl guy in Reisenjima is all beaten up. I think we won! Yay!
{Sylvie} Currently, we have taken down 309 monsters in a row, which gives us a not-so-shabby total of 120048 monsters defeated.
{Sylvie} Okay, everyone! I just had the weirdest vision. In the next 10 minutes, somebody called ｲAzi Dahakaｳ will be showing up in Escha - Zi'Tah, somewhere around H-8! Is that good?
{Sylvie} There appears to be a unit separate from Azi Dahaka out there. Please head to Escha - Zi'Tah (H-8) and investigate.
{Godzuki} ,

{Sylvie} Uh-oh! He's here! That Azi Dahaka guy's showed up in Escha - Zi'Tah around H-8, and he seems super duper mad.
{Sylvie} Hey! You can earn double the usual amount of Unity accolades right now! That's like hitting two stones with one bird!
{Sylvie} Oh wow, good job, everyone! That Azi Dahaka guy in Escha - Zi'Tah is all beaten up. I think we won! Yay!
{Sylvie} Currently, we have taken down 310 monsters in a row, which gives us a not-so-shabby total of 120049 monsters defeated.
{Sylvie} Okay, everyone! I just had the weirdest vision. In the next 10 minutes, somebody called ｲNaga Rajaｳ will be showing up in Escha - Ru'Aun, somewhere around H-9! Is that good?
{Blackstabbeth} ,

{Sylvie} There appears to be a unit separate from Naga Raja out there. Please head to Escha - Ru'Aun (H-9) and investigate.
{Sylvie} Uh-oh! He's here! That Naga Raja guy's showed up in Escha - Ru'Aun around H-9, and he seems super duper mad.
{Sylvie} Oh wow, good job, everyone! That Naga Raja guy in Escha - Ru'Aun is all beaten up. I think we won! Yay!
{Sylvie} Currently, we have taken down 311 monsters in a row, which gives us a not-so-shabby total of 120050 monsters defeated.
{Kdino} /

{Zhain} .

{Sylvie} Okay, everyone! I just had the weirdest vision. In the next 10 minutes, somebody called ｲQuetzalcoatlｳ will be showing up in Reisenjima, somewhere around ?-?! Is that good?
{Sylvie} There appears to be a unit separate from Quetzalcoatl out there. Please head to Reisenjima (?-?) and investigate.
{Sylvie} Uh-oh! He's here! That Quetzalcoatl guy's showed up in Reisenjima around ?-?, and he seems super duper mad.
{Sylvie} Oh wow, good job, everyone! That Quetzalcoatl guy in Reisenjima is all beaten up. I think we won! Yay!
{Sylvie} Currently, we have taken down 312 monsters in a row, which gives us a not-so-shabby total of 120051 monsters defeated.
{Sylvie} Okay, everyone! I just had the weirdest vision. In the next 10 minutes, somebody called ｲAzi Dahakaｳ will be showing up in Escha - Zi'Tah, somewhere around H-8! Is that good?
{Sylvie} There appears to be a unit separate from Azi Dahaka out there. Please head to Escha - Zi'Tah (H-8) and investigate.
{Sylvie} Uh-oh! He's here! That Azi Dahaka guy's showed up in Escha - Zi'Tah around H-8, and he seems super duper mad.
Elizabetha pokes Koruma.
Kharybdis and Nutcracker happily dance together.
{Libor} /

{Sylvie} Oh wow, good job, everyone! That Azi Dahaka guy in Escha - Zi'Tah is all beaten up. I think we won! Yay!
{Sylvie} Currently, we have taken down 313 monsters in a row, which gives us a not-so-shabby total of 120052 monsters defeated.
{Sylvie} Okay, everyone! I just had the weirdest vision. In the next 10 minutes, somebody called ｲNaga Rajaｳ will be showing up in Escha - Ru'Aun, somewhere around H-9! Is that good?
Elizabetha licks Kharybdis

Silvermutt licks himself.

Kharybdis looks at Elizabetha, shocked!
Kharybdis looks at Elizabetha, shocked!
Elizabetha pokes Nutcracker.

{Sylvie} There appears to be a unit separate from Naga Raja out there. Please head to Escha - Ru'Aun (H-9) and investigate.
Kharybdis examines you.
Kharybdis begins to browse the merchandise in your bazaar.
Kharybdis leaves your bazaar.
{Sylvie} Uh-oh! He's here! That Naga Raja guy's showed up in Escha - Ru'Aun around H-9, and he seems super duper mad.
Elizabetha loses the will to live and looks at Thewilltolive

Thewilltolive grins roguishly at Elizabetha.
Kharybdis looks at Koruma and sighs dejectedly.
Elizabetha slaps Koruma around with a large trout.

Koruma sighs dejectedly.
{Chingyboo} /

Narnok stares at Ajuce...
{Sylvie} Oh wow, good job, everyone! That Naga Raja guy in Escha - Ru'Aun is all beaten up. I think we won! Yay!
{Sylvie} Currently, we have taken down 314 monsters in a row, which gives us a not-so-shabby total of 120053 monsters defeated.
Ryuail readies her weapon.
{Sylvie} Okay, everyone! I just had the weirdest vision. In the next 10 minutes, somebody called ｲQuetzalcoatlｳ will be showing up in Reisenjima, somewhere around ?-?! Is that good?
{Bana} @

{Bana} Hello!

{Encognito} Hello!

{Sylvie} If we keep at it, we can still get in first place. Let's go the extra old college malm!
{Marzie} /

{Sylvie} There appears to be a unit separate from Quetzalcoatl out there. Please head to Reisenjima (?-?) and investigate.
{Sylvie} Uh-oh! He's here! That Quetzalcoatl guy's showed up in Reisenjima around ?-?, and he seems super duper mad.
{Sylvie} Oh wow, good job, everyone! That Quetzalcoatl guy in Reisenjima is all beaten up. I think we won! Yay!
{Sylvie} Currently, we have taken down 315 monsters in a row, which gives us a not-so-shabby total of 120054 monsters defeated.
{Sylvie} Okay, everyone! I just had the weirdest vision. In the next 10 minutes, somebody called ｲAzi Dahakaｳ will be showing up in Escha - Zi'Tah, somewhere around H-8! Is that good?
{Sylvie} There appears to be a unit separate from Azi Dahaka out there. Please head to Escha - Zi'Tah (H-8) and investigate.
{Sylvie} Uh-oh! He's here! That Azi Dahaka guy's showed up in Escha - Zi'Tah around H-8, and he seems super duper mad.
{Sylvie} Oh wow, good job, everyone! That Azi Dahaka guy in Escha - Zi'Tah is all beaten up. I think we won! Yay!
{Sylvie} Currently, we have taken down 316 monsters in a row, which gives us a not-so-shabby total of 120055 monsters defeated.
{Sylvie} Okay, everyone! I just had the weirdest vision. In the next 10 minutes, somebody called ｲNaga Rajaｳ will be showing up in Escha - Ru'Aun, somewhere around H-9! Is that good?
Gendry cheers Illyanna on!
Illyanna panics!
{Sylvie} There appears to be a unit separate from Naga Raja out there. Please head to Escha - Ru'Aun (H-9) and investigate.
{Sylvie} Uh-oh! He's here! That Naga Raja guy's showed up in Escha - Ru'Aun around H-9, and he seems super duper mad.
Sibiant : I'm back!

{Sylvie} Oh wow, good job, everyone! That Naga Raja guy in Escha - Ru'Aun is all beaten up. I think we won! Yay!
{Sylvie} Currently, we have taken down 317 monsters in a row, which gives us a not-so-shabby total of 120056 monsters defeated.
{Sylvie} Okay, everyone! I just had the weirdest vision. In the next 10 minutes, somebody called ｲQuetzalcoatlｳ will be showing up in Reisenjima, somewhere around ?-?! Is that good?
{Swanronson} .

{Sylvie} There appears to be a unit separate from Quetzalcoatl out there. Please head to Reisenjima (?-?) and investigate.
{Sylvie} Uh-oh! He's here! That Quetzalcoatl guy's showed up in Reisenjima around ?-?, and he seems super duper mad.
Clairxi looks at Samanta and panics!
Ladyagrias examines you.
Ladyagrias begins to browse the merchandise in your bazaar.
Ladyagrias leaves your bazaar.
{Sylvie} Oh wow, good job, everyone! That Quetzalcoatl guy in Reisenjima is all beaten up. I think we won! Yay!
{Sylvie} Currently, we have taken down 318 monsters in a row, which gives us a not-so-shabby total of 120057 monsters defeated.
Clairxi pokes Msjigglebits.
{Gdcole} .

{Sylvie} Okay, everyone! I just had the weirdest vision. In the next 10 minutes, somebody called ｲAzi Dahakaｳ will be showing up in Escha - Zi'Tah, somewhere around H-8! Is that good?
{Syip} .

Brainless examines you.
Brainless begins to browse the merchandise in your bazaar.
Brainless leaves your bazaar.
{Sylvie} There appears to be a unit separate from Azi Dahaka out there. Please head to Escha - Zi'Tah (H-8) and investigate.
{Sylvie} Uh-oh! He's here! That Azi Dahaka guy's showed up in Escha - Zi'Tah around H-8, and he seems super duper mad.
{Sylvie} Oh wow, good job, everyone! That Azi Dahaka guy in Escha - Zi'Tah is all beaten up. I think we won! Yay!
{Sylvie} Currently, we have taken down 319 monsters in a row, which gives us a not-so-shabby total of 120058 monsters defeated.
Enpi examines you.
Enpi begins to browse the merchandise in your bazaar.
{Sylvie} Okay, everyone! I just had the weirdest vision. In the next 10 minutes, somebody called ｲNaga Rajaｳ will be showing up in Escha - Ru'Aun, somewhere around H-9! Is that good?
Enpi leaves your bazaar.
{Ricciardo} .

{Sylvie} There appears to be a unit separate from Naga Raja out there. Please head to Escha - Ru'Aun (H-9) and investigate.
{Sylvie} Uh-oh! He's here! That Naga Raja guy's showed up in Escha - Ru'Aun around H-9, and he seems super duper mad.
{Klapper} .

{Samuel} ;=) 

{Sylvie} Did you ever notice how silky smooth Wescolina's skin is? She's got to be infusing it with some kind of geomantic magic.
{Sylvie} Oh wow, good job, everyone! That Naga Raja guy in Escha - Ru'Aun is all beaten up. I think we won! Yay!
{Sylvie} Currently, we have taken down 320 monsters in a row, which gives us a not-so-shabby total of 120059 monsters defeated.
Kharybdis looks at Silvermutt and sighs dejectedly.
{Headsparkle} 、

Kharybdis chokes Kinkima

>> /follow
...A command error occurred.
superwarp: No homepoints found! Retrying...
superwarp: No homepoints found!
Kinkima cheers!
>> /follow
...A command error occurred.
{Tereska} /

{Sylvie} Okay, everyone! I just had the weirdest vision. In the next 10 minutes, somebody called ｲQuetzalcoatlｳ will be showing up in Reisenjima, somewhere around ?-?! Is that good?
{Baueer} Hello!

{Tereska} /

{Sylvie} There appears to be a unit separate from Quetzalcoatl out there. Please head to Reisenjima (?-?) and investigate.
{Pookums} Hello!

{Sylvie} Uh-oh! He's here! That Quetzalcoatl guy's showed up in Reisenjima around ?-?, and he seems super duper mad.
{Sylvie} Oh wow, good job, everyone! That Quetzalcoatl guy in Reisenjima is all beaten up. I think we won! Yay!
{Sylvie} Currently, we have taken down 321 monsters in a row, which gives us a not-so-shabby total of 120060 monsters defeated.
{Sylvie} Okay, everyone! I just had the weirdest vision. In the next 10 minutes, somebody called ｲAzi Dahakaｳ will be showing up in Escha - Zi'Tah, somewhere around H-8! Is that good?
Squasher waves to Phelt.
Phelt waves to Squasher.
Phelt points at Salonia.
Salonia feels like snow white and the 10 dwarfs

Phelt Snow Blight*

{Sylvie} There appears to be a unit separate from Azi Dahaka out there. Please head to Escha - Zi'Tah (H-8) and investigate.
{Saelboljin} ,

{Sabuchinn} .

{Sylvie} Uh-oh! He's here! That Azi Dahaka guy's showed up in Escha - Zi'Tah around H-8, and he seems super duper mad.
{Sylvie} Oh wow, good job, everyone! That Azi Dahaka guy in Escha - Zi'Tah is all beaten up. I think we won! Yay!
{Sylvie} Currently, we have taken down 322 monsters in a row, which gives us a not-so-shabby total of 120061 monsters defeated.
{Sylvie} Okay, everyone! I just had the weirdest vision. In the next 10 minutes, somebody called ｲNaga Rajaｳ will be showing up in Escha - Ru'Aun, somewhere around H-9! Is that good?
Burnzz examines you.
Burnzz begins to browse the merchandise in your bazaar.
Burnzz leaves your bazaar.
{Echandra} Hello!

You have undertaken the limited-time Records of Eminence challenge ｲVanquish Amorphs.ｳ
{Sallex} Hello!

{Sylvie} There appears to be a unit separate from Naga Raja out there. Please head to Escha - Ru'Aun (H-9) and investigate.
{Sylvie} Uh-oh! He's here! That Naga Raja guy's showed up in Escha - Ru'Aun around H-9, and he seems super duper mad.
{Sylvie} Oh wow, good job, everyone! That Naga Raja guy in Escha - Ru'Aun is all beaten up. I think we won! Yay!
{Sylvie} Currently, we have taken down 323 monsters in a row, which gives us a not-so-shabby total of 120062 monsters defeated.
Jenks examines you.
Jenks begins to browse the merchandise in your bazaar.
Jenks leaves your bazaar.
{Sylvie} Okay, everyone! I just had the weirdest vision. In the next 10 minutes, somebody called ｲQuetzalcoatlｳ will be showing up in Reisenjima, somewhere around ?-?! Is that good?
{Sylvie} There appears to be a unit separate from Quetzalcoatl out there. Please head to Reisenjima (?-?) and investigate.
Funkworkz(funkworkz) is now online on Guildwork.
{Zigzagzig} i

{Sylvie} Uh-oh! He's here! That Quetzalcoatl guy's showed up in Reisenjima around ?-?, and he seems super duper mad.
{Sylvie} Oh wow, good job, everyone! That Quetzalcoatl guy in Reisenjima is all beaten up. I think we won! Yay!
{Sylvie} Currently, we have taken down 324 monsters in a row, which gives us a not-so-shabby total of 120063 monsters defeated.
{Sylvie} Okay, everyone! I just had the weirdest vision. In the next 10 minutes, somebody called ｲAzi Dahakaｳ will be showing up in Escha - Zi'Tah, somewhere around H-8! Is that good?
{Sylvie} There appears to be a unit separate from Azi Dahaka out there. Please head to Escha - Zi'Tah (H-8) and investigate.
{Sylvie} I wonder how they first discovered geomancy. Did they have the same spells we do now?
{Pinef} Hello!こんに

{Sylvie} Uh-oh! He's here! That Azi Dahaka guy's showed up in Escha - Zi'Tah around H-8, and he seems super duper mad.
{Sylvie} Oh wow, good job, everyone! That Azi Dahaka guy in Escha - Zi'Tah is all beaten up. I think we won! Yay!
{Sylvie} Currently, we have taken down 325 monsters in a row, which gives us a not-so-shabby total of 120064 monsters defeated.
{Applef} Hello!

{Sylvie} Okay, everyone! I just had the weirdest vision. In the next 10 minutes, somebody called ｲNaga Rajaｳ will be showing up in Escha - Ru'Aun, somewhere around H-9! Is that good?
Kazenosasayaki examines you.
Kazenosasayaki begins to browse the merchandise in your bazaar.
Kazenosasayaki leaves your bazaar.
{Andygu} Hello!

{Sylvie} There appears to be a unit separate from Naga Raja out there. Please head to Escha - Ru'Aun (H-9) and investigate.
{Sylvie} Uh-oh! He's here! That Naga Raja guy's showed up in Escha - Ru'Aun around H-9, and he seems super duper mad.
{Sylvie} Oh wow, good job, everyone! That Naga Raja guy in Escha - Ru'Aun is all beaten up. I think we won! Yay!
{Sylvie} Currently, we have taken down 326 monsters in a row, which gives us a not-so-shabby total of 120065 monsters defeated.
Dice roll! Burnzz rolls 487!
Dice roll! Burnzz rolls 949!
{Sylvie} Okay, everyone! I just had the weirdest vision. In the next 10 minutes, somebody called ｲQuetzalcoatlｳ will be showing up in Reisenjima, somewhere around ?-?! Is that good?
{Sylvie} There appears to be a unit separate from Quetzalcoatl out there. Please head to Reisenjima (?-?) and investigate.
{Allly} Hello!

{Kendlar} .

{Sylvie} Uh-oh! He's here! That Quetzalcoatl guy's showed up in Reisenjima around ?-?, and he seems super duper mad.
{Sylvie} Oh wow, good job, everyone! That Quetzalcoatl guy in Reisenjima is all beaten up. I think we won! Yay!
{Sylvie} Currently, we have taken down 327 monsters in a row, which gives us a not-so-shabby total of 120066 monsters defeated.
{Tawhoya} .

Poody waves to Pockye.
{Sylvie} Okay, everyone! I just had the weirdest vision. In the next 10 minutes, somebody called ｲAzi Dahakaｳ will be showing up in Escha - Zi'Tah, somewhere around H-8! Is that good?
{Tokis} Hello!

{Sylvie} There appears to be a unit separate from Azi Dahaka out there. Please head to Escha - Zi'Tah (H-8) and investigate.
{Sylvie} Uh-oh! He's here! That Azi Dahaka guy's showed up in Escha - Zi'Tah around H-8, and he seems super duper mad.
{Ryukens} Hello!

{Sylvie} Oh wow, good job, everyone! That Azi Dahaka guy in Escha - Zi'Tah is all beaten up. I think we won! Yay!
{Sylvie} Currently, we have taken down 328 monsters in a row, which gives us a not-so-shabby total of 120067 monsters defeated.
{Sylvie} Okay, everyone! I just had the weirdest vision. In the next 10 minutes, somebody called ｲNaga Rajaｳ will be showing up in Escha - Ru'Aun, somewhere around H-9! Is that good?
{Sylvie} There appears to be a unit separate from Naga Raja out there. Please head to Escha - Ru'Aun (H-9) and investigate.
{Sylvie} Uh-oh! He's here! That Naga Raja guy's showed up in Escha - Ru'Aun around H-9, and he seems super duper mad.
Olopher examines you.
Olopher begins to browse the merchandise in your bazaar.
Olopher leaves your bazaar.
{Sylvie} Oh wow, good job, everyone! That Naga Raja guy in Escha - Ru'Aun is all beaten up. I think we won! Yay!
{Sylvie} Currently, we have taken down 329 monsters in a row, which gives us a not-so-shabby total of 120068 monsters defeated.
{Genaveve} .

{Momororo} .

{Sylvie} Okay, everyone! I just had the weirdest vision. In the next 10 minutes, somebody called ｲQuetzalcoatlｳ will be showing up in Reisenjima, somewhere around ?-?! Is that good?
Kockoa examines you.
{Gluttire} Hello!

{Sylvie} I forgot to return my library copy of ｲSih Renaye and the Five Disciplesｳ again. Andreine was so mad at me, but it's not like I forgot on purpose...
{Sylvie} There appears to be a unit separate from Quetzalcoatl out there. Please head to Reisenjima (?-?) and investigate.
{Sylvie} Uh-oh! He's here! That Quetzalcoatl guy's showed up in Reisenjima around ?-?, and he seems super duper mad.
{Sylvie} Oh wow, good job, everyone! That Quetzalcoatl guy in Reisenjima is all beaten up. I think we won! Yay!
{Sylvie} Currently, we have taken down 330 monsters in a row, which gives us a not-so-shabby total of 120069 monsters defeated.
Shidifu examines you.
Shidifu begins to browse the merchandise in your bazaar.
Shidifu leaves your bazaar.
Shidifu examines you.
Shidifu begins to browse the merchandise in your bazaar.
Shidifu leaves your bazaar.
{Sylvie} Okay, everyone! I just had the weirdest vision. In the next 10 minutes, somebody called ｲAzi Dahakaｳ will be showing up in Escha - Zi'Tah, somewhere around H-8! Is that good?
{Sylvie} There appears to be a unit separate from Azi Dahaka out there. Please head to Escha - Zi'Tah (H-8) and investigate.
{Sylvie} Uh-oh! He's here! That Azi Dahaka guy's showed up in Escha - Zi'Tah around H-8, and he seems super duper mad.
{Tawhoya} .

{Psopso} i

{Sylvie} Oh wow, good job, everyone! That Azi Dahaka guy in Escha - Zi'Tah is all beaten up. I think we won! Yay!
{Sylvie} Currently, we have taken down 331 monsters in a row, which gives us a not-so-shabby total of 120070 monsters defeated.
{Sylvie} Okay, everyone! I just had the weirdest vision. In the next 10 minutes, somebody called ｲNaga Rajaｳ will be showing up in Escha - Ru'Aun, somewhere around H-9! Is that good?
{Sylvie} There appears to be a unit separate from Naga Raja out there. Please head to Escha - Ru'Aun (H-9) and investigate.
{Indyforce} ・

{Alvaroon} i

{Sylvie} Uh-oh! He's here! That Naga Raja guy's showed up in Escha - Ru'Aun around H-9, and he seems super duper mad.
{Sylvie} Oh wow, good job, everyone! That Naga Raja guy in Escha - Ru'Aun is all beaten up. I think we won! Yay!
{Sylvie} Currently, we have taken down 332 monsters in a row, which gives us a not-so-shabby total of 120071 monsters defeated.
{Sylvie} Okay, everyone! I just had the weirdest vision. In the next 10 minutes, somebody called ｲQuetzalcoatlｳ will be showing up in Reisenjima, somewhere around ?-?! Is that good?
{Sylvie} There appears to be a unit separate from Quetzalcoatl out there. Please head to Reisenjima (?-?) and investigate.
{Sylvie} Uh-oh! He's here! That Quetzalcoatl guy's showed up in Reisenjima around ?-?, and he seems super duper mad.
{Sylvie} Oh wow, good job, everyone! That Quetzalcoatl guy in Reisenjima is all beaten up. I think we won! Yay!
{Sylvie} Currently, we have taken down 333 monsters in a row, which gives us a not-so-shabby total of 120072 monsters defeated.
{Sylvie} Okay, everyone! I just had the weirdest vision. In the next 10 minutes, somebody called ｲAzi Dahakaｳ will be showing up in Escha - Zi'Tah, somewhere around H-8! Is that good?
{Canalfour} Hello!

Yerless slaps Odesse.
{Etnopa} Hello!

Tuefie pats Odesse consolingly.
{Alvinho} i

{Siranoran} Hello!

{Aqc} .

{Carlia} Hello!

Zatho bows courteously to Dookaughs.
{Sylvie} There appears to be a unit separate from Azi Dahaka out there. Please head to Escha - Zi'Tah (H-8) and investigate.
Alvinho nods to Shiroikiri.
{Sylvie} Uh-oh! He's here! That Azi Dahaka guy's showed up in Escha - Zi'Tah around H-8, and he seems super duper mad.
{Sylvie} Oh wow, good job, everyone! That Azi Dahaka guy in Escha - Zi'Tah is all beaten up. I think we won! Yay!
{Sylvie} Currently, we have taken down 334 monsters in a row, which gives us a not-so-shabby total of 120073 monsters defeated.
Zave panics!
Xergling needs a crowbar to pull her thong string out

{Sylvie} Okay, everyone! I just had the weirdest vision. In the next 10 minutes, somebody called ｲNaga Rajaｳ will be showing up in Escha - Ru'Aun, somewhere around H-9! Is that good?
Shiroikiri pats Giacorleone consolingly.
Oakn : I need to enter dynamus to enchant it with 20%+ dmg tho

