[16:55:26] === Area: Port San d'Oria ===
[16:55:26] *****DP Job Selection:WHM*****
[16:55:26] Mode: Magic.
[16:55:26]  White = Can not cast.
[16:55:26]  Green = Casting Range
[16:55:26] React: Loading File: react_WHM.lua
[16:55:28] Size already 20.
[16:55:28] ConsoleBG: Position changed! X: 15 Y: 50
[16:55:33] <<< Welcome to Asura! >>>
[16:55:33] Announcing the winning numbers for the 20th Vana'versary Nomad Mog Bonanza!
[16:55:33] 
[16:55:33]  
[16:55:33] 
[16:55:33] Rank 3 prize: "7" (last digit)-- 20,471 winners.
[16:55:33] 
[16:55:33] Rank 2 prize: "04" (last two digits)-- 2,010 winners.
[16:55:33] 
[16:55:33] Rank 1 prize: "854" (all three digits)-- 185 winners.
[16:55:33] 
[16:55:33] *The number of winners for each prize is a combined total from all worlds.
[16:55:33] 
[16:55:33]  
[16:55:33] 
[16:55:33] Collection period: On July 14, 2022 at 1:00 (PDT) / 8:00 (GMT) to July 31, at 7:59 (PDT) / 14:59 (GMT)
[16:55:33] 
[16:55:33] Details on the prize can be confirmed by speaking to a Bonanza Moogle at one of the following locations:
[16:55:33] 
[16:55:33] Port San d'Oria (I-9) / Port Bastok (L-8) / Port Windurst (F-6) / Chocobo Circuit (H-8)
[16:55:35] You have undertaken the limited-time Records of Eminence challenge ｲVanquish Vermin.ｳ
[16:55:35] The July 2022 Login Campaign is currently underway!
[16:55:35] 
[16:55:35] In celebration of your most recent login (login no. 15), we have provided you with 100 points!
[16:55:35] You currently have a total of 3400 points.
[16:55:35] We hope you enjoy this complimentary little gift, courtesy of the citizens of Vana'diel!
[16:55:35] Obtained: Special gobbiedial key.
[16:55:40] Redwoods[Norg]: WTB * Mars/Venus orb 2.5M * Do you have it? Sell?
Habitox : Oho, ya feelin' lucky 'nough tah takes a stab at da myst'ry box?
[16:55:43] Habitox : Oho, ya feelin' lucky 'nough tah takes a stab at da myst'ry box?
[16:55:43] Habitox : Oho, ya feelin' lucky 'nough tah takes a stab at da myst'ry box?
Habitox : Ya wanna open dat sucker up? Okay, but which dial ya be wantin'?
[16:55:44] Habitox : Ya wanna open dat sucker up? Okay, but which dial ya be wantin'?
[16:55:44] Habitox : Ya wanna open dat sucker up? Okay, but which dial ya be wantin'?
Habitox : So ya be wantin' the special dial?M'kay, get yerself all steeled up, 'cause here we go! 'Member, no complaints!
[16:55:47] Habitox : So ya be wantin' the special dial?
[16:55:47] 　M'kay, get yerself all steeled up, 'cause here we go! 'Member, no complaints!
[16:55:47] Habitox : So ya be wantin' the special dial?
[16:55:47] 　M'kay, get yerself all steeled up, 'cause here we go! 'Member, no complaints!
Habitox : Dis box is full o' myst'ries,♪Dat span da realm's his'try,♪So whatcha gonna get from da chest...o'...uh, fortunery?♪
[16:55:48] Habitox : Dis box is full o' myst'ries,♪
[16:55:48] 　Dat span da realm's his'try,♪
[16:55:48] 　So whatcha gonna get from da chest...o'...uh, fortunery?♪
[16:55:48] Habitox : Dis box is full o' myst'ries,♪
[16:55:48] 　Dat span da realm's his'try,♪
[16:55:48] 　So whatcha gonna get from da chest...o'...uh, fortunery?♪
Habitox : Oooh, looks at what popped out! I hopes it makes yer adventures dat much more adventumarous!
[16:55:52] Habitox : Oooh, looks at what popped out! I hopes it makes yer adventures dat much more adventumarous!
[16:55:52] Habitox : Oooh, looks at what popped out! I hopes it makes yer adventures dat much more adventumarous!
[16:55:55] Obtained: Impaction sphere.
[16:55:55] You have used 50 points of your daily tally!
[16:55:59] Executing logout in 30 seconds.
[16:55:59] Cancel healing to remain logged in.
[16:56:03] Executing logout in 25 seconds.
[16:56:03] Cancel healing to remain logged in.
[16:56:08] Executing logout in 20 seconds.
[16:56:08] Cancel healing to remain logged in.
[16:56:13] Executing logout in 15 seconds.
[16:56:13] Cancel healing to remain logged in.
[16:56:18] Executing logout in 10 seconds.
[16:56:18] Cancel healing to remain logged in.
[16:56:19] Shantaru[PortJeuno]: SAVORY SHANK Do you need it? 300k each /c Bazaar @ gs  Thank you.
[16:56:23] Executing logout in 5 seconds.
[16:56:23] Cancel healing to remain logged in.
