[21:06:04] === Area: Port San d'Oria ===
[21:06:04] *****DP Job Selection:WHM*****
[21:06:04] Mode: Magic.
[21:06:04]  White = Can not cast.
[21:06:04]  Green = Casting Range
[21:06:04] React: Loading File: react_WHM.lua
[21:06:06] Size already 20.
[21:06:06] ConsoleBG: Position changed! X: 15 Y: 50
[21:06:12] Blkuyfvd[BastokMine]: Sell abyssea empy Weapon Shop Item LV80 85 90 Do you need it? /tell
[21:06:13] <<< Welcome to Asura! >>>
[21:06:13] Announcing the winning numbers for the 20th Vana'versary Nomad Mog Bonanza!
[21:06:13] 
[21:06:13]  
[21:06:13] 
[21:06:13] Rank 3 prize: "7" (last digit)-- 20,471 winners.
[21:06:13] 
[21:06:13] Rank 2 prize: "04" (last two digits)-- 2,010 winners.
[21:06:13] 
[21:06:13] Rank 1 prize: "854" (all three digits)-- 185 winners.
[21:06:13] 
[21:06:13] *The number of winners for each prize is a combined total from all worlds.
[21:06:13] 
[21:06:13]  
[21:06:13] 
[21:06:13] Collection period: On July 14, 2022 at 1:00 (PDT) / 8:00 (GMT) to July 31, at 7:59 (PDT) / 14:59 (GMT)
[21:06:13] 
[21:06:13] Details on the prize can be confirmed by speaking to a Bonanza Moogle at one of the following locations:
[21:06:13] 
[21:06:13] Port San d'Oria (I-9) / Port Bastok (L-8) / Port Windurst (F-6) / Chocobo Circuit (H-8)
[21:06:13] Eunnaa[PortBastok]: Ambuscade V.1 VD Do you need it? 4M Buy? /tell
[21:06:15] You have undertaken the limited-time Records of Eminence challenge ｲVanquish Undead.ｳ
[21:06:15] The July 2022 Login Campaign is currently underway!
[21:06:15] 
[21:06:15] In celebration of your most recent login (login no. 14), we have provided you with 100 points!
[21:06:15] You currently have a total of 3300 points.
[21:06:15] We hope you enjoy this complimentary little gift, courtesy of the citizens of Vana'diel!
[21:06:15] Obtained: Special gobbiedial key.
[21:06:25] Leoniea synthesized a darksteel ingot.
Habitox : Oho, ya feelin' lucky 'nough tah takes a stab at da myst'ry box?
[21:06:25] Habitox : Oho, ya feelin' lucky 'nough tah takes a stab at da myst'ry box?
[21:06:25] Habitox : Oho, ya feelin' lucky 'nough tah takes a stab at da myst'ry box?
Habitox : Ya wanna open dat sucker up? Okay, but which dial ya be wantin'?
[21:06:27] Habitox : Ya wanna open dat sucker up? Okay, but which dial ya be wantin'?
[21:06:27] Habitox : Ya wanna open dat sucker up? Okay, but which dial ya be wantin'?
[21:06:32] Aoora[PortBastok]: Ambuscade V.1 VD Do you need it? 4m/run Buy?
Habitox : So ya be wantin' the special dial?M'kay, get yerself all steeled up, 'cause here we go! 'Member, no complaints!
[21:06:32] Habitox : So ya be wantin' the special dial?
[21:06:32] 　M'kay, get yerself all steeled up, 'cause here we go! 'Member, no complaints!
[21:06:32] Habitox : So ya be wantin' the special dial?
[21:06:32] 　M'kay, get yerself all steeled up, 'cause here we go! 'Member, no complaints!
[21:06:33] Shmilywowo[BastokMark]: Escha - Zi'Tah Escha - Ru'Aun Reisenjima T1T2T3 ALL Item ABJ Telos Earring Reiki Yotai Do you need it? /tell Buy? 
Habitox : Dis box is full o' myst'ries,♪Dat span da realm's his'try,♪So whatcha gonna get from da chest...o'...uh, fortunery?♪
[21:06:33] Habitox : Dis box is full o' myst'ries,♪
[21:06:33] 　Dat span da realm's his'try,♪
[21:06:33] 　So whatcha gonna get from da chest...o'...uh, fortunery?♪
[21:06:33] Habitox : Dis box is full o' myst'ries,♪
[21:06:33] 　Dat span da realm's his'try,♪
[21:06:33] 　So whatcha gonna get from da chest...o'...uh, fortunery?♪
Habitox : Oooh, looks at what popped out! I hopes it makes yer adventures dat much more adventumarous!
[21:06:38] Habitox : Oooh, looks at what popped out! I hopes it makes yer adventures dat much more adventumarous!
[21:06:38] Habitox : Oooh, looks at what popped out! I hopes it makes yer adventures dat much more adventumarous!
[21:06:41] Masxiaosan[LowJeuno]: Telos Earring Reiki Yotai Do you need it? /tell Buy? 
[21:06:41] Obtained: Pattern reader.
[21:06:41] You have used 50 points of your daily tally!
[21:06:42] Ronstadt[BastokMine]: Dynamis - Bastok D WAVE 1-2 RP Treasure Bonus Area Looking for members. /tell @6/12
[21:06:46] Leoniea synthesized a darksteel ingot.
[21:06:49] Executing logout in 30 seconds.
[21:06:49] Cancel healing to remain logged in.
[21:06:53] Executing logout in 25 seconds.
[21:06:53] Cancel healing to remain logged in.
[21:06:58] Executing logout in 20 seconds.
[21:06:58] Cancel healing to remain logged in.
[21:07:01] Ksods[Mhaura]: Ambuscade V.1 VD Do you need it? 4M Buy?
[21:07:03] Executing logout in 15 seconds.
[21:07:03] Cancel healing to remain logged in.
[21:07:06] Leoniea synthesized a darksteel ingot.
[21:07:08] Eunnaa[PortBastok]: Ambuscade V.1 VD Do you need it? 4M Buy? /tell
[21:07:08] Executing logout in 10 seconds.
[21:07:08] Cancel healing to remain logged in.
[21:07:12] Ronstadt[BastokMine]: Dynamis - Bastok D WAVE 1-2 RP Treasure Bonus Area Looking for members. /tell @6/12
[21:07:13] Executing logout in 5 seconds.
[21:07:13] Cancel healing to remain logged in.
[21:07:17] Efx[RuLudeGard]: Mars Orbx5 Do you need it? 3m each Can I have it? Buy? /tell
