[16:02:43] === Area: Port San d'Oria ===
[16:02:43] *****DP Job Selection:WHM*****
[16:02:43] Mode: Magic.
[16:02:43]  White = Can not cast.
[16:02:43]  Green = Casting Range
[16:02:43] React: Loading File: react_WHM.lua
[16:02:45] Size already 20.
[16:02:45] ConsoleBG: Position changed! X: 15 Y: 50
[16:02:50] <<< Welcome to Asura! >>>
[16:02:50] Announcing the winning numbers for the 20th Vana'versary Nomad Mog Bonanza!
[16:02:50] 
[16:02:50]  
[16:02:50] 
[16:02:50] Rank 3 prize: "7" (last digit)-- 20,471 winners.
[16:02:50] 
[16:02:50] Rank 2 prize: "04" (last two digits)-- 2,010 winners.
[16:02:50] 
[16:02:50] Rank 1 prize: "854" (all three digits)-- 185 winners.
[16:02:50] 
[16:02:50] *The number of winners for each prize is a combined total from all worlds.
[16:02:50] 
[16:02:50]  
[16:02:50] 
[16:02:50] Collection period: On July 14, 2022 at 1:00 (PDT) / 8:00 (GMT) to July 31, at 7:59 (PDT) / 14:59 (GMT)
[16:02:50] 
[16:02:50] Details on the prize can be confirmed by speaking to a Bonanza Moogle at one of the following locations:
[16:02:50] 
[16:02:50] Port San d'Oria (I-9) / Port Bastok (L-8) / Port Windurst (F-6) / Chocobo Circuit (H-8)
[16:02:51] The July 2022 Login Campaign is currently underway!
[16:02:51] 
[16:02:51] You have undertaken the limited-time Records of Eminence challenge ｲSpoils (Seals).ｳ
[16:02:51] In celebration of your most recent login (login no. 16), we have provided you with 100 points!
[16:02:51] You currently have a total of 3500 points.
[16:02:52] We hope you enjoy this complimentary little gift, courtesy of the citizens of Vana'diel!
[16:02:52] Obtained: Special gobbiedial key.
[16:03:02] Mavgemini[PortJeuno]: OU pop item Do you need it? Buy? PST
[16:03:12] Contagion[BastokMine]: any1 with V0 access of T3s wanna help me get clears? Need 4, will pay 5M each. Thanks
Habitox : Oho, ya feelin' lucky 'nough tah takes a stab at da myst'ry box?
[16:03:18] Habitox : Oho, ya feelin' lucky 'nough tah takes a stab at da myst'ry box?
[16:03:18] Habitox : Oho, ya feelin' lucky 'nough tah takes a stab at da myst'ry box?
Habitox : Ya wanna open dat sucker up? Okay, but which dial ya be wantin'?
[16:03:20] Habitox : Ya wanna open dat sucker up? Okay, but which dial ya be wantin'?
[16:03:20] Habitox : Ya wanna open dat sucker up? Okay, but which dial ya be wantin'?
Habitox : So ya be wantin' the special dial?M'kay, get yerself all steeled up, 'cause here we go! 'Member, no complaints!
[16:03:24] Habitox : So ya be wantin' the special dial?
[16:03:24] 　M'kay, get yerself all steeled up, 'cause here we go! 'Member, no complaints!
[16:03:24] Habitox : So ya be wantin' the special dial?
[16:03:24] 　M'kay, get yerself all steeled up, 'cause here we go! 'Member, no complaints!
Habitox : Dis box is full o' myst'ries,♪Dat span da realm's his'try,♪So whatcha gonna get from da chest...o'...uh, fortunery?♪
[16:03:25] Habitox : Dis box is full o' myst'ries,♪
[16:03:25] 　Dat span da realm's his'try,♪
[16:03:25] 　So whatcha gonna get from da chest...o'...uh, fortunery?♪
[16:03:25] Habitox : Dis box is full o' myst'ries,♪
[16:03:25] 　Dat span da realm's his'try,♪
[16:03:25] 　So whatcha gonna get from da chest...o'...uh, fortunery?♪
[16:03:26] Mithranxia[WestAdoulin]: use mouth - 100m
Habitox : Oooh, looks at what popped out! I hopes it makes yer adventures dat much more adventumarous!
[16:03:30] Habitox : Oooh, looks at what popped out! I hopes it makes yer adventures dat much more adventumarous!
[16:03:30] Habitox : Oooh, looks at what popped out! I hopes it makes yer adventures dat much more adventumarous!
[16:03:33] Obtained: Baselard.
[16:03:33] You have used 50 points of your daily tally!
[16:04:03] Littlelucor's title: Lugh Exorcist
[16:04:03] Littlelucor: <NIN/WHM>
[16:04:03]  [store tp] 14
[16:04:03]  [double attack] 2
[16:04:03]  [triple attack] 3
[16:04:03]  [quadruple attack] nil
[16:04:03]  [subtle blow] 6/50
[16:04:04] Gargurty[EastAdoulin]: man peeps are realy getting lazy playing this game
[16:04:07] Executing logout in 30 seconds.
[16:04:07] Cancel healing to remain logged in.
[16:04:11] Executing logout in 25 seconds.
[16:04:11] Cancel healing to remain logged in.
[16:04:16] Executing logout in 20 seconds.
[16:04:16] Cancel healing to remain logged in.
[16:04:21] Executing logout in 15 seconds.
[16:04:21] Cancel healing to remain logged in.
[16:04:26] Executing logout in 10 seconds.
[16:04:26] Cancel healing to remain logged in.
[16:04:31] Rescuetaru[LowJeuno]: Welcome To Asura! 
[16:04:31] Executing logout in 5 seconds.
[16:04:31] Cancel healing to remain logged in.
