[13:23:04] === Area: Port San d'Oria ===
[13:23:04] React: Loading File: react_WHM.lua
[13:23:05] *****DP Job Selection:WHM*****
[13:23:05] Mode: Magic.
[13:23:05]  White = Can not cast.
[13:23:05]  Green = Casting Range
[13:23:07] Size already 20.
[13:23:07] ConsoleBG: Position changed! X: 15 Y: 50
[13:23:11] <<< Welcome to Asura! >>>
[13:23:11] Announcing the winning numbers for the 20th Vana'versary Nomad Mog Bonanza!
[13:23:11] 
[13:23:11]  
[13:23:11] 
[13:23:11] Rank 3 prize: "7" (last digit)-- 20,471 winners.
[13:23:11] 
[13:23:11] Rank 2 prize: "04" (last two digits)-- 2,010 winners.
[13:23:11] 
[13:23:11] Rank 1 prize: "854" (all three digits)-- 185 winners.
[13:23:11] 
[13:23:11] *The number of winners for each prize is a combined total from all worlds.
[13:23:11] 
[13:23:11]  
[13:23:11] 
[13:23:11] Collection period: On July 14, 2022 at 1:00 (PDT) / 8:00 (GMT) to July 31, at 7:59 (PDT) / 14:59 (GMT)
[13:23:11] 
[13:23:11] Details on the prize can be confirmed by speaking to a Bonanza Moogle at one of the following locations:
[13:23:11] 
[13:23:11] Port San d'Oria (I-9) / Port Bastok (L-8) / Port Windurst (F-6) / Chocobo Circuit (H-8)
[13:23:12] You have undertaken the limited-time Records of Eminence challenge ｲMagic Damage Kills.ｳ
[13:23:12] The July 2022 Login Campaign is currently underway!
[13:23:12] 
[13:23:12] In celebration of your most recent login (login no. 13), we have provided you with 100 points!
[13:23:12] You currently have a total of 3200 points.
[13:23:14] We hope you enjoy this complimentary little gift, courtesy of the citizens of Vana'diel!
[13:23:14] Obtained: Special gobbiedial key.
[13:23:23] Rsdgwrg : Buy And Sell FF11 Gil At  WVVW.P2PAH.COM   1000K =0.5$..dif
Habitox : Oho, ya feelin' lucky 'nough tah takes a stab at da myst'ry box?
[13:23:27] Habitox : Oho, ya feelin' lucky 'nough tah takes a stab at da myst'ry box?
[13:23:27] Habitox : Oho, ya feelin' lucky 'nough tah takes a stab at da myst'ry box?
[13:23:28] Panqueca[BastokMine]: While standing on one leg.
Habitox : Ya wanna open dat sucker up? Okay, but which dial ya be wantin'?
[13:23:28] Habitox : Ya wanna open dat sucker up? Okay, but which dial ya be wantin'?
[13:23:28] Habitox : Ya wanna open dat sucker up? Okay, but which dial ya be wantin'?
Habitox : So ya be wantin' the special dial?M'kay, get yerself all steeled up, 'cause here we go! 'Member, no complaints!
[13:23:31] Habitox : So ya be wantin' the special dial?
[13:23:31] 　M'kay, get yerself all steeled up, 'cause here we go! 'Member, no complaints!
[13:23:31] Habitox : So ya be wantin' the special dial?
[13:23:31] 　M'kay, get yerself all steeled up, 'cause here we go! 'Member, no complaints!
Habitox : Dis box is full o' myst'ries,♪Dat span da realm's his'try,♪So whatcha gonna get from da chest...o'...uh, fortunery?♪
[13:23:32] Habitox : Dis box is full o' myst'ries,♪
[13:23:32] 　Dat span da realm's his'try,♪
[13:23:32] 　So whatcha gonna get from da chest...o'...uh, fortunery?♪
[13:23:32] Habitox : Dis box is full o' myst'ries,♪
[13:23:32] 　Dat span da realm's his'try,♪
[13:23:32] 　So whatcha gonna get from da chest...o'...uh, fortunery?♪
[13:23:37] Kimcaeonic[BastokMine]: Aeonic/ioniッkuuェpon ReisenjimaFull or HelmT4 x7 Clear Mind Buy? /tell
Habitox : Oooh, looks at what popped out! I hopes it makes yer adventures dat much more adventumarous!
[13:23:37] Habitox : Oooh, looks at what popped out! I hopes it makes yer adventures dat much more adventumarous!
[13:23:37] Habitox : Oooh, looks at what popped out! I hopes it makes yer adventures dat much more adventumarous!
[13:23:40] Obtained: Gae Bolg.
[13:23:40] You have used 50 points of your daily tally!
[13:23:41] Fczjst[PSandOria]: Omen FU Shulmanu Collar Middleboss Do you need it? Buy?tell
[13:23:44] Aeschreaskytpse[SSandOria]:  ｆｆｘｉｐａｌ.ｃｏｍ, GET FAST DELIVERY!★REMA/SU5/Item/gil/Gil/  Discount ->"July2022"
[13:23:45] Executing logout in 30 seconds.
[13:23:45] Cancel healing to remain logged in.
[13:23:49] Executing logout in 25 seconds.
[13:23:49] Cancel healing to remain logged in.
[13:23:54] Executing logout in 20 seconds.
[13:23:54] Cancel healing to remain logged in.
[13:23:59] Executing logout in 15 seconds.
[13:23:59] Cancel healing to remain logged in.
[13:24:04] Executing logout in 10 seconds.
[13:24:04] Cancel healing to remain logged in.
[13:24:09] Executing logout in 5 seconds.
[13:24:09] Cancel healing to remain logged in.
[13:24:14] Rsdgwrg : Buy And Sell FF11 Gil At  WVVW.P2PAH.COM   1000K =0.5$..cjm
