[06:07:22] === Area: Port San d'Oria ===
[06:07:22] *****DP Job Selection:WHM*****
[06:07:22] Mode: Magic.
[06:07:22]  White = Can not cast.
[06:07:22]  Green = Casting Range
[06:07:22] React: Loading File: react_WHM.lua
[06:07:24] Size already 20.
[06:07:24] ConsoleBG: Position changed! X: 15 Y: 50
[06:07:29] <<< Welcome to Asura! >>>
[06:07:29] Announcing the winning numbers for the 20th Vana'versary Nomad Mog Bonanza!
[06:07:29] 
[06:07:29]  
[06:07:29] 
[06:07:29] Rank 3 prize: "7" (last digit)-- 20,471 winners.
[06:07:29] 
[06:07:29] Rank 2 prize: "04" (last two digits)-- 2,010 winners.
[06:07:29] 
[06:07:29] Rank 1 prize: "854" (all three digits)-- 185 winners.
[06:07:29] 
[06:07:29] *The number of winners for each prize is a combined total from all worlds.
[06:07:29] 
[06:07:29]  
[06:07:29] 
[06:07:29] Collection period: On July 14, 2022 at 1:00 (PDT) / 8:00 (GMT) to July 31, at 7:59 (PDT) / 14:59 (GMT)
[06:07:29] 
[06:07:29] Details on the prize can be confirmed by speaking to a Bonanza Moogle at one of the following locations:
[06:07:29] 
[06:07:29] Port San d'Oria (I-9) / Port Bastok (L-8) / Port Windurst (F-6) / Chocobo Circuit (H-8)
[06:07:30] You have undertaken the limited-time Records of Eminence challenge ｲVanquish Undead.ｳ
[06:07:30] This area is currently affected by the Super Kupower: ｲThrifty Transitｳ!
[06:07:30] This area is currently affected by the Super Kupower: ｲArtisan's Advantageｳ!
[06:07:30] This area is currently affected by the Super Kupower: ｲSwift Shoesｳ!
[06:07:30] The July 2022 Login Campaign is currently underway!
[06:07:30] 
[06:07:30] In celebration of your most recent login (login no. 19), we have provided you with 100 points!
[06:07:30] You currently have a total of 3800 points.
[06:07:30] We hope you enjoy this complimentary little gift, courtesy of the citizens of Vana'diel!
[06:07:30] Obtained: Special gobbiedial key.
[06:07:33] Cooldogr[NSandOria]: Odysseyt1t2t3Arebati Kalunga Xevioso Ngai Mboze Ongo Bumba V0 Clear Mind Buy?
[06:07:35] Wukonk[Whitegate]: Tinnin Sarameya Tyger win Item all 3 Do you need it? /tell Thank you.
[06:07:36] Zatazma[PortBastok]: ZNM T4 Sarameya Tinnin Tyger Item win Do you need it? Buy? /tell
[06:07:40] Aoora[PortBastok]: Ambuscade V.1 VD Do you need it? 3m/run Buy?
[06:08:01] Fczjse[PSandOria]: OmenFU Shulmanu Collar Niqmaddu Ring Middleboss Buy? tell
[06:08:04] Cooldogr[NSandOria]: Odysseyt1t2t3Arebati Kalunga Xevioso Ngai Mboze Ongo Bumba V0 Clear Mind Buy?
[06:08:05] Odyeesnm[BastokMine]: Odyssey T4 Bumba T3 Ngai Mboze Xevioso Ongo Arebati Kalunag Clear Mind v0v1 Odyssey C SEG Buy?
[06:08:15] Shmilywowo[BastokMark]: Escha - Zi'Tah Escha - Ru'Aun Reisenjima T1T2T3 ALL Item ABJ Telos Earring Reiki Yotai Do you need it? /tell Buy? 
[06:08:22] Masxiaosan[LowJeuno]: Telos Earring Reiki Yotai Do you need it? /tell Buy?  
[06:08:27] Executing logout in 30 seconds.
[06:08:27] Cancel healing to remain logged in.
[06:08:30] Executing logout in 25 seconds.
[06:08:30] Cancel healing to remain logged in.
[06:08:35] Cooldogr[NSandOria]: Odysseyt1t2t3Arebati Kalunga Xevioso Ngai Mboze Ongo Bumba V0 Clear Mind Buy?
[06:08:35] Executing logout in 20 seconds.
[06:08:35] Cancel healing to remain logged in.
[06:08:36] Blkuyfvd[BastokMine]: Sell abyssea empy Weapon Shop Item LV80 85 90 Do you need it? /tell
[06:08:38] Zatazma[PortBastok]: ZNM T4 Sarameya Tinnin Tyger Item win Do you need it? Buy? /tell
[06:08:40] Executing logout in 15 seconds.
[06:08:40] Cancel healing to remain logged in.
[06:08:41] Fczjse[PSandOria]: OmenFU Shulmanu Collar Niqmaddu Ring Middleboss Buy? tell
[06:08:46] Executing logout in 10 seconds.
[06:08:46] Cancel healing to remain logged in.
[06:08:46] Aoora[PortBastok]: Ambuscade V.1 VD Do you need it? 3m/run Buy?
[06:08:48] Kimfaeonic[PortBastok]: Aeonic/ioniッkuuェpon 3zone Clear Mind Do you need it? Buy? 50M /tell
[06:08:50] Executing logout in 5 seconds.
[06:08:50] Cancel healing to remain logged in.
[13:55:01] === Area: Port San d'Oria ===
[13:55:01] *****DP Job Selection:WHM*****
[13:55:01] Mode: Magic.
[13:55:01]  White = Can not cast.
[13:55:01]  Green = Casting Range
[13:55:01] React: Loading File: react_WHM.lua
[13:55:04] Size already 20.
[13:55:04] ConsoleBG: Position changed! X: 15 Y: 50
[13:55:08] <<< Welcome to Asura! >>>
[13:55:08] Announcing the winning numbers for the 20th Vana'versary Nomad Mog Bonanza!
[13:55:08] 
[13:55:08]  
[13:55:08] 
[13:55:08] Rank 3 prize: "7" (last digit)-- 20,471 winners.
[13:55:08] 
[13:55:08] Rank 2 prize: "04" (last two digits)-- 2,010 winners.
[13:55:08] 
[13:55:08] Rank 1 prize: "854" (all three digits)-- 185 winners.
[13:55:08] 
[13:55:08] *The number of winners for each prize is a combined total from all worlds.
[13:55:08] 
[13:55:08]  
[13:55:08] 
[13:55:08] Collection period: On July 14, 2022 at 1:00 (PDT) / 8:00 (GMT) to July 31, at 7:59 (PDT) / 14:59 (GMT)
[13:55:08] 
[13:55:08] Details on the prize can be confirmed by speaking to a Bonanza Moogle at one of the following locations:
[13:55:08] 
[13:55:08] Port San d'Oria (I-9) / Port Bastok (L-8) / Port Windurst (F-6) / Chocobo Circuit (H-8)
[13:55:09] You have undertaken the limited-time Records of Eminence challenge ｲMagic Damage Kills.ｳ
[13:55:09] This area is currently affected by the Super Kupower: ｲThrifty Transitｳ!
[13:55:09] This area is currently affected by the Super Kupower: ｲArtisan's Advantageｳ!
[13:55:09] This area is currently affected by the Super Kupower: ｲSwift Shoesｳ!
[13:55:09] The July 2022 Login Campaign is currently underway!
[13:55:09] 
[13:55:09] In celebration of your most recent login (login no. 20), we have provided you with 100 points!
[13:55:09] You currently have a total of 3900 points.
[13:55:09] We hope you enjoy this complimentary little gift, courtesy of the citizens of Vana'diel!
[13:55:09] Obtained: Special gobbiedial key.
[13:55:18] Jocror[BastokMark]: Tinnin Sarameya Tyger win Item all 3 Do you need it? Buy? /tell Thank you.
[13:55:25] Kimfaeonic[PortBastok]: Aeonic/ioniッkuuェpon Escha - Ru'Aun + Reisenjima Clear Mind Buy? /tell
[13:55:25] Asbrandrnkldd[NSandOria]:  ｆｆｘｉｐａｌ.ｃｏｍ, GET FAST DELIVERY!★REMA/SU5/Item/gil/Gil/  Discount ->"vip05"
[13:55:28] Defex[PortJeuno]: UNM Sarama - Do you need it? Can I have it? Help me out! /tell
[13:55:45] Dotoan[PortBastok]: Omen Kin Utu Ring // Fu Ring neck Scale Do you need it? Buy? /tell
[13:56:01] Hanter[Whitegate]: ZNM T4 Sarameya Tinnin Tyger Item win Do you need it? Buy? /tell
[13:56:48] Dotoan[PortBastok]: Omen Kin Utu Ring // Fu Ring neck Scale Do you need it? Buy? /tell
[13:56:49] Kimfaeonic[PortBastok]: Aeonic/ioniッkuuェpon ReisenjimaFull or HelmT4 x7 Clear Mind Buy? /tell
[13:57:04] Hanter[Whitegate]: ZNM T4 Sarameya Tinnin Tyger Item win Do you need it? Buy? /tell
[13:57:18] Jocror[BastokMark]: Tinnin Sarameya Tyger win Item all 3 Do you need it? Buy? /tell Thank you.
[13:57:46] Chookis[PortJeuno]: devious die 15000 liminal residue 6000 Bazaar (F-8)
[13:57:50] Dotoan[PortBastok]: Omen Kin Utu Ring // Fu Ring neck Scale Do you need it? Buy? /tell
[13:58:06] Hanter[Whitegate]: ZNM T4 Sarameya Tinnin Tyger Item win Do you need it? Buy? /tell
[13:58:08] Defex[PortJeuno]: UNM Sarama - Do you need it? Can I have it? Help me out! /tell
[13:58:14] Asbrandrnkldd[NSandOria]:  ｆｆｘｉｐａｌ.ｃｏｍ, GET FAST DELIVERY!★REMA/SU5/Item/gil/Gil/  Discount ->"vip05"
[13:58:20] Kimfaeonic[PortBastok]: Aeonic/ioniッkuuェpon ReisenjimaFull or HelmT4 x7 Clear Mind Buy? /tell
[13:58:34] Shmilywowo[BastokMark]: Escha - Zi'Tah Escha - Ru'Aun Reisenjima T1T2T3 ALL Item ABJ Telos Earring Reiki Yotai Do you need it? /tell Buy? 
[13:58:36] Dotoan[PortBastok]: Omen Kin Utu Ring // Fu Ring neck Scale Do you need it? Buy? /tell
[13:58:47] Thesteja[LowJeuno]: regal ring Sell?
[13:59:07] Hallgrim[EastAdoulin]: Vagary 5/5 Clear Mind Buy? 2.5m equip/etched/tartarus FREE LOT Synthesis Materials locked starting soon /tell
[13:59:08] Hanter[Whitegate]: ZNM T4 Sarameya Tinnin Tyger Item win Do you need it? Buy? /tell
[13:59:18] Jocror[BastokMark]: Tinnin Sarameya Tyger win Item all 3 Do you need it? Buy? /tell Thank you.
[13:59:25] Bloodyheals[WestAdoulin]: mars orbs Sell? 2.5m /tell 
[13:59:26] Brandi[Norg]: freee bumba rp v15 please /tell
[13:59:50] Kimfaeonic[PortBastok]: Aeonic/ioniッkuuェpon ReisenjimaFull or HelmT4 x7 Clear Mind Buy? /tell
[13:59:54] Dotoan[PortBastok]: Omen Kin Utu Ring // Fu Ring neck Scale Do you need it? Buy? /tell
[14:00:08] Bloodyheals[WestAdoulin]: mars orbs Sell? 2.5m /tell 
[14:00:10] Brandi[Norg]: freee bumba RP v15 please /tell
[14:00:11] Hanter[Whitegate]: ZNM T4 Sarameya Tinnin Tyger Item win Do you need it? Buy? /tell
[14:00:46] Bloodyheals[WestAdoulin]: mars orbs Sell? 2.5m /tell 
[14:00:56] Dotoan[PortBastok]: Omen Kin Utu Ring // Fu Ring neck Scale Do you need it? Buy? /tell
[14:01:09] Asbrandrnkldd[NSandOria]:  ｆｆｘｉｐａｌ.ｃｏｍ, GET FAST DELIVERY!★REMA/SU5/Item/gil/Gil/  Discount ->"vip05"
[14:01:13] Hanter[Whitegate]: ZNM T4 Sarameya Tinnin Tyger Item win Do you need it? Buy? /tell
[14:01:18] Jocror[BastokMark]: Tinnin Sarameya Tyger win Item all 3 Do you need it? Buy? /tell Thank you.
[14:01:20] Kimfaeonic[PortBastok]: Aeonic/ioniッkuuェpon ReisenjimaFull or HelmT4 x7 Clear Mind Buy? /tell
[14:01:27] Hallgrim[EastAdoulin]: Vagary 5/5 Clear Mind Buy? 2.5m equip/etched/tartarus FREE LOT Synthesis Materials locked starting soon /tell
[14:01:59] Dotoan[PortBastok]: Omen Kin Utu Ring // Fu Ring neck Scale Do you need it? Buy? /tell
[14:02:15] Hanter[Whitegate]: ZNM T4 Sarameya Tinnin Tyger Item win Do you need it? Buy? /tell
[14:02:43] Hallgrim[EastAdoulin]: Vagary 5/5 Clear Mind Buy? 2.5m equip/etched/tartarus FREE LOT Synthesis Materials locked starting soon /tell
[14:02:50] Kimfaeonic[PortBastok]: Aeonic/ioniッkuuェpon ReisenjimaFull or HelmT4 x7 Clear Mind Buy? /tell
[14:03:01] Dotoan[PortBastok]: Omen Kin Utu Ring // Fu Ring neck Scale Do you need it? Buy? /tell
[14:03:18] Hanter[Whitegate]: ZNM T4 Sarameya Tinnin Tyger Item win Do you need it? Buy? /tell
[14:03:18] Jocror[BastokMark]: Tinnin Sarameya Tyger win Item all 3 Do you need it? Buy? /tell Thank you.
[14:04:03] Dotoan[PortBastok]: Omen Kin Utu Ring // Fu Ring neck Scale Do you need it? Buy? /tell
[14:04:20] Kimfaeonic[PortBastok]: Aeonic/ioniッkuuェpon ReisenjimaFull or HelmT4 x7 Clear Mind Buy? /tell
[14:04:20] Hanter[Whitegate]: ZNM T4 Sarameya Tinnin Tyger Item win Do you need it? Buy? /tell
[14:04:25] Hallgrim[EastAdoulin]: Vagary 5/5 Clear Mind Buy? 2.5m equip/etched/tartarus FREE LOT Synthesis Materials locked starting 15min /tell
[14:04:53] Bedavere[Mhaura]: Ambuscade[v1]VD Do you need it? Bind Method- BRDorRDM Heal DPS /tell 3/6
[14:05:06] Dotoan[PortBastok]: Omen Kin Utu Ring // Fu Ring neck Scale Do you need it? Buy? /tell
[14:05:18] Jocror[BastokMark]: Tinnin Sarameya Tyger win Item all 3 Do you need it? Buy? /tell Thank you.
[14:05:22] Hanter[Whitegate]: ZNM T4 Sarameya Tinnin Tyger Item win Do you need it? Buy? /tell
[14:05:50] Kimfaeonic[PortBastok]: Aeonic/ioniッkuuェpon ReisenjimaFull or HelmT4 x7 Clear Mind Buy? /tell
[14:05:52] Defex[BastokMark]: UNM Sarama - Do you need it? Can I have it? Help me out! /tell
[14:05:54] Bedavere[Mhaura]: Ambuscade[v1]VD Do you need it? Bind Method- Heal /tell 5/6
[14:06:08] Dotoan[PortBastok]: Omen Kin Utu Ring // Fu Ring neck Scale Do you need it? Buy? /tell
[14:06:17] Hallgrim[EastAdoulin]: Vagary 5/5 Clear Mind Buy? 2.5m equip/etched/tartarus FREE LOT Synthesis Materials locked starting 15min /tell
[14:06:24] Hanter[Whitegate]: ZNM T4 Sarameya Tinnin Tyger Item win Do you need it? Buy? /tell
[14:06:31] Insitao[Nashmau]: sale！ Alexsandrite 3800gil beitetsu4400gil   cheapest price!!  @Nashmau
[14:06:49] Asbrandrnkldd[NSandOria]:  ｆｆｘｉｐａｌ.ｃｏｍ, GET FAST DELIVERY!★REMA/SU5/Item/gil/Gil/  Discount ->"vip05"
[14:07:18] Dotoan[PortBastok]: Omen Kin Utu Ring // Fu Ring neck Scale Do you need it? Buy? /tell
[14:07:18] Jocror[BastokMark]: Tinnin Sarameya Tyger win Item all 3 Do you need it? Buy? /tell Thank you.
[14:07:20] Kimfaeonic[PortBastok]: Aeonic/ioniッkuuェpon ReisenjimaFull or HelmT4 x7 Clear Mind Buy? /tell
[14:07:26] Hanter[Whitegate]: ZNM T4 Sarameya Tinnin Tyger Item win Do you need it? Buy? /tell
[14:07:46] Sparksfly[NSandOria]: Sword Belt +1 Do you have it? price Buy?
[14:08:00] Defex[BastokMark]: UNM Sarama - Do you need it? Can I have it? Help me out! /tell
[14:08:04] Dotoan[PortBastok]: Omen Kin Utu Ring // Fu Ring neck Scale Do you need it? Buy? /tell
[14:08:29] Hanter[Whitegate]: ZNM T4 Sarameya Tinnin Tyger Item win Do you need it? Buy? /tell
[14:08:36] Hallgrim[EastAdoulin]: Vagary 5/5 Clear Mind Buy? 2.5m equip/etched/tartarus FREE LOT Synthesis Materials locked starting 15min /tell
[14:08:50] Kimfaeonic[PortBastok]: Aeonic/ioniッkuuェpon ReisenjimaFull or HelmT4 x7 Clear Mind Buy? /tell
[14:08:56] Chookis[PortJeuno]: devious die 15000 liminal residue 6000 Bazaar (F-8)
[14:08:58] Defex[BastokMark]: UNM Sarama - Do you need it? Can I have it? Help me out! /tell
[14:09:15] Dotoan[PortBastok]: Omen Kin Utu Ring // Fu Ring neck Scale Do you need it? Buy? /tell
[14:09:18] Jocror[BastokMark]: Tinnin Sarameya Tyger win Item all 3 Do you need it? Buy? /tell Thank you.
[14:09:31] Calvino[Mhaura]: Ambuscade v1 vd Do you need it? cor Can I have it?
[14:09:32] Hanter[Whitegate]: ZNM T4 Sarameya Tinnin Tyger Item win Do you need it? Buy? /tell
[14:09:48] Defex[BastokMark]: UNM Sarama - Do you need it? Can I have it? Help me out! /tell
[14:10:04] Hallgrim[EastAdoulin]: Vagary 5/5 Clear Mind Buy? 2.5m equip/etched/tartarus FREE LOT Synthesis Materials locked starting 10min /tell
[14:10:11] Calvino[Mhaura]: Ambuscade v1 vd Do you need it? cor Can I have it?
[14:10:17] Dotoan[PortBastok]: Omen Kin Utu Ring // Fu Ring neck Scale Do you need it? Buy? /tell
[14:10:20] Kimfaeonic[PortBastok]: Aeonic/ioniッkuuェpon ReisenjimaFull or HelmT4 x7 Clear Mind Buy? /tell
[14:10:33] Hanter[Whitegate]: ZNM T4 Sarameya Tinnin Tyger Item win Do you need it? Buy? /tell
[14:11:05] Deshiken[Mhaura]: let me try to get people
[14:11:08] Dotoan[PortBastok]: Omen Kin Utu Ring // Fu Ring neck Scale Do you need it? Buy? /tell
[14:11:18] Jocror[BastokMark]: Tinnin Sarameya Tyger win Item all 3 Do you need it? Buy? /tell Thank you.
[14:11:18] Defex[BastokMark]: UNM Sarama - Do you need it? Can I have it? Help me out! /tell
[14:11:28] Hallgrim[EastAdoulin]: Vagary 5/5 Clear Mind Buy? 2.5m equip/etched/tartarus FREE LOT Synthesis Materials locked starting 10min /tell
[14:11:36] Hanter[Whitegate]: ZNM T4 Sarameya Tinnin Tyger Item win Do you need it? Buy? /tell
[14:11:50] Kimfaeonic[PortBastok]: Aeonic/ioniッkuuェpon ReisenjimaFull or HelmT4 x7 Clear Mind Buy? /tell
[14:11:50] Deshiken[Mhaura]: Looking for members. HTBF maiden N+ need whm cor geo
[14:11:51] Dotoan[PortBastok]: Omen Kin Utu Ring // Fu Ring neck Scale Do you need it? Buy? /tell
[14:12:22] Dotoan[PortBastok]: Omen Kin Utu Ring // Fu Ring neck Scale Do you need it? Buy? /tell
[14:12:22] Deshiken[Mhaura]: Looking for members. HTBF maiden N+ need whm cor geo
[14:12:30] Asbrandrnkldd[NSandOria]:  ｆｆｘｉｐａｌ.ｃｏｍ, GET FAST DELIVERY!★REMA/SU5/Item/gil/Gil/  Discount ->"vip05"
[14:12:38] Hanter[Whitegate]: ZNM T4 Sarameya Tinnin Tyger Item win Do you need it? Buy? /tell
[14:12:52] Deshiken[Mhaura]: Looking for members. HTBF maiden N+ need whm cor geo
[14:12:53] Mypotato[Mhaura]: does dual wielding weapons with magic accuracy skill stack MH and OH magic accuracy skill? or does only main hand?
[14:13:06] Dotoan[PortBastok]: Omen  Fu neck Scale Do you need it? Buy? /tell
[14:13:18] Jocror[BastokMark]: Tinnin Sarameya Tyger win Item all 3 Do you need it? Buy? /tell Thank you.
[14:13:20] Kimfaeonic[PortBastok]: Aeonic/ioniッkuuェpon ReisenjimaFull or HelmT4 x7 Clear Mind Buy? /tell
[14:13:21] Defex[BastokMark]: UNM Sarama - Do you need it? Can I have it? Help me out! /tell
[14:13:40] Hanter[Whitegate]: ZNM T4 Sarameya Tinnin Tyger Item win Do you need it? Buy? /tell
[14:13:44] Hallgrim[EastAdoulin]: Vagary 5/5 Clear Mind Buy? 2.5m equip/etched/tartarus FREE LOT Synthesis Materials locked starting 5min /tell
[14:14:02] Dotoan[PortBastok]: Omen  Fu neck Scale Do you need it? Buy? /tell 10min /
[14:14:43] Hanter[Whitegate]: ZNM T4 Sarameya Tinnin Tyger Item win Do you need it? Buy? /tell
[14:14:50] Deshiken[Mhaura]: Looking for members. HTBF maiden N+ need whm cor
[14:14:50] Kimfaeonic[PortBastok]: Aeonic/ioniッkuuェpon ReisenjimaFull or HelmT4 x7 Clear Mind Buy? /tell
[14:14:52] Kavita is no longer quickened.
[14:14:56] Hallgrim[EastAdoulin]: Vagary 5/5 Clear Mind Buy? 2.5m equip/etched/tartarus FREE LOT Synthesis Materials locked starting 5min /tell
[14:15:18] Jocror[BastokMark]: Tinnin Sarameya Tyger win Item all 3 Do you need it? Buy? /tell Thank you.
[14:15:20] Asbrandrnkldd[NSandOria]:  ｆｆｘｉｐａｌ.ｃｏｍ, GET FAST DELIVERY!★REMA/SU5/Item/gil/Gil/  Discount ->"vip05"
[14:15:28] Dotoan[PortBastok]: Omen  Fu neck Scale Do you need it? Buy? /tell 10min /
[14:15:45] Hanter[Whitegate]: ZNM T4 Sarameya Tinnin Tyger Item win Do you need it? Buy? /tell
[14:16:14] Hallgrim[EastAdoulin]: Vagary 5/5 Clear Mind Buy? 2.5m equip/etched/tartarus FREE LOT Synthesis Materials locked starting 5min /tell
[14:16:20] Dotoan[PortBastok]: Omen  Fu neck Scale Do you need it? Buy? /tell 5min /
[14:16:20] Kimfaeonic[PortBastok]: Aeonic/ioniッkuuェpon ReisenjimaFull or HelmT4 x7 Clear Mind Buy? /tell
[14:16:47] Hanter[Whitegate]: ZNM T4 Sarameya Tinnin Tyger Item win Do you need it? Buy? /tell
[14:17:18] Jocror[BastokMark]: Tinnin Sarameya Tyger win Item all 3 Do you need it? Buy? /tell Thank you.
[14:17:33] Dotoan[PortBastok]: Omen  Fu neck Scale Do you need it? Buy? /tell 5min /
[14:17:49] Hanter[Whitegate]: ZNM T4 Sarameya Tinnin Tyger Item win Do you need it? Buy? /tell
[14:17:50] Kimfaeonic[PortBastok]: Aeonic/ioniッkuuェpon ReisenjimaFull or HelmT4 x7 Clear Mind Buy? /tell
[14:18:08] Dotoan[PortBastok]: Omen  Fu neck Scale Do you need it? Buy? /tell 5min /
[14:18:10] Hallgrim[EastAdoulin]: Vagary 5/5 Clear Mind Buy? 2.5m equip/etched/tartarus FREE LOT Synthesis Materials locked starting 5min /tell
[14:18:52] Hanter[Whitegate]: ZNM T4 Sarameya Tinnin Tyger Item win Do you need it? Buy? /tell
[14:19:18] Jocror[BastokMark]: Tinnin Sarameya Tyger win Item all 3 Do you need it? Buy? /tell Thank you.
[14:19:20] Kimfaeonic[PortBastok]: Aeonic/ioniッkuuェpon ReisenjimaFull or HelmT4 x7 Clear Mind Buy? /tell
[14:19:37] Dotoan[PortBastok]: Omen  Fu neck Do you need it? Buy? /tell 3min /
[14:19:54] Hanter[Whitegate]: ZNM T4 Sarameya Tinnin Tyger Item win Do you need it? Buy? /tell
[14:19:54] Hallgrim[EastAdoulin]: Vagary 5/5 Clear Mind Buy? 2.5m equip/etched/tartarus FREE LOT Synthesis Materials locked starting 2min /tell
[14:20:06] Brunht[Whitegate]: Woodworking 75 Do you have it? /tell
[14:20:35] Dotoan[PortBastok]: Omen  Fu neck Scale Do you need it? Buy? /tell 3min /
[14:20:50] Kimfaeonic[PortBastok]: Aeonic/ioniッkuuェpon ReisenjimaFull or HelmT4 x7 Clear Mind Buy? /tell
[14:20:56] Hanter[Whitegate]: ZNM T4 Sarameya Tinnin Tyger Item win Do you need it? Buy? /tell
[14:21:00] Asbrandrnkldd[NSandOria]:  ｆｆｘｉｐａｌ.ｃｏｍ, GET FAST DELIVERY!★REMA/SU5/Item/gil/Gil/  Discount ->"vip05"
[14:21:04] Dotoan[PortBastok]: Omen  Fu neck Scale Do you need it? Buy? /tell 3min /
[14:21:14] Hallgrim[EastAdoulin]: Vagary 5/5 Clear Mind Buy? 2.5m equip/etched/tartarus FREE LOT Synthesis Materials locked LAST CALL /tell
[14:21:18] Jocror[BastokMark]: Tinnin Sarameya Tyger win Item all 3 Do you need it? Buy? /tell Thank you.
[14:21:24] Ornstien[SSandOria]: Dynamis - Bastok D W3 Clear Can I have it?
[14:21:42] Dotoan[PortBastok]: Omen  Fu neck Scale Do you need it? Buy? /tell 3min /
[14:21:58] Hanter[Whitegate]: ZNM T4 Sarameya Tinnin Tyger Item win Do you need it? Buy? /tell
[14:22:20] Kimfaeonic[PortBastok]: Aeonic/ioniッkuuェpon ReisenjimaFull or HelmT4 x7 Clear Mind Buy? /tell
[14:22:30] Hanter[Whitegate]: ZNM T4 Sarameya Tinnin Tyger Item win Do you need it? Buy? /tell
[14:22:31] Darksorcer[Mhaura]: Ambuscade Do you have it? VD Clear Mind /tell Reward You can have this.
[14:22:35] Dotoan[PortBastok]: Omen  Fu neck Scale Do you need it? Buy? /tell 3min /
[14:23:01] Hanter[Whitegate]: ZNM T4 Sarameya Tinnin Tyger Item win Do you need it? Buy? /tell
[14:23:06] Dotoan[PortBastok]: Omen  Fu neck Scale Do you need it? Buy? /tell 3min /?
[14:23:18] Jocror[BastokMark]: Tinnin Sarameya Tyger win Item all 3 Do you need it? Buy? /tell Thank you.
[14:23:47] Dotoan[PortBastok]: Omen  Fu neck Scale Do you need it? Buy? /tell 3min /
[14:23:50] Kimfaeonic[PortBastok]: Aeonic/ioniッkuuェpon ReisenjimaFull or HelmT4 x7 Clear Mind Buy? /tell
[14:24:03] Hanter[Whitegate]: ZNM T4 Sarameya Tinnin Tyger Item win Do you need it? Buy? /tell
[14:24:49] Dotoan[PortBastok]: Omen  Fu neck Scale Do you need it? Buy? /tell 3min /
[14:25:05] Hanter[Whitegate]: ZNM T4 Sarameya Tinnin Tyger Item win Do you need it? Buy? /tell
[14:25:18] Jocror[BastokMark]: Tinnin Sarameya Tyger win Item all 3 Do you need it? Buy? /tell Thank you.
[14:25:20] Kimfaeonic[PortBastok]: Aeonic/ioniッkuuェpon ReisenjimaFull or HelmT4 x7 Clear Mind Buy? /tell
[14:25:42] Westlind[PSandOria]: Dynamis - WindurstD +3 unlock Do you need it? /tell @1/18
[14:25:51] Dotoan[PortBastok]: Omen  Fu neck Scale Do you need it? Buy? /tell 3min /
[14:26:00] Darksorcer[Mhaura]: Ambuscade Do you have it? VD Clear Mind /tell Reward You can have this.
[14:26:08] Hanter[Whitegate]: ZNM T4 Sarameya Tinnin Tyger Item win Do you need it? Buy? /tell
[14:26:35] Pillbottle[Rabao]: Our party's full. Thank you.
[14:26:40] Asbrandrnkldd[NSandOria]:  ｆｆｘｉｐａｌ.ｃｏｍ, GET FAST DELIVERY!★REMA/SU5/Item/gil/Gil/  Discount ->"vip05"
[14:26:50] Kimfaeonic[PortBastok]: Aeonic/ioniッkuuェpon ReisenjimaFull or HelmT4 x7 Clear Mind Buy? /tell
[14:27:10] Hanter[Whitegate]: ZNM T4 Sarameya Tinnin Tyger Item win Do you need it? Buy? /tell
[14:27:18] Jocror[BastokMark]: Tinnin Sarameya Tyger win Item all 3 Do you need it? Buy? /tell Thank you.
[14:27:43] Senkouno[WindWalls]: Looking for someone with synergy skill to help make Fotia Belt, PST
[14:28:05] Sparksfly[SSandOria]: Sword Belt +1 Do you have it? price Buy?
[14:28:13] Hanter[Whitegate]: ZNM T4 Sarameya Tinnin Tyger Item win Do you need it? Buy? /tell
[14:28:20] Kimfaeonic[PortBastok]: Aeonic/ioniッkuuェpon ReisenjimaFull or HelmT4 x7 Clear Mind Buy? /tell
[14:28:55] Westlind[WindWalls]: Dynamis - WindurstD +3 unlock Do you need it? /tell @2/18
[14:29:14] Hanter[Whitegate]: ZNM T4 Sarameya Tinnin Tyger Item win Do you need it? Buy? /tell
[14:29:18] Jocror[BastokMark]: Tinnin Sarameya Tyger win Item all 3 Do you need it? Buy? /tell Thank you.
[14:29:21] Asbrandrnkldd[NSandOria]:  ｆｆｘｉｐａｌ.ｃｏｍ, GET FAST DELIVERY!★REMA/SU5/Item/gil/Gil/  Discount ->"vip05"
[14:29:50] Kimfaeonic[PortBastok]: Aeonic/ioniッkuuェpon ReisenjimaFull or HelmT4 x7 Clear Mind Buy? /tell
[14:29:55] Asbrandrnkldd[NSandOria]:  ｆｆｘｉｐａｌ.ｃｏｍ, GET FAST DELIVERY!★REMA/SU5/Item/gil/Gil/  Discount ->"vip05"
[14:30:17] Hanter[Whitegate]: ZNM T4 Sarameya Tinnin Tyger Item win Do you need it? Buy? /tell
[14:30:47] Westlind[WindWalls]: Dynamis - WindurstD +3 unlock Do you need it? /tell @2/18
[14:30:48] Chookis[PortJeuno]: devious die 15000 liminal residue 6000 Bazaar (F-8)
[14:31:18] Jocror[BastokMark]: Tinnin Sarameya Tyger win Item all 3 Do you need it? Buy? /tell Thank you.
[14:31:19] Hanter[Whitegate]: ZNM T4 Sarameya Tinnin Tyger Item win Do you need it? Buy? /tell
[14:31:20] Kimfaeonic[PortBastok]: Aeonic/ioniッkuuェpon ReisenjimaFull or HelmT4 x7 Clear Mind Buy? /tell
[14:32:16] Westlind[WindWalls]: Dynamis - WindurstD +3 unlock Do you need it? /tell @4/18
[14:32:19] Asbrandrnkldd[NSandOria]:  ｆｆｘｉｐａｌ.ｃｏｍ, GET FAST DELIVERY!★REMA/SU5/Item/gil/Gil/  Discount ->"vip05"
[14:32:21] Hanter[Whitegate]: ZNM T4 Sarameya Tinnin Tyger Item win Do you need it? Buy? /tell
[14:32:50] Kimfaeonic[PortBastok]: Aeonic/ioniッkuuェpon ReisenjimaFull or HelmT4 x7 Clear Mind Buy? /tell
[14:33:01] Abrann[BastokMark]: Savory Shank 400k and Honey Wine 400k  Do you need it? Check Bazaar   
[14:33:18] Jocror[BastokMark]: Tinnin Sarameya Tyger win Item all 3 Do you need it? Buy? /tell Thank you.
[14:33:24] Hanter[Whitegate]: ZNM T4 Sarameya Tinnin Tyger Item win Do you need it? Buy? /tell
[14:34:20] Kimfaeonic[PortBastok]: Aeonic/ioniッkuuェpon ReisenjimaFull or HelmT4 x7 Clear Mind Buy? /tell
[14:34:26] Hanter[Whitegate]: ZNM T4 Sarameya Tinnin Tyger Item win Do you need it? Buy? /tell
[14:35:13] Asbrandrnkldd[NSandOria]:  ｆｆｘｉｐａｌ.ｃｏｍ, GET FAST DELIVERY!★REMA/SU5/Item/gil/Gil/  Discount ->"vip05"
[14:35:18] Jocror[BastokMark]: Tinnin Sarameya Tyger win Item all 3 Do you need it? Buy? /tell Thank you.
[14:35:21] Westlind[WindWalls]: Dynamis - WindurstD +3 unlock Do you need it? /tell @4/18
[14:35:28] Hanter[Whitegate]: ZNM T4 Sarameya Tinnin Tyger Item win Do you need it? Buy? /tell
[14:35:50] Kimfaeonic[PortBastok]: Aeonic/ioniッkuuェpon ReisenjimaFull or HelmT4 x7 Clear Mind Buy? /tell
[14:36:31] Hanter[Whitegate]: ZNM T4 Sarameya Tinnin Tyger Item win Do you need it? Buy? /tell
[14:37:18] Jocror[BastokMark]: Tinnin Sarameya Tyger win Item all 3 Do you need it? Buy? /tell Thank you.
[14:37:20] Kimfaeonic[PortBastok]: Aeonic/ioniッkuuェpon ReisenjimaFull or HelmT4 x7 Clear Mind Buy? /tell
[14:37:33] Hanter[Whitegate]: ZNM T4 Sarameya Tinnin Tyger Item win Do you need it? Buy? /tell
[14:37:33] Westlind[WindWalls]: Dynamis - WindurstD +3 unlock Do you need it? /tell @4/18
[14:38:03] Asbrandrnkldd[NSandOria]:  ｆｆｘｉｐａｌ.ｃｏｍ, GET FAST DELIVERY!★REMA/SU5/Item/gil/Gil/  Discount ->"vip05"
[14:38:35] Hanter[Whitegate]: ZNM T4 Sarameya Tinnin Tyger Item win Do you need it? Buy? /tell
[14:38:50] Kimfaeonic[PortBastok]: Aeonic/ioniッkuuェpon ReisenjimaFull or HelmT4 x7 Clear Mind Buy? /tell
[14:39:18] Jocror[BastokMark]: Tinnin Sarameya Tyger win Item all 3 Do you need it? Buy? /tell Thank you.
[14:39:24] Bedavere[Mhaura]: Ambuscadev1 VD Do you need it? BRD or RDMbinder /tell 5/6
[14:39:26] Westlind[WindWalls]: Dynamis - WindurstD +3 unlock Do you need it? /tell @5/18
[14:39:37] Hanter[Whitegate]: ZNM T4 Sarameya Tinnin Tyger Item win Do you need it? Buy? /tell
[14:40:19] Kimfaeonic[PortBastok]: Aeonic/ioniッkuuェpon ReisenjimaFull or HelmT4 x7 Clear Mind Buy? /tell
[14:40:39] Hanter[Whitegate]: ZNM T4 Sarameya Tinnin Tyger Item win Do you need it? Buy? /tell
[14:40:54] Asbrandrnkldd[NSandOria]:  ｆｆｘｉｐａｌ.ｃｏｍ, GET FAST DELIVERY!★REMA/SU5/Item/gil/Gil/  Discount ->"vip05"
[14:41:18] Jocror[BastokMark]: Tinnin Sarameya Tyger win Item all 3 Do you need it? Buy? /tell Thank you.
[14:41:28] Westlind[WindWalls]: Dynamis - WindurstD +3 unlock Do you need it? /tell @6/18
[14:41:32] Chookis[PortJeuno]: devious die 15000 liminal residue 6000 Bazaar (F-8)
[14:41:42] Hanter[Whitegate]: ZNM T4 Sarameya Tinnin Tyger Item win Do you need it? Buy? /tell
[14:41:50] Kimfaeonic[PortBastok]: Aeonic/ioniッkuuェpon ReisenjimaFull or HelmT4 x7 Clear Mind Buy? /tell
[14:42:34] Executing logout in 30 seconds.
[14:42:34] Cancel healing to remain logged in.
[14:42:38] Executing logout in 25 seconds.
[14:42:38] Cancel healing to remain logged in.
[14:42:43] Executing logout in 20 seconds.
[14:42:43] Cancel healing to remain logged in.
[14:42:44] Hanter[Whitegate]: ZNM T4 Sarameya Tinnin Tyger Item win Do you need it? Buy? /tell
[14:42:48] Executing logout in 15 seconds.
[14:42:48] Cancel healing to remain logged in.
[14:42:53] Executing logout in 10 seconds.
[14:42:53] Cancel healing to remain logged in.
[14:42:58] Executing logout in 5 seconds.
[14:42:58] Cancel healing to remain logged in.
