[06:45:06] === Area: Port San d'Oria ===
[06:45:06] *****DP Job Selection:WHM*****
[06:45:06] Mode: Magic.
[06:45:06]  White = Can not cast.
[06:45:06]  Green = Casting Range
[06:45:07] React: Loading File: react_WHM.lua
[06:45:09] Size already 20.
[06:45:09] ConsoleBG: Position changed! X: 15 Y: 50
[06:45:12] Bertrix[BastokMine]: SRTeam up?Looking for members.2/6
[06:45:13] <<< Welcome to Asura! >>>
[06:45:13] Announcing the winning numbers for the 20th Vana'versary Nomad Mog Bonanza!
[06:45:13] 
[06:45:13]  
[06:45:13] 
[06:45:13] Rank 3 prize: "7" (last digit)-- 20,471 winners.
[06:45:13] 
[06:45:13] Rank 2 prize: "04" (last two digits)-- 2,010 winners.
[06:45:13] 
[06:45:13] Rank 1 prize: "854" (all three digits)-- 185 winners.
[06:45:13] 
[06:45:13] *The number of winners for each prize is a combined total from all worlds.
[06:45:13] 
[06:45:13]  
[06:45:13] 
[06:45:13] Collection period: On July 14, 2022 at 1:00 (PDT) / 8:00 (GMT) to July 31, at 7:59 (PDT) / 14:59 (GMT)
[06:45:13] 
[06:45:13] Details on the prize can be confirmed by speaking to a Bonanza Moogle at one of the following locations:
[06:45:13] 
[06:45:13] Port San d'Oria (I-9) / Port Bastok (L-8) / Port Windurst (F-6) / Chocobo Circuit (H-8)
[06:45:14] You have undertaken the limited-time Records of Eminence challenge ｲVanquish Undead.ｳ
[06:45:14] This area is currently affected by the Super Kupower: ｲThrifty Transitｳ!
[06:45:14] This area is currently affected by the Super Kupower: ｲArtisan's Advantageｳ!
[06:45:14] This area is currently affected by the Super Kupower: ｲSwift Shoesｳ!
[06:45:14] The maximum number of people are already participating in Unity chat. Please try again later.
[06:45:14] The July 2022 Login Campaign is currently underway!
[06:45:14] 
[06:45:14] In celebration of your most recent login (login no. 19), we have provided you with 100 points!
[06:45:14] You currently have a total of 3800 points.
[06:45:14] We hope you enjoy this complimentary little gift, courtesy of the citizens of Vana'diel!
[06:45:15] Obtained: Special gobbiedial key.
[06:45:17] Cooldogr[NSandOria]: Odysseyt1t2t3Arebati Kalunga Xevioso Ngai Mboze Ongo Bumba V0 Clear Mind Buy?
[06:45:17] Jocror[BastokMark]: Tinnin Sarameya Tyger win Item all 3 Do you need it? Buy? /tell Thank you.
[06:45:21] Fczjse[PSandOria]: OmenFU Shulmanu Collar Niqmaddu Ring Middleboss Buy? tell
[06:45:35] Paozhong[LowJeuno]: Ou Ring neck Earring waist gem hand Regal cuffs Regal Ganutlets Do you need it? /tell
[06:45:36] Shmilywowo[BastokMark]: Escha - Zi'Tah Escha - Ru'Aun Reisenjima T1T2T3 ALL Item ABJ Telos Earring Reiki Yotai Do you need it? /tell Buy? 
[06:45:45] Masxiaosan[LowJeuno]: Telos Earring Reiki Yotai Do you need it? /tell Buy?  
[06:45:48] Cooldogr[NSandOria]: Odysseyt1t2t3Arebati Kalunga Xevioso Ngai Mboze Ongo Bumba V0 Clear Mind Buy?
[06:46:00] Zatazma[PortBastok]: ZNM T4 Sarameya Tinnin Tyger Item win Do you need it? Buy? /tell
[06:46:00] Fczjse[PSandOria]: OmenFU Shulmanu Collar Niqmaddu Ring Middleboss Buy? tell
[06:46:05] Paozhong[LowJeuno]: Ou Ring neck Earring waist gem hand Regal cuffs Regal Ganutlets Do you need it? /tell
[06:46:10] Aoora[PortBastok]: Ambuscade V.1 VD Do you need it? 3m/run Buy?
[06:46:19] Kimfaeonic[PortBastok]: Aeonic/ioniッkuuェpon 3zone Clear Mind Do you need it? Buy? 50M /tell 2/4
[06:46:19] Cooldogr[NSandOria]: Odysseyt1t2t3Arebati Kalunga Xevioso Ngai Mboze Ongo Bumba V0 Clear Mind Buy?
[06:46:20] Bertrix[BastokMine]: SRTeam up?Looking for members.3/6
[06:46:33] Odyeesnm[BastokMine]: Odyssey T4 Bumba T3 Ngai Mboze Xevioso Ongo Arebati Kalunag Clear Mind v0v1 Odyssey C SEG Buy?
[06:46:34] Wukonk[Whitegate]: Tinnin Sarameya Tyger win Item all 3 Do you need it? /tell Thank you.
[06:46:36] Blkuyfvd[BastokMine]: Sell abyssea empy Weapon Shop Item LV80 85 90 Do you need it? /tell
[06:46:39] Shmilywowo[BastokMark]: Escha - Zi'Tah Escha - Ru'Aun Reisenjima T1T2T3 ALL Item ABJ Telos Earring Reiki Yotai Do you need it? /tell Buy? 
[06:46:40] Fczjse[PSandOria]: OmenFU Shulmanu Collar Niqmaddu Ring Middleboss Buy? tell
[06:46:42] Paozhong[LowJeuno]: Ou Ring neck Earring waist ghand Regal Ganutlets Do you need it? /tell
[06:46:47] Masxiaosan[LowJeuno]: Telos Earring Reiki Yotai Do you need it? /tell Buy?  
[06:46:50] Cooldogr[NSandOria]: Odysseyt1t2t3Arebati Kalunga Xevioso Ngai Mboze Ongo Bumba V0 Clear Mind Buy?
[06:47:02] Zatazma[PortBastok]: ZNM T4 Sarameya Tinnin Tyger Item win Do you need it? Buy? /tell
[06:47:14] Bertrix[BastokMine]: SRTeam up?Looking for members.3/6
[06:47:17] Aoora[PortBastok]: Ambuscade V.1 VD Do you need it? 3m/run Buy?
[06:47:17] Paozhong[LowJeuno]: Ou Ring neck Earring waist hand Regal Ganutlets Do you need it? /tell
[06:47:17] Jocror[BastokMark]: Tinnin Sarameya Tyger win Item all 3 Do you need it? Buy? /tell Thank you.
[06:47:21] Fczjse[PSandOria]: OmenFU Shulmanu Collar Niqmaddu Ring Middleboss Buy? tell
[06:47:21] Cooldogr[NSandOria]: Odysseyt1t2t3Arebati Kalunga Xevioso Ngai Mboze Ongo Bumba V0 Clear Mind Buy?
[06:47:41] Shmilywowo[BastokMark]: Escha - Zi'Tah Escha - Ru'Aun Reisenjima T1T2T3 ALL Item ABJ Telos Earring Reiki Yotai Do you need it? /tell Buy? 
[06:47:48] Paozhong[LowJeuno]: Ou Ring neck Earring waist hand Regal Ganutlets Do you need it? /tell
[06:47:49] Bertrix[BastokMine]: SRTeam up?Looking for members.3/6
[06:47:49] Kimfaeonic[PortBastok]: Aeonic/ioniッkuuェpon 3zone Clear Mind Do you need it? Buy? 50M /tell 2/4
[06:47:49] Masxiaosan[LowJeuno]: Telos Earring Reiki Yotai Do you need it? /tell Buy?  
[06:47:52] Cooldogr[NSandOria]: Odysseyt1t2t3Arebati Kalunga Xevioso Ngai Mboze Ongo Bumba V0 Clear Mind Buy?
[06:48:01] Fczjse[PSandOria]: OmenFU Shulmanu Collar Niqmaddu Ring Middleboss Buy? tell
[06:48:04] Zatazma[PortBastok]: ZNM T4 Sarameya Tinnin Tyger Item win Do you need it? Buy? /tell
[06:48:22] Paozhong[LowJeuno]: Ou Ring neck Earring waist hand Regal Ganutlets Do you need it? /tell
[06:48:22] Aoora[PortBastok]: Ambuscade V.1 VD Do you need it? 3m/run Buy?
[06:48:23] Cooldogr[NSandOria]: Odysseyt1t2t3Arebati Kalunga Xevioso Ngai Mboze Ongo Bumba V0 Clear Mind Buy?
[06:48:34] Bertrix[BastokMine]: SRTeam up?Looking for members.3/6
[06:48:34] Odyeesnm[BastokMine]: Odyssey T4 Bumba T3 Ngai Mboze Xevioso Ongo Arebati Kalunag Clear Mind v0v1 Odyssey C SEG Buy?
[06:48:35] Blkuyfvd[BastokMine]: Sell abyssea empy Weapon Shop Item LV80 85 90 Do you need it? /tell
[06:48:41] Fczjse[PSandOria]: OmenFU Shulmanu Collar Niqmaddu Ring Middleboss Buy? tell
[06:48:43] Shmilywowo[BastokMark]: Escha - Zi'Tah Escha - Ru'Aun Reisenjima T1T2T3 ALL Item ABJ Telos Earring Reiki Yotai Do you need it? /tell Buy? 
[06:48:45] Wukonk[Whitegate]: Tinnin Sarameya Tyger win Item all 3 Do you need it? /tell Thank you.
[06:48:51] Masxiaosan[LowJeuno]: Telos Earring Reiki Yotai Do you need it? /tell Buy?  
[06:48:54] Cooldogr[NSandOria]: Odysseyt1t2t3Arebati Kalunga Xevioso Ngai Mboze Ongo Bumba V0 Clear Mind Buy?
[06:48:55] Paozhong[LowJeuno]: Ou Ring neck Earring waist hand Regal Ganutlets Do you need it? /tell
[06:49:06] Zatazma[PortBastok]: ZNM T4 Sarameya Tinnin Tyger Item win Do you need it? Buy? /tell
[06:49:17] Jocror[BastokMark]: Tinnin Sarameya Tyger win Item all 3 Do you need it? Buy? /tell Thank you.
[06:49:18] Bertrix[BastokMine]: SRTeam up?Looking for members.3/6
[06:49:19] Kimfaeonic[PortBastok]: Aeonic/ioniッkuuェpon 3zone Clear Mind Do you need it? Buy? 50M /tell 2/4
[06:49:21] Fczjse[PSandOria]: OmenFU Shulmanu Collar Niqmaddu Ring Middleboss Buy? tell
[06:49:25] Paozhong[LowJeuno]: Ou Ring neck Earring waist hand Regal Ganutlets Do you need it? /tell
[06:49:25] Cooldogr[NSandOria]: Odysseyt1t2t3Arebati Kalunga Xevioso Ngai Mboze Ongo Bumba V0 Clear Mind Buy?
[06:49:29] Aoora[PortBastok]: Ambuscade V.1 VD Do you need it? 3m/run Buy?
[06:49:45] Shmilywowo[BastokMark]: Escha - Zi'Tah Escha - Ru'Aun Reisenjima T1T2T3 ALL Item ABJ Telos Earring Reiki Yotai Do you need it? /tell Buy? 
[06:49:53] Masxiaosan[LowJeuno]: Telos Earring Reiki Yotai Do you need it? /tell Buy?  
[06:49:54] Paozhong[LowJeuno]: Ou Ring neck Earring waist hand Regal Ganutlets Do you need it? /tell
[06:49:56] Cooldogr[NSandOria]: Odysseyt1t2t3Arebati Kalunga Xevioso Ngai Mboze Ongo Bumba V0 Clear Mind Buy?
[06:50:01] Fczjse[PSandOria]: OmenFU Shulmanu Collar Niqmaddu Ring Middleboss Buy? tell
[06:50:09] Zatazma[PortBastok]: ZNM T4 Sarameya Tinnin Tyger Item win Do you need it? Buy? /tell
[06:50:18] Bloodyheals[LowJeuno]: mars orbs Sell? /tell 2.5m
[06:50:27] Cooldogr[NSandOria]: Odysseyt1t2t3Arebati Kalunga Xevioso Ngai Mboze Ongo Bumba V0 Clear Mind Buy?
[06:50:32] Paozhong[LowJeuno]: Ou Ring neck Earring waist hand Regal Ganutlets Do you need it? /tell
[06:50:34] Aoora[PortBastok]: Ambuscade V.1 VD Do you need it? 3m/run Buy?
[06:50:36] Odyeesnm[BastokMine]: Odyssey T4 Bumba T3 Ngai Mboze Xevioso Ongo Arebati Kalunag Clear Mind v0v1 Odyssey C SEG Buy?
[06:50:36] Blkuyfvd[BastokMine]: Sell abyssea empy Weapon Shop Item LV80 85 90 Do you need it? /tell
[06:50:41] Fczjse[PSandOria]: OmenFU Shulmanu Collar Niqmaddu Ring Middleboss Buy? tell
[06:50:48] Shmilywowo[BastokMark]: Escha - Zi'Tah Escha - Ru'Aun Reisenjima T1T2T3 ALL Item ABJ Telos Earring Reiki Yotai Do you need it? /tell Buy? 
[06:50:49] Kimfaeonic[PortBastok]: Aeonic/ioniッkuuェpon 3zone Clear Mind Do you need it? Buy? 50M /tell 2/4
[06:50:54] Wukonk[Whitegate]: Tinnin Sarameya Tyger win Item all 3 Do you need it? /tell Thank you.
[06:50:56] Masxiaosan[LowJeuno]: Telos Earring Reiki Yotai Do you need it? /tell Buy?  
[06:50:58] Cooldogr[NSandOria]: Odysseyt1t2t3Arebati Kalunga Xevioso Ngai Mboze Ongo Bumba V0 Clear Mind Buy?
[06:51:06] Paozhong[LowJeuno]: Ou Ring neck Earring waist hand Regal Ganutlets Do you need it? /tell
[06:51:08] Bloodyheals[LowJeuno]: mars orbs Sell? /tell 2.5m
[06:51:11] Zatazma[PortBastok]: ZNM T4 Sarameya Tinnin Tyger Item win Do you need it? Buy? /tell
[06:51:17] Jocror[BastokMark]: Tinnin Sarameya Tyger win Item all 3 Do you need it? Buy? /tell Thank you.
[06:51:20] Fczjse[PSandOria]: OmenFU Shulmanu Collar Niqmaddu Ring Middleboss Buy? tell
[06:51:29] Cooldogr[NSandOria]: Odysseyt1t2t3Arebati Kalunga Xevioso Ngai Mboze Ongo Bumba V0 Clear Mind Buy?
[06:51:41] Aoora[PortBastok]: Ambuscade V.1 VD Do you need it? 3m/run Buy?
[06:51:41] Paozhong[LowJeuno]: Ou Ring  Earring waist hand Regal Ganutlets Do you need it? /tell
[06:51:42] Headsparkle[Rabao]: OdysseyＣsegumento稼ぎ CORWhiteBRDさん等 可能Jobteruお待ちしてます 4/6
[06:51:50] Shmilywowo[BastokMark]: Escha - Zi'Tah Escha - Ru'Aun Reisenjima T1T2T3 ALL Item ABJ Telos Earring Reiki Yotai Do you need it? /tell Buy? 
[06:51:58] Masxiaosan[LowJeuno]: Telos Earring Reiki Yotai Do you need it? /tell Buy?  
[06:52:00] Cooldogr[NSandOria]: Odysseyt1t2t3Arebati Kalunga Xevioso Ngai Mboze Ongo Bumba V0 Clear Mind Buy?
[06:52:01] Fczjse[PSandOria]: OmenFU Shulmanu Collar Niqmaddu Ring Middleboss Buy? tell
[06:52:13] Zatazma[PortBastok]: ZNM T4 Sarameya Tinnin Tyger Item win Do you need it? Buy? /tell
[06:52:14] Paozhong[LowJeuno]: Ou Ring  Earring waist hand Regal Ganutlets Do you need it? /tell
[06:52:19] Kimfaeonic[PortBastok]: Aeonic/ioniッkuuェpon 3zone Clear Mind Do you need it? Buy? 50M /tell 2/4
[06:52:31] Cooldogr[NSandOria]: Odysseyt1t2t3Arebati Kalunga Xevioso Ngai Mboze Ongo Bumba V0 Clear Mind Buy?
[06:52:36] Blkuyfvd[BastokMine]: Sell abyssea empy Weapon Shop Item LV80 85 90 Do you need it? /tell
[06:52:37] Odyeesnm[BastokMine]: Odyssey T4 Bumba T3 Ngai Mboze Xevioso Ongo Arebati Kalunag Clear Mind v0v1 Odyssey C SEG Buy?
[06:52:40] Fczjse[PSandOria]: OmenFU Shulmanu Collar Niqmaddu Ring Middleboss Buy? tell
[06:52:46] Aoora[PortBastok]: Ambuscade V.1 VD Do you need it? 3m/run Buy?
[06:52:52] Shmilywowo[BastokMark]: Escha - Zi'Tah Escha - Ru'Aun Reisenjima T1T2T3 ALL Item ABJ Telos Earring Reiki Yotai Do you need it? /tell Buy? 
[06:52:56] Paozhong[LowJeuno]: Ou  Earring waist hand Regal Ganutlets Do you need it? /tell
[06:53:00] Masxiaosan[LowJeuno]: Telos Earring Reiki Yotai Do you need it? /tell Buy?  
[06:53:02] Cooldogr[NSandOria]: Odysseyt1t2t3Arebati Kalunga Xevioso Ngai Mboze Ongo Bumba V0 Clear Mind Buy?
[06:53:05] Wukonk[Whitegate]: Tinnin Sarameya Tyger win Item all 3 Do you need it? /tell Thank you.
[06:53:16] Zatazma[PortBastok]: ZNM T4 Sarameya Tinnin Tyger Item win Do you need it? Buy? /tell
[06:53:17] Jocror[BastokMark]: Tinnin Sarameya Tyger win Item all 3 Do you need it? Buy? /tell Thank you.
[06:53:21] Fczjse[PSandOria]: OmenFU Shulmanu Collar Niqmaddu Ring Middleboss Buy? tell
[06:53:30] Paozhong[LowJeuno]: Ou  Earring waist hand Regal Ganutlets Do you need it? /tell
[06:53:33] Cooldogr[NSandOria]: Odysseyt1t2t3Arebati Kalunga Xevioso Ngai Mboze Ongo Bumba V0 Clear Mind Buy?
[06:53:48] Kimfaeonic[PortBastok]: Aeonic/ioniッkuuェpon 3zone Clear Mind Do you need it? Buy? 50M /tell 2/4
[06:53:52] Aoora[PortBastok]: Ambuscade V.1 VD Do you need it? 3m/run Buy?
[06:53:54] Shmilywowo[BastokMark]: Escha - Zi'Tah Escha - Ru'Aun Reisenjima T1T2T3 ALL Item ABJ Telos Earring Reiki Yotai Do you need it? /tell Buy? 
[06:53:56] Headsparkle[Rabao]: OdysseyＣsegumento稼ぎ CORBRDさん等 可能Jobteruお待ちしてます 5/6
[06:54:01] Fczjse[PSandOria]: OmenFU Shulmanu Collar Niqmaddu Ring Middleboss Buy? tell
[06:54:03] Masxiaosan[LowJeuno]: Telos Earring Reiki Yotai Do you need it? /tell Buy?  
[06:54:04] Cooldogr[NSandOria]: Odysseyt1t2t3Arebati Kalunga Xevioso Ngai Mboze Ongo Bumba V0 Clear Mind Buy?
[06:54:13] Paozhong[LowJeuno]: Ou  Earring waist hand Regal Ganutlets Do you need it? /tell
[06:54:18] Zatazma[PortBastok]: ZNM T4 Sarameya Tinnin Tyger Item win Do you need it? Buy? /tell
[06:54:22] Nakitaru[LowJeuno]: Vagary 5/5 Clear Mind Sell?
[06:54:35] Cooldogr[NSandOria]: Odysseyt1t2t3Arebati Kalunga Xevioso Ngai Mboze Ongo Bumba V0 Clear Mind Buy?
[06:54:36] Blkuyfvd[BastokMine]: Sell abyssea empy Weapon Shop Item LV80 85 90 Do you need it? /tell
[06:54:39] Odyeesnm[BastokMine]: Odyssey T4 Bumba T3 Ngai Mboze Xevioso Ongo Arebati Kalunag Clear Mind v0v1 Odyssey C SEG Buy?
[06:54:40] Lifae[LowJeuno]: Ou ki Do you have it? Can I have it? Sell? /tell
[06:54:41] Fczjse[PSandOria]: OmenFU Shulmanu Collar Niqmaddu Ring Middleboss Buy? tell
[06:54:47] Paozhong[LowJeuno]: Ou  Earring waist hand Regal Ganutlets Do you need it? /tell
[06:54:57] Shmilywowo[BastokMark]: Escha - Zi'Tah Escha - Ru'Aun Reisenjima T1T2T3 ALL Item ABJ Telos Earring Reiki Yotai Do you need it? /tell Buy? 
[06:54:59] Aoora[PortBastok]: Ambuscade V.1 VD Do you need it? 3m/run Buy?
[06:55:04] Masxiaosan[LowJeuno]: Telos Earring Reiki Yotai Do you need it? /tell Buy?  
[06:55:06] Cooldogr[NSandOria]: Odysseyt1t2t3Arebati Kalunga Xevioso Ngai Mboze Ongo Bumba V0 Clear Mind Buy?
[06:55:14] Wukonk[Whitegate]: Tinnin Sarameya Tyger win Item all 3 Do you need it? /tell Thank you.
[06:55:17] Jocror[BastokMark]: Tinnin Sarameya Tyger win Item all 3 Do you need it? Buy? /tell Thank you.
[06:55:18] Kimfaeonic[PortBastok]: Aeonic/ioniッkuuェpon 3zone Clear Mind Do you need it? Buy? 50M /tell 2/4
[06:55:20] Zatazma[PortBastok]: ZNM T4 Sarameya Tinnin Tyger Item win Do you need it? Buy? /tell
[06:55:20] Fczjse[PSandOria]: OmenFU Shulmanu Collar Niqmaddu Ring Middleboss Buy? tell
[06:55:37] Cooldogr[NSandOria]: Odysseyt1t2t3Arebati Kalunga Xevioso Ngai Mboze Ongo Bumba V0 Clear Mind Buy?
[06:55:43] Paozhong[LowJeuno]: Ou  Earring waist Do you need it? /tell
[06:55:44] Chookis[PortJeuno]: devious die 15000 liminal resdiue 6000 Bazaar (F-8)
[06:55:59] Shmilywowo[BastokMark]: Escha - Zi'Tah Escha - Ru'Aun Reisenjima T1T2T3 ALL Item ABJ Telos Earring Reiki Yotai Do you need it? /tell Buy? 
[06:56:01] Fczjse[PSandOria]: OmenFU Shulmanu Collar Niqmaddu Ring Middleboss Buy? tell
[06:56:04] Aoora[PortBastok]: Ambuscade V.1 VD Do you need it? 3m/run Buy?
[06:56:08] Masxiaosan[LowJeuno]: Telos Earring Reiki Yotai Do you need it? /tell Buy?  
[06:56:08] Cooldogr[NSandOria]: Odysseyt1t2t3Arebati Kalunga Xevioso Ngai Mboze Ongo Bumba V0 Clear Mind Buy?
[06:56:13] Paozhong[LowJeuno]: Ou  Earring waist Do you need it? /tell go in 10min
[06:56:22] Zatazma[PortBastok]: ZNM T4 Sarameya Tinnin Tyger Item win Do you need it? Buy? /tell
[06:56:36] Blkuyfvd[BastokMine]: Sell abyssea empy Weapon Shop Item LV80 85 90 Do you need it? /tell
[06:56:39] Cooldogr[NSandOria]: Odysseyt1t2t3Arebati Kalunga Xevioso Ngai Mboze Ongo Bumba V0 Clear Mind Buy?
[06:56:40] Odyeesnm[BastokMine]: Odyssey T4 Bumba T3 Ngai Mboze Xevioso Ongo Arebati Kalunag Clear Mind v0v1 Odyssey C SEG Buy?
[06:56:40] Fczjse[PSandOria]: OmenFU Shulmanu Collar Niqmaddu Ring Middleboss Buy? tell
[06:56:47] Paozhong[LowJeuno]: Ou  Earring waist Do you need it? /tell go in 10min
[06:56:49] Kimfaeonic[PortBastok]: Aeonic/ioniッkuuェpon 3zone Clear Mind Do you need it? Buy? 50M /tell 2/4
[06:56:56] Bloodyheals[LowJeuno]: mars orbs Sell? /tell 2.5m
[06:57:01] Shmilywowo[BastokMark]: Escha - Zi'Tah Escha - Ru'Aun Reisenjima T1T2T3 ALL Item ABJ Telos Earring Reiki Yotai Do you need it? /tell Buy? 
[06:57:10] Masxiaosan[LowJeuno]: Telos Earring Reiki Yotai Do you need it? /tell Buy?  
[06:57:10] Cooldogr[NSandOria]: Odysseyt1t2t3Arebati Kalunga Xevioso Ngai Mboze Ongo Bumba V0 Clear Mind Buy?
[06:57:10] Aoora[PortBastok]: Ambuscade V.1 VD Do you need it? 3m/run Buy?
[06:57:18] Jocror[BastokMark]: Tinnin Sarameya Tyger win Item all 3 Do you need it? Buy? /tell Thank you.
[06:57:19] Paozhong[LowJeuno]: Ou  Earring waist Do you need it? /tell go in 10min
[06:57:21] Fczjse[PSandOria]: OmenFU Shulmanu Collar Niqmaddu Ring Middleboss Buy? tell
[06:57:25] Wukonk[Whitegate]: Tinnin Sarameya Tyger win Item all 3 Do you need it? /tell Thank you.
[06:57:25] Zatazma[PortBastok]: ZNM T4 Sarameya Tinnin Tyger Item win Do you need it? Buy? /tell
[06:57:41] Cooldogr[NSandOria]: Odysseyt1t2t3Arebati Kalunga Xevioso Ngai Mboze Ongo Bumba V0 Clear Mind Buy?
[06:57:51] Paozhong[LowJeuno]: Ou  Earring waist Do you need it? /tell go in 9min
[06:58:01] Fczjse[PSandOria]: OmenFU Shulmanu Collar Niqmaddu Ring Middleboss Buy? tell
[06:58:04] Shmilywowo[BastokMark]: Escha - Zi'Tah Escha - Ru'Aun Reisenjima T1T2T3 ALL Item ABJ Telos Earring Reiki Yotai Do you need it? /tell Buy? 
[06:58:12] Masxiaosan[LowJeuno]: Telos Earring Reiki Yotai Do you need it? /tell Buy?  
[06:58:12] Cooldogr[NSandOria]: Odysseyt1t2t3Arebati Kalunga Xevioso Ngai Mboze Ongo Bumba V0 Clear Mind Buy?
[06:58:16] Aoora[PortBastok]: Ambuscade V.1 VD Do you need it? 3m/run Buy?
[06:58:18] Kimfaeonic[PortBastok]: Aeonic/ioniッkuuェpon 3zone Clear Mind Do you need it? Buy? 50M /tell 2/4
[06:58:19] Nakitaru[LowJeuno]: Mboze Clear Mind Sell? 10m No money!
[06:58:27] Zatazma[PortBastok]: ZNM T4 Sarameya Tinnin Tyger Item win Do you need it? Buy? /tell
[06:58:29] Paozhong[LowJeuno]: Ou  Earring waist Do you need it? /tell go in 9min
[06:58:35] Bloodyheals[LowJeuno]: mars orbs Sell? /tell 2.5m
[06:58:36] Blkuyfvd[BastokMine]: Sell abyssea empy Weapon Shop Item LV80 85 90 Do you need it? /tell
[06:58:41] Fczjse[PSandOria]: OmenFU Shulmanu Collar Niqmaddu Ring Middleboss Buy? tell
[06:58:42] Odyeesnm[BastokMine]: Odyssey T4 Bumba T3 Ngai Mboze Xevioso Ongo Arebati Kalunag Clear Mind v0v1 Odyssey C SEG Buy?
[06:58:43] Cooldogr[NSandOria]: Odysseyt1t2t3Arebati Kalunga Xevioso Ngai Mboze Ongo Bumba V0 Clear Mind Buy?
[06:59:03] Paozhong[LowJeuno]: Ou  Earring waist Do you need it? /tell go in 8min
[06:59:06] Shmilywowo[BastokMark]: Escha - Zi'Tah Escha - Ru'Aun Reisenjima T1T2T3 ALL Item ABJ Telos Earring Reiki Yotai Do you need it? /tell Buy? 
[06:59:13] Bloodyheals[LowJeuno]: mars orbs Sell? /tell 2.5m
[06:59:14] Masxiaosan[LowJeuno]: Telos Earring Reiki Yotai Do you need it? /tell Buy?  
[06:59:14] Cooldogr[NSandOria]: Odysseyt1t2t3Arebati Kalunga Xevioso Ngai Mboze Ongo Bumba V0 Clear Mind Buy?
[06:59:17] Jocror[BastokMark]: Tinnin Sarameya Tyger win Item all 3 Do you need it? Buy? /tell Thank you.
[06:59:21] Fczjse[PSandOria]: OmenFU Shulmanu Collar Niqmaddu Ring Middleboss Buy? tell
[06:59:22] Touchmehh[Whitegate]: Job Points Do you need it? 2/6
[06:59:22] Aoora[PortBastok]: Ambuscade V.1 VD Do you need it? 3m/run Buy?
[06:59:29] Zatazma[PortBastok]: ZNM T4 Sarameya Tinnin Tyger Item win Do you need it? Buy? /tell
[06:59:34] Paozhong[LowJeuno]: Ou  Earring waist Do you need it? /tell go in 8min
[06:59:35] Wukonk[Whitegate]: Tinnin Sarameya Tyger win Item all 3 Do you need it? /tell Thank you.
[06:59:45] Cooldogr[NSandOria]: Odysseyt1t2t3Arebati Kalunga Xevioso Ngai Mboze Ongo Bumba V0 Clear Mind Buy?
[06:59:48] Kimfaeonic[PortBastok]: Aeonic/ioniッkuuェpon 3zone Clear Mind Do you need it? Buy? 50M /tell 2/4
[06:59:54] Bloodyheals[LowJeuno]: mars orbs Sell? /tell 2.5m
[07:00:01] Fczjse[PSandOria]: OmenFU Shulmanu Collar Niqmaddu Ring Middleboss Buy? tell
[07:00:08] Paozhong[LowJeuno]: Ou  Earring waist Do you need it? /tell go in 7min
[07:00:08] Shmilywowo[BastokMark]: Escha - Zi'Tah Escha - Ru'Aun Reisenjima T1T2T3 ALL Item ABJ Telos Earring Reiki Yotai Do you need it? /tell Buy? 
[07:00:16] Cooldogr[NSandOria]: Odysseyt1t2t3Arebati Kalunga Xevioso Ngai Mboze Ongo Bumba V0 Clear Mind Buy?
[07:00:17] Masxiaosan[LowJeuno]: Telos Earring Reiki Yotai Do you need it? /tell Buy?  
[07:00:23] You have undertaken the limited-time Records of Eminence challenge ｲSpoils (Seals).ｳ
[07:00:28] Aoora[PortBastok]: Ambuscade V.1 VD Do you need it? 3m/run Buy?
[07:00:31] Zatazma[PortBastok]: ZNM T4 Sarameya Tinnin Tyger Item win Do you need it? Buy? /tell
[07:00:36] Blkuyfvd[BastokMine]: Sell abyssea empy Weapon Shop Item LV80 85 90 Do you need it? /tell
[07:00:41] Fczjse[PSandOria]: OmenFU Shulmanu Collar Niqmaddu Ring Middleboss Buy? tell
[07:00:41] Paozhong[LowJeuno]: Ou  Earring waist Do you need it? /tell go in 7min
[07:00:43] Odyeesnm[BastokMine]: Odyssey T4 Bumba T3 Ngai Mboze Xevioso Ongo Arebati Kalunag Clear Mind v0v1 Odyssey C SEG Buy?
[07:00:47] Cooldogr[NSandOria]: Odysseyt1t2t3Arebati Kalunga Xevioso Ngai Mboze Ongo Bumba V0 Clear Mind Buy?
[07:01:05] Touchmehh[Whitegate]: Job Points Do you need it? 3/6 WHM SCH DD meat Shield Fisherman Can I have it?
[07:01:10] Shmilywowo[BastokMark]: Escha - Zi'Tah Escha - Ru'Aun Reisenjima T1T2T3 ALL Item ABJ Telos Earring Reiki Yotai Do you need it? /tell Buy? 
[07:01:13] Paozhong[LowJeuno]: Ou  Earring waist Do you need it? /tell go in 6min
[07:01:17] Jocror[BastokMark]: Tinnin Sarameya Tyger win Item all 3 Do you need it? Buy? /tell Thank you.
[07:01:18] Cooldogr[NSandOria]: Odysseyt1t2t3Arebati Kalunga Xevioso Ngai Mboze Ongo Bumba V0 Clear Mind Buy?
[07:01:19] Masxiaosan[LowJeuno]: Telos Earring Reiki Yotai Do you need it? /tell Buy?  
[07:01:19] Kimfaeonic[PortBastok]: Aeonic/ioniッkuuェpon 3zone Clear Mind Do you need it? Buy? 50M /tell 2/4
[07:01:21] Fczjse[PSandOria]: OmenFU Shulmanu Collar Niqmaddu Ring Middleboss Buy? tell
[07:01:34] Zatazma[PortBastok]: ZNM T4 Sarameya Tinnin Tyger Item win Do you need it? Buy? /tell
[07:01:35] Aoora[PortBastok]: Ambuscade V.1 VD Do you need it? 3m/run Buy?
[07:01:44] Paozhong[LowJeuno]: Ou  Earring waist Do you need it? /tell go in 6min
[07:01:45] Wukonk[Whitegate]: Tinnin Sarameya Tyger win Item all 3 Do you need it? /tell Thank you.
[07:01:49] Cooldogr[NSandOria]: Odysseyt1t2t3Arebati Kalunga Xevioso Ngai Mboze Ongo Bumba V0 Clear Mind Buy?
[07:02:00] Fczjse[PSandOria]: OmenFU Shulmanu Collar Niqmaddu Ring Middleboss Buy? tell
[07:02:13] Shmilywowo[BastokMark]: Escha - Zi'Tah Escha - Ru'Aun Reisenjima T1T2T3 ALL Item ABJ Telos Earring Reiki Yotai Do you need it? /tell Buy? 
[07:02:13] Paozhong[LowJeuno]: Ou  Earring waist Do you need it? /tell go in 5min
[07:02:20] Cooldogr[NSandOria]: Odysseyt1t2t3Arebati Kalunga Xevioso Ngai Mboze Ongo Bumba V0 Clear Mind Buy?
[07:02:21] Masxiaosan[LowJeuno]: Telos Earring Reiki Yotai Do you need it? /tell Buy?  
[07:02:35] Blkuyfvd[BastokMine]: Sell abyssea empy Weapon Shop Item LV80 85 90 Do you need it? /tell
[07:02:36] Zatazma[PortBastok]: ZNM T4 Sarameya Tinnin Tyger Item win Do you need it? Buy? /tell
[07:02:41] Aoora[PortBastok]: Ambuscade V.1 VD Do you need it? 3m/run Buy?
[07:02:41] Fczjse[PSandOria]: OmenFU Shulmanu Collar Niqmaddu Ring Middleboss Buy? tell
[07:02:44] Odyeesnm[BastokMine]: Odyssey T4 Bumba T3 Ngai Mboze Xevioso Ongo Arebati Kalunag Clear Mind v0v1 Odyssey C SEG Buy?
[07:02:47] Paozhong[LowJeuno]: Ou  Earring waist Do you need it? /tell go in 5min
[07:02:48] Kimfaeonic[PortBastok]: Aeonic/ioniッkuuェpon 3zone Clear Mind Do you need it? Buy? 50M /tell 2/4
[07:02:51] Cooldogr[NSandOria]: Odysseyt1t2t3Arebati Kalunga Xevioso Ngai Mboze Ongo Bumba V0 Clear Mind Buy?
[07:03:15] Shmilywowo[BastokMark]: Escha - Zi'Tah Escha - Ru'Aun Reisenjima T1T2T3 ALL Item ABJ Telos Earring Reiki Yotai Do you need it? /tell Buy? 
[07:03:17] Jocror[BastokMark]: Tinnin Sarameya Tyger win Item all 3 Do you need it? Buy? /tell Thank you.
[07:03:20] Paozhong[LowJeuno]: Ou  Earring waist Do you need it? /tell go in 5min
[07:03:21] Fczjse[PSandOria]: OmenFU Shulmanu Collar Niqmaddu Ring Middleboss Buy? tell
[07:03:22] Cooldogr[NSandOria]: Odysseyt1t2t3Arebati Kalunga Xevioso Ngai Mboze Ongo Bumba V0 Clear Mind Buy?
[07:03:23] Masxiaosan[LowJeuno]: Telos Earring Reiki Yotai Do you need it? /tell Buy?  
[07:03:38] Zatazma[PortBastok]: ZNM T4 Sarameya Tinnin Tyger Item win Do you need it? Buy? /tell
[07:03:46] Touchmehh[Whitegate]: Job Points Do you need it? 5/6 Healing Magic meat Shield Can I have it?
[07:03:47] Aoora[PortBastok]: Ambuscade V.1 VD Do you need it? 3m/run Buy?
[07:03:51] Paozhong[LowJeuno]: Ou  Earring waist Do you need it? /tell go in 4min
[07:03:53] Cooldogr[NSandOria]: Odysseyt1t2t3Arebati Kalunga Xevioso Ngai Mboze Ongo Bumba V0 Clear Mind Buy?
[07:03:55] Wukonk[Whitegate]: Tinnin Sarameya Tyger win Item all 3 Do you need it? /tell Thank you.
[07:04:01] Fczjse[PSandOria]: OmenFU Shulmanu Collar Niqmaddu Ring Middleboss Buy? tell
[07:04:17] Shmilywowo[BastokMark]: Escha - Zi'Tah Escha - Ru'Aun Reisenjima T1T2T3 ALL Item ABJ Telos Earring Reiki Yotai Do you need it? /tell Buy? 
[07:04:18] Kimfaeonic[PortBastok]: Aeonic/ioniッkuuェpon 3zone Clear Mind Do you need it? Buy? 50M /tell 2/4
[07:04:24] Cooldogr[NSandOria]: Odysseyt1t2t3Arebati Kalunga Xevioso Ngai Mboze Ongo Bumba V0 Clear Mind Buy?
[07:04:25] Paozhong[LowJeuno]: Ou  Earring waist Do you need it? /tell go in 4min
[07:04:25] Masxiaosan[LowJeuno]: Telos Earring Reiki Yotai Do you need it? /tell Buy?  
[07:04:36] Blkuyfvd[BastokMine]: Sell abyssea empy Weapon Shop Item LV80 85 90 Do you need it? /tell
[07:04:40] Zatazma[PortBastok]: ZNM T4 Sarameya Tinnin Tyger Item win Do you need it? Buy? /tell
[07:04:40] Fczjse[PSandOria]: OmenFU Shulmanu Collar Niqmaddu Ring Middleboss Buy? tell
[07:04:46] Odyeesnm[BastokMine]: Odyssey T4 Bumba T3 Ngai Mboze Xevioso Ongo Arebati Kalunag Clear Mind v0v1 Odyssey C SEG Buy?
[07:04:53] Aoora[PortBastok]: Ambuscade V.1 VD Do you need it? 3m/run Buy?
[07:04:55] Cooldogr[NSandOria]: Odysseyt1t2t3Arebati Kalunga Xevioso Ngai Mboze Ongo Bumba V0 Clear Mind Buy?
[07:04:56] Paozhong[LowJeuno]: Ou  Earring waist Do you need it? /tell go in 4min
[07:05:17] Jocror[BastokMark]: Tinnin Sarameya Tyger win Item all 3 Do you need it? Buy? /tell Thank you.
[07:05:19] Shmilywowo[BastokMark]: Escha - Zi'Tah Escha - Ru'Aun Reisenjima T1T2T3 ALL Item ABJ Telos Earring Reiki Yotai Do you need it? /tell Buy? 
[07:05:21] Fczjse[PSandOria]: OmenFU Shulmanu Collar Niqmaddu Ring Middleboss Buy? tell
[07:05:26] Cooldogr[NSandOria]: Odysseyt1t2t3Arebati Kalunga Xevioso Ngai Mboze Ongo Bumba V0 Clear Mind Buy?
[07:05:28] Masxiaosan[LowJeuno]: Telos Earring Reiki Yotai Do you need it? /tell Buy?  
[07:05:28] Paozhong[LowJeuno]: Ou  Earring waist Do you need it? /tell go in 3min
[07:05:33] Elemis[Whitegate]: ---  Nyzul Isle token --- Do you need it?  2/3 
[07:05:43] Zatazma[PortBastok]: ZNM T4 Sarameya Tinnin Tyger Item win Do you need it? Buy? /tell
[07:05:49] Touchmehh[Whitegate]: Job Points Do you need it? 5/6 Healing Magic meat Shield Can I have it?
[07:05:49] Kimfaeonic[PortBastok]: Aeonic/ioniッkuuェpon 3zone Clear Mind Do you need it? Buy? 50M /tell 2/4
[07:05:57] Cooldogr[NSandOria]: Odysseyt1t2t3Arebati Kalunga Xevioso Ngai Mboze Ongo Bumba V0 Clear Mind Buy?
[07:05:57] Paozhong[LowJeuno]: Ou  Earring waist Do you need it? /tell go in 3min 
[07:05:59] Aoora[PortBastok]: Ambuscade V.1 VD Do you need it? 3m/run Buy?
[07:06:01] Fczjse[PSandOria]: OmenFU Shulmanu Collar Niqmaddu Ring Middleboss Buy? tell
[07:06:05] Wukonk[Whitegate]: Tinnin Sarameya Tyger win Item all 3 Do you need it? /tell Thank you.
[07:06:22] Shmilywowo[BastokMark]: Escha - Zi'Tah Escha - Ru'Aun Reisenjima T1T2T3 ALL Item ABJ Telos Earring Reiki Yotai Do you need it? /tell Buy? 
[07:06:28] Cooldogr[NSandOria]: Odysseyt1t2t3Arebati Kalunga Xevioso Ngai Mboze Ongo Bumba V0 Clear Mind Buy?
[07:06:30] Masxiaosan[LowJeuno]: Telos Earring Reiki Yotai Do you need it? /tell Buy?  
[07:06:33] Paozhong[LowJeuno]: Ou  Earring waist Do you need it? /tell go in 2min 
[07:06:36] Blkuyfvd[BastokMine]: Sell abyssea empy Weapon Shop Item LV80 85 90 Do you need it? /tell
[07:06:40] Fczjse[PSandOria]: OmenFU Shulmanu Collar Niqmaddu Ring Middleboss Buy? tell
[07:06:45] Zatazma[PortBastok]: ZNM T4 Sarameya Tinnin Tyger Item win Do you need it? Buy? /tell
[07:06:47] Odyeesnm[BastokMine]: Odyssey T4 Bumba T3 Ngai Mboze Xevioso Ongo Arebati Kalunag Clear Mind v0v1 Odyssey C SEG Buy?
[07:06:59] Cooldogr[NSandOria]: Odysseyt1t2t3Arebati Kalunga Xevioso Ngai Mboze Ongo Bumba V0 Clear Mind Buy?
[07:07:05] Aoora[PortBastok]: Ambuscade V.1 VD Do you need it? 3m/run Buy?
[07:07:08] Elemis[Whitegate]: ---  Nyzul Isle token --- Do you need it?  PST - 2/3 
[07:07:17] Jocror[BastokMark]: Tinnin Sarameya Tyger win Item all 3 Do you need it? Buy? /tell Thank you.
[07:07:18] Kimfaeonic[PortBastok]: Aeonic/ioniッkuuェpon 3zone Clear Mind Do you need it? Buy? 50M /tell 2/4
[07:07:21] Fczjse[PSandOria]: OmenFU Shulmanu Collar Niqmaddu Ring Middleboss Buy? tell
[07:07:21] Paozhong[LowJeuno]: Ou  Earring waist Do you need it? /tell go in 2min 
[07:07:24] Shmilywowo[BastokMark]: Escha - Zi'Tah Escha - Ru'Aun Reisenjima T1T2T3 ALL Item ABJ Telos Earring Reiki Yotai Do you need it? /tell Buy? 
[07:07:30] Cooldogr[NSandOria]: Odysseyt1t2t3Arebati Kalunga Xevioso Ngai Mboze Ongo Bumba V0 Clear Mind Buy?
[07:07:32] Masxiaosan[LowJeuno]: Telos Earring Reiki Yotai Do you need it? /tell Buy?  
[07:07:47] Zatazma[PortBastok]: ZNM T4 Sarameya Tinnin Tyger Item win Do you need it? Buy? /tell
[07:08:01] Fczjse[PSandOria]: OmenFU Shulmanu Collar Niqmaddu Ring Middleboss Buy? tell
[07:08:01] Cooldogr[NSandOria]: Odysseyt1t2t3Arebati Kalunga Xevioso Ngai Mboze Ongo Bumba V0 Clear Mind Buy?
[07:08:10] Aoora[PortBastok]: Ambuscade V.1 VD Do you need it? 3m/run Buy?
[07:08:14] Dortwo[EastAdoulin]: Vagary clear Can I have it? /tell price
[07:08:15] Wukonk[Whitegate]: Tinnin Sarameya Tyger win Item all 3 Do you need it? /tell Thank you.
[07:08:15] Paozhong[LowJeuno]: Ou waist Do you need it? /tell go in 1min 
[07:08:26] Shmilywowo[BastokMark]: Escha - Zi'Tah Escha - Ru'Aun Reisenjima T1T2T3 ALL Item ABJ Telos Earring Reiki Yotai Do you need it? /tell Buy? 
[07:08:32] Cooldogr[NSandOria]: Odysseyt1t2t3Arebati Kalunga Xevioso Ngai Mboze Ongo Bumba V0 Clear Mind Buy?
[07:08:35] Masxiaosan[LowJeuno]: Telos Earring Reiki Yotai Do you need it? /tell Buy?  
[07:08:36] Blkuyfvd[BastokMine]: Sell abyssea empy Weapon Shop Item LV80 85 90 Do you need it? /tell
[07:08:40] Fczjse[PSandOria]: OmenFU Shulmanu Collar Niqmaddu Ring Middleboss Buy? tell
[07:08:47] Paozhong[LowJeuno]: Ou waist Do you need it? /tell go in 1min 
[07:08:48] Kimfaeonic[PortBastok]: Aeonic/ioniッkuuェpon 3zone Clear Mind Do you need it? Buy? 50M /tell 2/4
[07:08:49] Odyeesnm[BastokMine]: Odyssey T4 Bumba T3 Ngai Mboze Xevioso Ongo Arebati Kalunag Clear Mind v0v1 Odyssey C SEG Buy?
[07:08:50] Zatazma[PortBastok]: ZNM T4 Sarameya Tinnin Tyger Item win Do you need it? Buy? /tell
[07:09:03] Cooldogr[NSandOria]: Odysseyt1t2t3Arebati Kalunga Xevioso Ngai Mboze Ongo Bumba V0 Clear Mind Buy?
[07:09:17] Aoora[PortBastok]: Ambuscade V.1 VD Do you need it? 3m/run Buy?
[07:09:17] Jocror[BastokMark]: Tinnin Sarameya Tyger win Item all 3 Do you need it? Buy? /tell Thank you.
[07:09:20] Fczjse[PSandOria]: OmenFU Shulmanu Collar Niqmaddu Ring Middleboss Buy? tell
[07:09:29] Shmilywowo[BastokMark]: Escha - Zi'Tah Escha - Ru'Aun Reisenjima T1T2T3 ALL Item ABJ Telos Earring Reiki Yotai Do you need it? /tell Buy? 
[07:09:34] Cooldogr[NSandOria]: Odysseyt1t2t3Arebati Kalunga Xevioso Ngai Mboze Ongo Bumba V0 Clear Mind Buy?
[07:09:36] Masxiaosan[LowJeuno]: Telos Earring Reiki Yotai Do you need it? /tell Buy?  
[07:09:52] Zatazma[PortBastok]: ZNM T4 Sarameya Tinnin Tyger Item win Do you need it? Buy? /tell
[07:10:00] Fczjse[PSandOria]: OmenFU Shulmanu Collar Niqmaddu Ring Middleboss Buy? tell
[07:10:06] Cooldogr[NSandOria]: Odysseyt1t2t3Arebati Kalunga Xevioso Ngai Mboze Ongo Bumba V0 Clear Mind Buy?
[07:10:18] Kimfaeonic[PortBastok]: Aeonic/ioniッkuuェpon 3zone Clear Mind Do you need it? Buy? 50M /tell 2/4
[07:10:23] Aoora[PortBastok]: Ambuscade V.1 VD Do you need it? 3m/run Buy?
[07:10:25] Wukonk[Whitegate]: Tinnin Sarameya Tyger win Item all 3 Do you need it? /tell Thank you.
[07:10:36] Blkuyfvd[BastokMine]: Sell abyssea empy Weapon Shop Item LV80 85 90 Do you need it? /tell
[07:10:36] Cooldogr[NSandOria]: Odysseyt1t2t3Arebati Kalunga Xevioso Ngai Mboze Ongo Bumba V0 Clear Mind Buy?
[07:10:41] Fczjse[PSandOria]: OmenFU Shulmanu Collar Niqmaddu Ring Middleboss Buy? tell
[07:10:50] Odyeesnm[BastokMine]: Odyssey T4 Bumba T3 Ngai Mboze Xevioso Ongo Arebati Kalunag Clear Mind v0v1 Odyssey C SEG Buy?
[07:10:54] Zatazma[PortBastok]: ZNM T4 Sarameya Tinnin Tyger Item win Do you need it? Buy? /tell
[07:11:02] Niis synthesized 6 pieces of ebony lumber.
[07:11:07] Cooldogr[NSandOria]: Odysseyt1t2t3Arebati Kalunga Xevioso Ngai Mboze Ongo Bumba V0 Clear Mind Buy?
[07:11:17] Jocror[BastokMark]: Tinnin Sarameya Tyger win Item all 3 Do you need it? Buy? /tell Thank you.
[07:11:21] Fczjse[PSandOria]: OmenFU Shulmanu Collar Niqmaddu Ring Middleboss Buy? tell
[07:11:24] Niis synthesized 6 pieces of ebony lumber.
[07:11:29] Aoora[PortBastok]: Ambuscade V.1 VD Do you need it? 3m/run Buy?
[07:11:38] Cooldogr[NSandOria]: Odysseyt1t2t3Arebati Kalunga Xevioso Ngai Mboze Ongo Bumba V0 Clear Mind Buy?
[07:11:49] Kimfaeonic[PortBastok]: Aeonic/ioniッkuuェpon 3zone Clear Mind Do you need it? Buy? 50M /tell 2/4
[07:11:56] Zatazma[PortBastok]: ZNM T4 Sarameya Tinnin Tyger Item win Do you need it? Buy? /tell
[07:12:01] Fczjse[PSandOria]: OmenFU Shulmanu Collar Niqmaddu Ring Middleboss Buy? tell
[07:12:04] Niis synthesized 6 pieces of ebony lumber.
[07:12:09] Cooldogr[NSandOria]: Odysseyt1t2t3Arebati Kalunga Xevioso Ngai Mboze Ongo Bumba V0 Clear Mind Buy?
[07:12:30] Niis synthesized 3 pieces of ebony lumber.
[07:12:34] Wukonk[Whitegate]: Tinnin Sarameya Tyger win Item all 3 Do you need it? /tell Thank you.
[07:12:34] Aoora[PortBastok]: Ambuscade V.1 VD Do you need it? 3m/run Buy?
[07:12:36] Blkuyfvd[BastokMine]: Sell abyssea empy Weapon Shop Item LV80 85 90 Do you need it? /tell
[07:12:41] Cooldogr[NSandOria]: Odysseyt1t2t3Arebati Kalunga Xevioso Ngai Mboze Ongo Bumba V0 Clear Mind Buy?
[07:12:41] Fczjse[PSandOria]: OmenFU Shulmanu Collar Niqmaddu Ring Middleboss Buy? tell
[07:12:51] Touchmehh[Whitegate]: Job Points Do you need it? 5/6 Healing Magic Yes, please.
[07:12:52] Odyeesnm[BastokMine]: Odyssey T4 Bumba T3 Ngai Mboze Xevioso Ongo Arebati Kalunag Clear Mind v0v1 Odyssey C SEG Buy?
[07:12:59] Zatazma[PortBastok]: ZNM T4 Sarameya Tinnin Tyger Item win Do you need it? Buy? /tell
[07:13:11] Cooldogr[NSandOria]: Odysseyt1t2t3Arebati Kalunga Xevioso Ngai Mboze Ongo Bumba V0 Clear Mind Buy?
[07:13:17] Jocror[BastokMark]: Tinnin Sarameya Tyger win Item all 3 Do you need it? Buy? /tell Thank you.
[07:13:19] Kimfaeonic[PortBastok]: Aeonic/ioniッkuuェpon 3zone Clear Mind Do you need it? Buy? 50M /tell 2/4
[07:13:20] Fczjse[PSandOria]: OmenFU Shulmanu Collar Niqmaddu Ring Middleboss Buy? tell
[07:13:41] Aoora[PortBastok]: Ambuscade V.1 VD Do you need it? 3m/run Buy?
[07:13:42] Cooldogr[NSandOria]: Odysseyt1t2t3Arebati Kalunga Xevioso Ngai Mboze Ongo Bumba V0 Clear Mind Buy?
[07:13:55] Niis synthesized 9 pieces of ebony lumber.
[07:14:01] Fczjse[PSandOria]: OmenFU Shulmanu Collar Niqmaddu Ring Middleboss Buy? tell
[07:14:01] Zatazma[PortBastok]: ZNM T4 Sarameya Tinnin Tyger Item win Do you need it? Buy? /tell
[07:14:13] Cooldogr[NSandOria]: Odysseyt1t2t3Arebati Kalunga Xevioso Ngai Mboze Ongo Bumba V0 Clear Mind Buy?
[07:14:36] Blkuyfvd[BastokMine]: Sell abyssea empy Weapon Shop Item LV80 85 90 Do you need it? /tell
[07:14:41] Fczjse[PSandOria]: OmenFU Shulmanu Collar Niqmaddu Ring Middleboss Buy? tell
[07:14:44] Cooldogr[NSandOria]: Odysseyt1t2t3Arebati Kalunga Xevioso Ngai Mboze Ongo Bumba V0 Clear Mind Buy?
[07:14:45] Wukonk[Whitegate]: Tinnin Sarameya Tyger win Item all 3 Do you need it? /tell Thank you.
[07:14:47] Aoora[PortBastok]: Ambuscade V.1 VD Do you need it? 3m/run Buy?
[07:14:48] Kimfaeonic[PortBastok]: Aeonic/ioniッkuuェpon 3zone Clear Mind Do you need it? Buy? 50M /tell 2/4
[07:14:53] Odyeesnm[BastokMine]: Odyssey T4 Bumba T3 Ngai Mboze Xevioso Ongo Arebati Kalunag Clear Mind v0v1 Odyssey C SEG Buy?
[07:15:03] Zatazma[PortBastok]: ZNM T4 Sarameya Tinnin Tyger Item win Do you need it? Buy? /tell
[07:15:15] Cooldogr[NSandOria]: Odysseyt1t2t3Arebati Kalunga Xevioso Ngai Mboze Ongo Bumba V0 Clear Mind Buy?
[07:15:17] Jocror[BastokMark]: Tinnin Sarameya Tyger win Item all 3 Do you need it? Buy? /tell Thank you.
[07:15:21] Fczjse[PSandOria]: OmenFU Shulmanu Collar Niqmaddu Ring Middleboss Buy? tell
[07:15:46] Cooldogr[NSandOria]: Odysseyt1t2t3Arebati Kalunga Xevioso Ngai Mboze Ongo Bumba V0 Clear Mind Buy?
[07:15:53] Aoora[PortBastok]: Ambuscade V.1 VD Do you need it? 3m/run Buy?
[07:16:01] Fczjse[PSandOria]: OmenFU Shulmanu Collar Niqmaddu Ring Middleboss Buy? tell
[07:16:05] Zatazma[PortBastok]: ZNM T4 Sarameya Tinnin Tyger Item win Do you need it? Buy? /tell
[07:16:18] Cooldogr[NSandOria]: Odysseyt1t2t3Arebati Kalunga Xevioso Ngai Mboze Ongo Bumba V0 Clear Mind Buy?
[07:16:19] Kimfaeonic[PortBastok]: Aeonic/ioniッkuuェpon 3zone Clear Mind Do you need it? Buy? 50M /tell 2/4
[07:16:36] Blkuyfvd[BastokMine]: Sell abyssea empy Weapon Shop Item LV80 85 90 Do you need it? /tell
[07:16:41] Fczjse[PSandOria]: OmenFU Shulmanu Collar Niqmaddu Ring Middleboss Buy? tell
[07:16:49] Cooldogr[NSandOria]: Odysseyt1t2t3Arebati Kalunga Xevioso Ngai Mboze Ongo Bumba V0 Clear Mind Buy?
[07:16:54] Wukonk[Whitegate]: Tinnin Sarameya Tyger win Item all 3 Do you need it? /tell Thank you.
[07:16:55] Odyeesnm[BastokMine]: Odyssey T4 Bumba T3 Ngai Mboze Xevioso Ongo Arebati Kalunag Clear Mind v0v1 Odyssey C SEG Buy?
[07:16:58] Aoora[PortBastok]: Ambuscade V.1 VD Do you need it? 3m/run Buy?
[07:17:08] Zatazma[PortBastok]: ZNM T4 Sarameya Tinnin Tyger Item win Do you need it? Buy? /tell
[07:17:17] Jocror[BastokMark]: Tinnin Sarameya Tyger win Item all 3 Do you need it? Buy? /tell Thank you.
[07:17:20] Cooldogr[NSandOria]: Odysseyt1t2t3Arebati Kalunga Xevioso Ngai Mboze Ongo Bumba V0 Clear Mind Buy?
[07:17:21] Fczjse[PSandOria]: OmenFU Shulmanu Collar Niqmaddu Ring Middleboss Buy? tell
[07:17:49] Kimfaeonic[PortBastok]: Aeonic/ioniッkuuェpon 3zone Clear Mind Do you need it? Buy? 50M /tell 2/4
[07:17:50] Cooldogr[NSandOria]: Odysseyt1t2t3Arebati Kalunga Xevioso Ngai Mboze Ongo Bumba V0 Clear Mind Buy?
[07:18:00] Fczjse[PSandOria]: OmenFU Shulmanu Collar Niqmaddu Ring Middleboss Buy? tell
[07:18:05] Aoora[PortBastok]: Ambuscade V.1 VD Do you need it? 3m/run Buy?
[07:18:10] Zatazma[PortBastok]: ZNM T4 Sarameya Tinnin Tyger Item win Do you need it? Buy? /tell
[07:18:22] Cooldogr[NSandOria]: Odysseyt1t2t3Arebati Kalunga Xevioso Ngai Mboze Ongo Bumba V0 Clear Mind Buy?
[07:18:36] Blkuyfvd[BastokMine]: Sell abyssea empy Weapon Shop Item LV80 85 90 Do you need it? /tell
[07:18:40] Fczjse[PSandOria]: OmenFU Shulmanu Collar Niqmaddu Ring Middleboss Buy? tell
[07:18:53] Cooldogr[NSandOria]: Odysseyt1t2t3Arebati Kalunga Xevioso Ngai Mboze Ongo Bumba V0 Clear Mind Buy?
[07:18:56] Odyeesnm[BastokMine]: Odyssey T4 Bumba T3 Ngai Mboze Xevioso Ongo Arebati Kalunag Clear Mind v0v1 Odyssey C SEG Buy?
[07:19:05] Wukonk[Whitegate]: Tinnin Sarameya Tyger win Item all 3 Do you need it? /tell Thank you.
[07:19:11] Aoora[PortBastok]: Ambuscade V.1 VD Do you need it? 3m/run Buy?
[07:19:12] Zatazma[PortBastok]: ZNM T4 Sarameya Tinnin Tyger Item win Do you need it? Buy? /tell
[07:19:17] Jocror[BastokMark]: Tinnin Sarameya Tyger win Item all 3 Do you need it? Buy? /tell Thank you.
[07:19:18] Kimfaeonic[PortBastok]: Aeonic/ioniッkuuェpon 3zone Clear Mind Do you need it? Buy? 50M /tell 2/4
[07:19:21] Fczjse[PSandOria]: OmenFU Shulmanu Collar Niqmaddu Ring Middleboss Buy? tell
[07:19:24] Cooldogr[NSandOria]: Odysseyt1t2t3Arebati Kalunga Xevioso Ngai Mboze Ongo Bumba V0 Clear Mind Buy?
[07:19:55] Cooldogr[NSandOria]: Odysseyt1t2t3Arebati Kalunga Xevioso Ngai Mboze Ongo Bumba V0 Clear Mind Buy?
[07:20:01] Fczjse[PSandOria]: OmenFU Shulmanu Collar Niqmaddu Ring Middleboss Buy? tell
[07:20:14] Zatazma[PortBastok]: ZNM T4 Sarameya Tinnin Tyger Item win Do you need it? Buy? /tell
[07:20:16] Aoora[PortBastok]: Ambuscade V.1 VD Do you need it? 3m/run Buy?
[07:20:26] Cooldogr[NSandOria]: Odysseyt1t2t3Arebati Kalunga Xevioso Ngai Mboze Ongo Bumba V0 Clear Mind Buy?
[07:20:36] Blkuyfvd[BastokMine]: Sell abyssea empy Weapon Shop Item LV80 85 90 Do you need it? /tell
[07:20:41] Fczjse[PSandOria]: OmenFU Shulmanu Collar Niqmaddu Ring Middleboss Buy? tell
[07:20:49] Kimfaeonic[PortBastok]: Aeonic/ioniッkuuェpon 3zone Clear Mind Do you need it? Buy? 50M /tell 2/4
[07:20:57] Cooldogr[NSandOria]: Odysseyt1t2t3Arebati Kalunga Xevioso Ngai Mboze Ongo Bumba V0 Clear Mind Buy?
[07:20:57] Odyeesnm[BastokMine]: Odyssey T4 Bumba T3 Ngai Mboze Xevioso Ongo Arebati Kalunag Clear Mind v0v1 Odyssey C SEG Buy?
[07:21:15] Wukonk[Whitegate]: Tinnin Sarameya Tyger win Item all 3 Do you need it? /tell Thank you.
[07:21:17] Zatazma[PortBastok]: ZNM T4 Sarameya Tinnin Tyger Item win Do you need it? Buy? /tell
[07:21:17] Jocror[BastokMark]: Tinnin Sarameya Tyger win Item all 3 Do you need it? Buy? /tell Thank you.
[07:21:21] Fczjse[PSandOria]: OmenFU Shulmanu Collar Niqmaddu Ring Middleboss Buy? tell
[07:21:23] Aoora[PortBastok]: Ambuscade V.1 VD Do you need it? 3m/run Buy?
[07:21:27] Cooldogr[NSandOria]: Odysseyt1t2t3Arebati Kalunga Xevioso Ngai Mboze Ongo Bumba V0 Clear Mind Buy?
[07:21:58] Cooldogr[NSandOria]: Odysseyt1t2t3Arebati Kalunga Xevioso Ngai Mboze Ongo Bumba V0 Clear Mind Buy?
[07:22:01] Fczjse[PSandOria]: OmenFU Shulmanu Collar Niqmaddu Ring Middleboss Buy? tell
[07:22:16] Babbbw[BastokMine]: Odyssey T1-T2 V15*T3 Kalunga V15*T4 Bumba V15 Win Sheol.C-Seg Do you need it? Buy? /tell
[07:22:18] Kimfaeonic[PortBastok]: Aeonic/ioniッkuuェpon 3zone Clear Mind Do you need it? Buy? 50M /tell 2/4
[07:22:19] Zatazma[PortBastok]: ZNM T4 Sarameya Tinnin Tyger Item win Do you need it? Buy? /tell
[07:22:25] Bloodcross[PortJeuno]: mars orb 2.5m Can I have it? Sell?
[07:22:28] Aoora[PortBastok]: Ambuscade V.1 VD Do you need it? 3m/run Buy?
[07:22:29] Cooldogr[NSandOria]: Odysseyt1t2t3Arebati Kalunga Xevioso Ngai Mboze Ongo Bumba V0 Clear Mind Buy?
[07:22:36] Blkuyfvd[BastokMine]: Sell abyssea empy Weapon Shop Item LV80 85 90 Do you need it? /tell
[07:22:41] Fczjse[PSandOria]: OmenFU Shulmanu Collar Niqmaddu Ring Middleboss Buy? tell
[07:22:45] Gjnwjmi[WestAdoulin]: Saffron Blossom Do you have it? Sell? /tell
[07:22:47] Nakitaru[LowJeuno]: Vagary Clear Mind Sell?
[07:22:59] Odyeesnm[BastokMine]: Odyssey T4 Bumba T3 Ngai Mboze Xevioso Ongo Arebati Kalunag Clear Mind v0v1 Odyssey C SEG Buy?
[07:23:01] Cooldogr[NSandOria]: Odysseyt1t2t3Arebati Kalunga Xevioso Ngai Mboze Ongo Bumba V0 Clear Mind Buy?
[07:23:07] Butterchicken[Rabao]: Anyone doing Omen Kyou Clear Mind?
[07:23:17] Jocror[BastokMark]: Tinnin Sarameya Tyger win Item all 3 Do you need it? Buy? /tell Thank you.
[07:23:20] Fczjse[PSandOria]: OmenFU Shulmanu Collar Niqmaddu Ring Middleboss Buy? tell
[07:23:21] Zatazma[PortBastok]: ZNM T4 Sarameya Tinnin Tyger Item win Do you need it? Buy? /tell
[07:23:25] Wukonk[Whitegate]: Tinnin Sarameya Tyger win Item all 3 Do you need it? /tell Thank you.
[07:23:26] Babbbw[BastokMine]: Odyssey T1-T2 V15*T3 Kalunga V15*T4 Bumba V15 Win Sheol.C-Seg Do you need it? Buy? /tell
[07:23:26] Gjnwjmi[WestAdoulin]: Saffron Blossom Do you have it? Sell? /tell
[07:23:31] Cooldogr[NSandOria]: Odysseyt1t2t3Arebati Kalunga Xevioso Ngai Mboze Ongo Bumba V0 Clear Mind Buy?
[07:23:35] Aoora[PortBastok]: Ambuscade V.1 VD Do you need it? 3m/run Buy?
[07:23:48] Kimfaeonic[PortBastok]: Aeonic/ioniッkuuェpon 3zone Clear Mind Do you need it? Buy? 50M /tell 2/4
[07:23:56] Espadaa[PortJeuno]: Beitetsu4.2k/each H-P Bayld 3.5k/each Do you need it? (E-6)
[07:24:01] Fczjse[PSandOria]: OmenFU Shulmanu Collar Niqmaddu Ring Middleboss Buy? tell
[07:24:03] Cooldogr[NSandOria]: Odysseyt1t2t3Arebati Kalunga Xevioso Ngai Mboze Ongo Bumba V0 Clear Mind Buy?
[07:24:15] Gjnwjmi[WestAdoulin]: Saffron Blossom Do you have it? Sell? /tell
[07:24:24] Zatazma[PortBastok]: ZNM T4 Sarameya Tinnin Tyger Item win Do you need it? Buy? /tell
[07:24:33] Cooldogr[NSandOria]: Odysseyt1t2t3Arebati Kalunga Xevioso Ngai Mboze Ongo Bumba V0 Clear Mind Buy?
[07:24:36] Babbbw[BastokMine]: Odyssey T1-T2 V15*T3 Kalunga V15*T4 Bumba V15 Win Sheol.C-Seg Do you need it? Buy? /tell
[07:24:36] Blkuyfvd[BastokMine]: Sell abyssea empy Weapon Shop Item LV80 85 90 Do you need it? /tell
[07:24:41] Fczjse[PSandOria]: OmenFU Shulmanu Collar Niqmaddu Ring Middleboss Buy? tell
[07:24:41] Aoora[PortBastok]: Ambuscade V.1 VD Do you need it? 3m/run Buy?
[07:24:47] Gjnwjmi[WestAdoulin]: Saffron Blossom Do you have it? Sell? /tell
[07:25:00] Odyeesnm[BastokMine]: Odyssey T4 Bumba T3 Ngai Mboze Xevioso Ongo Arebati Kalunag Clear Mind v0v1 Odyssey C SEG Buy?
[07:25:05] Cooldogr[NSandOria]: Odysseyt1t2t3Arebati Kalunga Xevioso Ngai Mboze Ongo Bumba V0 Clear Mind Buy?
[07:25:06] Nakitaru[RuLudeGard]: Vagary Clear Mind Sell?
[07:25:17] Jocror[BastokMark]: Tinnin Sarameya Tyger win Item all 3 Do you need it? Buy? /tell Thank you.
[07:25:19] Kimfaeonic[PortBastok]: Aeonic/ioniッkuuェpon 3zone Clear Mind Do you need it? Buy? 50M /tell 3/4
[07:25:21] Fczjse[PSandOria]: OmenFU Shulmanu Collar Niqmaddu Ring Middleboss Buy? tell
[07:25:25] Chookis[PortJeuno]: devious die 15000 liminal resdiue 6000 Bazaar (F-8)
[07:25:26] Zatazma[PortBastok]: ZNM T4 Sarameya Tinnin Tyger Item win Do you need it? Buy? /tell
[07:25:35] Wukonk[Whitegate]: Tinnin Sarameya Tyger win Item all 3 Do you need it? /tell Thank you.
[07:25:36] Cooldogr[NSandOria]: Odysseyt1t2t3Arebati Kalunga Xevioso Ngai Mboze Ongo Bumba V0 Clear Mind Buy?
[07:25:46] Babbbw[BastokMine]: Odyssey T1-T2 V15*T3 Kalunga V15*T4 Bumba V15 Win Sheol.C-Seg Do you need it? Buy? /tell
[07:25:47] Aoora[PortBastok]: Ambuscade V.1 VD Do you need it? 3m/run Buy?
[07:26:00] Gjnwjmi[WestAdoulin]: Saffron Blossom Do you have it? Sell? /tell
[07:26:01] Fczjse[PSandOria]: OmenFU Shulmanu Collar Niqmaddu Ring Middleboss Buy? tell
[07:26:07] Cooldogr[NSandOria]: Odysseyt1t2t3Arebati Kalunga Xevioso Ngai Mboze Ongo Bumba V0 Clear Mind Buy?
[07:26:28] Zatazma[PortBastok]: ZNM T4 Sarameya Tinnin Tyger Item win Do you need it? Buy? /tell
[07:26:32] Hagreat[EastAdoulin]: Sell Abyssea Empyrean Weapon  Item Do you need it?  tell  
[07:26:36] Blkuyfvd[BastokMine]: Sell abyssea empy Weapon Shop Item LV80 85 90 Do you need it? /tell
[07:26:37] Cooldogr[NSandOria]: Odysseyt1t2t3Arebati Kalunga Xevioso Ngai Mboze Ongo Bumba V0 Clear Mind Buy?
[07:26:41] Fczjse[PSandOria]: OmenFU Shulmanu Collar Niqmaddu Ring Middleboss Buy? tell
[07:26:49] Kimfaeonic[PortBastok]: Aeonic/ioniッkuuェpon 3zone Clear Mind Do you need it? Buy? 50M /tell 3/4
[07:26:52] Aoora[PortBastok]: Ambuscade V.1 VD Do you need it? 3m/run Buy?
[07:26:56] Babbbw[BastokMine]: Odyssey T1-T2 V15*T3 Kalunga V15*T4 Bumba V15 Win Sheol.C-Seg Do you need it? Buy? /tell
[07:27:02] Odyeesnm[BastokMine]: Odyssey T4 Bumba T3 Ngai Mboze Xevioso Ongo Arebati Kalunag Clear Mind v0v1 Odyssey C SEG Buy?
[07:27:08] Cooldogr[NSandOria]: Odysseyt1t2t3Arebati Kalunga Xevioso Ngai Mboze Ongo Bumba V0 Clear Mind Buy?
[07:27:15] Gjnwjmi[WestAdoulin]: Saffron Blossom Do you have it? Sell? /tell
[07:27:17] Jocror[BastokMark]: Tinnin Sarameya Tyger win Item all 3 Do you need it? Buy? /tell Thank you.
[07:27:20] Fczjse[PSandOria]: OmenFU Shulmanu Collar Niqmaddu Ring Middleboss Buy? tell
[07:27:21] Espadaa[PortJeuno]: Beitetsu4.2k/each  Do you need it? (E-6)
[07:27:30] Zatazma[PortBastok]: ZNM T4 Sarameya Tinnin Tyger Item win Do you need it? Buy? /tell
[07:27:37] Hagreat[EastAdoulin]: Sell Abyssea Empyrean Weapon  Item Do you need it?  tell  
[07:27:40] Cooldogr[NSandOria]: Odysseyt1t2t3Arebati Kalunga Xevioso Ngai Mboze Ongo Bumba V0 Clear Mind Buy?
[07:27:45] Wukonk[Whitegate]: Tinnin Sarameya Tyger win Item all 3 Do you need it? /tell Thank you.
[07:27:58] Aoora[PortBastok]: Ambuscade V.1 VD Do you need it? 3m/run Buy?
[07:28:01] Fczjse[PSandOria]: OmenFU Shulmanu Collar Niqmaddu Ring Middleboss Buy? tell
[07:28:06] Babbbw[BastokMine]: Odyssey T1-T2 V15*T3 Kalunga V15*T4 Bumba V15 Win Sheol.C-Seg Do you need it? Buy? /tell
[07:28:10] Cooldogr[NSandOria]: Odysseyt1t2t3Arebati Kalunga Xevioso Ngai Mboze Ongo Bumba V0 Clear Mind Buy?
[07:28:18] Kimfaeonic[PortBastok]: Aeonic/ioniッkuuェpon 3zone Clear Mind Do you need it? Buy? 50M /tell 3/4
[07:28:33] Zatazma[PortBastok]: ZNM T4 Sarameya Tinnin Tyger Item win Do you need it? Buy? /tell
[07:28:36] Blkuyfvd[BastokMine]: Sell abyssea empy Weapon Shop Item LV80 85 90 Do you need it? /tell
[07:28:41] Fczjse[PSandOria]: OmenFU Shulmanu Collar Niqmaddu Ring Middleboss Buy? tell
[07:28:42] Cooldogr[NSandOria]: Odysseyt1t2t3Arebati Kalunga Xevioso Ngai Mboze Ongo Bumba V0 Clear Mind Buy?
[07:29:03] Odyeesnm[BastokMine]: Odyssey T4 Bumba T3 Ngai Mboze Xevioso Ongo Arebati Kalunag Clear Mind v0v1 Odyssey C SEG Buy?
[07:29:05] Aoora[PortBastok]: Ambuscade V.1 VD Do you need it? 3m/run Buy?
[07:29:13] Cooldogr[NSandOria]: Odysseyt1t2t3Arebati Kalunga Xevioso Ngai Mboze Ongo Bumba V0 Clear Mind Buy?
[07:29:15] Hagreat[EastAdoulin]: Sell Abyssea Empyrean Weapon  Item Do you need it?  tell  
[07:29:16] Babbbw[BastokMine]: Odyssey T1-T2 V15*T3 Kalunga V15*T4 Bumba V15 Win Sheol.C-Seg Do you need it? Buy? /tell
[07:29:17] Jocror[BastokMark]: Tinnin Sarameya Tyger win Item all 3 Do you need it? Buy? /tell Thank you.
[07:29:21] Fczjse[PSandOria]: OmenFU Shulmanu Collar Niqmaddu Ring Middleboss Buy? tell
[07:29:34] Executing logout in 30 seconds.
[07:29:34] Cancel healing to remain logged in.
[07:29:35] Zatazma[PortBastok]: ZNM T4 Sarameya Tinnin Tyger Item win Do you need it? Buy? /tell
[07:29:38] Executing logout in 25 seconds.
[07:29:38] Cancel healing to remain logged in.
[07:29:43] Cooldogr[NSandOria]: Odysseyt1t2t3Arebati Kalunga Xevioso Ngai Mboze Ongo Bumba V0 Clear Mind Buy?
[07:29:44] Executing logout in 20 seconds.
[07:29:44] Cancel healing to remain logged in.
[07:29:46] Hagreat[EastAdoulin]: Sell Abyssea Empyrean Weapon  Item Do you need it?  tell  
[07:29:48] Executing logout in 15 seconds.
[07:29:48] Cancel healing to remain logged in.
[07:29:48] Kimfaeonic[PortBastok]: Aeonic/ioniッkuuェpon 3zone Clear Mind Do you need it? Buy? 50M /tell 3/4
[07:29:53] Executing logout in 10 seconds.
[07:29:53] Cancel healing to remain logged in.
[07:29:55] Wukonk[Whitegate]: Tinnin Sarameya Tyger win Item all 3 Do you need it? /tell Thank you.
[07:29:58] Executing logout in 5 seconds.
[07:29:58] Cancel healing to remain logged in.
[07:30:01] Fczjse[PSandOria]: OmenFU Shulmanu Collar Niqmaddu Ring Middleboss Buy? tell
[15:01:37] === Area: Port San d'Oria ===
[15:01:37] *****DP Job Selection:WHM*****
[15:01:37] Mode: Magic.
[15:01:37]  White = Can not cast.
[15:01:37]  Green = Casting Range
[15:01:37] React: Loading File: react_WHM.lua
[15:01:39] Size already 20.
[15:01:39] ConsoleBG: Position changed! X: 15 Y: 50
[15:01:42] Dotoan[PortBastok]: Omen Kin Utu Ring Scale Do you need it? Buy? /tell
[15:01:44] <<< Welcome to Asura! >>>
[15:01:44] Announcing the winning numbers for the 20th Vana'versary Nomad Mog Bonanza!
[15:01:44] 
[15:01:44]  
[15:01:44] 
[15:01:44] Rank 3 prize: "7" (last digit)-- 20,471 winners.
[15:01:44] 
[15:01:44] Rank 2 prize: "04" (last two digits)-- 2,010 winners.
[15:01:44] 
[15:01:44] Rank 1 prize: "854" (all three digits)-- 185 winners.
[15:01:44] 
[15:01:44] *The number of winners for each prize is a combined total from all worlds.
[15:01:44] 
[15:01:44]  
[15:01:44] 
[15:01:44] Collection period: On July 14, 2022 at 1:00 (PDT) / 8:00 (GMT) to July 31, at 7:59 (PDT) / 14:59 (GMT)
[15:01:44] 
[15:01:44] Details on the prize can be confirmed by speaking to a Bonanza Moogle at one of the following locations:
[15:01:44] 
[15:01:44] Port San d'Oria (I-9) / Port Bastok (L-8) / Port Windurst (F-6) / Chocobo Circuit (H-8)
[15:01:45] This area is currently affected by the Super Kupower: ｲThrifty Transitｳ!
[15:01:45] This area is currently affected by the Super Kupower: ｲArtisan's Advantageｳ!
[15:01:45] This area is currently affected by the Super Kupower: ｲSwift Shoesｳ!
[15:01:45] You have undertaken the limited-time Records of Eminence challenge ｲVanquish Plantoids.ｳ
[15:01:45] The maximum number of people are already participating in Unity chat. Please try again later.
[15:01:45] The July 2022 Login Campaign is currently underway!
[15:01:45] 
[15:01:45] In celebration of your most recent login (login no. 20), we have provided you with 100 points!
[15:01:45] You currently have a total of 3900 points.
[15:01:45] We hope you enjoy this complimentary little gift, courtesy of the citizens of Vana'diel!
[15:01:45] Obtained: Special gobbiedial key.
[15:02:12] Serpentdragon[RuLudeGard]: Master Level Party Crawlers' Nest [S] Do you need it? PLD,RUN,BRD, Can I have it? /tell 4/6 Aeolian Edge Party
Habitox : Oho, ya feelin' lucky 'nough tah takes a stab at da myst'ry box?
[15:02:23] Habitox : Oho, ya feelin' lucky 'nough tah takes a stab at da myst'ry box?
[15:02:23] Habitox : Oho, ya feelin' lucky 'nough tah takes a stab at da myst'ry box?
[15:02:27] Hanter[Whitegate]: ZNM T4 Sarameya Tinnin Tyger Item win Do you need it? Buy? /tell
Habitox : Ya wanna open dat sucker up? Okay, but which dial ya be wantin'?
[15:02:31] Habitox : Ya wanna open dat sucker up? Okay, but which dial ya be wantin'?
[15:02:31] Habitox : Ya wanna open dat sucker up? Okay, but which dial ya be wantin'?
[15:02:42] Dotoan[PortBastok]: Omen Kin Utu Ring Scale Do you need it? Buy? /tell
Habitox : So ya be wantin' the special dial?M'kay, get yerself all steeled up, 'cause here we go! 'Member, no complaints!
[15:02:43] Habitox : So ya be wantin' the special dial?
[15:02:43] 　M'kay, get yerself all steeled up, 'cause here we go! 'Member, no complaints!
[15:02:43] Habitox : So ya be wantin' the special dial?
[15:02:43] 　M'kay, get yerself all steeled up, 'cause here we go! 'Member, no complaints!
Habitox : Dis box is full o' myst'ries,♪Dat span da realm's his'try,♪So whatcha gonna get from da chest...o'...uh, fortunery?♪
[15:02:43] Habitox : Dis box is full o' myst'ries,♪
[15:02:43] 　Dat span da realm's his'try,♪
[15:02:43] 　So whatcha gonna get from da chest...o'...uh, fortunery?♪
[15:02:43] Habitox : Dis box is full o' myst'ries,♪
[15:02:43] 　Dat span da realm's his'try,♪
[15:02:43] 　So whatcha gonna get from da chest...o'...uh, fortunery?♪
Habitox : Oooh, looks at what popped out! I hopes it makes yer adventures dat much more adventumarous!
[15:02:48] Habitox : Oooh, looks at what popped out! I hopes it makes yer adventures dat much more adventumarous!
[15:02:48] Habitox : Oooh, looks at what popped out! I hopes it makes yer adventures dat much more adventumarous!
[15:02:52] Obtained: Spool of grass thread.
[15:02:52] You have used 50 points of your daily tally!
[15:02:54] Serpentdragon[RuLudeGard]: Master Level Party Crawlers' Nest [S] Do you need it? PLD,RUN,BRD, Can I have it? /tell 4/6 Aeolian Edge Party
[15:03:02] Executing logout in 30 seconds.
[15:03:02] Cancel healing to remain logged in.
[15:03:06] Executing logout in 25 seconds.
[15:03:06] Cancel healing to remain logged in.
[15:03:11] Executing logout in 20 seconds.
[15:03:11] Cancel healing to remain logged in.
[15:03:16] Executing logout in 15 seconds.
[15:03:16] Cancel healing to remain logged in.
[15:03:18] Jocror[BastokMark]: Tinnin Sarameya Tyger win Item all 3 Do you need it? Buy? /tell Thank you.
[15:03:21] Executing logout in 10 seconds.
[15:03:21] Cancel healing to remain logged in.
[15:03:26] Executing logout in 5 seconds.
[15:03:26] Cancel healing to remain logged in.
[15:03:30] Hanter[Whitegate]: ZNM T4 Sarameya Tinnin Tyger Item win Do you need it? Buy? /tell
