[11:39:17] === Area: Port San d'Oria ===
[11:39:17] *****DP Job Selection:WHM*****
[11:39:17] Mode: Magic.
[11:39:17]  White = Can not cast.
[11:39:17]  Green = Casting Range
[11:39:17] React: Loading File: react_WHM.lua
[11:39:19] Size already 20.
[11:39:19] ConsoleBG: Position changed! X: 15 Y: 50
[11:39:24] <<< Welcome to Asura! >>>
[11:39:24] Announcing the winning numbers for the 20th Vana'versary Nomad Mog Bonanza!
[11:39:24] 
[11:39:24]  
[11:39:24] 
[11:39:24] Rank 3 prize: "7" (last digit)-- 20,471 winners.
[11:39:24] 
[11:39:24] Rank 2 prize: "04" (last two digits)-- 2,010 winners.
[11:39:24] 
[11:39:24] Rank 1 prize: "854" (all three digits)-- 185 winners.
[11:39:24] 
[11:39:24] *The number of winners for each prize is a combined total from all worlds.
[11:39:24] 
[11:39:24]  
[11:39:24] 
[11:39:24] Collection period: On July 14, 2022 at 1:00 (PDT) / 8:00 (GMT) to July 31, at 7:59 (PDT) / 14:59 (GMT)
[11:39:24] 
[11:39:24] Details on the prize can be confirmed by speaking to a Bonanza Moogle at one of the following locations:
[11:39:24] 
[11:39:24] Port San d'Oria (I-9) / Port Bastok (L-8) / Port Windurst (F-6) / Chocobo Circuit (H-8)
[11:39:25] You have undertaken the limited-time Records of Eminence challenge ｲVanquish Arcana.ｳ
[11:39:25] The July 2022 Login Campaign is currently underway!
[11:39:25] 
[11:39:25] The maximum number of people are already participating in Unity chat. Please try again later.
[11:39:25] In celebration of your most recent login (login no. 17), we have provided you with 100 points!
[11:39:25] You currently have a total of 3600 points.
[11:39:25] We hope you enjoy this complimentary little gift, courtesy of the citizens of Vana'diel!
[11:39:25] Obtained: Special gobbiedial key.
[11:39:29] Masxiaosan[LowJeuno]: Telos Earring Reiki Yotai Do you need it? /tell Buy? 
[11:39:47] Odyesnm[BastokMine]: Odyssey T3 Ngai Clear Mind Do you need it? Buy? going 5 minues 
[11:40:00] Scratfromiceage[NSandOria]: Ambuscade V1 VD Do you need it? COR BRD RDM WHM Can I have it? 2/6
Habitox : Oho, ya feelin' lucky 'nough tah takes a stab at da myst'ry box?
[11:40:04] Habitox : Oho, ya feelin' lucky 'nough tah takes a stab at da myst'ry box?
[11:40:04] Habitox : Oho, ya feelin' lucky 'nough tah takes a stab at da myst'ry box?
[11:40:04] Aoora[PortBastok]: Ambuscade V.1 VD Do you need it? Buy? 3m/run
Habitox : Ya wanna open dat sucker up? Okay, but which dial ya be wantin'?
[11:40:05] Habitox : Ya wanna open dat sucker up? Okay, but which dial ya be wantin'?
[11:40:05] Habitox : Ya wanna open dat sucker up? Okay, but which dial ya be wantin'?
Habitox : So ya be wantin' the special dial?M'kay, get yerself all steeled up, 'cause here we go! 'Member, no complaints!
[11:40:08] Habitox : So ya be wantin' the special dial?
[11:40:08] 　M'kay, get yerself all steeled up, 'cause here we go! 'Member, no complaints!
[11:40:08] Habitox : So ya be wantin' the special dial?
[11:40:08] 　M'kay, get yerself all steeled up, 'cause here we go! 'Member, no complaints!
Habitox : Dis box is full o' myst'ries,♪Dat span da realm's his'try,♪So whatcha gonna get from da chest...o'...uh, fortunery?♪
[11:40:09] Habitox : Dis box is full o' myst'ries,♪
[11:40:09] 　Dat span da realm's his'try,♪
[11:40:09] 　So whatcha gonna get from da chest...o'...uh, fortunery?♪
[11:40:09] Habitox : Dis box is full o' myst'ries,♪
[11:40:09] 　Dat span da realm's his'try,♪
[11:40:09] 　So whatcha gonna get from da chest...o'...uh, fortunery?♪
[11:40:12] Shmilywowo[BastokMark]: Escha - Zi'Tah Escha - Ru'Aun Reiki Yotai T1T2T3 ALL Item ABJ Reiki Yotai Telos Earring Do you need it? /tell  
Habitox : Oooh, looks at what popped out! I hopes it makes yer adventures dat much more adventumarous!
[11:40:14] Habitox : Oooh, looks at what popped out! I hopes it makes yer adventures dat much more adventumarous!
[11:40:14] Habitox : Oooh, looks at what popped out! I hopes it makes yer adventures dat much more adventumarous!
[11:40:14] Ksods[Mhaura]: Ambuscade V.1 VD Do you need it? 3M/runs Buy? /tell
[11:40:16] Avel[Norg]: ┏┳('Д')segmentsｃ １回いきませんかー？ ShieldorBRD １名Recruiting中ー
[11:40:17] Mrscaliy[PortJeuno]: cheap spheres Bazaar (G-8)
[11:40:17] Obtained: Melon pie.
[11:40:17] You have used 50 points of your daily tally!
[11:40:19] Eunnaa[PortBastok]: Ambuscade V.1 VD Do you need it? 3M Buy? /tell
[11:40:24] Executing logout in 30 seconds.
[11:40:24] Cancel healing to remain logged in.
[11:40:28] Executing logout in 25 seconds.
[11:40:28] Cancel healing to remain logged in.
[11:40:32] Masxiaosan[LowJeuno]: Telos Earring Reiki Yotai Do you need it? /tell Buy? 
[11:40:33] Executing logout in 20 seconds.
[11:40:33] Cancel healing to remain logged in.
[11:40:38] Executing logout in 15 seconds.
[11:40:38] Cancel healing to remain logged in.
[11:40:41] Kimgaeonic[BastokMark]: Aeonic/ioniッkuuェpon 3zone Clear Mind Do you need it? Buy? 50M /tell 1/4
[11:40:43] Executing logout in 10 seconds.
[11:40:43] Cancel healing to remain logged in.
[11:40:48] Executing logout in 5 seconds.
[11:40:48] Cancel healing to remain logged in.
[11:40:49] Odyesnm[BastokMine]: Odyssey T3 Ngai Clear Mind Do you need it? Buy? going 5 minues 
