[17:33:35] === Area: Port San d'Oria ===
[17:33:35] React: Loading File: react_WHM.lua
[17:33:36] *****DP Job Selection:WHM*****
[17:33:36] Mode: Magic.
[17:33:36]  White = Can not cast.
[17:33:36]  Green = Casting Range
[17:33:37] Size already 20.
[17:33:37] ConsoleBG: Position changed! X: 15 Y: 50
[17:33:42] <<< Welcome to Asura! >>>
[17:33:42] Announcing the winning numbers for the 20th Vana'versary Nomad Mog Bonanza!
[17:33:42] 
[17:33:42]  
[17:33:42] 
[17:33:42] Rank 3 prize: "7" (last digit)-- 20,471 winners.
[17:33:42] 
[17:33:42] Rank 2 prize: "04" (last two digits)-- 2,010 winners.
[17:33:42] 
[17:33:42] Rank 1 prize: "854" (all three digits)-- 185 winners.
[17:33:42] 
[17:33:42] *The number of winners for each prize is a combined total from all worlds.
[17:33:42] 
[17:33:42]  
[17:33:42] 
[17:33:42] Collection period: On July 14, 2022 at 1:00 (PDT) / 8:00 (GMT) to July 31, at 7:59 (PDT) / 14:59 (GMT)
[17:33:42] 
[17:33:42] Details on the prize can be confirmed by speaking to a Bonanza Moogle at one of the following locations:
[17:33:42] 
[17:33:42] Port San d'Oria (I-9) / Port Bastok (L-8) / Port Windurst (F-6) / Chocobo Circuit (H-8)
[17:33:43] You have undertaken the limited-time Records of Eminence challenge ｲVanquish Vermin.ｳ
[17:33:43] The July 2022 Login Campaign is currently underway!
[17:33:43] 
[17:33:43] The maximum number of people are already participating in Unity chat. Please try again later.
[17:33:43] In celebration of your most recent login (login no. 15), we have provided you with 100 points!
[17:33:43] You currently have a total of 3400 points.
[17:33:45] We hope you enjoy this complimentary little gift, courtesy of the citizens of Vana'diel!
[17:33:45] Obtained: Special gobbiedial key.
[17:34:05] Benoistndkugwui[PSandOria]:  ｆｆｘｉｐａｌ.ｃｏｍ, GET FAST DELIVERY!★REMA/SU5/Item/gil/Gil/  Discount ->"vip05"
Habitox : Oho, ya feelin' lucky 'nough tah takes a stab at da myst'ry box?
[17:34:12] Habitox : Oho, ya feelin' lucky 'nough tah takes a stab at da myst'ry box?
[17:34:12] Habitox : Oho, ya feelin' lucky 'nough tah takes a stab at da myst'ry box?
Habitox : Ya wanna open dat sucker up? Okay, but which dial ya be wantin'?
[17:34:14] Habitox : Ya wanna open dat sucker up? Okay, but which dial ya be wantin'?
[17:34:14] Habitox : Ya wanna open dat sucker up? Okay, but which dial ya be wantin'?
Habitox : So ya be wantin' the special dial?M'kay, get yerself all steeled up, 'cause here we go! 'Member, no complaints!
[17:34:17] Habitox : So ya be wantin' the special dial?
[17:34:17] 　M'kay, get yerself all steeled up, 'cause here we go! 'Member, no complaints!
[17:34:17] Habitox : So ya be wantin' the special dial?
[17:34:17] 　M'kay, get yerself all steeled up, 'cause here we go! 'Member, no complaints!
Habitox : Dis box is full o' myst'ries,♪Dat span da realm's his'try,♪So whatcha gonna get from da chest...o'...uh, fortunery?♪
[17:34:17] Habitox : Dis box is full o' myst'ries,♪
[17:34:17] 　Dat span da realm's his'try,♪
[17:34:17] 　So whatcha gonna get from da chest...o'...uh, fortunery?♪
[17:34:17] Habitox : Dis box is full o' myst'ries,♪
[17:34:17] 　Dat span da realm's his'try,♪
[17:34:17] 　So whatcha gonna get from da chest...o'...uh, fortunery?♪
Habitox : Oooh, looks at what popped out! I hopes it makes yer adventures dat much more adventumarous!
[17:34:22] Habitox : Oooh, looks at what popped out! I hopes it makes yer adventures dat much more adventumarous!
[17:34:22] Habitox : Oooh, looks at what popped out! I hopes it makes yer adventures dat much more adventumarous!
[17:34:25] Obtained: Bowl of navarin.
[17:34:25] You have used 50 points of your daily tally!
[17:34:32] Executing logout in 30 seconds.
[17:34:32] Cancel healing to remain logged in.
[17:34:36] Executing logout in 25 seconds.
[17:34:36] Cancel healing to remain logged in.
[17:34:41] Executing logout in 20 seconds.
[17:34:41] Cancel healing to remain logged in.
[17:34:46] Executing logout in 15 seconds.
[17:34:46] Cancel healing to remain logged in.
[17:34:51] Executing logout in 10 seconds.
[17:34:51] Cancel healing to remain logged in.
[17:34:56] Executing logout in 5 seconds.
[17:34:56] Cancel healing to remain logged in.
