[21:14:33] === Area: Port San d'Oria ===
[21:14:33] *****DP Job Selection:WHM*****
[21:14:33] Mode: Magic.
[21:14:33]  White = Can not cast.
[21:14:33]  Green = Casting Range
[21:14:33] React: Loading File: react_WHM.lua
[21:14:35] Size already 20.
[21:14:35] ConsoleBG: Position changed! X: 15 Y: 50
[21:14:40] <<< Welcome to Asura! >>>
[21:14:40] Announcing the winning numbers for the 20th Vana'versary Nomad Mog Bonanza!
[21:14:40] 
[21:14:40]  
[21:14:40] 
[21:14:40] Rank 3 prize: "7" (last digit)-- 20,471 winners.
[21:14:40] 
[21:14:40] Rank 2 prize: "04" (last two digits)-- 2,010 winners.
[21:14:40] 
[21:14:40] Rank 1 prize: "854" (all three digits)-- 185 winners.
[21:14:40] 
[21:14:40] *The number of winners for each prize is a combined total from all worlds.
[21:14:40] 
[21:14:40]  
[21:14:40] 
[21:14:40] Collection period: On July 14, 2022 at 1:00 (PDT) / 8:00 (GMT) to July 31, at 7:59 (PDT) / 14:59 (GMT)
[21:14:40] 
[21:14:40] Details on the prize can be confirmed by speaking to a Bonanza Moogle at one of the following locations:
[21:14:40] 
[21:14:40] Port San d'Oria (I-9) / Port Bastok (L-8) / Port Windurst (F-6) / Chocobo Circuit (H-8)
[21:14:42] You have undertaken the limited-time Records of Eminence challenge ‡²Vanquish Undead.‡³
[21:14:42] The July 2022 Login Campaign is currently underway!
[21:14:42] 
[21:14:42] The maximum number of people are already participating in Unity chat. Please try again later.
[21:14:42] In celebration of your most recent login (login no. 14), we have provided you with 100 points!
[21:14:42] You currently have a total of 3300 points.
[21:14:42] We hope you enjoy this complimentary little gift, courtesy of the citizens of Vana'diel!
[21:14:42] Obtained: Special gobbiedial key.
[21:14:43] Ksods[Mhaura]: Ambuscade V.1 VD Do you need it? 4M Buy?
[21:14:50] Shmilywowo[BastokMark]: Escha - Zi'Tah Escha - Ru'Aun Reisenjima T1T2T3 ALL Item ABJ Telos Earring Reiki Yotai Do you need it? /tell Buy? 
[21:14:57] Leoniea synthesized a darksteel sheet.
[21:14:58] Ronstadt[BastokMine]: Dynamis - Bastok D WAVE 1-2 RP Treasure Bonus Area Looking for members. /tell @7/12
[21:14:59] Masxiaosan[LowJeuno]: Telos Earring Reiki Yotai Do you need it? /tell Buy? 
[21:15:01] Executing logout in 30 seconds.
[21:15:01] Cancel healing to remain logged in.
[21:15:05] Executing logout in 25 seconds.
[21:15:05] Cancel healing to remain logged in.
[21:15:10] Executing logout in 20 seconds.
[21:15:10] Cancel healing to remain logged in.
[21:15:15] Executing logout in 15 seconds.
[21:15:15] Cancel healing to remain logged in.
[21:15:20] Aoora[PortBastok]: Ambuscade V.1 VD Do you need it? 4m/run Buy?
[21:15:21] Executing logout in 10 seconds.
[21:15:21] Cancel healing to remain logged in.
[21:15:23] Eunnaa[PortBastok]: Ambuscade V.1 VD Do you need it? 4M Buy? /tell
[21:15:23] Gerbs[Rabao]: Odyssey C 3/6 need DD, BRD, TANK u HALO 2 NM and dreams
[21:15:26] Executing logout in 5 seconds.
[21:15:26] Cancel healing to remain logged in.
