[16:15:12] === Area: Port San d'Oria ===
[16:15:13] *****DP Job Selection:WHM*****
[16:15:13] Mode: Magic.
[16:15:13]  White = Can not cast.
[16:15:13]  Green = Casting Range
[16:15:13] React: Loading File: react_WHM.lua
[16:15:14] Size already 20.
[16:15:14] ConsoleBG: Position changed! X: 15 Y: 50
[16:15:22] <<< Welcome to Asura! >>>
[16:15:22] Announcing the winning numbers for the 20th Vana'versary Nomad Mog Bonanza!
[16:15:22] 
[16:15:22]  
[16:15:22] 
[16:15:22] Rank 3 prize: "7" (last digit)-- 20,471 winners.
[16:15:22] 
[16:15:22] Rank 2 prize: "04" (last two digits)-- 2,010 winners.
[16:15:22] 
[16:15:22] Rank 1 prize: "854" (all three digits)-- 185 winners.
[16:15:22] 
[16:15:22] *The number of winners for each prize is a combined total from all worlds.
[16:15:22] 
[16:15:22]  
[16:15:22] 
[16:15:22] Collection period: On July 14, 2022 at 1:00 (PDT) / 8:00 (GMT) to July 31, at 7:59 (PDT) / 14:59 (GMT)
[16:15:22] 
[16:15:22] Details on the prize can be confirmed by speaking to a Bonanza Moogle at one of the following locations:
[16:15:22] 
[16:15:22] Port San d'Oria (I-9) / Port Bastok (L-8) / Port Windurst (F-6) / Chocobo Circuit (H-8)
[16:15:23] You have undertaken the limited-time Records of Eminence challenge ｲSpoils (Seals).ｳ
[16:15:23] The July 2022 Login Campaign is currently underway!
[16:15:23] 
[16:15:23] The maximum number of people are already participating in Unity chat. Please try again later.
[16:15:23] In celebration of your most recent login (login no. 16), we have provided you with 100 points!
[16:15:23] You currently have a total of 3500 points.
[16:15:23] We hope you enjoy this complimentary little gift, courtesy of the citizens of Vana'diel!
[16:15:23] Obtained: Special gobbiedial key.
[16:16:43] Benoistndkugwui[PSandOria]:  ｆｆｘｉｐａｌ.ｃｏｍ, GET FAST DELIVERY!★REMA/SU5/Item/gil/Gil/  Discount ->"vip05"
[16:16:51] Endone[Rabao]: Odyssey T3 NM Ongo V0 Clear Mind Do you need it? Buy? 7.5M /tell
[16:17:11] Koatsa[Whitegate]: Nyzul Isle token farm Area Magic Do you need it? 1/3 pst
[16:17:18] Cerenity[PortBastok]: Ou Regal Gauntlets, Cuffs, Belt, Necklace Buy? please /tell
[16:18:10] Endone[Rabao]: Odyssey T3 NM Ongo V0 Clear Mind Do you need it? Buy? 7.5M /tell
[16:18:25] Prada[PortBastok]: Odyssey Bumba, Arebati Xevioso V0 clear Do you need it? Buy? /tell
[16:18:34] Yanjan[Mhaura]: Ambuscade Vol.1 VD Do you need it? Buy? 2.5M Per Run /tell Yanjan Thank you.
[16:19:11] Endone[Rabao]: Odyssey T3 NM Ongo V0 Clear Mind Do you need it? Buy? 7.5M /tell 2 spots
[16:19:16] Yanjan[Mhaura]: Ambuscade Vol.1 VD Do you need it? Buy? 2.5M Per Run /tell Yanjan Thank you.
[16:19:33] Benoistndkugwui[PSandOria]:  ｆｆｘｉｐａｌ.ｃｏｍ, GET FAST DELIVERY!★REMA/SU5/Item/gil/Gil/  Discount ->"vip05"
[16:19:45] Koatsa[Whitegate]: Nyzul Isle token farm Area Magic Do you need it? 1/3 pst
[16:19:58] Prada[PortBastok]: Odyssey Bumba, Arebati Xevioso V0 clear Do you need it? Buy? /tell
[16:19:59] Yanjan[Mhaura]: Ambuscade Vol.1 VD Do you need it? Buy? 2.5M Per Run /tell Yanjan Thank you.
[16:20:09] Endone[Rabao]: Odyssey T3 NM Ongo V0 Clear Mind Do you need it? Buy? 7.5M /tell 2 spots
[16:20:15] Cerenity[PortBastok]: Regal Gauntlets, Cuffs, Belt Buy? please /tell
[16:20:40] Yanjan[Mhaura]: Ambuscade Vol.1 VD Do you need it? Buy? 2.5M Per Run /tell Yanjan Thank you.
[16:21:21] Koatsa[Whitegate]: Nyzul Isle token farm Area Magic Do you need it? 3/4 pst
[16:21:54] Senkouno[PortJeuno]: Beryllium Mace +1 Do you need it? Buy? /tell Senkouno offer
[16:21:55] Cerenity[PortBastok]: Ou Regal Gauntlets, Cuffs, Belt Buy? please /tell
[16:22:00] Endone[Rabao]: Odyssey T3 NM Ongo V0 Clear Mind Do you need it? Buy? 7.5M /tell 2 spots
Habitox : Oho, ya feelin' lucky 'nough tah takes a stab at da myst'ry box?
[16:22:02] Habitox : Oho, ya feelin' lucky 'nough tah takes a stab at da myst'ry box?
[16:22:02] Habitox : Oho, ya feelin' lucky 'nough tah takes a stab at da myst'ry box?
Habitox : Ya wanna open dat sucker up? Okay, but which dial ya be wantin'?
[16:22:03] Habitox : Ya wanna open dat sucker up? Okay, but which dial ya be wantin'?
[16:22:03] Habitox : Ya wanna open dat sucker up? Okay, but which dial ya be wantin'?
Habitox : So ya be wantin' the special dial?M'kay, get yerself all steeled up, 'cause here we go! 'Member, no complaints!
[16:22:08] Habitox : So ya be wantin' the special dial?
[16:22:08] 　M'kay, get yerself all steeled up, 'cause here we go! 'Member, no complaints!
[16:22:08] Habitox : So ya be wantin' the special dial?
[16:22:08] 　M'kay, get yerself all steeled up, 'cause here we go! 'Member, no complaints!
Habitox : Dis box is full o' myst'ries,♪Dat span da realm's his'try,♪So whatcha gonna get from da chest...o'...uh, fortunery?♪
[16:22:08] Habitox : Dis box is full o' myst'ries,♪
[16:22:08] 　Dat span da realm's his'try,♪
[16:22:08] 　So whatcha gonna get from da chest...o'...uh, fortunery?♪
[16:22:09] Habitox : Dis box is full o' myst'ries,♪
[16:22:09] 　Dat span da realm's his'try,♪
[16:22:09] 　So whatcha gonna get from da chest...o'...uh, fortunery?♪
[16:22:11] Yanjan[Mhaura]: Ambuscade Vol.1 VD Do you need it? Buy? 2.5M Per Run /tell Yanjan Thank you.
Habitox : Oooh, looks at what popped out! I hopes it makes yer adventures dat much more adventumarous!
[16:22:13] Habitox : Oooh, looks at what popped out! I hopes it makes yer adventures dat much more adventumarous!
[16:22:13] Habitox : Oooh, looks at what popped out! I hopes it makes yer adventures dat much more adventumarous!
[16:22:16] Obtained: Kunwu iron sheet.
[16:22:16] You have used 50 points of your daily tally!
[16:22:22] Executing logout in 30 seconds.
[16:22:22] Cancel healing to remain logged in.
[16:22:24] Benoistndkugwui[PSandOria]:  ｆｆｘｉｐａｌ.ｃｏｍ, GET FAST DELIVERY!★REMA/SU5/Item/gil/Gil/  Discount ->"vip05"
[16:22:26] Executing logout in 25 seconds.
[16:22:26] Cancel healing to remain logged in.
[16:22:31] Executing logout in 20 seconds.
[16:22:31] Cancel healing to remain logged in.
[16:22:36] Executing logout in 15 seconds.
[16:22:36] Cancel healing to remain logged in.
[16:22:40] Endone[Rabao]: Odyssey T3 NM Ongo V0 Clear Mind Do you need it? Buy? 7.5M /tell 2 spots
[16:22:40] Koatsa[Whitegate]: Nyzul Isle token farm Area Magic Do you need it? 3/4 pst
[16:22:41] Executing logout in 10 seconds.
[16:22:41] Cancel healing to remain logged in.
[16:22:46] Executing logout in 5 seconds.
[16:22:46] Cancel healing to remain logged in.
