[13:34:45] === Area: Port San d'Oria ===
[13:34:45] React: Loading File: react_WHM.lua
[13:34:45] *****DP Job Selection:WHM*****
[13:34:45] Mode: Magic.
[13:34:45]  White = Can not cast.
[13:34:45]  Green = Casting Range
[13:34:47] Size already 20.
[13:34:47] ConsoleBG: Position changed! X: 15 Y: 50
[13:34:52] <<< Welcome to Asura! >>>
[13:34:52] Announcing the winning numbers for the 20th Vana'versary Nomad Mog Bonanza!
[13:34:52] 
[13:34:52]  
[13:34:52] 
[13:34:52] Rank 3 prize: "7" (last digit)-- 20,471 winners.
[13:34:52] 
[13:34:52] Rank 2 prize: "04" (last two digits)-- 2,010 winners.
[13:34:52] 
[13:34:52] Rank 1 prize: "854" (all three digits)-- 185 winners.
[13:34:52] 
[13:34:52] *The number of winners for each prize is a combined total from all worlds.
[13:34:52] 
[13:34:52]  
[13:34:52] 
[13:34:52] Collection period: On July 14, 2022 at 1:00 (PDT) / 8:00 (GMT) to July 31, at 7:59 (PDT) / 14:59 (GMT)
[13:34:52] 
[13:34:52] Details on the prize can be confirmed by speaking to a Bonanza Moogle at one of the following locations:
[13:34:52] 
[13:34:52] Port San d'Oria (I-9) / Port Bastok (L-8) / Port Windurst (F-6) / Chocobo Circuit (H-8)
[13:34:53] You have undertaken the limited-time Records of Eminence challenge ｲMagic Damage Kills.ｳ
[13:34:53] The July 2022 Login Campaign is currently underway!
[13:34:53] 
[13:34:53] In celebration of your most recent login (login no. 13), we have provided you with 100 points!
[13:34:53] You currently have a total of 3200 points.
[13:34:53] {Apururu} Oh dear, one of our members-wembers in Escha - Zi'Tah says that Azi Dahaka could appear around H-8 anytime in the next 10 minutes. Would you please go and see if she's alrightaru?
[13:34:54] We hope you enjoy this complimentary little gift, courtesy of the citizens of Vana'diel!
[13:34:54] Obtained: Special gobbiedial key.
[13:35:02] Fczjst[PSandOria]: Omen FU Shulmanu Collar Middleboss Do you need it? Buy?tell
[13:35:14] Rsdgwrg : Buy And Sell FF11 Gil At  WVVW.P2PAH.COM   1000K =0.5$..oak
[13:35:25] Kentucki[NSandOria]: that's right, uclock
Habitox : Oho, ya feelin' lucky 'nough tah takes a stab at da myst'ry box?
[13:35:26] Habitox : Oho, ya feelin' lucky 'nough tah takes a stab at da myst'ry box?
[13:35:26] Habitox : Oho, ya feelin' lucky 'nough tah takes a stab at da myst'ry box?
[13:35:41] Fczjst[PSandOria]: Omen FU Shulmanu Collar Middleboss Do you need it? Buy?tell
Habitox : Ya wanna open dat sucker up? Okay, but which dial ya be wantin'?
[13:35:53] Habitox : Ya wanna open dat sucker up? Okay, but which dial ya be wantin'?
[13:35:53] Habitox : Ya wanna open dat sucker up? Okay, but which dial ya be wantin'?
Habitox : So ya be wantin' the special dial?M'kay, get yerself all steeled up, 'cause here we go! 'Member, no complaints!
[13:35:57] Habitox : So ya be wantin' the special dial?
[13:35:57] 　M'kay, get yerself all steeled up, 'cause here we go! 'Member, no complaints!
[13:35:57] Habitox : So ya be wantin' the special dial?
[13:35:57] 　M'kay, get yerself all steeled up, 'cause here we go! 'Member, no complaints!
Habitox : Dis box is full o' myst'ries,♪Dat span da realm's his'try,♪So whatcha gonna get from da chest...o'...uh, fortunery?♪
[13:35:58] Habitox : Dis box is full o' myst'ries,♪
[13:35:58] 　Dat span da realm's his'try,♪
[13:35:58] 　So whatcha gonna get from da chest...o'...uh, fortunery?♪
[13:35:58] Habitox : Dis box is full o' myst'ries,♪
[13:35:58] 　Dat span da realm's his'try,♪
[13:35:58] 　So whatcha gonna get from da chest...o'...uh, fortunery?♪
Habitox : Oooh, looks at what popped out! I hopes it makes yer adventures dat much more adventumarous!
[13:36:02] Habitox : Oooh, looks at what popped out! I hopes it makes yer adventures dat much more adventumarous!
[13:36:02] Habitox : Oooh, looks at what popped out! I hopes it makes yer adventures dat much more adventumarous!
[13:36:05] Rsdgwrg : Buy And Sell FF11 Gil At  WVVW.P2PAH.COM   1000K =0.5$..rog
[13:36:06] Obtained: Cyclical coalescence.
[13:36:06] You have used 50 points of your daily tally!
[13:36:18] Executing logout in 30 seconds.
[13:36:18] Cancel healing to remain logged in.
[13:36:22] Fczjst[PSandOria]: Omen FU Shulmanu Collar Middleboss Do you need it? Buy?tell
[13:36:22] Executing logout in 25 seconds.
[13:36:22] Cancel healing to remain logged in.
[13:36:27] Executing logout in 20 seconds.
[13:36:27] Cancel healing to remain logged in.
[13:36:32] Executing logout in 15 seconds.
[13:36:32] Cancel healing to remain logged in.
[13:36:37] Executing logout in 10 seconds.
[13:36:37] Cancel healing to remain logged in.
[13:36:42] Executing logout in 5 seconds.
[13:36:42] Cancel healing to remain logged in.
