[17:02:19] === Area: Port San d'Oria ===
[17:02:20] React: Loading File: react_WHM.lua
[17:02:20] *****DP Job Selection:WHM*****
[17:02:20] Mode: Magic.
[17:02:20]  White = Can not cast.
[17:02:20]  Green = Casting Range
[17:02:22] Size already 20.
[17:02:22] ConsoleBG: Position changed! X: 15 Y: 50
[17:02:26] <<< Welcome to Asura! >>>
[17:02:26] Announcing the winning numbers for the 20th Vana'versary Nomad Mog Bonanza!
[17:02:26] 
[17:02:26]  
[17:02:26] 
[17:02:26] Rank 3 prize: "7" (last digit)-- 20,471 winners.
[17:02:26] 
[17:02:26] Rank 2 prize: "04" (last two digits)-- 2,010 winners.
[17:02:26] 
[17:02:26] Rank 1 prize: "854" (all three digits)-- 185 winners.
[17:02:26] 
[17:02:26] *The number of winners for each prize is a combined total from all worlds.
[17:02:26] 
[17:02:26]  
[17:02:26] 
[17:02:26] Collection period: On July 14, 2022 at 1:00 (PDT) / 8:00 (GMT) to July 31, at 7:59 (PDT) / 14:59 (GMT)
[17:02:26] 
[17:02:26] Details on the prize can be confirmed by speaking to a Bonanza Moogle at one of the following locations:
[17:02:26] 
[17:02:26] Port San d'Oria (I-9) / Port Bastok (L-8) / Port Windurst (F-6) / Chocobo Circuit (H-8)
[17:02:27] You have undertaken the limited-time Records of Eminence challenge ‡²Vanquish Vermin.‡³
[17:02:27] The July 2022 Login Campaign is currently underway!
[17:02:27] 
[17:02:27] In celebration of your most recent login (login no. 15), we have provided you with 100 points!
[17:02:27] You currently have a total of 3400 points.
[17:02:30] We hope you enjoy this complimentary little gift, courtesy of the citizens of Vana'diel!
[17:02:30] Obtained: Special gobbiedial key.
[17:02:31] Executing logout in 30 seconds.
[17:02:31] Cancel healing to remain logged in.
[17:02:36] Executing logout in 25 seconds.
[17:02:36] Cancel healing to remain logged in.
[17:02:40] Executing logout in 20 seconds.
[17:02:40] Cancel healing to remain logged in.
[17:02:45] Executing logout in 15 seconds.
[17:02:45] Cancel healing to remain logged in.
[17:02:49] Benoistndkugwui[PSandOria]:  ‚†‚†‚˜‚‰‚‚‚Œ.‚ƒ‚‚, GET FAST DELIVERY!šREMA/SU5/Item/gil/Gil/  Discount ->"vip05"
[17:02:50] Alyxande[Norg]: Gin's Scale Sell? /tell price
[17:02:50] Executing logout in 10 seconds.
[17:02:50] Cancel healing to remain logged in.
[17:02:53] {Sylvie} Okay, everyone! I just had the weirdest vision. In the next 10 minutes, somebody called ‡²Azi Dahaka‡³ will be showing up in Escha - Zi'Tah, somewhere around H-8! Is that good?
[17:02:55] Executing logout in 5 seconds.
[17:02:55] Cancel healing to remain logged in.
