[06:37:04] === Area: Port San d'Oria ===
[06:37:04] *****DP Job Selection:WHM*****
[06:37:04] Mode: Magic.
[06:37:04]  White = Can not cast.
[06:37:04]  Green = Casting Range
[06:37:04] React: Loading File: react_WHM.lua
[06:37:06] Size already 20.
[06:37:06] ConsoleBG: Position changed! X: 15 Y: 50
[06:37:11] <<< Welcome to Asura! >>>
[06:37:11] Announcing the winning numbers for the 20th Vana'versary Nomad Mog Bonanza!
[06:37:11] 
[06:37:11]  
[06:37:11] 
[06:37:11] Rank 3 prize: "7" (last digit)-- 20,471 winners.
[06:37:11] 
[06:37:11] Rank 2 prize: "04" (last two digits)-- 2,010 winners.
[06:37:11] 
[06:37:11] Rank 1 prize: "854" (all three digits)-- 185 winners.
[06:37:11] 
[06:37:11] *The number of winners for each prize is a combined total from all worlds.
[06:37:11] 
[06:37:11]  
[06:37:11] 
[06:37:11] Collection period: On July 14, 2022 at 1:00 (PDT) / 8:00 (GMT) to July 31, at 7:59 (PDT) / 14:59 (GMT)
[06:37:11] 
[06:37:11] Details on the prize can be confirmed by speaking to a Bonanza Moogle at one of the following locations:
[06:37:11] 
[06:37:11] Port San d'Oria (I-9) / Port Bastok (L-8) / Port Windurst (F-6) / Chocobo Circuit (H-8)
[06:37:12] You have undertaken the limited-time Records of Eminence challenge ｲVanquish Undead.ｳ
[06:37:12] This area is currently affected by the Super Kupower: ｲThrifty Transitｳ!
[06:37:12] This area is currently affected by the Super Kupower: ｲArtisan's Advantageｳ!
[06:37:12] This area is currently affected by the Super Kupower: ｲSwift Shoesｳ!
[06:37:12] The July 2022 Login Campaign is currently underway!
[06:37:12] 
[06:37:12] In celebration of your most recent login (login no. 19), we have provided you with 100 points!
[06:37:12] You currently have a total of 3800 points.
[06:37:12] We hope you enjoy this complimentary little gift, courtesy of the citizens of Vana'diel!
[06:37:12] Obtained: Special gobbiedial key.
[06:37:17] Jocror[BastokMark]: Tinnin Sarameya Tyger win Item all 3 Do you need it? Buy? /tell Thank you.
[06:37:18] Shmilywowo[BastokMark]: Escha - Zi'Tah Escha - Ru'Aun Reisenjima T1T2T3 ALL Item ABJ Telos Earring Reiki Yotai Do you need it? /tell Buy? 
[06:37:21] Fczjse[PSandOria]: OmenFU Shulmanu Collar Niqmaddu Ring Middleboss Buy? tell
[06:37:22] Aoora[PortBastok]: Ambuscade V.1 VD Do you need it? 3m/run Buy?
[06:37:26] Masxiaosan[LowJeuno]: Telos Earring Reiki Yotai Do you need it? /tell Buy?  
[06:37:29] Kimfaeonic[PortBastok]: Aeonic/ioniッkuuェpon 3zone Clear Mind Do you need it? Buy? 50M /tell 2/4
[06:37:32] Cooldogr[NSandOria]: Odysseyt1t2t3Arebati Kalunga Xevioso Ngai Mboze Ongo Bumba V0 Clear Mind Buy?
[06:37:35] Victorbaia[SSandOria]: Rhapsodies of Vana'diel The Orb's Radiance Looking for members. Please assist. /tell @3/?
[06:37:41] Executing logout in 30 seconds.
[06:37:41] Cancel healing to remain logged in.
[06:37:42] Zatazma[PortBastok]: ZNM T4 Sarameya Tinnin Tyger Item win Do you need it? Buy? /tell
[06:37:45] Executing logout in 25 seconds.
[06:37:45] Cancel healing to remain logged in.
[06:37:47] Gargurty[PortJeuno]: Beitetsu, S. Astral Detritus, H-P Bayld Bazaar (F-8)
[06:37:50] Executing logout in 20 seconds.
[06:37:50] Cancel healing to remain logged in.
[06:37:50] Warbandi[SSandOria]: HTBF Divine Might II VD Do you need it? /tell
[06:37:54] Wukonk[Whitegate]: Tinnin Sarameya Tyger win Item all 3 Do you need it? /tell Thank you.
[06:37:54] Executing logout in 15 seconds.
[06:37:54] Cancel healing to remain logged in.
[06:38:00] Executing logout in 10 seconds.
[06:38:00] Cancel healing to remain logged in.
[06:38:00] Fczjse[PSandOria]: OmenFU Shulmanu Collar Niqmaddu Ring Middleboss Buy? tell
[06:38:02] Cooldogr[NSandOria]: Odysseyt1t2t3Arebati Kalunga Xevioso Ngai Mboze Ongo Bumba V0 Clear Mind Buy?
[06:38:05] Executing logout in 5 seconds.
[06:38:05] Cancel healing to remain logged in.
[06:38:06] {Sylvie} Uh-oh! He's here! That Azi Dahaka guy's showed up in Escha - Zi'Tah around H-8, and he seems super duper mad.
[14:45:14] === Area: Port San d'Oria ===
[14:45:14] *****DP Job Selection:WHM*****
[14:45:14] Mode: Magic.
[14:45:14]  White = Can not cast.
[14:45:14]  Green = Casting Range
[14:45:14] React: Loading File: react_WHM.lua
[14:45:16] Size already 20.
[14:45:16] ConsoleBG: Position changed! X: 15 Y: 50
[14:45:21] <<< Welcome to Asura! >>>
[14:45:21] Announcing the winning numbers for the 20th Vana'versary Nomad Mog Bonanza!
[14:45:21] 
[14:45:21]  
[14:45:21] 
[14:45:21] Rank 3 prize: "7" (last digit)-- 20,471 winners.
[14:45:21] 
[14:45:21] Rank 2 prize: "04" (last two digits)-- 2,010 winners.
[14:45:21] 
[14:45:21] Rank 1 prize: "854" (all three digits)-- 185 winners.
[14:45:21] 
[14:45:21] *The number of winners for each prize is a combined total from all worlds.
[14:45:21] 
[14:45:21]  
[14:45:21] 
[14:45:21] Collection period: On July 14, 2022 at 1:00 (PDT) / 8:00 (GMT) to July 31, at 7:59 (PDT) / 14:59 (GMT)
[14:45:21] 
[14:45:21] Details on the prize can be confirmed by speaking to a Bonanza Moogle at one of the following locations:
[14:45:21] 
[14:45:21] Port San d'Oria (I-9) / Port Bastok (L-8) / Port Windurst (F-6) / Chocobo Circuit (H-8)
[14:45:22] You have undertaken the limited-time Records of Eminence challenge ｲMagic Damage Kills.ｳ
[14:45:22] This area is currently affected by the Super Kupower: ｲThrifty Transitｳ!
[14:45:22] This area is currently affected by the Super Kupower: ｲArtisan's Advantageｳ!
[14:45:22] This area is currently affected by the Super Kupower: ｲSwift Shoesｳ!
[14:45:22] The maximum number of people are already participating in Unity chat. Please try again later.
[14:45:22] The July 2022 Login Campaign is currently underway!
[14:45:22] 
[14:45:22] In celebration of your most recent login (login no. 20), we have provided you with 100 points!
[14:45:22] You currently have a total of 3900 points.
[14:45:22] We hope you enjoy this complimentary little gift, courtesy of the citizens of Vana'diel!
[14:45:22] Obtained: Special gobbiedial key.
Habitox : Oho, ya feelin' lucky 'nough tah takes a stab at da myst'ry box?
[14:45:40] Habitox : Oho, ya feelin' lucky 'nough tah takes a stab at da myst'ry box?
[14:45:40] Habitox : Oho, ya feelin' lucky 'nough tah takes a stab at da myst'ry box?
[14:45:41] Westlind[WindWalls]: Dynamis - WindurstD +3 unlock Do you need it? /tell @7/18
Habitox : Ya wanna open dat sucker up? Okay, but which dial ya be wantin'?
[14:45:44] Habitox : Ya wanna open dat sucker up? Okay, but which dial ya be wantin'?
[14:45:44] Habitox : Ya wanna open dat sucker up? Okay, but which dial ya be wantin'?
[14:45:51] Hanter[Whitegate]: ZNM T4 Sarameya Tinnin Tyger Item win Do you need it? Buy? /tell
Habitox : So ya be wantin' the special dial?Whoawhoawhoa! Get yer grubby hands offa that! Ya don't have enough daily tally, and I's not 'bout tah let ya cheat me!
[14:45:52] Habitox : So ya be wantin' the special dial?
[14:45:52] Habitox : So ya be wantin' the special dial?
[14:45:54] 
[14:45:54] 　Whoawhoawhoa! Get yer grubby hands offa that! Ya don't have enough daily tally, and I's not 'bout tah let ya cheat me!
[14:45:54] 
[14:45:54] 　Whoawhoawhoa! Get yer grubby hands offa that! Ya don't have enough daily tally, and I's not 'bout tah let ya cheat me!
[14:46:20] Kimfaeonic[PortBastok]: Aeonic/ioniッkuuェpon ReisenjimaFull or HelmT4 x7 Clear Mind Buy? /tell
[14:46:48] Thesteja[LowJeuno]: regal ring Sell?
[14:46:53] Hanter[Whitegate]: ZNM T4 Sarameya Tinnin Tyger Item win Do you need it? Buy? /tell
[14:46:54] Executing logout in 30 seconds.
[14:46:54] Cancel healing to remain logged in.
[14:46:58] Executing logout in 25 seconds.
[14:46:58] Cancel healing to remain logged in.
[14:47:03] Executing logout in 20 seconds.
[14:47:03] Cancel healing to remain logged in.
[14:47:07] Executing logout in 15 seconds.
[14:47:07] Cancel healing to remain logged in.
[14:47:12] Executing logout in 10 seconds.
[14:47:12] Cancel healing to remain logged in.
[14:47:18] Jocror[BastokMark]: Tinnin Sarameya Tyger win Item all 3 Do you need it? Buy? /tell Thank you.
[14:47:18] Executing logout in 5 seconds.
[14:47:18] Cancel healing to remain logged in.
[14:47:22] Dotoan[PortBastok]: Omen Kin Utu Ring Scale Do you need it? Buy? /tell
