[21:09:52] === Area: Port San d'Oria ===
[21:09:52] React: Loading File: react_WHM.lua
[21:09:52] *****DP Job Selection:WHM*****
[21:09:52] Mode: Magic.
[21:09:52]  White = Can not cast.
[21:09:52]  Green = Casting Range
[21:09:54] Size already 20.
[21:09:54] ConsoleBG: Position changed! X: 15 Y: 50
[21:09:59] <<< Welcome to Asura! >>>
[21:09:59] Announcing the winning numbers for the 20th Vana'versary Nomad Mog Bonanza!
[21:09:59] 
[21:09:59]  
[21:09:59] 
[21:09:59] Rank 3 prize: "7" (last digit)-- 20,471 winners.
[21:09:59] 
[21:09:59] Rank 2 prize: "04" (last two digits)-- 2,010 winners.
[21:09:59] 
[21:09:59] Rank 1 prize: "854" (all three digits)-- 185 winners.
[21:09:59] 
[21:09:59] *The number of winners for each prize is a combined total from all worlds.
[21:09:59] 
[21:09:59]  
[21:09:59] 
[21:09:59] Collection period: On July 14, 2022 at 1:00 (PDT) / 8:00 (GMT) to July 31, at 7:59 (PDT) / 14:59 (GMT)
[21:09:59] 
[21:09:59] Details on the prize can be confirmed by speaking to a Bonanza Moogle at one of the following locations:
[21:09:59] 
[21:09:59] Port San d'Oria (I-9) / Port Bastok (L-8) / Port Windurst (F-6) / Chocobo Circuit (H-8)
[21:10:00] You have undertaken the limited-time Records of Eminence challenge ｲVanquish Undead.ｳ
[21:10:00] The July 2022 Login Campaign is currently underway!
[21:10:00] 
[21:10:00] The maximum number of people are already participating in Unity chat. Please try again later.
[21:10:00] In celebration of your most recent login (login no. 14), we have provided you with 100 points!
[21:10:00] You currently have a total of 3300 points.
[21:10:00] We hope you enjoy this complimentary little gift, courtesy of the citizens of Vana'diel!
[21:10:00] Obtained: Special gobbiedial key.
[21:10:09] Leoniea synthesized a darksteel ingot.
Habitox : Oho, ya feelin' lucky 'nough tah takes a stab at da myst'ry box?
[21:10:11] Habitox : Oho, ya feelin' lucky 'nough tah takes a stab at da myst'ry box?
[21:10:11] Habitox : Oho, ya feelin' lucky 'nough tah takes a stab at da myst'ry box?
Habitox : Ya wanna open dat sucker up? Okay, but which dial ya be wantin'?
[21:10:13] Habitox : Ya wanna open dat sucker up? Okay, but which dial ya be wantin'?
[21:10:13] Habitox : Ya wanna open dat sucker up? Okay, but which dial ya be wantin'?
[21:10:13] Blkuyfvd[BastokMine]: Sell abyssea empy Weapon Shop Item LV80 85 90 Do you need it? /tell
[21:10:16] Ronstadt[BastokMine]: Dynamis - Bastok D WAVE 1-2 RP Treasure Bonus Area Looking for members. /tell @7/12
Habitox : So ya be wantin' the special dial?M'kay, get yerself all steeled up, 'cause here we go! 'Member, no complaints!
[21:10:16] Habitox : So ya be wantin' the special dial?
[21:10:16] 　M'kay, get yerself all steeled up, 'cause here we go! 'Member, no complaints!
[21:10:16] Habitox : So ya be wantin' the special dial?
[21:10:16] 　M'kay, get yerself all steeled up, 'cause here we go! 'Member, no complaints!
Habitox : Dis box is full o' myst'ries,♪Dat span da realm's his'try,♪So whatcha gonna get from da chest...o'...uh, fortunery?♪
[21:10:17] Habitox : Dis box is full o' myst'ries,♪
[21:10:17] 　Dat span da realm's his'try,♪
[21:10:17] 　So whatcha gonna get from da chest...o'...uh, fortunery?♪
[21:10:17] Habitox : Dis box is full o' myst'ries,♪
[21:10:17] 　Dat span da realm's his'try,♪
[21:10:17] 　So whatcha gonna get from da chest...o'...uh, fortunery?♪
[21:10:19] Ksods[Mhaura]: Ambuscade V.1 VD Do you need it? 4M Buy?
Habitox : Oooh, looks at what popped out! I hopes it makes yer adventures dat much more adventumarous!
[21:10:21] Habitox : Oooh, looks at what popped out! I hopes it makes yer adventures dat much more adventumarous!
[21:10:21] Habitox : Oooh, looks at what popped out! I hopes it makes yer adventures dat much more adventumarous!
[21:10:25] Obtained: Mahjlaef's staff.
[21:10:25] You have used 50 points of your daily tally!
[21:10:31] Comittie : Now delivering parcels to rooms everywhere!
[21:10:33] Gerbs[Rabao]: Odyssey C 3/6 need DD, BRD, TANK u 
[21:10:40] Leoniea synthesized a darksteel ingot.
[21:10:42] Shmilywowo[BastokMark]: Escha - Zi'Tah Escha - Ru'Aun Reisenjima T1T2T3 ALL Item ABJ Telos Earring Reiki Yotai Do you need it? /tell Buy? 
[21:10:43] Entering cancel delivery mode.
[21:10:48] Eunnaa[PortBastok]: Ambuscade V.1 VD Do you need it? 4M Buy? /tell
[21:10:50] Masxiaosan[LowJeuno]: Telos Earring Reiki Yotai Do you need it? /tell Buy? 
[21:10:51] Executing logout in 30 seconds.
[21:10:51] Cancel healing to remain logged in.
[21:10:55] Executing logout in 25 seconds.
[21:10:55] Cancel healing to remain logged in.
[21:10:56] Aoora[PortBastok]: Ambuscade V.1 VD Do you need it? 4m/run Buy?
[21:11:00] Executing logout in 20 seconds.
[21:11:00] Cancel healing to remain logged in.
[21:11:05] Executing logout in 15 seconds.
[21:11:05] Cancel healing to remain logged in.
[21:11:06] Leoniea synthesized a darksteel ingot.
[21:11:10] Executing logout in 10 seconds.
[21:11:10] Cancel healing to remain logged in.
[21:11:15] Executing logout in 5 seconds.
[21:11:15] Cancel healing to remain logged in.
