[11:34:03] === Area: Port San d'Oria ===
[11:34:03] *****DP Job Selection:WHM*****
[11:34:03] Mode: Magic.
[11:34:03]  White = Can not cast.
[11:34:03]  Green = Casting Range
[11:34:03] React: Loading File: react_WHM.lua
[11:34:05] Size already 20.
[11:34:05] ConsoleBG: Position changed! X: 15 Y: 50
[11:34:09] Khris[Rabao]: Odyssey C Do you need it? 4/6 brd dd pst
[11:34:10] <<< Welcome to Asura! >>>
[11:34:10] Announcing the winning numbers for the 20th Vana'versary Nomad Mog Bonanza!
[11:34:10] 
[11:34:10]  
[11:34:10] 
[11:34:10] Rank 3 prize: "7" (last digit)-- 20,471 winners.
[11:34:10] 
[11:34:10] Rank 2 prize: "04" (last two digits)-- 2,010 winners.
[11:34:10] 
[11:34:10] Rank 1 prize: "854" (all three digits)-- 185 winners.
[11:34:10] 
[11:34:10] *The number of winners for each prize is a combined total from all worlds.
[11:34:10] 
[11:34:10]  
[11:34:10] 
[11:34:10] Collection period: On July 14, 2022 at 1:00 (PDT) / 8:00 (GMT) to July 31, at 7:59 (PDT) / 14:59 (GMT)
[11:34:10] 
[11:34:10] Details on the prize can be confirmed by speaking to a Bonanza Moogle at one of the following locations:
[11:34:10] 
[11:34:10] Port San d'Oria (I-9) / Port Bastok (L-8) / Port Windurst (F-6) / Chocobo Circuit (H-8)
[11:34:11] You have undertaken the limited-time Records of Eminence challenge ｲVanquish Arcana.ｳ
[11:34:11] The July 2022 Login Campaign is currently underway!
[11:34:11] 
[11:34:11] The maximum number of people are already participating in Unity chat. Please try again later.
[11:34:11] In celebration of your most recent login (login no. 17), we have provided you with 100 points!
[11:34:11] You currently have a total of 3600 points.
[11:34:11] We hope you enjoy this complimentary little gift, courtesy of the citizens of Vana'diel!
[11:34:11] Obtained: Special gobbiedial key.
[11:34:16] Cyberops[PortJeuno]: Pinga Tunic +1 25mil Chirich Ring +1 10mil Do you need it? Bazaar
[11:34:18] Masxiaosan[LowJeuno]: Telos Earring Reiki Yotai Do you need it? /tell Buy? 
[11:34:19] Jocror[BastokMark]: Sarameya Tinnin Tyger win Item x3 Do you need it? Buy? /tell Thank you.
[11:34:25] Avel[Norg]: ┏┳('Д')segmentsｃ １回いきませんかー？ Shield BRD SCHorWhite から２名Recruiting中ー
Habitox : Oho, ya feelin' lucky 'nough tah takes a stab at da myst'ry box?
[11:34:29] Habitox : Oho, ya feelin' lucky 'nough tah takes a stab at da myst'ry box?
[11:34:29] Habitox : Oho, ya feelin' lucky 'nough tah takes a stab at da myst'ry box?
Habitox : Ya wanna open dat sucker up? Okay, but which dial ya be wantin'?
[11:34:30] Habitox : Ya wanna open dat sucker up? Okay, but which dial ya be wantin'?
[11:34:30] Habitox : Ya wanna open dat sucker up? Okay, but which dial ya be wantin'?
[11:34:34] Vibes[BastokMine]: Smithing 63+ Can I have it? Alchemy turn in items x3 - I have mats. Please assist. Thank you.
Habitox : So ya be wantin' the special dial?M'kay, get yerself all steeled up, 'cause here we go! 'Member, no complaints!
[11:34:34] Habitox : So ya be wantin' the special dial?
[11:34:34] 　M'kay, get yerself all steeled up, 'cause here we go! 'Member, no complaints!
[11:34:34] Habitox : So ya be wantin' the special dial?
[11:34:34] 　M'kay, get yerself all steeled up, 'cause here we go! 'Member, no complaints!
[11:34:34] Aoora[PortBastok]: Ambuscade V.1 VD Do you need it? Buy? 3m/run
Habitox : Dis box is full o' myst'ries,♪Dat span da realm's his'try,♪So whatcha gonna get from da chest...o'...uh, fortunery?♪
[11:34:35] Habitox : Dis box is full o' myst'ries,♪
[11:34:35] 　Dat span da realm's his'try,♪
[11:34:35] 　So whatcha gonna get from da chest...o'...uh, fortunery?♪
[11:34:35] Habitox : Dis box is full o' myst'ries,♪
[11:34:35] 　Dat span da realm's his'try,♪
[11:34:35] 　So whatcha gonna get from da chest...o'...uh, fortunery?♪
Habitox : Oooh, looks at what popped out! I hopes it makes yer adventures dat much more adventumarous!
[11:34:39] Habitox : Oooh, looks at what popped out! I hopes it makes yer adventures dat much more adventumarous!
[11:34:39] Habitox : Oooh, looks at what popped out! I hopes it makes yer adventures dat much more adventumarous!
[11:34:40] Odyesnm[BastokMine]: Odyssey T3 Ngai Clear Mind Do you need it? Buy? going 5 minues 
[11:34:41] Kimgaeonic[BastokMark]: Aeonic/ioniッkuuェpon 3zone Clear Mind Do you need it? Buy? 50M /tell 1/4
[11:34:42] Obtained: Corsair die.
[11:34:42] You have used 50 points of your daily tally!
[11:34:44] Ksods[Mhaura]: Ambuscade V.1 VD Do you need it? 3M/runs Buy? /tell
[11:34:49] Eunnaa[PortBastok]: Ambuscade V.1 VD Do you need it? 3M Buy? /tell
[11:34:52] Executing logout in 30 seconds.
[11:34:52] Cancel healing to remain logged in.
[11:34:56] Executing logout in 25 seconds.
[11:34:56] Cancel healing to remain logged in.
[11:35:00] Executing logout in 20 seconds.
[11:35:00] Cancel healing to remain logged in.
[11:35:01] Shmilywowo[BastokMark]: Escha - Zi'Tah Escha - Ru'Aun Reiki Yotai T1T2T3 ALL Item ABJ Reiki Yotai Telos Earring Do you need it? /tell  
[11:35:02] Khris[Rabao]: Odyssey C Do you need it? 5/6 dd pst
[11:35:05] Executing logout in 15 seconds.
[11:35:05] Cancel healing to remain logged in.
[11:35:10] Executing logout in 10 seconds.
[11:35:10] Cancel healing to remain logged in.
[11:35:13] Avel[Norg]: ┏┳('Д')segmentsｃ １回いきませんかー？ Shield BRD SCHorWhite から２名Recruiting中ー
[11:35:15] Executing logout in 5 seconds.
[11:35:15] Cancel healing to remain logged in.
[11:35:20] Masxiaosan[LowJeuno]: Telos Earring Reiki Yotai Do you need it? /tell Buy? 
