[16:07:19] === Area: Port San d'Oria ===
[16:07:19] *****DP Job Selection:WHM*****
[16:07:19] Mode: Magic.
[16:07:19]  White = Can not cast.
[16:07:19]  Green = Casting Range
[16:07:19] React: Loading File: react_WHM.lua
[16:07:21] Size already 20.
[16:07:21] ConsoleBG: Position changed! X: 15 Y: 50
[16:07:27] <<< Welcome to Asura! >>>
[16:07:27] Announcing the winning numbers for the 20th Vana'versary Nomad Mog Bonanza!
[16:07:27] 
[16:07:27]  
[16:07:27] 
[16:07:27] Rank 3 prize: "7" (last digit)-- 20,471 winners.
[16:07:27] 
[16:07:27] Rank 2 prize: "04" (last two digits)-- 2,010 winners.
[16:07:27] 
[16:07:27] Rank 1 prize: "854" (all three digits)-- 185 winners.
[16:07:27] 
[16:07:27] *The number of winners for each prize is a combined total from all worlds.
[16:07:27] 
[16:07:27]  
[16:07:27] 
[16:07:27] Collection period: On July 14, 2022 at 1:00 (PDT) / 8:00 (GMT) to July 31, at 7:59 (PDT) / 14:59 (GMT)
[16:07:27] 
[16:07:27] Details on the prize can be confirmed by speaking to a Bonanza Moogle at one of the following locations:
[16:07:27] 
[16:07:27] Port San d'Oria (I-9) / Port Bastok (L-8) / Port Windurst (F-6) / Chocobo Circuit (H-8)
[16:07:28] You have undertaken the limited-time Records of Eminence challenge ｲSpoils (Seals).ｳ
[16:07:28] The July 2022 Login Campaign is currently underway!
[16:07:28] 
[16:07:28] The maximum number of people are already participating in Unity chat. Please try again later.
[16:07:28] In celebration of your most recent login (login no. 16), we have provided you with 100 points!
[16:07:28] You currently have a total of 3500 points.
[16:07:28] We hope you enjoy this complimentary little gift, courtesy of the citizens of Vana'diel!
[16:07:28] Obtained: Special gobbiedial key.
[16:07:30] Gargurty[EastAdoulin]: lol
[16:07:34] Katebi[Rabao]: arebati v5 Do you need it? brd geo whm Can I have it? 5/6
Habitox : Oho, ya feelin' lucky 'nough tah takes a stab at da myst'ry box?
[16:07:46] Habitox : Oho, ya feelin' lucky 'nough tah takes a stab at da myst'ry box?
[16:07:46] Habitox : Oho, ya feelin' lucky 'nough tah takes a stab at da myst'ry box?
[16:07:46] Mithranxia[WestAdoulin]: how can I make gil? so sick of buying it off Ronstadt.
Habitox : Ya wanna open dat sucker up? Okay, but which dial ya be wantin'?
[16:07:47] Habitox : Ya wanna open dat sucker up? Okay, but which dial ya be wantin'?
[16:07:47] Habitox : Ya wanna open dat sucker up? Okay, but which dial ya be wantin'?
Habitox : So ya be wantin' the special dial?M'kay, get yerself all steeled up, 'cause here we go! 'Member, no complaints!
[16:07:51] Habitox : So ya be wantin' the special dial?
[16:07:51] 　M'kay, get yerself all steeled up, 'cause here we go! 'Member, no complaints!
[16:07:51] Habitox : So ya be wantin' the special dial?
[16:07:51] 　M'kay, get yerself all steeled up, 'cause here we go! 'Member, no complaints!
Habitox : Dis box is full o' myst'ries,♪Dat span da realm's his'try,♪So whatcha gonna get from da chest...o'...uh, fortunery?♪
[16:07:52] Habitox : Dis box is full o' myst'ries,♪
[16:07:52] 　Dat span da realm's his'try,♪
[16:07:52] 　So whatcha gonna get from da chest...o'...uh, fortunery?♪
[16:07:52] Habitox : Dis box is full o' myst'ries,♪
[16:07:52] 　Dat span da realm's his'try,♪
[16:07:52] 　So whatcha gonna get from da chest...o'...uh, fortunery?♪
Habitox : Oooh, looks at what popped out! I hopes it makes yer adventures dat much more adventumarous!
[16:07:56] Habitox : Oooh, looks at what popped out! I hopes it makes yer adventures dat much more adventumarous!
[16:07:56] Habitox : Oooh, looks at what popped out! I hopes it makes yer adventures dat much more adventumarous!
[16:08:00] Obtained: Mana tank IV.
[16:08:00] You have used 50 points of your daily tally!
[16:08:10] Princeheath[Mhaura]: do Walk of Echoes, made 11m in one day 
[16:08:22] You have to pay a transaction fee of 401 gil.
[16:08:23] Merchandise placed on auction.
[16:08:23] If merchandise remains unsold after 30 weeks (Vana'diel time), it will be returned to your current residence.
[16:08:23] If a successful bid is made, the proceeds from the sale will be delivered to your current residence.
[16:08:23] Signed items will lose their signature after being purchased.
[16:08:27] Executing logout in 30 seconds.
[16:08:27] Cancel healing to remain logged in.
[16:08:31] Executing logout in 25 seconds.
[16:08:31] Cancel healing to remain logged in.
[16:08:36] Executing logout in 20 seconds.
[16:08:36] Cancel healing to remain logged in.
[16:08:41] Executing logout in 15 seconds.
[16:08:41] Cancel healing to remain logged in.
[16:08:46] Misono[Rabao]: set a bazaar outside of Rolanberry Fields with your bazaar up. make good gil i hear
[16:08:46] Executing logout in 10 seconds.
[16:08:46] Cancel healing to remain logged in.
[16:08:51] Executing logout in 5 seconds.
[16:08:51] Cancel healing to remain logged in.
