[08:09:18] === Area: Chocobo Circuit ===
[08:09:18] React: Loading File: react_THF.lua
[08:09:20] *****DP Job Selection:THF*****
[08:09:20] Mode: Default.
[08:09:26] <<< Welcome to Asura! >>>
[08:09:26] Announcing the winning numbers for the Early Spring Mog Bonanza 2021!
[08:09:26] 
[08:09:26]  
[08:09:26] 
[08:09:26] Rank 3 prize: "0" (last digit)-- 6413 winners.
[08:09:26] 
[08:09:26] Rank 2 prize: "37" (last two digits)-- 928 winners.
[08:09:26] 
[08:09:26] Rank 1 prize: "196" (all three digits)-- 88 winners.
[08:09:26] 
[08:09:26] *The number of winners for each prize is a combined total from all worlds.
[08:09:26] 
[08:09:26]  
[08:09:26] 
[08:09:26] Collection period: On April 12, 2021 at 1:00 (PDT) / 8:00 (GMT) to April 30, at 7:59 (PDT) / 14:59 (GMT)
[08:09:26] 
[08:09:26] Details on the prize can be confirmed by speaking to a Bonanza Moogle at one of the following locations:
[08:09:26] 
[08:09:26] Port San d'Oria (I-9) / Port Bastok (L-8) / Port Windurst (F-6) / Chocobo Circuit (H-8)
[08:09:26] Kimerzzb[SSandOria]: Aeonic Weapon 3zoneClear MindMercenaryDo you need it?Buy?/tell25M 2/5
[08:09:30] You have undertaken the limited-time Records of Eminence challenge á≤Vanquish Lizards.á≥
[08:09:30] The April 2021 Login Campaign is currently underway!
[08:09:30] 
[08:09:30] In celebration of your most recent login (login no. 11), we have provided you with 100 points!
[08:09:30] You currently have a total of 3000 points.
[08:09:30] We hope you enjoy this complimentary little gift, courtesy of the citizens of Vana'diel!
[08:09:30] Obtained: Dial key #Ab.
[08:09:36] Ashikagaz[Whitegate]: Odysseysegumentoâ“Ç¨ hiÅ[raÅ[1ñºRecruitingíÜÇ≈Ç∑ 5/6
[08:09:36] Executing logout in 30 seconds.
[08:09:36] Cancel healing to remain logged in.
[08:09:40] Executing logout in 25 seconds.
[08:09:40] Cancel healing to remain logged in.
[08:09:41] Ronson[PortJeuno]: CP Party Can I have it? Geo You can have this.
[08:09:45] Executing logout in 20 seconds.
[08:09:45] Cancel healing to remain logged in.
[08:09:50] Executing logout in 15 seconds.
[08:09:50] Cancel healing to remain logged in.
[08:09:54] Welcome, Feary!
[08:09:54] Did you know if you subscribe to Guildwork Premium (guildwork.com/premium) you can get cross-zone shouts, AH notifications, Bazaar notifications, Remote chat and more?
[08:09:55] Executing logout in 10 seconds.
[08:09:55] Cancel healing to remain logged in.
[08:09:55] Add this character to Guildwork by typing /gw flush --add
[08:10:00] Executing logout in 5 seconds.
[08:10:00] Cancel healing to remain logged in.
