[08:23:09] === Area: Lower Jeuno ===
[08:23:09] React: Loading File: react_THF.lua
[08:23:11] *****DP Job Selection:THF*****
[08:23:11] Mode: Default.
[08:23:15] You have undertaken the limited-time Records of Eminence challenge ｲVanquish Lizards.ｳ
[08:23:15] This area is currently affected by the Super Kupower: ｲBoundary Busterｳ!
[08:23:15] This area is currently affected by the Super Kupower: ｲBountiful Bazaarｳ!
[08:23:15] This area is currently affected by the Super Kupower: ｲCrystal Caboodleｳ!
[08:23:15] The maximum number of people are already participating in Unity chat. Please try again later.
[08:23:15] The April 2021 Login Campaign is currently underway!
[08:23:15] 
[08:23:15] In celebration of your most recent login (login no. 11), we have provided you with 100 points!
[08:23:15] You currently have a total of 3000 points.
[08:23:16] <<< Welcome to Asura! >>>
[08:23:16] Announcing the winning numbers for the Early Spring Mog Bonanza 2021!
[08:23:16] 
[08:23:16]  
[08:23:16] 
[08:23:16] Rank 3 prize: "0" (last digit)-- 6413 winners.
[08:23:16] 
[08:23:16] Rank 2 prize: "37" (last two digits)-- 928 winners.
[08:23:16] 
[08:23:16] Rank 1 prize: "196" (all three digits)-- 88 winners.
[08:23:16] 
[08:23:16] *The number of winners for each prize is a combined total from all worlds.
[08:23:16] 
[08:23:16]  
[08:23:16] 
[08:23:16] Collection period: On April 12, 2021 at 1:00 (PDT) / 8:00 (GMT) to April 30, at 7:59 (PDT) / 14:59 (GMT)
[08:23:16] 
[08:23:16] Details on the prize can be confirmed by speaking to a Bonanza Moogle at one of the following locations:
[08:23:16] 
[08:23:16] Port San d'Oria (I-9) / Port Bastok (L-8) / Port Windurst (F-6) / Chocobo Circuit (H-8)
[08:23:20] We hope you enjoy this complimentary little gift, courtesy of the citizens of Vana'diel!
[08:23:20] Obtained: Dial key #Ab.
Sweepstox : Oho, ya feelin' lucky 'nough tah takes a stab at da myst'ry box?
[08:23:23] Sweepstox : Oho, ya feelin' lucky 'nough tah takes a stab at da myst'ry box?
[08:23:23] Sweepstox : Oho, ya feelin' lucky 'nough tah takes a stab at da myst'ry box?
Sweepstox : Ya wanna open dat sucker up? Okay, but which dial ya be wantin'?
[08:23:24] Sweepstox : Ya wanna open dat sucker up? Okay, but which dial ya be wantin'?
[08:23:24] Sweepstox : Ya wanna open dat sucker up? Okay, but which dial ya be wantin'?
[08:23:27] Maatoo[PSandOria]: Dho Gates Crab 500/2.5m master/10m Fast Cast
Sweepstox : So ya be wantin' the special dial?Whoawhoawhoa! Get yer grubby hands offa that! Ya don't have enough daily tally, and I's not 'bout tah let ya cheat me!
[08:23:27] Sweepstox : So ya be wantin' the special dial?
[08:23:27] Sweepstox : So ya be wantin' the special dial?
[08:23:29] 
[08:23:29] 　Whoawhoawhoa! Get yer grubby hands offa that! Ya don't have enough daily tally, and I's not 'bout tah let ya cheat me!
[08:23:29] 
[08:23:29] 　Whoawhoawhoa! Get yer grubby hands offa that! Ya don't have enough daily tally, and I's not 'bout tah let ya cheat me!
[08:23:36] Gukiom[BastokMark]: Abyssea empy Weapon Shop Item LV80 85 90 Do you need it? Buy? /tell
[08:23:43] Your milvus ring did not sell.
[08:23:43] Items that are not sold are sent to your Mog House.
[08:23:43] Your Apollo's ring did not sell.
[08:23:43] Items that are not sold are sent to your Mog House.
[08:23:44] Your earthen flowerpot did not sell.
[08:23:44] Items that are not sold are sent to your Mog House.
[08:23:45] Your butterfly cage did not sell.
[08:23:45] Items that are not sold are sent to your Mog House.
[08:23:46] Your cricket cage did not sell.
[08:23:46] Items that are not sold are sent to your Mog House.
[08:23:55] Marticus[WestAdoulin]: Vexed Sune-Ate Can I have it? Please assist. Thank you. Reward 100k
[08:24:08] Welcome, Feary!
[08:24:08] Did you know if you subscribe to Guildwork Premium (guildwork.com/premium) you can get cross-zone shouts, AH notifications, Bazaar notifications, Remote chat and more?
[08:24:08] Add this character to Guildwork by typing /gw flush --add
[08:24:14] Knobkierrie[RuLudeGard]: Empy Empyreanuェpon Weapon Shop Abyssea Item PST
[08:24:15] You have to pay a transaction fee of 1,001 gil.
[08:24:18] Merchandise placed on auction.
[08:24:18] If merchandise remains unsold after 30 weeks (Vana'diel time), it will be returned to your current residence.
[08:24:18] If a successful bid is made, the proceeds from the sale will be delivered to your current residence.
[08:24:18] Signed items will lose their signature after being purchased.
[08:24:21] Moonlessmeadow[NSandOria]: Dynamis - JeunoD Wave1 2 midboss Clear Mind RP5K Buy?4M /tell
[08:24:24] You can only place a single item or a set of 12 such items on auction.
[08:24:26] Kimerzzb[SSandOria]: Aeonic Weapon 3zoneClear MindMercenaryDo you need it?Buy?/tell25M 2/5
[08:24:38] You have to pay a transaction fee of 101 gil.
[08:25:26] Dvs[NSandOria]: Skill Up book Do you need it? Buy? /tell
[08:25:47] You throw away a bonanza pearl.
[08:26:06] Kimerzzb[SSandOria]: Aeonic Weapon 3zoneClear MindMercenaryDo you need it?Buy?/tell25M 2/5
[08:26:21] Aphocalypse[Rabao]: Odyssey T4 Boss Bumba Clear Mind Do you need it? interest Buy? /tell Thank you.
[08:26:23] Moonlessmeadow[NSandOria]: Dynamis - JeunoD Wave1 2 midboss Clear Mind RP5K Buy?4M /tell
[08:26:38] Gukiom[BastokMark]: Abyssea empy Weapon Shop Item LV80 85 90 Do you need it? Buy? /tell
[08:27:27] Moonlessmeadow[NSandOria]: Dynamis - JeunoD Wave1 2 midboss Clear Mind RP5K Buy?4M /tell
[08:27:35] Dvs[TavSafehld]: Pemphredo TathlumColadaGrioavolrKanariaGada Buy? /tell
[08:27:36] findAll: Searching: :Molyoly wing
[08:27:36] findAll: Molyoly/sack: Lebondopt Wing (4)
[08:27:36] findAll: Molyoly/sack: Pulchridopt Wing
[08:27:36] findAll: Molyoly/case: Porxie Wing (7)
[08:27:36] findAll: Total: 12
[08:27:47] Kimerzzb[SSandOria]: Aeonic Weapon 3zoneClear MindMercenaryDo you need it?Buy?/tell25M 2/5
[08:28:18] Nmnn[SSandOria]: Dho Gates Apex Clear Mind 3m/500 12m/2100 autoinivte
[08:28:30] You can only place a single item or a set of 12 such items on auction.
[08:28:41] You have to pay a transaction fee of 1,001 gil.
[08:28:48] You have to pay a transaction fee of 701 gil.
[08:28:49] Moonlessmeadow[NSandOria]: Dynamis - JeunoD Wave1 2 midboss Clear Mind RP5K Buy?4M /tell
[08:28:49] Merchandise placed on auction.
[08:28:49] If merchandise remains unsold after 30 weeks (Vana'diel time), it will be returned to your current residence.
[08:28:49] If a successful bid is made, the proceeds from the sale will be delivered to your current residence.
[08:28:49] Signed items will lose their signature after being purchased.
[08:29:01] You have to pay a transaction fee of 801 gil.
[08:29:02] Merchandise placed on auction.
[08:29:02] If merchandise remains unsold after 30 weeks (Vana'diel time), it will be returned to your current residence.
[08:29:02] If a successful bid is made, the proceeds from the sale will be delivered to your current residence.
[08:29:02] Signed items will lose their signature after being purchased.
[08:29:23] You have to pay a transaction fee of 301 gil.
[08:29:27] Kimerzzb[SSandOria]: Aeonic Weapon 3zoneClear MindMercenaryDo you need it?Buy?/tell25M 2/5
[08:29:41] Gukiom[BastokMark]: Abyssea empy Weapon Shop Item LV80 85 90 Do you need it? Buy? /tell
[08:30:11] Moonlessmeadow[NSandOria]: Dynamis - JeunoD Wave1 2 midboss Clear Mind RP5K Buy?4M /tell
[08:30:20] Nmnn[SSandOria]: Dho Gates Apex Clear Mind 3m/500 12m/2100 autoinivte
[08:31:01] Sillex[PortJeuno]: WTB heroism aggregates 130k pst
[08:31:06] Kimerzzb[SSandOria]: Aeonic Weapon 3zoneClear MindMercenaryDo you need it?Buy?/tell25M 2/5
[08:32:22] Nmnn[SSandOria]: Dho Gates Apex Clear Mind 3m/500 12m/2100 autoinivte
[08:32:43] Gukiom[BastokMark]: Abyssea empy Weapon Shop Item LV80 85 90 Do you need it? Buy? /tell
[08:32:46] Kimerzzb[SSandOria]: Aeonic Weapon 3zoneClear MindMercenaryDo you need it?Buy?/tell25M 2/5
[08:33:33] Knobkierrie[RuLudeGard]: Empy Empyreanuェpon Weapon Shop Abyssea Item PST
[08:33:37] Moonlessmeadow[NSandOria]: Dynamis - JeunoD Wave1 2 midboss Clear Mind RP5K Buy?4M /tell
[08:33:56] Icyuki[SSandOria]: Niqmaddu Ring12m Yamarang6m Knobkierrie4m Sell?
[08:34:23] Nmnn[SSandOria]: Dho Gates Apex Clear Mind 3m/500 12m/2100 autoinivte
[08:34:27] Kimerzzb[SSandOria]: Aeonic Weapon 3zoneClear MindMercenaryDo you need it?Buy?/tell25M 2/5
[08:35:34] Dvs[TavSafehld]: Terminal Helm 3M Terminal Plate 3M Do you need it? in Pool OBO /tell Tavnazian Safehold hp2 Sealion's Den
[08:35:45] Gukiom[BastokMark]: Abyssea empy Weapon Shop Item LV80 85 90 Do you need it? Buy? /tell
[08:36:06] Jarias : sea all har
[08:36:06] Kimerzzb[SSandOria]: Aeonic Weapon 3zoneClear MindMercenaryDo you need it?Buy?/tell25M 2/5
[08:36:24] Nmnn[SSandOria]: Dho Gates Apex Clear Mind 3m/500 12m/2100 autoinivte
[08:36:32] Moonlessmeadow[NSandOria]: Dynamis - JeunoD Wave1 2 midboss Clear Mind RP5K Buy?4M /tell
[08:36:50] Dvs[TavSafehld]: Terminal Helm 3M Terminal Plate 3M Do you need it? in Pool OBO /tell Tavnazian Safehold hp2 Sealion's Den
[08:37:00] Maximulian[PortJeuno]: Tinnin Sarameya Tyger item win Do you need it? Buy? tell
[08:37:02] Merchandise placed on auction.
[08:37:02] If merchandise remains unsold after 30 weeks (Vana'diel time), it will be returned to your current residence.
[08:37:02] If a successful bid is made, the proceeds from the sale will be delivered to your current residence.
[08:37:02] Signed items will lose their signature after being purchased.
[08:37:30] You have to pay a transaction fee of 4,001 gil.
[08:37:32] Merchandise placed on auction.
[08:37:32] If merchandise remains unsold after 30 weeks (Vana'diel time), it will be returned to your current residence.
[08:37:32] If a successful bid is made, the proceeds from the sale will be delivered to your current residence.
[08:37:32] Signed items will lose their signature after being purchased.
[08:37:47] Kimerzzb[SSandOria]: Aeonic Weapon 3zoneClear MindMercenaryDo you need it?Buy?/tell25M 2/5
[08:37:57] You have to pay a transaction fee of 101 gil.
[08:37:59] Merchandise placed on auction.
[08:37:59] If merchandise remains unsold after 30 weeks (Vana'diel time), it will be returned to your current residence.
[08:37:59] If a successful bid is made, the proceeds from the sale will be delivered to your current residence.
[08:37:59] Signed items will lose their signature after being purchased.
[08:37:59] Moonlessmeadow[NSandOria]: Dynamis - JeunoD Wave1 2 midboss Clear Mind RP5K Buy?4M /tell
[08:38:02] You can only place a single item or a set of 12 such items on auction.
[08:38:03] You can only place a single item or a set of 12 such items on auction.
[08:38:05] You can only place a single item or a set of 12 such items on auction.
[08:38:09] You can only place a single item or a set of 12 such items on auction.
[08:38:12] You can only place a single item or a set of 12 such items on auction.
[08:38:17] You can only place a single item or a set of 12 such items on auction.
[08:38:22] You can only place a single item or a set of 12 such items on auction.
[08:38:24] You have to pay a transaction fee of 101 gil.
[08:38:26] Nmnn[SSandOria]: Dho Gates Apex Clear Mind 3m/500 12m/2100 autoinivte
[08:38:26] Merchandise placed on auction.
[08:38:26] If merchandise remains unsold after 30 weeks (Vana'diel time), it will be returned to your current residence.
[08:38:26] If a successful bid is made, the proceeds from the sale will be delivered to your current residence.
[08:38:26] Signed items will lose their signature after being purchased.
[08:38:28] You can only place a single item or a set of 12 such items on auction.
[08:38:28] You can only place seven items on auction at once.
[08:38:28] Either check off sold and unsold merchandise from the "Sales Status" list or remove an item from auction.
[08:38:28] Items already sent to your delivery box must also be checked off the list.
[08:38:43] Yoskolo : Welcome to the Merry Minstrel's Meadhouse. What'll it be?
[08:38:47] Gukiom[BastokMark]: Abyssea empy Weapon Shop Item LV80 85 90 Do you need it? Buy? /tell
[08:38:50] You sell a tulfaire quiver to the shop.
[08:38:53] You sell a copy of "Acolyte's Grief" to the shop.
[08:38:55] You sell a red round table to the shop.
[08:38:57] You sell an aquilaria log to the shop.
[08:39:02] You sell a lizard tail to the shop.
[08:39:04] You sell a chunk of zincite to the shop.
[08:39:12] You sell a charisma potion to the shop.
[08:39:14] You sell a darksteel bolt quiver to the shop.
[08:39:16] You sell a pair of velvet slops to the shop.
[08:39:18] You sell a high breath mantle to the shop.
[08:39:23] You sell a reliquary to the shop.
[08:39:24] Maatoo[PSandOria]: Dho Gates Crab 500/2.5m master/10m Fast Cast
[08:39:26] Kimerzzb[SSandOria]: Aeonic Weapon 3zoneClear MindMercenaryDo you need it?Buy?/tell25M 2/5
[08:39:31] Kooro[SSandOria]: Merit points 1m 1-50/0.5m 50-99/1.5m Reisenjima Fast Cast
[08:40:00] Executing logout in 30 seconds.
[08:40:00] Cancel healing to remain logged in.
[08:40:03] Executing logout in 25 seconds.
[08:40:03] Cancel healing to remain logged in.
[08:40:04] Erheioe[SSandOria]: Sparkling Stone Bazaar (J-9)
[08:40:09] Executing logout in 20 seconds.
[08:40:09] Cancel healing to remain logged in.
[08:40:11] Moonlessmeadow[NSandOria]: Dynamis - JeunoD Wave1 2 midboss Clear Mind RP5K Buy?4M /tell
[08:40:14] Executing logout in 15 seconds.
[08:40:14] Cancel healing to remain logged in.
[08:40:18] Executing logout in 10 seconds.
[08:40:18] Cancel healing to remain logged in.
[08:40:23] Executing logout in 5 seconds.
[08:40:23] Cancel healing to remain logged in.
[08:40:24] Maatoo[PSandOria]: Dho Gates Crab 500/2.5m master/10m Fast Cast
[08:40:27] Nmnn[SSandOria]: Dho Gates Apex Clear Mind 3m/500 12m/2100 autoinivte
