[17:01:06] === Area: Norg ===
[17:01:06] *****DP Job Selection:MNK*****
[17:01:06] Mode: Default.
[17:01:06] React: Loading File: react_MNK.lua
[17:01:08] Size already 20.
[17:01:08] ConsoleBG: Position changed! X: 15 Y: 50
[17:01:09] Loaded default Battlemod filters
[17:01:14] <<< Welcome to Asura! >>>
[17:01:14] Announcing the winning numbers for the 20th Vana'versary Nomad Mog Bonanza!
[17:01:14] 
[17:01:14]  
[17:01:14] 
[17:01:14] Rank 3 prize: "7" (last digit)-- 20,471 winners.
[17:01:14] 
[17:01:14] Rank 2 prize: "04" (last two digits)-- 2,010 winners.
[17:01:14] 
[17:01:14] Rank 1 prize: "854" (all three digits)-- 185 winners.
[17:01:14] 
[17:01:14] *The number of winners for each prize is a combined total from all worlds.
[17:01:14] 
[17:01:14]  
[17:01:14] 
[17:01:14] Collection period: On July 14, 2022 at 1:00 (PDT) / 8:00 (GMT) to July 31, at 7:59 (PDT) / 14:59 (GMT)
[17:01:14] 
[17:01:14] Details on the prize can be confirmed by speaking to a Bonanza Moogle at one of the following locations:
[17:01:14] 
[17:01:14] Port San d'Oria (I-9) / Port Bastok (L-8) / Port Windurst (F-6) / Chocobo Circuit (H-8)
[17:01:15] Kinggalka[Rabao]: Crawlers' Nest [S] Aeolian Edge ML exp pt Do you need it? pst cor, rdm or sch, run or pld
[17:01:15] You have undertaken the limited-time Records of Eminence challenge ‡²Spoils (Seals).‡³
[17:01:15] The July 2022 Login Campaign is currently underway!
[17:01:15] 
[17:01:15] The maximum number of people are already participating in Unity chat. Please try again later.
[17:01:15] In celebration of your most recent login (login no. 16), we have provided you with 100 points!
[17:01:15] You currently have a total of 3500 points.
[17:01:15] We hope you enjoy this complimentary little gift, courtesy of the citizens of Vana'diel!
[17:01:15] Obtained: Special gobbiedial key.
[17:01:53] Executing logout in 30 seconds.
[17:01:53] Cancel healing to remain logged in.
[17:01:56] Executing logout in 25 seconds.
[17:01:56] Cancel healing to remain logged in.
[17:02:02] Executing logout in 20 seconds.
[17:02:02] Cancel healing to remain logged in.
[17:02:07] Executing logout in 15 seconds.
[17:02:07] Cancel healing to remain logged in.
[17:02:12] Executing logout in 10 seconds.
[17:02:12] Cancel healing to remain logged in.
[17:02:15] Benoistndkugwui[PSandOria]:  ‚†‚†‚˜‚‰‚‚‚Œ.‚ƒ‚‚, GET FAST DELIVERY!šREMA/SU5/Item/gil/Gil/  Discount ->"vip05"
[17:02:17] Executing logout in 5 seconds.
[17:02:17] Cancel healing to remain logged in.
