[00:26:19] Sypherion : back by popular demand for ppl as buzzed as i am, who dare RvR 50K to 100M lets have excitement!
[00:27:25] Chharith : 100m lets goooo
[00:27:25] Chharity : 100m lets goooo
[00:27:25] Chharlotte : 100m lets goooo
[00:27:25] Chharutaru : 100m lets goooo
[00:27:25] Chharzilla : 100m lets goooo
[00:27:32] Sypherion : yassssss
[00:27:34] Dice roll! Chharzilla rolls 460!
[00:27:34] Dice roll! Chharlotte rolls 805!
[00:27:34] Dice roll! Chharity rolls 29!
[00:27:35] Dice roll! Chharith rolls 434!
[00:27:35] Dice roll! Chharutaru rolls 53!
[00:27:43] Dice roll! Sypherion rolls 651!
[00:27:48] Sypherion : win 4/5
[00:28:07] Rodcon : grats it's like the mega millions
[00:28:38] Dice roll! Lilium rolls 987!
[00:28:38] Dice roll! Wahrgott rolls 833!
[00:28:38] Dice roll! Wahrgottin rolls 349!
[00:28:38] Dice roll! Sypherion rolls 156!
[00:28:38] Dice roll! Cniles rolls 546!
[00:28:43] Dice roll! Chharutaru rolls 664!
[00:28:44] Dice roll! Chharzilla rolls 265!
[00:28:44] Dice roll! Chharith rolls 792!
[00:28:44] Dice roll! Chharlotte rolls 99!
[00:28:44] Dice roll! Chharity rolls 398!
[00:29:04] Chharith : ok im broke now
[00:31:48] Sypherion : yeaa except i rather of won the mega mil lol
[00:32:26] Chharlotte : got some gilz left! go for broke
[00:32:53] Chharlotte : RvR 1m challenge
[00:33:21] Sypherion : leggo
[00:33:34] Chharlotte : no not you, you always win
[00:33:57] Sypherion : lets get a 3rd person and do a 3 way rvrvr winner takes all!
[00:34:34] Sypherion : anyone rvrvr 1m? 
[00:34:46] Chharlotte : Roll vs. Roll vs. Roll 1m?  2/3 
[00:35:30] Sypherion : arent we all real ppl? its friday nigghttt? no one partying sheeee
[00:36:03] Chharutaru : i can confirm that I am real.. i think
[00:36:03] Chharlotte : i can confirm that I am real.. i think
[00:36:03] Chharity : i can confirm that I am real.. i think
[00:36:03] Chharzilla : i can confirm that I am real.. i think
[00:36:03] Chharith : i can confirm that I am real.. i think
[00:40:34] Dice roll! Gizmeaux rolls 912!
[00:41:00] Gizmeaux : i win
[00:43:01] Dice roll! Ubra rolls 983!
[00:43:08] Ubra : i win!
[00:43:26] Ubra waves to Tweedledi.
[00:43:33] Tweedledi cheers Ubra on!
[00:43:49] Ubra : where's Tweedledum?
[00:44:06] Vallyna : he ded
[00:45:41] Ubra : well tell him i said hi
[00:45:44] Ubra waves goodbye.
[01:25:14] Garuda readies Hastega II.
[01:25:15] Garuda uses Hastega II.
[01:25:15] {2}: Garuda and Siruby gain the effect of Haste.
[01:45:36] Moriyuki bows courteously to Snoopdawg.
[01:48:07] Rumix bows courteously to Snoopdawg.
Incantrix : Come to trade?
[01:55:06] Incantrix : Come to trade?
[01:55:06] Incantrix : Come to trade?
Incantrix : Your breath isn't ready for more magic yet. Give it...oh, I don't know...12 minutes (Earth time). 
[01:55:18] Incantrix : Your breath isn't ready for more magic yet. Give it...oh, I don't know...12 minutes (Earth time). 
[01:55:18] Incantrix : Your breath isn't ready for more magic yet. Give it...oh, I don't know...12 minutes (Earth time). 
[02:02:41] Einwol cheers Breitlen on!
[02:02:52] Breitlen waves to Einwol.
[02:03:42] Inyani synthesized a square of wool cloth.
[02:04:10] Inyani synthesized a square of wool cloth.
[02:04:33] Inyani synthesized a square of wool cloth.
[02:04:58] Inyani synthesized a square of wool cloth.
[02:05:22] Inyani synthesized a square of wool cloth.
[02:05:46] Inyani synthesized a square of wool cloth.
[02:06:10] Inyani synthesized a square of wool cloth.
[02:06:34] Inyani synthesized a square of wool cloth.
[02:06:58] Inyani synthesized a square of wool cloth.
[02:07:22] Inyani synthesized a square of wool cloth.
[02:07:46] Inyani synthesized a square of wool cloth.
[02:08:09] Inyani synthesized a square of wool cloth.
[02:08:38] Inyani synthesized a square of wool cloth.
[02:09:02] Inyani synthesized a square of wool cloth.
[02:09:26] Inyani synthesized a square of wool cloth.
[02:09:50] Inyani synthesized a square of wool cloth.
[02:10:14] Inyani synthesized a square of wool cloth.
[02:10:38] Inyani synthesized a square of wool cloth.
[02:10:43] Ujizero unleashes a burst of runic energy at Darthkrisco.
[02:11:02] Inyani synthesized a square of wool cloth.
[02:11:16] Sennik waves to Breitlen.
[02:11:21] Breitlen waves to Sennik.
[02:11:25] Inyani synthesized a square of wool cloth.
[02:11:49] Inyani synthesized a square of wool cloth.
[02:12:14] Inyani synthesized a square of wool cloth.
[02:12:38] Inyani synthesized a square of wool cloth.
[02:13:02] Inyani synthesized a square of wool cloth.
[02:13:31] Inyani synthesized a square of wool cloth.
[02:13:55] Inyani synthesized a square of wool cloth.
[02:14:18] Inyani synthesized a square of wool cloth.
[02:14:43] Inyani synthesized a square of wool cloth.
[02:15:07] Inyani synthesized a square of wool cloth.
[02:15:31] Inyani synthesized a square of wool cloth.
[02:15:56] Inyani synthesized a square of wool cloth.
[02:16:19] Inyani synthesized a square of wool cloth.
[02:16:43] Inyani synthesized a square of wool cloth.
[02:16:57] Karrym lost a smithing kit 15.
[02:17:07] Inyani synthesized a square of wool cloth.
[02:17:35] Karrym lost a smithing kit 15.
[02:18:07] Karrym lost a smithing kit 15.
[02:18:30] Karrym lost a smithing kit 15.
[02:19:17] Karrym synthesized a tin ingot.
[02:19:39] Karrym lost a smithing kit 15.
[02:20:07] Karrym lost a smithing kit 15.
[02:20:30] Karrym synthesized a tin ingot.
[02:20:54] Karrym synthesized a tin ingot.
[02:21:15] Karrym lost a smithing kit 15.
[02:21:57] Karrym synthesized a tin ingot.
[02:22:21] Karrym synthesized a tin ingot.
[02:23:09] Karrym synthesized a tin ingot.
[02:23:33] Karrym synthesized a tin ingot.
[02:23:57] Karrym synthesized a tin ingot.
[02:24:21] Karrym synthesized a tin ingot.
[02:24:45] Karrym synthesized a tin ingot.
[02:25:09] Karrym synthesized a tin ingot.
[02:25:32] Karrym synthesized a tin ingot.
[02:25:55] Karrym lost a smithing kit 15.
[02:26:21] Karrym synthesized a tin ingot.
[02:26:43] Karrym lost a smithing kit 15.
[02:27:09] Karrym synthesized a tin ingot.
[02:27:33] Karrym synthesized a tin ingot.
[02:27:55] Karrym lost a smithing kit 15.
[02:28:21] Karrym synthesized a tin ingot.
[02:28:45] Karrym synthesized a tin ingot.
[02:29:09] Karrym synthesized a tin ingot.
[02:29:33] Karrym synthesized a tin ingot.
[02:29:57] Karrym synthesized a tin ingot.
[02:30:21] Karrym synthesized a tin ingot.
[02:30:45] Karrym synthesized a tin ingot.
[02:31:09] Karrym synthesized a tin ingot.
[02:31:33] Karrym synthesized a tin ingot.
[02:31:55] Karrym lost a smithing kit 15.
[02:32:21] Karrym synthesized a tin ingot.
[03:00:23] You have undertaken the limited-time Records of Eminence challenge ｲVanquish Undead.ｳ
[03:04:41] Kagetejun waves to Antivirusx.
[03:10:18] Moriyuki bows courteously to Droske.
[03:11:02] Rumix bows courteously to Droske.
[03:17:43] Darthkrisco points at Stonerbabe.
[03:28:16] Chharlotte : Roll vs. Roll 1m, who want's to gamble?
[03:28:17] Echodiz : wtf its busy. jesus lol
[03:29:09] Chharlotte : Roll vs. Roll 1m, who want's to gamble?
[03:47:12] Dice roll! Chharlotte rolls 203!
[03:47:18] Chharlotte : would have lost 1m
[04:48:09] Thesteja : anyone selling kin scale?
Incantrix : Come to trade?
[05:44:26] Incantrix : Come to trade?
[05:44:26] Incantrix : Come to trade?
Incantrix : I's able to use my magic on your breath 1 more time.
[05:44:31] Incantrix : I's able to use my magic on your breath 1 more time.
[05:44:31] Incantrix : I's able to use my magic on your breath 1 more time.
Incantrix : Now, don'tcha move one ilm...
[05:44:35] Incantrix : Now, don'tcha move one ilm...
[05:44:35] Incantrix : Now, don'tcha move one ilm...
[05:44:37] Obtained key item: Mystical canteen.
Incantrix : Come to trade?
[05:44:50] Incantrix : Come to trade?
[05:44:50] Incantrix : Come to trade?
Incantrix : Your blessing net yet recovered, so I no can help. Come back in 16 hours and 22 minutes.
[05:44:56] Incantrix : Your blessing net yet recovered, so I no can help. Come back in 16 hours and 22 minutes.
[05:44:56] Incantrix : Your blessing net yet recovered, so I no can help. Come back in 16 hours and 22 minutes.
Incantrix : Hm? You've already gots yourself a mystical canteen. Don't push your luck.
[05:44:59] Incantrix : Hm? You've already gots yourself a mystical canteen. Don't push your luck.
[05:44:59] Incantrix : Hm? You've already gots yourself a mystical canteen. Don't push your luck.
[05:45:10] You can't cast warp, attempting to use Warp Ring instead, /heal to cancel.
[05:45:11] Molyoly uses a warp ring.
[05:45:50] === Area: Lower Jeuno ===
[05:45:56] The maximum number of people are already participating in Unity chat. Please try again later.
[05:45:56] This area is currently affected by the Super Kupower: ｲThrifty Transitｳ!
[05:45:56] This area is currently affected by the Super Kupower: ｲArtisan's Advantageｳ!
[05:45:56] This area is currently affected by the Super Kupower: ｲSwift Shoesｳ!
[05:45:59] superwarp: No homepoints found! Retrying...
[05:46:02] superwarp: Warping via Home Point #1 to Norg - Auction House (F).
[05:46:10] === Area: Norg ===
[05:46:19] This area is currently affected by the Super Kupower: ｲThrifty Transitｳ!
[05:46:19] This area is currently affected by the Super Kupower: ｲArtisan's Advantageｳ!
[05:46:19] This area is currently affected by the Super Kupower: ｲSwift Shoesｳ!
[05:46:22] Cooldogr[NSandOria]: Odysseyt1t2t3Arebati Kalunga Xevioso Ngai Mboze Ongo Bumba V0 Clear Mind Buy?
[05:46:28] Shmilywowo[BastokMark]: Escha - Zi'Tah Escha - Ru'Aun Reisenjima T1T2T3 ALL Item ABJ Telos Earring Reiki Yotai Do you need it? /tell Buy? 
[05:46:35] Masxiaosan[LowJeuno]: Telos Earring Reiki Yotai Do you need it? /tell Buy?  
[05:46:36] Blkuyfvd[BastokMine]: Sell abyssea empy Weapon Shop Item LV80 85 90 Do you need it? /tell
[05:46:41] Kimfaeonic[PortBastok]: Aeonic/ioniッkuuェpon 3zone Clear Mind Do you need it? Buy? 50M /tell
[05:46:50] Zatazma[PortBastok]: ZNM T4 Sarameya Tinnin Tyger Item win Do you need it? Buy? /tell
[05:46:53] Cooldogr[NSandOria]: Odysseyt1t2t3Arebati Kalunga Xevioso Ngai Mboze Ongo Bumba V0 Clear Mind Buy?
[05:47:10] Warbandi[NSandOria]: HTBF Divine Might II VD Do you need it? /tell 
[05:47:14] {Apururu} Hm!? A group of monsters has appeared in advance of Quetzalcoatl! Please, hurry-wurry to ?-? in Reisenjima immediately!
[05:47:17] Jocror[BastokMark]: Tinnin Sarameya Tyger win Item all 3 Do you need it? Buy? /tell Thank you.
[05:47:24] Cooldogr[NSandOria]: Odysseyt1t2t3Arebati Kalunga Xevioso Ngai Mboze Ongo Bumba V0 Clear Mind Buy?
[05:47:26] Nomad Moogle : I'm a traveling moogle, kupo. I help adventurers in the Outlands access items they have stored in a Mog House elsewhere, kupo.
[05:47:29] Shmilywowo[BastokMark]: Escha - Zi'Tah Escha - Ru'Aun Reisenjima T1T2T3 ALL Item ABJ Telos Earring Reiki Yotai Do you need it? /tell Buy? 
[05:47:37] Masxiaosan[LowJeuno]: Telos Earring Reiki Yotai Do you need it? /tell Buy?  
[05:47:40] {Touchmehh} no
[05:47:42] You take the torsoshard: WAR out of delivery slot 2.
[05:47:47] You take the juglan jumble out of delivery slot 3.
[05:47:48] Kimfaeonic[PortBastok]: Aeonic/ioniッkuuェpon 3zone Clear Mind Do you need it? Buy? 50M /tell
[05:47:51] Odyeesnm[BastokMine]: Odyssey T4 Bumba T3 Ngai Mboze Xevioso Ongo Arebati Kalunag Clear Mind v0v1 Odyssey C SEG Buy?
[05:47:53] Zatazma[PortBastok]: ZNM T4 Sarameya Tinnin Tyger Item win Do you need it? Buy? /tell
[05:47:55] Cooldogr[NSandOria]: Odysseyt1t2t3Arebati Kalunga Xevioso Ngai Mboze Ongo Bumba V0 Clear Mind Buy?
[05:47:59] You take the moon carrot out of delivery slot 6.
[05:48:02] Dortwo[EastAdoulin]: any Vagary mercs around? price?
[05:48:04] You take the chunk of wootz ore out of delivery slot 5.
[05:48:05] Wukonk[Whitegate]: Tinnin Sarameya Tyger win Item all 3 Do you need it? /tell Thank you.
[05:48:05] Warbandi[SSandOria]: HTBF Divine Might II VD Do you need it? /tell 
[05:48:10] You take the kyudogi out of delivery slot 8.
[05:48:12] Your inventory is full.
[05:48:15] Your inventory is full.
[05:48:18] Your inventory is full.
[05:48:21] Your inventory is full.
[05:48:26] Cooldogr[NSandOria]: Odysseyt1t2t3Arebati Kalunga Xevioso Ngai Mboze Ongo Bumba V0 Clear Mind Buy?
[05:48:30] Your inventory is full.
[05:48:32] Shmilywowo[BastokMark]: Escha - Zi'Tah Escha - Ru'Aun Reisenjima T1T2T3 ALL Item ABJ Telos Earring Reiki Yotai Do you need it? /tell Buy? 
[05:48:36] Blkuyfvd[BastokMine]: Sell abyssea empy Weapon Shop Item LV80 85 90 Do you need it? /tell
[05:48:39] Masxiaosan[LowJeuno]: Telos Earring Reiki Yotai Do you need it? /tell Buy?  
[05:48:45] {Apururu} Bad news! Have you heard of Quetzalcoatl? Well they say he's appeared in Reisenjima (?-?) and seems very upsetaru!
[05:48:47] Slot 8:
[05:48:47] The money the buyer paid for the silver obi you put on auction, 25,000 gil.
[05:48:51] You take the 25,000 gil out of delivery slot 8.
[05:48:55] Zatazma[PortBastok]: ZNM T4 Sarameya Tinnin Tyger Item win Do you need it? Buy? /tell
[05:48:57] Cooldogr[NSandOria]: Odysseyt1t2t3Arebati Kalunga Xevioso Ngai Mboze Ongo Bumba V0 Clear Mind Buy?
[05:49:05] Gargurty[PortJeuno]: Beitetsu, S. Astral Detritus, H-P Bayld Bazaar (F-8)
[05:49:13] Slot 8:
[05:49:13] The money the buyer paid for the silver obi you put on auction, 25,000 gil.
[05:49:15] Warbandi[SSandOria]: HTBF Divine Might II VD Do you need it? /tell 
[05:49:17] You take the 25,000 gil out of delivery slot 8.
[05:49:17] Jocror[BastokMark]: Tinnin Sarameya Tyger win Item all 3 Do you need it? Buy? /tell Thank you.
[05:49:18] Kimfaeonic[PortBastok]: Aeonic/ioniッkuuェpon 3zone Clear Mind Do you need it? Buy? 50M /tell
[05:49:23] Your inventory is full.
[05:49:28] Cooldogr[NSandOria]: Odysseyt1t2t3Arebati Kalunga Xevioso Ngai Mboze Ongo Bumba V0 Clear Mind Buy?
[05:49:34] Shmilywowo[BastokMark]: Escha - Zi'Tah Escha - Ru'Aun Reisenjima T1T2T3 ALL Item ABJ Telos Earring Reiki Yotai Do you need it? /tell Buy? 
[05:49:36] Slot 8:
[05:49:36] The money the buyer paid for the uruz blade you put on auction, 20,000 gil.
[05:49:40] You take the 20,000 gil out of delivery slot 8.
[05:49:41] Masxiaosan[LowJeuno]: Telos Earring Reiki Yotai Do you need it? /tell Buy?  
[05:49:44] {Apururu} Thank goodness! It looks like that naughty-waughty Quetzalcoatl in Reisenjima is no more. And it looks like our girl got away just fine-wine.
[05:49:45] {Apururu} Hmm... I believe we've defeated 9070 monsters in a row. That makes for a total-wotal of 116689 monsters.
[05:49:52] Odyeesnm[BastokMine]: Odyssey T4 Bumba T3 Ngai Mboze Xevioso Ongo Arebati Kalunag Clear Mind v0v1 Odyssey C SEG Buy?
[05:49:56] Warbandi[SSandOria]: HTBF Divine Might II VD Do you need it? /tell  DD Can I have it?
[05:49:57] Zatazma[PortBastok]: ZNM T4 Sarameya Tinnin Tyger Item win Do you need it? Buy? /tell
[05:49:59] Cooldogr[NSandOria]: Odysseyt1t2t3Arebati Kalunga Xevioso Ngai Mboze Ongo Bumba V0 Clear Mind Buy?
[05:50:01] Fczjse[PSandOria]: OmenFU Shulmanu Collar Niqmaddu Ring Middleboss Buy? tell
[05:50:15] Wukonk[Whitegate]: Tinnin Sarameya Tyger win Item all 3 Do you need it? /tell Thank you.
[05:50:30] Cooldogr[NSandOria]: Odysseyt1t2t3Arebati Kalunga Xevioso Ngai Mboze Ongo Bumba V0 Clear Mind Buy?
[05:50:36] Blkuyfvd[BastokMine]: Sell abyssea empy Weapon Shop Item LV80 85 90 Do you need it? /tell
[05:50:37] Shmilywowo[BastokMark]: Escha - Zi'Tah Escha - Ru'Aun Reisenjima T1T2T3 ALL Item ABJ Telos Earring Reiki Yotai Do you need it? /tell Buy? 
[05:50:41] Fczjse[PSandOria]: OmenFU Shulmanu Collar Niqmaddu Ring Middleboss Buy? tell
[05:50:44] Masxiaosan[LowJeuno]: Telos Earring Reiki Yotai Do you need it? /tell Buy?  
[05:50:48] Kimfaeonic[PortBastok]: Aeonic/ioniッkuuェpon 3zone Clear Mind Do you need it? Buy? 50M /tell
[05:50:54] Warbandi[SSandOria]: HTBF Divine Might II VD Do you need it? /tell  DD Can I have it?
[05:50:59] {Apururu} Oh dear, one of our members-wembers in Escha - Zi'Tah says that Azi Dahaka could appear around H-8 anytime in the next 10 minutes. Would you please go and see if she's alrightaru?
[05:51:00] Zatazma[PortBastok]: ZNM T4 Sarameya Tinnin Tyger Item win Do you need it? Buy? /tell
[05:51:01] Cooldogr[NSandOria]: Odysseyt1t2t3Arebati Kalunga Xevioso Ngai Mboze Ongo Bumba V0 Clear Mind Buy?
[05:51:17] Jocror[BastokMark]: Tinnin Sarameya Tyger win Item all 3 Do you need it? Buy? /tell Thank you.
[05:51:21] Fczjse[PSandOria]: OmenFU Shulmanu Collar Niqmaddu Ring Middleboss Buy? tell
[05:51:27] Gargurty[PortJeuno]: Beitetsu, S. Astral Detritus, H-P Bayld Bazaar (F-8)
[05:51:32] Cooldogr[NSandOria]: Odysseyt1t2t3Arebati Kalunga Xevioso Ngai Mboze Ongo Bumba V0 Clear Mind Buy?
[05:51:38] Shmilywowo[BastokMark]: Escha - Zi'Tah Escha - Ru'Aun Reisenjima T1T2T3 ALL Item ABJ Telos Earring Reiki Yotai Do you need it? /tell Buy? 
[05:51:46] Masxiaosan[LowJeuno]: Telos Earring Reiki Yotai Do you need it? /tell Buy?  
[05:51:54] Odyeesnm[BastokMine]: Odyssey T4 Bumba T3 Ngai Mboze Xevioso Ongo Arebati Kalunag Clear Mind v0v1 Odyssey C SEG Buy?
[05:51:56] Executing logout in 30 seconds.
[05:51:56] Cancel healing to remain logged in.
[05:52:00] Executing logout in 25 seconds.
[05:52:00] Cancel healing to remain logged in.
[05:52:01] Fczjse[PSandOria]: OmenFU Shulmanu Collar Niqmaddu Ring Middleboss Buy? tell
[05:52:02] Zatazma[PortBastok]: ZNM T4 Sarameya Tinnin Tyger Item win Do you need it? Buy? /tell
[05:52:03] Cooldogr[NSandOria]: Odysseyt1t2t3Arebati Kalunga Xevioso Ngai Mboze Ongo Bumba V0 Clear Mind Buy?
[05:52:03] Warbandi[SSandOria]: HTBF Divine Might II VD Do you need it? /tell  DD Can I have it?
[05:52:05] Executing logout in 20 seconds.
[05:52:05] Cancel healing to remain logged in.
[05:52:09] Executing logout in 15 seconds.
[05:52:09] Cancel healing to remain logged in.
[05:52:14] Executing logout in 10 seconds.
[05:52:14] Cancel healing to remain logged in.
[05:52:18] Kimfaeonic[PortBastok]: Aeonic/ioniッkuuェpon 3zone Clear Mind Do you need it? Buy? 50M /tell
[05:52:19] Executing logout in 5 seconds.
[05:52:19] Cancel healing to remain logged in.
[05:52:25] Wukonk[Whitegate]: Tinnin Sarameya Tyger win Item all 3 Do you need it? /tell Thank you.
[08:27:40] === Area: Norg ===
[08:27:40] *****DP Job Selection:MNK*****
[08:27:40] Mode: Default.
[08:27:40] React: Loading File: react_MNK.lua
[08:27:42] Size already 20.
[08:27:42] ConsoleBG: Position changed! X: 15 Y: 50
[08:27:42] Loaded default Battlemod filters
[08:27:46] Odyeesnm[BastokMine]: Odyssey T4 Bumba T3 Ngai Mboze Xevioso Ongo Arebati Kalunag Clear Mind v0v1 Odyssey C SEG Buy?
[08:27:47] <<< Welcome to Asura! >>>
[08:27:47] Announcing the winning numbers for the 20th Vana'versary Nomad Mog Bonanza!
[08:27:47] 
[08:27:47]  
[08:27:47] 
[08:27:47] Rank 3 prize: "7" (last digit)-- 20,471 winners.
[08:27:47] 
[08:27:47] Rank 2 prize: "04" (last two digits)-- 2,010 winners.
[08:27:47] 
[08:27:47] Rank 1 prize: "854" (all three digits)-- 185 winners.
[08:27:47] 
[08:27:47] *The number of winners for each prize is a combined total from all worlds.
[08:27:47] 
[08:27:47]  
[08:27:47] 
[08:27:47] Collection period: On July 14, 2022 at 1:00 (PDT) / 8:00 (GMT) to July 31, at 7:59 (PDT) / 14:59 (GMT)
[08:27:47] 
[08:27:47] Details on the prize can be confirmed by speaking to a Bonanza Moogle at one of the following locations:
[08:27:47] 
[08:27:47] Port San d'Oria (I-9) / Port Bastok (L-8) / Port Windurst (F-6) / Chocobo Circuit (H-8)
[08:27:48] You have undertaken the limited-time Records of Eminence challenge ｲSpoils (Seals).ｳ
[08:27:48] This area is currently affected by the Super Kupower: ｲThrifty Transitｳ!
[08:27:48] This area is currently affected by the Super Kupower: ｲArtisan's Advantageｳ!
[08:27:48] This area is currently affected by the Super Kupower: ｲSwift Shoesｳ!
[08:27:48] The maximum number of people are already participating in Unity chat. Please try again later.
[08:27:54] Sesshmaru[Rabao]: Odyssey C Looking for members. yWHM 5/6
[08:28:02] Engetsu[PortJeuno]: ody C segs Team up? tank brd Can I have it?
[08:28:07] Cooldogr[NSandOria]: Odysseyt1t2t3Arebati Kalunga Xevioso Ngai Mboze Ongo Bumba V0 Clear Mind Buy?
[08:28:09] Fczjse[PSandOria]: Omen FU Shulmanu Collar Middleboss Do you need it? Buy? tell
[08:28:18] Kimfaeonic[PortBastok]: Aeonic/ioniッkuuェpon 3zone Clear Mind Do you need it? Buy? 50M /tell 3/4
[08:28:25] Wukonk[Whitegate]: Tinnin Sarameya Tyger win Item all 3 Do you need it? /tell Thank you.
[08:28:31] Gjnwjmi[WestAdoulin]: Saffron Blossom or Saffron Do you have it? Sell? /tell 
[08:28:33] Sesshmaru[Rabao]: Odyssey C Looking for members. yWHM 5/6
[08:28:36] Blkuyfvd[BastokMine]: Sell abyssea empy Weapon Shop Item LV80 85 90 Do you need it? /tell
[08:28:39] Cooldogr[NSandOria]: Odysseyt1t2t3Arebati Kalunga Xevioso Ngai Mboze Ongo Bumba V0 Clear Mind Buy?
[08:28:44] Zatazma[PortBastok]: ZNM T4 Sarameya Tinnin Tyger Item win Do you need it? Buy? /tell
[08:28:46] Babbbw[BastokMine]: Odyssey T1-T2 V15*T3 Kalunga V15*T4 Bumba V15 Win Sheol.C-Seg Do you need it? Buy? /tell
[08:28:49] Fczjse[PSandOria]: Omen FU Shulmanu Collar Middleboss Do you need it? Buy? tell
[08:29:02] Executing logout in 30 seconds.
[08:29:02] Cancel healing to remain logged in.
[08:29:05] Executing logout in 25 seconds.
[08:29:05] Cancel healing to remain logged in.
[08:29:09] Cooldogr[NSandOria]: Odysseyt1t2t3Arebati Kalunga Xevioso Ngai Mboze Ongo Bumba V0 Clear Mind Buy?
[08:29:10] Executing logout in 20 seconds.
[08:29:10] Cancel healing to remain logged in.
[08:29:15] Executing logout in 15 seconds.
[08:29:15] Cancel healing to remain logged in.
[08:29:17] Jocror[BastokMark]: Tinnin Sarameya Tyger win Item all 3 Do you need it? Buy? /tell Thank you.
[08:29:20] Executing logout in 10 seconds.
[08:29:20] Cancel healing to remain logged in.
[08:29:23] Engetsu[PortJeuno]: ody C segs Team up? tank brd Can I have it?
[08:29:26] Executing logout in 5 seconds.
[08:29:26] Cancel healing to remain logged in.
[08:29:29] Fczjse[PSandOria]: Omen FU Shulmanu Collar Middleboss Do you need it? Buy? tell
[16:03:09] === Area: Norg ===
[16:03:09] *****DP Job Selection:MNK*****
[16:03:09] Mode: Default.
[16:03:09] React: Loading File: react_MNK.lua
[16:03:11] Size already 20.
[16:03:11] ConsoleBG: Position changed! X: 15 Y: 50
[16:03:12] Loaded default Battlemod filters
[16:03:16] <<< Welcome to Asura! >>>
[16:03:16] Announcing the winning numbers for the 20th Vana'versary Nomad Mog Bonanza!
[16:03:16] 
[16:03:16]  
[16:03:16] 
[16:03:16] Rank 3 prize: "7" (last digit)-- 20,471 winners.
[16:03:16] 
[16:03:16] Rank 2 prize: "04" (last two digits)-- 2,010 winners.
[16:03:16] 
[16:03:16] Rank 1 prize: "854" (all three digits)-- 185 winners.
[16:03:16] 
[16:03:16] *The number of winners for each prize is a combined total from all worlds.
[16:03:16] 
[16:03:16]  
[16:03:16] 
[16:03:16] Collection period: On July 14, 2022 at 1:00 (PDT) / 8:00 (GMT) to July 31, at 7:59 (PDT) / 14:59 (GMT)
[16:03:16] 
[16:03:16] Details on the prize can be confirmed by speaking to a Bonanza Moogle at one of the following locations:
[16:03:16] 
[16:03:16] Port San d'Oria (I-9) / Port Bastok (L-8) / Port Windurst (F-6) / Chocobo Circuit (H-8)
[16:03:18] You have undertaken the limited-time Records of Eminence challenge ｲVanquish Plantoids.ｳ
[16:03:18] This area is currently affected by the Super Kupower: ｲThrifty Transitｳ!
[16:03:18] This area is currently affected by the Super Kupower: ｲArtisan's Advantageｳ!
[16:03:18] This area is currently affected by the Super Kupower: ｲSwift Shoesｳ!
[16:03:18] The maximum number of people are already participating in Unity chat. Please try again later.
[16:03:18] The July 2022 Login Campaign is currently underway!
[16:03:18] 
[16:03:18] In celebration of your most recent login (login no. 20), we have provided you with 100 points!
[16:03:18] You currently have a total of 3900 points.
[16:03:18] We hope you enjoy this complimentary little gift, courtesy of the citizens of Vana'diel!
[16:03:18] Obtained: Special gobbiedial key.
[16:03:18] Jocror[BastokMark]: Tinnin Sarameya Tyger win Item all 3 Do you need it? Buy? /tell Thank you.
[16:03:24] Lothloran[Rabao]: new Linkshell Volkswachter Looking for members. Event/Social, Ambu, Seg, Omen, Dyna EST /tell or come Rabao (G-7)
[16:03:41] Asbrandrnkldd[NSandOria]:  ｆｆｘｉｐａｌ.ｃｏｍ, GET FAST DELIVERY!★REMA/SU5/Item/gil/Gil/  Discount ->"vip05"
[16:04:03] Executing logout in 30 seconds.
[16:04:03] Cancel healing to remain logged in.
[16:04:07] Executing logout in 25 seconds.
[16:04:07] Cancel healing to remain logged in.
[16:04:11] Megadeathe[Whitegate]:  building bridges assault Do you need it? 2/??
[16:04:12] Executing logout in 20 seconds.
[16:04:12] Cancel healing to remain logged in.
[16:04:17] Executing logout in 15 seconds.
[16:04:17] Cancel healing to remain logged in.
[16:04:22] Executing logout in 10 seconds.
[16:04:22] Cancel healing to remain logged in.
[16:04:27] Executing logout in 5 seconds.
[16:04:27] Cancel healing to remain logged in.
[16:04:32] Arcticcat[Norg]: Omen card Farm .. Do you need it? SAM, RDM, BLM, WHM, WAR, GEO, SCH Yes, please. /tell
