[13:19:11] === Area: Port San d'Oria ===
[13:19:11] React: Loading File: react_WHM.lua
[13:19:11] *****DP Job Selection:WHM*****
[13:19:11] Mode: Magic.
[13:19:11]  White = Can not cast.
[13:19:11]  Green = Casting Range
[13:19:13] Size already 20.
[13:19:13] ConsoleBG: Position changed! X: 15 Y: 50
[13:19:19] <<< Welcome to Asura! >>>
[13:19:19] Announcing the winning numbers for the 20th Vana'versary Nomad Mog Bonanza!
[13:19:19] 
[13:19:19]  
[13:19:19] 
[13:19:19] Rank 3 prize: "7" (last digit)-- 20,471 winners.
[13:19:19] 
[13:19:19] Rank 2 prize: "04" (last two digits)-- 2,010 winners.
[13:19:19] 
[13:19:19] Rank 1 prize: "854" (all three digits)-- 185 winners.
[13:19:19] 
[13:19:19] *The number of winners for each prize is a combined total from all worlds.
[13:19:19] 
[13:19:19]  
[13:19:19] 
[13:19:19] Collection period: On July 14, 2022 at 1:00 (PDT) / 8:00 (GMT) to July 31, at 7:59 (PDT) / 14:59 (GMT)
[13:19:19] 
[13:19:19] Details on the prize can be confirmed by speaking to a Bonanza Moogle at one of the following locations:
[13:19:19] 
[13:19:19] Port San d'Oria (I-9) / Port Bastok (L-8) / Port Windurst (F-6) / Chocobo Circuit (H-8)
[13:19:20] You have undertaken the limited-time Records of Eminence challenge ｲMagic Damage Kills.ｳ
[13:19:20] The July 2022 Login Campaign is currently underway!
[13:19:20] 
[13:19:20] The maximum number of people are already participating in Unity chat. Please try again later.
[13:19:20] In celebration of your most recent login (login no. 13), we have provided you with 100 points!
[13:19:20] You currently have a total of 3200 points.
[13:19:20] We hope you enjoy this complimentary little gift, courtesy of the citizens of Vana'diel!
[13:19:20] Obtained: Special gobbiedial key.
[13:19:30] Vwx[Mhaura]: Ambuscade V.1 VD Do you need it?  4m 1run Buy? /tell
Habitox : Oho, ya feelin' lucky 'nough tah takes a stab at da myst'ry box?
[13:19:35] Habitox : Oho, ya feelin' lucky 'nough tah takes a stab at da myst'ry box?
[13:19:35] Habitox : Oho, ya feelin' lucky 'nough tah takes a stab at da myst'ry box?
[13:19:41] Fczjst[PSandOria]: Omen FU Shulmanu Collar Middleboss Do you need it? Buy?tell
Habitox : Ya wanna open dat sucker up? Okay, but which dial ya be wantin'?
[13:19:48] Habitox : Ya wanna open dat sucker up? Okay, but which dial ya be wantin'?
[13:19:48] Habitox : Ya wanna open dat sucker up? Okay, but which dial ya be wantin'?
Habitox : So ya be wantin' the special dial?M'kay, get yerself all steeled up, 'cause here we go! 'Member, no complaints!
[13:19:52] Habitox : So ya be wantin' the special dial?
[13:19:52] 　M'kay, get yerself all steeled up, 'cause here we go! 'Member, no complaints!
[13:19:52] Habitox : So ya be wantin' the special dial?
[13:19:52] 　M'kay, get yerself all steeled up, 'cause here we go! 'Member, no complaints!
Habitox : Dis box is full o' myst'ries,♪Dat span da realm's his'try,♪So whatcha gonna get from da chest...o'...uh, fortunery?♪
[13:19:53] Habitox : Dis box is full o' myst'ries,♪
[13:19:53] 　Dat span da realm's his'try,♪
[13:19:53] 　So whatcha gonna get from da chest...o'...uh, fortunery?♪
[13:19:53] Habitox : Dis box is full o' myst'ries,♪
[13:19:53] 　Dat span da realm's his'try,♪
[13:19:53] 　So whatcha gonna get from da chest...o'...uh, fortunery?♪
Habitox : Oooh, looks at what popped out! I hopes it makes yer adventures dat much more adventumarous!
[13:19:58] Habitox : Oooh, looks at what popped out! I hopes it makes yer adventures dat much more adventumarous!
[13:19:58] Habitox : Oooh, looks at what popped out! I hopes it makes yer adventures dat much more adventumarous!
[13:19:59] Katoo[Whitegate]: ZNM T4 Sarameya Tinnin Tyger Item win Do you need it? Buy? /tell
[13:20:00] Rsdgwrg : Buy And Sell FF11 Gil At  WVVW.P2PAH.COM   1000K =0.5$..vbu
[13:20:01] Obtained: Spider web.
[13:20:01] You have used 50 points of your daily tally!
[13:20:22] Fczjst[PSandOria]: Omen FU Shulmanu Collar Middleboss Do you need it? Buy?tell
[13:20:37] Kimcaeonic[BastokMine]: Aeonic/ioniッkuuェpon ReisenjimaFull or HelmT4 x7 Clear Mind Buy? /tell
[13:20:49] Aeschreaskytpse[SSandOria]:  ｆｆｘｉｐａｌ.ｃｏｍ, GET FAST DELIVERY!★REMA/SU5/Item/gil/Gil/  Discount ->"July2022"
[13:20:50] Rsdgwrg : Buy And Sell FF11 Gil At  WVVW.P2PAH.COM   1000K =0.5$..akk
[13:21:01] Katoo[Whitegate]: ZNM T4 Sarameya Tinnin Tyger Item win Do you need it? Buy? /tell
[13:21:02] Fczjst[PSandOria]: Omen FU Shulmanu Collar Middleboss Do you need it? Buy?tell
Habitox : Oho, ya feelin' lucky 'nough tah takes a stab at da myst'ry box?
[13:21:05] Habitox : Oho, ya feelin' lucky 'nough tah takes a stab at da myst'ry box?
[13:21:05] Habitox : Oho, ya feelin' lucky 'nough tah takes a stab at da myst'ry box?
Habitox : Ya wanna open dat sucker up? Okay, but which dial ya be wantin'?
[13:21:06] Habitox : Ya wanna open dat sucker up? Okay, but which dial ya be wantin'?
[13:21:06] Habitox : Ya wanna open dat sucker up? Okay, but which dial ya be wantin'?
[13:21:37] Blop[WindWoods]: what direction is HQ for earth crystals?
[13:21:42] Rsdgwrg : Buy And Sell FF11 Gil At  WVVW.P2PAH.COM   1000K =0.5$..xmi
[13:21:42] Fczjst[PSandOria]: Omen FU Shulmanu Collar Middleboss Do you need it? Buy?tell
[13:21:45] Wotasu[Rabao]: That way
Habitox : Oho, ya feelin' lucky 'nough tah takes a stab at da myst'ry box?
[13:21:52] Habitox : Oho, ya feelin' lucky 'nough tah takes a stab at da myst'ry box?
[13:21:52] Habitox : Oho, ya feelin' lucky 'nough tah takes a stab at da myst'ry box?
[13:21:52] Roelic[SSandOria]: that is myth
Habitox : Ya wanna open dat sucker up? Okay, but which dial ya be wantin'?
[13:21:54] Habitox : Ya wanna open dat sucker up? Okay, but which dial ya be wantin'?
[13:21:54] Habitox : Ya wanna open dat sucker up? Okay, but which dial ya be wantin'?
[13:22:01] Screenshot saved. (30/200)
[13:22:03] Panqueca[BastokMine]: Makes literally no difference.
[13:22:04] Katoo[Whitegate]: ZNM T4 Sarameya Tinnin Tyger Item win Do you need it? Buy? /tell
[13:22:05] Executing logout in 30 seconds.
[13:22:05] Cancel healing to remain logged in.
[13:22:07] Kimcaeonic[BastokMine]: Aeonic/ioniッkuuェpon ReisenjimaFull or HelmT4 x7 Clear Mind Buy? /tell
[13:22:09] Enlarge[Mhaura]:  lol directions 
[13:22:09] Executing logout in 25 seconds.
[13:22:09] Cancel healing to remain logged in.
[13:22:14] Executing logout in 20 seconds.
[13:22:14] Cancel healing to remain logged in.
[13:22:17] Spicyken[WindWalls]: Left
[13:22:19] Executing logout in 15 seconds.
[13:22:19] Cancel healing to remain logged in.
[13:22:21] Fczjst[PSandOria]: Omen FU Shulmanu Collar Middleboss Do you need it? Buy?tell
[13:22:24] Executing logout in 10 seconds.
[13:22:24] Cancel healing to remain logged in.
[13:22:29] Executing logout in 5 seconds.
[13:22:29] Cancel healing to remain logged in.
[13:22:32] Rsdgwrg : Buy And Sell FF11 Gil At  WVVW.P2PAH.COM   1000K =0.5$..xpr
[13:22:34] Chharlotte[SSandOria]: you have to face the sky for earth crystals
