[10:54:37] === Area: Port San d'Oria ===
[10:54:38] React: Loading File: react_WHM.lua
[10:54:38] *****DP Job Selection:WHM*****
[10:54:38] Mode: Magic.
[10:54:38]  White = Can not cast.
[10:54:38]  Green = Casting Range
[10:54:40] Size already 20.
[10:54:40] ConsoleBG: Position changed! X: 15 Y: 50
[10:54:44] <<< Welcome to Asura! >>>
[10:54:44] Announcing the winning numbers for the 20th Vana'versary Nomad Mog Bonanza!
[10:54:44] 
[10:54:44]  
[10:54:44] 
[10:54:44] Rank 3 prize: "7" (last digit)-- 20,471 winners.
[10:54:44] 
[10:54:44] Rank 2 prize: "04" (last two digits)-- 2,010 winners.
[10:54:44] 
[10:54:44] Rank 1 prize: "854" (all three digits)-- 185 winners.
[10:54:44] 
[10:54:44] *The number of winners for each prize is a combined total from all worlds.
[10:54:44] 
[10:54:44]  
[10:54:44] 
[10:54:44] Collection period: On July 14, 2022 at 1:00 (PDT) / 8:00 (GMT) to July 31, at 7:59 (PDT) / 14:59 (GMT)
[10:54:44] 
[10:54:44] Details on the prize can be confirmed by speaking to a Bonanza Moogle at one of the following locations:
[10:54:44] 
[10:54:44] Port San d'Oria (I-9) / Port Bastok (L-8) / Port Windurst (F-6) / Chocobo Circuit (H-8)
[10:54:45] You have undertaken the limited-time Records of Eminence challenge ｲVanquish Plantoids.ｳ
[10:54:45] The maximum number of people are already participating in Unity chat. Please try again later.
Habitox : Oho, ya feelin' lucky 'nough tah takes a stab at da myst'ry box?
[10:54:50] Habitox : Oho, ya feelin' lucky 'nough tah takes a stab at da myst'ry box?
[10:54:50] Habitox : Oho, ya feelin' lucky 'nough tah takes a stab at da myst'ry box?
[10:54:51] Fczjse[PSandOria]: Omen FU Shulmanu Collar Niqmaddu Ring Do you need it? Buy?tell
[10:54:51] Masxiaosan[LowJeuno]: Telos Earring Reiki Yotai Do you need it? /tell Buy? 
Habitox : Ya wanna open dat sucker up? Okay, but which dial ya be wantin'?
[10:54:51] Habitox : Ya wanna open dat sucker up? Okay, but which dial ya be wantin'?
[10:54:51] Habitox : Ya wanna open dat sucker up? Okay, but which dial ya be wantin'?
Habitox : So ya be wantin' the special dial?M'kay, get yerself all steeled up, 'cause here we go! 'Member, no complaints!
[10:54:54] Habitox : So ya be wantin' the special dial?
[10:54:54] 　M'kay, get yerself all steeled up, 'cause here we go! 'Member, no complaints!
[10:54:54] Habitox : So ya be wantin' the special dial?
[10:54:54] 　M'kay, get yerself all steeled up, 'cause here we go! 'Member, no complaints!
Habitox : Dis box is full o' myst'ries,♪Dat span da realm's his'try,♪So whatcha gonna get from da chest...o'...uh, fortunery?♪
[10:54:55] Habitox : Dis box is full o' myst'ries,♪
[10:54:55] 　Dat span da realm's his'try,♪
[10:54:55] 　So whatcha gonna get from da chest...o'...uh, fortunery?♪
[10:54:55] Habitox : Dis box is full o' myst'ries,♪
[10:54:55] 　Dat span da realm's his'try,♪
[10:54:55] 　So whatcha gonna get from da chest...o'...uh, fortunery?♪
Habitox : Oooh, looks at what popped out! I hopes it makes yer adventures dat much more adventumarous!
[10:54:59] Habitox : Oooh, looks at what popped out! I hopes it makes yer adventures dat much more adventumarous!
[10:54:59] Habitox : Oooh, looks at what popped out! I hopes it makes yer adventures dat much more adventumarous!
[10:55:02] Odyesnm[BastokMine]: Odyssey T4 Bumba Clear Mind v1 unlock r15 Buy? 1 spot going 
[10:55:02] Obtained: Valor breeches -1.
[10:55:02] You have used 50 points of your daily tally!
[10:55:07] You throw away a pair of valor breeches -1.
[10:55:09] Ksods[Mhaura]: Ambuscade V.1 VD Do you need it? 3M/runs Buy? /tell
[10:55:11] Goblinrobber[Mhaura]: Intense Ambuscade D Do you need it? RDM(Bind) WHM SCH Can I have it? @4 /tell
[10:55:13] Eunnaa[PortBastok]: Ambuscade V.1 VD Do you need it? 3M Buy? /tell
[10:55:22] Executing logout in 30 seconds.
[10:55:22] Cancel healing to remain logged in.
[10:55:26] Executing logout in 25 seconds.
[10:55:26] Cancel healing to remain logged in.
[10:55:29] Aoora[PortBastok]: Ambuscade V.1 VD Do you need it? Buy? 3m/run
[10:55:31] Tredici[PSandOria]: Odyssey C Looking for members. TANK COR BRD DD /tell @2
[10:55:31] Executing logout in 20 seconds.
[10:55:31] Cancel healing to remain logged in.
[10:55:31] Fczjse[PSandOria]: Omen FU Shulmanu Collar Niqmaddu Ring Do you need it? Buy?tell
[10:55:34] Shmilywowo[BastokMark]: Escha - Zi'Tah Escha - Ru'Aun Reiki Yotai T1T2T3 ALL Item ABJ Reiki Yotai Telos Earring Do you need it? /tell  
[10:55:36] Executing logout in 15 seconds.
[10:55:36] Cancel healing to remain logged in.
[10:55:41] Executing logout in 10 seconds.
[10:55:41] Cancel healing to remain logged in.
[10:55:41] Kimgaeonic[BastokMark]: Aeonic/ioniッkuuェpon 3zone Clear Mind Do you need it? Buy? 50M /tell 1/4
[10:55:43] Goblinrobber[Mhaura]: Intense Ambuscade D Do you need it? RDM(Bind) WHM SCH Can I have it? @4 /tell
[10:55:46] Executing logout in 5 seconds.
[10:55:46] Cancel healing to remain logged in.
