[21:02:48] === Area: Port San d'Oria ===
[21:02:48] *****DP Job Selection:WHM*****
[21:02:48] Mode: Magic.
[21:02:48]  White = Can not cast.
[21:02:48]  Green = Casting Range
[21:02:48] React: Loading File: react_WHM.lua
[21:02:50] Size already 20.
[21:02:50] ConsoleBG: Position changed! X: 15 Y: 50
[21:02:55] <<< Welcome to Asura! >>>
[21:02:55] Announcing the winning numbers for the 20th Vana'versary Nomad Mog Bonanza!
[21:02:55] 
[21:02:55]  
[21:02:55] 
[21:02:55] Rank 3 prize: "7" (last digit)-- 20,471 winners.
[21:02:55] 
[21:02:55] Rank 2 prize: "04" (last two digits)-- 2,010 winners.
[21:02:55] 
[21:02:55] Rank 1 prize: "854" (all three digits)-- 185 winners.
[21:02:55] 
[21:02:55] *The number of winners for each prize is a combined total from all worlds.
[21:02:55] 
[21:02:55]  
[21:02:55] 
[21:02:55] Collection period: On July 14, 2022 at 1:00 (PDT) / 8:00 (GMT) to July 31, at 7:59 (PDT) / 14:59 (GMT)
[21:02:55] 
[21:02:55] Details on the prize can be confirmed by speaking to a Bonanza Moogle at one of the following locations:
[21:02:55] 
[21:02:55] Port San d'Oria (I-9) / Port Bastok (L-8) / Port Windurst (F-6) / Chocobo Circuit (H-8)
[21:02:57] The July 2022 Login Campaign is currently underway!
[21:02:57] 
[21:02:57] You have undertaken the limited-time Records of Eminence challenge ‡²Vanquish Undead.‡³
[21:02:57] The maximum number of people are already participating in Unity chat. Please try again later.
[21:02:57] In celebration of your most recent login (login no. 14), we have provided you with 100 points!
[21:02:57] You currently have a total of 3300 points.
[21:02:57] We hope you enjoy this complimentary little gift, courtesy of the citizens of Vana'diel!
[21:02:57] Obtained: Special gobbiedial key.
[21:03:06] Leoniea synthesized a darksteel ingot.
[21:03:14] Aoora[PortBastok]: Ambuscade V.1 VD Do you need it? 4m/run Buy?
[21:03:21] Khdafi[Mhaura]: Ambuscade V1VD 5/6 cor Can I have it?
[21:03:26] Shmilywowo[BastokMark]: Escha - Zi'Tah Escha - Ru'Aun Reisenjima T1T2T3 ALL Item ABJ Telos Earring Reiki Yotai Do you need it? /tell Buy? 
[21:03:26] Ronstadt[BastokMine]: Dynamis - Bastok D WAVE 1-2 RP Treasure Bonus Area Looking for members. /tell @4/12
[21:03:28] Eunnaa[PortBastok]: Ambuscade V.1 VD Do you need it? 4M Buy? /tell
[21:03:34] Masxiaosan[LowJeuno]: Telos Earring Reiki Yotai Do you need it? /tell Buy? 
[21:03:43] Ksods[Mhaura]: Ambuscade V.1 VD Do you need it? 4M Buy?
[21:03:50] Ningame[Whitegate]: Bagua Charm +1 Do you need it? 2.5M /tell please Thank you.
[21:04:03] Ronstadt[BastokMine]: Dynamis - Bastok D WAVE 1-2 RP Treasure Bonus Area Looking for members. /tell @5/12
[21:04:13] Blkuyfvd[BastokMine]: Sell abyssea empy Weapon Shop Item LV80 85 90 Do you need it? /tell
[21:04:20] Aoora[PortBastok]: Ambuscade V.1 VD Do you need it? 4m/run Buy?
[21:04:23] Eunnaa[PortBastok]: Ambuscade V.1 VD Do you need it? 4M Buy? /tell
[21:04:28] Shmilywowo[BastokMark]: Escha - Zi'Tah Escha - Ru'Aun Reisenjima T1T2T3 ALL Item ABJ Telos Earring Reiki Yotai Do you need it? /tell Buy? 
[21:04:35] Aeschreaskytpse[SSandOria]:  ‚†‚†‚˜‚‰‚‚‚Œ.‚ƒ‚‚, GET FAST DELIVERY!šREMA/SU5/Item/gil/Gil/  Discount ->"July2022"
[21:04:36] Masxiaosan[LowJeuno]: Telos Earring Reiki Yotai Do you need it? /tell Buy? 
[21:04:40] Khdafi[Mhaura]: Ambuscade V1VD 5/6 cor Can I have it?
[21:04:49] Ksods[Mhaura]: Ambuscade V.1 VD Do you need it? 4M Buy?
[21:05:01] Executing logout in 30 seconds.
[21:05:01] Cancel healing to remain logged in.
[21:05:04] Ronstadt[BastokMine]: Dynamis - Bastok D WAVE 1-2 RP Treasure Bonus Area Looking for members. /tell @6/12
[21:05:05] Executing logout in 25 seconds.
[21:05:05] Cancel healing to remain logged in.
[21:05:10] Executing logout in 20 seconds.
[21:05:10] Cancel healing to remain logged in.
[21:05:15] Executing logout in 15 seconds.
[21:05:15] Cancel healing to remain logged in.
[21:05:18] Eunnaa[PortBastok]: Ambuscade V.1 VD Do you need it? 4M Buy? /tell
[21:05:19] Executing logout in 10 seconds.
[21:05:19] Cancel healing to remain logged in.
[21:05:25] Executing logout in 5 seconds.
[21:05:25] Cancel healing to remain logged in.
[21:05:26] Aoora[PortBastok]: Ambuscade V.1 VD Do you need it? 4m/run Buy?
[21:05:30] Shmilywowo[BastokMark]: Escha - Zi'Tah Escha - Ru'Aun Reisenjima T1T2T3 ALL Item ABJ Telos Earring Reiki Yotai Do you need it? /tell Buy? 
