[13:31:03] === Area: Chocobo Circuit ===
[13:31:03] React: Loading File: react_THF.lua
[13:31:05] *****DP Job Selection:THF*****
[13:31:05] Mode: Default.
[13:31:06] Welcome, Feary!
[13:31:06] Did you know if you subscribe to Guildwork Premium (guildwork.com/premium) you can get cross-zone shouts, AH notifications, Bazaar notifications, Remote chat and more?
[13:31:06] Add this character to Guildwork by typing /gw flush --add
[13:31:11] <<< Welcome to Asura! >>>
[13:31:11] Announcing the winning numbers for the Early Spring Mog Bonanza 2021!
[13:31:11] 
[13:31:11]  
[13:31:11] 
[13:31:11] Rank 3 prize: "0" (last digit)-- 6413 winners.
[13:31:11] 
[13:31:11] Rank 2 prize: "37" (last two digits)-- 928 winners.
[13:31:11] 
[13:31:11] Rank 1 prize: "196" (all three digits)-- 88 winners.
[13:31:11] 
[13:31:11] *The number of winners for each prize is a combined total from all worlds.
[13:31:11] 
[13:31:11]  
[13:31:11] 
[13:31:11] Collection period: On April 12, 2021 at 1:00 (PDT) / 8:00 (GMT) to April 30, at 7:59 (PDT) / 14:59 (GMT)
[13:31:11] 
[13:31:11] Details on the prize can be confirmed by speaking to a Bonanza Moogle at one of the following locations:
[13:31:11] 
[13:31:11] Port San d'Oria (I-9) / Port Bastok (L-8) / Port Windurst (F-6) / Chocobo Circuit (H-8)
[13:31:16] You have undertaken the limited-time Records of Eminence challenge á≤Vanquish Arcana.á≥
[13:31:16] The April 2021 Login Campaign is currently underway!
[13:31:16] 
[13:31:16] In celebration of your most recent login (login no. 11), we have provided you with 100 points!
[13:31:16] You currently have a total of 3000 points.
[13:31:16] Attention, race fans. Chocobets for the following race are now being accepted at all betting centers:
[13:31:16] ÅöC3 Chocobo Race (No. 213845)Åö
[13:31:16] Please speak with the attendant wearing a green uniform and a green beret for details.
[13:31:16] ----------
[13:31:16] We hope you enjoy this complimentary little gift, courtesy of the citizens of Vana'diel!
[13:31:16] Obtained: Dial key #Ab.
[13:31:17] Attention, race fans. Chocobetting for the following race will now be closing:
[13:31:17] ÅöC1 Crystal StakesÅö
[13:31:17] ----------
[13:31:17] All spectators wishing to view the race, please proceed to the grandstand.
[13:31:37] Kimerzzb[SSandOria]: Aeonic Weapon 3zone Clear Mind Mercenary Do you need it? Buy? /tell 25M 3/5
[13:32:07] Elysians[Whitegate]: Assault Team up? anyone?
[13:32:16] Nmnn[SSandOria]: Dho Gates Apex Clear Mind 3m/500 12m/2100 autoinivte
[13:32:21] Cobant[EastAdoulin]: War. Beads +2 Do you have it? Sell? - /tell please
[13:32:42] Braktx[NSandOria]: Dynamis - Jeuno D Wave 1 unlock legs +3 Do you need it? Bard Corsair DD White Mage Geomancer /tell Braktx 4/18
[13:33:18] Kimerzzb[SSandOria]: Aeonic Weapon 3zone Clear Mind Mercenary Do you need it? Buy? /tell 25M 3/5
[13:34:06] Braktx[NSandOria]: Dynamis - Jeuno D Wave 1 unlock legs +3 Do you need it? Bard Corsair DD White Mage Geomancer /tell Braktx 4/18
[13:34:17] Nmnn[SSandOria]: Dho Gates Apex Clear Mind 3m/500 12m/2100 autoinivte
[13:34:35] Zirow[NSandOria]: Odin VD / Alexander VD / Cait Sith VD Mercenary Do you need it? Buy? /tell please
[13:34:57] Kimerzzb[SSandOria]: Aeonic Weapon 3zone Clear Mind Mercenary Do you need it? Buy? /tell 25M 3/5
[13:35:46] Braktx[NSandOria]: Dynamis - Jeuno D Wave 1 unlock legs +3 Do you need it? Bard Corsair DD White Mage Geomancer /tell Braktx 4/18
[13:36:06] Alepho[PortJeuno]: Dynamis - Windurst D Wave 1 Do you have it? Sell? /tell
[13:36:19] Nmnn[SSandOria]: Dho Gates Apex Clear Mind 3m/500 12m/2100 autoinivte
[13:36:22] Attention please. The following race will be starting momentarily:
[13:36:22] ÅöC1 Crystal StakesÅö
[13:36:22] ----------
[13:36:34] Braktx[NSandOria]: Dynamis - Jeuno D Wave 1 unlock legs +3 Do you need it? Bard Corsair DD White Mage Geomancer /tell Braktx 6/18
[13:36:37] Kimerzzb[SSandOria]: Aeonic Weapon 3zone Clear Mind Mercenary Do you need it? Buy? /tell 25M 3/5
[13:37:08] Braktx[NSandOria]: Dynamis - Jeuno D Wave 1 unlock legs +3 Do you need it? Bard Corsair DD White Mage Geomancer /tell Braktx 6/18
[13:37:10] Lodea[Mhaura]: Dynamis - San d'Oria D Wave 3 Mercenary Do you need it? | Gather together. @ 7:30pm EST Today | 25m /tell
[13:37:20] Jiral[BastokMine]: Dynamis - Bastok[D] Wave3 Clear/RP Do you need it?|25M| START: Today - 8pm PST/10PM CST/ 4/29-12:00 JST 
[13:37:38] Apebasher[PortJeuno]: Reisenjima T1 item Herculean/Odyssean/Merlinic/Chironic/Valorous(Feet=X) Do you need it? Buy? /t
[13:37:48] Braktx[NSandOria]: Dynamis - Jeuno D Wave 1 unlock legs +3 Do you need it? Bard Corsair DD White Mage Geomancer /tell Braktx 6/18
[13:38:05] Alyxande[Mhaura]: Regal Earring/Regal Gem Sell? /tell price Thank you.^^
[13:38:17] Kimerzzb[SSandOria]: Aeonic Weapon 3zone Clear Mind Mercenary Do you need it? Buy? /tell 25M 3/5
[13:38:20] Nmnn[SSandOria]: Dho Gates Apex Clear Mind 3m/500 12m/2100 autoinivte
[13:38:22] Braktx[NSandOria]: Dynamis - Jeuno D Wave 1 unlock legs +3 Do you need it? Bard Corsair DD White Mage Geomancer /tell Braktx 6/18
[13:38:42] Darmica[Rabao]: Segment Farm Sheol C Do you need it? WHM Can I have it? 5/6
[13:39:07] Braktx[NSandOria]: Dynamis - Jeuno D Wave 1 unlock legs +3 Do you need it? Bard Corsair DD White Mage Geomancer /tell Braktx 6/18]
[13:39:19] Sesshmaru[NSandOria]: UNM Grand Grenade Looking for members. 1/6
[13:39:54] Darmica[Rabao]: Segment Farm Sheol C Do you need it? WHM Can I have it? 5/6
[13:39:57] Kimerzzb[SSandOria]: Aeonic Weapon 3zone Clear Mind Mercenary Do you need it? Buy? /tell 25M 3/5
[13:40:02] Braktx[NSandOria]: Dynamis - Jeuno D Wave 1 unlock legs +3 Do you need it? Bard Corsair DD White Mage Geomancer /tell Braktx 6/18]
[13:40:16] Zirow[NSandOria]: Odin VD / Alexander VD / Cait Sith VD Mercenary Do you need it? Buy? /tell please
[13:40:17] Sesshmaru[NSandOria]: UNM Grand Grenade Looking for members. 1/6
[13:40:21] Nmnn[SSandOria]: Dho Gates Apex Clear Mind 3m/500 12m/2100 autoinivte
[13:40:48] And now the latest team standings:
[13:40:53] Å`Current StandingsÅ`
[13:40:53] Team San d'Oria: Minimal
[13:40:53] Team Bastok: Minor
[13:40:53] Team Windurst: Dominant
[13:40:56] Braktx[NSandOria]: Dynamis - Jeuno D Wave 1 unlock legs +3 Do you need it? Bard Corsair DD White Mage Geomancer /tell Braktx 6/18]
[13:41:37] Kimerzzb[SSandOria]: Aeonic Weapon 3zone Clear Mind Mercenary Do you need it? Buy? /tell 25M 3/5
[13:42:06] Braktx[NSandOria]: Dynamis - Jeuno D Wave 1 unlock legs +3 Do you need it? Bard Corsair DD White Mage Geomancer /tell Braktx 6/18]
[13:42:23] Nmnn[SSandOria]: Dho Gates Apex Clear Mind 3m/500 12m/2100 autoinivte
[13:42:41] Jiral[BastokMine]: Dynamis - Bastok[D] Wave3 Clear/RP Do you need it?|25M| START: Today - 8pm PST/10PM CST/ 4/29-12:00 JST 
[13:42:47] Apebasher[PortJeuno]: Reisenjima T1 item Herculean/Odyssean/Merlinic/Chironic/Valorous(Feet=X) Do you need it? Buy? /t
[13:42:56] Braktx[NSandOria]: Dynamis - Jeuno D Wave 1 unlock legs +3 Do you need it? Bard Corsair DD White Mage Geomancer /tell Braktx 6/18]
[13:42:56] Sesshmaru[NSandOria]: UNM Grand Grenade Looking for members. 2/6
[13:43:17] Kimerzzb[SSandOria]: Aeonic Weapon 3zone Clear Mind Mercenary Do you need it? Buy? /tell 25M 3/5
[13:43:45] Alyxande[EastAdoulin]: Regal Earring/Regal Gem Sell? /tell price Thank you.^^
[13:43:54] Braktx[NSandOria]: Dynamis - Jeuno D Wave 1 unlock legs +3 Do you need it? Bard Corsair DD White Mage Geomancer /tell Braktx 6/18]
[13:44:10] Sesshmaru[NSandOria]: UNM Grand Grenade Looking for members. 2/6
[13:44:25] Nmnn[SSandOria]: Dho Gates Apex Clear Mind 3m/500 12m/2100 autoinivte
[13:44:44] Dasmir - sleep
[13:44:57] Kimerzzb[SSandOria]: Aeonic Weapon 3zone Clear Mind Mercenary Do you need it? Buy? /tell 25M 3/5
[13:45:04] Braktx[NSandOria]: Dynamis - Jeuno D Wave 1 unlock legs +3 Do you need it? Bard Corsair DD White Mage Geomancer /tell Braktx 6/18]
[13:45:17] Zirow[NSandOria]: Odin VD / Alexander VD / Cait Sith VD Mercenary Do you need it? Buy? /tell please
[13:45:31] Sesshmaru[NSandOria]: UNM Grand Grenade Looking for members. 2/6
[13:45:40] Braktx[NSandOria]: Dynamis - Jeuno D Wave 1 unlock legs +3 Do you need it? Bard Corsair DD White Mage Geomancer /tell Braktx 6/18]
[13:45:46] Attention, racers. Signups for the following race are now open:
[13:45:46] ÅöC2 Chocobo Race (No. 213847)Åö
[13:45:46] Please speak with the attendant wearing a blue uniform and a red beret for details.
[13:45:46] ----------
[13:45:53] Attention, racers. Signups for the following race are now closed:
[13:45:53] ÅöC3 Chocobo Race (No. 213846)Åö
[13:45:53] ----------
[13:46:06] Sesshmaru[NSandOria]: UNM Grand Grenade Looking for members. 3/6
[13:46:11] Attention, race fans. Chocobets for the following race are now being accepted at all betting centers:
[13:46:11] ÅöC3 Chocobo Race (No. 213846)Åö
[13:46:11] Please speak with the attendant wearing a red uniform and a green beret for details.
[13:46:11] ----------
[13:46:15] Attention, race fans. Chocobetting for the following race will now be closing:
[13:46:15] ÅöC4 Chocobo Race (No. 213844)Åö
[13:46:15] ----------
[13:46:15] All spectators wishing to view the race, please proceed to the grandstand.
[13:46:26] Nmnn[SSandOria]: Dho Gates Apex Clear Mind 3m/500 12m/2100 autoinivte
[13:46:37] Kimerzzb[SSandOria]: Aeonic Weapon 3zone Clear Mind Mercenary Do you need it? Buy? /tell 25M 3/5
[13:46:47] Braktx[NSandOria]: Dynamis - Jeuno D Wave 1 unlock legs +3 Do you need it? Bard Corsair DD White Mage Geomancer /tell Braktx 6/18]
[13:46:54] Alepho[PortJeuno]: Dynamis - Windurst D Wave 1 Do you have it? Sell? /tell
[13:47:17] Sharted[Mhaura]: Alexandritex3208 Bazaar 3k each
[13:47:19] Braktx[NSandOria]: Dynamis - Jeuno D Wave 1 unlock legs +3 Do you need it? Bard Corsair DD White Mage Geomancer /tell Braktx 6/18]
[13:47:40] Cobant[EastAdoulin]: War. Beads +2 Do you have it? Sell? - /tell please
[13:48:15] Braktx[NSandOria]: Dynamis - Jeuno D Wave 1 unlock legs +3 Do you need it? Bard Corsair DD White Mage Geomancer /tell Braktx 6/18]
[13:48:18] Kimerzzb[SSandOria]: Aeonic Weapon 3zone Clear Mind Mercenary Do you need it? Buy? /tell 25M 3/5
[13:48:28] Nmnn[SSandOria]: Dho Gates Apex Clear Mind 3m/500 12m/2100 autoinivte
[13:49:02] Braktx[NSandOria]: Dynamis - Jeuno D Wave 1 unlock legs +3 Do you need it? Bard Corsair DD White Mage Geomancer /tell Braktx 6/18]
[13:49:45] Braktx[NSandOria]: Dynamis - Jeuno D Wave 1 unlock legs +3 Do you need it? Bard Corsair DD White Mage Geomancer /tell Braktx 6/18]
[13:49:57] Kimerzzb[SSandOria]: Aeonic Weapon 3zone Clear Mind Mercenary Do you need it? Buy? /tell 25M 3/5
[13:50:18] Alyxande[EastAdoulin]: Regal Earring/Regal Gem Sell? /tell price Thank you.^^
[13:50:23] Braktx[NSandOria]: Dynamis - Jeuno D Wave 1 unlock legs +3 Do you need it? Bard Corsair DD White Mage Geomancer /tell Braktx 6/18]
[13:50:29] Nmnn[SSandOria]: Dho Gates Apex Clear Mind 3m/500 12m/2100 autoinivte
[13:50:58] Braktx[NSandOria]: Dynamis - Jeuno D Wave 1 unlock legs +3 Do you need it? Bard Corsair DD White Mage Geomancer /tell Braktx 6/18]
[13:51:05] Jiral[SSandOria]: Dynamis - Bastok[D] Wave3 Clear/RP Do you need it?|25M| START: Today - 8pm PST/10PM CST/ 4/29-12:00 JST 
[13:51:22] Attention please. The following race will be starting momentarily:
[13:51:22] ÅöC4 Chocobo Race (No. 213844)Åö
[13:51:22] ----------
[13:51:24] Zirow[NSandOria]: Odin VD / Alexander VD / Cait Sith VD Mercenary Do you need it? Buy? /tell please
[13:51:37] Kimerzzb[SSandOria]: Aeonic Weapon 3zone Clear Mind Mercenary Do you need it? Buy? /tell 25M 3/5
[13:51:42] Braktx[NSandOria]: Dynamis - Jeuno D Wave 1 unlock legs +3 Do you need it? Bard Corsair DD White Mage Geomancer /tell Braktx 6/18]
[13:52:30] Nmnn[SSandOria]: Dho Gates Apex Clear Mind 3m/500 12m/2100 autoinivte
[13:52:36] Braktx[NSandOria]: Dynamis - Jeuno D Wave 1 unlock legs +3 Do you need it? Bard Corsair DD White Mage Geomancer /tell Braktx 6/18]
[13:53:17] Kimerzzb[SSandOria]: Aeonic Weapon 3zone Clear Mind Mercenary Do you need it? Buy? /tell 25M 3/5
[13:54:12] Alyxande[EastAdoulin]: Regal Earring/Regal Gem Sell? /tell price Thank you.^^
[13:54:32] Nmnn[SSandOria]: Dho Gates Apex Clear Mind 3m/500 12m/2100 autoinivte
[13:54:57] Kimerzzb[SSandOria]: Aeonic Weapon 3zone Clear Mind Mercenary Do you need it? Buy? /tell 25M 3/5
[13:55:22] Braktx[NSandOria]: Dynamis - Jeuno D Wave 1 unlock legs +3 Do you need it? Bard Corsair DD White Mage Geomancer /tell Braktx 6/18]
[13:55:47] And now the latest team standings:
[13:55:54] Å`Current StandingsÅ`
[13:55:54] Team San d'Oria: Minimal
[13:55:54] Team Bastok: Minor
[13:55:54] Team Windurst: Dominant
[13:56:34] Nmnn[SSandOria]: Dho Gates Apex Clear Mind 3m/500 12m/2100 autoinivte
[13:56:38] Kimerzzb[SSandOria]: Aeonic Weapon 3zone Clear Mind Mercenary Do you need it? Buy? /tell 25M 3/5
[13:57:17] Braktx[NSandOria]: Dynamis - Jeuno D Wave 1 unlock legs +3 Do you need it? Bard Corsair DD White Mage Geomancer /tell Braktx 6/18]
[13:57:26] Cobant[EastAdoulin]: War. Beads +2 Do you have it? Sell? - /tell please
[13:57:49] Braktx[NSandOria]: Dynamis - Jeuno D Wave 1 unlock legs +3 Do you need it? Bard Corsair DD White Mage Geomancer /tell Braktx 6/18]
[13:57:56] Apebasher[PortJeuno]: Reisenjima T1 item Herculean/Odyssean/Merlinic/Chironic/Valorous(Feet=X) Do you need it? Buy? /t
[13:58:02] Kaiido[Rabao]: Sheol C Segment Farm Do you need it? Rema Tank, whm, brd, cor +8 roll, heavy DDr15 /tell 
[13:58:04] Alyxande[EastAdoulin]: Regal Earring/Regal Gem Sell? /tell price Thank you.^^
[13:58:17] Kimerzzb[SSandOria]: Aeonic Weapon 3zone Clear Mind Mercenary Do you need it? Buy? /tell 25M 3/5
[13:58:32] Erheioe[SSandOria]: Sparkling Stone Bazaar (J-9)
[13:58:35] Nmnn[SSandOria]: Dho Gates Apex Clear Mind 3m/500 12m/2100 autoinivte
[13:58:48] Kaiido[Rabao]: Sheol C Segment Farm Do you need it? Rema Tank, whm, brd, cor +8 roll, heavy DDr15 /tell 
[13:58:54] Braktx[NSandOria]: Dynamis - Jeuno D Wave 1 unlock legs +3 Do you need it? Bard Corsair DD White Mage Geomancer /tell Braktx 6/18]
[13:59:57] Kimerzzb[SSandOria]: Aeonic Weapon 3zone Clear Mind Mercenary Do you need it? Buy? /tell 25M 3/5
[14:00:03] Kaiido[Rabao]: Sheol C Segment Farm Do you need it? Rema Tank, whm, brd, cor +8 roll, /tell @2
[14:00:36] Nmnn[SSandOria]: Dho Gates Apex Clear Mind 3m/500 12m/2100 autoinivte
[14:00:39] Kaiido[Rabao]: Sheol C Segment Farm Do you need it? Rema Tank, whm, brd, cor +8 roll, /tell @2
[14:00:46] Attention, racers. Signups for the following race are now open:
[14:00:46] ÅöC4 Chocobo Race (No. 213848)Åö
[14:00:46] Please speak with the attendant wearing an orange uniform and a red beret for details.
[14:00:46] ----------
[14:00:53] Attention, racers. Signups for the following race are now closed:
[14:00:53] ÅöC2 Chocobo Race (No. 213847)Åö
[14:00:53] ----------
[14:01:09] Kaiido[Rabao]: Sheol C Segment Farm Do you need it? Rema Tank, whm, brd, cor +8 roll, /tell @2
[14:01:10] Attention, race fans. Chocobets for the following race are now being accepted at all betting centers:
[14:01:10] ÅöC2 Chocobo Race (No. 213847)Åö
[14:01:10] Please speak with the attendant wearing a blue uniform and a green beret for details.
[14:01:10] ----------
[14:01:15] Attention, race fans. Chocobetting for the following race will now be closing:
[14:01:15] ÅöC3 Chocobo Race (No. 213845)Åö
[14:01:15] ----------
[14:01:15] All spectators wishing to view the race, please proceed to the grandstand.
[14:01:25] Nheu Chaftahl : I think it was this way...
[14:01:37] Kimerzzb[SSandOria]: Aeonic Weapon 3zone Clear Mind Mercenary Do you need it? Buy? /tell 25M 3/5
[14:01:57] Kaiido[Rabao]: Sheol C Segment Farm Do you need it? Rema Tank, whm, brd, cor +8 roll, /tell @2
[14:02:01] Braktx[NSandOria]: Dynamis - Jeuno D Wave 1 unlock legs +3 Do you need it? Bard Corsair DD White Mage Geomancer /tell Braktx 6/18]
[14:02:08] Alyxande[EastAdoulin]: Regal Earring/Regal Gem Sell? /tell price Thank you.^^
[14:02:34] Kaiido[Rabao]: Sheol C Segment Farm Do you need it? Rema Tank, whm, brd, cor +8 roll, /tell @2
[14:02:38] Nmnn[SSandOria]: Dho Gates Apex Clear Mind 3m/500 12m/2100 autoinivte
[14:02:46] Braktx[NSandOria]: Dynamis - Jeuno D Wave 1 unlock legs +3 Do you need it? Bard Corsair DD White Mage Geomancer /tell Braktx 7/18
[14:03:17] Kimerzzb[SSandOria]: Aeonic Weapon 3zone Clear Mind Mercenary Do you need it? Buy? /tell 25M 3/5
[14:03:52] Kaiido[Rabao]: Sheol C Segment Farm Do you need it? Rema Tank, whm, brd, cor +8 roll, /tell @2
[14:04:17] Braktx[NSandOria]: Dynamis - Jeuno D Wave 1 unlock legs +3 Do you need it? Bard Corsair DD White Mage Geomancer /tell Braktx 8/18
[14:04:25] Aviance(hawkfangor) is now online on Guildwork.
[14:04:39] Nmnn[SSandOria]: Dho Gates Apex Clear Mind 3m/500 12m/2100 autoinivte
[14:04:47] Executing logout in 30 seconds.
[14:04:47] Cancel healing to remain logged in.
[14:04:51] Executing logout in 25 seconds.
[14:04:51] Cancel healing to remain logged in.
[14:04:56] Executing logout in 20 seconds.
[14:04:56] Cancel healing to remain logged in.
[14:04:57] Kimerzzb[SSandOria]: Aeonic Weapon 3zone Clear Mind Mercenary Do you need it? Buy? /tell 25M 3/5
[14:05:01] Executing logout in 15 seconds.
[14:05:01] Cancel healing to remain logged in.
[14:05:04] Kaiido[Rabao]: Sheol C Segment Farm Do you need it? Rema Tank, whm, brd, cor +8 roll, /tell @2
[14:05:06] Executing logout in 10 seconds.
[14:05:06] Cancel healing to remain logged in.
[14:05:11] Executing logout in 5 seconds.
[14:05:11] Cancel healing to remain logged in.
