[06:01:08] === Area: Port San d'Oria ===
[06:01:08] *****DP Job Selection:WHM*****
[06:01:08] Mode: Magic.
[06:01:08]  White = Can not cast.
[06:01:08]  Green = Casting Range
[06:01:08] React: Loading File: react_WHM.lua
[06:01:10] Size already 20.
[06:01:10] ConsoleBG: Position changed! X: 15 Y: 50
[06:01:15] <<< Welcome to Asura! >>>
[06:01:15] Announcing the winning numbers for the 20th Vana'versary Nomad Mog Bonanza!
[06:01:15] 
[06:01:15]  
[06:01:15] 
[06:01:15] Rank 3 prize: "7" (last digit)-- 20,471 winners.
[06:01:15] 
[06:01:15] Rank 2 prize: "04" (last two digits)-- 2,010 winners.
[06:01:15] 
[06:01:15] Rank 1 prize: "854" (all three digits)-- 185 winners.
[06:01:15] 
[06:01:15] *The number of winners for each prize is a combined total from all worlds.
[06:01:15] 
[06:01:15]  
[06:01:15] 
[06:01:15] Collection period: On July 14, 2022 at 1:00 (PDT) / 8:00 (GMT) to July 31, at 7:59 (PDT) / 14:59 (GMT)
[06:01:15] 
[06:01:15] Details on the prize can be confirmed by speaking to a Bonanza Moogle at one of the following locations:
[06:01:15] 
[06:01:15] Port San d'Oria (I-9) / Port Bastok (L-8) / Port Windurst (F-6) / Chocobo Circuit (H-8)
[06:01:17] You have undertaken the limited-time Records of Eminence challenge ｲVanquish Undead.ｳ
[06:01:17] This area is currently affected by the Super Kupower: ｲThrifty Transitｳ!
[06:01:17] This area is currently affected by the Super Kupower: ｲArtisan's Advantageｳ!
[06:01:17] This area is currently affected by the Super Kupower: ｲSwift Shoesｳ!
[06:01:17] The July 2022 Login Campaign is currently underway!
[06:01:17] 
[06:01:17] In celebration of your most recent login (login no. 19), we have provided you with 100 points!
[06:01:17] You currently have a total of 3800 points.
[06:01:17] We hope you enjoy this complimentary little gift, courtesy of the citizens of Vana'diel!
[06:01:17] Obtained: Special gobbiedial key.
[06:01:17] Jocror[BastokMark]: Tinnin Sarameya Tyger win Item all 3 Do you need it? Buy? /tell Thank you.
[06:01:21] Cooldogr[NSandOria]: Odysseyt1t2t3Arebati Kalunga Xevioso Ngai Mboze Ongo Bumba V0 Clear Mind Buy?
[06:01:21] Fczjse[PSandOria]: OmenFU Shulmanu Collar Niqmaddu Ring Middleboss Buy? tell
[06:01:22] Zatazma[PortBastok]: ZNM T4 Sarameya Tinnin Tyger Item win Do you need it? Buy? /tell
[06:01:33] Kimfaeonic[PortBastok]: Aeonic/ioniッkuuェpon 3zone Clear Mind Do you need it? Buy? 50M /tell
[06:01:36] {Sylvie} Okay, everyone! I just had the weirdest vision. In the next 10 minutes, somebody called ｲNaga Rajaｳ will be showing up in Escha - Ru'Aun, somewhere around H-9! Is that good?
[06:01:52] Cooldogr[NSandOria]: Odysseyt1t2t3Arebati Kalunga Xevioso Ngai Mboze Ongo Bumba V0 Clear Mind Buy?
[06:02:01] Fczjse[PSandOria]: OmenFU Shulmanu Collar Niqmaddu Ring Middleboss Buy? tell
[06:02:01] Odyeesnm[BastokMine]: Odyssey T4 Bumba T3 Ngai Mboze Xevioso Ongo Arebati Kalunag Clear Mind v0v1 Odyssey C SEG Buy?
[06:02:01] Shmilywowo[BastokMark]: Escha - Zi'Tah Escha - Ru'Aun Reisenjima T1T2T3 ALL Item ABJ Telos Earring Reiki Yotai Do you need it? /tell Buy? 
[06:02:09] Masxiaosan[LowJeuno]: Telos Earring Reiki Yotai Do you need it? /tell Buy?  
[06:02:10] Aoora[PortBastok]: Ambuscade V.1 VD Do you need it? 3m/run Buy?
[06:02:13] Gargurty[PortJeuno]: Beitetsu, S. Astral Detritus, H-P Bayld Bazaar (F-8)
[06:02:16] Nakitaru[LowJeuno]: Vagary 5/5 Clear Mind Sell?
[06:02:23] Cooldogr[NSandOria]: Odysseyt1t2t3Arebati Kalunga Xevioso Ngai Mboze Ongo Bumba V0 Clear Mind Buy?
[06:02:24] Zatazma[PortBastok]: ZNM T4 Sarameya Tinnin Tyger Item win Do you need it? Buy? /tell
[06:02:24] Warbandi[SSandOria]: HTBF Divine Might II VD Do you need it? /tell 3/4
[06:02:36] Blkuyfvd[BastokMine]: Sell abyssea empy Weapon Shop Item LV80 85 90 Do you need it? /tell
[06:02:41] Fczjse[PSandOria]: OmenFU Shulmanu Collar Niqmaddu Ring Middleboss Buy? tell
[06:02:49] Kimfaeonic[PortBastok]: Aeonic/ioniッkuuェpon 3zone Clear Mind Do you need it? Buy? 50M /tell
[06:02:54] Cooldogr[NSandOria]: Odysseyt1t2t3Arebati Kalunga Xevioso Ngai Mboze Ongo Bumba V0 Clear Mind Buy?
[06:02:55] Yegege[WestAdoulin]: Archon ring Do you need it? buy? tell
[06:03:04] Shmilywowo[BastokMark]: Escha - Zi'Tah Escha - Ru'Aun Reisenjima T1T2T3 ALL Item ABJ Telos Earring Reiki Yotai Do you need it? /tell Buy? 
[06:03:11] Masxiaosan[LowJeuno]: Telos Earring Reiki Yotai Do you need it? /tell Buy?  
[06:03:14] Wukonk[Whitegate]: Tinnin Sarameya Tyger win Item all 3 Do you need it? /tell Thank you.
[06:03:17] Aoora[PortBastok]: Ambuscade V.1 VD Do you need it? 3m/run Buy?
[06:03:17] Jocror[BastokMark]: Tinnin Sarameya Tyger win Item all 3 Do you need it? Buy? /tell Thank you.
[06:03:21] Fczjse[PSandOria]: OmenFU Shulmanu Collar Niqmaddu Ring Middleboss Buy? tell
[06:03:25] Cooldogr[NSandOria]: Odysseyt1t2t3Arebati Kalunga Xevioso Ngai Mboze Ongo Bumba V0 Clear Mind Buy?
[06:03:27] Zatazma[PortBastok]: ZNM T4 Sarameya Tinnin Tyger Item win Do you need it? Buy? /tell
[06:03:29] Yegege[WestAdoulin]: Archon ring Do you need it? buy? tell
[06:03:56] Cooldogr[NSandOria]: Odysseyt1t2t3Arebati Kalunga Xevioso Ngai Mboze Ongo Bumba V0 Clear Mind Buy?
[06:04:00] Fczjse[PSandOria]: OmenFU Shulmanu Collar Niqmaddu Ring Middleboss Buy? tell
[06:04:02] Odyeesnm[BastokMine]: Odyssey T4 Bumba T3 Ngai Mboze Xevioso Ongo Arebati Kalunag Clear Mind v0v1 Odyssey C SEG Buy?
[06:04:06] Shmilywowo[BastokMark]: Escha - Zi'Tah Escha - Ru'Aun Reisenjima T1T2T3 ALL Item ABJ Telos Earring Reiki Yotai Do you need it? /tell Buy? 
[06:04:13] Masxiaosan[LowJeuno]: Telos Earring Reiki Yotai Do you need it? /tell Buy?  
[06:04:18] Kimfaeonic[PortBastok]: Aeonic/ioniッkuuェpon 3zone Clear Mind Do you need it? Buy? 50M /tell
[06:04:22] Aoora[PortBastok]: Ambuscade V.1 VD Do you need it? 3m/run Buy?
[06:04:26] Warbandi[SSandOria]: HTBF Divine Might II VD Do you need it? /tell 3/4
[06:04:27] Cooldogr[NSandOria]: Odysseyt1t2t3Arebati Kalunga Xevioso Ngai Mboze Ongo Bumba V0 Clear Mind Buy?
[06:04:29] Zatazma[PortBastok]: ZNM T4 Sarameya Tinnin Tyger Item win Do you need it? Buy? /tell
[06:04:36] Blkuyfvd[BastokMine]: Sell abyssea empy Weapon Shop Item LV80 85 90 Do you need it? /tell
[06:04:40] Fczjse[PSandOria]: OmenFU Shulmanu Collar Niqmaddu Ring Middleboss Buy? tell
[06:04:50] Yegege[WestAdoulin]: Archon ring Do you need it? buy? tell
[06:04:58] Cooldogr[NSandOria]: Odysseyt1t2t3Arebati Kalunga Xevioso Ngai Mboze Ongo Bumba V0 Clear Mind Buy?
[06:05:08] Shmilywowo[BastokMark]: Escha - Zi'Tah Escha - Ru'Aun Reisenjima T1T2T3 ALL Item ABJ Telos Earring Reiki Yotai Do you need it? /tell Buy? 
[06:05:15] Masxiaosan[LowJeuno]: Telos Earring Reiki Yotai Do you need it? /tell Buy?  
[06:05:17] Jocror[BastokMark]: Tinnin Sarameya Tyger win Item all 3 Do you need it? Buy? /tell Thank you.
[06:05:20] Fczjse[PSandOria]: OmenFU Shulmanu Collar Niqmaddu Ring Middleboss Buy? tell
[06:05:22] Executing logout in 30 seconds.
[06:05:22] Cancel healing to remain logged in.
[06:05:25] Wukonk[Whitegate]: Tinnin Sarameya Tyger win Item all 3 Do you need it? /tell Thank you.
[06:05:26] Executing logout in 25 seconds.
[06:05:26] Cancel healing to remain logged in.
[06:05:29] Aoora[PortBastok]: Ambuscade V.1 VD Do you need it? 3m/run Buy?
[06:05:29] Cooldogr[NSandOria]: Odysseyt1t2t3Arebati Kalunga Xevioso Ngai Mboze Ongo Bumba V0 Clear Mind Buy?
[06:05:31] Executing logout in 20 seconds.
[06:05:31] Cancel healing to remain logged in.
[06:05:32] Zatazma[PortBastok]: ZNM T4 Sarameya Tinnin Tyger Item win Do you need it? Buy? /tell
[06:05:36] Executing logout in 15 seconds.
[06:05:36] Cancel healing to remain logged in.
[06:05:41] Executing logout in 10 seconds.
[06:05:41] Cancel healing to remain logged in.
[06:05:46] Executing logout in 5 seconds.
[06:05:46] Cancel healing to remain logged in.
[06:05:48] Kimfaeonic[PortBastok]: Aeonic/ioniッkuuェpon 3zone Clear Mind Do you need it? Buy? 50M /tell
[13:50:27] === Area: Port San d'Oria ===
[13:50:27] *****DP Job Selection:WHM*****
[13:50:27] Mode: Magic.
[13:50:27]  White = Can not cast.
[13:50:27]  Green = Casting Range
[13:50:27] React: Loading File: react_WHM.lua
[13:50:29] Size already 20.
[13:50:29] ConsoleBG: Position changed! X: 15 Y: 50
[13:50:33] <<< Welcome to Asura! >>>
[13:50:33] Announcing the winning numbers for the 20th Vana'versary Nomad Mog Bonanza!
[13:50:33] 
[13:50:33]  
[13:50:33] 
[13:50:33] Rank 3 prize: "7" (last digit)-- 20,471 winners.
[13:50:33] 
[13:50:33] Rank 2 prize: "04" (last two digits)-- 2,010 winners.
[13:50:33] 
[13:50:33] Rank 1 prize: "854" (all three digits)-- 185 winners.
[13:50:33] 
[13:50:33] *The number of winners for each prize is a combined total from all worlds.
[13:50:33] 
[13:50:33]  
[13:50:33] 
[13:50:33] Collection period: On July 14, 2022 at 1:00 (PDT) / 8:00 (GMT) to July 31, at 7:59 (PDT) / 14:59 (GMT)
[13:50:33] 
[13:50:33] Details on the prize can be confirmed by speaking to a Bonanza Moogle at one of the following locations:
[13:50:33] 
[13:50:33] Port San d'Oria (I-9) / Port Bastok (L-8) / Port Windurst (F-6) / Chocobo Circuit (H-8)
[13:50:34] Dotoan[PortBastok]: Omen Kin Utu Ring // Fu Ring neck Scale Do you need it? Buy? /tell
[13:50:35] You have undertaken the limited-time Records of Eminence challenge ｲMagic Damage Kills.ｳ
[13:50:35] This area is currently affected by the Super Kupower: ｲThrifty Transitｳ!
[13:50:35] This area is currently affected by the Super Kupower: ｲArtisan's Advantageｳ!
[13:50:35] This area is currently affected by the Super Kupower: ｲSwift Shoesｳ!
[13:50:35] The maximum number of people are already participating in Unity chat. Please try again later.
[13:50:35] The July 2022 Login Campaign is currently underway!
[13:50:35] 
[13:50:35] In celebration of your most recent login (login no. 20), we have provided you with 100 points!
[13:50:35] You currently have a total of 3900 points.
[13:50:35] We hope you enjoy this complimentary little gift, courtesy of the citizens of Vana'diel!
[13:50:35] Obtained: Special gobbiedial key.
[13:50:50] Hanter[Whitegate]: ZNM T4 Sarameya Tinnin Tyger Item win Do you need it? Buy? /tell
[13:50:51] Kimfaeonic[PortBastok]: Aeonic/ioniッkuuェpon Escha - Ru'Aun + Reisenjima Clear Mind Buy? /tell
[13:51:18] Jocror[BastokMark]: Tinnin Sarameya Tyger win Item all 3 Do you need it? Buy? /tell Thank you.
[13:51:36] Dotoan[PortBastok]: Omen Kin Utu Ring // Fu Ring neck Scale Do you need it? Buy? /tell
[13:51:52] Hanter[Whitegate]: ZNM T4 Sarameya Tinnin Tyger Item win Do you need it? Buy? /tell
[13:52:20] Kimfaeonic[PortBastok]: Aeonic/ioniッkuuェpon Escha - Ru'Aun + Reisenjima Clear Mind Buy? /tell
[13:52:33] Asbrandrnkldd[NSandOria]:  ｆｆｘｉｐａｌ.ｃｏｍ, GET FAST DELIVERY!★REMA/SU5/Item/gil/Gil/  Discount ->"vip05"
[13:52:38] Dotoan[PortBastok]: Omen Kin Utu Ring // Fu Ring neck Scale Do you need it? Buy? /tell
[13:52:53] Shmilywowo[BastokMark]: Escha - Zi'Tah Escha - Ru'Aun Reisenjima T1T2T3 ALL Item ABJ Telos Earring Reiki Yotai Do you need it? /tell Buy? 
[13:52:55] Hanter[Whitegate]: ZNM T4 Sarameya Tinnin Tyger Item win Do you need it? Buy? /tell
[13:53:18] Jocror[BastokMark]: Tinnin Sarameya Tyger win Item all 3 Do you need it? Buy? /tell Thank you.
[13:53:41] Dotoan[PortBastok]: Omen Kin Utu Ring // Fu Ring neck Scale Do you need it? Buy? /tell
[13:53:50] Kimfaeonic[PortBastok]: Aeonic/ioniッkuuェpon Escha - Ru'Aun + Reisenjima Clear Mind Buy? /tell
[13:53:57] Hanter[Whitegate]: ZNM T4 Sarameya Tinnin Tyger Item win Do you need it? Buy? /tell
[13:54:03] Executing logout in 30 seconds.
[13:54:03] Cancel healing to remain logged in.
[13:54:07] Executing logout in 25 seconds.
[13:54:07] Cancel healing to remain logged in.
[13:54:12] Executing logout in 20 seconds.
[13:54:12] Cancel healing to remain logged in.
[13:54:17] Executing logout in 15 seconds.
[13:54:17] Cancel healing to remain logged in.
[13:54:22] Executing logout in 10 seconds.
[13:54:22] Cancel healing to remain logged in.
[13:54:27] Executing logout in 5 seconds.
[13:54:27] Cancel healing to remain logged in.
