Loading Blist settings for Mostmost.
React: Loading File: react_WHM.lua
*****DP Job Selection:WHM*****
Mode: Magic.
 White = Can not cast.
 Green = Casting Range
Size already 20.
ConsoleBG: Position changed! X: 15 Y: 50
You have undertaken the limited-time Records of Eminence challenge á≤Vanquish Arcana.á≥
This area is currently affected by the Super Kupower: á≤Treasure Houndá≥!This area is currently affected by the Super Kupower: á≤Artisan's Advantageá≥!This area is currently affected by the Super Kupower: á≤Myriad Mystery Boxesá≥!
The August 2022 Login Campaign is currently underway!
In celebration of your most recent login (login no. 1), we have provided you with 500 points!You currently have a total of 500 points.
<<< Welcome to Asura! >>>
Å°Assist Channel added for New Players and Returnees! https://sqex.to/yLvfp


Å°Vana'diel Doused with the August Version Update!


Å°August 2022 Login Campaign [until September 2 at 7:00 (PDT) / 14:00 (GMT) / 15:00 (BST)]


Å°Fun in the Sun Campaign [until August 22 at 0:59 (PDT) / 7:59 (GMT) / 8:59(BST)]


Å°Return Home to Vana'diel Campaign [until August 22 at 1:00 (PDT) / 8:00 (GMT) / 9:00 (BST)]


Å°Discount Campaign [until August 31 at 1:00 (PDT) / 8:00 (GMT) / 9:00 (BST)]


Å°The Summer Alter Ego Extravaganza [until August 31 at 7:59 (PDT) / 14:59 (GMT) / 15:59 (BST)]


* Please refer to the official website for more details.
{Sylvie} Oh wow, good job, everyone! That Naga Raja guy in Escha - Ru'Aun is all beaten up. I think we won! Yay!
{Sylvie} Currently, we have taken down 10419 monsters in a row, which gives us a not-so-shabby total of 118038 monsters defeated.
{Terezka} /

{Sylvie} Okay, everyone! I just had the weirdest vision. In the next 10 minutes, somebody called á≤Quetzalcoatlá≥ will be showing up in Reisenjima, somewhere around ?-?! Is that good?
{Droopy} /

{Sylvie} There appears to be a unit separate from Quetzalcoatl out there. Please head to Reisenjima (?-?) and investigate.
