[16:51:01] === Area: Port San d'Oria ===
[16:51:01] *****DP Job Selection:WHM*****
[16:51:01] Mode: Magic.
[16:51:01]  White = Can not cast.
[16:51:01]  Green = Casting Range
[16:51:01] React: Loading File: react_WHM.lua
[16:51:03] Size already 20.
[16:51:03] ConsoleBG: Position changed! X: 15 Y: 50
[16:51:08] <<< Welcome to Asura! >>>
[16:51:08] Announcing the winning numbers for the 20th Vana'versary Nomad Mog Bonanza!
[16:51:08] 
[16:51:08]  
[16:51:08] 
[16:51:08] Rank 3 prize: "7" (last digit)-- 20,471 winners.
[16:51:08] 
[16:51:08] Rank 2 prize: "04" (last two digits)-- 2,010 winners.
[16:51:08] 
[16:51:08] Rank 1 prize: "854" (all three digits)-- 185 winners.
[16:51:08] 
[16:51:08] *The number of winners for each prize is a combined total from all worlds.
[16:51:08] 
[16:51:08]  
[16:51:08] 
[16:51:08] Collection period: On July 14, 2022 at 1:00 (PDT) / 8:00 (GMT) to July 31, at 7:59 (PDT) / 14:59 (GMT)
[16:51:08] 
[16:51:08] Details on the prize can be confirmed by speaking to a Bonanza Moogle at one of the following locations:
[16:51:08] 
[16:51:08] Port San d'Oria (I-9) / Port Bastok (L-8) / Port Windurst (F-6) / Chocobo Circuit (H-8)
[16:51:09] You have undertaken the limited-time Records of Eminence challenge ｲVanquish Vermin.ｳ
[16:51:09] The July 2022 Login Campaign is currently underway!
[16:51:09] 
[16:51:09] The maximum number of people are already participating in Unity chat. Please try again later.
[16:51:09] In celebration of your most recent login (login no. 15), we have provided you with 100 points!
[16:51:09] You currently have a total of 3400 points.
[16:51:10] We hope you enjoy this complimentary little gift, courtesy of the citizens of Vana'diel!
[16:51:10] Obtained: Special gobbiedial key.
[16:51:14] Taichuii[Rabao]: Odyssey Seg C UNM/Agon Do you need it? 5songBRD 5/6
[16:51:28] Benoistndkugwui[PSandOria]:  ｆｆｘｉｐａｌ.ｃｏｍ, GET FAST DELIVERY!★REMA/SU5/Item/gil/Gil/  Discount ->"vip05"
[16:51:43] Ecto[Whitegate]: AmbuscadeVol1 N/DPlease invite me.Bard
[16:51:52] Shakyamuni[Mhaura]: Enchntr. Earring +1 Sell? Can I have it? You can have this. 6m /tell
[16:53:22] Gloomis[Whitegate]: PULSE Girru Do you need it? /tell 15m OBO
Habitox : Oho, ya feelin' lucky 'nough tah takes a stab at da myst'ry box?
[16:54:08] Habitox : Oho, ya feelin' lucky 'nough tah takes a stab at da myst'ry box?
[16:54:08] Habitox : Oho, ya feelin' lucky 'nough tah takes a stab at da myst'ry box?
Habitox : Ya wanna open dat sucker up? Okay, but which dial ya be wantin'?
[16:54:09] Habitox : Ya wanna open dat sucker up? Okay, but which dial ya be wantin'?
[16:54:09] Habitox : Ya wanna open dat sucker up? Okay, but which dial ya be wantin'?
Habitox : So ya be wantin' the special dial?M'kay, get yerself all steeled up, 'cause here we go! 'Member, no complaints!
[16:54:12] Habitox : So ya be wantin' the special dial?
[16:54:12] 　M'kay, get yerself all steeled up, 'cause here we go! 'Member, no complaints!
[16:54:12] Habitox : So ya be wantin' the special dial?
[16:54:12] 　M'kay, get yerself all steeled up, 'cause here we go! 'Member, no complaints!
Habitox : Dis box is full o' myst'ries,♪Dat span da realm's his'try,♪So whatcha gonna get from da chest...o'...uh, fortunery?♪
[16:54:13] Habitox : Dis box is full o' myst'ries,♪
[16:54:13] 　Dat span da realm's his'try,♪
[16:54:13] 　So whatcha gonna get from da chest...o'...uh, fortunery?♪
[16:54:13] Habitox : Dis box is full o' myst'ries,♪
[16:54:13] 　Dat span da realm's his'try,♪
[16:54:13] 　So whatcha gonna get from da chest...o'...uh, fortunery?♪
Habitox : Oooh, looks at what popped out! I hopes it makes yer adventures dat much more adventumarous!
[16:54:18] Habitox : Oooh, looks at what popped out! I hopes it makes yer adventures dat much more adventumarous!
[16:54:18] Habitox : Oooh, looks at what popped out! I hopes it makes yer adventures dat much more adventumarous!
[16:54:21] Obtained: Brass knuckles.
[16:54:21] You have used 50 points of your daily tally!
[16:54:24] Shakyamuni[Mhaura]: Enchntr. Earring +1 Sell? Can I have it? You can have this. 6m /tell
[16:54:25] Executing logout in 30 seconds.
[16:54:25] Cancel healing to remain logged in.
[16:54:29] Executing logout in 25 seconds.
[16:54:29] Cancel healing to remain logged in.
[16:54:34] Executing logout in 20 seconds.
[16:54:34] Cancel healing to remain logged in.
[16:54:39] Executing logout in 15 seconds.
[16:54:39] Cancel healing to remain logged in.
[16:54:44] Executing logout in 10 seconds.
[16:54:44] Cancel healing to remain logged in.
[16:54:49] Executing logout in 5 seconds.
[16:54:49] Cancel healing to remain logged in.
