[15:58:18] === Area: Port San d'Oria ===
[15:58:18] *****DP Job Selection:WHM*****
[15:58:18] Mode: Magic.
[15:58:18]  White = Can not cast.
[15:58:18]  Green = Casting Range
[15:58:18] React: Loading File: react_WHM.lua
[15:58:20] Size already 20.
[15:58:20] ConsoleBG: Position changed! X: 15 Y: 50
[15:58:25] <<< Welcome to Asura! >>>
[15:58:25] Announcing the winning numbers for the 20th Vana'versary Nomad Mog Bonanza!
[15:58:25] 
[15:58:25]  
[15:58:25] 
[15:58:25] Rank 3 prize: "7" (last digit)-- 20,471 winners.
[15:58:25] 
[15:58:25] Rank 2 prize: "04" (last two digits)-- 2,010 winners.
[15:58:25] 
[15:58:25] Rank 1 prize: "854" (all three digits)-- 185 winners.
[15:58:25] 
[15:58:25] *The number of winners for each prize is a combined total from all worlds.
[15:58:25] 
[15:58:25]  
[15:58:25] 
[15:58:25] Collection period: On July 14, 2022 at 1:00 (PDT) / 8:00 (GMT) to July 31, at 7:59 (PDT) / 14:59 (GMT)
[15:58:25] 
[15:58:25] Details on the prize can be confirmed by speaking to a Bonanza Moogle at one of the following locations:
[15:58:25] 
[15:58:25] Port San d'Oria (I-9) / Port Bastok (L-8) / Port Windurst (F-6) / Chocobo Circuit (H-8)
[15:58:26] You have undertaken the limited-time Records of Eminence challenge ‡²Spoils (Seals).‡³
[15:58:26] The July 2022 Login Campaign is currently underway!
[15:58:26] 
[15:58:26] The maximum number of people are already participating in Unity chat. Please try again later.
[15:58:26] In celebration of your most recent login (login no. 16), we have provided you with 100 points!
[15:58:26] You currently have a total of 3500 points.
[15:58:26] We hope you enjoy this complimentary little gift, courtesy of the citizens of Vana'diel!
[15:58:26] Obtained: Special gobbiedial key.
[15:59:34] Cyberops[PortJeuno]: Pinga Tunic +1 25mil Do you need it? Bazaar
[15:59:43] Princessjim[UpJeuno]: i want to buy 405 job points, where do i go and how much does it cost me?
[16:00:21] Princeheath[SSandOria]: Buying Pulse Weapon
[16:00:24] Battles[SSandOria]: Maybe go earn them instead so people like me don't have to explain to you how to play later~
Habitox : Oho, ya feelin' lucky 'nough tah takes a stab at da myst'ry box?
[16:00:27] Habitox : Oho, ya feelin' lucky 'nough tah takes a stab at da myst'ry box?
[16:00:27] Habitox : Oho, ya feelin' lucky 'nough tah takes a stab at da myst'ry box?
Habitox : Ya wanna open dat sucker up? Okay, but which dial ya be wantin'?
[16:00:28] Habitox : Ya wanna open dat sucker up? Okay, but which dial ya be wantin'?
[16:00:28] Habitox : Ya wanna open dat sucker up? Okay, but which dial ya be wantin'?
[16:00:41] Executing logout in 30 seconds.
[16:00:41] Cancel healing to remain logged in.
[16:00:45] Executing logout in 25 seconds.
[16:00:45] Cancel healing to remain logged in.
[16:00:47] Mithranxia[WestAdoulin]: buying someone to wipe my ass
[16:00:50] Executing logout in 20 seconds.
[16:00:50] Cancel healing to remain logged in.
[16:00:55] Executing logout in 15 seconds.
[16:00:55] Cancel healing to remain logged in.
[16:01:00] Executing logout in 10 seconds.
[16:01:00] Cancel healing to remain logged in.
[16:01:05] Executing logout in 5 seconds.
[16:01:05] Cancel healing to remain logged in.
