Chomaking : /

[1]<Delirious> slut

Nordishen examines you.
Nordishen begins to browse the merchandise in your bazaar.
Nordishen leaves your bazaar.
[1]<Kinggalka> /

[1]<Secare> hi

Emmiatej examines you.
Emmiatej begins to browse the merchandise in your bazaar.
Emmiatej leaves your bazaar.
Zomax examines you.
Zomax begins to browse the merchandise in your bazaar.
Zomax leaves your bazaar.
You have undertaken the limited-time Records of Eminence challenge ‡²Vanquish Undead.‡³
Chharith : let me warm up

Dice roll! Chharith rolls 712!
Dice roll! Jacknthebox rolls 52!
Dice roll! Chharith rolls 670!
Jacknthebox : lmaooo

Chharith : just drop ur rema bro

Dice roll! Jacknthebox rolls 27!
Chharith : lmao

Chharith : you just lost 50 mil already 

Dice roll! Jacknthebox rolls 547!
Chharith : wait, buy me stack of sublime sushi before you roll

Sypherion : anyone wanna get in on this and do 10M 3 way winner takes all\

Chharith : total: Syp you owe Jack 10 mil, trade him, my commision is 2 mil

Sypherion : xD

Jacknthebox : lol

Sypherion : i dont remember hiring a gambling agent 

Jacknthebox : he did trade me 

Chharith : baby, baby, you neeed managment

[1]<Kinggalka> anyone need sortie?

Ixtsusea waves to Craudis.
Aruhyde synthesized a bottle of orange juice.
Aruhyde synthesized a bottle of orange juice.
Flapowa's eyes brim over with tears.
Linaelle examines you.
Linaelle begins to browse the merchandise in your bazaar.
Linaelle leaves your bazaar.
[1]<Delirious> crickets?

[1]<Voicememo> some dont like to tell

Sesshmaru waves to Kyouta.
Kyouta waves.
Sesshmaru waves to Linaelle.
Sesshmaru cheers Korv on!
Sesshmaru : sortie no queue

Kyouta : True Strike

Kyouta shakes with laughter!
Flapowa shakes her head at Siete.
Siete shakes her head at Flapowa.
Flapowa smiles warmly.
Siete shakes her head at Flapowa.
Flapowa nods to Xellx.
Flapowa weeps in sorrow before Siete.
Flapowa smiles warmly at Siete.
Flapowa shakes her head at Siete.
Flapowa shakes her head at Siete.
Flapowa weeps in sorrow before Siete.
Mythralfayth waves to Sesshmaru.
Piquan waves to Shootingbrake.
Piquan bows courteously to Shootingbrake.
Shootingbrake waves goodbye to Piquan.
Sesshmaru waves to Beanen.
Beanen waves to Sesshmaru.
You have undertaken the limited-time Records of Eminence challenge ‡²Spoils (Seals).‡³
[1]<Zixxer> can someone arise me in 3 min at rabao?

[1]<Voicememo> yes

[1]<Woojr> lol

[1]<Zixxer> tried one for travellers groups for fun and i died twice and whm just left lol

[1]<Zixxer> i think i deleveled

[1]<Zixxer> lol wait, the 3 minute rule doesn't apply in odyssey?

[1]<Voicememo> if all are dead it does

[1]<Zixxer> if everyone dead past 3 min you get booted? "sheol c"

[1]<Voicememo> are you in lobby?

[1]<Zixxer> c farm

[1]<Zixxer> dead at the first group lol

[1]<Voicememo> if all dead in c should

[1]<Zixxer> didn't say the info in the logs tho

[1]<Zixxer> it's been past 3 min

[1]<Saviorself> that guy is so brave. his comment still says "might get 0-3k segs"

[1]<Saviorself> like he knows you might just wipe on the first group

[1]<Zixxer> he seems nice

[1]<Zixxer> lol

[1]<Saviorself> he was trying to buy 10k segs for 20m

[1]<Zixxer> i was afk as sam and they went in with no tank or brd

[1]<Zixxer> i would've went as their tank, bare minimum

[1]<Saviorself> oh dear

[1]<Zixxer> been 9 min since death

[1]<Zixxer> still in the zone

[1]<Zixxer> i'll let the 15 min time out i guess

[1]<Zixxer> so much xp lost

[1]<Voicememo> how much time on zone

[1]<Saviorself> everyone dead?

[1]<Zixxer> wipe 10 min ago, eveyone else just zoned

[1]<Voicememo> perhaps it doesnt have

[1]<Zixxer> gaol definitely, but not here i guess

[1]<Zixxer> afk 13 min

[1]<Zixxer> gonna eat ramen

[1]<Voicememo> ill go do another htbf then and ill come back to raise

[1]<Zixxer> kk ty

[1]<Voicememo> how long?

[1]<Zixxer> 1 min 

[1]<Voicememo> you're up

[1]<Voicememo> up up

[1]<Zixxer> ty bro

[1]<Voicememo> np

Kotaroh synthesized a painite.
Kotaroh synthesized a painite.
Kotaroh synthesized a painite.
Kotaroh synthesized a painite.
Nessler examines you.
Nessler begins to browse the merchandise in your bazaar.
Nessler leaves your bazaar.
Kotaroh synthesized a deathstone.
Kotaroh synthesized a painite.
Kotaroh synthesized a deathstone.
Kotaroh synthesized a painite.
Kotaroh synthesized a painite.
Kotaroh synthesized a painite.
Nessler slaps Hinayo.
Kotaroh synthesized a deathstone.
Kotaroh synthesized a painite.
Kotaroh synthesized a painite.
Kotaroh synthesized a deathstone.
Kotaroh synthesized a painite.
Kotaroh synthesized a deathstone.
Kotaroh synthesized a deathstone.
Kotaroh synthesized a painite.
Kotaroh synthesized a painite.
Kotaroh synthesized a deathstone.
Kotaroh synthesized a painite.
Kotaroh synthesized a painite.
Kotaroh waves to Mervy.
Mervy bows courteously to Kotaroh.
Kotaroh synthesized a painite.
Kotaroh synthesized a deathstone.
Kotaroh synthesized a painite.
Kotaroh synthesized a painite.
Kotaroh synthesized a painite.
Kotaroh synthesized a deathstone.
Kotaroh synthesized a deathstone.
Kotaroh synthesized a deathstone.
Kotaroh synthesized a painite.
Kotaroh synthesized a painite.
Kotaroh synthesized a deathstone.
Kotaroh synthesized a deathstone.
Kotaroh synthesized a painite.
Kotaroh synthesized a painite.
Arfhonse displays his samurai spirit for Reachpit.
Kotaroh synthesized a painite.
Kotaroh synthesized a painite.
Kotaroh synthesized a painite.
Kotaroh synthesized a painite.
Kotaroh synthesized a deathstone.
Kotaroh synthesized a painite.
Reachpit praises Dekion.
Kotaroh synthesized a painite.
Kotaroh synthesized a fenritear.
Kotaroh synthesized a painite.
Kotaroh synthesized a painite.
Kotaroh synthesized a deathstone.
Kotaroh synthesized a painite.
Arfhonse summons a chirping chocobo chick for Myute.
Kotaroh synthesized a deathstone.
Kotaroh synthesized a painite.
Kotaroh synthesized a tenebrite.
Kotaroh synthesized a painite.
Kotaroh synthesized a deathstone.
Kotaroh synthesized a painite.
Kotaroh synthesized a painite.
Kotaroh synthesized a painite.
Kotaroh synthesized a painite.
Kotaroh synthesized a painite.
Kotaroh synthesized a painite.
Kotaroh synthesized a painite.
Kotaroh synthesized a tenebrite.
Kotaroh synthesized a painite.
Kotaroh synthesized a painite.
Kotaroh synthesized a painite.
Kotaroh synthesized a painite.
Kotaroh synthesized a painite.
Kotaroh synthesized a painite.
Kotaroh synthesized a painite.
Mervy tosses a coin.
Kotaroh synthesized a painite.
Kotaroh synthesized a painite.
Lunarlon leads a rousing cheer for Mervy.
Kotaroh synthesized a deathstone.
Kotaroh synthesized a deathstone.
Lunarlon and Mervy are enveloped in sacred radiance.
Arfhonse pats Reachpit consolingly.
Kotaroh synthesized a painite.
Kotaroh synthesized a painite.
Kotaroh synthesized a painite.
Lunarlon plants some seeds on Mervy.
Lunarlon plants some seeds on Mervy.
Kotaroh synthesized a tenebrite.
Lunarlon tosses a coin.
Kotaroh synthesized a painite.
Kotaroh synthesized a deathstone.
Kotaroh synthesized a painite.
Kotaroh synthesized a painite.
Lunarlon applies a bandage to Mervy.
Kotaroh synthesized a painite.
Kotaroh synthesized a deathstone.
Lunarlon revels in a moment of stylish elegance.
Lunarlon summons a chirping chocobo chick.
Lunarlon summons a chirping chocobo chick for Mervy.
Atech looks at Aruhyde in surprise.
Keik kneels respectfully before Atech.
Keik examines you.
Keik begins to browse the merchandise in your bazaar.
Keik leaves your bazaar.
Atech examines you.
Atech begins to browse the merchandise in your bazaar.
Atech leaves your bazaar.
Satoshun shakes his head at Rayza.
Keik pokes Lunaly.
You cannot perform that action on the selected target.
Kotaroh bows courteously to Dokkin.
Hinayo bows courteously to Dokkin.
Reachpit praises Dekion.
You have undertaken the limited-time Records of Eminence challenge ‡²Magic Damage Kills.‡³
Keik examines you.
Keik begins to browse the merchandise in your bazaar.
Keik leaves your bazaar.
Arfhonse weeps in sorrow before Mikana.
Arfhonse weeps in sorrow before Mikana.
Arfhonse looks away from Mikana, sulking.
Arfhonse looks away from Mikana, embarrassed.
You cannot perform that action on the selected target.
Akuten examines you.
Akuten begins to browse the merchandise in your bazaar.
Akuten leaves your bazaar.
You have undertaken the limited-time Records of Eminence challenge ‡²Vanquish Plantoids.‡³
Tegamen unleashes a burst of runic energy at Celaria.
Celaria calls forth her dark minions to beleaguer Tegamen.
Crowlina shows off a long-lost ninjutsu technique.
Daerona shows off a long-lost ninjutsu technique.
Tegamen shows off a long-lost ninjutsu technique.
Terrana shows off a long-lost ninjutsu technique.
Temas shows off a long-lost ninjutsu technique for Crowlina.
Zaffren casts Haste.Zaffren gains the effect of Haste.
Mablung grins roguishly at Inferia.
Thewilltolive cheers Obiimorii on!
Ryuail cheers Obiimorii on!
Ryuail : hey, yall heard about that new Sortie content? i hear it's pretty cool :P

Corriri : the people by sortie told me to come do omen since the line was so short

Moguri : you didnt hear there is no sortie q atm

Ryuail : i'm sorry to say, you've been bamboozled

Moguri : ya its a sortie campain atm

Moguri : you guys should go do that

Elizabetha pokes Koruma.
Kharybdis and Nutcracker happily dance together.
Elizabetha licks Kharybdis

Kharybdis looks at Elizabetha, shocked!
Kharybdis looks at Elizabetha, shocked!
Elizabetha pokes Nutcracker.

Elizabetha loses the will to live and looks at Thewilltolive

Thewilltolive grins roguishly at Elizabetha.
Kharybdis looks at Koruma and sighs dejectedly.
Ajuce examines you.
Ajuce begins to browse the merchandise in your bazaar.
Ajuce leaves your bazaar.
Shidifu examines you.
Shidifu begins to browse the merchandise in your bazaar.
Shidifu leaves your bazaar.
Gendry cheers Illyanna on!
Illyanna panics!
Ajuce examines you.
Ajuce begins to browse the merchandise in your bazaar.
Ajuce leaves your bazaar.
Ladyagrias examines you.
Ladyagrias begins to browse the merchandise in your bazaar.
Ladyagrias leaves your bazaar.
Sibiant : I'm back!

Clairxi looks at Samanta and panics!
Clairxi pokes Msjigglebits.
Kharybdis looks at Silvermutt and sighs dejectedly.
Kharybdis chokes Kinkima

You cannot perform that action on the selected target.
superwarp: No homepoints found! Retrying...
superwarp: No homepoints found!
You cannot perform that action on the selected target.
Squasher waves to Phelt.
Phelt waves to Squasher.
Phelt points at Salonia.
You have undertaken the limited-time Records of Eminence challenge ‡²Vanquish Amorphs.‡³
Funkworkz(funkworkz) is now online on Guildwork.
Dice roll! Burnzz rolls 487!
Dice roll! Burnzz rolls 949!
Poody waves to Pockye.
Olopher examines you.
Olopher begins to browse the merchandise in your bazaar.
Olopher leaves your bazaar.
Yerless slaps Odesse.
Tuefie pats Odesse consolingly.
Zatho bows courteously to Dookaughs.
Alvinho nods to Shiroikiri.
Zave panics!
Xergling needs a crowbar to pull her thong string out

Shiroikiri pats Giacorleone consolingly.
Oakn : I need to enter dynamus to enchant it with 20%+ dmg tho

