=== Area: Ru'Lude Gardens ===
React: Loading File: react_COR.lua
*****DP Job Selection:COR*****
Mode: Gun.
 White  = Can not shoot.
 Yellow = Ranged Attack Capable (No Buff)
 Green  = Shoots Squarely (Good)
 Blue   = True Shot (Best)
Size already 20.
ConsoleBG: Position changed! X: 15 Y: 50
Loaded COR Battlemod filters
You have undertaken the limited-time Records of Eminence challenge ｲVanquish Arcana.ｳ
This area is currently affected by the Super Kupower: ｲTreasure Houndｳ!This area is currently affected by the Super Kupower: ｲArtisan's Advantageｳ!This area is currently affected by the Super Kupower: ｲMyriad Mystery Boxesｳ!
The maximum number of people are already participating in Unity chat. Please try again later.
<<< Welcome to Asura! >>>
On Aug. 9, 2022 22:00 to Aug. 10, 2022 2:00 (PDT) / Aug. 10, 2022 from 5:00 to 9:00 (GMT) / Aug. 10, 2022 from 6:00 to 10:00 (BST), we will be performing maintenance on all Worlds. During the maintenance, FINAL FANTASY XI will be unavailable. Please be aware that once maintenance begins, you will be automatically logged out of the server. See the Information section for more details.
[1]< VanillaForLyfe: Bigtymer >
Let's get that Sortie bread! #RespectTOS (Jul. 30, 2022 2:57:11am)
superwarp: Search returned no matches: n
Encouraging[LowJeuno]: mars orb Do you need it? 3M

Eunnac[BastokMark]: Ambuscade V.1 VD Do you need it? 3M Buy? /tell

Hortalizo[Nashmau]: Tartarus Platemail A.M.A.N trove Can I have it? Reward

Yahooxi[BastokMine]: Selling Aeonic/ioniッkuuェpon 3zones Full clear Buy? 50M /tell 1/3

superwarp: Warping via Home Point #3 to Norg - Auction House (F).
=== Area: Norg ===
This area is currently affected by the Super Kupower: ｲTreasure Houndｳ!This area is currently affected by the Super Kupower: ｲArtisan's Advantageｳ!This area is currently affected by the Super Kupower: ｲMyriad Mystery Boxesｳ!
The maximum number of people are already participating in Unity chat. Please try again later.
Nukito[PortJeuno]: M. Silverpiece(23) Sell? ~~ You can have this. G2,300,000

Eunnac[BastokMark]: Ambuscade V.1 VD Do you need it? 3M Buy? /tell

Yahooxi[BastokMine]: Selling Aeonic/ioniッkuuェpon 3zones Full clear Buy? 50M /tell 1/3

Khdafi[Mhaura]: Bhaflau Thickets Capacity Points Exemplar Points Do you need it? 4/6 heal cor or geo Can I have it?

Hortalizo[Nashmau]: Tartarus Platemail A.M.A.N trove Can I have it? Reward

Yahooxi[BastokMine]: Selling Aeonic/ioniッkuuェpon 3zones Full clear Buy? 50M /tell 1/3

Yahooxi[BastokMine]: Selling Aeonic/ioniッkuuェpon 3zones Full clear Buy? 50M /tell 1/3

Estwanmlktyht[PortBastok]:  ｆｆｘｉｐａｌ.ｃｏｍ, GET FAST DELIVERY!★REMA/SU5/Item/gil/Gil/  Discount ->"vip05"

Yahooxi[BastokMine]: Selling Aeonic/ioniッkuuェpon 3zones Full clear Buy? 50M /tell 1/3

Khdafi[Whitegate]: Bhaflau Thickets Capacity Points Exemplar Points Do you need it? 4/6 heal cor or geo Can I have it?

Yahooxi[BastokMine]: Selling Aeonic/ioniッkuuェpon 3zones Full clear Buy? 50M /tell 1/3

Bitoshi[Whitegate]: anyone need a tinnin win

Yahooxi[BastokMine]: Selling Aeonic/ioniッkuuェpon 3zones Full clear Buy? 50M /tell 2/3

Khdafi[Whitegate]: Bhaflau Thickets Capacity Points Exemplar Points Do you need it? 4/6 heal cor or geo Can I have it?

Estwanmlktyht[PortBastok]:  ｆｆｘｉｐａｌ.ｃｏｍ, GET FAST DELIVERY!★REMA/SU5/Item/gil/Gil/  Discount ->"vip05"

Yahooxi[BastokMine]: Selling Aeonic/ioniッkuuェpon 3zones Full clear Buy? 50M /tell 2/3

Estwanmlktyht[PortBastok]:  ｆｆｘｉｐａｌ.ｃｏｍ, GET FAST DELIVERY!★REMA/SU5/Item/gil/Gil/  Discount ->"vip05"

Khdafi[Whitegate]: Bhaflau Thickets Capacity Points Exemplar Points Do you need it? 4/6 heal cor or geo Can I have it?

Yahooxi[BastokMine]: Selling Aeonic/ioniッkuuェpon 3zones Full clear Buy? 50M /tell 2/3

Rydu[Norg]: Mars Orbs Do you have it? Sell? 2.5m /tell

Khdafi[Whitegate]: Bhaflau Thickets Capacity Points Exemplar Points Do you need it? 4/6 dd heal cor or geo Can I have it?

Yahooxi[BastokMine]: Selling Aeonic/ioniッkuuェpon 3zones Full clear Buy? 50M /tell 2/3

Yahooxi[BastokMine]: Selling Aeonic/ioniッkuuェpon 3zones Full clear Buy? 50M /tell 2/3

Estwanmlktyht[PortBastok]:  ｆｆｘｉｐａｌ.ｃｏｍ, GET FAST DELIVERY!★REMA/SU5/Item/gil/Gil/  Discount ->"vip05"

Rydu[Norg]: Mars Orbs Do you have it? Sell? 2.5m /tell

Khdafi[Whitegate]: Bhaflau Thickets Capacity Points Exemplar Points Do you need it? 5/6 dd heal cor or geo Can I have it?

Yahooxi[BastokMine]: Selling Aeonic/ioniッkuuェpon 3zones Full clear Buy? 50M /tell start in 20mins

Yahooxi[BastokMine]: Selling Aeonic/ioniッkuuェpon 3zones Full clear Buy? 50M /tell start in 20mins

Discontinued[SSandOria]: Late evening PST (Pacific) event LS Looking for members. 8pm events.  Odyssey/Omen/Vagary/Dynamis/Sortie/Etc /tell

Khdafi[Whitegate]: Bhaflau Thickets Capacity Points Exemplar Points Do you need it? 5/6 dd heal cor or geo Can I have it?

Yahooxi[BastokMine]: Selling Aeonic/ioniッkuuェpon 3zones Full clear Buy? 50M /tell start in 20mins

Estwanmlktyht[PortBastok]:  ｆｆｘｉｐａｌ.ｃｏｍ, GET FAST DELIVERY!★REMA/SU5/Item/gil/Gil/  Discount ->"vip05"

Yahooxi[BastokMine]: Selling Aeonic/ioniッkuuェpon 3zones Full clear Buy? 50M /tell start in 20mins

Khdafi[Whitegate]: Bhaflau Thickets Capacity Points Exemplar Points Do you need it? 5/6 dd heal cor or geo Can I have it?

Rydu[Norg]: Mars Orbs Do you have it? Sell? 2.5m /tell

Yahooxi[BastokMine]: Selling Aeonic/ioniッkuuェpon 3zones Full clear Buy? 50M /tell start in 20mins

Yahooxi[BastokMine]: Selling Aeonic/ioniッkuuェpon 3zones Full clear Buy? 50M /tell start in 20mins

Khdafi[Whitegate]: Bhaflau Thickets Capacity Points Exemplar Points Do you need it? 5/6 dd heal cor or geo Can I have it?

Yahooxi[BastokMine]: Selling Aeonic/ioniッkuuェpon 3zones Full clear Buy? 50M /tell start in 15mins

Rydu[Norg]: Mars Orbs Do you have it? Sell? 2.5m /tell

Machfire[Mhaura]: V1N-D Do you need it? @4 Whm and DD

Estwanmlktyht[PortBastok]:  ｆｆｘｉｐａｌ.ｃｏｍ, GET FAST DELIVERY!★REMA/SU5/Item/gil/Gil/  Discount ->"vip05"

Yahooxi[BastokMine]: Selling Aeonic/ioniッkuuェpon 3zones Full clear Buy? 50M /tell start in 15mins

Helyah invites you to join a party.
Yahooxi[BastokMine]: Selling Aeonic/ioniッkuuェpon 3zones Full clear Buy? 50M /tell start in 15mins

Yerp invites you to join a party.
Iooz[WindWoods]: Ambuscade V.1 VD Do you need it? 3m/run Buy?

Qixin[PSandOria]: Ambuscade V1 VD Do you need it? 3m/run Buy? /tell

Yahooxi[BastokMine]: Selling Aeonic/ioniッkuuェpon 3zones Full clear Buy? 50M /tell start in 15mins

Crassius : is it worth getting your own chocobo or are monster mounts the same speed?

Rydu[Norg]: Mars Orbs Do you have it? Sell? 2.5m /tell

Estwanmlktyht[PortBastok]:  ｆｆｘｉｐａｌ.ｃｏｍ, GET FAST DELIVERY!★REMA/SU5/Item/gil/Gil/  Discount ->"vip05"

Yahooxi[BastokMine]: Selling Aeonic/ioniッkuuェpon 3zones Full clear Buy? 50M /tell start in 15mins

Iooz[WindWoods]: Ambuscade V.1 VD Do you need it? 3m/run Buy?

Qixin[PSandOria]: Ambuscade V1 VD Do you need it? 3m/run Buy? /tell

Yahooxi[BastokMine]: Selling Aeonic/ioniッkuuェpon 3zones Full clear Buy? 50M /tell start in 15mins

Iooz[WindWoods]: Ambuscade V.1 VD Do you need it? 3m/run Buy?

Qixin[PSandOria]: Ambuscade V1 VD Do you need it? 3m/run Buy? /tell

Dasmir[Norg]: Omen Cards Looking for members. 6 step 30k/15k Magic brd cor geo thf tank /tel

Yahooxi[BastokMine]: Selling Aeonic/ioniッkuuェpon 3zones Full clear Buy? 50M /tell start in 15mins

Eunnac[BastokMark]: Ambuscade V.1 VD Do you need it? 3M Buy? /tell

Crassius : is it worth getting your own chocobo or are monster mounts the same speed?

Iooz[WindWoods]: Ambuscade V.1 VD Do you need it? 3m/run Buy?

Yahooxi[BastokMine]: Selling Aeonic/ioniッkuuェpon 3zones Full clear Buy? 50M /tell start in 15mins

Estwanmlktyht[PortBastok]:  ｆｆｘｉｐａｌ.ｃｏｍ, GET FAST DELIVERY!★REMA/SU5/Item/gil/Gil/  Discount ->"vip05"

Eunnac[BastokMark]: Ambuscade V.1 VD Do you need it? 3M Buy? /tell

Yahooxi[BastokMine]: Selling Aeonic/ioniッkuuェpon 3zones Full clear Buy? 50M /tell start in 15mins

Iooz[WindWoods]: Ambuscade V.1 VD Do you need it? 3m/run Buy?

Rydu[Norg]: Mars Orbs Do you have it? Sell? 2.5m /tell

Dasmir[Norg]: Omen Cards Looking for members. 6 step 30k/15k Magic cor geo thf /tell

Yahooxi[BastokMine]: Selling Aeonic/ioniッkuuェpon 3zones Full clear Buy? 50M /tell start in 10mins

Eunnac[BastokMark]: Ambuscade V.1 VD Do you need it? 3M Buy? /tell

Iooz[WindWoods]: Ambuscade V.1 VD Do you need it? 3m/run Buy?

Yahooxi[BastokMine]: Selling Aeonic/ioniッkuuェpon 3zones Full clear Buy? 50M /tell start in 10mins

Eunnac[BastokMark]: Ambuscade V.1 VD Do you need it? 3M Buy? /tell

Yahooxi[BastokMine]: Selling Aeonic/ioniッkuuェpon 3zones Full clear Buy? 50M /tell start in 10mins

Iooz[WindWoods]: Ambuscade V.1 VD Do you need it? 3m/run Buy?

Nomad Moogle : I'm a traveling moogle, kupo. I help adventurers in the Outlands access items they have stored in a Mog House elsewhere, kupo.
JobChange: Changing main job to: SAM
Size already 20.
ConsoleBG: Position changed! X: 15 Y: 50
Loaded SAM Battlemod filters
React: Loading File: react_SAM.lua
*****DP Job Selection:SAM*****
Mode: Default.
Dasmir[Norg]: Omen Cards Looking for members. 6 step 30k/15k Magic cor geo thf /tell

Eunnac[BastokMark]: Ambuscade V.1 VD Do you need it? 3M Buy? /tell

Yahooxi[BastokMine]: Selling Aeonic/ioniッkuuェpon 3zones Full clear Buy? 50M /tell start in 10mins

Iooz[WindWoods]: Ambuscade V.1 VD Do you need it? 3m/run Buy?

Yahooxi[BastokMine]: Selling Aeonic/ioniッkuuェpon 3zones Full clear Buy? 50M /tell start in 10mins

Eunnac[BastokMark]: Ambuscade V.1 VD Do you need it? 3M Buy? /tell

Iooz[WindWoods]: Ambuscade V.1 VD Do you need it? 3m/run Buy?

Dasmir[Norg]: Omen Cards Looking for members. 6 step 30k/15k Magic cor geo thf /tell

Yahooxi[BastokMine]: Selling Aeonic/ioniッkuuェpon 3zones Full clear Buy? 50M /tell start in 10mins

