*****DP Job Selection:THF*****
Mode: Default.
You have undertaken the limited-time Records of Eminence challenge á≤Crack Treasure Caskets.á≥
Welcome, Feary!
Did you know if you subscribe to Guildwork Premium (guildwork.com/premium) you can get cross-zone shouts, AH notifications, Bazaar notifications, Remote chat and more?
The April 2018 Login Campaign is currently underway!
You have carried over 100 login points.
In celebration of your most recent login (login no. 1), we have provided you with 500 points!You currently have a total of 600 points.
Add this character to Guildwork by typing /gw flush --add
<<< Welcome to Sylph! >>>
Å°Vana'diel Doused with the April Version Update!


Å°[Ongoing] April 2018 Login Campaign [Apr. 10, 8:00 (PDT) / 15:00 (GMT) / 16:00 (BST) to May. 9, 7:00 (PDT) / 14:00 (GMT) / 15:00 (BST)]


Å°[Ongoing] Destination Vana'diel Screenshot Campaign [Apr. 9, 0:00 (PDT) / 7:00 (GMT) / 8:00 (BST) to Apr. 13, 23:59 (PDT) / Apr. 14, 6:59 (GMT) / 7:59 (BST)]


* Please refer to the official website for details.
Please try again in a little while.
Please try again in a little while.
Please try again in a little while.
Please try again in a little while.
Please try again in a little while.
*****DP Job Selection:THF*****
Mode: Default.
<<< Welcome to Sylph! >>>
Å°Vana'diel Doused with the April Version Update!


Å°[Ongoing] April 2018 Login Campaign [Apr. 10, 8:00 (PDT) / 15:00 (GMT) / 16:00 (BST) to May. 9, 7:00 (PDT) / 14:00 (GMT) / 15:00 (BST)]


Å°[Ongoing] Destination Vana'diel Screenshot Campaign [Apr. 9, 0:00 (PDT) / 7:00 (GMT) / 8:00 (BST) to Apr. 13, 23:59 (PDT) / Apr. 14, 6:59 (GMT) / 7:59 (BST)]


* Please refer to the official website for details.
Welcome, Feary!
Did you know if you subscribe to Guildwork Premium (guildwork.com/premium) you can get cross-zone shouts, AH notifications, Bazaar notifications, Remote chat and more?
Add this character to Guildwork by typing /gw flush --add
{Apururu} Bad news! Have you heard of Quetzalcoatl? Well they say he's appeared in Reisenjima (?-?) and seems very upsetaru!
{Minuss} 9

Moogle : I'll look after your items, kupo!
