Beton[Mhaura]: Ambuscade V,1 VD Do you need it? 3M Buy? /tell

Haps[Norg]: Mars Orbs Do you have it? Sell? 2.5m /tell

----== SystemMessage ==----
On Aug. 9, 2022 22:00 to Aug. 10, 2022 2:00 (PDT) / Aug. 10, 2022 from 5:00 to 9:00 (GMT) / Aug. 10, 2022 from 6:00 to 10:00 (BST), 

----== SystemMessage ==----
we will be performing maintenance on all Worlds.

----== SystemMessage ==----
During this period, FINAL FANTASY XI will be unavailable.

----== SystemMessage ==----
See the Information section for more details.

Voicememo[BastokMine]: the world is ending in 1hr!

Iooz[WindWoods]: Ambuscade V.1 VD Do you need it? 3m/run Buy?

Beton[Mhaura]: Ambuscade V,1 VD Do you need it? 3M Buy? /tell

Iooz[WindWoods]: Ambuscade V.1 VD Do you need it? 3m/run Buy?

Haps[Norg]: Mars Orbs Do you have it? Sell? 2.5m /tell

Beton[Mhaura]: Ambuscade V,1 VD Do you need it? 3M Buy? /tell

Iooz[WindWoods]: Ambuscade V.1 VD Do you need it? 3m/run Buy?

Dotnet[PortJeuno]: Udug Jacket Do you need it? Buy? /tell best offer! 

Beton[Mhaura]: Ambuscade V,1 VD Do you need it? 3M Buy? /tell

Eekr[NSandOria]: OdysseyT1234 Xevioso Ngai Kalunga Mboze Ongo Arebati Bumba V0V1 Buy?unlock~rank15 /tell

Dotnet[PortJeuno]: Udug Jacket Do you need it? Buy? /tell best offer! in pool now Palborough Mines! 

Meioda[PSandOria]: OdysseyT1T2T3T4 Xevioso Ngai Kalunga Mboze Arebati Ongo Bumba V0V1 Buy? /tell

Eekr[NSandOria]: OdysseyT1234 Xevioso Ngai Kalunga Mboze Ongo Arebati Bumba V0V1 Buy?unlock~rank15 /tell

Iooz[WindWoods]: Ambuscade V.1 VD Do you need it? 3m/run Buy?

Meioda[PSandOria]: OdysseyT1T2T3T4 Xevioso Ngai Kalunga Mboze Arebati Ongo Bumba V0V1 Buy? /tell

Dotnet[PortJeuno]: Udug Jacket Do you need it? Buy? /tell best offer! in pool now Palborough Mines! 

Beton[Mhaura]: Ambuscade V,1 VD Do you need it? 3M Buy? /tell

Eekr[NSandOria]: OdysseyT1234 Xevioso Ngai Kalunga Mboze Ongo Arebati Bumba V0V1 Buy?unlock~rank15 /tell

Meioda[PSandOria]: OdysseyT1T2T3T4 Xevioso Ngai Kalunga Mboze Arebati Ongo Bumba V0V1 Buy? /tell

Haps[Norg]: Mars Orbs Do you have it? Sell? 2.5m /tell

Dotnet[PortJeuno]: Udug Jacket Do you need it? Buy? /tell best offer! in pool now Palborough Mines! 

Cooldiss[Rabao]: Ambuscade V1 VD Do you need it? Looking for members. RDM BRD COR WAR DD /tell

Eekr[NSandOria]: OdysseyT1234 Xevioso Ngai Kalunga Mboze Ongo Arebati Bumba V0V1 Buy?unlock~rank15 /tell

Gregt[LowJeuno]: Pangu Sell? /tell Thank you.

Iooz[WindWoods]: Ambuscade V.1 VD Do you need it? 3m/run Buy?

Meioda[PSandOria]: OdysseyT1T2T3T4 Xevioso Ngai Kalunga Mboze Arebati Ongo Bumba V0V1 Buy? /tell

Beton[Mhaura]: Ambuscade V,1 VD Do you need it? 3M Buy? /tell

Zamasu[Whitegate]: Bhaflau Thickets Capacity Points Exemplar Points Party 5/6 brd Can I have it?

Eekr[NSandOria]: OdysseyT1234 Xevioso Ngai Kalunga Mboze Ongo Arebati Bumba V0V1 Buy?unlock~rank15 /tell

Meioda[PSandOria]: OdysseyT1T2T3T4 Xevioso Ngai Kalunga Mboze Arebati Ongo Bumba V0V1 Buy? /tell

Eekr[NSandOria]: OdysseyT1234 Xevioso Ngai Kalunga Mboze Ongo Arebati Bumba V0V1 Buy?unlock~rank15 /tell

Dotnet[PortJeuno]: Udug Jacket Do you need it? Buy? /tell best offer! in pool now Palborough Mines! 

Meioda[PSandOria]: OdysseyT1T2T3T4 Xevioso Ngai Kalunga Mboze Arebati Ongo Bumba V0V1 Buy? /tell

Beton[Mhaura]: Ambuscade V,1 VD Do you need it? 3M Buy? /tell

Eekr[NSandOria]: OdysseyT1234 Xevioso Ngai Kalunga Mboze Ongo Arebati Bumba V0V1 Buy?unlock~rank15 /tell

Zamasu[Whitegate]: Bhaflau Thickets Capacity Points Exemplar Points Party 5/6 brd Can I have it?

Ooday[Norg]: Odyssey C seg Do you need it? Brd Tank Whm Heavy DD /tell

Meioda[PSandOria]: OdysseyT1T2T3T4 Xevioso Ngai Kalunga Mboze Arebati Ongo Bumba V0V1 Buy? /tell

Cooldiss[Rabao]: Ambuscade V1 VD Do you need it? Looking for members. RDM BRD WAR DD /tell

Eekr[NSandOria]: OdysseyT1234 Xevioso Ngai Kalunga Mboze Ongo Arebati Bumba V0V1 Buy?unlock~rank15 /tell

Gregt[LowJeuno]: Pangu Sell? /tell Thank you.

Meioda[PSandOria]: OdysseyT1T2T3T4 Xevioso Ngai Kalunga Mboze Arebati Ongo Bumba V0V1 Buy? /tell

Beton[Mhaura]: Ambuscade V,1 VD Do you need it? 3M Buy? /tell

Haps[Norg]: Mars Orbs Do you have it? Sell? 2.5m /tell

Eekr[NSandOria]: OdysseyT1234 Xevioso Ngai Kalunga Mboze Ongo Arebati Bumba V0V1 Buy?unlock~rank15 /tell

Meioda[PSandOria]: OdysseyT1T2T3T4 Xevioso Ngai Kalunga Mboze Arebati Ongo Bumba V0V1 Buy? /tell

Cooldiss[Rabao]: Ambuscade V1 VD Do you need it? Looking for members. RDM BRD WAR DD COR /tell 2/6

Ooday[Norg]: Odyssey C seg Do you need it? Tank Whm Heavy DD /tell

Eekr[NSandOria]: OdysseyT1234 Xevioso Ngai Kalunga Mboze Ongo Arebati Bumba V0V1 Buy?unlock~rank15 /tell

Meioda[PSandOria]: OdysseyT1T2T3T4 Xevioso Ngai Kalunga Mboze Arebati Ongo Bumba V0V1 Buy? /tell

Beton[Mhaura]: Ambuscade V,1 VD Do you need it? 3M Buy? /tell

Qixin[PSandOria]: Ambuscade V1 VD Do you need it? 3M/RUN Buy? /tell

Enlightment[PortJeuno]: Molybdosis Can I have it? Sell? please 

Ooday[Norg]: Odyssey C seg Do you need it? Tank Whm Heavy DD /tell

Eekr[NSandOria]: OdysseyT1234 Xevioso Ngai Kalunga Mboze Ongo Arebati Bumba V0V1 Buy?unlock~rank15 /tell

Cooldiss[Rabao]: Ambuscade V1 VD Do you need it? Looking for members. RDM BRD WAR DD COR /tell 2/6

Meioda[PSandOria]: OdysseyT1T2T3T4 Xevioso Ngai Kalunga Mboze Arebati Ongo Bumba V0V1 Buy? /tell

Haps[Norg]: Mars Orbs Do you have it? Sell? 2.5m /tell

Zamasu[Whitegate]: Bhaflau Thickets Capacity Points Exemplar Points Party 5/6 brd Can I have it?

Eekr[NSandOria]: OdysseyT1234 Xevioso Ngai Kalunga Mboze Ongo Arebati Bumba V0V1 Buy?unlock~rank15 /tell

Meioda[PSandOria]: OdysseyT1T2T3T4 Xevioso Ngai Kalunga Mboze Arebati Ongo Bumba V0V1 Buy? /tell

Gucuo[Mhaura]: Ambuscade V1VD Looking for members. DD SB COR WHM BRD /tell

Beton[Mhaura]: Ambuscade V,1 VD Do you need it? 3M Buy? /tell

Ooday[Norg]: Odyssey C seg Do you need it? Tank Whm Heavy DD /tell

Eekr[NSandOria]: OdysseyT1234 Xevioso Ngai Kalunga Mboze Ongo Arebati Bumba V0V1 Buy?unlock~rank15 /tell

Enlightment[PortJeuno]: Molybdosis Can I have it? Sell? please 

Meioda[PSandOria]: OdysseyT1T2T3T4 Xevioso Ngai Kalunga Mboze Arebati Ongo Bumba V0V1 Buy? /tell

Gucuo[Mhaura]: Ambuscade V1VD Looking for members. DD SB COR  BRD /tell

Eekr[NSandOria]: OdysseyT1234 Xevioso Ngai Kalunga Mboze Ongo Arebati Bumba V0V1 Buy?unlock~rank15 /tell

Meioda[PSandOria]: OdysseyT1T2T3T4 Xevioso Ngai Kalunga Mboze Arebati Ongo Bumba V0V1 Buy? /tell

Ooday[Norg]: Odyssey C seg Do you need it? Tank Whm Heavy DD /tell

Beton[Mhaura]: Ambuscade V,1 VD Do you need it? 3M Buy? /tell

Eekr[NSandOria]: OdysseyT1234 Xevioso Ngai Kalunga Mboze Ongo Arebati Bumba V0V1 Buy?unlock~rank15 /tell

Meioda[PSandOria]: OdysseyT1T2T3T4 Xevioso Ngai Kalunga Mboze Arebati Ongo Bumba V0V1 Buy? /tell

Gucuo[Mhaura]: Ambuscade V1VD Looking for members. DD SB COR  BRD /tell

Ooday[Norg]: Odyssey C seg Do you need it? Tank Whm Heavy DD /tell

Haps[Norg]: Mars Orbs Do you have it? Sell? 2.5m /tell

Eekr[NSandOria]: OdysseyT1234 Xevioso Ngai Kalunga Mboze Ongo Arebati Bumba V0V1 Buy?unlock~rank15 /tell

Cooldiss[Rabao]: Ambuscade V1 VD Do you need it? Looking for members. RDM BRD WAR DD COR /tell 2/6

Meioda[PSandOria]: OdysseyT1T2T3T4 Xevioso Ngai Kalunga Mboze Arebati Ongo Bumba V0V1 Buy? /tell

Beton[Mhaura]: Ambuscade V,1 VD Do you need it? 3M Buy? /tell

Eekr[NSandOria]: OdysseyT1234 Xevioso Ngai Kalunga Mboze Ongo Arebati Bumba V0V1 Buy?unlock~rank15 /tell

Qixin[PSandOria]: Ambuscade V1 VD Do you need it? 3M/RUN Buy? /tell

Meioda[PSandOria]: OdysseyT1T2T3T4 Xevioso Ngai Kalunga Mboze Arebati Ongo Bumba V0V1 Buy? /tell

Cooldiss[Rabao]: Ambuscade V1 VD Do you need it? Looking for members. BRD WAR DD /tell 3/6

Eekr[NSandOria]: OdysseyT1234 Xevioso Ngai Kalunga Mboze Ongo Arebati Bumba V0V1 Buy?unlock~rank15 /tell

Qixin[PSandOria]: Ambuscade V1 VD Do you need it? 3M/RUN Buy? /tell

Meioda[PSandOria]: OdysseyT1T2T3T4 Xevioso Ngai Kalunga Mboze Arebati Ongo Bumba V0V1 Buy? /tell

You can't cast Teleport-Mea, attempting to use Dimensional Ring instead, /heal to cancel.
Beton[Mhaura]: Ambuscade V,1 VD Do you need it? 3M Buy? /tell

Eekr[NSandOria]: OdysseyT1234 Xevioso Ngai Kalunga Mboze Ongo Arebati Bumba V0V1 Buy?unlock~rank15 /tell

Olymoly uses a dimensional ring (Mea).
Qixin[PSandOria]: Ambuscade V1 VD Do you need it? 3M/RUN Buy? /tell

Meioda[PSandOria]: OdysseyT1T2T3T4 Xevioso Ngai Kalunga Mboze Arebati Ongo Bumba V0V1 Buy? /tell

=== Area: Tahrongi Canyon ===
This area is currently affected by the Super Kupower: ‡²Treasure Hound‡³!This area is currently affected by the Super Kupower: ‡²Artisan's Advantage‡³!This area is currently affected by the Super Kupower: ‡²Myriad Mystery Boxes‡³!
superwarp: Entering Escha...
=== Area: Reisenjima ===
The maximum number of people are already participating in Unity chat. Please try again later.
superwarp: Warping via Ethereal Ingress #1 to Reisenjima - 10.
Coelestrox : Okay! I wait for you to bring next one.
Coelestrox : Okay! I wait for you to bring next one.
Coelestrox : Okay! I wait for you to bring next one.
Coelestrox : 3 square of Faulpie leather.
Coelestrox : 3 square of Faulpie leather.
Coelestrox : 3 square of Faulpie leather.
Coelestrox : 1 cypress log.
Coelestrox : 1 cypress log.
Coelestrox : 1 cypress log.
Coelestrox : 1 cyan orb.
Coelestrox : 1 cyan orb.
Coelestrox : 1 cyan orb.
Coelestrox : Escha beads. Can make for 300, but will take time. Can make right away with 15000.
Coelestrox : Escha beads. Can make for 300, but will take time. Can make right away with 15000.
Coelestrox : Escha beads. Can make for 300, but will take time. Can make right away with 15000.
Coelestrox : You bring what I ask for, so I put to good use.
Coelestrox : You bring what I ask for, so I put to good use.
Coelestrox : You bring what I ask for, so I put to good use.
Coelestrox : I use escha beads for thing. May take time, but is good price.
Coelestrox : I use escha beads for thing. May take time, but is good price.
Coelestrox : I use escha beads for thing. May take time, but is good price.
Coelestrox : Many beads, so I finish right away.
Coelestrox : Many beads, so I finish right away.
Coelestrox : Many beads, so I finish right away.
Coelestrox : You got it, chief. Come back later.
Coelestrox : You got it, chief. Come back later.
Coelestrox : You got it, chief. Come back later.
----== SystemMessage ==----
On Aug. 9, 2022 22:00 to Aug. 10, 2022 2:00 (PDT) / Aug. 10, 2022 from 5:00 to 9:00 (GMT) / Aug. 10, 2022 from 6:00 to 10:00 (BST), 

----== SystemMessage ==----
we will be performing maintenance on all Worlds.

----== SystemMessage ==----
During this period, FINAL FANTASY XI will be unavailable.

----== SystemMessage ==----
See the Information section for more details.

Coelestrox : Is ready. Remember, I can make many more!
Coelestrox : Is ready. Remember, I can make many more!
Coelestrox : Is ready. Remember, I can make many more!
Obtained: Foire dastanas +3.
You can't cast warp, attempting to use Warp Ring instead, /heal to cancel.
Olymoly uses a warp ring.
The power of your vorseal wanes...
=== Area: Ru'Lude Gardens ===
This area is currently affected by the Super Kupower: ‡²Treasure Hound‡³!This area is currently affected by the Super Kupower: ‡²Artisan's Advantage‡³!This area is currently affected by the Super Kupower: ‡²Myriad Mystery Boxes‡³!
The maximum number of people are already participating in Unity chat. Please try again later.
Eekr[NSandOria]: OdysseyT1234 Xevioso Ngai Kalunga Mboze Ongo Arebati Bumba V0V1 Buy?unlock~rank15 /tell

Meioda[PSandOria]: OdysseyT1T2T3T4 Xevioso Ngai Kalunga Mboze Arebati Ongo Bumba V0V1 Buy? /tell

Aurix : Let me guess, yer here 'bout the bagua sandals +2. It's all ready for ya.
Aurix : Let me guess, yer here 'bout the bagua sandals +2. It's all ready for ya.
Aurix : Let me guess, yer here 'bout the bagua sandals +2. It's all ready for ya.
Obtained: Bagua sandals +2.
Eekr[NSandOria]: OdysseyT1234 Xevioso Ngai Kalunga Mboze Ongo Arebati Bumba V0V1 Buy?unlock~rank15 /tell

Meioda[PSandOria]: OdysseyT1T2T3T4 Xevioso Ngai Kalunga Mboze Arebati Ongo Bumba V0V1 Buy? /tell

Eekr[NSandOria]: OdysseyT1234 Xevioso Ngai Kalunga Mboze Ongo Arebati Bumba V0V1 Buy?unlock~rank15 /tell

Meioda[PSandOria]: OdysseyT1T2T3T4 Xevioso Ngai Kalunga Mboze Arebati Ongo Bumba V0V1 Buy? /tell

Eekr[NSandOria]: OdysseyT1234 Xevioso Ngai Kalunga Mboze Ongo Arebati Bumba V0V1 Buy?unlock~rank15 /tell

Meioda[PSandOria]: OdysseyT1T2T3T4 Xevioso Ngai Kalunga Mboze Arebati Ongo Bumba V0V1 Buy? /tell

Aurix : Okay, ya want the futhark bandeau +3. Give me a little time and I'll have it ready for ya.
Aurix : Okay, ya want the futhark bandeau +3. Give me a little time and I'll have it ready for ya.
Aurix : Okay, ya want the futhark bandeau +3. Give me a little time and I'll have it ready for ya.
Eekr[NSandOria]: OdysseyT1234 Xevioso Ngai Kalunga Mboze Ongo Arebati Bumba V0V1 Buy?unlock~rank15 /tell

Meioda[PSandOria]: OdysseyT1T2T3T4 Xevioso Ngai Kalunga Mboze Arebati Ongo Bumba V0V1 Buy? /tell

Eekr[NSandOria]: OdysseyT1234 Xevioso Ngai Kalunga Mboze Ongo Arebati Bumba V0V1 Buy?unlock~rank15 /tell

Meioda[PSandOria]: OdysseyT1T2T3T4 Xevioso Ngai Kalunga Mboze Arebati Ongo Bumba V0V1 Buy? /tell

Eekr[NSandOria]: OdysseyT1234 Xevioso Ngai Kalunga Mboze Ongo Arebati Bumba V0V1 Buy?unlock~rank15 /tell

Meioda[PSandOria]: OdysseyT1T2T3T4 Xevioso Ngai Kalunga Mboze Arebati Ongo Bumba V0V1 Buy? /tell

Eekr[NSandOria]: OdysseyT1234 Xevioso Ngai Kalunga Mboze Ongo Arebati Bumba V0V1 Buy?unlock~rank15 /tell

Meioda[PSandOria]: OdysseyT1T2T3T4 Xevioso Ngai Kalunga Mboze Arebati Ongo Bumba V0V1 Buy? /tell

Eekr[NSandOria]: OdysseyT1234 Xevioso Ngai Kalunga Mboze Ongo Arebati Bumba V0V1 Buy?unlock~rank15 /tell

Meioda[PSandOria]: OdysseyT1T2T3T4 Xevioso Ngai Kalunga Mboze Arebati Ongo Bumba V0V1 Buy? /tell

Eekr[NSandOria]: OdysseyT1234 Xevioso Ngai Kalunga Mboze Ongo Arebati Bumba V0V1 Buy?unlock~rank15 /tell

Meioda[PSandOria]: OdysseyT1T2T3T4 Xevioso Ngai Kalunga Mboze Arebati Ongo Bumba V0V1 Buy? /tell

Eekr[NSandOria]: OdysseyT1234 Xevioso Ngai Kalunga Mboze Ongo Arebati Bumba V0V1 Buy?unlock~rank15 /tell

Meioda[PSandOria]: OdysseyT1T2T3T4 Xevioso Ngai Kalunga Mboze Arebati Ongo Bumba V0V1 Buy? /tell

Eekr[NSandOria]: OdysseyT1234 Xevioso Ngai Kalunga Mboze Ongo Arebati Bumba V0V1 Buy?unlock~rank15 /tell

Xirxex[Norg]: When's the update?

Meioda[PSandOria]: OdysseyT1T2T3T4 Xevioso Ngai Kalunga Mboze Arebati Ongo Bumba V0V1 Buy? /tell

Warmoose[RuLudeGard]: Tomorrow

Eekr[NSandOria]: OdysseyT1234 Xevioso Ngai Kalunga Mboze Ongo Arebati Bumba V0V1 Buy?unlock~rank15 /tell

Meioda[PSandOria]: OdysseyT1T2T3T4 Xevioso Ngai Kalunga Mboze Arebati Ongo Bumba V0V1 Buy? /tell

Xirxex[Norg]: is that spacific or standard time?

----== SystemMessage ==----
From 22:00 to 2:00 (PDT) / 5:00 to 9:00 (GMT) / 6:00 to 10:00 (BST), we will be performing maintenance on all Worlds.

----== SystemMessage ==----
See the Information section for more details.

----== SystemMessage ==----
Please be aware that if you are logged into FINAL FANTASY XI when maintenance begins, you will be disconnected.

Eekr[NSandOria]: OdysseyT1234 Xevioso Ngai Kalunga Mboze Ongo Arebati Bumba V0V1 Buy?unlock~rank15 /tell

Weapon[WindWoods]: in 10 min

Bromus[UpJeuno]: it is specific yes

Meioda[PSandOria]: OdysseyT1T2T3T4 Xevioso Ngai Kalunga Mboze Arebati Ongo Bumba V0V1 Buy? /tell

Karmakarma[PortJeuno]: I love how the bots are still advertising for stuff

Typral[Mhaura]: log out before you get deleted

Eekr[NSandOria]: OdysseyT1234 Xevioso Ngai Kalunga Mboze Ongo Arebati Bumba V0V1 Buy?unlock~rank15 /tell

Meioda[PSandOria]: OdysseyT1T2T3T4 Xevioso Ngai Kalunga Mboze Arebati Ongo Bumba V0V1 Buy? /tell

Eekr[NSandOria]: OdysseyT1234 Xevioso Ngai Kalunga Mboze Ongo Arebati Bumba V0V1 Buy?unlock~rank15 /tell

Meioda[PSandOria]: OdysseyT1T2T3T4 Xevioso Ngai Kalunga Mboze Arebati Ongo Bumba V0V1 Buy? /tell

Eekr[NSandOria]: OdysseyT1234 Xevioso Ngai Kalunga Mboze Ongo Arebati Bumba V0V1 Buy?unlock~rank15 /tell

Meioda[PSandOria]: OdysseyT1T2T3T4 Xevioso Ngai Kalunga Mboze Arebati Ongo Bumba V0V1 Buy? /tell

Eekr[NSandOria]: OdysseyT1234 Xevioso Ngai Kalunga Mboze Ongo Arebati Bumba V0V1 Buy?unlock~rank15 /tell

Hiromichitanaka[LowJeuno]: If you are logged-in when maintenance starts, the consequences will be...severe.

Meioda[PSandOria]: OdysseyT1T2T3T4 Xevioso Ngai Kalunga Mboze Arebati Ongo Bumba V0V1 Buy? /tell

Eekr[NSandOria]: OdysseyT1234 Xevioso Ngai Kalunga Mboze Ongo Arebati Bumba V0V1 Buy?unlock~rank15 /tell

Voicememo[Mhaura]: 7min until update, spend Ambuscade points or lose them, you have been warned

Hiromichitanaka[LowJeuno]: i would rather lose them. i'm throwing away 300K hallmarks instead of spending them

Sesshmaru[Rabao]: 4h and no sortie 

Univarsity[Rabao]: ty Voicememo

----== SystemMessage ==----
We will soon be starting maintenance. Please log out as soon as possible.

----== SystemMessage ==----
See the Information section for more details.

----== SystemMessage ==----
If you are logged into FINAL FANTASY XI when maintenance begins, you will be disconnected.

Bragruk[RuLudeGard]: oh noes

Omgwtfbbqkitty[LowJeuno]: Hell No we wont go

----== SystemMessage ==----
We are starting the maintenance on all Worlds. Please log out immediately.

----== SystemMessage ==----
If you are logged into FINAL FANTASY XI when maintenance begins, you will be disconnected.

Hiromichitanaka[LowJeuno]: Please don't disconnect me, SystemMessage-chan.

----== SystemMessage ==----
We are now starting the maintenance, and all Worlds will be shutting down. Please log out immediately.

Nesspoot[WestAdoulin]: changing time zones sucks ;.;

Aquatiq[Whitegate]: my ps2 on its last legs may not launch the game again plz dont do this SE

Mooner[Mhaura]: your momma is on her legs

Atthena[LowJeuno]: Run away! hobos!!

Voicememo[Mhaura]: the world is ending!

Ahmedd[LowJeuno]: oh no, 

Scrapper[Mhaura]: incoming empy+2 stats

Aquatiq[Whitegate]: last word!

Ahmedd[LowJeuno]: see you in the other side.

Ehnsn[Rabao]: See you again!

Peoplefood[Nashmau]: im handsome

