[00:00:24] Xxtrevorxx[Mhaura]: Ambuscade V1 E Do you need it? Tank GEO DD Can I have it?
[00:00:47] Voicememo[PortJeuno]: regal belt, captains gloves, earring, gauntlets, gem, gloves, necklace, ring Do you need it? PST
[00:01:28] Xxtrevorxx[Mhaura]: Ambuscade V1 E Do you need it? Tank GEO DD Can I have it?
[00:02:11] Xxtrevorxx[Mhaura]: Ambuscade V1 E Do you need it? Tank GEO DD Can I have it? 3/6
[00:02:44] Pyreheart[WestAdoulin]: Sarameya/Tinnin Item Can I have it? Reward You can have this. /tell
[00:03:04] Beies[PortJeuno]: Riftborn Boulder Do you need it? (F-8)
[00:03:13] Oppressor[WestAdoulin]: Omen Kei Do you need it? SCHx2 PST Thank you.
[00:03:22] Voicememo[PortJeuno]: regal belt, captains gloves, earring, gauntlets, gem, gloves, necklace, ring Do you need it? PST
[00:03:27] Xxtrevorxx[Mhaura]: Ambuscade V1 E Do you need it? Tank Can I have it? 5/6
[00:04:11] Xxtrevorxx[Mhaura]: Ambuscade V1 E Do you need it? Tank Can I have it? 5/6
[00:04:45] Voicememo[PortJeuno]: regal belt, captains gloves, earring, gauntlets, gem, gloves, necklace, ring Do you need it? PST
[00:05:06] Xxtrevorxx[Mhaura]: Ambuscade V1 E Do you need it? Tank Can I have it? 5/6
[00:06:19] Suhfarufa[Mhaura]: Escha - Ru'Aun Khun Ruea Ma Equip Camp Do you need it? PST
[00:06:39] Voicememo[PortJeuno]: regal belt, captains gloves, earring, gauntlets, gloves, necklace, ring Do you need it? PST Negotiable
[00:07:12] Oppressor[WestAdoulin]: Omen Kei Do you need it? SCHx2 PST Thank you.
[00:07:55] Suhfarufa[Mhaura]: Escha - Ru'Aun Khun Ruea Ma Equip Camp Do you need it? PST
[00:08:33] Voicememo[PortJeuno]: regal belt, captains gloves, earring, gauntlets, gloves, necklace, ring Do you need it? PST Negotiable
[00:08:44] Oppressor[WestAdoulin]: Omen Kei Do you need it? SCHx2 PST Thank you.
[00:09:25] Suhfarufa[Mhaura]: Escha - Ru'Aun Khun Ruea Ma Equip Camp Do you need it? PST
[00:09:48] Oppressor[WestAdoulin]: Omen Kei Do you need it? SCHx2 PST Thank you.
[00:10:19] Dcronic[WestAdoulin]: Mirage Stole +2 100m Argute Stole +1 11m Do you need it? Buy? /tell
[00:10:48] Suhfarufa[Mhaura]: Escha - Ru'Aun Khun Ruea Ma Equip Camp Do you need it? Looking for members. BLU Healing GEO
[00:10:49] [2]<Deadbeat> whats the best Engress to pop Nms in Reisenjima?
[00:11:20] Graybomb[PortJeuno]: Get your Cheap Spheres! Best prices in town! (G-8) /check Graybomb for easy access!
[00:11:21] Kanosis[NSandOria]: Zerde smn grio or nirv 5/6 /tell
[00:11:49] Suhfarufa[Mhaura]: Escha - Ru'Aun Khun Ruea Ma Equip Camp Do you need it? Looking for members. BLU Healing GEO
[00:11:55] Thewhitefoxfour[SSandOria]: Leathercraft 100 Do you have it? Please assist. 
[00:12:16] Oppressor[WestAdoulin]: Omen Kei Do you need it? SCHx2 PST Thank you.
[00:12:24] Suhfarufa[Mhaura]: Escha - Ru'Aun Khun Ruea Ma Equip Camp Do you need it? Looking for members. BLU GEO
[00:12:38] Kanosis[NSandOria]: Zerde smn grio or nirv 5/6 /tell
[00:13:06] Suhfarufa[Mhaura]: Escha - Ru'Aun Khun Ruea Ma Equip Camp Do you need it? Looking for members. BLU GEO
[00:13:27] Thewhitefoxfour[SSandOria]: Leathercraft 100 Do you have it? Please assist. 
[00:13:34] Voicememo[PortJeuno]: regal belt, captains gloves, earring, gauntlets, gloves, necklace Do you need it? PST Negotiable
[00:14:01] Suhfarufa[Mhaura]: Escha - Ru'Aun Khun Ruea Ma Equip Camp Do you need it? Looking for members. BLU GEO
[00:14:19] Jubeii[PortJeuno]: Torsoshard: COR=6m Auction=6.8 /tell
[00:14:37] Oppressor[WestAdoulin]: Omen Kei Do you need it? SCHx2 PST Thank you.
[00:14:45] Suhfarufa[Mhaura]: Escha - Ru'Aun Khun Ruea Ma Equip Camp Do you need it? Looking for members. BLU GEO
[00:14:52] Chookis[PortJeuno]: devious die 15k liminal residue 4k Bazaar (E-8)
[00:15:18] Kanosis[NSandOria]: Zerde smn grio or nirv 5/6 /tell
[00:15:49] Suhfarufa[Mhaura]: Escha - Ru'Aun Khun Ruea Ma Equip Camp Do you need it? Looking for members. BLU GEO
[00:15:54] Thewhitefoxfour[SSandOria]: Leathercraft 100 Do you have it? Please assist. 
[00:16:26] Jurah[Mhaura]: Herc Boots / Odys Pants Do you need it? on the cheap /tell
[00:16:26] Oppressor[WestAdoulin]: Omen Kei Do you need it? SCHx1 Blmx1 Rdm Tank  PST Thank you.3/6
[00:16:30] Suhfarufa[Mhaura]: Escha - Ru'Aun Khun Ruea Ma Equip Camp Do you need it? Looking for members. BLU GEO
[00:17:02] Nipadipdip[Mhaura]: Ambuscade E Do you need it? Tank Can I have it?
[00:17:49] Oneplus[Mhaura]: easy no need tank
[00:18:28] Voicememo[PortJeuno]: regal captains gloves, gauntlets, gloves Do you need it? PST for prices, negotiable
[00:18:34] Suhfarufa[Mhaura]: Escha - Ru'Aun Khun Ruea Ma Equip Camp Do you need it? Looking for members. BLU GEO
[00:18:45] Oppressor[WestAdoulin]: Omen Kei Do you need it? SCHx1 Blmx1 Rdm Tank  PST Thank you.3/6
[00:18:45] Baugh[RuLudeGard]: L. Jadeshell Can I have it? 
[00:18:50] Lynxll[SSandOria]: Beastmen Medal Do you need it? cheap x3 /tell
[00:19:19] Suhfarufa[Mhaura]: Escha - Ru'Aun Khun Ruea Ma Equip Camp Do you need it? Looking for members. BLU GEO
[00:19:36] Kanosis[NSandOria]: Zerde smn grio or nirv 5/6 /tell
[00:20:01] Suhfarufa[Mhaura]: Escha - Ru'Aun Khun Ruea Ma Equip Camp Do you need it? Looking for members. BLU GEO
[00:20:30] Rhyperior[PortJeuno]: 1500x Heavy Metal 60x Riftcinder Do you need it? Bazaar (F-8)
[00:21:02] Oppressor[WestAdoulin]: Omen Kei Do you need it? SCHx1 Blmx1 Rdm Tank  PST Thank you.3/6
[00:22:06] Oppressor[WestAdoulin]: Omen Kei Do you need it? SCHx1 Blmx1 Rdm Tank  PST Thank you.3/6
[00:22:08] Suhfarufa[RuLudeGard]: Escha - Ru'Aun Khun Ruea Ma Equip Camp Do you need it? Looking for members. BLU GEO
[00:22:18] Lynxll[SSandOria]: Beastmen Medal Do you need it? cheap x3 /tell
[00:22:39] Voicememo[LowJeuno]: regal captains gloves, gauntlets, gloves Do you need it? PST for prices, negotiable
[00:22:41] Rhyperior[PortJeuno]: 1500x Heavy Metal 36x Riftcinder Do you need it? Bazaar (F-8)
[00:22:47] Suhfarufa[RuLudeGard]: Escha - Ru'Aun Khun Ruea Ma Equip Camp Do you need it? Looking for members. BLU GEO
[00:22:58] Xxtrevorxx[EastAdoulin]: Ambuscade V1 E Do you need it? DD Can I have it? 5/6
[00:23:43] Xxtrevorxx[EastAdoulin]: Ambuscade V1 E Do you need it? DD Can I have it? 5/6
[00:23:48] Oppressor[WestAdoulin]: Omen Kei Do you need it? SCHx1 Blmx1 Rdm Tank  PST Thank you.3/6
[00:23:51] Voicememo[LowJeuno]: regal captains gloves, gauntlets, gloves Do you need it? PST for prices, negotiable
[00:24:00] Suhfarufa[RuLudeGard]: Escha - Ru'Aun Khun Ruea Ma Equip Camp Do you need it? Looking for members. BLU GEO
[00:24:37] Voicememo[LowJeuno]: regal captains gloves, gauntlets, gloves Do you need it? PST for prices, negotiable last yell
[00:25:01] Chestnut[PortJeuno]: buying Heavy Metal in bulk @50K pst
[00:25:39] Figlibont[PortJeuno]: Beastmen's Medal Kindred's Medal S. Astral Detritus Do you need it? (G-8) Bazaar
[00:25:45] Suhfarufa[RuLudeGard]: Escha - Ru'Aun Khun Ruea Ma Equip Camp Do you need it? Looking for members. BLU GEO
[00:25:49] Oppressor[WestAdoulin]: Omen Kei Do you need it? SCHx1 Blmx1 Rdm Tank  PST Thank you.3/6
[00:26:43] Suhfarufa[RuLudeGard]: Escha - Ru'Aun Khun Ruea Ma Equip Camp Do you need it? Looking for members. BLU GEO 3/6
[00:27:21] Figlibont[PortJeuno]: Beastmen's Medal 2.8@100 Kindred's Medal3.7@10 S. Astral Detritus200k @900 Do you need it? (F-8) Bazaar
[00:27:44] Minshasa[WestAdoulin]: Capacity Points Party Dho Gates Do you need it? GEO Can I have it? /tell
[00:27:45] Beies[PortJeuno]: Riftborn Boulder Do you need it? (F-8)
[00:27:52] Suhfarufa[RuLudeGard]: Escha - Ru'Aun Khun Ruea Ma Equip Camp Do you need it? Looking for members. BLU GEO 3/6
[00:28:57] Oppressor[Mhaura]: Omen Kei Do you need it? SCHx1 Blmx1 Rdm Tank  PST Thank you.3/6
[00:29:03] Rhyperior[PortJeuno]: 36x Riftcinder Do you need it? Bazaar (F-8)
[00:29:07] [2]<Kelvinn> whm needs baallads
[00:29:37] [2]<Sleepless> do dd need buffs
[00:29:43] Suhfarufa[RuLudeGard]: Escha - Ru'Aun Khun Ruea Ma Equip Camp Do you need it? Looking for members. BLU GEO 3/6
[00:29:47] Figlibont[PortJeuno]: Beastmen's Medal 2.8@100 Kindred's Medal3.7@10 S. Astral Detritus200k @900 Do you need it? (F-8) Bazaar
[00:29:59] [2]<Kelvinn> yes, yes, they do
[00:30:12] [2]<Kelvinn> hes got it though
[00:30:24] Minshasa[WestAdoulin]: Capacity Points Party Dho Gates Do you need it? GEO Can I have it? /tell
[00:30:47] [2]<Sleepless> man ive been in such bad pugs as of late bards dont keep songs up nvr ballad
[00:30:56] Oppressor[Mhaura]: Omen Kei Do you need it? SCHx1 Blmx1 Rdm Tank  PST Thank you.3/6
[00:31:00] Suhfarufa[RuLudeGard]: Escha - Ru'Aun Khun Ruea Ma Equip Camp Do you need it? Looking for members. BLU GEO Healing 2/6
[00:32:16] Rhyperior[PortJeuno]: 23x Riftcinder Do you need it? Bazaar (F-8)
[00:32:36] Suhfarufa[RuLudeGard]: Escha - Ru'Aun Khun Ruea Ma Equip Camp Do you need it? Looking for members. BLU GEO Healing 2/6
[00:32:38] Oppressor[Mhaura]: Omen Kei Do you need it? SCHx1 Blmx1 Rdm Tank  PST Thank you.3/6
[00:32:47] Minshasa[WestAdoulin]: Capacity Points Party Dho Gates Do you need it? GEO Can I have it? /tell
[00:33:30] [2]<Kelvinn> yeah whm needs ballads because they need to use -dt idle instead of the refresh
[00:34:02] Haps[PortJeuno]: Rem Ch2 Looking for members. /tell
[00:34:16] Oppressor[Mhaura]: Omen Kei Do you need it? SCHx1 Blmx1 Rdm Tank  PST Thank you.3/6
[00:34:28] [2]<Kelvinn> in ambuscade, i mean
[00:34:41] Rhyperior[PortJeuno]: 23x Riftcinder Do you need it? Bazaar (F-8)
[00:34:48] Kanosis[NSandOria]: Zerde smn grio or nirv 5/6 /tell
[00:35:00] Oppressor[Mhaura]: Omen Kei Do you need it? SCHx1 Blmx1 Rdm Tank  PST Thank you.3/6
[00:35:27] Mrdata[EastAdoulin]: Wildskeeper Reive - Marjami Ravine Fighting right now! @ 70%
[00:36:08] Kanosis[NSandOria]: Zerde smn grio or nirv 5/6 /tell
[00:36:16] Figlibont[PortJeuno]: Beastmen's Medal Kindred's Medal S. Astral Detritus Do you need it? (G-8) Bazaar
[00:36:32] Oppressor[Mhaura]: Omen Kei Do you need it? SCHx1 Blmx1 Rdm Tank  PST Thank you.3/6
[00:36:38] Kanosis[NSandOria]: Zerde smn grio or nirv 5/6 /tell
[00:37:05] Mrdata[EastAdoulin]: Wildskeeper Reive - Marjami Ravine. Gather together.  
[00:37:32] Rhyperior[PortJeuno]: 23x Riftcinder Do you need it? Bazaar (F-8) 10000x Riftborn Boulder Do you need it? /tell
[00:37:54] Minshasa[WestAdoulin]: Capacity Points Party Dho Gates Do you need it? GEO Can I have it? /tell
[00:38:48] Kanosis[NSandOria]: Zerde smn grio or nirv 5/6 /tell
[00:38:54] Mrdata[EastAdoulin]: Wildskeeper Reive - Marjami Ravine. Gather together.  
[00:40:05] Rhyperior[PortJeuno]: 23x Riftcinder Do you need it? Bazaar (F-8) 10000x Riftborn Boulder Do you need it? /tell
[00:40:16] Kanosis[NSandOria]: Zerde smn grio or nirv 5/6 /tell
[00:41:04] Mrdata[EastAdoulin]: Wildskeeper Reive - Marjami Ravine. Short time
[00:41:18] Minshasa[WestAdoulin]: Capacity Points Party Dho Gates Do you need it? GEO Can I have it? /tell
[00:41:20] Graybomb[PortJeuno]: Get your Cheap Spheres! Best prices in town! (G-8) /check Graybomb for easy access!
[00:42:18] Mrdata[EastAdoulin]: Wildskeeper Reive - Marjami Ravine. Short time
[00:42:40] Majestiks[PortJeuno]: Cheap left over Spheres (G-8) 
[00:42:49] Kanosis[NSandOria]: Zerde smn grio or nirv 5/6 /tell
[00:43:07] Beies[PortJeuno]: Riftborn Boulder Do you need it? (F-8)
[00:43:23] Oppressor[Mhaura]: Omen Kei Do you need it? SCHx1 Blmx1 Rdm Tank  PST Thank you.3/6
[00:44:05] Minshasa[WestAdoulin]: Capacity Points Party Dho Gates Do you need it? GEO Can I have it? /tell
[00:44:18] Rhyperior[PortJeuno]: 23x Riftcinder 10000x Riftborn Boulder Do you need it? /tell Bazaar (F-8)
[00:44:56] Kanosis[NSandOria]: Zerde smn grio or nirv 5/6 /tell
[00:45:48] Majestiks[PortJeuno]: Cheap Spheres (G-8) 
[00:46:18] Kanosis[NSandOria]: Zerde smn grio or nirv 5/6 /tell
[00:46:18] Xxtrevorxx[Mhaura]: Ambuscade V1 E Do you need it? DD Can I have it? 5/6
[00:46:26] Minshasa[WestAdoulin]: Capacity Points Party Dho Gates Do you need it? GEO Can I have it? /tell
[00:47:02] Oppressor[Mhaura]: Omen Kei Do you need it? SCHx1 Blmx1 Rdm Tank  PST Thank you.3/6
[00:47:10] Rhyperior[PortJeuno]: 23x Riftcinder 10000x Riftborn Boulder Do you need it? /tell Bazaar (F-8)
[00:47:13] Xxtrevorxx[Mhaura]: full ty
[00:47:16] Kanosis[NSandOria]: Zerde smn grio or nirv 5/6 /tell
[00:47:35] Nemosupremo[PortJeuno]: herro asura
[00:48:00] Peeks[PortJeuno]: looking for a brodeal on a stinky ring +1
[00:48:02] Kanosis[NSandOria]: Zerde smn grio or nirv 5/6 /tell
[00:48:05] Oppressor[Mhaura]: Omen Kei Do you need it? SCHx1 Blmx1 Rdm Tank  PST Thank you.3/6
[00:48:13] Minshasa[WestAdoulin]: Capacity Points Party Dho Gates Do you need it? GEO Can I have it? /tell
[00:49:13] Figlibont[PortJeuno]: Beastmen's Medal Kindred's Medal S. Astral Detritus Do you need it? (G-8) Bazaar
[00:49:45] Kanosis[NSandOria]: Zerde smn grio or nirv 5/6 /tell
[00:50:03] Majestiks[PortJeuno]: Cheap Spheres (G-8)
[00:50:21] Nipadipdip[Mhaura]: Ambuscade Do you need it? BRD Can I have it? 5/6
[00:50:37] Ralky[WestAdoulin]: WTB Ambu VD win pst
[00:50:47] Oppressor[Mhaura]: Omen Kei Do you need it? SCHx1 Blmx1 Rdm Tank  PST Thank you.3/6
[00:51:01] Amiekay[PortJeuno]: VagarySynthesis MaterialsDo you need it?(F-8)
[00:51:01] Kanosis[NSandOria]: Zerde smn grio or nirv 5/6 /tell
[00:51:27] Nipadipdip[Mhaura]: Ambuscade E Do you need it? BRD Can I have it? 5/6
[00:52:53] Minshasa[WestAdoulin]: Capacity Points Party Dho Gates Do you need it? GEO Can I have it? /tell
[00:52:55] Nipadipdip[Mhaura]: Ambuscade E Do you need it? BRD or COR Can I have it? 5/6
[00:53:46] Rhyperior[PortJeuno]: 23x Riftcinder 10000x Riftborn Boulder Do you need it? /tell Bazaar (F-8)
[00:54:24] Kanosis[NSandOria]: Zerde smn grio or nirv 5/6 /tell
[00:54:43] Oppressor[Mhaura]: Omen Kei Do you need it? SCHx1 Blmx1 Rdm Tank  PST Thank you.3/6
[00:55:36] Nipadipdip[Mhaura]: Ambuscade E Do you need it? BRD or COR Can I have it? 5/6
[00:55:38] Jurah[Mhaura]: Ambuscade V1E Spam Do you need it? COR Can I have it? /tell Nipadipdip
[00:55:54] Kanosis[NSandOria]: Zerde smn grio or nirv 5/6 /tell
[00:56:24] Jurah[Mhaura]: Ambuscade V1E Spam Do you need it? COR Can I have it? /tell Nipadipdip
[00:56:53] Ashato[Mhaura]: Ambuscade Vol.1 E x9000 Looking for members. BRD or COR /tell Nipadipdip
[00:57:22] Jurah[Mhaura]: Ambuscade V1E Spam Do you need it? COR Can I have it? /tell Nipadipdip
[00:57:32] Minshasa[WestAdoulin]: Capacity Points Party Dho Gates Do you need it? GEO Can I have it? /tell
[00:57:49] Figlibont[PortJeuno]: Beastmen's Medal Kindred's Medal S. Astral Detritus Do you need it? (G-8) Bazaar
[00:57:59] Nipadipdip[Mhaura]: Ambuscade E Do you need it? BRD or COR Can I have it? 5/6
[00:58:27] Kanosis[NSandOria]: Zerde smn grio or nirv 5/6 /tell
[00:59:21] Oppressor[Mhaura]: Omen Kei Do you need it? SCHx1 Blmx1 Rdm Tank  PST Thank you.3/6
[00:59:33] Ralky[PortJeuno]: WTB Ambu VD win pst
[01:00:14] [2]<Oppressor> is there a new deff set up for Kei?
[01:00:40] Minshasa[WestAdoulin]: Capacity Points Party Dho Gates Do you need it? GEO Can I have it? /tell
[01:00:49] Kanosis[NSandOria]: Zerde smn grio or nirv 5/6 /tell
[01:01:00] Amiekay[PortJeuno]: VagarySynthesis MaterialsDo you need it?(F-8)
[01:01:28] Sayonaraheaven[LowJeuno]: Nyzul Isle Mercenary Can I have it? main Job Dragoon please PST
[01:01:39] Rhyperior[PortJeuno]: 23x Riftcinder 10000x Riftborn Boulder Do you need it? /tell (F-8) Cheap!
[01:02:02] Majestiks[PortJeuno]: Really Cheap Spheres (G-8)
[01:02:32] Kanosis[NSandOria]: Zerde smn grio or nirv 5/6 /tell
[01:05:12] Chookis[PortJeuno]: devious die 15k liminal residue 4k Bazaar (E-8)
[01:05:30] Minshasa[WestAdoulin]: Capacity Points Party Dho Gates Do you need it? GEO Can I have it? /tell
[01:06:19] Figlibont[PortJeuno]: Beastmen's Medal Kindred's Medal S. Astral Detritus Do you need it? (G-8) Bazaar
[01:06:25] Kanosis[NSandOria]: Zerde smn grio or nirv 5/6 /tell
[01:08:07] Kanosis[NSandOria]: Zerde smn grio or nirv 5/6 /tell
[01:08:08] Sayonaraheaven[LowJeuno]: Nyzul Isle Mercenary Can I have it? main Job Dragoon please PST
[01:08:13] Beies[PortJeuno]: Riftborn Boulder Do you need it? (F-8)
[01:08:51] Kanosis[NSandOria]: Zerde smn grio or nirv 5/6 /tell
[01:09:13] Darkmyth pokes Zha.
[01:09:23] Kanosis[NSandOria]: Zerde smn grio or nirv 5/6 /tell
[01:10:21] Kanosis[NSandOria]: Zerde smn grio or nirv 5/6 /tell
[01:10:43] Rhyperior[PortJeuno]: 23x Riftcinder 10000x Riftborn Boulder Do you need it? /tell Cheap!
[01:10:59] Amiekay[PortJeuno]: VagarySynthesis MaterialsDo you need it?(F-8)
[01:11:20] Graybomb[PortJeuno]: Get your Cheap Spheres! Best prices in town! (G-8) /check Graybomb for easy access!
[01:11:22] Majestiks[PortJeuno]: Cheap Spheres (G-8)
[01:11:30] Minshasa[WestAdoulin]: Capacity Points Party Dho Gates Do you need it? GEO Can I have it? /tell
[01:11:34] Kanosis[NSandOria]: Zerde smn grio or nirv 5/6 /tell
[01:14:28] Sorahito[WestAdoulin]: regal captains gloves, earring, gauntlets, gem, necklace Do you need it? PST for prices, negotiable
[01:14:43] Sayonaraheaven[LowJeuno]: Nyzul Isle Mercenary Can I have it? main Job Dragoon please PST
[01:14:53] Kanosis[NSandOria]: Zerde smn grio or nirv 5/6 /tell
[01:16:02] Sorahito[WestAdoulin]: regal captains gloves, earring, gauntlets, gem, necklace Do you need it? PST for prices, negotiable
[01:17:20] Sorahito[WestAdoulin]: regal captains gloves, earring, gauntlets, gem Do you need it? PST for prices, negotiable
[01:17:28] Rhyperior[PortJeuno]: 23x Riftcinder 10000x Riftborn Boulder Do you need it? /tell Cheap!
[01:18:19] Majestiks[PortJeuno]: Cheap Spheres (G-8)
[01:18:27] Sorahito[WestAdoulin]: regal captains gloves, earring, gauntlets, gem Do you need it? PST for prices, negotiable
[01:19:17] Sorahito[WestAdoulin]: regal captains gloves, earring, gauntlets, gem Do you need it? PST for prices, negotiable
[01:19:55] Minshasa[WestAdoulin]: Capacity Points Party Dho Gates Do you need it? GEO Can I have it? /tell
[01:20:16] Warscarred[Norg]: Vexed Bonnet Can I have it? 850k /tell
[01:20:16] Sorahito[WestAdoulin]: regal captains gloves, earring, gauntlets, gem Do you need it? PST for prices, negotiable
[01:20:57] Amiekay[PortJeuno]: VagarySynthesis MaterialsDo you need it?(F-8)
[01:22:49] Sorahito[WestAdoulin]: regal captains gloves, earring, gauntlets, gem Do you need it? PST for prices, negotiable
[01:22:52] Buukki[PortJeuno]: Omen Kin -- Looking for members. GEO BRD WHM PLD/RUN/NIN /tell
[01:23:31] Minshasa[WestAdoulin]: Capacity Points Party Dho Gates Do you need it? GEO Can I have it? /tell
[01:23:32] Sorahito[WestAdoulin]: regal captains gloves, earring, gauntlets, gem Do you need it? PST for prices, negotiable last yell
[01:23:49] Warscarred[Norg]: Vexed Bonnet Can I have it? 850k /tell Jinxed Bonnet Can I have it? 11m 
[01:24:20] [2]<Kryshala> Rudra's is Dark/Distortion, Enpi is Tranfix/Scission
[01:24:22] [2]<Kryshala> mt
[01:26:43] Doit[PSandOria]: Savory Shank Do you need it? 300K /tell
[01:27:36] Kelvinn[Mhaura]: all
[01:28:29] Rhyperior[PortJeuno]: 23x Riftcinder 10000x Riftborn Boulder Do you need it? /tell Cheap!
[01:28:32] Kelvinn[Mhaura]: Ambuscade Primer Volume OneD~VD Looking for members. RUN BRD WHM COR GEO   /tell Kelvinn @4/6
[01:29:23] Minshasa[WestAdoulin]: Capacity Points Party Dho Gates Do you need it? GEO Can I have it? /tell
[01:30:45] Minshasa[WestAdoulin]: Capacity Points Party Dho Gates Do you need it? COR BLM SMN SCH(MB) Can I have it? /tell
[01:30:56] Amiekay[PortJeuno]: VagarySynthesis MaterialsDo you need it?(F-8)
[01:31:13] Dankcerberus[Whitegate]: do you have to do LB again to level corsair?
[01:31:33] Tenson[EastAdoulin]: no
[01:32:28] Minshasa[WestAdoulin]: Capacity Points Party Dho Gates Do you need it? COR BLM SMN SCH(MB) Can I have it? /tell
[01:33:04] Dankcerberus[Whitegate]: anyone want to do some sovereign behemoth?
[01:33:29] Lowrida[WestAdoulin]: Sarama Do you need it? @2/6 Geo Healer DD Can I have it?
[01:33:37] Minshasa[WestAdoulin]: Capacity Points Party Dho Gates Do you need it? BLM SMN SCH(MB) Can I have it? /tell
[01:34:04] Lowrida[WestAdoulin]: Sarama Do you need it? @2/6 Geo Healer DD Can I have it?
[01:34:39] Minshasa[WestAdoulin]: Capacity Points Party Dho Gates Do you need it? BLM SMN SCH(MB) Can I have it? /tell @4
[01:36:04] Misakune[EastAdoulin]: Klouskap Sash Do you need it? Buy? 1m PST
[01:36:18] Lowrida[WestAdoulin]: Sarama Do you need it? @2/6 Geo Healer DD Can I have it?
[01:36:27] Minshasa[WestAdoulin]: Capacity Points Party Dho Gates Do you need it? BLM SMN SCH(MB) Can I have it? /tell @4
[01:37:54] Rhyperior[PortJeuno]: 23x Riftcinder 10000x Riftborn Boulder Do you need it? /tell Cheap!
[01:38:24] Diot[PSandOria]: Savory Shank Do you need it? 300K /tell
[01:38:35] Lowrida[Norg]: Sarama Do you need it? @2/6 Geo Healer DD Can I have it?
[01:40:55] Amiekay[PortJeuno]: VagarySynthesis MaterialsDo you need it?(F-8)
[01:41:20] Graybomb[PortJeuno]: Get your Cheap Spheres! Best prices in town! (G-8) /check Graybomb for easy access!
[01:43:44] Warscarred[Norg]: Vexed Bonnet Can I have it? 850k /tell Jinxed Bonnet Can I have it? 12m 
[01:48:50] Warscarred[Norg]: Vexed Bonnet Can I have it? 850k /tell Jinxed Bonnet Can I have it? 12m 
[01:50:16] Chookis[PortJeuno]: devious die 15k liminal residue 4k Bazaar (E-8)
[01:50:27] Warscarred[Norg]: Jinxed Wristbands Can I have it? 10m /tell
[01:50:52] Lowrida[BastokMark]: Sarama Do you need it? @2/6 Geo Healer DD Can I have it?
[01:50:54] Amiekay[PortJeuno]: VagarySynthesis MaterialsDo you need it?(F-8)
[01:51:59] Lowrida[BastokMark]: Sarama Do you need it? @3/6 Geo Healer DD Can I have it?
[01:52:28] Warscarred[Norg]: Vexed Bonnet Can I have it? 850k /tell Jinxed Bonnet Can I have it? 12m Jinxed Wristbands Can I have it? 10m /tell
[01:53:37] Rhyperior[PortJeuno]: 23x Riftcinder 10000x Riftborn Boulder Do you need it? Bazaar (F-8) Cheap!
[01:54:40] Enkidos[BastokMark]: is maint over or has it not begun yet?
[01:57:07] Sessily[EastAdoulin]: Hasn't begun yet.
[01:58:36] Shua[WestAdoulin]: How long before it starts?
[01:58:54] Warscarred[Norg]: Jinxed Bonnet Can I have it? 12M Jinxed Wristbands Can I have it? 11M /tell
[01:58:59] Comentort[PortJeuno]: it's in like, 21 hours?
[01:59:02] Dankcerberus[Whitegate]: tomorrow, /servmes
[01:59:06] Enkidos[BastokMark]: 12am est I think
[01:59:18] Shua[WestAdoulin]: Awesome, thanks guys very much. 
[01:59:21] Holdoor[EastAdoulin]: 22hr
[02:00:20] You have undertaken the limited-time Records of Eminence challenge á≤Vanquish Birds.á≥
[02:00:48] Dankcerberus[Whitegate]: omg time to fuck up some birds
[02:00:53] Amiekay[PortJeuno]: VagarySynthesis MaterialsDo you need it?(F-8)
[02:01:42] Youlok[WestAdoulin]: Outer Ra'Kaznar Capacity Points Do you need it? Buy? 
[02:07:03] Rhyperior[PortJeuno]: 23x Riftcinder 10000x Riftborn Boulder Do you need it? Bazaar (F-8) Cheap!
[02:07:17] Warscarred[Norg]: Jinxed Bonnet Can I have it? 12M Jinxed Wristbands Can I have it? 11M /tell
[02:07:48] Elrohirr[Mhaura]: yall motherfuckers are spoiled with those crafting shields i remember that shit being 200m
[02:08:58] Kanosis[NSandOria]: Zerde smn grio or nirv 5/6 /tell
[02:09:33] Vytra[SSandOria]: anyone gonna do Vagary feet tonight?
[02:09:59] Kanosis[NSandOria]: Zerde smn grio or nirv 5/6 /tell
[02:10:28] Kanosis[NSandOria]: Zerde smn grio or nirv 5/6 /tell
[02:10:51] Amiekay[PortJeuno]: VagarySynthesis MaterialsDo you need it?(F-8)
[02:11:20] Graybomb[PortJeuno]: Get your Cheap Spheres! Best prices in town! (G-8) /check Graybomb for easy access!
[02:12:08] Kanosis[NSandOria]: Zerde smn grio or nirv 5/6 /tell
[02:12:18] Vytra[PSandOria]: Event ls for midnight est Please assist.
[02:12:44] Kanosis[NSandOria]: Zerde smn grio or nirv 5/6 /tell
[02:13:25] Kanosis[NSandOria]: Zerde geo idris 5/6 /tell
[02:13:42] Howiedewit[LowJeuno]: Valorous Mail Herculean Vest Do you need it? /tell
[02:14:13] Kanosis[NSandOria]: Zerde geo idris 5/6 /tell
[02:14:46] Kanosis[NSandOria]: Zerde geo idris 5/6 /tell
[02:15:17] Kanosis[NSandOria]: Zerde geo idris 5/6 /tell
[02:16:31] Minshasa[WestAdoulin]: Capacity Points Party Dho Gates Do you need it? COR Can I have it? /tell @5
[02:17:06] Kanosis[NSandOria]: Zerde geo idris or grio/nirv smn 5/6 /tell
[02:18:32] Kanosis[NSandOria]: Zerde geo idris or grio/nirv smn 5/6 /tell
[02:19:36] Rhyperior[PortJeuno]: 23x Riftcinder 10000x Riftborn Boulder Do you need it? Bazaar (F-8) Cheap!
[02:20:06] Kanosis[NSandOria]: Zerde geo idris or grio/nirv smn 5/6 /tell
[02:20:50] Amiekay[PortJeuno]: VagarySynthesis MaterialsDo you need it?(F-8)
[02:23:00] [2]<Kelvinn> from a brd prespective, augmenting aenneas is pointless, mythic is decent but i really think mandau might actually 
[02:28:29] Youlok[WestAdoulin]: Outer Ra'Kaznar Capacity Points Do you need it? Buy? 
[02:30:49] Amiekay[PortJeuno]: VagarySynthesis MaterialsDo you need it?(F-8)
[02:31:26] Limpbiz[PortJeuno]: demon's medal Do you have it? Sell?
[02:40:49] Amiekay[PortJeuno]: VagarySynthesis MaterialsDo you need it?(F-8)
[02:41:08] Youlok[WestAdoulin]: Outer Ra'Kaznar Capacity Points Do you need it? Buy? 
[02:41:20] Graybomb[PortJeuno]: Get your Cheap Spheres! Best prices in town! (G-8) /check Graybomb for easy access!
[02:41:32] Trixta[RuLudeGard]: Dashing Subligar Buy? /tell
[02:45:07] Youlok[WestAdoulin]: Outer Ra'Kaznar Capacity Points Do you need it? Buy? 
[02:50:46] Amiekay[PortJeuno]: VagarySynthesis MaterialsDo you need it?(F-8)
[03:00:44] Amiekay[PortJeuno]: VagarySynthesis MaterialsDo you need it?(F-8)
[03:00:59] Rhyperior[PortJeuno]: 23x Riftcinder 10000x Riftborn Boulder Do you need it? Bazaar (F-8) Cheap!
[03:05:54] Lynxll[EastAdoulin]: Clothcraft 90 Do you have it? NQ synth Can I have it? Reward 
[03:05:59] Minshasa[WestAdoulin]: Capacity Points Party Dho Gates Do you need it? GEO Can I have it? /tell @5
[03:07:37] Minshasa[WestAdoulin]: Capacity Points Party Dho Gates Do you need it? GEO Can I have it? /tell @5
[03:08:37] Minshasa[WestAdoulin]: Capacity Points Party Dho Gates Do you need it? GEO Can I have it? /tell @5
[03:10:05] Bainbridge[Mhaura]: Colada Umaru Zulfiqar Do you need it? Buy? /tell
[03:10:15] Minshasa[WestAdoulin]: Capacity Points Party Dho Gates Do you need it? GEO Can I have it? /tell @5
[03:10:43] Amiekay[PortJeuno]: VagarySynthesis MaterialsDo you need it?(F-8)
[03:10:52] Baugh[SSandOria]: Utu grip Sell?
[03:11:08] Indika[WindWoods]: 40m
[03:11:20] Graybomb[PortJeuno]: Get your Cheap Spheres! Best prices in town! (G-8) /check Graybomb for easy access!
[03:11:42] Onetrickpony[Mhaura]: you gotta be able to kill it offer to sell it indika , lol
[03:12:13] Minshasa[WestAdoulin]: Capacity Points Party Dho Gates Do you need it? GEO Can I have it? /tell @5
[03:13:27] Dayvidd[PortJeuno]: Herculean Trousers Sell? /tell price
[03:14:09] Blowdragon[PortJeuno]: Legshard: RUN Do you need it? Buy?  /tell price
[03:16:16] Blowdragon[PortJeuno]: Legshard: RUN Do you need it? Buy?  /tell price
[03:19:13] Elrohirr[Mhaura]: H-P Bayld 7k Bazaar Short time Take care. Ambuscade entrance
[03:20:35] Ykuwait[WestAdoulin]: Do you need it? Kammavaca x5 first abys not fl  other fl /tell Job
[03:20:42] Amiekay[PortJeuno]: VagarySynthesis MaterialsDo you need it?(F-8)
[03:21:38] Shizukaga[WestAdoulin]: Capacity Points MB Party Do you need it? Blm Sch Whm Geo DD /tell
[03:22:36] Youlok[WestAdoulin]: Outer Ra'Kaznar Capacity Points Do you need it? Buy? 
[03:22:48] Ykuwait[WestAdoulin]: Do you need it? Kammavaca x5 first abys not fl  other fl /tell Job 
[03:23:12] Shizukaga[WestAdoulin]: Capacity Points MB Party Do you need it? Blm Sch Whm Geo DD /tell @ 2/6
[03:24:34] Thaixi[Mhaura]: Reisenjima T3 Yakshi! SMNx X? Tank. Please assist.@1
[03:25:54] Thaixi[Mhaura]: Reisenjima T3 Yakshi! SMNx X? Tank. Please assist.@2
[03:26:05] Shizukaga[WestAdoulin]: Capacity Points MB Party Do you need it? Blm / Sch . healer Geo /tell @ 3/6
[03:27:04] Thaixi[SSandOria]: Reisenjima T3 Yakshi! SMNx X? Tank. Please assist.@2
[03:27:31] Shizukaga[WestAdoulin]: Capacity Points MB Party Do you need it? Blm / Sch / Smn  . Healer . Geo /tell @ 3/6
[03:29:25] Thaixi[SSandOria]: Reisenjima T3 Yakshi! Clear Mind. SMN Tank tell@2
[03:29:40] Shizukaga[WestAdoulin]: Capacity Points MB Party Do you need it? Blm / Sch / Smn  . Healer . Geo /tell @ 3/6
[03:30:41] Amiekay[PortJeuno]: VagarySynthesis MaterialsDo you need it?(F-8)
[03:31:09] Rhyperior[PortJeuno]: 23x Riftcinder 10000x Riftborn Boulder Do you need it? Bazaar (F-8) Cheap!
[03:31:31] Thaixi[SSandOria]: Reisenjima T3 Yakshi! Clear Mind. SMN Tank tell@2
[03:31:37] Suhfarufa[RuLudeGard]: Escha - Ru'Aun Khun Ruea Ma Equip Camp Do you need it? Looking for members. BLU GEO WHM
[03:31:50] Shizukaga[WestAdoulin]: Capacity Points MB Party Do you need it? Blm / Sch / Smn  . Healer . Geo /tell @ 3/6
[03:32:07] Youlok[WestAdoulin]: Outer Ra'Kaznar Capacity Points Do you need it? Buy? 
[03:32:29] Kelvinn[Mhaura]: Ambuscadev1 D~VD Looking for members. RUN BRD  @4/6
[03:33:05] Thaixi[SSandOria]: Reisenjima T3 Yakshi! Clear Mind. SMN Tank tell@2
[03:33:25] Suhfarufa[RuLudeGard]: Escha - Ru'Aun Khun Ruea Ma Equip Camp Do you need it? Looking for members. BLU GEO 2/?
[03:34:19] Shizukaga[WestAdoulin]: Capacity Points MB Party Do you need it? Blm / Sch / Smn  . Healer . Geo /tell @ 3/6
[03:34:48] Thaixi[SSandOria]: Reisenjima T3 Yakshi! Clear Mind. SMN Tank tell@2
[03:35:27] Budoshin[SSandOria]: abyssal abjur body Can I have it? /tell price
[03:36:09] Suhfarufa[RuLudeGard]: Escha - Ru'Aun Khun Ruea Ma Equip Camp Do you need it? Looking for members. BLU GEO 2/?
[03:37:00] Thaixi[SSandOria]: Reisenjima T3 Yakshi! Clear Mind. SMN Tank tell@2
[03:38:11] Thaixi[SSandOria]: Reisenjima T3 Yakshi! Clear Mind. SMN Tank tell@2 FL!!
[03:38:27] Suhfarufa[RuLudeGard]: Escha - Ru'Aun Khun Ruea Ma Equip Camp Do you need it? Looking for members. BLU GEO 2/?
[03:38:41] Kelvinn[Mhaura]: Ambuscadev1 VD Looking for members. RUN COR BRD GEO or WHM  @5/6
[03:40:03] Thaixi[SSandOria]: Reisenjima T3 Yakshi! Clear Mind. SMN Tank tell@2 FL!!
[03:40:24] Kelvinn[Mhaura]: Our party's full. Thank you.
[03:40:37] Youlok[WestAdoulin]: Outer Ra'Kaznar Capacity Points Do you need it? Buy? 
[03:40:40] Amiekay[PortJeuno]: VagarySynthesis MaterialsDo you need it?(F-8)
[03:40:50] Lynxll[PortJeuno]: L. Jadeshell Do you have it? Sell? x19~ 210k ea
[03:41:20] Graybomb[PortJeuno]: Get your Cheap Spheres! Best prices in town! (G-8) /check Graybomb for easy access!
[03:43:31] Rhyperior[PortJeuno]: 23x Riftcinder 10000x Riftborn Boulder Do you need it? Bazaar (F-8) Cheap!
[03:44:21] Elrohirr[Mhaura]: H-P Bayld 7k Pluton 4k Riftborn Boulder 3k Bazaar
[03:50:14] Elrohirr[Mhaura]: H-P Bayld 7k Pluton 4k Riftborn Boulder 3k Bazaar Ambuscade entrance
[03:52:18] Wutang[PSandOria]: Mercenary Do you need it? Buy? /tell HMU
[03:52:24] Asyijh[PortJeuno]: M. Silverpiece Do you need it? Bazaar (F-8)
[03:52:51] Wutang[PSandOria]: Mercenary Do you need it? Buy? /tell
[03:54:47] Wutang[PSandOria]: Mercenary Do you need it? Buy? /tell
[04:00:38] Amiekay[PortJeuno]: VagarySynthesis MaterialsDo you need it?(F-8)
[04:00:49] Wutang[PSandOria]: Mercenary Do you need it? Buy? /tell
[04:01:39] Raein[PSandOria]: Ambu D-VD Sell? /tell
[04:01:47] Dayvidd[PortJeuno]: Jovian Abjurations Sell? /tell
[04:01:52] Elberrreth[Mhaura]: nobody is mercing this month you need all 6 people
[04:03:14] Mej[PortJeuno]: Alexandrite Pluton Do you need it? (F-8)
[04:06:01] Yizi[RuLudeGard]: SR Do you need it? WHM DD Can I have it? 
[04:06:44] Yizi[RuLudeGard]: SR Do you need it? WHM DD Can I have it? 
[04:07:30] Yizi[RuLudeGard]: SR Do you need it? WHM DD Can I have it? 
[04:08:16] Yizi[RuLudeGard]: SR Do you need it? WHM  Can I have it? 
[04:09:23] Yizi[RuLudeGard]: SR Do you need it? WHM  Can I have it? 
[04:10:37] Amiekay[PortJeuno]: VagarySynthesis MaterialsDo you need it?(F-8)
[04:10:47] Yizi[WestAdoulin]: Our party's full. Thank you.
[04:11:20] Graybomb[PortJeuno]: Get your Cheap Spheres! Best prices in town! (G-8) /check Graybomb for easy access!
[04:12:10] Youlok[WestAdoulin]: Outer Ra'Kaznar Capacity Points Do you need it? Buy? 
[04:12:53] Misakune[LowJeuno]: Klouskap Sash Do you need it? Buy? 1m PST
[04:16:40] Misakune synthesized a square of rainbow cloth.
[04:17:16] Misakune synthesized a pair of cursed mitts -1.
[04:18:12] Misakune synthesized a pair of voodoo mitts.
[04:19:02] Figlibont[PortJeuno]: Beastmen's Medal Kindred's Medal S. Astral Detritus Do you need it? (G-8) Bazaar
[04:20:35] Amiekay[PortJeuno]: VagarySynthesis MaterialsDo you need it?(F-8)
[04:21:00] Misakune[LowJeuno]: Voodoo Greaves 4m Voodoo Mitts 5.7m Do you need it? Buy? PST
[04:26:01] Kentax waves to Figlibont.
[04:26:06] Figlibont bows courteously to Kentax.
[04:27:08] Mistezo[Mhaura]: Heavy Metal Do you have it? Sell? 50-55k /tell Buying all~
[04:27:46] Elrohirr[Mhaura]: H-P Bayld 7k Pluton 4k Riftborn Boulder 3k Bazaar  Ambuscade entrance
[04:29:12] Youlok[WestAdoulin]: Outer Ra'Kaznar Capacity Points Do you need it? Buy? 
[04:29:38] Dayvidd[PortJeuno]: Fotia Belt+Gorget Synthesis Can I have it? Help me out! Reward /tell
[04:30:33] Amiekay[PortJeuno]: VagarySynthesis MaterialsDo you need it?(F-8)
[04:32:24] Misakune[PortJeuno]: Voodoo Greaves 4m Voodoo Mitts 5.7m Klouskap Sash 1m Buy? PST
[04:32:41] Rhyperior[PortJeuno]: 23x Riftcinder 10000x Riftborn Boulder Do you need it? Bazaar (F-8) Cheap!
[04:33:23] Elberrreth[Mhaura]: H-P Bayld Pluton Riftborn Boulder Buy? /tell
[04:34:34] Minshasa[BastokMine]: Capacity Points Party Dho Gates Do you need it? GEO Can I have it? /tell
[04:35:18] Elberrreth[Mhaura]: H-P Bayld Pluton Riftborn Boulder Buy? /tell
[04:35:22] Misakune[PortJeuno]: Voodoo Greaves 4m Voodoo Mitts 5.7m Klouskap Sash 1m Buy? Cheaper than AH! PST
[04:36:55] Minshasa[BastokMine]: Capacity Points Party Dho Gates Do you need it? GEO Can I have it? /tell
[04:38:15] Figlibont[PortJeuno]: S. Astral Detritus Do you need it? (G-8) Bazaar
[04:38:35] Sayx[RuLudeGard]: LF 2 people to enter Dynamis - Jeuno D with, Just want to unlock gear.
[04:39:08] Elberrreth[Mhaura]: so you're just unllocking +2s and not +3s..... boy you're ambitious
[04:39:40] Sayx[RuLudeGard]: gotta start somewhere smartass
[04:40:02] Elberrreth[Mhaura]: enter and warp is a waste of a 60 hour lockout
[04:40:13] Asyijh[PortJeuno]: M. Silverpiece Do you need it? Bazaar (F-8)
[04:40:30] Yojimmbo[WestAdoulin]: varies from person to person, just like opinions, excuses, and assholes
[04:40:33] Amiekay[PortJeuno]: VagarySynthesis MaterialsDo you need it?(F-8)
[04:40:37] Sayx[RuLudeGard]: well thanks for your 2 cents little buddy
[04:40:54] Azragesoj[LowJeuno]: I need an adult.
[04:40:59] Serinah[NSandOria]: noobs....
[04:41:20] Graybomb[PortJeuno]: Get your Cheap Spheres! Best prices in town! (G-8) /check Graybomb for easy access!
[04:41:26] Sayx[RuLudeGard]: made this account 2 months ago, give me a break
[04:41:29] Figlibont[PortJeuno]: S. Astral Detritus190k @900 Do you need it? (G-8) Bazaar
[04:42:06] Serinah[NSandOria]: well in that case get ready to spam this Wildskeeper Reive Plus campaign and make some gils so you can gear up
[04:43:02] Kinggalka[LowJeuno]: Mercenary Equip Item Do you need it? Buy? pst Target/need
[04:44:14] Sayx[RuLudeGard]: LF1M Dynamis - Jeuno D. unlocking +2
[04:46:35] Misakune[PortJeuno]: Voodoo Greaves 4m Voodoo Mitts 5.7m Klouskap Sash 1m Buy? Cheaper than AH! PST
[04:50:31] Amiekay[PortJeuno]: VagarySynthesis MaterialsDo you need it?(F-8)
[04:52:58] Minshasa[BastokMine]: Capacity Points Party Dho Gates Do you need it? GEO Can I have it? /tell
[04:55:04] Asyijh[PortJeuno]: M. Silverpiece Do you need it? Bazaar (F-8)
[05:00:29] Amiekay[PortJeuno]: VagarySynthesis MaterialsDo you need it?(F-8)
[05:01:19] Mistezo[Mhaura]: Heavy Metal Do you have it? Sell? 50-55k /tell Buying all~
[05:04:01] Elberrreth[Mhaura]: H-P Bayld Pluton Riftborn Boulder Buy? /tell
[05:04:06] Dvs[EastAdoulin]: Selling Skill Up book Buy? Do you need it? /tell  
[05:04:08] Rykou[PortJeuno]: Alexandrite 5k M. Silverpiece 190k Do you need it? Bazaar (H-8)
[05:05:17] Rykou[PortJeuno]: Alexandrite 5k M. Silverpiece 190k Do you need it? Bazaar (H-8)
[05:06:25] Cassieee[PortJeuno]: PL Can I have it? Reward
[05:06:40] Rykou[PortJeuno]: Alexandrite 5k M. Silverpiece 190k Do you need it? Bazaar (H-8)
[05:07:53] Rykou[PortJeuno]: Alexandrite 5k M. Silverpiece 190k Do you need it? Bazaar (H-8)
[05:08:01] Misakune[PortJeuno]: Voodoo Greaves 4m Voodoo Mitts 5.7m Klouskap Sash 1m Buy? Cheaper than AH! PST
[05:08:08] Isume[Whitegate]: campaing is already active?
[05:08:42] Elrohirr[Mhaura]: H-P Bayld 7k Bazaar Auction 7.8
[05:08:48] Rykou[PortJeuno]: M. Silverpiece 190k Do you need it? Bazaar (H-8)
[05:08:59] Cassieee[PortJeuno]: PL Can I have it? Reward /tell
[05:10:28] Amiekay[PortJeuno]: VagarySynthesis MaterialsDo you need it?(F-8)
[05:11:12] Reddington[SSandOria]: how much is genbu scrap worth?
[05:11:20] Graybomb[PortJeuno]: Get your Cheap Spheres! Best prices in town! (G-8) /check Graybomb for easy access!
[05:11:21] Elrohirr[Mhaura]: whatever someone will pay
[05:11:30] Elberrreth[Mhaura]: i usually sell all scraps at 100k
[05:11:36] Misakune[PortJeuno]: check ffxiah for bazaar listings
[05:11:57] Reddington[SSandOria]: none for our server
[05:12:03] Elberrreth[Mhaura]: O.o
[05:12:32] Misakune[PortJeuno]: Voodoo Greaves 4m Voodoo Mitts 5.7m Klouskap Sash 1m Buy? Cheaper than AH! PST
[05:12:34] Serinah[NSandOria]: yes there are
[05:12:39] Reddington[SSandOria]: nvm
[05:14:34] Beies[PortJeuno]: Riftborn Boulder Do you need it? (F-8)\
[05:15:12] Youlok[WestAdoulin]: Outer Ra'Kaznar Capacity Points Do you need it? Buy?
[05:20:01] Jopricont[PortJeuno]: sh alex 5.6k Do you need it? bazaar
[05:20:15] Haorhu[PortJeuno]: Moldy G. Sword 2.5M Heavy Metal X43 50K Bazaar F-8
[05:20:17] Elberrreth[Mhaura]: H-P Bayld Buy? /tell
[05:21:00] Jopricont[PortJeuno]: sh alex 5.6k Do you need it? bazaar(G-8)
[05:21:29] Haorhu[PortJeuno]: Moldy G. Sword 2.5M Bazaar F-8
[05:21:47] Jopricont[PortJeuno]:  alex 5.6k Do you need it? bazaar(G-8)
[05:22:16] Haorhu[PortJeuno]: Moldy G. Sword 1.5M Bazaar F-8
[05:22:35] Suhfarufa[Mhaura]: Escha - Ru'Aun Khun Ma Equip Camp Looking for members.
[05:23:05] Jopricont[PortJeuno]:  alex 5.6k Do you need it? bazaar(G-8)
[05:23:18] Elrohirr[Mhaura]: H-P Bayld 7k Buy?
[05:23:35] Beies[PortJeuno]: Riftborn Boulder Do you need it? (F-8)\
[05:23:51] Apennyworth[WindWaters]: Hare Meat  stackx5 Can I have it? 10k/stack You can have this.
[05:24:04] Elberrreth[Mhaura]: H-P Bayld Buy? /tell
[05:24:19] Dvs[EastAdoulin]: Selling Skill Up book Buy? Do you need it? /tell  
[05:24:25] Cassieee[PortJeuno]: exp Can I have it? Reward /tell
[05:24:57] Haorhu[PortJeuno]: Moldy G. Sword 1.5M Bazaar F-8
[05:25:42] Haorhu[PortJeuno]: Moldy G. Sword 1M Bazaar F-8
[05:25:49] Elberrreth[Mhaura]: H-P Bayld Buy? /tell
[05:26:18] Misakune[PortJeuno]: Voodoo Greaves 4m Voodoo Mitts 5.7m Klouskap Sash 1m Buy? Cheaper than AH! PST
[05:26:20] Serinah[NSandOria]: Mercenary Escha - Ru'Aun T1-2 Reisenjima T1 Do you need it? Just for a short time is fine.
[05:26:52] Sayx[PortJeuno]: wtb smn legshard x2 pst price
[05:26:58] Jopricont[PortJeuno]:  alex 5.6k Do you need it? bazaar(G-8)
[05:27:45] Elberrreth[Mhaura]: H-P Bayld Buy? /tell
[05:27:52] Youlok[WestAdoulin]: Outer Ra'Kaznar Capacity Points Do you need it? Buy?
[05:27:53] Serinah[NSandOria]: Mercenary Escha - Ru'Aun T1-2 Reisenjima T1 Do you need it? Just for a short time is fine.
[05:28:12] [2]<Kelvinn> no, campaigns start in 21.5 hrs
[05:29:35] Cassieee[BastokMark]: exp Can I have it? Reward /tell
[05:30:19] Yizi[WestAdoulin]: SR Do you need it? DD WHM Can I have it? 4/6
[05:30:52] Yizi[WestAdoulin]: SR Do you need it? WHM Can I have it? 5/6 last shout
[05:31:41] Elrohirr[Mhaura]: so you gonna go with yoran/apururu then?
[05:32:04] Serinah[NSandOria]: Mercenary Escha - Ru'Aun T1-2 Reisenjima T1 Do you need it? Just for a short time is fine.
[05:32:06] Elberrreth[Mhaura]: H-P Bayld Buy? /tell
[05:34:31] Cassieee[BastokMark]: exp Can I have it? Reward /tell
[05:36:04] Figlibont[PortJeuno]: S. Astral Detritus190k @900 Do you need it? (G-8) Bazaar
[05:36:20] Elrohirr[RuLudeGard]: You can have this. Larceny
[05:36:37] Jopricont[PortJeuno]:  alex 5.6k Do you need it? bazaar(G-8)
[05:36:50] Shirt[RuLudeGard]: 1976 Can I have it? 
[05:37:00] Serinah[NSandOria]: You can have this. 1999
[05:37:21] Ariulle[EastAdoulin]: cash money records representin for 1999 and the early 2000s?
[05:37:30] Elberrreth[Mhaura]: 1969 Can I have it?  Q.Q
[05:37:46] Serinah[NSandOria]: yeah there was good acid in 1969 too i guess
[05:38:01] Elberrreth[Mhaura]: and better music
[05:38:36] Cassieee[BastokMark]: exp Can I have it? Reward /tell
[05:39:17] Schaka[PortJeuno]: HMP Do you have it? Sell? /tell please
[05:39:37] Hokahiko[LowJeuno]: Reisenjima full clear or T4 clear Mercenary Buy? /tell
[05:40:05] Mistezo[PortJeuno]: Heavy Metal Do you have it? Sell? 50-55k /tell Buying all~
[05:40:11] Jopricont[PortJeuno]:  alex 5.6k Do you need it? bazaar(G-8)
[05:40:48] Jopricont[PortJeuno]:  alex 5.6k Do you need it? bazaar(G-8)
[05:41:19] Graybomb[PortJeuno]: Get your Cheap Spheres! Best prices in town! (G-8) /check Graybomb for easy access!
[05:44:06] Jopricont[PortJeuno]:  alex 5.6k Do you need it? bazaar(G-8)
[05:44:35] Hokahiko[LowJeuno]: Reisenjima full clear or T4 clear Mercenary Buy? /tell
[05:46:42] Beies[PortJeuno]: Riftborn Boulder Do you need it? (F-8)\
[05:46:50] Jopricont[PortJeuno]:  alex 5.6k Do you need it? bazaar(G-8)
[05:51:54] Knobkierrie[Whitegate]: WOC Kirin win Reiki Yotai Reikiko Telos Earring Buy? /tell
[05:52:23] Darkway[WestAdoulin]: Ambuscade V1 E-N Do you need it? /tell COR / Tank Can I have it?
[05:53:18] Youlok[WestAdoulin]: Outer Ra'Kaznar Capacity Points Do you need it? Buy?
[05:53:55] Asyijh[PortJeuno]: M. Silverpiece Do you need it? Bazaar (F-8)
[05:54:55] Jopricont[PortJeuno]:  alex 5.6k Do you need it? bazaar(G-8)
[05:55:12] Darkway[WestAdoulin]: Ambuscade V1 E-N Do you need it? /tell COR / Tank Can I have it?
[05:56:30] Mistezo[PortJeuno]: Heavy Metal Do you have it? Sell? 50-55k /tell Buying all~
[05:57:08] Cassieee[BastokMark]: exp Can I have it? Reward /tell
[06:00:20] You have undertaken the limited-time Records of Eminence challenge á≤Vanquish Lizards.á≥
[06:01:07] Mistezo[PortJeuno]: Heavy Metal Do you have it? Sell? 50-55k /tell Buying all~
[06:01:14] Jopricont[PortJeuno]:  alex 5.6k Do you need it? bazaar(G-8)
[06:01:36] Yizi[WestAdoulin]: SR Do you need it? DD Can I have it? 5/6
[06:02:07] Yizi[WestAdoulin]: Our party's full. Thank you.
[06:04:11] Dvs[EastAdoulin]: Selling Skill Up book Buy? Do you need it? /tell  
[06:04:13] Mistezo[PortJeuno]: Heavy Metal Do you have it? Sell? 50-55k /tell Buying all~
[06:04:47] Dasan[PortJeuno]: PLD free for Ambuscade.
[06:06:14] Jopricont[PortJeuno]:  alex 5.6k Do you need it? bazaar(G-8)
[06:07:16] Puppeteer[Whitegate]: Sarameya/Tinnin/Tyger Item Do you need it? price /tell Clear Mind Do you need it? /tell price
[06:08:19] Jopricont[PortJeuno]:  alex 5.6k Do you need it? bazaar(G-8)
[06:10:13] Misakune[PortJeuno]: Voodoo Greaves 4m Voodoo Mitts 5.7m Klouskap Sash 1m Buy? Cheaper than AH! PST
[06:11:01] Puppeteer[Whitegate]: Sarameya/Tinnin/Tyger Clear Mind Do you need it? /tell price Thank you.
[06:11:08] Serinah[NSandOria]: Mercenary Escha - Ru'Aun T1-2 Reisenjima T1 Do you need it? Just for a short time is fine.
[06:11:20] Graybomb[PortJeuno]: Get your Cheap Spheres! Best prices in town! (G-8) /check Graybomb for easy access!
[06:12:01] Puppeteer[Whitegate]: Sarameya/Tinnin/Tyger Clear Mind Do you need it? /tell price Thank you.
[06:12:59] Puppeteer[Whitegate]: Sarameya/Tinnin/Tyger Clear Mind Do you need it? /tell price Thank you.
[06:13:59] Jopricont[PortJeuno]:  alex 5.6k Do you need it? bazaar(G-8)
[06:18:02] Youlok[WestAdoulin]: Outer Ra'Kaznar Capacity Points Do you need it? Buy?
[06:19:32] Yojimmbo : galka fetus
[06:20:09] Amiekay[PortJeuno]: VagarySynthesis MaterialsDo you need it?(F-8)
[06:20:26] Knobkierrie[LowJeuno]: WOC win Buy? /tell
[06:20:35] Yizi[RuLudeGard]: SR Do you need it? DD x2 Can I have it? 4/6
[06:20:54] Zimmbot[Whitegate]: PL Do you need it? 1-49 1M, 50-99 2M, 1-99 3M
[06:21:17] Yizi[RuLudeGard]: SR Do you need it? DD Can I have it? 5/6
[06:21:19] Serinah[NSandOria]: it's too early for PL there's not enough buyers stop stringing chaasieee along
[06:22:04] Yizi[RuLudeGard]: SR Do you need it? DD Can I have it? 5/6
[06:22:09] Hokahiko[LowJeuno]: Reisenjima full clear or T4 clear Mercenary Buy? /tell
[06:22:36] Yizi[RuLudeGard]: Our party's full. Thank you.
[06:25:43] Knobkierrie[LowJeuno]: WOC Kirin win Reiki Yotai Reikiko Telos Earring Buy? /tell
[06:26:52] Dasan : wtf number 
[06:28:14] Zimmbot[Norg]: PL Do you need it? 1-49 1M, 50-99 2M, 1-99 3M
[06:28:55] Knobkierrie[LowJeuno]: WOC Kirin win Reiki Yotai Reikiko Telos Earring Buy? /tell
[06:29:44] Asyijh[PortJeuno]: M. Silverpiece Do you need it? Bazaar (F-8)
[06:31:53] Youlok[WestAdoulin]: Outer Ra'Kaznar Capacity Points Do you need it? Buy?
[06:34:34] Knobkierrie[LowJeuno]: WOC Kirin win Reiki Yotai Reikiko Telos Earring Buy? /tell
[06:36:31] Kimori[Whitegate]: looking for Mythic buddy to do borring Nyzul Isle & Einherjar with
[06:36:56] Youlok[WestAdoulin]: Outer Ra'Kaznar Capacity Points Do you need it? Buy?
[06:41:20] Graybomb[PortJeuno]: Get your Cheap Spheres! Best prices in town! (G-8) /check Graybomb for easy access!
[06:41:49] Knobkierrie[LowJeuno]: WOC Kirin win Reiki Yotai Reikiko Telos Earring Buy? /tell
[06:43:14] Amiekay[PortJeuno]: VagarySynthesis MaterialsDo you need it?(F-8)
[06:43:26] Figlibont[PortJeuno]: S. Astral Detritus190k @900 Do you need it? (G-8) Bazaar
[06:43:38] Serinah[NSandOria]: ughhhhh can i borrow a blm -.-
[06:47:05] Serinah[NSandOria]: ughhhhh can i borrow a blm -.-
[06:49:51] Serinah[NSandOria]: Black Mage MB 40%+ Can I have it? Just for a short time is fine.
[06:52:38] Serinah[NSandOria]: Black Mage MB 40%+ Can I have it? Just for a short time is fine. Merlinic Shalwar Channeler's Stone 
[06:54:04] Mistezo[PortJeuno]: Heavy Metal Do you have it? Sell? 50-55k /tell Buying all~
[06:55:08] Knobkierrie[LowJeuno]: Utu Grip Do you need it? Buy? /tell
[06:56:09] Knobkierrie[LowJeuno]: Utu Grip Do you need it? Buy? /tell
[06:57:23] Knobkierrie[LowJeuno]: Utu Grip Do you need it? Buy? /tell
[06:57:39] Beies[PortJeuno]: Riftborn Boulder Do you need it? (F-8)\
[06:58:42] Mistezo[PortJeuno]: Heavy Metal Do you have it? Sell? 50-55k /tell Buying all~
[06:59:42] Nyatengu[BastokMine]: Boystwomen dick mine
[07:00:27] Nogbox[EastAdoulin]: H-P BayldDo you need it? @6500 GeosukeëOÇ≈BazaaríÜ

[07:01:40] Nogbox[EastAdoulin]:  NogboxëOÇ≈BazaarÅY
[07:02:09] Nogbox[EastAdoulin]:  GeosukeëOÇ≈BazaarÅY
[07:09:26] Yojimmbo[Nashmau]: Federation Aketon Can I have it? /t
[07:11:20] Graybomb[PortJeuno]: Get your Cheap Spheres! Best prices in town! (G-8) /check Graybomb for easy access!
[07:15:00] Rykou[WestAdoulin]: Dho Gates Capacity Points White Mage You can have this.
[07:16:13] Beies[PortJeuno]: Riftborn Boulder Do you need it? (F-8)\
[07:18:20] Youlok[WestAdoulin]: Outer Ra'Kaznar Capacity Points Do you need it? Buy?
[07:18:27] Mistezo[PortJeuno]: Heavy Metal Do you have it? Sell? 50-55k /tell Buying all~
[07:18:43] Figlibont[PortJeuno]: S. Astral Detritus190k @900 Do you need it? (G-8) Bazaar
[07:20:02] Rykou[WestAdoulin]: Dho Gates Capacity Points Do you need it? DD geo blm smn DD close
[07:20:20] Thawne[PortJeuno]: Heavy Metal Do you need it? 55k (G-8)
[07:21:05] Rykou[WestAdoulin]: Dho Gates Capacity Points Do you need it? geo blm smn DD close
[07:22:04] Rykou[WestAdoulin]: Dho Gates Capacity Points Do you need it? geo blm smn DD close
[07:26:41] Mistezo[PortJeuno]: Heavy Metal Do you have it? Sell? 50-55k /tell Buying all~
[07:27:03] Dvs[LowJeuno]: Selling Skill Up book Buy? Do you need it? /tell  
[07:34:22] Beies[PortJeuno]: Riftborn Boulder Do you need it? (F-8)\
[07:35:57] Hokahiko[LowJeuno]: Utu grip Do you need it? Buy? /tell
[07:37:37] Asyijh[PortJeuno]: M. Silverpiece Do you need it? Bazaar (F-8)
[07:37:48] Hokahiko[LowJeuno]: Utu grip Do you need it? Buy? /tell
[07:39:06] Hokahiko[LowJeuno]: Utu grip Do you need it? Buy? /tell going now
[07:39:17] Mistezo[PortJeuno]: Heavy Metal Do you have it? Sell? 50-55k /tell Buying all~
[07:39:20] Beies[PortJeuno]: Riftborn Boulder Do you need it? (F-8)\
[07:40:00] Hokahiko[LowJeuno]: Utu grip Do you need it? Buy? /tell going now 
[07:41:12] Hokahiko[LowJeuno]: Utu grip Do you need it? Buy? /tell going now  last call
[07:41:17] Tefifon[Whitegate]: UNM 122 Keeper of Heiligtum The Sanctuary of Zi'Tah Do you need it? blink tankx2 DD Healing Magic /tell
[07:41:20] Graybomb[PortJeuno]: Get your Cheap Spheres! Best prices in town! (G-8) /check Graybomb for easy access!
[07:42:35] Darkway[Mhaura]: Chironic head / feet / hand farm Do you need it? /tell 
[07:42:46] Beies[PortJeuno]: Riftborn Boulder Do you need it? (F-8)\
[07:53:00] Amiekay[PortJeuno]: VagarySynthesis MaterialsDo you need it?(F-8)
[07:58:34] Vioi[BastokMark]: Dynamis - Jeunowave3Sell?
[08:01:02] Vysh[EastAdoulin]: Omen: Gin Do you need it? master DD, BRD, WHM, COR pst. body 2/2 rest open
[08:01:36] Emptyleo[Whitegate]: @Vioi im only asking but why not join a wave 3 dynamis divergence instead of buying one? youd save gil
[08:02:21] Alwis[SSandOria]: Voidfoot: THF Do you need it? Buy? /tell
[08:02:51] Vysh[EastAdoulin]: Omen: Gin Do you need it? BRD, WHM, COR pst. 3/6 body2/2 
[08:02:58] Amiekay[PortJeuno]: VagarySynthesis MaterialsDo you need it?(F-8)
[08:03:52] Alwis[SSandOria]: Voidfoot: THF Do you need it? Buy? /tell
[08:04:09] Vysh[EastAdoulin]: Omen: Gin Do you need it? BRD, WHM, COR pst. 3/6 body2/2 
[08:06:57] Vysh[EastAdoulin]: Omen: Gin Do you need it? BRD/GEO, WHM, pst. 4/6 body2/2 
[08:07:34] Dvs[LowJeuno]: Selling Skill Up book Buy? Do you need it? /tell  
[08:07:41] Figlibont[PortJeuno]: S. Astral Detritus190k @900 Do you need it? (G-8) Bazaar
[08:09:31] Vysh[EastAdoulin]: Omen: Gin Do you need it? BRD/GEO, WHM, pst. 4/6 body2/2 
[08:09:39] Mistezo[PortJeuno]: Heavy Metal Do you have it? Sell? 50-55k /tell Buying all~
[08:10:24] Mathis[BastokMine]: Help me out! Garlaige Citadel Thief Artifact Quest /tell need 3 for doors. and help with nm.
[08:11:19] Graybomb[PortJeuno]: Get your Cheap Spheres! Best prices in town! (G-8) /check Graybomb for easy access!
[08:11:46] Celther[PortJeuno]: Ken. Jinpachi +1 Ken. Sune-Ate +1 Sell? /tell
[08:12:56] Amiekay[PortJeuno]: VagarySynthesis MaterialsDo you need it?(F-8)
[08:14:49] Vysh[EastAdoulin]: Omen: Gin Do you need it? BRD/GEO, WHM, pst. 4/6 body2/2 
[08:16:57] Vysh[EastAdoulin]: Omen: Gin Do you need it? BRD/GEO pst. 5/6 body2/2 
[08:17:07] Figlibont[PortJeuno]: S. Astral Detritus180k @900 Do you need it? (G-8) Bazaar
[08:18:50] Vysh[EastAdoulin]: Omen: Gin Do you need it? BRD/GEO pst. 5/6 body2/2 Knobkierrie X
[08:20:49] Beies[PortJeuno]: Riftborn Boulder Do you need it? (F-8)\
[08:20:53] Vysh[EastAdoulin]: Omen: Gin Do you need it? BRD/GEO pst. 5/6 body2/2 Knobkierrie X
[08:21:38] Kegfreak[EastAdoulin]: why wont this mithra give me my silver mattock i have all legend and all coalition quest complete!
[08:21:49] Spicyryan[EastAdoulin]: you didnt do something
[08:21:54] Ravynx : YOU DIDN'T SAY PLEASE
[08:22:00] Nemosupremo[RuLudeGard]: racial profiling?
[08:22:37] Kegfreak[EastAdoulin]: th only thing im not 100% on is the dang Mog Garden
[08:22:54] Amiekay[PortJeuno]: VagarySynthesis MaterialsDo you need it?(F-8)
[08:23:48] Yangwufei[Whitegate]: Regal neck Earring Gem Buy? /tell going soon
[08:24:09] Vysh[EastAdoulin]: Omen: Gin Do you need it? BRD/GEO pst. 5/6 body2/2 Knobkierrie X
[08:24:39] Yangwufei[Whitegate]: Regal neck Earring Gem Buy? /tell going soon
[08:25:08] Yangwufei[Whitegate]: Regal neck Gem Buy? /tell going soon
[08:26:11] Yangwufei[Whitegate]: Regal neck Gem Buy? /tell going now
[08:26:46] Vysh[EastAdoulin]: Omen: Gin Do you need it? BRD/GEO pst. 5/6 body2/2 Knobkierrie X
[08:27:08] Yangwufei[Whitegate]: Regal neck Gem Buy? /tell going now last call
[08:27:45] Figlibont[PortJeuno]: S. Astral Detritus180k @900 Do you need it? (G-8) Bazaar
[08:30:32] Vysh[EastAdoulin]: Omen: Gin Do you need it? BRD/GEO pst. 5/6 body2/2 Knobkierrie X
[08:35:57] Mistezo[PortJeuno]: Heavy Metal Do you have it? Sell? 50-55k /tell Buying all~
[08:36:35] Geoalt[BastokMark]: Bewitched Slacks x3 Sell? /tell please
[08:38:22] Killbossa[Mhaura]: Ambuscade V1 N Do you need it? /tell
[08:39:26] Figlibont[PortJeuno]: S. Astral Detritus180k @900 Do you need it? (G-8) Bazaar
[08:40:34] Geoalt[BastokMark]: Bewitched Slacks x3 Sell? /tell please
[08:41:20] Graybomb[PortJeuno]: Get your Cheap Spheres! Best prices in town! (G-8) /check Graybomb for easy access!
[08:42:15] Figlibont[PortJeuno]: S. Astral Detritus180k @900 Do you need it? (G-8) Bazaar
[08:42:33] Killbossa[Mhaura]: Ambuscade Looking for members. 5/6 V1 N GEO pref
[08:47:36] Asyijh[PortJeuno]: M. Silverpiece Do you need it? Bazaar (F-8)
[08:53:08] Figlibont[PortJeuno]: S. Astral Detritus180k @900 Do you need it? (G-8) Bazaar
[08:54:46] Figlibont[PortJeuno]: S. Astral Detritus180k @400 Do you need it? (G-8) Bazaar
[08:57:50] Figlibont[PortJeuno]: S. Astral Detritus180k @340 Do you need it? (G-8) Bazaar
[08:58:16] Prisska slaps Doryl.
[08:58:45] Yangwufei[Whitegate]: Regal Earring neck Gem Buy? /tell going soon
[09:00:01] Yangwufei[Whitegate]: Regal  neck Gem Buy? /tell going soon
[09:02:26] Yangwufei[Whitegate]: Regal  neck  Buy? /tell going soon
[09:04:04] Yangwufei[Whitegate]: Regal  neck  Buy? /tell going now
[09:04:31] Figlibont[PortJeuno]: S. Astral Detritus180k @340 Do you need it? (G-8) Bazaar
[09:05:25] Yangwufei[Whitegate]: Regal  neck  Buy? /tell going now
[09:06:40] Yangwufei[Whitegate]: Regal  neck  Buy? /tell going now last call
[09:08:47] Figlibont[PortJeuno]: S. Astral Detritus180k @280 Do you need it? (G-8) Bazaar
[09:10:34] Geoalt[Kazham]: Bewitched Slacks x3 Sell? /tell please
[09:11:39] Mistezo[Mhaura]: Heavy Metal Do you have it? Sell? 50-55k /tell Buying all~
[09:12:19] Dragulwlkreqjwe[PSandOria]: ÅÌÅÌÅi ÇÜÇÜÇòÇâÇìÇàÇèÇê.ÇÉÇèÇç ÅjÅö REAL huge stock for instant delivery Åü use "Nov1111" for extra bonus!ÅöÅö
[09:12:19] 
[09:12:25] Figlibont[PortJeuno]: S. Astral Detritus180k @120 Do you need it? (G-8) Bazaar
[09:13:14] Dragulwlkreqjwe[PSandOria]: ÅÌÅÌÅi ÇÜÇÜÇòÇâÇìÇàÇèÇê.ÇÉÇèÇç ÅjÅö REAL huge stock for instant delivery Åü use "Nov1111" for extra bonus!ÅöÅö
[09:13:14] 
[09:13:24] Killbossa[Mhaura]: Ambuscade V1 N Do you need it? 4/6 Looking for members. TANK COR GEO DD
[09:13:57] Dragulwlkreqjwe[PSandOria]: ÅÌÅÌÅi ÇÜÇÜÇòÇâÇìÇàÇèÇê.ÇÉÇèÇç ÅjÅö REAL huge stock for instant delivery Åü use "Nov1111" for extra bonus!ÅöÅö
[09:13:57] 
[09:14:30] Dragulwlkreqjwe[PSandOria]: ÅÌÅÌÅi ÇÜÇÜÇòÇâÇìÇàÇèÇê.ÇÉÇèÇç ÅjÅö REAL huge stock for instant delivery Åü use "Nov1111" for extra bonus!ÅöÅö
[09:14:30] 
[09:21:55] Majestiks[PortJeuno]: Insanely cheap spheres, cheaper then anyone else period.
[09:22:25] Bertrix[Whitegate]: daibaÅ[ basu Synthesis MaterialsèWÇﬂpurposeÇ≈Ç¢Ç´Ç‹ÇπÇÒÇ©ÅH ShieldRedCORLooking for members.
[09:22:30] Geoalt[BastokMark]: Bewitched Slacks x3 Sell? /tell please
[09:22:37] Majestiks[PortJeuno]: Insanely cheap spheres, cheaper then anyone else period. (G-8)
[09:23:15] Kaldaek[PortJeuno]: regal gem Can I have it? /tell price Thank you.
[09:25:51] Kaldaek[PortJeuno]: regal gem Can I have it? /tell price Thank you.
[09:27:56] Darkmyth calls forth his dark minions to beleaguer Jinbe.
[09:29:37] Majestiks[PortJeuno]: Insanely cheap spheres, cheaper then anyone else period. (G-8)
[09:30:27] Vikrel[BastokMine]: Herculean Vest Sell? /tell
[09:33:07] Kaldaek[PortJeuno]: regal gem Can I have it? /tell price Thank you.
[09:33:34] Yumzch[PortJeuno]: Alexander 5.5k each Sell? tell please
[09:34:47] Wilmyy[Mhaura]: Abyssal Abj Legs, Body Can I have it?
[09:34:55] Vikrel[BastokMine]: Herculean Vest Sell? /tell
[09:34:57] Yumzch[PortJeuno]: Alexander 5.5k each Sell? tell please
[09:35:57] Wilmyy[Mhaura]: Abyssal Abj Legs, Body Can I have it?
[09:36:06] Knobkierrie[Whitegate]: WOC Kirin win Telos Earring Reiki Yotai Reikiko Buy? /tell
[09:38:01] Decimating[PortJeuno]: Compensator Mercenary Help me out! /tell
[09:38:06] Wilmyy[Mhaura]: Abyssal Abj Legs, Body Can I have it? Sell?
[09:38:13] Kaldaek[PortJeuno]: regal gem Can I have it? /tell price Thank you.
[09:38:43] Bertrix[Whitegate]: daibaÅ[ basu Synthesis MaterialsèWÇﬂpurposeÇ≈Ç¢Ç´Ç‹ÇπÇÒÇ©ÅH RedLooking for members.3/4
[09:38:48] Killbossa[Mhaura]: Looking for members. V1 N Ambuscade 5/6 Tank or heavy DD
[09:39:06] Knobkierrie[Whitegate]: WOC Kirin win Telos Earring Reiki Yotai Reikiko Buy? /tell
[09:39:28] Killbossa[Mhaura]: Our party's full.
[09:39:39] Funkworkz(funkworkz) is now online on Guildwork.
[09:40:49] Bertrix[Whitegate]: daibaÅ[ basu Synthesis MaterialsèWÇﬂpurposeÇ≈Ç¢Ç´Ç‹ÇπÇÒÇ©ÅH RedorBlueorTHFLooking for members.3/4
[09:41:17] Vikrel[BastokMine]: Herculean Vest Sell? /tell
[09:42:12] Inkii[Whitegate]: Sweet Tea Sell? /tell
[09:43:38] Sibutaku[Norg]: anbasuÇ∆ÇƒDifficult ÇPWAR  BRDpersonorSMNä´  Looking for members.  
[09:43:50] Wilmyy[Mhaura]: Abyssal Abj Legs, Body Can I have it? Sell?
[09:45:39] Sibutaku[Norg]: anbasuÇ∆ÇƒDifficult ÇPWAR  BRDpersonorSMNä´  Looking for members.  
[09:45:46] [2]<Shiranuj> anyone free to help me kill Shadow Lord for mission 5-2?
[09:46:16] Sibutaku[Norg]: anbasuÇPèÕÇ∆ÇƒDifficult ÇPWAR  BRDpersonorSMNä´  Looking for members.  
[09:48:35] Sibutaku[Norg]: anbasuÇPèÕÇ∆ÇƒDifficult ÇPWAR  BRDpersonorSMNä´  Looking for members.  
[09:48:53] Shiranuj[SSandOria]: Mission 5-2 Shadow Lord Fight Team up? Please assist.
[09:49:45] Cassieee[RuLudeGard]: PL Can I have it? Reward
[09:49:54] Knobkierrie[LowJeuno]: WOC Kirin win Telos Earring Reiki Yotai Reikiko Buy? /tell
[09:51:12] Sibutaku[Norg]: abaÇ∆ÇƒDifficultÅY
[09:52:11] Kaldaek[PortJeuno]: regal gem Can I have it? /tell price Thank you.
[09:52:11] Chancee[PSandOria]: Albumen Fight Looking for members. nirv smn x3 brd geo /tell
[09:52:36] Amiekay[PortJeuno]: VagarySynthesis MaterialsDo you need it?(F-8)
[09:52:51] Cassieee[RuLudeGard]: PL Can I have it? Reward
[09:52:56] Wilmyy[WestAdoulin]: Abyssal Abj Legs, Body Can I have it? Sell?
[09:54:06] Chancee[PSandOria]: Albumen Fight Looking for members. nirv smn x3 brd geo /tell
[09:55:18] Cassieee[RuLudeGard]: PL Can I have it? Reward
[09:56:29] Geoalt[BastokMark]: Bewitched Slacks x3 Sell? /tell please
[09:56:38] Knobkierrie[LowJeuno]: Zendik Robe Do you need it? Buy? in pool now /tell
[09:57:25] Chancee[PSandOria]: Albumen Fight Looking for members. nirv smn x3 brd geo /tell
[09:57:32] Kaldaek[PortJeuno]: regal gem Can I have it? /tell price Thank you.
[09:57:39] Knobkierrie[LowJeuno]: Zendik Robe Do you need it? Buy? in pool now /tell
[09:58:12] Darkway[PortJeuno]: Mauve-wristed Gomberry / Sabotender Royal's needle T1 Reisenjima farm Do you need it? /tell
[09:58:25] Geoalt[PortBastok]: Bewitched Slacks x3 Sell? /tell please
[09:58:31] Knobkierrie[LowJeuno]: Zendik Robe Do you need it? Buy? in pool now /tell
[10:00:20] You have undertaken the limited-time Records of Eminence challenge á≤Crack Treasure Caskets.á≥
[10:00:27] Wilmyy[Kazham]: Abyssal Abj Legs, Body Can I have it? Sell?
[10:00:49] Ladyboyx[BastokMine]: <333333333333333333333333
[10:02:14] Darkway[PortJeuno]: Omen card farm Do you need it?
[10:02:33] Amiekay[PortJeuno]: VagarySynthesis MaterialsDo you need it?(F-8)
[10:02:59] Hokahiko[LowJeuno]: Reisenjima T4 clear Mercenary Buy? /tell
[10:03:40] Cassieee[BastokMark]: PL Can I have it? Reward
[10:04:41] Chancee[PSandOria]: Albumen Fight Looking for members. nirv smn x3 brd geo /tell
[10:06:13] Cassieee[BastokMark]: PL Can I have it? Reward
[10:06:20] Knobkierrie[LowJeuno]: WOC Kirin win Telos Earring Reiki Yotai Buy? /tell
[10:07:06] Yonkoshanks[Mhaura]: lightning cluster x6 stacks Do you need it? /tell 140k each/120k each if buying all
[10:08:12] Oppressor[Norg]: When does dm start?
[10:08:16] Hiraishinsenna[PortBastok]: S. Astral Detritus Can I have it? Reward 180k /tell
[10:08:21] Huehuehue[Mhaura]: next am
[10:08:24] Yonkoshanks[Mhaura]: lightning cluster x6 stacks Do you need it? /tell 140k each/120k each if buying all
[10:08:32] Ralky[EastAdoulin]: dm?
[10:08:50] Oppressor[Norg]: Dark matter capgn
[10:08:57] Ladyboyx[BastokMine]: <333333333333333333333333
[10:09:05] Walpurgisnacht[PortJeuno]: Heroism Aggregate x40 Can I have it? You can have this. 200k per piece
[10:09:34] Hokahiko[LowJeuno]: Reisenjima T4 clear Mercenary Buy? /tell
[10:10:11] Mistezo[Mhaura]: Heavy Metal Do you have it? Sell? 50-55k /tell Buying all~
[10:10:13] Ralky[EastAdoulin]: anyone selling ambu VD? is it to hard this month mercs are afraid?
[10:10:32] Knobkierrie[LowJeuno]: WOC Kirin win Telos Earring Reiki Yotai Buy? /tell
[10:11:06] Lordloss[NSandOria]: Omen card event is up?
[10:11:24] Aeyliea[Whitegate]: lol shaming mercs because a month is too difficult to carry people through :P
[10:12:00] Killbossa[Mhaura]: alex 5.5k Each @ (H-9)
[10:12:04] Dreikoqt[LowJeuno]: 20m for vd
[10:12:32] Amiekay[PortJeuno]: VagarySynthesis MaterialsDo you need it?(F-8)
[10:13:12] Cassieee[BastokMark]: PL Can I have it?  Reward
[10:13:32] Killbossa[Mhaura]: alexandrite 5.5k Each @ (H-9)
[10:14:48] Knobkierrie[LowJeuno]: WOC Kirin win Telos Earring Reiki Yotai Reikiko Buy? /tell
[10:16:17] Darkway[PortJeuno]: Sabotender Royal's needle + Mauve-wristed Gomberry T1 Reisenjima farm Do you need it? /tell
[10:16:38] Cassieee[BastokMark]: PL Can I have it?  Reward
[10:18:48] Funkworkz(funkworkz) is now online on Guildwork.
[10:18:50] Francesloisbkh[BastokMine]: ÅÌÅÌÅi ÇÜÇÜÇòÇâÇìÇàÇèÇê.ÇÉÇèÇç ÅjÅö REAL huge stock for instant delivery Åü use "Nov1111" for extra bonus!ÅöÅö
[10:20:05] Francesloisbkh[BastokMine]: ÅÌÅÌÅi ÇÜÇÜÇòÇâÇìÇàÇèÇê.ÇÉÇèÇç ÅjÅö REAL huge stock for instant delivery Åü use "Nov1111" for extra bonus!ÅöÅö
[10:20:24] Knobkierrie[LowJeuno]: WOC Kirin win Telos Earring Reiki Yotai Reikiko Buy? /tell
[10:20:29] Kaldaek[PortJeuno]: regal gem Can I have it? /tell price Thank you.
[10:20:35] Oppressor[Norg]: Omen Kei Do you need it? Veteran SMN SMN COR GEO Heal! Tank PST Thank you.  
[10:20:45] Francesloisbkh[BastokMine]: ÅÌÅÌÅi ÇÜÇÜÇòÇâÇìÇàÇèÇê.ÇÉÇèÇç ÅjÅö REAL huge stock for instant delivery Åü use "Nov1111" for extra bonus!ÅöÅö
[10:22:49] Hiraishinsenna[PortJeuno]: Reisenjima T1-T2 Item Do you need it? /tell
[10:22:54] Cassieee[BastokMark]: PL Can I have it?  Reward
[10:23:05] Oppressor[Norg]: Omen Kei Do you need it? Veteran SMN SMN COR GEO Heal! Tank PST Thank you.  
[10:23:11] Saryax[Mhaura]: Escha - Ru'Aun t2 Yilan / Kammavaca Item Buy?
[10:23:36] Knobkierrie[LowJeuno]: WOC Kirin win Telos Earring Reiki Yotai Reikiko Buy? /tell
[10:25:00] Saryax[Mhaura]: Escha - Ru'Aun t2 Yilan / Kammavaca Item Buy?
[10:25:03] Oppressor[Norg]: Omen Kei Do you need it? Veteran SMN SMN COR GEO  Tank PST Thank you.  
[10:26:55] Knobkierrie[LowJeuno]: Molybdosis Do you need it? Buy? in pool now /tell
[10:27:12] Oppressor[Norg]: Omen Kei Do you need it? Veteran SMN SMN COR GEO  Tank PST Thank you.  
[10:27:24] Cassieee[BastokMark]: PL Can I have it?  Reward
[10:27:38] Knobkierrie[LowJeuno]: Molybdosis Do you need it? Buy? in pool now /tell
[10:28:54] Knobkierrie[LowJeuno]: Molybdosis Do you need it? Buy? in pool now /tell
[10:31:44] Callous[EastAdoulin]: the citizens of Vana'diel have spoken! I deserve silver!
[10:34:38] Oppressor[Norg]: Omen Kei Do you need it? Veteran SMN SMN COR GEO  Tank PST Thank you.  
[10:35:14] Saryax[Mhaura]: Escha - Ru'Aun t2 Yilan / Kammavaca Item Buy?
[10:35:52] Saryax[Mhaura]: Escha - Ru'Aun t2 Kammavaca Item Buy?
[10:38:55] Dinotron[WindWalls]: Tiyanak's Fang Can I have it? Reward /tell Thank you.
[10:39:05] Alicis[Norg]: Reisenjima Escha - Ru'Aun Escha - Zi'Tah T1-T3 Equip/Clear Buy? /tell
[10:39:44] Hokahiko[LowJeuno]: Reisenjima T4 clear Mercenary Buy? /tell
[10:39:56] Cassieee[BastokMark]: PL Can I have it? Reward
[10:40:24] Saryax[Mhaura]: Escha - Ru'Aun t2 Kammavaca Item Buy?
[10:42:14] Alicis[Norg]: Reisenjima Escha - Ru'Aun Escha - Zi'Tah T1-T3 Equip/Clear Buy? /tell
[10:42:21] Bentaxl[BastokMark]: Handshard:DRG x3 Do you have it? I'm interested.
[10:42:27] Saryax[Mhaura]: Escha - Ru'Aun t2 Kammavaca Item Buy?
[10:42:32] Knobkierrie[LowJeuno]: WOC Kirin win Reiki Yotai Reikiko(Sword) Buy? /tell
[10:44:09] Youngteentrap[PortWind]: who wants to be my daddy
[10:44:29] Viska[PortJeuno]: *Concern*
[10:45:09] Bentaxl[Mhaura]: wow
[10:45:24] Dogar[PortJeuno]: It's a trap!
[10:45:43] Bentaxl[Mhaura]: a fat middle aged pervert
[10:45:57] Peacho[LowJeuno]: Regal Ring Sell? please /tell
[10:45:59] Alicis[Norg]: Reisenjima Escha - Ru'Aun Escha - Zi'Tah T1-T3 Equip/Clear Buy? /tell
[10:46:08] Kaldaek[PortJeuno]: regal gem Can I have it? /tell price Thank you.
[10:46:39] Youngteentrap[PortWind]: i'm 15 and you are totally intolerant, go vote trump
[10:47:06] Saryax[Mhaura]: Cy.Abjuration: Lg. Buy? in pool now
[10:47:13] Bentaxl[Mhaura]: LOL Trump is a sex offender and I'm Canadian
[10:47:20] Oppressor[Norg]: Omen Kei Do you need it? Veteran  SMN COR GEO  Tank PST Thank you.  3/6
[10:47:41] Youngteentrap[PortWind]: /cry i'm happy being who I am, so what I don't fall into your gender categories, I am human! 
[10:47:48] Bentaxl[Mhaura]: Handshard:DRG x3 Do you have it? I'm interested.
[10:47:53] Juntoe[BastokMark]: hes more like just an Offender
[10:47:57] Konstantinos[PSandOria]: no time for young skanks
[10:48:25] Youngteentrap[PortWind]: so who wants to be my daddy ;3
[10:48:39] Konstantinos[PSandOria]: nobody got time for that
[10:48:58] Saryax[Mhaura]: Cy.Abjuration: Lg. Buy? in pool now
[10:48:59] Youngteentrap[PortWind]: I'm trisexual so.. mommies too
[10:49:18] Knobkierrie[LowJeuno]: WOC Kirin win Reiki Yotai Reikiko(Sword) Buy? /tell
[10:49:20] Bluejustice[PSandOria]: ask boystwomen
[10:49:30] Hokahiko[LowJeuno]: Reisenjima T4 clear Mercenary Buy? /tell
[10:49:33] Alicis[Norg]: Reisenjima Escha - Ru'Aun Escha - Zi'Tah T1-T3 Equip/Clear Buy? /tell
[10:49:47] Tinytallen[SSandOria]: go clean your room and mow the lawn.
[10:50:02] Juntoe[BastokMark]: or go to school
[10:50:23] Kaldaek[PortJeuno]: regal gem Can I have it? /tell price Thank you.
[10:50:52] Bentaxl[Mhaura]: Handshard:DRG x3 Do you have it? I'm interested.
[10:51:59] Dinotron[WestAdoulin]: Tiyanak's Fang Can I have it? Reward /tell Thank you. (Clear that storage!)
[10:52:22] Saryax[Mhaura]: Escha - Ru'Aun t2 Kammavaca Item Buy?
[10:52:44] Alicis[Norg]: Reisenjima Escha - Ru'Aun Escha - Zi'Tah T1-T3 Equip/Clear Buy? /tell
[10:53:03] Cassieee[BastokMark]: PL Can I have it? Reward 1m /tell
[10:54:45] Cassieee[BastokMark]: PL Can I have it? Reward 1m /tell
[10:54:46] Arianaskye[PortJeuno]: Riftborn Boulder Pluton Beitetsu 5k each Bazaar (H-8)
[10:54:54] Knobkierrie[LowJeuno]: Kirin win Reiki Yotai Buy? /tell
[10:57:43] Alicis[Norg]: Reisenjima Escha - Ru'Aun Escha - Zi'Tah T1-T3 Equip/Clear Buy? /tell
[10:58:20] Pasismyhoe[BastokMark]: Mars orb Do you need it? /tell
[10:58:30] Juntoe[BastokMark]: 5k
[10:58:56] Saryax[Mhaura]: Escha - Ru'Aun t2 Yilan Item Buy?
[10:59:13] Bentaxl[Mhaura]: Handshard:DRG x3 Do you have it? I'm interested.
[11:00:38] Trixta[Mhaura]: SR classic Looking for members. whm geo dd
[11:00:59] Pasismyhoe[BastokMark]: Mars orb Do you need it? /tell
[11:01:14] Trixta[Mhaura]: SR classic Looking for members. whm geo 
[11:01:50] Trixta[Mhaura]: SR classic Looking for members. whm 
[11:03:08] Trixta[Mhaura]: SR classic Looking for members. whm 
[11:03:42] Pasismyhoe[BastokMark]: Mars orb Do you need it? /tell
[11:04:05] Saryax[Mhaura]: Escha - Ru'Aun t2 Yilan Item Buy? Iris,Lathi,Emissary,Queller Rod,Arean/Vale legs,Grove/Jovian head
[11:04:46] Trixta[Mhaura]: SR classic Looking for members. whm 
[11:05:14] Rociel[BastokMine]: Carnage Elegy (Brd.59) Do you have it? , PST
[11:05:43] Trixta[Mhaura]: SR classic Looking for members. whm @5/6
[11:07:17] Trixta[Mhaura]: SR classic Looking for members. whm @5/6 
[11:07:33] Sirhenry[PortJeuno]: Voidfoot: COR Do you have it? /tell
[11:08:19] Kaldaek[PortJeuno]: regal gem Can I have it? /tell price Thank you.
[11:08:48] Saryax[Mhaura]: Escha - Ru'Aun t2 Yilan Item Buy? Iris,Lathi,Emissary,Queller Rod,Arean/Vale legs,Grove/Jovian head
[11:08:56] Alicis[Norg]: Reisenjima Escha - Ru'Aun Escha - Zi'Tah T1-T3 Equip/Clear Buy? /tell
[11:09:25] Peacho[EastAdoulin]: Regal Ring Sell? please /tell
[11:10:36] Sirhenry[PortJeuno]: Voidfoot: COR Do you have it? /tell
[11:10:53] Knobkierrie[LowJeuno]: Reikiko Buy? in pool now /tell
[11:11:46] Konstantinos[PortJeuno]: WOC KI Buy? send /tell
[11:13:39] Sirhenry[PortJeuno]: Voidfoot: COR Do you have it? /tell
[11:13:42] Jujunju[LowJeuno]: Job Points Do you need it? Buy? /tell *1 spot left*
[11:13:49] Peacho[EastAdoulin]: Regal Ring Sell? please /tell
[11:14:33] Alteredsoul[PortJeuno]: knobkierrie, kishar, utu grip Can I have it? Sell?
[11:14:41] Jujunju[LowJeuno]: Job Points Do you need it? Buy? /tell *1 spot left*
[11:14:47] Alicis[Mhaura]: Reisenjima Escha - Ru'Aun Escha - Zi'Tah T1-T3 Equip/Clear Buy? /tell
[11:15:06] Konstantinos[PortJeuno]: WOC KI Buy? send /tell
[11:16:35] Yso[LowJeuno]: Ashera Harness & Dagon Breastplate Sell? /tell Yso
[11:17:13] Peacho[EastAdoulin]: Regal Ring Sell? please /tell
[11:17:35] Bixbite[Mhaura]: Omen Kyou body Can I have it? Sell? 
[11:18:37] Oneok examines you.
[12:40:57] Truckie(washburn) is now online on Guildwork.
