[03:00:19] You have undertaken the limited-time Records of Eminence challenge á≤Physical Damage Kills.á≥
[03:17:54] Dudemanbro(E) : Where is the auction house
[03:23:49] Ô3Tanger(E) : Where are you ? 
[03:26:53] Dudemanbro(E) : got it thanks :)
[07:00:19] You have undertaken the limited-time Records of Eminence challenge á≤Vanquish Beasts.á≥
[08:23:21] Search result: Only one person found in the entire world.
[08:23:31] >>Mergis : kyou scale x4+ 3m each
[08:24:21] Mergis>> ok
[08:24:24] Mergis invites you to her party.
[08:24:59] (Mergis) hello
[08:25:02] JobChange: Changing main job to: RUN
[08:25:03] AzureSets Error: You are not a Blue Mage.
[08:25:03] Loaded RUN Battlemod filters
[08:25:03] React: Loading File: react_RUN.lua
[08:25:05] (Olymoly) Hello!
[08:25:05] *****DP Job Selection:RUN*****
[08:25:05] Mode: Default.
[08:25:16] findAll: Searching: :Olymoly run
[08:25:16] findAll: Olymoly/wardrobe: Grunfeld Rope
[08:25:16] findAll: Olymoly/satchel: P. RUN Card (32)
[08:25:16] findAll: Olymoly/safe2: Perun +1
[08:25:16] findAll: Olymoly/slip 16: Rune. Bandeau +1
[08:25:16] findAll: Olymoly/slip 16: Rune. Trousers +1
[08:25:16] findAll: Olymoly/slip 16: Runeist Bottes +1
[08:25:16] findAll: Olymoly/slip 16: Runeist Mitons +1
[08:25:16] findAll: Olymoly/slip 25: Runeist's Coat +3
[08:25:16] findAll: Olymoly/key items: runic disc
[08:25:16] findAll: Olymoly/key items: runic key
[08:25:16] findAll: Olymoly/key items: runic portal use permit
[08:25:16] findAll: Olymoly/key items: Brunhilde's feather
[08:25:16] findAll: Olymoly/key items: Bastok warp rune
[08:25:16] findAll: Olymoly/key items: Grunt Heard 'Round the World
[08:25:16] findAll: Olymoly/key items: Kazham warp rune
[08:25:16] findAll: Olymoly/key items: Kupofried's corundum
[08:25:16] findAll: Olymoly/key items: Kupofried's corundum
[08:25:16] findAll: Olymoly/key items: Kupofried's corundum
[08:25:16] findAll: Olymoly/key items: Mhaura warp rune
[08:25:16] findAll: Olymoly/key items: Nashmau warp rune
[08:25:16] findAll: Olymoly/key items: Norg warp rune
[08:25:16] findAll: Olymoly/key items: Rabao warp rune
[08:25:16] findAll: Olymoly/key items: San d'Oria warp rune
[08:25:16] findAll: Olymoly/key items: Selbina warp rune
[08:25:16] findAll: Olymoly/key items: Tavnazia warp rune
[08:25:16] findAll: Olymoly/key items: Whitegate warp rune
[08:25:16] findAll: Olymoly/key items: Windurst warp rune
[08:25:16] findAll: Olymoly/key items: job gesture: rune fencer
[08:25:16] findAll: Total: 59
[08:26:48] === Area: Mog Garden ===
[08:26:54] 1 star on your GPS crystal has come aglow.
[08:26:54] A total of 1535 stars twinkle softly inside your GPS crystal.
[08:26:54] The maximum number of people are already participating in Unity chat. Please try again later.
[08:26:55] findAll Notice: findAll has not detected a fully loaded inventory yet.
[08:27:00] findAll Notice: findAll has not detected a fully loaded inventory yet.
[08:27:00] findAll: Searching: rev
[08:27:00] findAll: Akilee/sack: Revival Root (86)
[08:27:00] findAll: Total: 86
[08:32:11] PorterPacker Notice: loaded file: Olymoly_RUN.lua
[08:32:12] You retrieve a runeist's coat +3 from the porter moogle's care.
[08:32:14] You retrieve a kaja grip from the porter moogle's care.
[08:32:15] You retrieve a Naegling from the porter moogle's care.
[08:32:16] You retrieve a runeist bandeau +1 from the porter moogle's care.
[08:32:17] You retrieve a pair of runeist mitons +1 from the porter moogle's care.
[08:32:17] You retrieve a pair of runeist trousers +1 from the porter moogle's care.
[08:32:18] You retrieve a pair of runeist bottes +1 from the porter moogle's care.
[08:32:19] You retrieve a futhark bandeau +1 from the porter moogle's care.
[08:32:20] You retrieve a futhark coat +1 from the porter moogle's care.
[08:32:20] You retrieve a pair of futhark mitons +1 from the porter moogle's care.
[08:32:21] You retrieve a pair of futhark trousers +1 from the porter moogle's care.
[08:32:21] You retrieve a pair of futhark boots +1 from the porter moogle's care.
[08:32:23] You retrieve an erilaz galea +1 from the porter moogle's care.
[08:32:23] You retrieve an erilaz surcoat +1 from the porter moogle's care.
[08:32:24] You retrieve a pair of erilaz leg guards +1 from the porter moogle's care.
[08:32:24] You retrieve a pair of erilaz greaves +1 from the porter moogle's care.
[08:32:26] You retrieve a pair of meghanada gloves +2 from the porter moogle's care.
[08:32:26] You retrieve a pair of meghanada chausses +2 from the porter moogle's care.
[08:32:26] You retrieve an ayanmo zucchetto +2 from the porter moogle's care.
[08:32:27] You retrieve an ayanmo corazza +2 from the porter moogle's care.
[08:32:27] You retrieve a pair of ayanmo gambieras +2 from the porter moogle's care.
[08:32:38] Itemizer Error: Item "carm. sc. mail +1" not found in Sack.
[08:32:38] Itemizer Error: Item "skaoi boots" not found in Case.
[08:32:38] Itemizer Error: Item "utu grip" not found in Locker.
[08:32:39] Itemizer Error: Item "reikiko" not found in Locker.
[08:32:39] Itemizer Error: Item "handler's earring +1" not found in Case.
[08:32:52] findAll: Searching: :Olymoly utu
[08:32:52] findAll: Olymoly/wardrobe4: Utu Grip
[08:32:52] findAll: Olymoly/key items: Atma of a Future Fabulous
[08:32:52] findAll: Total: 2
[08:32:56] findAll: Searching: :Olymoly reik
[08:32:56] findAll: Olymoly/wardrobe: Reiki Yotai
[08:32:56] findAll: Olymoly/wardrobe4: Reiki Cloak
[08:32:56] findAll: Total: 2
[08:33:05] findAll: Searching: :Olymoly Hand
[08:33:05] findAll: Olymoly/wardrobe3: Handler's Earring
[08:33:05] findAll: Olymoly/wardrobe3: Handler's Earring +1
[08:33:05] findAll: Olymoly/wardrobe4: Souv. Handsch. +1
[08:33:05] findAll: Olymoly/slip 02: Kng. Handschuhs
[08:33:05] findAll: Olymoly/key items: ossified gargouille hand
[08:33:05] findAll: Total: 5
[08:33:20] Weapons is now Epeolatry.
[08:33:44] The maximum number of people are already participating in Unity chat. Please try again later.
[08:33:44] This area is currently affected by the Super Kupower: á≤Boundary Busterá≥!
[08:33:44] This area is currently affected by the Super Kupower: á≤Bountiful Bazaará≥!
[08:33:44] This area is currently affected by the Super Kupower: á≤Crystal Caboodleá≥!
[08:34:02] === Area: Port San d'Oria ===
[08:34:08] Twitteringolive[SSandOria]: Ambuscade v1 vd win Do you need it? 3m/1run 5m/2run Buy? /tell
[08:34:10] The maximum number of people are already participating in Unity chat. Please try again later.
[08:34:10] This area is currently affected by the Super Kupower: á≤Boundary Busterá≥!
[08:34:10] This area is currently affected by the Super Kupower: á≤Bountiful Bazaará≥!
[08:34:10] This area is currently affected by the Super Kupower: á≤Crystal Caboodleá≥!
[08:34:14] Checkparam Error: The target is in /anon state.
[08:34:14] Olymoly examines you.
[08:34:19] Gukiom[BastokMark]: Abyssea empy Weapon Shop Item LV80 85 90 Do you need it? Buy? /tell
[08:34:19] Rehh[SSandOria]: Merit points 1m 1-50/0.5m 50-99/1.5m Reisenjima Fast Cast
[08:34:29] Feeooo[PSandOria]: Dho Gates Crab 500/2.5m master/10m Fast Cast
[08:34:34] Twitteringolive[SSandOria]: Ambuscade v1 vd win Do you need it? 3m/1run 5m/2run Buy? /tell
[08:34:36] Mergis[SSandOria]: Omen Kyou neck Earring Do you need it? Buy? /tell
[08:34:48] Biyiniyi[NSandOria]: Escha - Ru'AunReisenjimaabjWeapon ShopMercenaryUnity ConcordBuy?
[08:34:53] Knobkierrie[LowJeuno]: Selling Empy weaponsEmpyreanuÉFpon Abyssea item 50 50 75 Buy? PST
[08:34:55] Kimerzaa[PortWind]: Aeonic Weapon 3zone Clear Mind Mercenary Do you need it? Buy? 25M /tell 1/5
[08:34:59] Wakaat[BastokMine]: Outer Ra'Kaznar Apex Bat 500points/3mil Tachi: Jinpu geo*2 All Time Party /tell
[08:34:59] Zixxer[Mhaura]: Unity Concord Thu'ban farm Looking for members. healer, BRD, geo /tell @4 Novice ok!
[08:35:20] Aphocalypse[Rabao]: Odyssey T4 Boss  Bumba Clear Mind Do you need it? interest Buy? /tell
[08:35:35] Feeooo[PSandOria]: Dho Gates Crab 500/2.5m master/10m Fast Cast
[08:35:39] Rehh[SSandOria]: Merit points 1m 1-50/0.5m 50-99/1.5m Reisenjima Fast Cast
[08:35:41] Eeko[NSandOria]: Omen Niqmaddu Ring Shulmanu Collar Fu's Scale Do you need it? Buy? /tell
[08:35:44] Twitteringolive[SSandOria]: Ambuscade v1 vd win Do you need it? 3m/1run 5m/2run Buy? /tell
[08:35:49] Biyiniyi[NSandOria]: Escha - Ru'AunReisenjimaabjWeapon ShopMercenaryUnity ConcordBuy?
[08:35:53] Mergis[SSandOria]: Omen Kyou neck Earring Do you need it? Buy? /tell
[08:35:55] Kimerzaa[PortWind]: Aeonic Weapon 3zone Clear Mind Mercenary Do you need it? Buy? 25M /tell 1/5
[08:35:57] Zixxer[Mhaura]: Unity Concord Thu'ban farm Looking for members. healer, BRD, geo /tell @4 Novice ok!
[08:36:26] Twitteringolive[SSandOria]: Ambuscade v1 vd win Do you need it? 3m/1run 5m/2run Buy? /tell
[08:36:41] Feeooo[PSandOria]: Dho Gates Crab 500/2.5m master/10m Fast Cast
[08:36:49] Biyiniyi[NSandOria]: Escha - Ru'AunReisenjimaabjWeapon ShopMercenaryUnity ConcordBuy?
[08:36:50] Mergis[SSandOria]: Omen Kyou neck Earring Do you need it? Buy? /tell
[08:36:55] Kimerzaa[PortWind]: Aeonic Weapon 3zone Clear Mind Mercenary Do you need it? Buy? 25M /tell 1/5
[08:36:58] Gukiom[BastokMark]: Abyssea empy Weapon Shop Item LV80 85 90 Do you need it? Buy? /tell
[08:36:58] Knobkierrie[LowJeuno]: Selling Empy weaponsEmpyreanuÉFpon Abyssea item 50 50 75 Buy? PST
[08:37:38] Zixxer[Mhaura]: Unity Concord Thu'ban farm Looking for members. healer, BRD, geo /tell @4 Novice ok!
[08:37:41] Eeko[NSandOria]: Omen Niqmaddu Ring Shulmanu Collar Fu's Scale Do you need it? Buy? /tell
[08:37:47] Feeooo[PSandOria]: Dho Gates Crab 500/2.5m master/10m Fast Cast
[08:37:48] Biyiniyi[NSandOria]: Escha - Ru'AunReisenjimaabjWeapon ShopMercenaryUnity ConcordBuy?
[08:37:55] Kimerzaa[PortWind]: Aeonic Weapon 3zone Clear Mind Mercenary Do you need it? Buy? 25M /tell 1/5
[08:38:20] Zixxer[Mhaura]: Unity Concord Thu'ban farm Looking for members. healer, BRD, geo, /tell @4 Novice ok!
[08:38:49] Biyiniyi[NSandOria]: Escha - Ru'AunReisenjimaabjWeapon ShopMercenaryUnity ConcordBuy?
[08:38:54] Feeooo[PSandOria]: Dho Gates Crab 500/2.5m master/10m Fast Cast
[08:38:55] Kimerzaa[PortWind]: Aeonic Weapon 3zone Clear Mind Mercenary Do you need it? Buy? 25M /tell 1/5
[08:39:04] Knobkierrie[LowJeuno]: Selling Empy weaponsEmpyreanuÉFpon Abyssea item 50 50 75 Buy? PST
[08:39:07] Mergis[SSandOria]: Omen Kyou neck Earring Do you need it? Buy? /tell
[08:39:16] (Mergis) Kyou neck Earring Do you need it?
[08:39:29] (Olymoly) no
[08:39:41] Eeko[NSandOria]: Omen Niqmaddu Ring Shulmanu Collar Fu's Scale Do you need it? Buy? /tell
[08:39:49] Biyiniyi[NSandOria]: Escha - Ru'AunReisenjimaabjWeapon ShopMercenaryUnity ConcordBuy?
[08:39:49] Your character information is now shown.
[08:39:56] Kimerzaa[PortWind]: Aeonic Weapon 3zone Clear Mind Mercenary Do you need it? Buy? 25M /tell 1/5
[08:39:59] Feeooo[PSandOria]: Dho Gates Crab 500/2.5m master/10m Fast Cast
[08:40:33] Mergis[SSandOria]: Omen Kyou neck8m Earring6m Do you need it? Buy? /tell
[08:40:40] Gukiom[BastokMark]: Abyssea empy Weapon Shop Item LV80 85 90 Do you need it? Buy? /tell
[08:40:48] Biyiniyi[NSandOria]: Escha - Ru'AunReisenjimaabjWeapon ShopMercenaryUnity ConcordBuy?
[08:40:55] Kimerzaa[PortWind]: Aeonic Weapon 3zone Clear Mind Mercenary Do you need it? Buy? 25M /tell 1/5
[08:41:05] Feeooo[PSandOria]: Dho Gates Crab 500/2.5m master/10m Fast Cast
[08:41:09] Knobkierrie[LowJeuno]: Selling Empy weaponsEmpyreanuÉFpon Abyssea item 50 50 75 Buy? PST
[08:41:10] Twitteringolive[SSandOria]: Ambuscade v1 vd win Do you need it? 3m/1run 5m/2run Buy? /tell
[08:41:22] Mergis[SSandOria]: Omen Kyou neck8m Earring6m Do you need it? Buy? /tell
[08:41:40] Eeko[NSandOria]: Omen Niqmaddu Ring Shulmanu Collar Fu's Scale Do you need it? Buy? /tell
[08:41:45] Twitteringolive[SSandOria]: Ambuscade v1 vd win Do you need it? 3m/1run 5m/2run Buy? /tell
[08:41:48] Biyiniyi[NSandOria]: Escha - Ru'AunReisenjimaabjWeapon ShopMercenaryUnity ConcordBuy?
[08:41:55] Kimerzaa[PortWind]: Aeonic Weapon 3zone Clear Mind Mercenary Do you need it? Buy? 25M /tell 1/5
[08:42:11] Feeooo[PSandOria]: Dho Gates Crab 500/2.5m master/10m Fast Cast
[08:42:16] Mergis[SSandOria]: Omen Kyou neck8m Earring6m Do you need it? Buy? /tell
[08:42:46] Mergis[SSandOria]: Omen Kyou neck8m Earring6m Do you need it? Buy? /tell 
[08:42:49] Biyiniyi[NSandOria]: Escha - Ru'AunReisenjimaabjWeapon ShopMercenaryUnity ConcordBuy?
[08:42:55] Kimerzaa[PortWind]: Aeonic Weapon 3zone Clear Mind Mercenary Do you need it? Buy? 25M /tell 1/5
[08:43:06] Twitteringolive[SSandOria]: Ambuscade v1 vd win Do you need it? 3m/1run 5m/2run Buy? /tell
[08:43:13] Knobkierrie[LowJeuno]: Selling Empy weaponsEmpyreanuÉFpon Abyssea item 50 50 75 Buy? PST
[08:43:17] Feeooo[PSandOria]: Dho Gates Crab 500/2.5m master/10m Fast Cast
[08:43:26] Mergis[SSandOria]: Omen Kyou neck8m Do you need it? Buy? /tell 
[08:43:41] Eeko[NSandOria]: Omen Niqmaddu Ring Shulmanu Collar Fu's Scale Do you need it? Buy? /tell
[08:43:49] Biyiniyi[NSandOria]: Escha - Ru'AunReisenjimaabjWeapon ShopMercenaryUnity ConcordBuy?
[08:43:55] Kimerzaa[PortWind]: Aeonic Weapon 3zone Clear Mind Mercenary Do you need it? Buy? 25M /tell 1/5
[08:44:10] Mergis[SSandOria]: Omen Kyou neck8m Do you need it? Buy? /tell 
[08:44:11] Twitteringolive[SSandOria]: Ambuscade v1 vd win Do you need it? 3m/1run 5m/2run Buy? /tell
[08:44:15] Wakaat[BastokMine]: Outer Ra'Kaznar Apex Bat 500points/3mil Tachi: Jinpu geo*2 All Time Party /tell
[08:44:23] Feeooo[PSandOria]: Dho Gates Crab 500/2.5m master/10m Fast Cast
[08:44:36] You can't cast Teleport-Mea, attempting to use Dimensional Ring instead, /heal to cancel.
[08:44:49] Biyiniyi[NSandOria]: Escha - Ru'AunReisenjimaabjWeapon ShopMercenaryUnity ConcordBuy?
[08:44:49] Olymoly uses a dimensional ring (Mea).
[08:44:55] Kimerzaa[PortWind]: Aeonic Weapon 3zone Clear Mind Mercenary Do you need it? Buy? 25M /tell 1/5
[08:45:06] === Area: Tahrongi Canyon ===
[08:45:12] The maximum number of people are already participating in Unity chat. Please try again later.
[08:45:12] This area is currently affected by the Super Kupower: á≤Boundary Busterá≥!
[08:45:12] This area is currently affected by the Super Kupower: á≤Bountiful Bazaará≥!
[08:45:12] This area is currently affected by the Super Kupower: á≤Crystal Caboodleá≥!
[08:46:51] (Tommix) KI rdy, ill brb 5 min ok?
[08:47:09] (Mergis) ok
[08:49:10] superwarp: Entering Escha...
[08:49:17] === Area: Reisenjima ===
[08:49:24] The maximum number of people are already participating in Unity chat. Please try again later.
Shiftrix : What you want, Man?
[08:49:32] Shiftrix : What you want, Man?
[08:49:32] Shiftrix : What you want, Man?
[08:50:27] superwarp: Warping via Ethereal Ingress #1 to Reisenjima - 10.
Incantrix : Come to trade?
[08:50:39] Incantrix : Come to trade?
[08:50:39] Incantrix : Come to trade?
Incantrix : I's able to use my magic on your breath 3 more times.
[08:50:41] Incantrix : I's able to use my magic on your breath 3 more times.
[08:50:41] Incantrix : I's able to use my magic on your breath 3 more times.
Incantrix : Hm? You've already gots yourself a mystical canteen. Don't push your luck.
[08:50:42] Incantrix : Hm? You've already gots yourself a mystical canteen. Don't push your luck.
[08:50:42] Incantrix : Hm? You've already gots yourself a mystical canteen. Don't push your luck.
[08:51:37] (Mergis) we 10min start 
[08:53:49] findAll: Searching: :Olymoly kyou
[08:53:49] findAll: Olymoly/satchel: Kyou's Scale (3)
[08:53:49] findAll: Olymoly/key items: KyouÅfs bead
[08:53:49] findAll: Total: 4
[08:54:19] (Tommix) ok
[08:54:54] findAll: Searching: :Olymoly kyou
[08:54:54] findAll: Olymoly/satchel: Kyou's Scale (3)
[08:54:54] findAll: Olymoly/key items: KyouÅfs bead
[08:54:54] findAll: Total: 4
[08:55:02] findAll: Searching: :Olymoly brio
[08:55:02] findAll: Olymoly/slip 25: Brioso Cannions +3
[08:55:02] findAll: Olymoly/slip 25: Brioso Cuffs +3
[08:55:02] findAll: Olymoly/slip 25: Brioso Justau. +3
[08:55:02] findAll: Olymoly/slip 25: Brioso Roundlet +3
[08:55:02] findAll: Olymoly/slip 25: Brioso Slippers +3
[08:55:02] findAll: Total: 5
[08:55:08] findAll: Searching: :Olymoly geo
[08:55:08] findAll: Olymoly/wardrobe: Dudgeon Earring
[08:55:08] findAll: Olymoly/satchel: P. GEO Card (3)
[08:55:08] findAll: Olymoly/slip 15: Ignominy Burgeonet
[08:55:08] findAll: Olymoly/slip 17: Fallen's Burgeonet
[08:55:08] findAll: Olymoly/slip 20: Heathen's Burgeonet
[08:55:08] findAll: Olymoly/slip 24: Geo. Galero +2
[08:55:08] findAll: Olymoly/slip 24: Geomancy Pants +2
[08:55:08] findAll: Olymoly/slip 24: Geomancy Tunic +2
[08:55:08] findAll: Olymoly/slip 25: Geo. Mitaines +3
[08:55:08] findAll: Olymoly/slip 25: Geo. Sandals +3
[08:55:08] findAll: Olymoly/key items: geomagnetic compass
[08:55:08] findAll: Olymoly/key items: geomagnetron
[08:55:08] findAll: Olymoly/key items: Atma of the Bludgeoning Brute
[08:55:08] findAll: Olymoly/key items: job gesture: geomancer
[08:55:08] findAll: Total: 16
[08:55:17] findAll: Searching: :Olymoly rng
[08:55:17] findAll: Olymoly/satchel: P. RNG Card (217)
[08:55:17] findAll: Olymoly/sack: Raider's Bmrng.
[08:55:17] findAll: Total: 218
[09:13:35] Eucalypt pats Anryy consolingly.
[09:14:26] Sazuki applies a bandage to Elilin.
[09:15:35] Asyuran pokes Garuda.
