[23:15:22] Bruno(bruno) is now online on Guildwork.
[23:20:13] [2]<Azzriel> Hmmm. 
[23:20:20] Answering Machine>> Playing back all messages
[23:20:20] 1 exchange with Granpulse
[23:20:20] 18:52:10 Granpulse>> dynamis bastok clear Do you need it?
[23:20:20] 1 exchange with Kitsia
[23:20:20] 18:42:08 Kitsia>> are you there
[23:20:20] 23 exchanges with Azzriel
[23:20:20] 18:21:56 Azzriel>> you are deafen
[23:20:20] 18:35:17 Azzriel>> l i have about 13m left to sell
[23:20:20] 18:35:29 >>Azzriel : k
[23:20:20] 18:35:46 >>Azzriel : are you gonna have room for QM on this run ?
[23:20:20] 18:35:54 Azzriel>> yes
[23:20:20] 18:36:04 Azzriel>> 47 spaces atm
[23:20:20] 18:39:48 Azzriel>> lol he probably only mnk and sam
[23:20:20] 18:49:51 Azzriel>> invite
[23:20:20] 19:28:40 Azzriel>> invite
[23:20:20] 19:42:11 Azzriel>> invite
[23:20:20] 19:56:49 Azzriel>> invite
[23:20:20] 20:21:41 Azzriel>> invite
[23:20:20] 20:22:04 Azzriel>> invite
[23:20:20] 20:27:59 Azzriel>> invite
[23:20:20] 20:28:20 Azzriel>> invite
[23:20:20] 20:42:42 Azzriel>> invite
[23:20:20] 20:42:53 Azzriel>> invite
[23:20:20] 20:43:02 Azzriel>> invite
[23:20:20] 20:43:10 Azzriel>> invite
[23:20:20] 20:43:39 Azzriel>> invite
[23:20:20] 20:58:49 Azzriel>> invite
[23:20:20] 21:08:37 Azzriel>> invite
[23:20:20] 21:08:38 Azzriel>> invite
[23:20:20] 1 exchange with Azzeriel
[23:20:20] 18:34:57 Azzeriel>> i have about 13m left to sell
[23:20:20] 2 exchanges with Youngbull
[23:20:20] 19:00:19 Youngbull>> i did miss like 4 items  on the last trade last week
[23:20:20] 19:00:43 Youngbull>> was clearing space and you went afk XD
[23:20:20] 3 exchanges with Pepefrog
[23:20:20] 18:55:29 Pepefrog>> those fighting words
[23:20:20] 18:55:39 Pepefrog>> XD
[23:20:20] 18:55:43 >>Pepefrog : XD
[23:20:20] 130 exchanges with Longsnake
[23:20:20] 18:17:58 >>Longsnake : lemme know when you're back and we'll figure this out
[23:20:20] 18:18:41 >>Longsnake : hm march mad mad min min min scherzo lightII darkII?
[23:20:20] 18:20:16 Longsnake>> do HM vm mad mad
[23:20:20] 18:20:35 Longsnake>> when cc use scherzo
[23:20:20] 18:21:52 >>Longsnake : hm mad mad mar | light II      min min min scherzo | dark II
[23:20:20] 18:22:01 >>Longsnake : you should be able to keep your 5 songs up the whole time
[23:20:20] 18:22:10 >>Longsnake : but, if it drops... its just a carol they lose
[23:20:20] 18:22:48 Longsnake>> we are not use ing carol
[23:20:20] 18:23:01 Longsnake>> period
[23:20:20] 18:24:25 >>Longsnake : we could do etudes I suppose
[23:20:20] 18:25:05 >>Longsnake : you do paeons, I'll do minnes for dummies
[23:20:20] 18:25:25 >>Longsnake : it's cool, just sayin
[23:20:20] 18:25:42 >>Longsnake : okay
[23:20:20] 18:26:44 >>Longsnake : everything
[23:20:20] 18:27:49 >>Longsnake : okay
[23:20:20] 18:30:09 >>Longsnake : I'm good, this isn't my first rodeo
[23:20:20] 18:31:16 >>Longsnake : I'm good :D
[23:20:20] 18:31:59 >>Longsnake : we'll be fine
[23:20:20] 18:32:05 >>Longsnake : believe in us
[23:20:20] 18:32:11 Longsnake>> lol i do
[23:20:20] 19:18:17 >>Longsnake : those songs are diff than we said
[23:20:20] 19:18:33 >>Longsnake : I was on hm mar mad mad
[23:20:20] 19:18:40 Longsnake>> dummies
[23:20:20] 19:18:46 >>Longsnake : okay
[23:20:20] 19:19:03 Longsnake>> just hold
[23:20:20] 19:19:25 Longsnake>> 05
[23:20:20] 19:19:35 Longsnake>> no nitro
[23:20:20] 19:19:35 Longsnake>> no nitro
[23:20:20] 19:20:35 Longsnake>> just do your pt songs for now
[23:20:20] 19:21:09 Longsnake>> we goign straight to boss
[23:20:20] 19:22:00 Longsnake>> dyummy for dead
[23:20:20] 19:22:29 Longsnake>> 20
[23:20:20] 19:22:32 Longsnake>> nitro
[23:20:20] 19:22:36 >>Longsnake : my nitro is gone
[23:20:20] 19:22:40 >>Longsnake : I went when you said at 05
[23:20:20] 19:23:21 Longsnake>> time 
[23:20:20] 19:23:21 Longsnake>> time 
[23:20:20] 19:23:29 >>Longsnake : 6m recast
[23:20:20] 19:23:35 Longsnake>> ok im at 9
[23:20:20] 19:23:54 >>Longsnake : do our parties through this guy then we'll start then
[23:20:20] 19:26:03 Longsnake>> they never did this before lol
[23:20:20] 19:26:14 >>Longsnake : yeah this is... unique
[23:20:20] 19:27:16 Longsnake>> drop
[23:20:20] 19:30:00 >>Longsnake : my nitro is up
[23:20:20] 19:30:09 Longsnake>> go
[23:20:20] 19:30:38 >>Longsnake : done
[23:20:20] 19:38:22 >>Longsnake : 2m on nitro
[23:20:20] 19:40:16 >>Longsnake : want me to do advancing or you do advancing
[23:20:20] 19:40:24 Longsnake>> ill do it
[23:20:20] 19:40:30 >>Longsnake : okay
[23:20:20] 19:40:47 >>Longsnake : I'm ready
[23:20:20] 19:41:04 Longsnake>> dummyes
[23:20:20] 19:41:26 Longsnake>> 15
[23:20:20] 19:49:44 >>Longsnake : 2m
[23:20:20] 19:52:38 Longsnake>> 55
[23:20:20] 19:53:11 Longsnake>> going
[23:20:20] 19:53:11 Longsnake>> going
[23:20:20] 19:53:40 >>Longsnake : done
[23:20:20] 19:53:47 Longsnake>> weakened timers
[23:20:20] 20:01:10 >>Longsnake : 2m10s
[23:20:20] 20:01:32 Longsnake>> ok im resinging my songs before i drop
[23:20:20] 20:01:44 Longsnake>> or rather before i do nitro
[23:20:20] 20:01:45 >>Longsnake : same
[23:20:20] 20:02:32 Longsnake>> nitro on next pull
[23:20:20] 20:04:31 Longsnake>> going
[23:20:20] 20:15:54 Longsnake>> ready?
[23:20:20] 20:16:08 >>Longsnake : should do on next pull
[23:20:20] 20:16:14 Longsnake>> they will sack
[23:20:20] 20:20:15 >>Longsnake : ready
[23:20:20] 20:20:36 Longsnake>> going
[23:20:20] 20:21:13 >>Longsnake : done
[23:20:20] 20:21:44 Longsnake>> dropped
[23:20:20] 20:23:15 Longsnake>> my damn songs wore as i was singing o.O
[23:20:20] 20:23:15 Longsnake>> my damn songs wore as i was singing o.O
[23:20:20] 20:23:28 Longsnake>> this pt has paeon
[23:20:20] 20:23:29 Longsnake>> this pt has paeon
[23:20:20] 20:24:00 >>Longsnake : yeah, it should be one. because I thought i was in Nurze's
[23:20:20] 20:24:14 Longsnake>> ok switch
[23:20:20] 20:25:04 >>Longsnake : songs in that group didn't get nitro'd
[23:20:20] 20:25:24 Longsnake>> in my pt?
[23:20:20] 20:25:34 >>Longsnake : yeah, my songs didn't
[23:20:20] 20:25:38 Longsnake>> ok
[23:20:20] 20:26:51 Longsnake>> resing
[23:20:20] 20:26:54 Longsnake>> nq
[23:20:20] 20:27:54 Longsnake>> droping
[23:20:20] 20:31:14 Longsnake>> singing nq
[23:20:20] 20:31:39 >>Longsnake : we should put 10 dummies up when we CC / SV first
[23:20:20] 20:31:41 >>Longsnake : then swap with nitro
[23:20:20] 20:32:08 Longsnake>> they dont wait that long lol
[23:20:20] 20:32:16 >>Longsnake : we tell them to
[23:20:20] 20:32:30 >>Longsnake : and it's probably easier if we sing NQs > swap > NQs > nitros
[23:20:20] 20:32:30 Longsnake>> they wont* wait that long lol
[23:20:20] 20:32:34 >>Longsnake : that way we don't have to rush wit hnitro
[23:20:20] 20:32:38 >>Longsnake : yes they will
[23:20:20] 20:32:45 >>Longsnake : plus, we have plenty of time
[23:20:20] 20:32:52 >>Longsnake : we could lose CC and it really won't matter
[23:20:20] 20:35:19 Longsnake>> nq swap
[23:20:20] 20:35:20 Longsnake>> nq swap
[23:20:20] 20:35:50 >>Longsnake : nq done, droppping
[23:20:20] 20:41:55 Longsnake>> nitro now
[23:20:20] 20:44:52 >>Longsnake : I FIGURED IT THE FUCK OUT
[23:20:20] 20:44:58 >>Longsnake : my dummy setting for daur isn't working
[23:20:20] 20:45:10 Longsnake>> lol
[23:20:20] 20:51:43 >>Longsnake : let's CC x5 minne x5 paeon on both groups then SV nitro
[23:20:20] 20:51:49 >>Longsnake : since they're engaged anyways
[23:20:20] 20:52:08 >>Longsnake : 1m on nitro anyways
[23:20:20] 20:52:17 Longsnake>> mine is up waiting on you
[23:20:20] 20:52:19 >>Longsnake : I'll do paeons
[23:20:20] 20:52:23 >>Longsnake : going
[23:20:20] 20:53:06 Longsnake>> cc up
[23:20:20] 20:53:09 >>Longsnake : paeons done
[23:20:20] 20:53:11 Longsnake>> going
[23:20:20] 20:53:30 >>Longsnake : go
[23:20:20] 20:55:42 >>Longsnake : well they fucked that up royally
[23:20:20] 20:56:39 Longsnake>> i told you they dont listen
[23:20:20] 20:56:54 >>Longsnake : I can still nitro SV
[23:20:20] 20:57:05 Longsnake>> and you shouldnt try change the plan
[23:20:20] 20:57:25 >>Longsnake : your sv nitro is down?
[23:20:20] 20:57:39 Longsnake>> i called it and used it
[23:20:20] 20:58:06 >>Longsnake : swap
[23:20:20] 20:58:35 >>Longsnake : drop
[23:20:20] 21:04:32 Longsnake>> nitro up?
[23:20:20] 21:04:32 Longsnake>> nitro up?
[23:20:20] 21:04:51 >>Longsnake : 3m
[23:20:20] 21:07:35 Longsnake>> let me know when nitro up  should be soon
[23:20:20] 21:07:44 >>Longsnake : it's up
[23:20:20] 21:07:51 Longsnake>> nitro at 15
[23:20:20] 21:08:30 >>Longsnake : done
[23:20:20] 21:10:21 Longsnake>> finale
[23:20:20] 21:10:21 Longsnake>> finale
[23:20:20] 6 exchanges with Geriond
[23:20:20] 21:21:54 Geriond>> who was in your party?
[23:20:20] 21:22:09 Geriond>> metsuko young gerion dev gashnir and?
[23:20:20] 21:22:18 >>Geriond : that Xx whm
[23:20:20] 21:22:24 Geriond>> kk
[23:20:20] 21:22:26 Geriond>> ty
[23:20:20] 21:22:26 >>Geriond : Xxpoure
[23:20:20] 1 exchange with Azzreil
[23:20:20] 18:35:10 Azzreil>> l i have about 13m left to sell
[23:20:20] 12 exchanges with Nurzejoy
[23:20:20] 18:23:33 Nurzejoy>> invite
[23:20:20] 18:50:01 Nurzejoy>> invite
[23:20:20] 19:31:10 Nurzejoy>> invite
[23:20:20] 19:54:11 Nurzejoy>> invite
[23:20:20] 20:05:00 Nurzejoy>> invite
[23:20:20] 20:05:11 Nurzejoy>> invite
[23:20:20] 20:05:12 Nurzejoy>> invite
[23:20:20] 20:24:22 Nurzejoy>> invite
[23:20:20] 20:35:56 Nurzejoy>> invite
[23:20:20] 20:54:00 Nurzejoy>> invite
[23:20:20] 21:05:40 Nurzejoy>> invite
[23:20:20] 21:21:43 Nurzejoy>> Gather together.?
[23:20:20] 6 exchanges with Odysseuss
[23:20:20] 18:54:41 Odysseuss>> blurple
[23:20:20] 18:54:52 >>Odysseuss : :D i got asked to DD 
[23:20:20] 18:54:59 Odysseuss>> cor is a DD!
[23:20:20] 18:59:01 Odysseuss>> better than you
[23:20:20] 19:11:06 Odysseuss>> smh lol
[23:20:20] 20:08:10 Odysseuss>> lol
[23:20:25] [2]<Pompz> ?
[23:20:32] [2]<Azzriel> i dont wanna do stuff but ppl want me to ;(
[23:20:40] [2]<Pompz> i will go >.>
[23:20:45] [2]<Pompz> i need stuffs to do
[23:20:55] [2]<Azzriel> i have a vagary guy for you if you wanna set it up ?
[23:21:10] [2]<Pompz> which zone?
[23:21:11] [2]<Azzriel> 5 mil for clears of all the zones he offered
[23:21:19] [2]<Pompz> each clear o.o
[23:21:28] [2]<Azzriel> boys is selling them all clears for 3 mil all zones
[23:21:34] [2]<Azzriel> no 5 mil for all clears
[23:21:41] [2]<Azzriel> not each
[23:21:47] [2]<Pompz> have yall done weekly vags yet?
[23:21:50] Appearance locked to equipment set 21.
[23:21:51] The apperance of your Idris was unable to be locked.
[23:21:52] [2]<Pompz> we can just do that?
[23:21:52] [2]<Azzriel> nah
[23:21:55] Unable to find the Idris.
[23:21:55] Unable to find the joiner's aspis.
[23:21:55] Unable to find the Midras's helm +1.
[23:21:55] Unable to find the thatch boots.
[23:21:55] Set #21 equipped.
[23:22:19] [2]<Azzriel> i guess i could shout for more buyers if we have crushing crew on hand
[23:22:25] [2]<Azzriel> Steal from boys
[23:22:37] [2]<Pompz> do it i can do geo +sch
[23:22:37] [2]<Odysseuss> pepe and i are doing ambu :D
[23:22:44] [2]<Pompz> >.>
[23:22:46] [2]<Onmitsu> he's definitely in love with you
[23:22:49] [2]<Onmitsu> as often as he shouts about you
[23:22:56] [2]<Azzriel> ya man he always talking about me
[23:23:07] Appearance locked to equipment set 21.
[23:23:12] Unable to find the Midras's helm +1.
[23:23:12] Unable to find the thatch boots.
[23:23:12] Set #21 equipped.
[23:23:21] [2]<Onmitsu> and according to him i'm a 350 pound homo
[23:23:24] [2]<Pompz> i need more work XD
[23:23:28] [2]<Azzriel> lol
[23:23:45] === Area: Port Jeuno ===
[23:23:53] The maximum number of people are already participating in Unity chat. Please try again later.
[23:23:53] This area is currently affected by the Super Kupower: ｲMartial Masterｳ!
[23:23:53] This area is currently affected by the Super Kupower: ｲTreasure Houndｳ!
[23:23:53] This area is currently affected by the Super Kupower: ｲDilatory Digestionｳ!
[23:24:17] Badwhm[NSandOria]: Job Points Do you need it? Outer Ra'Kaznar Camp Buy? /tell interest /details
[23:24:42] Konstantinos[SSandOria]: Riftborn Boulder Pluton (G-9) 
[23:24:50] Guilanuuilla[Mhaura]: Ambuscade vol.1 d master Veteran run/blu /tell 5/6
[23:24:52] Azeran[WestAdoulin]: Escha - Ru'Aun  valebody  abj.  in pool    Buy?  /tell
[23:25:27] Badwhm[NSandOria]: Job Points Do you need it? Outer Ra'Kaznar Camp Buy? /tell interest /details
[23:25:28] Guilanuuilla[Mhaura]: Ambuscade vol.1 d master Veteran run/blu /tell 5/6
[23:25:35] Stuffandthings[BastokMine]: WTB Alexandrite 5k Buying in small quantities and in bulk~ /tell
[23:25:51] Azeran[WestAdoulin]: Escha - Ru'Aun  Valebody  abj.  in pool    Buy?  /tell  3m
[23:26:49] Carnivorall[RuLudeGard]: WTB hookers and cocaine~ buying in small quantities and in bulk
[23:27:02] Badwhm[NSandOria]: Job Points Do you need it? Outer Ra'Kaznar Camp Buy? /tell interest /details
[23:27:02] Elberrreth[NSandOria]: cocaine is bad mnkay
[23:27:05] Sevenfins[WestAdoulin]: Which one is in bulk?
[23:27:32] Konstantinos[SSandOria]: Riftborn Boulder Pluton (G-9) 
[23:27:35] Kriptoknightt[RuLudeGard]: htb the warriors path normal Do you need it?, mizu necklace lock.
[23:27:51] Lynxll[Mhaura]: Capacity Points Do you need it? Can I have it? RDM/GEO/BLM40%~~ 2/6
[23:28:43] Badwhm[NSandOria]: Job Points Do you need it? Outer Ra'Kaznar Camp Buy? /tell interest /details
[23:28:43] Edgarolafwrwrkw[SSandOria]: 增增i ｆｆｘｉｓｈｏｐ.ｃｏｍ ）★ REAL huge stock for instant delivery ◆ use "Nov1111" for extra bonus!★★
[23:29:55] Gashnir[Mhaura]: Omen Fu Can I have it? Paladin Rune Fencer Ranger Corsair Bard Geomancer /tell
[23:30:08] Badwhm[NSandOria]: Job Points Do you need it? Outer Ra'Kaznar Camp Buy? /tell interest /details
[23:30:51] Edgarolafwrwrkw[SSandOria]: 增增i ｆｆｘｉｓｈｏｐ.ｃｏｍ ）★ REAL huge stock for instant delivery ◆ use "Nov1111" for extra bonus!★★
[23:30:55] Lynxll[Mhaura]: Capacity Points Do you need it? Can I have it? RDM/GEO/BLM40%~~ 2/6
[23:31:00] Gashnir[Mhaura]: Omen Fu Can I have it? Paladin Rune Fencer Ranger Corsair Bard Geomancer /tell
[23:31:10] Badwhm[NSandOria]: Job Points Do you need it? Outer Ra'Kaznar Camp Buy? /tell interest /details
[23:31:30] Edgarolafwrwrkw[SSandOria]: 增增i ｆｆｘｉｓｈｏｐ.ｃｏｍ ）★ REAL huge stock for instant delivery ◆ use "Nov1111" for extra bonus!★★
[23:31:53] Azeran[WestAdoulin]: Escha - Ru'Aun Yemaya belt-  Shinryubody  Abj.    in pool   Buy?  /tell
[23:32:06] Gashnir[Mhaura]: Omen Fu Can I have it? Paladin Rune Fencer Ranger Corsair Bard Geomancer /tell
[23:32:11] Edgarolafwrwrkw[SSandOria]: 增增i ｆｆｘｉｓｈｏｐ.ｃｏｍ ）★ REAL huge stock for instant delivery ◆ use "Nov1111" for extra bonus!★★
[23:32:34] Azeran[WestAdoulin]: Escha - Ru'Aun     Yemaya belt -  Shinryubody  Abj.    in pool   Buy?  /tell
[23:32:41] Konstantinos[SSandOria]: Riftborn Boulder Pluton (G-9) 
[23:32:42] Badwhm[NSandOria]: Job Points Do you need it? Outer Ra'Kaznar Camp Buy? /tell interest /details
[23:33:38] Badwhm[NSandOria]: Job Points x500 Do you need it? Outer Ra'Kaznar Camp Buy? /tell interest /details
[23:33:47] Lynxll[Mhaura]: Capacity Points Do you need it? Can I have it? RDM/GEO/BLM40%~~ 2/6
[23:33:53] Azeran[WestAdoulin]: Escha - Ru'Aun Yemaya belt-  Shinryubody  Abj.    in pool   Buy?  /tell
[23:35:04] Badwhm[NSandOria]: Job Points x500 Do you need it? Outer Ra'Kaznar Camp Buy? /tell interest /details
[23:35:26] Lynxll[Mhaura]: Capacity Points Do you need it? Can I have it? RDM/GEO/BLM40%~~ 2/6
[23:35:36] Capitan[PortJeuno]: Riftcinder Do you need it? Bazaar (G-8)
[23:36:21] Capitan[PortJeuno]: Riftcinder, H-P Bayld Do you need it? Bazaar (G-8)
[23:36:46] Badwhm[NSandOria]: Job Points x500 Do you need it? Outer Ra'Kaznar Camp Buy? /tell interest /details
[23:37:03] Amiekay[PortJeuno]: VagarySynthesis MaterialsDo you need it?(F-8)
[23:37:23] Capitan[PortJeuno]: Riftcinder, H-P Bayld Do you need it? Bazaar 
[23:37:37] Biopolitics[WindWoods]: Pitchfork / Pitchfork +1 / Spectral Mount: Do you need it? Help me out! Team up?
[23:37:49] Lynxll[Mhaura]: Capacity Points Do you need it? Can I have it? Heal/GEO/BLM40%~~ 2/6
[23:38:17] Bixbite[Mhaura]: Ambuscade Vol D Looking for members. master Puppetmaster 
[23:38:32] Badwhm[NSandOria]: Job Points x500 Do you need it? Outer Ra'Kaznar Camp Buy? /tell interest /details
[23:39:25] Capitan[PortJeuno]: Riftcinder, H-P Bayld Do you need it? Bazaar 
[23:39:32] Lynxll[Mhaura]: Capacity Points Do you need it? Can I have it? Heal/GEO/BLM40%~~ 2/6
[23:40:19] Badwhm[NSandOria]: Job Points x500 Do you need it? Outer Ra'Kaznar Camp Buy? /tell interest /details
[23:40:47] Stuffandthings[BastokMine]: WTB Alexandrite 5k Buying in small quantities and in bulk~ /tell
[23:41:01] [2]<Azzriel> what is the easyiest first whm trust to get in the game ? kupipi i assume ?
[23:41:07] Lynxll[Mhaura]: Capacity Points Do you need it? Can I have it? Heal/GEO/BLM40%~~ 2/6
[23:41:33] Badwhm[NSandOria]: Job Points x500 Do you need it? Outer Ra'Kaznar Camp Buy? /tell interest /details
[23:41:41] Capitan[PortJeuno]: Riftcinder, H-P Bayld Do you need it? Bazaar 
[23:42:21] [2]<Pompz> kupipi or unity apururu
[23:42:34] Badwhm[NSandOria]: Job Points x500 Do you need it? Outer Ra'Kaznar Camp Buy? /tell interest /details
[23:42:41] Lynxll[Mhaura]: Capacity Points Do you need it? Can I have it? Heal/GEO/BLM40%~~ 2/6  
[23:43:36] Badwhm[NSandOria]: Job Points x500 Do you need it? Outer Ra'Kaznar Camp Buy? /tell interest /details
[23:43:44] Capitan[WindWoods]: Riftcinder, H-P Bayld Do you need it? Bazaar 
[23:44:18] [2]<Longsnake> headed back to Bastok Markets HP2
[23:44:19] Buukki[PortJeuno]: Pluton Sell? -- 4,000G -- @3125 Please assist. /tell
[23:44:58] Buukki[PortJeuno]: Pluton Sell? -- 4,000G -- @3125 Please assist. /tell
[23:45:29] Badwhm[NSandOria]: Job Points x500 Do you need it? Outer Ra'Kaznar Camp Buy? /tell interest /details
[23:45:33] Lynxll[Mhaura]: Capacity Points Do you need it? Can I have it? Heal/GEO/BLM40%~~ 2/6  
[23:46:23] Capitan[WindWoods]: Riftcinder, H-P Bayld Do you need it? Bazaar 
[23:46:33] Badwhm[NSandOria]: Job Points x500 Do you need it? Outer Ra'Kaznar Camp Buy? /tell interest /details
[23:46:52] [2]<Azzriel> oh accolades capped
[23:46:54] Lynxll[Mhaura]: Capacity Points Do you need it? Can I have it? Heal/GEO/BLM40%~~ 3/6  
[23:46:54] [2]<Olymoly> payment for 11/1 are ready
[23:46:55] Buukki[PortJeuno]: Pluton Sell? -- 4,000G -- @3125 Please assist. /tell
[23:47:00] Bixbite[Mhaura]: Ambuscade Vol D Looking for members. master Puppetmaster 
[23:47:02] Amiekay[PortJeuno]: VagarySynthesis MaterialsDo you need it?(F-8)
[23:47:02] [2]<Azzriel> think i'm gonna spam myself soon
[23:47:13] Search result: 0 people found in all known areas.
[23:47:16] [2]<Azzriel> Azrael getting low on those 
[23:47:17] Search result: 0 people found in all known areas.
[23:47:21] Search result: 0 people found in all known areas.
[23:47:25] Search result: Only one person found in the entire world.
[23:47:29] Search result: Only one person found in the entire world.
[23:47:35] Search result: 0 people found in all known areas.
[23:47:41] Badwhm[NSandOria]: Job Points x500 Do you need it? Outer Ra'Kaznar Camp Buy? /tell interest /details
[23:47:51] Buukki[PortJeuno]: Pluton Sell? -- 4,000G -- @3125 Please assist. /tell
[23:48:19] Noscrilla[Nashmau]: Heavy Metal Can I have it? 50k each You can have this. /tell
[23:48:39] Kazrot[WestAdoulin]: Looking for members. Dho Gates CP TP Burn  ("DD-Cor"), BRD-3song+, GEO-875skill+, Cure
[23:48:46] Lynxll[Mhaura]: Capacity Points Do you need it? Can I have it? Heal/GEO/BLM40%~~ 3/6  
[23:48:48] Badwhm[NSandOria]: Job Points x500 Do you need it? Outer Ra'Kaznar Camp Buy? /tell interest /details
[23:49:18] Glitz[WestAdoulin]: Ambuscade v1e Looking for members.
[23:49:28] Buukki[PortJeuno]: Pluton Sell? -- 4,000G -- @3125 Please assist. /tell
[23:49:53] Bixbite[Mhaura]: Ambuscade Volume One D Looking for members. master Puppetmaster
[23:50:23] Capitan[WindWoods]: Riftcinder, H-P Bayld Do you need it? Bazaar 
[23:50:37] Glitz[WestAdoulin]: Ambuscade v1e Looking for members. dd, Support Job Healing Magic
[23:50:54] Lynxll[Mhaura]: Capacity Points Do you need it? Can I have it? Heal/GEO/BLM40%~~ 3/6  
[23:51:20] Badwhm[NSandOria]: Job Points x500 Do you need it? Outer Ra'Kaznar Camp Buy? /tell interest /details
[23:51:45] Buukki[PortJeuno]: Pluton Sell? -- 4,000G -- @3125 Please assist. /tell
[23:52:03] Glitz[WestAdoulin]: Ambuscade v1e Looking for members. Support Job Healing Magic 4/6
[23:52:16] Lynxll[Mhaura]: Capacity Points Do you need it? Can I have it? Heal/GEO/BLM40%~~ 3/6  
[23:52:29] Ralky[SSandOria]: any super Thief wanna make 1.5m fast?  
[23:52:58] Kazrot[WestAdoulin]: Looking for members. Dho Gates CP TP Burn  ("DD-Cor"), BRD-3song+, GEO-875skill+, Cure
[23:53:02] Ladyofhonor[BastokMine]: Define "fast"
[23:53:28] Badwhm[NSandOria]: Job Points x500 Do you need it? Outer Ra'Kaznar Camp Buy? /tell interest /details
[23:53:47] Crowned[PortJeuno]: Omen Kei Mercenary Do you need it? Lugalbanda Earring, Ammurapi Shield Middle Boss Item Buy?
[23:53:53] Buukki[PortJeuno]: Pluton Sell? -- 4,000G -- @3125 Please assist. /tell
[23:54:21] Lynxll[Mhaura]: Capacity Points Do you need it? Can I have it? Heal/GEO/BLM40%~~ 3/6  
[23:54:43] Glitz[WestAdoulin]: Ambuscade v1e Looking for members Healing Magic 5/6
[23:55:34] Badwhm[NSandOria]: Job Points x500 Do you need it? Outer Ra'Kaznar Camp Buy? /tell interest /details
[23:55:39] Crowned[PortJeuno]: Omen Kei Mercenary Do you need it? Lugalbanda Earring 15m, Ammurapi Shield 13m Middle Boss Item Buy?
[23:55:42] Buukki[PortJeuno]: Pluton Sell? -- 4,000G -- @3125 Please assist. /tell
[23:55:55] Bixbite[Mhaura]: Ambuscade Volume One D Looking for members. master Puppetmaster 2/5
[23:55:55] Sasumi[Whitegate]: Sarameya/Tyger pop itemSell? /tell
[23:55:57] Glitz[WestAdoulin]: Ambuscade v1e Looking for members Healing Magic 5/6
[23:56:29] Lynxll[Mhaura]: Capacity Points Do you need it? Can I have it? Heal/GEO/BLM40%~~ 3/6  
[23:56:41] [2]<Azzriel> i'm gonna spam a few delve i think before bed
[23:56:50] Badwhm[NSandOria]: Job Points x500 Do you need it? Outer Ra'Kaznar Camp Buy? /tell interest /details
[23:56:51] [2]<Azzriel> maybe 1 round if anyone wanna join
[23:57:01] Amiekay[PortJeuno]: VagarySynthesis MaterialsDo you need it?(F-8)
[23:57:07] Glitz[WestAdoulin]: Ambuscade v1e Looking for members Healing Magic 5/6
[23:57:08] Crowned[PortJeuno]: Omen Middle Boss Item Buy? ammo x
[23:57:40] Buukki[PortJeuno]: Pluton Sell? -- 4,000G -- @3125 Please assist. /tell
[23:58:16] Buukki[PortJeuno]: Pluton Sell? -- 4,000G -- @3064 Please assist. /tell
[23:58:20] Lynxll[Mhaura]: Capacity Points Do you need it? Can I have it? Heal/GEO/BLM40%~~ 3/6  
[23:58:20] Glitz[WestAdoulin]: Ambuscade v1e Looking for members Healing Magic 5/6
[23:58:39] Angoya's title: Grand Greedalox
[23:58:39] Checkparam Error: The target is in /anon state.
[23:58:50] You offer to trade with Worldkiller.
[23:58:50] Buukki[PortJeuno]: Pluton Sell? -- 4,000G -- @3064 Please assist. /tell
[23:59:03] Crowned[PortJeuno]: Omen Middle Boss Item Buy? ammo x pendant x
[23:59:20] Deatkrox[Mhaura]: H-P Bayld Do you need it? 8k each Bazaar Please check it.
[23:59:24] Trade complete.
[23:59:30] Buukki[PortJeuno]: Pluton Sell? -- 4,000G -- @3064 Please assist. /tell
[23:59:38] [2]<Longsnake> Bztavian wing, Rockfin fin, Gabbrath horn
[23:59:38] Shishimura's title: Serket Breaker
[23:59:38] Shishimura: <PLD/WAR>
[23:59:38]  [enmity] 36
[23:59:38]  [damage taken] -24
[23:59:38]  [physical damage taken] -6
[23:59:38]  [magic damage taken] nil
[23:59:38]  [spell inturruption rate] nil
[23:59:38]  [pharanx] nil
[23:59:38]  [cure potency] nil
[23:59:38]  [fastcast] nil
[23:59:52] Lynxll[Mhaura]: Capacity Points Do you need it? Can I have it? Heal/GEO/BLM40%~~ 3/6  
[23:59:55] Nennius: <SAM/WAR>
[23:59:55] Nennius's title: Kin Kicker
[23:59:55]  [store tp] 52
[23:59:55]  [double attack] 21
[23:59:55]  [triple attack] 16
[23:59:55]  [quadruple attack] nil
[23:59:55]  [weapon skill damage] nil
