[21:19:32] === Area: Port San d'Oria ===
[21:19:32] *****DP Job Selection:WHM*****
[21:19:32] Mode: Magic.
[21:19:32]  White = Can not cast.
[21:19:32]  Green = Casting Range
[21:19:32] React: Loading File: react_WHM.lua
[21:19:34] Size already 20.
[21:19:34] ConsoleBG: Position changed! X: 15 Y: 50
[21:19:38] <<< Welcome to Asura! >>>
[21:19:38] Announcing the winning numbers for the 20th Vana'versary Nomad Mog Bonanza!
[21:19:38] 
[21:19:38]  
[21:19:38] 
[21:19:38] Rank 3 prize: "7" (last digit)-- 20,471 winners.
[21:19:38] 
[21:19:38] Rank 2 prize: "04" (last two digits)-- 2,010 winners.
[21:19:38] 
[21:19:38] Rank 1 prize: "854" (all three digits)-- 185 winners.
[21:19:38] 
[21:19:38] *The number of winners for each prize is a combined total from all worlds.
[21:19:38] 
[21:19:38]  
[21:19:38] 
[21:19:38] Collection period: On July 14, 2022 at 1:00 (PDT) / 8:00 (GMT) to July 31, at 7:59 (PDT) / 14:59 (GMT)
[21:19:38] 
[21:19:38] Details on the prize can be confirmed by speaking to a Bonanza Moogle at one of the following locations:
[21:19:38] 
[21:19:38] Port San d'Oria (I-9) / Port Bastok (L-8) / Port Windurst (F-6) / Chocobo Circuit (H-8)
[21:19:39] Chakuka[BastokMine]: Dynamis - Bastok D Looking for members. /tell @7/12
[21:19:40] You have undertaken the limited-time Records of Eminence challenge ‡²Vanquish Undead.‡³
[21:19:40] The July 2022 Login Campaign is currently underway!
[21:19:40] 
[21:19:40] The maximum number of people are already participating in Unity chat. Please try again later.
[21:19:40] In celebration of your most recent login (login no. 14), we have provided you with 100 points!
[21:19:40] You currently have a total of 3300 points.
[21:19:40] We hope you enjoy this complimentary little gift, courtesy of the citizens of Vana'diel!
[21:19:40] Obtained: Special gobbiedial key.
[21:19:44] Aoora[PortBastok]: Ambuscade V.1 VD Do you need it? 4m/run Buy?
[21:19:48] Wintur[BastokMine]: will pay any geo that leaves chakuka's pt to join me, 5m
[21:19:58] Eunnaa[PortBastok]: Ambuscade V.1 VD Do you need it? 4M Buy? /tell
[21:20:02] Shmilywowo[BastokMark]: Escha - Zi'Tah Escha - Ru'Aun Reisenjima T1T2T3 ALL Item ABJ Telos Earring Reiki Yotai Do you need it? /tell Buy? 
[21:20:08] Erioll[RuLudeGard]: Dynamis - Jeuno D Middle Boss Clear Mind + 5k+ RP Do you need it? 1.5M /tell Starting in 14 mins
[21:20:09] Executing logout in 30 seconds.
[21:20:09] Cancel healing to remain logged in.
[21:20:10] Masxiaosan[LowJeuno]: Telos Earring Reiki Yotai Do you need it? /tell Buy? 
[21:20:12] Blkuyfvd[BastokMine]: Sell abyssea empy Weapon Shop Item LV80 85 90 Do you need it? /tell
[21:20:13] Executing logout in 25 seconds.
[21:20:13] Cancel healing to remain logged in.
[21:20:13] Ksods[Mhaura]: Ambuscade V.1 VD Do you need it? 4M Buy?
[21:20:18] Executing logout in 20 seconds.
[21:20:18] Cancel healing to remain logged in.
[21:20:23] Executing logout in 15 seconds.
[21:20:23] Cancel healing to remain logged in.
[21:20:28] Executing logout in 10 seconds.
[21:20:28] Cancel healing to remain logged in.
[21:20:33] Executing logout in 5 seconds.
[21:20:33] Cancel healing to remain logged in.
