[11:46:00] === Area: Port San d'Oria ===
[11:46:00] *****DP Job Selection:WHM*****
[11:46:00] Mode: Magic.
[11:46:00]  White = Can not cast.
[11:46:00]  Green = Casting Range
[11:46:00] React: Loading File: react_WHM.lua
[11:46:02] Size already 20.
[11:46:02] ConsoleBG: Position changed! X: 15 Y: 50
[11:46:07] <<< Welcome to Asura! >>>
[11:46:07] Announcing the winning numbers for the 20th Vana'versary Nomad Mog Bonanza!
[11:46:07] 
[11:46:07]  
[11:46:07] 
[11:46:07] Rank 3 prize: "7" (last digit)-- 20,471 winners.
[11:46:07] 
[11:46:07] Rank 2 prize: "04" (last two digits)-- 2,010 winners.
[11:46:07] 
[11:46:07] Rank 1 prize: "854" (all three digits)-- 185 winners.
[11:46:07] 
[11:46:07] *The number of winners for each prize is a combined total from all worlds.
[11:46:07] 
[11:46:07]  
[11:46:07] 
[11:46:07] Collection period: On July 14, 2022 at 1:00 (PDT) / 8:00 (GMT) to July 31, at 7:59 (PDT) / 14:59 (GMT)
[11:46:07] 
[11:46:07] Details on the prize can be confirmed by speaking to a Bonanza Moogle at one of the following locations:
[11:46:07] 
[11:46:07] Port San d'Oria (I-9) / Port Bastok (L-8) / Port Windurst (F-6) / Chocobo Circuit (H-8)
[11:46:08] You have undertaken the limited-time Records of Eminence challenge ｲVanquish Arcana.ｳ
[11:46:08] The maximum number of people are already participating in Unity chat. Please try again later.
[11:46:08] The July 2022 Login Campaign is currently underway!
[11:46:08] 
[11:46:08] In celebration of your most recent login (login no. 17), we have provided you with 100 points!
[11:46:08] You currently have a total of 3600 points.
[11:46:08] We hope you enjoy this complimentary little gift, courtesy of the citizens of Vana'diel!
[11:46:09] Obtained: Special gobbiedial key.
[11:46:26] Shmilywowo[BastokMark]: Escha - Zi'Tah Escha - Ru'Aun Reiki Yotai T1T2T3 ALL Item ABJ Reiki Yotai Telos Earring Do you need it? /tell  
[11:46:32] Cyberops[PortJeuno]: Pinga Tunic +1 25mil Chirich Ring +1 10mil Do you need it? Bazaar
[11:46:40] Aoora[PortBastok]: Ambuscade V.1 VD Do you need it? Buy? 3m/run
[11:46:41] Kimgaeonic[BastokMark]: Aeonic/ioniッkuuェpon 3zone Clear Mind Do you need it? Buy? 50M /tell 1/4
[11:46:42] Avel[Norg]: ┏┳('Д')segmentsｃ １回いきませんかー？ ShieldorBRD １名Recruiting中ー
[11:46:45] Masxiaosan[LowJeuno]: Telos Earring Reiki Yotai Do you need it? /tell Buy? 
[11:46:50] Ksods[Mhaura]: Ambuscade V.1 VD Do you need it? 3M/runs Buy? /tell
[11:46:56] Eunnaa[PortBastok]: Ambuscade V.1 VD Do you need it? 3M Buy? /tell
[11:46:58] Odyesnm[BastokMine]: Odyssey T3 Ngai Clear Mind Do you need it? Buy? going 5 minues 
[11:47:19] Avel[Norg]: ┏┳('Д')segmentsｃ １回いきませんかー？ ShieldorBRD １名Recruiting中ー
[11:47:24] Mrscaliy[PortJeuno]: cheap spheres Bazaar (G-8)
[11:47:28] Shmilywowo[BastokMark]: Escha - Zi'Tah Escha - Ru'Aun Reiki Yotai T1T2T3 ALL Item ABJ Reiki Yotai Telos Earring Do you need it? /tell  
[11:47:46] Aoora[PortBastok]: Ambuscade V.1 VD Do you need it? Buy? 3m/run
[11:47:47] Masxiaosan[LowJeuno]: Telos Earring Reiki Yotai Do you need it? /tell Buy? 
[11:47:56] Ksods[Mhaura]: Ambuscade V.1 VD Do you need it? 3M/runs Buy? /tell
[11:47:59] Odyesnm[BastokMine]: Odyssey T3 Ngai Clear Mind Do you need it? Buy? going 5 minues 
[11:48:02] Eunnaa[PortBastok]: Ambuscade V.1 VD Do you need it? 3M Buy? /tell
[11:48:10] Avel[Norg]: ┏┳('Д')segmentsｃ １回いきませんかー？ ShieldorBRD １名Recruiting中ー
[11:48:11] Kimgaeonic[BastokMark]: Aeonic/ioniッkuuェpon 3zone Clear Mind Do you need it? Buy? 50M /tell 1/4
Habitox : Oho, ya feelin' lucky 'nough tah takes a stab at da myst'ry box?
[11:48:16] Habitox : Oho, ya feelin' lucky 'nough tah takes a stab at da myst'ry box?
[11:48:16] Habitox : Oho, ya feelin' lucky 'nough tah takes a stab at da myst'ry box?
Habitox : Ya wanna open dat sucker up? Okay, but which dial ya be wantin'?
[11:48:17] Habitox : Ya wanna open dat sucker up? Okay, but which dial ya be wantin'?
[11:48:17] Habitox : Ya wanna open dat sucker up? Okay, but which dial ya be wantin'?
Habitox : So ya be wantin' the special dial?M'kay, get yerself all steeled up, 'cause here we go! 'Member, no complaints!
[11:48:20] Habitox : So ya be wantin' the special dial?
[11:48:20] 　M'kay, get yerself all steeled up, 'cause here we go! 'Member, no complaints!
[11:48:20] Habitox : So ya be wantin' the special dial?
[11:48:20] 　M'kay, get yerself all steeled up, 'cause here we go! 'Member, no complaints!
Habitox : Dis box is full o' myst'ries,♪Dat span da realm's his'try,♪So whatcha gonna get from da chest...o'...uh, fortunery?♪
[11:48:21] Habitox : Dis box is full o' myst'ries,♪
[11:48:21] 　Dat span da realm's his'try,♪
[11:48:21] 　So whatcha gonna get from da chest...o'...uh, fortunery?♪
[11:48:21] Habitox : Dis box is full o' myst'ries,♪
[11:48:21] 　Dat span da realm's his'try,♪
[11:48:21] 　So whatcha gonna get from da chest...o'...uh, fortunery?♪
Habitox : Oooh, looks at what popped out! I hopes it makes yer adventures dat much more adventumarous!
[11:48:25] Habitox : Oooh, looks at what popped out! I hopes it makes yer adventures dat much more adventumarous!
[11:48:25] Habitox : Oooh, looks at what popped out! I hopes it makes yer adventures dat much more adventumarous!
[11:48:25] Jocror[BastokMark]: Sarameya Tinnin Tyger win Item x3 Do you need it? Buy? /tell Thank you.
[11:48:29] Obtained: Steam clock.
[11:48:29] You have used 50 points of your daily tally!
[11:48:30] Shmilywowo[BastokMark]: Escha - Zi'Tah Escha - Ru'Aun Reiki Yotai T1T2T3 ALL Item ABJ Reiki Yotai Telos Earring Do you need it? /tell  
[11:48:33] Executing logout in 30 seconds.
[11:48:33] Cancel healing to remain logged in.
[11:48:37] Executing logout in 25 seconds.
[11:48:37] Cancel healing to remain logged in.
[11:48:41] Executing logout in 20 seconds.
[11:48:41] Cancel healing to remain logged in.
[11:48:46] Executing logout in 15 seconds.
[11:48:46] Cancel healing to remain logged in.
[11:48:49] Masxiaosan[LowJeuno]: Telos Earring Reiki Yotai Do you need it? /tell Buy? 
[11:48:52] Executing logout in 10 seconds.
[11:48:52] Cancel healing to remain logged in.
[11:48:52] Aoora[PortBastok]: Ambuscade V.1 VD Do you need it? Buy? 3m/run
[11:48:56] Executing logout in 5 seconds.
[11:48:56] Cancel healing to remain logged in.
[11:49:01] Odyesnm[BastokMine]: Odyssey T3 Ngai Clear Mind Do you need it? Buy? going 5 minues 
[11:49:02] Ksods[Mhaura]: Ambuscade V.1 VD Do you need it? 3M/runs Buy? /tell
[11:59:37] === Area: Port San d'Oria ===
[11:59:37] *****DP Job Selection:WHM*****
[11:59:37] Mode: Magic.
[11:59:37]  White = Can not cast.
[11:59:37]  Green = Casting Range
[11:59:37] React: Loading File: react_WHM.lua
[11:59:40] Size already 20.
[11:59:40] ConsoleBG: Position changed! X: 15 Y: 50
[11:59:40] Loaded WHM Battlemod filters
[11:59:44] <<< Welcome to Asura! >>>
[11:59:44] Announcing the winning numbers for the 20th Vana'versary Nomad Mog Bonanza!
[11:59:44] 
[11:59:44]  
[11:59:44] 
[11:59:44] Rank 3 prize: "7" (last digit)-- 20,471 winners.
[11:59:44] 
[11:59:44] Rank 2 prize: "04" (last two digits)-- 2,010 winners.
[11:59:44] 
[11:59:44] Rank 1 prize: "854" (all three digits)-- 185 winners.
[11:59:44] 
[11:59:44] *The number of winners for each prize is a combined total from all worlds.
[11:59:44] 
[11:59:44]  
[11:59:44] 
[11:59:44] Collection period: On July 14, 2022 at 1:00 (PDT) / 8:00 (GMT) to July 31, at 7:59 (PDT) / 14:59 (GMT)
[11:59:44] 
[11:59:44] Details on the prize can be confirmed by speaking to a Bonanza Moogle at one of the following locations:
[11:59:44] 
[11:59:44] Port San d'Oria (I-9) / Port Bastok (L-8) / Port Windurst (F-6) / Chocobo Circuit (H-8)
[11:59:52] Aoora[PortBastok]: Ambuscade V.1 VD Do you need it? Buy? 3m/run
Habitox : Oho, ya feelin' lucky 'nough tah takes a stab at da myst'ry box?
[11:59:53] Habitox : Oho, ya feelin' lucky 'nough tah takes a stab at da myst'ry box?
[11:59:53] Habitox : Oho, ya feelin' lucky 'nough tah takes a stab at da myst'ry box?
Habitox : Ya wanna open dat sucker up? Okay, but which dial ya be wantin'?
[11:59:55] Habitox : Ya wanna open dat sucker up? Okay, but which dial ya be wantin'?
[11:59:55] Habitox : Ya wanna open dat sucker up? Okay, but which dial ya be wantin'?
[11:59:55] Shmilywowo[BastokMark]: Escha - Zi'Tah Escha - Ru'Aun Reiki Yotai T1T2T3 ALL Item ABJ Reiki Yotai Telos Earring Do you need it? /tell  
Habitox : So ya be wantin' the special dial?Whoawhoawhoa! Get yer grubby hands offa that! I's already opened one fer ya today! Haul that keister outta here and come back t'morrow.
[11:59:57] Habitox : So ya be wantin' the special dial?
[11:59:57] Habitox : So ya be wantin' the special dial?
[11:59:59] 
[11:59:59] 　Whoawhoawhoa! Get yer grubby hands offa that! I's already opened one fer ya today! Haul that keister outta here and come back t'morrow.
[11:59:59] 
[11:59:59] 　Whoawhoawhoa! Get yer grubby hands offa that! I's already opened one fer ya today! Haul that keister outta here and come back t'morrow.
[12:00:11] Kimgaeonic[BastokMark]: Aeonic/ioniッkuuェpon 3zone Clear Mind Do you need it? Buy? 50M /tell 1/4
[12:00:14] Masxiaosan[LowJeuno]: Telos Earring Reiki Yotai Do you need it? /tell Buy? 
[12:00:25] Executing logout in 30 seconds.
[12:00:25] Cancel healing to remain logged in.
[12:00:25] Iily[Whitegate]: znm T4 Sarameya Tinnin Tyger Item and win Do you need it? Buy?
[12:00:29] Executing logout in 25 seconds.
[12:00:29] Cancel healing to remain logged in.
[12:00:34] Executing logout in 20 seconds.
[12:00:34] Cancel healing to remain logged in.
[12:00:39] Executing logout in 15 seconds.
[12:00:39] Cancel healing to remain logged in.
[12:00:44] Executing logout in 10 seconds.
[12:00:44] Cancel healing to remain logged in.
[12:00:49] Executing logout in 5 seconds.
[12:00:49] Cancel healing to remain logged in.
