[13:42:36] === Area: Port San d'Oria ===
[13:42:36] *****DP Job Selection:WHM*****
[13:42:36] Mode: Magic.
[13:42:36]  White = Can not cast.
[13:42:36]  Green = Casting Range
[13:42:36] React: Loading File: react_WHM.lua
[13:42:38] Size already 20.
[13:42:38] ConsoleBG: Position changed! X: 15 Y: 50
[13:42:42] Ronstadt[Mhaura]: Master Level Party Crawlers' Nest [S] Looking for members. COR SMN GEO SCH BLM /tell @3/6
[13:42:43] <<< Welcome to Asura! >>>
[13:42:43] Announcing the winning numbers for the 20th Vana'versary Nomad Mog Bonanza!
[13:42:43] 
[13:42:43]  
[13:42:43] 
[13:42:43] Rank 3 prize: "7" (last digit)-- 20,471 winners.
[13:42:43] 
[13:42:43] Rank 2 prize: "04" (last two digits)-- 2,010 winners.
[13:42:43] 
[13:42:43] Rank 1 prize: "854" (all three digits)-- 185 winners.
[13:42:43] 
[13:42:43] *The number of winners for each prize is a combined total from all worlds.
[13:42:43] 
[13:42:43]  
[13:42:43] 
[13:42:43] Collection period: On July 14, 2022 at 1:00 (PDT) / 8:00 (GMT) to July 31, at 7:59 (PDT) / 14:59 (GMT)
[13:42:43] 
[13:42:43] Details on the prize can be confirmed by speaking to a Bonanza Moogle at one of the following locations:
[13:42:43] 
[13:42:43] Port San d'Oria (I-9) / Port Bastok (L-8) / Port Windurst (F-6) / Chocobo Circuit (H-8)
[13:42:44] You have undertaken the limited-time Records of Eminence challenge ｲMagic Damage Kills.ｳ
[13:42:44] The July 2022 Login Campaign is currently underway!
[13:42:44] 
[13:42:44] In celebration of your most recent login (login no. 13), we have provided you with 100 points!
[13:42:44] You currently have a total of 3200 points.
[13:42:44] We hope you enjoy this complimentary little gift, courtesy of the citizens of Vana'diel!
[13:42:44] Obtained: Special gobbiedial key.
[13:42:50] Rsdgwrg : Buy And Sell FF11 Gil At  WVVW.P2PAH.COM   1000K =0.5$..yqe
[13:43:00] Kupoluver[LowJeuno]: Master Level Party Do you need it? Looking for members. /tell
[13:43:02] Fczjst[PSandOria]: Omen FU Shulmanu Collar Middleboss Do you need it? Buy?tell
Habitox : Oho, ya feelin' lucky 'nough tah takes a stab at da myst'ry box?
[13:43:03] Habitox : Oho, ya feelin' lucky 'nough tah takes a stab at da myst'ry box?
[13:43:03] Habitox : Oho, ya feelin' lucky 'nough tah takes a stab at da myst'ry box?
Habitox : Ya wanna open dat sucker up? Okay, but which dial ya be wantin'?
[13:43:08] Habitox : Ya wanna open dat sucker up? Okay, but which dial ya be wantin'?
[13:43:08] Habitox : Ya wanna open dat sucker up? Okay, but which dial ya be wantin'?
Habitox : So ya be wantin' the special dial?M'kay, get yerself all steeled up, 'cause here we go! 'Member, no complaints!
[13:43:12] Habitox : So ya be wantin' the special dial?
[13:43:12] 　M'kay, get yerself all steeled up, 'cause here we go! 'Member, no complaints!
[13:43:12] Habitox : So ya be wantin' the special dial?
[13:43:12] 　M'kay, get yerself all steeled up, 'cause here we go! 'Member, no complaints!
Habitox : Dis box is full o' myst'ries,♪Dat span da realm's his'try,♪So whatcha gonna get from da chest...o'...uh, fortunery?♪
[13:43:13] Habitox : Dis box is full o' myst'ries,♪
[13:43:13] 　Dat span da realm's his'try,♪
[13:43:13] 　So whatcha gonna get from da chest...o'...uh, fortunery?♪
[13:43:13] Habitox : Dis box is full o' myst'ries,♪
[13:43:13] 　Dat span da realm's his'try,♪
[13:43:13] 　So whatcha gonna get from da chest...o'...uh, fortunery?♪
Habitox : Oooh, looks at what popped out! I hopes it makes yer adventures dat much more adventumarous!
[13:43:17] Habitox : Oooh, looks at what popped out! I hopes it makes yer adventures dat much more adventumarous!
[13:43:17] Habitox : Oooh, looks at what popped out! I hopes it makes yer adventures dat much more adventumarous!
[13:43:21] Obtained: Sphene.
[13:43:21] You have used 50 points of your daily tally!
[13:43:22] Yanran[LowJeuno]: Odyssey T3 Kalunga V0 Clear Mind Looking for COR BRD Heavy(SB DD). /tell Yanran @4 Thank you.
[13:43:27] Executing logout in 30 seconds.
[13:43:27] Cancel healing to remain logged in.
[13:43:30] Executing logout in 25 seconds.
[13:43:30] Cancel healing to remain logged in.
[13:43:34] Ronstadt[Mhaura]: Master Level Party Crawlers' Nest [S] Looking for members. COR SMN GEO SCH BLM RDMmb /tell @3/6
[13:43:36] Executing logout in 20 seconds.
[13:43:36] Cancel healing to remain logged in.
[13:43:40] Executing logout in 15 seconds.
[13:43:40] Cancel healing to remain logged in.
[13:43:41] Rsdgwrg : Buy And Sell FF11 Gil At  WVVW.P2PAH.COM   1000K =0.5$..ffu
[13:43:41] Fczjst[PSandOria]: Omen FU Shulmanu Collar Middleboss Do you need it? Buy?tell
[13:43:45] Executing logout in 10 seconds.
[13:43:45] Cancel healing to remain logged in.
[13:43:47] Aeschreaskytpse[SSandOria]:  ｆｆｘｉｐａｌ.ｃｏｍ, GET FAST DELIVERY!★REMA/SU5/Item/gil/Gil/  Discount ->"July2022"
[13:43:51] Executing logout in 5 seconds.
[13:43:51] Cancel healing to remain logged in.
[13:43:54] {Sylvie} Oh wow, good job, everyone! That Azi Dahaka guy in Escha - Zi'Tah is all beaten up. I think we won! Yay!
[13:43:55] {Sylvie} Currently, we have taken down 8318 monsters in a row, which gives us a not-so-shabby total of 115937 monsters defeated.
