[16:49:41] === Area: Port San d'Oria ===
[16:49:41] *****DP Job Selection:WHM*****
[16:49:41] Mode: Magic.
[16:49:41]  White = Can not cast.
[16:49:41]  Green = Casting Range
[16:49:42] React: Loading File: react_WHM.lua
[16:49:44] Size already 20.
[16:49:44] ConsoleBG: Position changed! X: 15 Y: 50
[16:49:48] <<< Welcome to Asura! >>>
[16:49:48] Announcing the winning numbers for the 20th Vana'versary Nomad Mog Bonanza!
[16:49:48] 
[16:49:48]  
[16:49:48] 
[16:49:48] Rank 3 prize: "7" (last digit)-- 20,471 winners.
[16:49:48] 
[16:49:48] Rank 2 prize: "04" (last two digits)-- 2,010 winners.
[16:49:48] 
[16:49:48] Rank 1 prize: "854" (all three digits)-- 185 winners.
[16:49:48] 
[16:49:48] *The number of winners for each prize is a combined total from all worlds.
[16:49:48] 
[16:49:48]  
[16:49:48] 
[16:49:48] Collection period: On July 14, 2022 at 1:00 (PDT) / 8:00 (GMT) to July 31, at 7:59 (PDT) / 14:59 (GMT)
[16:49:48] 
[16:49:48] Details on the prize can be confirmed by speaking to a Bonanza Moogle at one of the following locations:
[16:49:48] 
[16:49:48] Port San d'Oria (I-9) / Port Bastok (L-8) / Port Windurst (F-6) / Chocobo Circuit (H-8)
[16:49:49] You have undertaken the limited-time Records of Eminence challenge ｲSpoils (Seals).ｳ
[16:49:49] The July 2022 Login Campaign is currently underway!
[16:49:49] 
[16:49:49] In celebration of your most recent login (login no. 16), we have provided you with 100 points!
[16:49:49] You currently have a total of 3500 points.
[16:49:50] We hope you enjoy this complimentary little gift, courtesy of the citizens of Vana'diel!
[16:49:50] Obtained: Special gobbiedial key.
[16:49:53] Saruno[SSandOria]: AssaultLebros CavernLebros Supplies Looking for members.
[16:50:13] Narnok[Norg]: CP Party LF1M Cor/Geo/AoE dd cleaving :) PST
[16:50:52] Benoistndkugwui[PSandOria]:  ｆｆｘｉｐａｌ.ｃｏｍ, GET FAST DELIVERY!★REMA/SU5/Item/gil/Gil/  Discount ->"vip05"
[16:50:53] Saruno[SSandOria]: AssaultLebros CavernLebros Supplies Looking for members.2/?
Habitox : Oho, ya feelin' lucky 'nough tah takes a stab at da myst'ry box?
[16:50:59] Habitox : Oho, ya feelin' lucky 'nough tah takes a stab at da myst'ry box?
[16:50:59] Habitox : Oho, ya feelin' lucky 'nough tah takes a stab at da myst'ry box?
[16:51:11] Bragruk[RuLudeGard]: Kukulkan's Skin x2 Do you need it? 3.5M /tell
Habitox : Ya wanna open dat sucker up? Okay, but which dial ya be wantin'?
[16:51:23] Habitox : Ya wanna open dat sucker up? Okay, but which dial ya be wantin'?
[16:51:23] Habitox : Ya wanna open dat sucker up? Okay, but which dial ya be wantin'?
[16:51:23] Narnok[Norg]: CP Party LF1M Support/AoE dd cleaving :) PST
Habitox : So ya be wantin' the special dial?M'kay, get yerself all steeled up, 'cause here we go! 'Member, no complaints!
[16:51:26] Habitox : So ya be wantin' the special dial?
[16:51:26] 　M'kay, get yerself all steeled up, 'cause here we go! 'Member, no complaints!
[16:51:26] Habitox : So ya be wantin' the special dial?
[16:51:26] 　M'kay, get yerself all steeled up, 'cause here we go! 'Member, no complaints!
Habitox : Dis box is full o' myst'ries,♪Dat span da realm's his'try,♪So whatcha gonna get from da chest...o'...uh, fortunery?♪
[16:51:27] Habitox : Dis box is full o' myst'ries,♪
[16:51:27] 　Dat span da realm's his'try,♪
[16:51:27] 　So whatcha gonna get from da chest...o'...uh, fortunery?♪
[16:51:27] Habitox : Dis box is full o' myst'ries,♪
[16:51:27] 　Dat span da realm's his'try,♪
[16:51:27] 　So whatcha gonna get from da chest...o'...uh, fortunery?♪
Habitox : Oooh, looks at what popped out! I hopes it makes yer adventures dat much more adventumarous!
[16:51:31] Habitox : Oooh, looks at what popped out! I hopes it makes yer adventures dat much more adventumarous!
[16:51:31] Habitox : Oooh, looks at what popped out! I hopes it makes yer adventures dat much more adventumarous!
[16:51:35] Obtained: Woodworking kit 25.
[16:51:35] You have used 50 points of your daily tally!
[16:51:56] Saruno[Mhaura]: AssaultLebros CavernLebros Supplies Looking for members.2/? PST
[16:52:19] Narnok[Norg]: CP Party LF1M Support/AoE dd cleaving :) PST
Habitox : Oho, ya feelin' lucky 'nough tah takes a stab at da myst'ry box?
[16:52:23] Habitox : Oho, ya feelin' lucky 'nough tah takes a stab at da myst'ry box?
[16:52:23] Habitox : Oho, ya feelin' lucky 'nough tah takes a stab at da myst'ry box?
Habitox : Ya wanna open dat sucker up? Okay, but which dial ya be wantin'?
[16:52:24] Habitox : Ya wanna open dat sucker up? Okay, but which dial ya be wantin'?
[16:52:24] Habitox : Ya wanna open dat sucker up? Okay, but which dial ya be wantin'?
[16:52:29] Executing logout in 30 seconds.
[16:52:29] Cancel healing to remain logged in.
[16:52:33] Executing logout in 25 seconds.
[16:52:33] Cancel healing to remain logged in.
[16:52:38] Executing logout in 20 seconds.
[16:52:38] Cancel healing to remain logged in.
[16:52:43] Executing logout in 15 seconds.
[16:52:43] Cancel healing to remain logged in.
[16:52:48] Executing logout in 10 seconds.
[16:52:48] Cancel healing to remain logged in.
[16:52:53] Executing logout in 5 seconds.
[16:52:53] Cancel healing to remain logged in.
