[17:41:33] === Area: Port San d'Oria ===
[17:41:33] *****DP Job Selection:WHM*****
[17:41:33] Mode: Magic.
[17:41:33]  White = Can not cast.
[17:41:33]  Green = Casting Range
[17:41:33] React: Loading File: react_WHM.lua
[17:41:35] Size already 20.
[17:41:35] ConsoleBG: Position changed! X: 15 Y: 50
[17:41:39] <<< Welcome to Asura! >>>
[17:41:39] Announcing the winning numbers for the 20th Vana'versary Nomad Mog Bonanza!
[17:41:39] 
[17:41:39]  
[17:41:39] 
[17:41:39] Rank 3 prize: "7" (last digit)-- 20,471 winners.
[17:41:39] 
[17:41:39] Rank 2 prize: "04" (last two digits)-- 2,010 winners.
[17:41:39] 
[17:41:39] Rank 1 prize: "854" (all three digits)-- 185 winners.
[17:41:39] 
[17:41:39] *The number of winners for each prize is a combined total from all worlds.
[17:41:39] 
[17:41:39]  
[17:41:39] 
[17:41:39] Collection period: On July 14, 2022 at 1:00 (PDT) / 8:00 (GMT) to July 31, at 7:59 (PDT) / 14:59 (GMT)
[17:41:39] 
[17:41:39] Details on the prize can be confirmed by speaking to a Bonanza Moogle at one of the following locations:
[17:41:39] 
[17:41:40] Port San d'Oria (I-9) / Port Bastok (L-8) / Port Windurst (F-6) / Chocobo Circuit (H-8)
[17:41:41] You have undertaken the limited-time Records of Eminence challenge ｲVanquish Vermin.ｳ
[17:41:41] The July 2022 Login Campaign is currently underway!
[17:41:41] 
[17:41:41] The maximum number of people are already participating in Unity chat. Please try again later.
[17:41:41] In celebration of your most recent login (login no. 15), we have provided you with 100 points!
[17:41:41] You currently have a total of 3400 points.
[17:41:41] We hope you enjoy this complimentary little gift, courtesy of the citizens of Vana'diel!
[17:41:41] Obtained: Special gobbiedial key.
Habitox : Oho, ya feelin' lucky 'nough tah takes a stab at da myst'ry box?
[17:41:51] Habitox : Oho, ya feelin' lucky 'nough tah takes a stab at da myst'ry box?
[17:41:51] Habitox : Oho, ya feelin' lucky 'nough tah takes a stab at da myst'ry box?
Habitox : Ya wanna open dat sucker up? Okay, but which dial ya be wantin'?
[17:41:52] Habitox : Ya wanna open dat sucker up? Okay, but which dial ya be wantin'?
[17:41:52] Habitox : Ya wanna open dat sucker up? Okay, but which dial ya be wantin'?
Habitox : So ya be wantin' the special dial?M'kay, get yerself all steeled up, 'cause here we go! 'Member, no complaints!
[17:41:55] Habitox : So ya be wantin' the special dial?
[17:41:55] 　M'kay, get yerself all steeled up, 'cause here we go! 'Member, no complaints!
[17:41:55] Habitox : So ya be wantin' the special dial?
[17:41:55] 　M'kay, get yerself all steeled up, 'cause here we go! 'Member, no complaints!
Habitox : Dis box is full o' myst'ries,♪Dat span da realm's his'try,♪So whatcha gonna get from da chest...o'...uh, fortunery?♪
[17:41:56] Habitox : Dis box is full o' myst'ries,♪
[17:41:56] 　Dat span da realm's his'try,♪
[17:41:56] 　So whatcha gonna get from da chest...o'...uh, fortunery?♪
[17:41:56] Habitox : Dis box is full o' myst'ries,♪
[17:41:56] 　Dat span da realm's his'try,♪
[17:41:56] 　So whatcha gonna get from da chest...o'...uh, fortunery?♪
[17:41:56] Nbehaari[SSandOria]: Seeking Bonecraft crafter! PST
Habitox : Oooh, looks at what popped out! I hopes it makes yer adventures dat much more adventumarous!
[17:42:00] Habitox : Oooh, looks at what popped out! I hopes it makes yer adventures dat much more adventumarous!
[17:42:00] Habitox : Oooh, looks at what popped out! I hopes it makes yer adventures dat much more adventumarous!
[17:42:03] Obtained: Durium ingot.
[17:42:03] You have used 50 points of your daily tally!
[17:42:27] Executing logout in 30 seconds.
[17:42:27] Cancel healing to remain logged in.
[17:43:02] Redwoods[Norg]: WTB * Mars/Venus orb 2.5M * Do you have it? Sell?
[17:43:08] Cyberops[PortJeuno]: Chirich Ring +1 10mil Pinga Tunic +1 25mil Do you need it? Bazaar
[17:43:10] Odysseuss[Rabao]: They might get rid of the rmt bots in yell but not the associated accounts doing the ezfarm pts or other content
[17:44:18] Anigav[Mhaura]: Sarameya znm trial 2693 kill x3 Can I have it? Sell? pst
[17:44:41] Nbehaari[SSandOria]: Seeking Crafter! Bone(91+) Gold(60) Smithing(39) PST 
[17:44:42] Twistedsoul[PSandOria]: naw they didnt get rid of the rmt, its just shift change
[17:45:25] Benoistndkugwui[PSandOria]:  ｆｆｘｉｐａｌ.ｃｏｍ, GET FAST DELIVERY!★REMA/SU5/Item/gil/Gil/  Discount ->"vip05"
[17:45:41] Koatsa[RuLudeGard]: damn i thought i was going to be able to grab a few mobs
[17:46:53] Yanjan[Mhaura]: Ambuscade Vol.1 VD Looking for BRD(SB) COR(SB) WHM RDM Heavy DD /tell Yanjan @4
[17:47:01] Redwoods[Norg]: WTB * Mars/Venus orb 2.5M * Do you have it? Sell?
[17:47:47] Yanjan[Mhaura]: Ambuscade Vol.1 VD Looking for COR(SB) RDM /tell Yanjan @4
[17:48:14] Redwoods[Norg]: WTB * Mars/Venus orb 2.5M * Do you have it? Sell?
[17:48:15] Benoistndkugwui[PSandOria]:  ｆｆｘｉｐａｌ.ｃｏｍ, GET FAST DELIVERY!★REMA/SU5/Item/gil/Gil/  Discount ->"vip05"
[17:48:28] Anigav[WestAdoulin]: Sarameya znm trial 2693 kill x3 Can I have it? Sell? pst
[17:48:33] Yanjan[Mhaura]: Ambuscade Vol.1 VD Looking for COR(SB) RDM /tell Yanjan @4 Fast Run
[17:48:55] Esency[Rabao]: SAcrifice taru!!!!!!!!!!!!!!!!!!!!!!!!!!!!
[17:49:08] Jacetms[Whitegate]: Nyzul Isle Team up?
[17:49:10] Heavenlytea[Mhaura]: praise the sun!
[17:49:20] Katebi[WindWalls]: Shantotto Found it!
[17:49:26] Yanjan[Mhaura]: Ambuscade Vol.1 VD Looking for RDM /tell Yanjan @5 Fast Run
[17:50:10] Yanjan[Mhaura]: Ambuscade Vol.1 VD Looking for RDM /tell Yanjan @5 Fast Run
[17:50:42] Redwoods[Norg]: WTB * Mars/Venus orb 2.5M * Do you have it? Sell?
[17:50:50] Yanjan[Mhaura]: Ambuscade Vol.1 VD Looking for RDM /tell Yanjan @5 Fast Run
[17:51:21] Yanjan[Mhaura]: Ambuscade Vol.1 VD Looking for RDM /tell Yanjan @5 Fast Run
[17:52:10] Samseny[Rabao]: WTB Stikini Ring +1 x2 Can I have it? 10m each :3
[17:52:16] Yanjan[Mhaura]: Ambuscade Vol.1 VD Looking for RDM /tell Yanjan @5 Fast Run
[17:52:55] Yanjan[Mhaura]: Ambuscade Vol.1 VD Looking for RDM /tell Yanjan @5 Fast Run
Habitox : Oho, ya feelin' lucky 'nough tah takes a stab at da myst'ry box?
[17:53:10] Habitox : Oho, ya feelin' lucky 'nough tah takes a stab at da myst'ry box?
[17:53:10] Habitox : Oho, ya feelin' lucky 'nough tah takes a stab at da myst'ry box?
Habitox : Ya wanna open dat sucker up? Okay, but which dial ya be wantin'?
[17:53:11] Habitox : Ya wanna open dat sucker up? Okay, but which dial ya be wantin'?
[17:53:11] Habitox : Ya wanna open dat sucker up? Okay, but which dial ya be wantin'?
[17:53:17] Executing logout in 30 seconds.
[17:53:17] Cancel healing to remain logged in.
[17:53:21] Executing logout in 25 seconds.
[17:53:21] Cancel healing to remain logged in.
[17:53:26] Executing logout in 20 seconds.
[17:53:26] Cancel healing to remain logged in.
[17:53:31] Executing logout in 15 seconds.
[17:53:31] Cancel healing to remain logged in.
[17:53:36] Executing logout in 10 seconds.
[17:53:36] Cancel healing to remain logged in.
[17:53:41] Executing logout in 5 seconds.
[17:53:41] Cancel healing to remain logged in.
