[08:16:57] === Area: Lower Jeuno ===
[08:16:57] React: Loading File: react_WHM.lua
[08:16:59] *****DP Job Selection:WHM*****
[08:16:59] Mode: Magic.
[08:16:59]  White = Can not cast.
[08:16:59]  Green = Casting Range
[08:17:03] You have undertaken the limited-time Records of Eminence challenge ｲVanquish Lizards.ｳ
[08:17:03] This area is currently affected by the Super Kupower: ｲBoundary Busterｳ!
[08:17:03] This area is currently affected by the Super Kupower: ｲBountiful Bazaarｳ!
[08:17:03] This area is currently affected by the Super Kupower: ｲCrystal Caboodleｳ!
[08:17:03] The maximum number of people are already participating in Unity chat. Please try again later.
[08:17:03] The April 2021 Login Campaign is currently underway!
[08:17:03] 
[08:17:03] In celebration of your most recent login (login no. 10), we have provided you with 100 points!
[08:17:03] You currently have a total of 2900 points.
[08:17:04] Moonlessmeadow[NSandOria]: Dynamis - JeunoD Wave1 2 midboss Clear Mind RP5K Buy?4M /tell
[08:17:04] <<< Welcome to Asura! >>>
[08:17:04] Announcing the winning numbers for the Early Spring Mog Bonanza 2021!
[08:17:04] 
[08:17:04]  
[08:17:04] 
[08:17:04] Rank 3 prize: "0" (last digit)-- 6413 winners.
[08:17:04] 
[08:17:04] Rank 2 prize: "37" (last two digits)-- 928 winners.
[08:17:04] 
[08:17:04] Rank 1 prize: "196" (all three digits)-- 88 winners.
[08:17:04] 
[08:17:04] *The number of winners for each prize is a combined total from all worlds.
[08:17:04] 
[08:17:04]  
[08:17:04] 
[08:17:04] Collection period: On April 12, 2021 at 1:00 (PDT) / 8:00 (GMT) to April 30, at 7:59 (PDT) / 14:59 (GMT)
[08:17:04] 
[08:17:04] Details on the prize can be confirmed by speaking to a Bonanza Moogle at one of the following locations:
[08:17:04] 
[08:17:04] Port San d'Oria (I-9) / Port Bastok (L-8) / Port Windurst (F-6) / Chocobo Circuit (H-8)
[08:17:07] We hope you enjoy this complimentary little gift, courtesy of the citizens of Vana'diel!
[08:17:07] Obtained: Dial key #Ab.
[08:17:16] Maatoo[PSandOria]: Dho Gates Crab 500/2.5m master/10m Fast Cast
[08:17:22] Aphocalypse[Rabao]: Odyssey T4 Boss Bumba Clear Mind Do you need it? interest Buy? /tell Thank you.
[08:17:32] Gukiom[BastokMark]: Abyssea empy Weapon Shop Item LV80 85 90 Do you need it? Buy? /tell
[08:17:47] Kimerzzb[SSandOria]: Aeonic Weapon 3zoneClear MindMercenaryDo you need it?Buy?/tell25M 2/5
[08:18:04] Welcome, Feary!
[08:18:04] Did you know if you subscribe to Guildwork Premium (guildwork.com/premium) you can get cross-zone shouts, AH notifications, Bazaar notifications, Remote chat and more?
[08:18:04] Add this character to Guildwork by typing /gw flush --add
Sweepstox : Oho, ya feelin' lucky 'nough tah takes a stab at da myst'ry box?
[08:18:08] Sweepstox : Oho, ya feelin' lucky 'nough tah takes a stab at da myst'ry box?
[08:18:08] Sweepstox : Oho, ya feelin' lucky 'nough tah takes a stab at da myst'ry box?
Sweepstox : Ya wanna open dat sucker up? Okay, but which dial ya be wantin'?
[08:18:09] Sweepstox : Ya wanna open dat sucker up? Okay, but which dial ya be wantin'?
[08:18:09] Sweepstox : Ya wanna open dat sucker up? Okay, but which dial ya be wantin'?
Sweepstox : So ya be wantin' the special dial?M'kay, get yerself all steeled up, 'cause here we go! 'Member, no complaints!
[08:18:12] Sweepstox : So ya be wantin' the special dial?
[08:18:12] 　M'kay, get yerself all steeled up, 'cause here we go! 'Member, no complaints!
[08:18:12] Sweepstox : So ya be wantin' the special dial?
[08:18:12] 　M'kay, get yerself all steeled up, 'cause here we go! 'Member, no complaints!
Sweepstox : Dis box is full o' myst'ries,♪Dat span da realm's his'try,♪So whatcha gonna get from da chest...o'...uh, fortunery?♪
[08:18:13] Sweepstox : Dis box is full o' myst'ries,♪
[08:18:13] 　Dat span da realm's his'try,♪
[08:18:13] 　So whatcha gonna get from da chest...o'...uh, fortunery?♪
[08:18:13] Sweepstox : Dis box is full o' myst'ries,♪
[08:18:13] 　Dat span da realm's his'try,♪
[08:18:13] 　So whatcha gonna get from da chest...o'...uh, fortunery?♪
[08:18:16] Maatoo[PSandOria]: Dho Gates Crab 500/2.5m master/10m Fast Cast
Sweepstox : Oooh, looks at what popped out! I hopes it makes yer adventures dat much more adventumarous!
[08:18:17] Sweepstox : Oooh, looks at what popped out! I hopes it makes yer adventures dat much more adventumarous!
[08:18:17] Sweepstox : Oooh, looks at what popped out! I hopes it makes yer adventures dat much more adventumarous!
[08:18:20] Obtained: Oldton chest key.
[08:18:20] You have used 50 points of your daily tally!
[08:18:31] Moonlessmeadow[NSandOria]: Dynamis - JeunoD Wave1 2 midboss Clear Mind RP5K Buy?4M /tell
[08:18:43] Executing logout in 30 seconds.
[08:18:43] Cancel healing to remain logged in.
[08:18:48] Executing logout in 25 seconds.
[08:18:48] Cancel healing to remain logged in.
[08:18:52] Executing logout in 20 seconds.
[08:18:52] Cancel healing to remain logged in.
[08:18:57] Executing logout in 15 seconds.
[08:18:57] Cancel healing to remain logged in.
[08:19:02] Executing logout in 10 seconds.
[08:19:02] Cancel healing to remain logged in.
[08:19:07] Executing logout in 5 seconds.
[08:19:07] Cancel healing to remain logged in.
