[08:19:43] === Area: Port San d'Oria ===
[08:19:43] *****DP Job Selection:WHM*****
[08:19:43] Mode: Magic.
[08:19:43]  White = Can not cast.
[08:19:43]  Green = Casting Range
[08:19:43] React: Loading File: react_WHM.lua
[08:19:46] Size already 20.
[08:19:46] ConsoleBG: Position changed! X: 15 Y: 50
[08:19:50] <<< Welcome to Asura! >>>
[08:19:50] Announcing the winning numbers for the 20th Vana'versary Nomad Mog Bonanza!
[08:19:50] 
[08:19:50]  
[08:19:50] 
[08:19:50] Rank 3 prize: "7" (last digit)-- 20,471 winners.
[08:19:50] 
[08:19:50] Rank 2 prize: "04" (last two digits)-- 2,010 winners.
[08:19:50] 
[08:19:50] Rank 1 prize: "854" (all three digits)-- 185 winners.
[08:19:50] 
[08:19:50] *The number of winners for each prize is a combined total from all worlds.
[08:19:50] 
[08:19:50]  
[08:19:50] 
[08:19:50] Collection period: On July 14, 2022 at 1:00 (PDT) / 8:00 (GMT) to July 31, at 7:59 (PDT) / 14:59 (GMT)
[08:19:50] 
[08:19:50] Details on the prize can be confirmed by speaking to a Bonanza Moogle at one of the following locations:
[08:19:50] 
[08:19:50] Port San d'Oria (I-9) / Port Bastok (L-8) / Port Windurst (F-6) / Chocobo Circuit (H-8)
[08:19:51] Cooldogr[NSandOria]: Odysseyt1t2t3Arebati Kalunga Xevioso Ngai Mboze Ongo Bumba V0 Clear Mind Buy?
[08:19:52] You have undertaken the limited-time Records of Eminence challenge ｲSpoils (Seals).ｳ
[08:19:52] This area is currently affected by the Super Kupower: ｲThrifty Transitｳ!
[08:19:52] This area is currently affected by the Super Kupower: ｲArtisan's Advantageｳ!
[08:19:52] This area is currently affected by the Super Kupower: ｲSwift Shoesｳ!
[08:19:52] The July 2022 Login Campaign is currently underway!
[08:19:52] 
[08:19:52] In celebration of your most recent login (login no. 19), we have provided you with 100 points!
[08:19:52] You currently have a total of 3800 points.
[08:19:52] We hope you enjoy this complimentary little gift, courtesy of the citizens of Vana'diel!
[08:19:52] Obtained: Special gobbiedial key.
[08:19:57] Engetsu[PortJeuno]: ody C segs Team up? tank heal brd Can I have it?
[08:20:06] Executing logout in 30 seconds.
[08:20:06] Cancel healing to remain logged in.
[08:20:07] Paozhong[LowJeuno]: Ou  waist hand Regal Ganutlets Do you need it? /tell go in 4min
[08:20:10] Nakitaru[RuLudeGard]: Handshard: RDM x3 1.8m each Sell?
[08:20:10] Executing logout in 25 seconds.
[08:20:10] Cancel healing to remain logged in.
[08:20:15] Executing logout in 20 seconds.
[08:20:15] Cancel healing to remain logged in.
[08:20:20] Executing logout in 15 seconds.
[08:20:20] Cancel healing to remain logged in.
[08:20:22] Cooldogr[NSandOria]: Odysseyt1t2t3Arebati Kalunga Xevioso Ngai Mboze Ongo Bumba V0 Clear Mind Buy?
[08:20:23] Sesshmaru[Rabao]: Odyssey C Looking for members. REMA BRD  yWHM Veteran Tank 3/6
[08:20:25] Executing logout in 10 seconds.
[08:20:25] Cancel healing to remain logged in.
[08:20:26] Zatazma[PortBastok]: ZNM T4 Sarameya Tinnin Tyger Item win Do you need it? Buy? /tell
[08:20:30] Executing logout in 5 seconds.
[08:20:30] Cancel healing to remain logged in.
[08:20:36] Blkuyfvd[BastokMine]: Sell abyssea empy Weapon Shop Item LV80 85 90 Do you need it? /tell
[15:08:08] === Area: Port San d'Oria ===
[15:08:08] *****DP Job Selection:WHM*****
[15:08:08] Mode: Magic.
[15:08:08]  White = Can not cast.
[15:08:08]  Green = Casting Range
[15:08:08] React: Loading File: react_WHM.lua
[15:08:10] Size already 20.
[15:08:10] ConsoleBG: Position changed! X: 15 Y: 50
[15:08:15] <<< Welcome to Asura! >>>
[15:08:15] Announcing the winning numbers for the 20th Vana'versary Nomad Mog Bonanza!
[15:08:15] 
[15:08:15]  
[15:08:15] 
[15:08:15] Rank 3 prize: "7" (last digit)-- 20,471 winners.
[15:08:15] 
[15:08:15] Rank 2 prize: "04" (last two digits)-- 2,010 winners.
[15:08:15] 
[15:08:15] Rank 1 prize: "854" (all three digits)-- 185 winners.
[15:08:15] 
[15:08:15] *The number of winners for each prize is a combined total from all worlds.
[15:08:15] 
[15:08:15]  
[15:08:15] 
[15:08:15] Collection period: On July 14, 2022 at 1:00 (PDT) / 8:00 (GMT) to July 31, at 7:59 (PDT) / 14:59 (GMT)
[15:08:15] 
[15:08:15] Details on the prize can be confirmed by speaking to a Bonanza Moogle at one of the following locations:
[15:08:15] 
[15:08:15] Port San d'Oria (I-9) / Port Bastok (L-8) / Port Windurst (F-6) / Chocobo Circuit (H-8)
[15:08:16] You have undertaken the limited-time Records of Eminence challenge ｲVanquish Plantoids.ｳ
[15:08:16] This area is currently affected by the Super Kupower: ｲThrifty Transitｳ!
[15:08:16] This area is currently affected by the Super Kupower: ｲArtisan's Advantageｳ!
[15:08:16] This area is currently affected by the Super Kupower: ｲSwift Shoesｳ!
[15:08:16] The maximum number of people are already participating in Unity chat. Please try again later.
[15:08:16] The July 2022 Login Campaign is currently underway!
[15:08:16] 
[15:08:16] In celebration of your most recent login (login no. 20), we have provided you with 100 points!
[15:08:16] You currently have a total of 3900 points.
[15:08:16] We hope you enjoy this complimentary little gift, courtesy of the citizens of Vana'diel!
[15:08:16] Obtained: Special gobbiedial key.
[15:08:41] Hanter[Whitegate]: ZNM T4 Sarameya Tinnin Tyger Item win Do you need it? Buy? /tell
[15:08:44] Kimastar[PortJeuno]: Abyssea Apademak's Horn KI x4 Do you need it? Buy?
[15:09:18] Jocror[BastokMark]: Tinnin Sarameya Tyger win Item all 3 Do you need it? Buy? /tell Thank you.
[15:09:20] Asbrandrnkldd[NSandOria]:  ｆｆｘｉｐａｌ.ｃｏｍ, GET FAST DELIVERY!★REMA/SU5/Item/gil/Gil/  Discount ->"vip05"
[15:09:32] Serpentdragon[RuLudeGard]: Master Level Party Crawlers' Nest [S] Do you need it? PLD,RUN, Can I have it? /tell 5/6 Aeolian Edge Party
[15:09:44] Hanter[Whitegate]: ZNM T4 Sarameya Tinnin Tyger Item win Do you need it? Buy? /tell
[15:10:46] Hanter[Whitegate]: ZNM T4 Sarameya Tinnin Tyger Item win Do you need it? Buy? /tell
[15:11:14] Lothloran[Rabao]: New Linkshell ~~ Volkswachter: Looking for members. Events/Social Ambu, Seg, Omen, planned 1-2/week /tell
[15:11:18] Jocror[BastokMark]: Tinnin Sarameya Tyger win Item all 3 Do you need it? Buy? /tell Thank you.
[15:11:25] Bedavere[Mhaura]: Ambuscadev1 VD Do you need it? DPS 5/6
[15:11:38] Serpentdragon[RuLudeGard]: Master Level Party Crawlers' Nest [S] Do you need it? PLD,RUN, Can I have it? /tell 5/6 Aeolian Edge Party
[15:11:48] Hanter[Whitegate]: ZNM T4 Sarameya Tinnin Tyger Item win Do you need it? Buy? /tell
[15:11:55] Chookis[PortJeuno]: devious die 15000 liminal residue 6000 Bazaar (F-8)
[15:12:00] Asbrandrnkldd[NSandOria]:  ｆｆｘｉｐａｌ.ｃｏｍ, GET FAST DELIVERY!★REMA/SU5/Item/gil/Gil/  Discount ->"vip05"
[15:12:12] Lothloran[Rabao]: New Linkshell ~~ Volkswachter: Looking for members. Events/Social Ambu, Seg, Omen, planned 1-2/week /tell
[15:12:34] Asbrandrnkldd[NSandOria]:  ｆｆｘｉｐａｌ.ｃｏｍ, GET FAST DELIVERY!★REMA/SU5/Item/gil/Gil/  Discount ->"vip05"
[15:12:45] Lothloran[Rabao]: New Linkshell ~~ Volkswachter: Looking for members. Events/Social Ambu, Seg, Omen, Dyna planned 1-2/week /tell
[15:12:50] Hanter[Whitegate]: ZNM T4 Sarameya Tinnin Tyger Item win Do you need it? Buy? /tell
[15:13:02] Serpentdragon[RuLudeGard]: Master Level Party Crawlers' Nest [S] Do you need it? PLD,RUN, Can I have it? /tell 5/6 Aeolian Edge Party
[15:13:18] Jocror[BastokMark]: Tinnin Sarameya Tyger win Item all 3 Do you need it? Buy? /tell Thank you.
[15:14:13] Lothloran[Rabao]: New Linkshell ~~ Volkswachter: Looking for members. Events/Social Ambu, Seg, Omen, Dyna planned 1-2/week /tell
[15:14:55] Serpentdragon[RuLudeGard]: Master Level Party Crawlers' Nest [S] Do you need it? PLD,RUN, Can I have it? /tell 5/6 Aeolian Edge Party
[15:14:58] Asbrandrnkldd[NSandOria]:  ｆｆｘｉｐａｌ.ｃｏｍ, GET FAST DELIVERY!★REMA/SU5/Item/gil/Gil/  Discount ->"vip05"
[15:15:18] Jocror[BastokMark]: Tinnin Sarameya Tyger win Item all 3 Do you need it? Buy? /tell Thank you.
[15:17:18] Jocror[BastokMark]: Tinnin Sarameya Tyger win Item all 3 Do you need it? Buy? /tell Thank you.
[15:17:52] Asbrandrnkldd[NSandOria]:  ｆｆｘｉｐａｌ.ｃｏｍ, GET FAST DELIVERY!★REMA/SU5/Item/gil/Gil/  Discount ->"vip05"
[15:18:02] Lothloran[Rabao]: new Linkshell ~~ Volkswachter Looking for members. Event/Social, Ambu, Seg, Omen, Dyna /tell
[15:18:57] Redwoods[Norg]: WTB * Mars/Venus orb 2.5M * Do you have it? Sell?
[15:19:18] Jocror[BastokMark]: Tinnin Sarameya Tyger win Item all 3 Do you need it? Buy? /tell Thank you.
[15:19:51] Lothloran[Rabao]: new Linkshell ~~ Volkswachter Looking for members. Event/Social, Ambu, Seg, Omen, Dyna /tell or come Rabao (G-7)
[15:20:42] Asbrandrnkldd[NSandOria]:  ｆｆｘｉｐａｌ.ｃｏｍ, GET FAST DELIVERY!★REMA/SU5/Item/gil/Gil/  Discount ->"vip05"
[15:20:52] Lothloran[Rabao]: new Linkshell ~~ Volkswachter Looking for members. Event/Social, Ambu, Seg, Omen, Dyna /tell or come Rabao (G-7)
[15:21:17] Redwoods[Norg]: WTB * Mars/Venus orb 2.5M * Do you have it? Sell?
[15:21:18] Jocror[BastokMark]: Tinnin Sarameya Tyger win Item all 3 Do you need it? Buy? /tell Thank you.
[15:22:23] Lothloran[Rabao]: new Linkshell ~~ Volkswachter Looking for members. Event/Social, Ambu, Seg, Omen, Dyna /tell or come Rabao (G-7)
[15:23:02] Perseise is no longer quickened.
[15:23:07] Lothloran[Rabao]: new Linkshell Volkswachter Looking for members. Event/Social, Ambu, Seg, Omen, Dyna EST /tell or come Rabao (G-7)
[15:23:18] Jocror[BastokMark]: Tinnin Sarameya Tyger win Item all 3 Do you need it? Buy? /tell Thank you.
[15:23:32] Asbrandrnkldd[NSandOria]:  ｆｆｘｉｐａｌ.ｃｏｍ, GET FAST DELIVERY!★REMA/SU5/Item/gil/Gil/  Discount ->"vip05"
[15:24:43] Redwoods[Norg]: WTB * Mars/Venus orb 2.5M * Do you have it? Sell?
[15:25:18] Jocror[BastokMark]: Tinnin Sarameya Tyger win Item all 3 Do you need it? Buy? /tell Thank you.
[15:25:49] Nukito[Rabao]: anyone mind carrying a poor chap ? need 300 seg's ><
[15:26:27] Asbrandrnkldd[NSandOria]:  ｆｆｘｉｐａｌ.ｃｏｍ, GET FAST DELIVERY!★REMA/SU5/Item/gil/Gil/  Discount ->"vip05"
[15:27:18] Jocror[BastokMark]: Tinnin Sarameya Tyger win Item all 3 Do you need it? Buy? /tell Thank you.
[15:27:20] Nukito[Rabao]: anyone mind carrying a poor chap ? need 300 seg's ><
[15:27:23] Ouzo[WestAdoulin]: Serica Cloth?x48，Do you have it, reward: 2M/12 /tell
[15:27:32] Rubar[PSandOria]: for what?
[15:27:35] Lothloran[Rabao]: new Linkshell Volkswachter Looking for members. Event/Social, Ambu, Seg, Omen, Dyna EST /tell or come Rabao (G-7)
[15:27:45] Thesteja[LowJeuno]: regal ring Sell?
[15:28:00] Redwoods[Norg]: WTB * Mars/Venus orb 2.5M * Do you have it? Sell?
[15:28:02] Karppa[RuLudeGard]: Hi guys I'm back
[15:28:39] Ouzo[WestAdoulin]: Serica Cloth?x48，Do you have it, reward: 2M/12 /tell
[15:29:18] Jocror[BastokMark]: Tinnin Sarameya Tyger win Item all 3 Do you need it? Buy? /tell Thank you.
[15:29:19] Thesteja[LowJeuno]: regal ring Sell?
[15:29:22] Nukito[Rabao]: anyone mind carrying a poor chap ? need 300 seg's ><
[15:29:46] Kerk[Rabao]: you need more than that bro
[15:29:59] Ouzo[WestAdoulin]: Serica Cloth?x48，Do you have it, reward: 2M/12 /tell
[15:30:03] Nukito[Rabao]: Well I need 300 to buy 1 more mogphone II - I only have 2
[15:30:36] Hotworks[SSandOria]: Needs to the 3 mog so he can buy a merc
[15:31:05] Nukito[Rabao]: Nah my friend helped me Ongo , but we died 27% , now been out of a way to enter back in
[15:31:18] Jocror[BastokMark]: Tinnin Sarameya Tyger win Item all 3 Do you need it? Buy? /tell Thank you.
[15:31:30] Lothloran[Rabao]: new Linkshell Volkswachter Looking for members. Event/Social, Ambu, Seg, Omen, Dyna EST /tell or come Rabao (G-7)
[15:31:31] Redwoods[Norg]: WTB * Mars/Venus orb 2.5M * Do you have it? Sell?
[15:31:38] Vanec[LowJeuno]: how much people sell segments for?
[15:31:48] Hotworks[SSandOria]: dont think they do
[15:31:52] Xelus[PortJeuno]: too much
[15:31:59] Dragonraptor[SSandOria]: they prob do but not cheap
[15:32:06] Kasumuni[Rabao]: Odyssey Seg C Do you need it? 3/6 WAR x2 PLD/RUN x1 Can I have it?
[15:32:07] Asbrandrnkldd[NSandOria]:  ｆｆｘｉｐａｌ.ｃｏｍ, GET FAST DELIVERY!★REMA/SU5/Item/gil/Gil/  Discount ->"vip05"
[15:32:14] Senkouno[Selbina]: Segment farming is good cp, just do it
[15:32:24] Ouzo[WestAdoulin]: Serica Cloth x48，Do you have it, reward: 2M/12 /tell
[15:32:26] Hotworks[SSandOria]: the gil per hour isnt worth it 
[15:33:11] Lothloran[Rabao]: new Linkshell Volkswachter Looking for members. Event/Social, Ambu, Seg, Omen, Dyna EST /tell or come Rabao (G-7)
[15:33:18] Jocror[BastokMark]: Tinnin Sarameya Tyger win Item all 3 Do you need it? Buy? /tell Thank you.
[15:33:33] Krazexd[PSandOria]: Archon Ring Can I have it? Reward /tell
[15:33:34] Nukito[Rabao]: Anyway before I was interrupted by that rude dildobaggins about buying a merc, any1 wanna carry a scrub?
[15:34:16] Kasumuni[Rabao]: Odyssey Seg C Do you need it? 5/6 PLD/RUN x1 Can I have it?
[15:34:44] Krazexd[PSandOria]: Archon Ring Can I have it? Reward /tell
[15:35:18] Jocror[BastokMark]: Tinnin Sarameya Tyger win Item all 3 Do you need it? Buy? /tell Thank you.
[15:35:22] Wintur[Rabao]: LFM Omen cards, quick easy runs ~ PST
[15:35:26] Lothloran[Rabao]: new Linkshell Volkswachter Looking for members. Event/Social, Ambu, Seg, Omen, Dyna EST /tell or come Rabao (G-7)
[15:35:29] Ganbler[PortJeuno]: regal cuffs Sell?
[15:35:29] Chookis[PortJeuno]: devious die 15000 liminal residue 6000 Bazaar (F-8)
[15:35:52] Kasumuni[Rabao]: Odyssey Seg C Do you need it? 5/6 PLD/RUN x1 Can I have it?
[15:36:09] Nukito[Rabao]: Odyssey farm, poor naked 3 song bard, Help me out!
[15:36:15] Wintur[Rabao]: LFM Omen cards, quick easy runs ~ PST
[15:36:22] Lothloran[Rabao]: new Linkshell Volkswachter Looking for members. Event/Social, Ambu, Seg, Omen, Dyna EST /tell or come Rabao (G-7)
[15:36:24] Kasumuni[Rabao]: Odyssey Seg C Do you need it? 4/6 PLD/RUN x1 BRD x1  Can I have it?
[15:37:01] Wintur[Rabao]: LF3M Omen cards, quick easy runs ~ PST 
[15:37:01] Lothloran[Rabao]: new Linkshell Volkswachter Looking for members. Event/Social, Ambu, Seg, Omen, Dyna EST /tell or come Rabao (G-7)
[15:37:07] Kasumuni[Rabao]: Odyssey Seg C Do you need it? 5/6 PLD/RUN x1   Can I have it?
[15:37:18] Jocror[BastokMark]: Tinnin Sarameya Tyger win Item all 3 Do you need it? Buy? /tell Thank you.
[15:37:20] Nukito[Rabao]: Odyssey farm, poor naked 3 song bard, Help me out!
[15:37:31] Wintur[Rabao]: LF2M Omen cards, quick easy runs ~ PST 
[15:37:48] Asbrandrnkldd[NSandOria]:  ｆｆｘｉｐａｌ.ｃｏｍ, GET FAST DELIVERY!★REMA/SU5/Item/gil/Gil/  Discount ->"vip05"
[15:37:52] Chookis[PortJeuno]: devious die 15000 liminal residue 6000 Bazaar (F-8)
[15:37:52] Pinkpuffy[Mhaura]: New Linkshell SmolPPClub - Send discreet /tell for pearl. 
[15:37:58] Kasumuni[Rabao]: Odyssey Seg C Do you need it? 5/6 PLD/RUN x1   Can I have it?
[15:38:11] Wintur[Rabao]: LF1M Omen cards, quick easy runs ~ PST 
[15:38:50] Lothloran[Rabao]: new Linkshell Volkswachter Looking for members. Event/Social, Ambu, Seg, Omen, Dyna EST /tell or come Rabao (G-7)
[15:39:14] Kasumuni[Rabao]: Odyssey Seg C Do you need it? 5/6 PLD/RUN x1   Can I have it?
[15:39:18] Jocror[BastokMark]: Tinnin Sarameya Tyger win Item all 3 Do you need it? Buy? /tell Thank you.
[15:39:45] Nukito[Rabao]: Odyssey farm, poor naked 3 song bard, Help me out!
[15:40:07] Lothloran[Rabao]: new Linkshell Volkswachter Looking for members. Event/Social, Ambu, Seg, Omen, Dyna EST /tell or come Rabao (G-7)
[15:40:38] Asbrandrnkldd[NSandOria]:  ｆｆｘｉｐａｌ.ｃｏｍ, GET FAST DELIVERY!★REMA/SU5/Item/gil/Gil/  Discount ->"vip05"
[15:41:14] Kasumuni[Rabao]: Odyssey Seg C Do you need it? 5/6 PLD/RUN x1   Can I have it?
[15:41:18] Jocror[BastokMark]: Tinnin Sarameya Tyger win Item all 3 Do you need it? Buy? /tell Thank you.
[15:41:24] Lothloran[Rabao]: new Linkshell Volkswachter Looking for members. Event/Social, Ambu, Seg, Omen, Dyna EST /tell or come Rabao (G-7)
[15:42:00] Kasumuni[Rabao]: Odyssey Seg C Do you need it? 5/6 PLD/RUN x1   Can I have it?
[15:43:18] Jocror[BastokMark]: Tinnin Sarameya Tyger win Item all 3 Do you need it? Buy? /tell Thank you.
[15:43:38] Kupoluver[LowJeuno]: Master Level Party Do you need it? Looking for members. WHM BLM RDM BRD SMN COR SCH GEO DNC THF RNG /tell
[15:43:41] Lothloran[Rabao]: new Linkshell Volkswachter Looking for members. Event/Social, Ambu, Seg, Omen, Dyna EST /tell or come Rabao (G-7)
[15:44:09] Kasumuni[Rabao]: Odyssey Seg C Do you need it? 5/6 PLD/RUN x1   Can I have it?
[15:44:40] Kupoluver[LowJeuno]: Master Level Party Do you need it? Looking for members. WHM BLM RDM BRD SMN COR SCH GEO /tell 2/6
[15:44:46] Nukito[Rabao]: Odyssey farm, poor naked 3 song bard, Help me out!
[15:44:47] Kasumuni[Rabao]: Odyssey Seg C Do you need it? 5/6 PLD/RUN x1   Can I have it?
[15:44:55] Bangerang[Whitegate]: Capacity PointsPartyLooking for members.Support role jobHealing Magic/tell
[15:45:18] Jocror[BastokMark]: Tinnin Sarameya Tyger win Item all 3 Do you need it? Buy? /tell Thank you.
[15:45:41] Kasumuni[Rabao]: Odyssey Seg C Do you need it? 5/6 PLD/RUN x1   Can I have it?
[15:45:50] Kupoluver[LowJeuno]: Master Level Party Do you need it? Looking for members. WHM BLM RDM SMN COR SCH GEO /tell 3/6
[15:45:59] Chookis[PortJeuno]: devious die 15000 liminal residue 6000 Bazaar (F-8)
[15:46:13] Acestalker[Rabao]: Odyssey C Segment NM/Angon Do you need it? Can I have it? Veteran DD /tell Thank you. /bow
[15:46:18] Asbrandrnkldd[NSandOria]:  ｆｆｘｉｐａｌ.ｃｏｍ, GET FAST DELIVERY!★REMA/SU5/Item/gil/Gil/  Discount ->"vip05"
[15:46:20] Univarsity[PortJeuno]: Synergy Craftsman Can I have it? /tell Reward
[15:46:27] Kasumuni[Rabao]: Odyssey Seg C Do you need it? 5/6 TANK x1   Can I have it?
[15:46:38] Nukito[Rabao]: 10-13k seg Sell? ~ 30m You can have this.
[15:46:41] Kupoluver[LowJeuno]: Master Level Party Do you need it? Looking for members. WHM BLM RDM SMN COR SCH GEO DNC THF RNG /tell 2/6
[15:47:00] Kasumuni[Rabao]: Odyssey Seg C Do you need it? 5/6 TANK x1   Can I have it?
[15:47:16] Acestalker[Rabao]: Odyssey C Segment NM/Angon Do you need it? Can I have it? Veteran DD /tell Thank you. /bow
[15:47:18] Jocror[BastokMark]: Tinnin Sarameya Tyger win Item all 3 Do you need it? Buy? /tell Thank you.
[15:47:27] Arcangels[LowJeuno]: Records of Eminence Dyna D entrance Do you need it?
[15:48:04] Ouzo[PortJeuno]: Serica Cloth x48，Do you have it, reward: 2M/12 /tell
[15:48:14] Kupoluver[LowJeuno]: Master Level Party Do you need it? Looking for members. WHM BLM SMN COR SCH GEO DNC THF RNG /tell 3/6
[15:48:45] Univarsity[PortJeuno]: Synergy Craftsman Can I have it? /tell Reward
[15:48:52] Lothloran[Rabao]: new Linkshell Volkswachter Looking for members. Event/Social, Ambu, Seg, Omen, Dyna EST /tell or come Rabao (G-7)
[15:49:12] Kupoluver[LowJeuno]: Master Level Party Do you need it? Looking for members. WHM BLM SMN COR SCH GEO DNC THF RNG /tell 3/6
[15:49:18] Jocror[BastokMark]: Tinnin Sarameya Tyger win Item all 3 Do you need it? Buy? /tell Thank you.
[15:49:29] Bangerang[Whitegate]: Capacity PointsPartyLooking for members.Support role jobHealing Magic/tell
[15:49:29] Kahlla[Norg]: Ilabrat Ring Do you need it? /tell =^-^=
[15:49:44] Kupoluver[LowJeuno]: Master Level Party Do you need it? Looking for members. WHM BLM SMN COR SCH GEO DNC THF RNG /tell 3/6
[15:49:47] Acestalker[Rabao]: Odyssey C Segment NM/Angon Do you need it? Can I have it? Veteran DD /tell Thank you. /bow
[15:49:59] Grimmace synthesized a rapid bow +1.
[15:50:05] Kahlla[Norg]: Ilabrat Ring Do you need it? /tell =^-^=
[15:50:15] Kupoluver[LowJeuno]: Master Level Party Do you need it? Looking for members. WHM BLM SMN COR SCH GEO DNC THF RNG /tell 3/6
[15:50:45] Grimmace synthesized a rapid bow +1.
[15:50:48] Kupoluver[LowJeuno]: Master Level Party Do you need it? Looking for members. WHM BLM SMN COR SCH GEO DNC THF RNG /tell 3/6
[15:51:09] Grimmace synthesized a rapid bow +1.
[15:51:18] Jocror[BastokMark]: Tinnin Sarameya Tyger win Item all 3 Do you need it? Buy? /tell Thank you.
[15:51:30] Kupoluver[LowJeuno]: Master Level Party Do you need it? Looking for members. WHM BLM SMN COR SCH GEO DNC THF RNG /tell 3/6
[15:51:33] Grimmace synthesized a rapid bow +1.
[15:51:57] Grimmace synthesized a rapid bow.
[15:51:59] Asbrandrnkldd[NSandOria]:  ｆｆｘｉｐａｌ.ｃｏｍ, GET FAST DELIVERY!★REMA/SU5/Item/gil/Gil/  Discount ->"vip05"
[15:52:08] Kupoluver[LowJeuno]: Master Level Party Do you need it? Looking for members. WHM BLM SMN COR SCH GEO DNC THF RNG NIN PUP /tell 3/6
[15:52:21] Grimmace synthesized a rapid bow.
[15:52:45] Grimmace synthesized a rapid bow +1.
[15:52:52] Kupoluver[LowJeuno]: Master Level Party Do you need it? Looking for members. WHM BLM SMN COR SCH GEO DNC THF RNG NIN PUP /tell 3/6
[15:53:16] Bangerang[Whitegate]: Capacity PointsPartyLooking for members.Support role jobHealing Magic/tell
[15:53:18] Jocror[BastokMark]: Tinnin Sarameya Tyger win Item all 3 Do you need it? Buy? /tell Thank you.
[15:53:21] Lothloran[Rabao]: new Linkshell Volkswachter Looking for members. Event/Social, Ambu, Seg, Omen, Dyna EST /tell or come Rabao (G-7)
[15:53:25] Kupoluver[LowJeuno]: Master Level Party Do you need it? Looking for members. WHM BLM SMN COR SCH GEO DNC THF RNG NIN PUP /tell 4/6
[15:54:14] Executing logout in 30 seconds.
[15:54:14] Cancel healing to remain logged in.
[15:54:18] Executing logout in 25 seconds.
[15:54:18] Cancel healing to remain logged in.
[15:54:22] Executing logout in 20 seconds.
[15:54:22] Cancel healing to remain logged in.
[15:54:27] Executing logout in 15 seconds.
[15:54:27] Cancel healing to remain logged in.
[15:54:33] Executing logout in 10 seconds.
[15:54:33] Cancel healing to remain logged in.
[15:54:38] Executing logout in 5 seconds.
[15:54:38] Cancel healing to remain logged in.
[15:54:39] Asbrandrnkldd[NSandOria]:  ｆｆｘｉｐａｌ.ｃｏｍ, GET FAST DELIVERY!★REMA/SU5/Item/gil/Gil/  Discount ->"vip05"
