[11:31:43] === Area: Port San d'Oria ===
[11:31:43] *****DP Job Selection:WHM*****
[11:31:43] Mode: Magic.
[11:31:43]  White = Can not cast.
[11:31:43]  Green = Casting Range
[11:31:43] React: Loading File: react_WHM.lua
[11:31:45] Size already 20.
[11:31:45] ConsoleBG: Position changed! X: 15 Y: 50
[11:31:50] <<< Welcome to Asura! >>>
[11:31:50] Announcing the winning numbers for the 20th Vana'versary Nomad Mog Bonanza!
[11:31:50] 
[11:31:50]  
[11:31:50] 
[11:31:50] Rank 3 prize: "7" (last digit)-- 20,471 winners.
[11:31:50] 
[11:31:50] Rank 2 prize: "04" (last two digits)-- 2,010 winners.
[11:31:50] 
[11:31:50] Rank 1 prize: "854" (all three digits)-- 185 winners.
[11:31:50] 
[11:31:50] *The number of winners for each prize is a combined total from all worlds.
[11:31:50] 
[11:31:50]  
[11:31:50] 
[11:31:50] Collection period: On July 14, 2022 at 1:00 (PDT) / 8:00 (GMT) to July 31, at 7:59 (PDT) / 14:59 (GMT)
[11:31:50] 
[11:31:50] Details on the prize can be confirmed by speaking to a Bonanza Moogle at one of the following locations:
[11:31:50] 
[11:31:50] Port San d'Oria (I-9) / Port Bastok (L-8) / Port Windurst (F-6) / Chocobo Circuit (H-8)
[11:31:51] You have undertaken the limited-time Records of Eminence challenge ｲVanquish Arcana.ｳ
[11:31:51] The July 2022 Login Campaign is currently underway!
[11:31:51] 
[11:31:51] The maximum number of people are already participating in Unity chat. Please try again later.
[11:31:51] In celebration of your most recent login (login no. 17), we have provided you with 100 points!
[11:31:51] You currently have a total of 3600 points.
[11:31:51] We hope you enjoy this complimentary little gift, courtesy of the citizens of Vana'diel!
[11:31:51] Obtained: Special gobbiedial key.
[11:31:54] Shmilywowo[BastokMark]: Escha - Zi'Tah Escha - Ru'Aun Reiki Yotai T1T2T3 ALL Item ABJ Reiki Yotai Telos Earring Do you need it? /tell  
Habitox : Oho, ya feelin' lucky 'nough tah takes a stab at da myst'ry box?
[11:31:58] Habitox : Oho, ya feelin' lucky 'nough tah takes a stab at da myst'ry box?
[11:31:58] Habitox : Oho, ya feelin' lucky 'nough tah takes a stab at da myst'ry box?
Habitox : Ya wanna open dat sucker up? Okay, but which dial ya be wantin'?
[11:32:00] Habitox : Ya wanna open dat sucker up? Okay, but which dial ya be wantin'?
[11:32:00] Habitox : Ya wanna open dat sucker up? Okay, but which dial ya be wantin'?
Habitox : So ya be wantin' the special dial?Whoawhoawhoa! Get yer grubby hands offa that! Ya don't have enough daily tally, and I's not 'bout tah let ya cheat me!
[11:32:03] Habitox : So ya be wantin' the special dial?
[11:32:03] Habitox : So ya be wantin' the special dial?
[11:32:06] 
[11:32:06] 　Whoawhoawhoa! Get yer grubby hands offa that! Ya don't have enough daily tally, and I's not 'bout tah let ya cheat me!
[11:32:06] 
[11:32:06] 　Whoawhoawhoa! Get yer grubby hands offa that! Ya don't have enough daily tally, and I's not 'bout tah let ya cheat me!
[11:32:11] Khris[Rabao]: Odyssey C Do you need it? 4/6 brd dd pst
[11:32:13] Masxiaosan[LowJeuno]: Telos Earring Reiki Yotai Do you need it? /tell Buy? 
[11:32:22] Aoora[PortBastok]: Ambuscade V.1 VD Do you need it? Buy? 3m/run
Habitox : Oho, ya feelin' lucky 'nough tah takes a stab at da myst'ry box?
[11:32:32] Habitox : Oho, ya feelin' lucky 'nough tah takes a stab at da myst'ry box?
[11:32:32] Habitox : Oho, ya feelin' lucky 'nough tah takes a stab at da myst'ry box?
[11:32:32] Ksods[Mhaura]: Ambuscade V.1 VD Do you need it? 3M/runs Buy? /tell
Habitox : Ya wanna open dat sucker up? Okay, but which dial ya be wantin'?
[11:32:33] Habitox : Ya wanna open dat sucker up? Okay, but which dial ya be wantin'?
[11:32:33] Habitox : Ya wanna open dat sucker up? Okay, but which dial ya be wantin'?
[11:32:36] Avel[Norg]: ┏┳('Д')segmentsｃ １回いきませんかー？ Shield BRD SCH から２名Recruiting中ー
Habitox : So ya be wantin' the special dial?Whoawhoawhoa! Get yer grubby hands offa that! Ya don't have enough daily tally, and I's not 'bout tah let ya cheat me!
[11:32:37] Habitox : So ya be wantin' the special dial?
[11:32:37] Habitox : So ya be wantin' the special dial?
[11:32:37] Odyesnm[BastokMine]: Odyssey T3 Ngai Clear Mind Do you need it? Buy? going 5 minues 
[11:32:38] Eunnaa[PortBastok]: Ambuscade V.1 VD Do you need it? 3M Buy? /tell
[11:32:39] 
[11:32:39] 　Whoawhoawhoa! Get yer grubby hands offa that! Ya don't have enough daily tally, and I's not 'bout tah let ya cheat me!
[11:32:39] 
[11:32:39] 　Whoawhoawhoa! Get yer grubby hands offa that! Ya don't have enough daily tally, and I's not 'bout tah let ya cheat me!
[11:32:45] Executing logout in 30 seconds.
[11:32:45] Cancel healing to remain logged in.
[11:32:49] Executing logout in 25 seconds.
[11:32:49] Cancel healing to remain logged in.
[11:32:54] Executing logout in 20 seconds.
[11:32:54] Cancel healing to remain logged in.
[11:32:56] Khris[Rabao]: Odyssey C Do you need it? 4/6 brd dd pst
[11:32:56] Shmilywowo[BastokMark]: Escha - Zi'Tah Escha - Ru'Aun Reiki Yotai T1T2T3 ALL Item ABJ Reiki Yotai Telos Earring Do you need it? /tell  
[11:32:59] Executing logout in 15 seconds.
[11:32:59] Cancel healing to remain logged in.
[11:33:04] Executing logout in 10 seconds.
[11:33:04] Cancel healing to remain logged in.
[11:33:09] Executing logout in 5 seconds.
[11:33:09] Cancel healing to remain logged in.
[11:33:11] Kimgaeonic[BastokMark]: Aeonic/ioniッkuuェpon 3zone Clear Mind Do you need it? Buy? 50M /tell 1/4
