[08:07:47] === Area: Chocobo Circuit ===
[08:07:48] *****DP Job Selection:THF*****
[08:07:48] Mode: Default.
[08:07:48] React: Loading File: react_THF.lua
[08:07:53] Welcome, Feary!
[08:07:53] Did you know if you subscribe to Guildwork Premium (guildwork.com/premium) you can get cross-zone shouts, AH notifications, Bazaar notifications, Remote chat and more?
[08:07:54] Add this character to Guildwork by typing /gw flush --add
[08:07:57] <<< Welcome to Asura! >>>
[08:07:57] Announcing the winning numbers for the Early Spring Mog Bonanza 2021!
[08:07:57] 
[08:07:57]  
[08:07:57] 
[08:07:57] Rank 3 prize: "0" (last digit)-- 6413 winners.
[08:07:57] 
[08:07:57] Rank 2 prize: "37" (last two digits)-- 928 winners.
[08:07:57] 
[08:07:57] Rank 1 prize: "196" (all three digits)-- 88 winners.
[08:07:57] 
[08:07:57] *The number of winners for each prize is a combined total from all worlds.
[08:07:57] 
[08:07:57]  
[08:07:57] 
[08:07:57] Collection period: On April 12, 2021 at 1:00 (PDT) / 8:00 (GMT) to April 30, at 7:59 (PDT) / 14:59 (GMT)
[08:07:57] 
[08:07:57] Details on the prize can be confirmed by speaking to a Bonanza Moogle at one of the following locations:
[08:07:57] 
[08:07:57] Port San d'Oria (I-9) / Port Bastok (L-8) / Port Windurst (F-6) / Chocobo Circuit (H-8)
[08:08:02] You have undertaken the limited-time Records of Eminence challenge ‡²Vanquish Lizards.‡³
[08:08:02] The April 2021 Login Campaign is currently underway!
[08:08:02] 
[08:08:02] In celebration of your most recent login (login no. 11), we have provided you with 100 points!
[08:08:02] You currently have a total of 3000 points.
[08:08:02] We hope you enjoy this complimentary little gift, courtesy of the citizens of Vana'diel!
[08:08:02] Obtained: Dial key #Ab.
[08:08:16] Maatoo[PSandOria]: Dho Gates Crab 500/2.5m master/10m Fast Cast
[08:08:18] Executing logout in 30 seconds.
[08:08:18] Cancel healing to remain logged in.
[08:08:22] Executing logout in 25 seconds.
[08:08:22] Cancel healing to remain logged in.
[08:08:25] Gukiom[BastokMark]: Abyssea empy Weapon Shop Item LV80 85 90 Do you need it? Buy? /tell
[08:08:26] Executing logout in 20 seconds.
[08:08:26] Cancel healing to remain logged in.
[08:08:31] Executing logout in 15 seconds.
[08:08:31] Cancel healing to remain logged in.
[08:08:36] Executing logout in 10 seconds.
[08:08:36] Cancel healing to remain logged in.
[08:08:41] Executing logout in 5 seconds.
[08:08:41] Cancel healing to remain logged in.
