[16:56:57] === Area: Port San d'Oria ===
[16:56:57] React: Loading File: react_WHM.lua
[16:56:57] *****DP Job Selection:WHM*****
[16:56:57] Mode: Magic.
[16:56:57]  White = Can not cast.
[16:56:57]  Green = Casting Range
[16:56:59] Size already 20.
[16:56:59] ConsoleBG: Position changed! X: 15 Y: 50
[16:57:03] <<< Welcome to Asura! >>>
[16:57:03] Announcing the winning numbers for the 20th Vana'versary Nomad Mog Bonanza!
[16:57:03] 
[16:57:03]  
[16:57:03] 
[16:57:03] Rank 3 prize: "7" (last digit)-- 20,471 winners.
[16:57:03] 
[16:57:03] Rank 2 prize: "04" (last two digits)-- 2,010 winners.
[16:57:03] 
[16:57:03] Rank 1 prize: "854" (all three digits)-- 185 winners.
[16:57:03] 
[16:57:03] *The number of winners for each prize is a combined total from all worlds.
[16:57:03] 
[16:57:03]  
[16:57:03] 
[16:57:03] Collection period: On July 14, 2022 at 1:00 (PDT) / 8:00 (GMT) to July 31, at 7:59 (PDT) / 14:59 (GMT)
[16:57:03] 
[16:57:03] Details on the prize can be confirmed by speaking to a Bonanza Moogle at one of the following locations:
[16:57:03] 
[16:57:03] Port San d'Oria (I-9) / Port Bastok (L-8) / Port Windurst (F-6) / Chocobo Circuit (H-8)
[16:57:05] You have undertaken the limited-time Records of Eminence challenge ｲVanquish Vermin.ｳ
[16:57:05] The maximum number of people are already participating in Unity chat. Please try again later.
[16:57:05] The July 2022 Login Campaign is currently underway!
[16:57:05] 
[16:57:05] In celebration of your most recent login (login no. 15), we have provided you with 100 points!
[16:57:05] You currently have a total of 3400 points.
[16:57:06] We hope you enjoy this complimentary little gift, courtesy of the citizens of Vana'diel!
[16:57:06] Obtained: Special gobbiedial key.
[16:57:18] Benoistndkugwui[PSandOria]:  ｆｆｘｉｐａｌ.ｃｏｍ, GET FAST DELIVERY!★REMA/SU5/Item/gil/Gil/  Discount ->"vip05"
[16:59:01] Jhoo[Rabao]: Odyssey C Do you need it? Bard DDx2 Can I have it? 3/6
[16:59:38] Stigins[Rabao]: Odyssey(C) Segs Do you need it? LFM Tank Cor DDx2 @2/6
[17:00:01] Jhoo[Rabao]: Odyssey C Do you need it? DDx1 Can I have it? 5/6
[17:00:42] Redwoods[Norg]: WTB * Mars/Venus orb 2.5M * Do you have it? Sell?
Habitox : Oho, ya feelin' lucky 'nough tah takes a stab at da myst'ry box?
[17:01:11] Habitox : Oho, ya feelin' lucky 'nough tah takes a stab at da myst'ry box?
[17:01:11] Habitox : Oho, ya feelin' lucky 'nough tah takes a stab at da myst'ry box?
Habitox : Ya wanna open dat sucker up? Okay, but which dial ya be wantin'?
[17:01:12] Habitox : Ya wanna open dat sucker up? Okay, but which dial ya be wantin'?
[17:01:12] Habitox : Ya wanna open dat sucker up? Okay, but which dial ya be wantin'?
[17:01:12] Stigins[Rabao]: Odyssey(C) Segs Do you need it? LFM Tank DDx2 @3/6
Habitox : So ya be wantin' the special dial?M'kay, get yerself all steeled up, 'cause here we go! 'Member, no complaints!
[17:01:15] Habitox : So ya be wantin' the special dial?
[17:01:15] 　M'kay, get yerself all steeled up, 'cause here we go! 'Member, no complaints!
[17:01:15] Habitox : So ya be wantin' the special dial?
[17:01:15] 　M'kay, get yerself all steeled up, 'cause here we go! 'Member, no complaints!
Habitox : Dis box is full o' myst'ries,♪Dat span da realm's his'try,♪So whatcha gonna get from da chest...o'...uh, fortunery?♪
[17:01:16] Habitox : Dis box is full o' myst'ries,♪
[17:01:16] 　Dat span da realm's his'try,♪
[17:01:16] 　So whatcha gonna get from da chest...o'...uh, fortunery?♪
[17:01:16] Habitox : Dis box is full o' myst'ries,♪
[17:01:16] 　Dat span da realm's his'try,♪
[17:01:16] 　So whatcha gonna get from da chest...o'...uh, fortunery?♪
Habitox : Oooh, looks at what popped out! I hopes it makes yer adventures dat much more adventumarous!
[17:01:20] Habitox : Oooh, looks at what popped out! I hopes it makes yer adventures dat much more adventumarous!
[17:01:20] Habitox : Oooh, looks at what popped out! I hopes it makes yer adventures dat much more adventumarous!
[17:01:24] Obtained: Oztroja chest key.
[17:01:24] You have used 50 points of your daily tally!
[17:01:28] Executing logout in 30 seconds.
[17:01:28] Cancel healing to remain logged in.
[17:01:32] Executing logout in 25 seconds.
[17:01:32] Cancel healing to remain logged in.
[17:01:37] Executing logout in 20 seconds.
[17:01:37] Cancel healing to remain logged in.
[17:01:42] Executing logout in 15 seconds.
[17:01:42] Cancel healing to remain logged in.
[17:01:47] Executing logout in 10 seconds.
[17:01:47] Cancel healing to remain logged in.
[17:01:48] Alyxande[Norg]: Gin's Scale Sell? /tell price
[17:01:52] Executing logout in 5 seconds.
[17:01:52] Cancel healing to remain logged in.
