[16:05:26] === Area: Port San d'Oria ===
[16:05:26] *****DP Job Selection:WHM*****
[16:05:26] Mode: Magic.
[16:05:26]  White = Can not cast.
[16:05:26]  Green = Casting Range
[16:05:26] React: Loading File: react_WHM.lua
[16:05:28] Size already 20.
[16:05:28] ConsoleBG: Position changed! X: 15 Y: 50
[16:05:34] <<< Welcome to Asura! >>>
[16:05:34] Announcing the winning numbers for the 20th Vana'versary Nomad Mog Bonanza!
[16:05:34] 
[16:05:34]  
[16:05:34] 
[16:05:34] Rank 3 prize: "7" (last digit)-- 20,471 winners.
[16:05:34] 
[16:05:34] Rank 2 prize: "04" (last two digits)-- 2,010 winners.
[16:05:34] 
[16:05:34] Rank 1 prize: "854" (all three digits)-- 185 winners.
[16:05:34] 
[16:05:34] *The number of winners for each prize is a combined total from all worlds.
[16:05:34] 
[16:05:34]  
[16:05:34] 
[16:05:34] Collection period: On July 14, 2022 at 1:00 (PDT) / 8:00 (GMT) to July 31, at 7:59 (PDT) / 14:59 (GMT)
[16:05:34] 
[16:05:34] Details on the prize can be confirmed by speaking to a Bonanza Moogle at one of the following locations:
[16:05:34] 
[16:05:34] Port San d'Oria (I-9) / Port Bastok (L-8) / Port Windurst (F-6) / Chocobo Circuit (H-8)
[16:05:35] You have undertaken the limited-time Records of Eminence challenge á≤Spoils (Seals).á≥
[16:05:35] The July 2022 Login Campaign is currently underway!
[16:05:35] 
[16:05:35] The maximum number of people are already participating in Unity chat. Please try again later.
[16:05:35] In celebration of your most recent login (login no. 16), we have provided you with 100 points!
[16:05:35] You currently have a total of 3500 points.
[16:05:35] We hope you enjoy this complimentary little gift, courtesy of the citizens of Vana'diel!
[16:05:36] Obtained: Special gobbiedial key.
[16:05:43] Gargurty[EastAdoulin]: wait.....isnt there a merc for that
[16:05:49] Rescuetaru[LowJeuno]: The Circle of Life!
Habitox : Oho, ya feelin' lucky 'nough tah takes a stab at da myst'ry box?
[16:05:50] Habitox : Oho, ya feelin' lucky 'nough tah takes a stab at da myst'ry box?
[16:05:50] Habitox : Oho, ya feelin' lucky 'nough tah takes a stab at da myst'ry box?
Habitox : Ya wanna open dat sucker up? Okay, but which dial ya be wantin'?
[16:05:52] Habitox : Ya wanna open dat sucker up? Okay, but which dial ya be wantin'?
[16:05:52] Habitox : Ya wanna open dat sucker up? Okay, but which dial ya be wantin'?
[16:05:53] Princeheath[Mhaura]: no thanks that ruins the fun
Habitox : So ya be wantin' the special dial?Whoawhoawhoa! Get yer grubby hands offa that! Ya don't have enough daily tally, and I's not 'bout tah let ya cheat me!
[16:05:55] Habitox : So ya be wantin' the special dial?
[16:05:55] Habitox : So ya be wantin' the special dial?
[16:05:57] 
[16:05:57] Å@Whoawhoawhoa! Get yer grubby hands offa that! Ya don't have enough daily tally, and I's not 'bout tah let ya cheat me!
[16:05:57] 
[16:05:57] Å@Whoawhoawhoa! Get yer grubby hands offa that! Ya don't have enough daily tally, and I's not 'bout tah let ya cheat me!
[16:06:04] Lagerr[PortBastok]: yea play how you wish 
[16:06:11] Executing logout in 30 seconds.
[16:06:11] Cancel healing to remain logged in.
[16:06:16] Executing logout in 25 seconds.
[16:06:16] Cancel healing to remain logged in.
[16:06:20] Executing logout in 20 seconds.
[16:06:20] Cancel healing to remain logged in.
[16:06:24] Battles[SSandOria]: Or pay somebody else to do it for you, "How you wish".
[16:06:25] Princeheath[Mhaura]: Buying Pulse Weapon
[16:06:25] Executing logout in 15 seconds.
[16:06:25] Cancel healing to remain logged in.
[16:06:30] Executing logout in 10 seconds.
[16:06:30] Cancel healing to remain logged in.
[16:06:35] Executing logout in 5 seconds.
[16:06:35] Cancel healing to remain logged in.
