[21:08:03] === Area: Port San d'Oria ===
[21:08:03] *****DP Job Selection:WHM*****
[21:08:03] Mode: Magic.
[21:08:03]  White = Can not cast.
[21:08:03]  Green = Casting Range
[21:08:03] React: Loading File: react_WHM.lua
[21:08:05] Size already 20.
[21:08:05] ConsoleBG: Position changed! X: 15 Y: 50
[21:08:10] <<< Welcome to Asura! >>>
[21:08:10] Announcing the winning numbers for the 20th Vana'versary Nomad Mog Bonanza!
[21:08:10] 
[21:08:10]  
[21:08:10] 
[21:08:10] Rank 3 prize: "7" (last digit)-- 20,471 winners.
[21:08:10] 
[21:08:10] Rank 2 prize: "04" (last two digits)-- 2,010 winners.
[21:08:10] 
[21:08:10] Rank 1 prize: "854" (all three digits)-- 185 winners.
[21:08:10] 
[21:08:10] *The number of winners for each prize is a combined total from all worlds.
[21:08:10] 
[21:08:10]  
[21:08:10] 
[21:08:10] Collection period: On July 14, 2022 at 1:00 (PDT) / 8:00 (GMT) to July 31, at 7:59 (PDT) / 14:59 (GMT)
[21:08:10] 
[21:08:10] Details on the prize can be confirmed by speaking to a Bonanza Moogle at one of the following locations:
[21:08:10] 
[21:08:10] Port San d'Oria (I-9) / Port Bastok (L-8) / Port Windurst (F-6) / Chocobo Circuit (H-8)
[21:08:11] You have undertaken the limited-time Records of Eminence challenge ｲVanquish Undead.ｳ
[21:08:11] The July 2022 Login Campaign is currently underway!
[21:08:11] 
[21:08:11] In celebration of your most recent login (login no. 14), we have provided you with 100 points!
[21:08:11] You currently have a total of 3300 points.
[21:08:11] Leoniea synthesized a darksteel ingot.
[21:08:12] We hope you enjoy this complimentary little gift, courtesy of the citizens of Vana'diel!
[21:08:12] Obtained: Special gobbiedial key.
[21:08:13] Blkuyfvd[BastokMine]: Sell abyssea empy Weapon Shop Item LV80 85 90 Do you need it? /tell
[21:08:26] Ronstadt[BastokMine]: Dynamis - Bastok D WAVE 1-2 RP Treasure Bonus Area Looking for members. /tell @7/12
[21:08:30] Gerbs[Mhaura]: Odyssey C Seg farm 2/6 need PLD BRD 
[21:08:31] Leoniea synthesized a darksteel ingot.
Habitox : Oho, ya feelin' lucky 'nough tah takes a stab at da myst'ry box?
[21:08:34] Habitox : Oho, ya feelin' lucky 'nough tah takes a stab at da myst'ry box?
[21:08:34] Habitox : Oho, ya feelin' lucky 'nough tah takes a stab at da myst'ry box?
Habitox : Ya wanna open dat sucker up? Okay, but which dial ya be wantin'?
[21:08:35] Habitox : Ya wanna open dat sucker up? Okay, but which dial ya be wantin'?
[21:08:35] Habitox : Ya wanna open dat sucker up? Okay, but which dial ya be wantin'?
[21:08:37] Shmilywowo[BastokMark]: Escha - Zi'Tah Escha - Ru'Aun Reisenjima T1T2T3 ALL Item ABJ Telos Earring Reiki Yotai Do you need it? /tell Buy? 
Habitox : So ya be wantin' the special dial?M'kay, get yerself all steeled up, 'cause here we go! 'Member, no complaints!
[21:08:39] Habitox : So ya be wantin' the special dial?
[21:08:39] 　M'kay, get yerself all steeled up, 'cause here we go! 'Member, no complaints!
[21:08:39] Habitox : So ya be wantin' the special dial?
[21:08:39] 　M'kay, get yerself all steeled up, 'cause here we go! 'Member, no complaints!
Habitox : Dis box is full o' myst'ries,♪Dat span da realm's his'try,♪So whatcha gonna get from da chest...o'...uh, fortunery?♪
[21:08:40] Habitox : Dis box is full o' myst'ries,♪
[21:08:40] 　Dat span da realm's his'try,♪
[21:08:40] 　So whatcha gonna get from da chest...o'...uh, fortunery?♪
[21:08:40] Habitox : Dis box is full o' myst'ries,♪
[21:08:40] 　Dat span da realm's his'try,♪
[21:08:40] 　So whatcha gonna get from da chest...o'...uh, fortunery?♪
Habitox : Oooh, looks at what popped out! I hopes it makes yer adventures dat much more adventumarous!
[21:08:44] Habitox : Oooh, looks at what popped out! I hopes it makes yer adventures dat much more adventumarous!
[21:08:44] Habitox : Oooh, looks at what popped out! I hopes it makes yer adventures dat much more adventumarous!
[21:08:44] Aoora[PortBastok]: Ambuscade V.1 VD Do you need it? 4m/run Buy?
[21:08:46] Masxiaosan[LowJeuno]: Telos Earring Reiki Yotai Do you need it? /tell Buy? 
[21:08:47] Obtained: Square of tough dhalmel leather.
[21:08:47] You have used 50 points of your daily tally!
[21:08:52] Leoniea synthesized a darksteel ingot.
[21:08:53] {Sylvie} Oh wow, good job, everyone! That Quetzalcoatl guy in Reisenjima is all beaten up. I think we won! Yay!
[21:08:54] {Sylvie} Currently, we have taken down 8467 monsters in a row, which gives us a not-so-shabby total of 116086 monsters defeated.
[21:08:55] Executing logout in 30 seconds.
[21:08:55] Cancel healing to remain logged in.
[21:08:58] Eunnaa[PortBastok]: Ambuscade V.1 VD Do you need it? 4M Buy? /tell
[21:08:59] Executing logout in 25 seconds.
[21:08:59] Cancel healing to remain logged in.
[21:09:00] Raiseplz synthesized a cursed breastplate.
[21:09:04] Executing logout in 20 seconds.
[21:09:04] Cancel healing to remain logged in.
[21:09:09] Executing logout in 15 seconds.
[21:09:09] Cancel healing to remain logged in.
[21:09:13] Ksods[Mhaura]: Ambuscade V.1 VD Do you need it? 4M Buy?
[21:09:14] Executing logout in 10 seconds.
[21:09:14] Cancel healing to remain logged in.
[21:09:19] Executing logout in 5 seconds.
[21:09:19] Cancel healing to remain logged in.
