[13:24:38] === Area: Port San d'Oria ===
[13:24:39] React: Loading File: react_WHM.lua
[13:24:39] *****DP Job Selection:WHM*****
[13:24:39] Mode: Magic.
[13:24:39]  White = Can not cast.
[13:24:39]  Green = Casting Range
[13:24:41] Size already 20.
[13:24:41] ConsoleBG: Position changed! X: 15 Y: 50
[13:24:44] Vifa[Rabao]: Ambuscade‚PVD ‚PBattle4MDo you need it?Buy?Tell
[13:24:45] <<< Welcome to Asura! >>>
[13:24:45] Announcing the winning numbers for the 20th Vana'versary Nomad Mog Bonanza!
[13:24:45] 
[13:24:45]  
[13:24:45] 
[13:24:45] Rank 3 prize: "7" (last digit)-- 20,471 winners.
[13:24:45] 
[13:24:45] Rank 2 prize: "04" (last two digits)-- 2,010 winners.
[13:24:45] 
[13:24:45] Rank 1 prize: "854" (all three digits)-- 185 winners.
[13:24:45] 
[13:24:45] *The number of winners for each prize is a combined total from all worlds.
[13:24:45] 
[13:24:45]  
[13:24:45] 
[13:24:45] Collection period: On July 14, 2022 at 1:00 (PDT) / 8:00 (GMT) to July 31, at 7:59 (PDT) / 14:59 (GMT)
[13:24:45] 
[13:24:45] Details on the prize can be confirmed by speaking to a Bonanza Moogle at one of the following locations:
[13:24:45] 
[13:24:45] Port San d'Oria (I-9) / Port Bastok (L-8) / Port Windurst (F-6) / Chocobo Circuit (H-8)
[13:24:46] You have undertaken the limited-time Records of Eminence challenge ‡²Magic Damage Kills.‡³
[13:24:46] The July 2022 Login Campaign is currently underway!
[13:24:46] 
[13:24:46] The maximum number of people are already participating in Unity chat. Please try again later.
[13:24:46] In celebration of your most recent login (login no. 13), we have provided you with 100 points!
[13:24:46] You currently have a total of 3200 points.
[13:24:48] We hope you enjoy this complimentary little gift, courtesy of the citizens of Vana'diel!
[13:24:48] Obtained: Special gobbiedial key.
[13:25:02] Fczjst[PSandOria]: Omen FU Shulmanu Collar Middleboss Do you need it? Buy?tell
[13:25:05] Rsdgwrg : Buy And Sell FF11 Gil At  WVVW.P2PAH.COM   1000K =0.5$..qgy
[13:25:07] Kimcaeonic[BastokMine]: Aeonic/ioniƒbkuuƒFpon ReisenjimaFull or HelmT4 x7 Clear Mind Buy? /tell
[13:25:11] Vwx[Mhaura]: Ambuscade V.1 VD Do you need it?  4m 1run Buy? /tell
[13:25:30] Bertrix[BastokMine]: SRDo you need it?Jobanything—‚R
[13:25:42] Fczjst[PSandOria]: Omen FU Shulmanu Collar Middleboss Do you need it? Buy?tell
[13:25:43] Magiceagle : `
Habitox : Oho, ya feelin' lucky 'nough tah takes a stab at da myst'ry box?
[13:25:49] Habitox : Oho, ya feelin' lucky 'nough tah takes a stab at da myst'ry box?
[13:25:49] Habitox : Oho, ya feelin' lucky 'nough tah takes a stab at da myst'ry box?
Habitox : Ya wanna open dat sucker up? Okay, but which dial ya be wantin'?
[13:25:51] Habitox : Ya wanna open dat sucker up? Okay, but which dial ya be wantin'?
[13:25:51] Habitox : Ya wanna open dat sucker up? Okay, but which dial ya be wantin'?
Habitox : So ya be wantin' the special dial?M'kay, get yerself all steeled up, 'cause here we go! 'Member, no complaints!
[13:25:54] Habitox : So ya be wantin' the special dial?
[13:25:54] @M'kay, get yerself all steeled up, 'cause here we go! 'Member, no complaints!
[13:25:54] Habitox : So ya be wantin' the special dial?
[13:25:54] @M'kay, get yerself all steeled up, 'cause here we go! 'Member, no complaints!
Habitox : Dis box is full o' myst'ries,ôDat span da realm's his'try,ôSo whatcha gonna get from da chest...o'...uh, fortunery?ô
[13:25:55] Habitox : Dis box is full o' myst'ries,ô
[13:25:55] @Dat span da realm's his'try,ô
[13:25:55] @So whatcha gonna get from da chest...o'...uh, fortunery?ô
[13:25:55] Habitox : Dis box is full o' myst'ries,ô
[13:25:55] @Dat span da realm's his'try,ô
[13:25:55] @So whatcha gonna get from da chest...o'...uh, fortunery?ô
[13:25:55] Rsdgwrg : Buy And Sell FF11 Gil At  WVVW.P2PAH.COM   1000K =0.5$..ihv
Habitox : Oooh, looks at what popped out! I hopes it makes yer adventures dat much more adventumarous!
[13:25:59] Habitox : Oooh, looks at what popped out! I hopes it makes yer adventures dat much more adventumarous!
[13:25:59] Habitox : Oooh, looks at what popped out! I hopes it makes yer adventures dat much more adventumarous!
[13:26:02] Vwx[Mhaura]: Ambuscade V.1 VD Do you need it?  4m 1run Buy? /tell
[13:26:02] Obtained: Kawahori-ogi.
[13:26:02] You have used 50 points of your daily tally!
[13:26:08] Executing logout in 30 seconds.
[13:26:08] Cancel healing to remain logged in.
[13:26:12] Executing logout in 25 seconds.
[13:26:12] Cancel healing to remain logged in.
[13:26:17] Executing logout in 20 seconds.
[13:26:17] Cancel healing to remain logged in.
[13:26:22] Fczjst[PSandOria]: Omen FU Shulmanu Collar Middleboss Do you need it? Buy?tell
[13:26:22] Executing logout in 15 seconds.
[13:26:22] Cancel healing to remain logged in.
[13:26:27] Executing logout in 10 seconds.
[13:26:27] Cancel healing to remain logged in.
[13:26:30] Vifa[Mhaura]: Ambuscade‚PVD ‚PBattle4MDo you need it?Buy?Tell
[13:26:32] Executing logout in 5 seconds.
[13:26:32] Cancel healing to remain logged in.
[13:26:35] Aeschreaskytpse[SSandOria]:  ‚†‚†‚˜‚‰‚‚‚Œ.‚ƒ‚‚, GET FAST DELIVERY!šREMA/SU5/Item/gil/Gil/  Discount ->"July2022"
[13:26:37] Kimcaeonic[BastokMine]: Aeonic/ioniƒbkuuƒFpon ReisenjimaFull or HelmT4 x7 Clear Mind Buy? /tell
