=== Area: Reisenjima ===
Loading Blist settings for Suede.
React: Loading File: react_BLM.lua
*****DP Job Selection:BLM*****
Mode: Magic.
 White = Can not cast.
 Green = Casting Range
Size already 20.
ConsoleBG: Position changed! X: 15 Y: 50
You have undertaken the limited-time Records of Eminence challenge á≤Vanquish Plantoids.á≥
The maximum number of people are already participating in Unity chat. Please try again later.
<<< Welcome to Asura! >>>
Å°Assist Channel added for New Players and Returnees! https://sqex.to/yLvfp


Å°Vana'diel Doused with the August Version Update!


Å°Sunbreeze Festival & Green Festival [until August 31 at 7:59 (PDT) / 14:59 (GMT) / 15:59 (BST)]


Å°August 2022 Login Campaign [until September 2 at 7:00 (PDT) / 14:00 (GMT) / 15:00 (BST)]


Å°Fun in the Sun Campaign [until August 22 at 0:59 (PDT) / 7:59 (GMT) / 8:59(BST)]


Å°Return Home to Vana'diel Campaign [until August 22 at 1:00 (PDT) / 8:00 (GMT) / 9:00 (BST)]


Å°Discount Campaign [until August 31 at 1:00 (PDT) / 8:00 (GMT) / 9:00 (BST)]


Å°The Summer Alter Ego Extravaganza [until August 31 at 7:59 (PDT) / 14:59 (GMT) / 15:59 (BST)]


* Please refer to the official website for more details.
Incantrix : Come to trade?
Incantrix : Come to trade?
Incantrix : Come to trade?
Incantrix : I's able to use my magic on your breath 1 more time.
Incantrix : I's able to use my magic on your breath 1 more time.
Incantrix : I's able to use my magic on your breath 1 more time.
Incantrix : Now, don'tcha move one ilm...
Incantrix : Now, don'tcha move one ilm...
Incantrix : Now, don'tcha move one ilm...
Obtained key item: Mystical canteen.
Suede's Protect effect wears off.
Indis summons a chirping chocobo chick.
Miniulti : MINI

Miniina : im mini

Miniulti : we mini

Miniulti cheers Miniina on!
=== Area: Reisenjima ===
Loading Blist settings for Suede.
React: Loading File: react_BLM.lua
*****DP Job Selection:BLM*****
Mode: Magic.
 White = Can not cast.
 Green = Casting Range
Size already 20.
ConsoleBG: Position changed! X: 15 Y: 50
You have undertaken the limited-time Records of Eminence challenge á≤Vanquish Beasts.á≥
The August 2022 Login Campaign is currently underway!
The maximum number of people are already participating in Unity chat. Please try again later.
In celebration of your most recent login (login no. 7), we have provided you with 100 points!You currently have a total of 1100 points.
Megid : T.T

<<< Welcome to Asura! >>>
Å°Assist Channel added for New Players and Returnees! https://sqex.to/yLvfp


Å°Vana'diel Doused with the August Version Update!


Å°Sunbreeze Festival & Green Festival [until August 31 at 7:59 (PDT) / 14:59 (GMT) / 15:59 (BST)]


Å°August 2022 Login Campaign [until September 2 at 7:00 (PDT) / 14:00 (GMT) / 15:00 (BST)]


Å°Fun in the Sun Campaign [until August 22 at 0:59 (PDT) / 7:59 (GMT) / 8:59(BST)]


Å°Return Home to Vana'diel Campaign [until August 22 at 1:00 (PDT) / 8:00 (GMT) / 9:00 (BST)]


Å°Discount Campaign [until August 31 at 1:00 (PDT) / 8:00 (GMT) / 9:00 (BST)]


Å°The Summer Alter Ego Extravaganza [until August 31 at 7:59 (PDT) / 14:59 (GMT) / 15:59 (BST)]


* Please refer to the official website for more details.
Taichuii : you're

Megid : D:

Deoxys : youwre*

Shunryu : everyone

Taichuii : uwu too bad

Megid bows courteously to Altanaa.
Deoxys : correct ^

Altanaa smiles warmly at Megid.
Megid : I'm rich

Gottlieb : Punkie Brewster

Royals : thou art* fuckin peasants

Shunryu : but stupid

Gottlieb points at Taichuii.
Yiro eats some Porklomein

Gottlieb : Charlie's Angels

Taichuii : spelt anals wrong

Porklomein : uWu

Gottlieb : NFL

Gottlieb : MBL

Gottlieb : NHL

Ringzero : GLE

Gottlieb : YOur Momma

Deoxys : you're*

Megid examines you again.

Shakyamuni examines you.

Shakyamuni waves to Gottlieb.
Suede's Shell effect wears off.
Gottlieb waves to Shakyamuni.
Drauger licks Vayuh

Vayuh looks at Drauger, shocked!
Drauger grins roguishly at Vayuh.
Vayuh looks away from Drauger, lost in thought.
Shakyamuni waves to Porklomein.
Porklomein waves to Shakyamuni.
Ynti bursts out laughing beside Karayb!
Daethsightt waves to Thepoopsmith.
Incantrix : Come to trade?
Incantrix : Come to trade?
Incantrix : Come to trade?
Incantrix : I's able to use my magic on your breath 1 more time.
Incantrix : I's able to use my magic on your breath 1 more time.
Incantrix : I's able to use my magic on your breath 1 more time.
Incantrix : Hm? You've already gots yourself a mystical canteen. Don't push your luck.
Incantrix : Hm? You've already gots yourself a mystical canteen. Don't push your luck.
Incantrix : Hm? You've already gots yourself a mystical canteen. Don't push your luck.
findAll: Searching: canteen
findAll: Suede/key items: mystical canteen
findAll: Helyah/key items: mystical canteen
findAll: Oasus/key items: mystical canteen
findAll: Olymoly/key items: mystical canteen
findAll: Total: 4
Incantrix : Come to trade?
Incantrix : Come to trade?
Incantrix : Come to trade?
Incantrix : I's able to use my magic on your breath 1 more time.
Incantrix : I's able to use my magic on your breath 1 more time.
Incantrix : I's able to use my magic on your breath 1 more time.
Incantrix : Hm? You've already gots yourself a mystical canteen. Don't push your luck.
Incantrix : Hm? You've already gots yourself a mystical canteen. Don't push your luck.
Incantrix : Hm? You've already gots yourself a mystical canteen. Don't push your luck.
Coelestrox : How you get here? This no easy place to reach.
Coelestrox : How you get here? This no easy place to reach.
Coelestrox : How you get here? This no easy place to reach.
Coelestrox : If so, then I have request for you.
Coelestrox : If so, then I have request for you.
Coelestrox : If so, then I have request for you.
Coelestrox : I can make many metal thing, but need more training. You help.
Coelestrox : I can make many metal thing, but need more training. You help.
Coelestrox : I can make many metal thing, but need more training. You help.
Coelestrox : But normal materials no good. Need special one. You bring so I get better.
Coelestrox : But normal materials no good. Need special one. You bring so I get better.
Coelestrox : But normal materials no good. Need special one. You bring so I get better.
Coelestrox : If I get better, you get stronger. Is good deal.
Coelestrox : If I get better, you get stronger. Is good deal.
Coelestrox : If I get better, you get stronger. Is good deal.
Coelestrox : Here list of what I need.
Coelestrox : Here list of what I need.
Coelestrox : Here list of what I need.
Suede starts casting Warp on Suede.
Suede's casting is interrupted.
Samanta waves to Ladyagrias.
Arceila : 8 cards that run

Luckky : no more ki here ; ;

Rebllion : anyone need cards ?

Gottlieb : im on bst mode

Gottlieb nods.
Karmakarma : Anyone card farming have room for one more?

Taobaowang kneels respectfully before Droske.
Esency looks at Pixster and panics!
Esency looks at Rebllion and panics!
Esency waves to Rebllion.
Chuggachugga cheers Arezent on!
Arezent salutes Chuggachugga.
Shoza bows courteously to Elisapenn.
Elisapenn gives a triumphant cry with Shoza!
Sonden examines you.
Vayuh looks at Kasune, shocked!
Kasune pokes Vayuh.
Vayuh slaps Kasune.
Kasune summons a chirping chocobo chick for Vayuh.
Vayuh intimidates Kasune with her fearsome black wings.
You have undertaken the limited-time Records of Eminence challenge á≤Vanquish Birds.á≥
Bassotto applies a bandage to Asterism.
Bassotto applies a bandage to Ruvuy.
Ruvuy motions joyfully to Galgo.
Esency waves to Vayuh.
Vayuh smiles warmly at Esency.
Vayuh looks at Esency, shocked!
Esency looks at Vayuh and panics!
Vayuh slaps Esency.
Vayuh looks at Esency, shocked!
Vayuh looks at Kasune, shocked!
Bassotto applies a bandage to Kumatti.
Kumatti summons a chirping chocobo chick for Bassotto.
Kildabeasttwo : sea all jers

Zelie : Cards Can I have it? Reward 2M

Zelie : Cards Can I have it? Reward 2M

Lordoftheseven waves to dazusu

Yamilla waves to Knoel.
Larachan bows.
Knoel waves to Yamilla.
Yamilla cheers Knoel on!
Sabishii waves to Kiakasha.
Kiakasha motions joyfully to Sabishii.
Sabishii waves to Yamilla.
Yamilla waves to Sabishii.
Zaffren claps his hands at Arcaine.
Zaffren looks away from Arcaine, lost in thought.
Zaffren looks away from Arcaine, lost in thought.
Zaffren nods to Arcaine.
Arcaine salutes Zaffren.
Tiado waves to Shua.
Sabishii waves to Shua.
Tiado looks at Shua and panics!
Yamilla waves to Kasune.
Kasune waves to Yamilla.
Vayuh looks at Kingvon, shocked!
Kingvon bows courteously to Vayuh.
Vayuh nods to Kingvon.
Ticien : someone here got some stank butt

Zanbuza : >.><.<

Lobbi : Hello! card farm Can I have it? DRG You can have this. Please invite me.

Zaffren seems lost in thought.
Zaffren looks away from Shadowabuser, lost in thought.
Nineteeneleven unleashes a burst of runic energy.
Lobbi : Hello! card farm Can I have it? DRG You can have this. Please invite me.! thanks !

Lobbi : Hello! card farm Can I have it? DRG You can have this. Please invite me.! thanks !

Lobbi : Hello! card farm Can I have it? DRG You can have this. Please invite me.! thanks !

Yamilla pats Lobbi consolingly.
Lobbi weeps in sorrow before Yamilla.
Miniulti pats Lobbi consolingly.
You have undertaken the limited-time Records of Eminence challenge á≤Vanquish Lizards.á≥
Lobbi : Hello! card farm Can I have it? DRG You can have this. Please invite me.! thanks !

CaitÅ?Sith readies Reraise II.
CaitÅ?Sith uses Reraise II.Valcus gains the effect of Reraise.
Miniulti : just solo :D dont kill the mid bosses

Lobbi : i like to socialize too lol XD

Miniulti : >:O!

Lobbi : Hello! card farm Can I have it? DRG You can have this. Please invite me.! thanks !

Katyl waves goodbye to Lizel.
Kiakasha calls forth her dark minions to beleaguer Sabishii.
Kiakasha calls forth her dark minions to beleaguer Khay.
Kiakasha calls forth her dark minions to beleaguer Knoel.
Knoel bows courteously to Kiakasha.
Kiakasha calls forth her dark minions to beleaguer Arcaine.
Cabbit is listening intently.
