[11:26:15] React: Loading File: react_THF.lua
[11:26:17] *****DP Job Selection:THF*****
[11:26:17] Mode: Default.
[11:26:17] Welcome, Feary!
[11:26:17] Did you know if you subscribe to Guildwork Premium (guildwork.com/premium) you can get cross-zone shouts, AH notifications, Bazaar notifications, Remote chat and more?
[11:26:20] You have undertaken the limited-time Records of Eminence challenge á≤Vanquish Amorphs.á≥
[11:26:20] The August 2019 Login Campaign is currently underway!
[11:26:20] 
[11:26:20] The maximum number of people are already participating in Unity chat. Please try again later.
[11:26:20] In celebration of your most recent login (login no. 7), we have provided you with 100 points!
[11:26:20] You currently have a total of 2600 points.
[11:26:21] <<< Welcome to Asura! >>>
[11:26:21] Å°Vana'diel Doused with the Aug. Ver. Update!
[11:26:21] 
[11:26:21] Å°The August 2019 Login Cmpn. [Aug. 13, 8:00 (PDT) / 15:00 (GMT) to Sep. 9, 7:00 (PDT)/ 14:00 (GMT)]
[11:26:21] 
[11:26:21] Å°The Sunbreeze Festival [Aug. 13, 1:00 (PDT) / 8:00 (GMT) to Aug. 31, 7:59 (PDT)/ 14:59 (GMT)]
[11:26:21] 
[11:26:21] Å°One in a Melon Screenshot Cmpn. [Aug. 13, 1:00 (PDT) / 8:00 (GMT) to Aug. 20, 0:59 (PDT)/ 7:59 (GMT)]
[11:26:21] 
[11:26:21] Å°Adventurer Appreciation Cmpn. [Aug. 9, 1:00 (PDT) / 8:00 (GMT) to Aug. 31, 7:59 (PDT)/ 14:59 (GMT)]
[11:26:21] 
[11:26:21] Å°Discount Cmpn. [Aug. 9, 1:00 (PDT) / 8:00 (GMT) to Aug. 30, 1:00 (PDT) / 8:00 (GMT)]
[11:26:21] 
[11:26:21] Å°Mog House Orchestrion Full Speed Ahead! Cmpn. [Aug. 9, 1:00 (PDT) / 8:00 (GMT) to Aug. 31, 7:59 (PDT)/ 14:59 (GMT)]
[11:26:21] 
[11:26:21] Å°The Summer Alter Ego Extravaganza [Aug. 1, 1:00 (PDT) / 8:00 (GMT) to Aug. 31, 7:59 (PDT)/ 14:59 (GMT)]
[11:26:21] 
[11:26:21] Å°The Green Festival [Aug. 1, 1:00 (PDT) / 8:00 (GMT) to Aug. 31, 7:59 (PDT)/ 14:59 (GMT)]
[11:26:21] 
[11:26:21] * Please refer to the official website for more details. 
[11:26:25] We hope you enjoy this complimentary little gift, courtesy of the citizens of Vana'diel!
[11:26:25] Obtained: Special gobbiedial key.
[11:28:47] React: Loading File: react_THF.lua
[11:28:48] *****DP Job Selection:THF*****
[11:28:49] Mode: Default.
[11:28:49] Welcome, Feary!
[11:28:49] Did you know if you subscribe to Guildwork Premium (guildwork.com/premium) you can get cross-zone shouts, AH notifications, Bazaar notifications, Remote chat and more?
[11:28:52] The maximum number of people are already participating in Unity chat. Please try again later.
[11:28:53] <<< Welcome to Asura! >>>
[11:28:53] Å°Vana'diel Doused with the Aug. Ver. Update!
[11:28:53] 
[11:28:53] Å°The August 2019 Login Cmpn. [Aug. 13, 8:00 (PDT) / 15:00 (GMT) to Sep. 9, 7:00 (PDT)/ 14:00 (GMT)]
[11:28:53] 
[11:28:53] Å°The Sunbreeze Festival [Aug. 13, 1:00 (PDT) / 8:00 (GMT) to Aug. 31, 7:59 (PDT)/ 14:59 (GMT)]
[11:28:53] 
[11:28:53] Å°One in a Melon Screenshot Cmpn. [Aug. 13, 1:00 (PDT) / 8:00 (GMT) to Aug. 20, 0:59 (PDT)/ 7:59 (GMT)]
[11:28:53] 
[11:28:53] Å°Adventurer Appreciation Cmpn. [Aug. 9, 1:00 (PDT) / 8:00 (GMT) to Aug. 31, 7:59 (PDT)/ 14:59 (GMT)]
[11:28:53] 
[11:28:53] Å°Discount Cmpn. [Aug. 9, 1:00 (PDT) / 8:00 (GMT) to Aug. 30, 1:00 (PDT) / 8:00 (GMT)]
[11:28:53] 
[11:28:53] Å°Mog House Orchestrion Full Speed Ahead! Cmpn. [Aug. 9, 1:00 (PDT) / 8:00 (GMT) to Aug. 31, 7:59 (PDT)/ 14:59 (GMT)]
[11:28:53] 
[11:28:53] Å°The Summer Alter Ego Extravaganza [Aug. 1, 1:00 (PDT) / 8:00 (GMT) to Aug. 31, 7:59 (PDT)/ 14:59 (GMT)]
[11:28:54] 
[11:28:54] Å°The Green Festival [Aug. 1, 1:00 (PDT) / 8:00 (GMT) to Aug. 31, 7:59 (PDT)/ 14:59 (GMT)]
[11:28:54] 
[11:28:54] * Please refer to the official website for more details. 
