[00:00:00] Maddusa starts casting Cure III on Smashprime.
[00:00:00] The SweetwaterÅ?Lizard scores a critical hit!
[00:00:00] Heavensward takes 241 points of damage.
[00:00:00] The SweetwaterÅ?Lizard hits Heavensward for 96 points of damage.
[00:00:02] (Molyoly) 30k ws Bird
[00:00:02] Cossack earns a merit point! (Total: 39)
[00:00:02] EXP chain #7!
[00:00:02] Suede gains 1512 experience points.
[00:00:02] Heavensward earns a merit point! (Total: 62)
[00:00:02] The SweetwaterÅ?Lizard hits Smashprime for 0 points of damage.
[00:00:02] [2] The SweetwaterÅ?Lizard hits Jonaswylle for 108 points of damage.
[00:00:02] The SweetwaterÅ?Lizard hits Maddusa for 178 points of damage.
[00:00:02] The SweetwaterÅ?Lizard readies Baleful Gaze.
[00:00:04] Mewwgoat uses Double-Up.
[00:00:04] Bust!
[00:00:04] {2}: Mewwgoat and Sevii lose the effect of Wizard's Roll.
[00:00:04] The SweetwaterÅ?Lizard hits Heavensward for 91 points of damage.
[00:00:05] Suede's Stoneskin effect wears off.
[00:00:05] The SweetwaterÅ?Lizard uses Baleful Gaze, but misses Jonaswylle.
[00:00:05] Maddusa starts casting Curaga III on Heavensward.
[00:00:06] The SweetwaterÅ?Lizard hits Smashprime for 0 points of damage.
[00:00:06] The SweetwaterÅ?Lizard hits Mewwgoat for 224 points of damage.
[00:00:07] Fatlock uses Majesty.
[00:00:08] [2] The SweetwaterÅ?Lizard hits Heavensward for 232 points of damage.
[00:00:08] Haxetcetera starts casting Haste on Fatlock.
[00:00:09] You are too far from the battle to gain experience.
[00:00:10] Haxetcetera casts Haste.
[00:00:10] Fatlock gains the effect of Haste.
[00:00:10] The SweetwaterÅ?Lizard hits Smashprime for 59 points of damage.
[00:00:10] Jonaswylle readies Upheaval.
[00:00:10] Jonaswylle defeats the Sweetwater Lizard.
[00:00:10] Records of Eminence: Vanquish Multiple Enemies I.
[00:00:10] Progress: 131/200.
[00:00:11] Maddusa starts casting Curaga IV on Heavensward.
[00:00:12] Smashprime readies Chant du Cygne.
[00:00:12] Smashprime defeats the Sweetwater Lizard.
[00:00:12] Records of Eminence: Vanquish Multiple Enemies I.
[00:00:12] Progress: 132/200.
[00:00:14] The SweetwaterÅ?Lizard hits Maddusa for 118 points of damage.
[00:00:15] EXP chain #8!
[00:00:15] Suede gains 1635 experience points.
[00:00:16] Maddusa starts casting Cure III on Mewwgoat.
[00:00:16] Obey... Follow the light...
[00:00:16] Vanquish 44 sweetwater foes.
[00:00:17] Frayya earns a job point! (Total: 184)
[00:00:17] EXP chain #9!
[00:00:17] Suede gains 1635 experience points.
[00:00:17] Suede attains level 63!
[00:00:17] Haxetcetera earns a merit point! (Total: 39)
[00:00:17] You find a crystal of swart astral detritus on the Sweetwater Lizard.
[00:00:17] Heavensward readies Tachi: Fudo.
[00:00:18] The SweetwaterÅ?Lizard misses Heavensward.
[00:00:18] The SweetwaterÅ?Lizard hits Maddusa for 148 points of damage.
[00:00:20] Bakerboy starts casting Cure IV on Jonaswylle.
[00:00:20] Maddusa starts casting Cure IV on Jonaswylle.
[00:00:22] The SweetwaterÅ?Lizard hits Heavensward for 113 points of damage.
[00:00:22] The SweetwaterÅ?Lizard scores a critical hit!
[00:00:22] Heavensward takes 164 points of damage.
[00:00:23] The SweetwaterÅ?Lizard hits Maddusa for 138 points of damage.
[00:00:23] Heavensward readies Tachi: Fudo.
[00:00:23] Heavensward defeats the Sweetwater Lizard.
[00:00:23] Records of Eminence: Vanquish Multiple Enemies I.
[00:00:23] Progress: 133/200.
[00:00:24] Maddusa starts casting Cure III on Maddusa.
[00:00:24] Cossack starts casting Indi-Fury on Cossack.
[00:00:24] Molyoly starts casting Cure V on Maddusa.
[00:00:27] Sevii uses Provoke on the SweetwaterÅ?Vulture.
[00:00:27] Jonaswylle uses Provoke on the SweetwaterÅ?Vulture.
[00:00:28] The SweetwaterÅ?Lizard hits Molyoly for 231 points of damage.
[00:00:28] Heavensward earns a merit point! (Total: 63)
[00:00:28] EXP chain #10!
[00:00:28] Suede gains 1744 experience points.
[00:00:28] Maddusa starts casting Cure IV on Heavensward.
[00:00:30] The SweetwaterÅ?Vulture hits Sevii for 194 points of damage.
[00:00:30] The SweetwaterÅ?Vulture hits Jonaswylle for 0 points of damage.
[00:00:30] Sevii uses Hasso.
[00:00:31] The SweetwaterÅ?Vulture hits Fatlock for 0 points of damage.
[00:00:31] The SweetwaterÅ?Lizard hits Maddusa for 0 points of damage.
[00:00:31] 8: Reduce your foe's HP by at least 30000 using a single weapon skill.
[00:00:34] Heavensward readies Tachi: Fudo.
[00:00:34] The SweetwaterÅ?Vulture hits Sevii for 155 points of damage.
[00:00:34] The SweetwaterÅ?Lizard readies Plaguebreath.
[00:00:34] Fatlock starts casting Flash on the TranscendedÅ?Vulture.
[00:00:34] Jonaswylle uses Retaliation.
[00:00:35] The SweetwaterÅ?Vulture hits Jonaswylle for 0 points of damage.
[00:00:35] Fatlock casts Flash.
[00:00:35] The TranscendedÅ?Vulture is afflicted with Flash.
[00:00:35] Mewwgoat uses Wizard's Roll. the total comes to 3!
[00:00:35] {4}: Mewwgoat, Maddusa, Frayya, and Heavensward receive the effect of Wizard's Roll.
[00:00:35] [2] The SweetwaterÅ?Vulture hits Fatlock for 0 points of damage.
[00:00:36] The TranscendedÅ?Vulture hits Fatlock for 0 points of damage.
[00:00:36] The SweetwaterÅ?Lizard uses Plaguebreath.
[00:00:36] Heavensward takes 0 points of damage.
[00:00:36] The SweetwaterÅ?Vulture hits Fatlock for 5 points of damage.
[00:00:38] Bakerboy uses Light Arts.
[00:00:38] The SweetwaterÅ?Vulture misses Sevii.
[00:00:38] The SweetwaterÅ?Vulture hits Jonaswylle for 0 points of damage.
[00:00:39] Smashprime starts casting Sinker Drill on the SweetwaterÅ?Vulture.
[00:00:40] Cossack starts casting Geo-Frailty on the SweetwaterÅ?Vulture.
[00:00:40] The SweetwaterÅ?Lizard hits Heavensward for 0 points of damage.
[00:00:40] [2] The TranscendedÅ?Vulture hits Fatlock for 0 points of damage.
[00:00:41] The SweetwaterÅ?Vulture hits Smashprime for 157 points of damage.
[00:00:41] Bakerboy uses Addendum: White.
[00:00:41] The SweetwaterÅ?Vulture hits Fatlock for 0 points of damage.
[00:00:41] The SweetwaterÅ?Vulture scores a critical hit!
[00:00:41] Fatlock takes 41 points of damage.
[00:00:42] Sevii readies Tachi: Fudo.
[00:00:42] The SweetwaterÅ?Vulture misses Sevii.
[00:00:42] The SweetwaterÅ?Vulture hits Sevii for 178 points of damage.
[00:00:43] [2] The SweetwaterÅ?Vulture hits Jonaswylle for 0 points of damage.
[00:00:43] The SweetwaterÅ?Lizard readies Plaguebreath.
[00:00:44] The TranscendedÅ?Vulture hits Fatlock for 0 points of damage.
[00:00:45] The SweetwaterÅ?Vulture hits Smashprime for 140 points of damage.
[00:00:45] The SweetwaterÅ?Vulture hits Fatlock for 0 points of damage.
[00:00:45] The SweetwaterÅ?Lizard uses Plaguebreath.
[00:00:45] Heavensward takes 0 points of damage.
[00:00:46] The SweetwaterÅ?Vulture hits Sevii for 199 points of damage.
[00:00:46] Jonaswylle parries the SweetwaterÅ?Vulture's attack with his weapon.
[00:00:47] Smashprime readies Chant du Cygne.
[00:00:47] Bakerboy uses Accession.
[00:00:48] Fatlock starts casting Cocoon on Fatlock.
[00:00:48] The SweetwaterÅ?Vulture readies Wing Cutter.
[00:00:48] The SweetwaterÅ?Lizard hits Heavensward for 0 points of damage.
[00:00:48] Blocked! The TranscendedÅ?Vulture hits Fatlock for 0 points of damage.
[00:00:48] You are too far from the battle to gain experience.
[00:00:49] Mewwgoat uses Snake Eye.
[00:00:49] The SweetwaterÅ?Vulture hits Smashprime for 66 points of damage.
[00:00:49] Cossack starts casting Diaga on the TranscendedÅ?Vulture.
[00:00:49] The SweetwaterÅ?Vulture uses Wing Cutter.
[00:00:49] Sevii takes 140 points of damage.
[00:00:49] Suede takes 38 points of damage.
[00:00:49] Molyoly takes 19 points of damage.
[00:00:49] Fatlock casts Cocoon.
[00:00:49] Fatlock gains the effect of Defense Boost.
[00:00:49] The SweetwaterÅ?Vulture hits Fatlock for 0 points of damage.
[00:00:50] Sevii readies Tachi: Fudo.
[00:00:50] Sevii defeats the Sweetwater Vulture.
[00:00:50] Records of Eminence: Vanquish Multiple Enemies I.
[00:00:50] Progress: 134/200.
[00:00:50] Bakerboy uses Perpetuance.
[00:00:50] The SweetwaterÅ?Vulture readies Wing Cutter.
[00:00:51] [2] The SweetwaterÅ?Vulture hits Jonaswylle for 95 points of damage.
[00:00:51] The SweetwaterÅ?Vulture uses Wing Cutter.
[00:00:51] Smashprime takes 46 points of damage.
[00:00:51] The SweetwaterÅ?Lizard readies Secretion.
[00:00:52] Records of Eminence: Vanquish Multiple Enemies I.
[00:00:52] Progress: 135/200.
[00:00:52] The TranscendedÅ?Vulture scores a critical hit!
[00:00:52] Blocked! Fatlock takes 0 points of damage.
[00:00:54] 1 of Cossack's shadows absorbs the damage and disappears.
[00:00:54] EXP chain #12!
[00:00:54] Suede gains 1744 experience points.
[00:00:54] Haxetcetera earns a merit point! (Total: 40)
[00:00:54] Maddusa's casting is interrupted.
[00:00:55] Cossack earns a merit point! (Total: 41)
[00:00:55] EXP chain #11!
[00:00:55] Suede gains 1744 experience points.
[00:00:55] The SweetwaterÅ?Vulture hits Jonaswylle for 14 points of damage.
[00:00:55] Bakerboy starts casting Regen V on Bakerboy.
[00:00:56] Bakerboy casts Regen V.
[00:00:56] {4}: Bakerboy, Jonaswylle, Cossack, and Smashprime gain the effect of Regen.
[00:00:56] Mewwgoat uses Tactician's Roll. the total comes to 3!
[00:00:56] {3}: Mewwgoat, Maddusa, and Heavensward receive the effect of Tactician's Roll.
[00:00:56] The SweetwaterÅ?Vulture hits Smashprime for 60 points of damage.
[00:00:56] The TranscendedÅ?Vulture scores a critical hit!
[00:00:56] Blocked! Fatlock takes 0 points of damage.
[00:00:57] Jonaswylle uses Berserk.
[00:00:57] Attacks are enhanced but defense weakens.
[00:00:57] The SweetwaterÅ?Vulture hits Bakerboy for 77 points of damage.
[00:00:59] The SweetwaterÅ?Vulture hits Jonaswylle for 52 points of damage.
[00:01:00] You are too far from the battle to gain experience.
[00:01:00] You are too far from the battle to gain experience.
[00:01:00] The SweetwaterÅ?Vulture hits Smashprime for 90 points of damage.
[00:01:00] Maddusa starts casting Curaga III on Sevii.
[00:01:00] Jonaswylle readies Savage Blade.
[00:01:00] Blocked! The TranscendedÅ?Vulture hits Fatlock for 0 points of damage.
[00:01:00] Fatlock starts casting Reprisal on Fatlock.
[00:01:01] Maddusa obtains a crystal of swart astral detritus.
[00:01:01] Bakerboy starts casting Cure III on Smashprime.
[00:01:01] 8: You have reduced your foe's HP by at least 30000 using a single weapon skill.
[00:01:01] Obtained: Paragon white mage card.
[00:01:01] Fatlock casts Reprisal.
[00:01:01] Fatlock gains the effect of Reprisal.
[00:01:01] The SweetwaterÅ?Vulture hits Bakerboy for 56 points of damage.
[00:01:02] Smashprime readies Savage Blade.
[00:01:03] Smashprime defeats the Sweetwater Vulture.
[00:01:03] Records of Eminence: Vanquish Multiple Enemies I.
[00:01:03] Progress: 136/200.
[00:01:03] The SweetwaterÅ?Vulture hits Jonaswylle for 58 points of damage.
[00:01:04] The TranscendedÅ?Vulture misses Jonaswylle.
[00:01:04] The TranscendedÅ?Vulture hits Jonaswylle for 40 points of damage.
[00:01:05] Bakerboy starts casting Haste on Jonaswylle.
[00:01:05] Bakerboy casts Haste.
[00:01:05] Jonaswylle gains the effect of Haste.
[00:01:05] Jonaswylle defeats the Transcended Vulture.
[00:01:05] Maddusa uses Sublimation.
[00:01:05] [2] The SweetwaterÅ?Vulture hits Bakerboy for 177 points of damage.
[00:01:05] Records of Eminence: Vanquish Multiple Enemies I.
[00:01:05] Progress: 137/200.
[00:01:06] EXP chain #13!
[00:01:06] Suede gains 1744 experience points.
[00:01:06] Heavensward earns a merit point! (Total: 64)
[00:01:07] The SweetwaterÅ?Vulture hits Jonaswylle for 45 points of damage.
[00:01:08] Cossack earns a merit point! (Total: 42)
[00:01:08] EXP chain #14!
[00:01:08] Suede gains 1744 experience points.
[00:01:08] Fatlock starts casting Soporific on the SweetwaterÅ?Vulture.
[00:01:08] The SweetwaterÅ?Vulture readies Wing Cutter.
[00:01:09] You are too far from the battle to gain experience.
[00:01:09] The SweetwaterÅ?Vulture uses Wing Cutter.
[00:01:09] Jonaswylle takes 103 points of damage.
[00:01:09] Bakerboy takes 34 points of damage.
[00:01:10] The SweetwaterÅ?Vulture misses Jonaswylle.
[00:01:10] Maddusa starts casting Cure IV on Mewwgoat.
[00:01:11] Fatlock casts Soporific.
[00:01:11] {2}: The SweetwaterÅ?Vulture and the SweetwaterÅ?Vulture resist the spell.
[00:01:12] (Sevii) All right!
[00:01:13] The SweetwaterÅ?Vulture hits Smashprime for 94 points of damage.
[00:01:14] Blocked! The SweetwaterÅ?Vulture hits Fatlock for 0 points of damage.
[00:01:14] The SweetwaterÅ?Vulture hits Jonaswylle for 38 points of damage.
[00:01:15] The SweetwaterÅ?Vulture hits Sevii for 203 points of damage.
[00:01:15] Jonaswylle readies Savage Blade.
[00:01:15] Jonaswylle defeats the Sweetwater Vulture.
[00:01:15] Records of Eminence: Vanquish Multiple Enemies I.
[00:01:15] Progress: 138/200.
[00:01:16] Bakerboy starts casting Haste on Bakerboy.
[00:01:17] Bakerboy casts Haste.
[00:01:17] Bakerboy gains the effect of Haste.
[00:01:17] Maddusa starts casting Cure III on Sevii.
[00:01:17] Obey... Follow the light...
[00:01:17] Vanquish 44 sweetwater foes.
[00:01:17] The SweetwaterÅ?Vulture hits Smashprime for 138 points of damage.
[00:01:18] The SweetwaterÅ?Vulture hits Mewwgoat for 0 points of damage.
[00:01:18] The SweetwaterÅ?Vulture hits Jonaswylle for 57 points of damage.
[00:01:19] Haxetcetera earns a merit point! (Total: 41)
[00:01:19] EXP chain #15!
[00:01:19] Suede gains 1744 experience points.
[00:01:19] The SweetwaterÅ?Vulture readies Helldive.
[00:01:19] (Molyoly) kill all time
[00:01:19] [2] The SweetwaterÅ?Vulture hits Sevii for 0 points of damage.
[00:01:19] Smashprime readies Savage Blade.
[00:01:19] Jonaswylle is too far away.
[00:01:20] Heavensward defeats the Sweetwater Vulture.
[00:01:21] Records of Eminence: Vanquish Multiple Enemies I.
[00:01:21] Progress: 139/200.
[00:01:21] Bakerboy starts casting Aquaveil on Bakerboy.
[00:01:21] The SweetwaterÅ?Vulture hits Smashprime for 83 points of damage.
[00:01:21] Bakerboy casts Aquaveil.
[00:01:21] Bakerboy gains the effect of Aquaveil.
[00:01:22] The SweetwaterÅ?Vulture hits Jonaswylle for 56 points of damage.
[00:01:22] Heavensward earns a merit point! (Total: 65)
[00:01:22] EXP chain #16!
[00:01:22] Suede gains 1744 experience points.
[00:01:23] The SweetwaterÅ?Vulture scores a critical hit!
[00:01:23] Sevii takes 403 points of damage.
[00:01:25] Heavensward readies Tachi: Fudo.
[00:01:25] Mewwgoat readies Leaden Salute.
[00:01:26] Mewwgoat defeats the Sweetwater Vulture.
[00:01:26] [2] The SweetwaterÅ?Vulture hits Smashprime for 148 points of damage.
[00:01:26] Sevii readies Tachi: Fudo.
[00:01:26] Records of Eminence: Vanquish Multiple Enemies I.
[00:01:26] Progress: 140/200.
[00:01:27] The SweetwaterÅ?Vulture hits Sevii for 217 points of damage.
[00:01:28] Bakerboy starts casting Stoneskin on Bakerboy.
[00:01:28] The SweetwaterÅ?Vulture readies Helldive.
[00:01:29] The SweetwaterÅ?Vulture uses Helldive.
[00:01:29] Smashprime takes 257 points of damage.
[00:01:30] Bakerboy casts Stoneskin.
[00:01:30] Bakerboy gains the effect of Stoneskin.
[00:01:30] The SweetwaterÅ?Vulture readies Helldive.
[00:01:31] You are too far from the battle to gain experience.
[00:01:31] The SweetwaterÅ?Vulture uses Helldive.
[00:01:31] Sevii takes 214 points of damage.
[00:01:32] Cossack earns a merit point! (Total: 43)
[00:01:32] EXP chain #17!
[00:01:32] Suede gains 1744 experience points.
[00:01:32] The SweetwaterÅ?Vulture misses Smashprime.
[00:01:32] Sevii defeats the Sweetwater Vulture.
[00:01:32] Records of Eminence: Vanquish Multiple Enemies I.
[00:01:32] Progress: 141/200.
[00:01:34] Fatlock readies Savage Blade.
[00:01:35] Fatlock defeats the Sweetwater Vulture.
[00:01:35] Records of Eminence: Vanquish Multiple Enemies I.
[00:01:35] Progress: 142/200.
[00:01:35] You are too far from the battle to gain experience.
[00:01:36] Haxetcetera earns a merit point! (Total: 42)
[00:01:36] EXP chain #18!
[00:01:36] Suede gains 1744 experience points.
[00:01:38] Heavensward earns a merit point! (Total: 66)
[00:01:38] EXP chain #19!
[00:01:38] Suede gains 1744 experience points.
[00:01:38] You find a fenrite on the Sweetwater Vulture.
[00:01:39] Maddusa starts casting Cure IV on Frayya.
[00:01:41] Frayya readies Savage Blade.
[00:01:41] You are too far from the battle to gain experience.
[00:01:42] Bakerboy uses Dark Arts.
[00:01:43] The TranscendedÅ?Ladybug hits Frayya for 0 points of damage.
[00:01:44] Maddusa starts casting Cure III on Sevii.
[00:01:47] The TranscendedÅ?Ladybug hits Frayya for 0 points of damage.
[00:01:47] The SweetwaterÅ?Ladybug hits Smashprime for 33 points of damage.
[00:01:48] Heavensward readies Tachi: Fudo.
[00:01:48] Fatlock starts casting Banishga on the SweetwaterÅ?Ladybug.
[00:01:49] Maddusa starts casting Cure IV on Fatlock.
[00:01:49] Haxetcetera starts casting Cure III on Fatlock.
[00:01:49] Frayya readies Savage Blade.
[00:01:50] Frayya parries the TranscendedÅ?Ladybug's attack with her weapon.
[00:01:51] Jonaswylle readies Savage Blade.
[00:01:51] Jonaswylle defeats the Transcended Ladybug.
[00:01:51] Records of Eminence: Vanquish Multiple Enemies I.
[00:01:51] Progress: 143/200.
[00:01:51] Sevii uses Provoke on the SweetwaterÅ?Ladybug.
[00:01:51] The SweetwaterÅ?Ladybug hits Heavensward for 82 points of damage.
[00:01:51] The SweetwaterÅ?Ladybug hits Smashprime for 33 points of damage.
[00:01:52] Maddusa starts casting Aurorastorm on Maddusa.
[00:01:53] Maddusa casts Aurorastorm.
[00:01:53] Maddusa gains the effect of Aurorastorm.
[00:01:54] The SweetwaterÅ?Ladybug hits Sevii for 0 points of damage.
[00:01:54] Jonaswylle uses Blood Rage.
[00:01:54] {2}: Jonaswylle and Cossack gain the effect of Blood Rage.
[00:01:54] Cossack earns a merit point! (Total: 44)
[00:01:54] EXP chain #20!
[00:01:54] Suede gains 1828 experience points.
[00:01:54] Sevii uses Konzen-ittai.
[00:01:54] The SweetwaterÅ?Ladybug is chainbound.
[00:01:55] The SweetwaterÅ?Ladybug hits Fatlock for 0 points of damage.
[00:01:55] The SweetwaterÅ?Ladybug hits Heavensward for 115 points of damage.
[00:01:55] Smashprime parries the SweetwaterÅ?Ladybug's attack with her weapon.
[00:01:55] The SweetwaterÅ?Ladybug hits Fatlock for 0 points of damage.
[00:01:55] Heavensward readies Tachi: Fudo.
[00:01:55] The SweetwaterÅ?Ladybug scores a critical hit!
[00:01:55] Fatlock takes 0 points of damage.
[00:01:57] Maddusa starts casting Cure IV on Frayya.
[00:01:58] The SweetwaterÅ?Ladybug scores a critical hit!
[00:01:58] Sevii takes 183 points of damage.
[00:01:58] Frayya defeats the Sweetwater Ladybug.
[00:01:58] Records of Eminence: Vanquish Multiple Enemies I.
[00:01:58] Progress: 144/200.
[00:01:59] Smashprime readies Savage Blade.
[00:01:59] Haxetcetera starts casting Aquaveil on Haxetcetera.
[00:01:59] Sevii readies Tachi: Fudo.
[00:01:59] Sevii defeats the Sweetwater Ladybug.
[00:01:59] Records of Eminence: Vanquish Multiple Enemies I.
[00:01:59] Progress: 145/200.
[00:02:00] Bakerboy uses Immanence.
[00:02:00] Haxetcetera casts Aquaveil.
[00:02:00] Haxetcetera gains the effect of Aquaveil.
[00:02:01] Bakerboy starts casting Fire on the SweetwaterÅ?Ladybug.
[00:02:02] Blocked! The SweetwaterÅ?Ladybug hits Fatlock for 0 points of damage.
[00:02:03] The SweetwaterÅ?Ladybug hits Smashprime for 50 points of damage.
[00:02:03] Blocked! The SweetwaterÅ?Ladybug hits Fatlock for 0 points of damage.
[00:02:03] Blocked! The SweetwaterÅ?Ladybug hits Fatlock for 0 points of damage.
[00:02:03] (Molyoly) frayya invite pepstar
[00:02:03] EXP chain #21!
[00:02:03] Suede gains 1828 experience points.
[00:02:03] Haxetcetera earns a merit point! (Total: 43)
[00:02:03] You find a fenrite on the Sweetwater Ladybug.
[00:02:03] Heavensward earns a merit point! (Total: 67)
[00:02:03] EXP chain #22!
[00:02:03] Suede gains 1828 experience points.
[00:02:03] Suede attains level 64!
[00:02:04] The SweetwaterÅ?Ladybug hits Bakerboy for 0 points of damage.
[00:02:05] Frayya starts casting Carnage Elegy on the TranscendedÅ?Porxie.
[00:02:05] Bakerboy uses Immanence.
[00:02:05] Frayya casts Carnage Elegy.
[00:02:05] The TranscendedÅ?Porxie resists the spell.
[00:02:06] Maddusa starts casting Cure III on Frayya.
[00:02:06] Cossack starts casting Geo-Frailty on the SweetwaterÅ?Ladybug.
[00:02:06] The SweetwaterÅ?Ladybug hits Jonaswylle for 20 points of damage.
[00:02:06] The SweetwaterÅ?Ladybug hits Smashprime for 65 points of damage.
[00:02:06] Blocked! The SweetwaterÅ?Ladybug hits Fatlock for 0 points of damage.
[00:02:06] Blocked! The SweetwaterÅ?Ladybug hits Fatlock for 0 points of damage.
[00:02:07] Jonaswylle readies Savage Blade.
[00:02:07] Jonaswylle defeats the Sweetwater Ladybug.
[00:02:07] Records of Eminence: Vanquish Multiple Enemies I.
[00:02:07] Progress: 146/200.
[00:02:08] Bakerboy starts casting Thunder on the SweetwaterÅ?Ladybug.
[00:02:08] The SweetwaterÅ?Ladybug hits Bakerboy for 0 points of damage.
[00:02:08] Mewwgoat obtains a crystal of swart astral detritus.
[00:02:08] Bakerboy obtains a crystal of swart astral detritus.
[00:02:08] Sevii obtains a crystal of swart astral detritus.
[00:02:09] Frayya starts casting Battlefield Elegy on the SweetwaterÅ?Porxie.
[00:02:09] The SweetwaterÅ?Ladybug hits Smashprime for 98 points of damage.
[00:02:09] Blocked! The SweetwaterÅ?Ladybug hits Fatlock for 0 points of damage.
[00:02:10] Frayya casts Battlefield Elegy.
[00:02:10] The SweetwaterÅ?Porxie receives the effect of Elegy.
[00:02:10] The SweetwaterÅ?Ladybug scores a critical hit!
[00:02:10] Blocked! Fatlock takes 0 points of damage.
[00:02:11] Cossack earns a merit point! (Total: 45)
[00:02:11] EXP chain #23!
[00:02:11] Suede gains 1853 experience points.
[00:02:11] You find a High Kindred's crest on the Sweetwater Ladybug.
[00:02:11] You find a High Kindred's crest on the Sweetwater Ladybug.
[00:02:11] Bakerboy starts casting Fire III on the SweetwaterÅ?Ladybug.
[00:02:12] The SweetwaterÅ?Ladybug hits Bakerboy for 0 points of damage.
[00:02:12] Bakerboy defeats the Sweetwater Ladybug.
[00:02:12] Records of Eminence: Vanquish Multiple Enemies I.
[00:02:12] Progress: 147/200.
[00:02:13] Maddusa starts casting Cure IV on Frayya.
[00:02:14] The SweetwaterÅ?Ladybug hits Smashprime for 51 points of damage.
[00:02:14] The SweetwaterÅ?Ladybug scores a critical hit!
[00:02:14] Blocked! Fatlock takes 0 points of damage.
[00:02:14] Blocked! [2] The SweetwaterÅ?Ladybug hits Fatlock for 0 points of damage.
[00:02:14] Frayya starts casting Carnage Elegy on the SweetwaterÅ?Porxie.
[00:02:14] Blocked! The SweetwaterÅ?Ladybug hits Fatlock for 0 points of damage.
[00:02:14] Frayya casts Carnage Elegy.
[00:02:14] The SweetwaterÅ?Porxie resists the spell.
[00:02:17] The SweetwaterÅ?Ladybug readies Noisome Powder.
[00:02:17] Blocked! The SweetwaterÅ?Ladybug hits Fatlock for 0 points of damage.
[00:02:17] Maddusa starts casting Cure III on Frayya.
[00:02:17] Blocked! The SweetwaterÅ?Ladybug hits Fatlock for 0 points of damage.
[00:02:18] Frayya starts casting Battlefield Elegy on the SweetwaterÅ?Porxie.
[00:02:18] EXP chain #24!
[00:02:18] Suede gains 1853 experience points.
[00:02:18] Haxetcetera earns a merit point! (Total: 44)
[00:02:19] Frayya casts Battlefield Elegy.
[00:02:19] The SweetwaterÅ?Porxie receives the effect of Elegy.
[00:02:19] The SweetwaterÅ?Ladybug uses Noisome Powder, but misses {2}: Jonaswylle and Smashprime.
[00:02:19] {2}: Molyoly and Suede receive the effect of Attack Down.
[00:02:20] Records of Eminence: Vanquish Multiple Enemies I.
[00:02:20] Progress: 148/200.
[00:02:21] The SweetwaterÅ?Ladybug hits Fatlock for 0 points of damage.
[00:02:21] The SweetwaterÅ?Ladybug hits Smashprime for 56 points of damage.
[00:02:21] Blocked! The SweetwaterÅ?Ladybug hits Fatlock for 0 points of damage.
[00:02:22] Maddusa starts casting Cure IV on Frayya.
[00:02:22] EXP chain #25!
[00:02:22] Suede gains 1853 experience points.
[00:02:22] Mewwgoat earns a job point! (Total: 32)
[00:02:22] Records of Eminence: Vanquish Multiple Enemies I.
[00:02:22] Progress: 149/200.
[00:02:22] Records of Eminence: Vanquish Multiple Enemies I.
[00:02:22] Progress: 150/200.
[00:02:22] Records of Eminence: Vanquish Multiple Enemies I.
[00:02:22] Progress: 151/200.
[00:02:22] Records of Eminence: Vanquish Multiple Enemies I.
[00:02:22] Progress: 152/200.
[00:02:22] Records of Eminence: Vanquish Multiple Enemies I.
[00:02:22] Progress: 153/200.
[00:02:22] Records of Eminence: Vanquish Multiple Enemies I.
[00:02:23] Progress: 154/200.
[00:02:23] Obtained: Paragon white mage card.
[00:02:23] Smashprime obtains a fenrite.
[00:02:24] Cossack starts casting Diaga on the SweetwaterÅ?Ladybug.
[00:02:24] Jonaswylle defeats the Sweetwater Ladybug.
[00:02:24] Records of Eminence: Vanquish Multiple Enemies I.
[00:02:24] Progress: 155/200.
[00:02:25] The SweetwaterÅ?Ladybug misses Fatlock.
[00:02:25] Blocked! The SweetwaterÅ?Ladybug hits Fatlock for 6 points of damage.
[00:02:26] EXP chain #32!
[00:02:26] Suede gains 1937 experience points.
[00:02:26] Cossack earns a merit point! (Total: 46)
[00:02:26] EXP chain #26!
[00:02:26] Suede gains 1853 experience points.
[00:02:26] Fatlock earns a job point! (Total: 11)
[00:02:26] EXP chain #28!
[00:02:26] Suede gains 1853 experience points.
[00:02:26] Cossack earns a merit point! (Total: 48)
[00:02:26] EXP chain #31!
[00:02:26] Suede gains 1937 experience points.
[00:02:27] Frayya starts casting Battlefield Elegy on the TranscendedÅ?Porxie.
[00:02:27] EXP chain #27!
[00:02:27] Suede gains 1853 experience points.
[00:02:27] You find a Sacred Kindred's crest on the Sweetwater Porxie.
[00:02:27] Cossack earns a merit point! (Total: 47)
[00:02:27] EXP chain #29!
[00:02:27] Suede gains 1853 experience points.
[00:02:27] EXP chain #30!
[00:02:27] Suede gains 1937 experience points.
[00:02:28] Frayya casts Battlefield Elegy.
[00:02:28] The TranscendedÅ?Porxie resists the spell.
[00:02:28] The SweetwaterÅ?Ladybug hits Fatlock for 55 points of damage.
[00:02:29] The SweetwaterÅ?Ladybug hits Fatlock for 22 points of damage.
[00:02:32] The SweetwaterÅ?Ladybug hits Jonaswylle for 34 points of damage.
[00:02:33] The SweetwaterÅ?Ladybug misses Fatlock.
[00:02:33] Jonaswylle readies Savage Blade.
[00:02:33] Jonaswylle defeats the Sweetwater Ladybug.
[00:02:33] Records of Eminence: Vanquish Multiple Enemies I.
[00:02:33] Progress: 156/200.
[00:02:35] Records of Eminence: Vanquish Multiple Enemies I.
[00:02:35] Progress: 157/200.
[00:02:35] Maddusa starts casting Cure III on Frayya.
[00:02:36] Blocked! The SweetwaterÅ?Ladybug hits Fatlock for 15 points of damage.
[00:02:36] EXP chain #33!
[00:02:36] Suede gains 1794 experience points.
[00:02:36] Cossack earns a merit point! (Total: 49)
[00:02:36] EXP chain #34!
[00:02:36] Suede gains 1794 experience points.
[00:02:36] Sevii earns a job point! (Total: 60)
[00:02:37] Haxetcetera starts casting Boost-STR on Haxetcetera.
[00:02:38] Bakerboy uses Light Arts.
[00:02:39] Haxetcetera casts Boost-STR.
[00:02:39] {2}: Haxetcetera and Reving gain the effect of STR Boost.
[00:02:40] Blocked! The SweetwaterÅ?Ladybug hits Fatlock for 18 points of damage.
[00:02:41] Fatlock obtains a Sacred Kindred's crest.
[00:02:41] Maddusa obtains a Sacred Kindred's crest.
[00:02:44] Haxetcetera starts casting Erase on Suede.
[00:02:45] Suede's Attack Down effect wears off.
[00:02:48] (Reving) their lineage has ended
[00:02:49] Sevii uses Hasso.
[00:02:49] Records of Eminence: Vanquish Multiple Enemies I.
[00:02:49] Progress: 158/200.
[00:02:51] (Pepstar) thx
[00:02:51] (Reving) thanks for inv
[00:02:59] Bakerboy starts casting Regen V on Pepstar.
[00:03:00] Bakerboy casts Regen V.
[00:03:00] Pepstar gains the effect of Regen.
[00:03:00] Mewwgoat earns a job point! (Total: 33)
[00:03:00] Haxetcetera earns a merit point! (Total: 48)
[00:03:01] EXP chain #35!
[00:03:01] Suede gains 1794 experience points.
[00:03:01] (Molyoly) Cast Lots
[00:03:05] Haxetcetera starts casting Erase on Molyoly.
[00:03:05] Jonaswylle's lot for the Sacred Kindred's crest: 347 points.
[00:03:06] Jonaswylle's lot for the Sacred Kindred's crest: 778 points.
[00:03:07] Jonaswylle's lot for the Sacred Kindred's crest: 850 points.
[00:03:09] Jonaswylle's lot for the Sacred Kindred's crest: 197 points.
[00:03:10] Heavensward's lot for the Sacred Kindred's crest: 878 points.
[00:03:12] Heavensward's lot for the Sacred Kindred's crest: 226 points.
[00:03:14] Heavensward's lot for the Sacred Kindred's crest: 671 points.
[00:03:15] Heavensward's lot for the Sacred Kindred's crest: 138 points.
[00:03:16] Heavensward's lot for the High Kindred's crest: 515 points.
[00:03:17] Heavensward's lot for the High Kindred's crest: 243 points.
[00:03:18] Heavensward's lot for the fenrite: 420 points.
[00:03:19] Jonaswylle's lot for the High Kindred's crest: 468 points.
[00:03:19] Heavensward's lot for the Sacred Kindred's crest: 454 points.
[00:03:20] (Sevii) thankyou for the party
[00:03:21] The Reisenjima cage fails to activate.
[00:03:22] (Pepstar) thx for the party and setting it up
[00:03:22] Jonaswylle's lot for the High Kindred's crest: 59 points.
[00:03:22] Jonaswylle's lot for the Sacred Kindred's crest: 859 points.
[00:03:23] Suede is no longer weakened.
[00:03:41] The Reisenjima cage fails to activate.
[00:03:53] Heavensward obtains a Sacred Kindred's crest.
[00:03:53] Jonaswylle obtains a Sacred Kindred's crest.
[00:03:53] Jonaswylle obtains a Sacred Kindred's crest.
[00:03:53] Jonaswylle obtains a Sacred Kindred's crest.
[00:04:32] Follow canceled.
[00:04:44] === Area: Reisenjima ===
[00:05:00] The warp ring fails to activate.
[00:05:05] (Jonaswylle) ty everyone Take care.
[00:05:39] Suede starts casting Warp on Suede.
[00:05:44] Suede's casting is interrupted.
[00:05:48] >> /ma wrap2
[00:05:48] ...A command error occurred.
[00:05:50] Abort: You don't have access to [Warp II].
[00:05:53] Suede starts casting Warp on Suede.
[00:05:57] Suede casts Warp.
[00:05:57] Suede vanishes.
[00:06:02] The power of your vorseal wanes...
[00:06:07] === Area: Lower Jeuno ===
[00:06:12] The maximum number of people are already participating in Unity chat. Please try again later.
[00:06:12] This area is currently affected by the Super Kupower: á≤Martial Masterá≥!
[00:06:12] This area is currently affected by the Super Kupower: á≤Dilatory Digestioná≥!
[00:06:12] This area is currently affected by the Super Kupower: á≤Crystal Caboodleá≥!
[00:06:17] Agatoa[BastokMine]: Ambuscade V1VD Clear Mind Do you need it? Buy? 6m/run /tell
[00:06:19] Shmilydudu[BastokMark]: Escha - Zi'Tah Escha - Ru'Aun Reisenjima T1T2T3 ALL Item ABJ Reiki Yotai Do you need it? /tell Buy? 
[00:06:20] Sixgodd[NSandOria]: Odysseyt1t2t3Arebati Kalunga Xevioso Ngai Mboze OngoV0-1 Bumba V0-15 Clear Mind Buy?
[00:06:27] Zmtstt[BastokMark]: ZNM T4 Sarameya Tinnin Tyger Item win Do you need it? Buy?' /tell
[00:06:35] Meios[PSandOria]: OdysseyT1234 Xevioso Ngai Kalunga Mboze Arebati Ongo V0-1 (BumbaV0-15) Buy? /tell
[00:06:46] Nxsu[SSandOria]: Aeonic weapon 3 zones Clear Mind Do you need it? /tell Buy? 50m/spot all drops free lot 2/4
[00:06:50] Agatoa[BastokMine]: Ambuscade V1VD Clear Mind Do you need it? Buy? 6m/run /tell
[00:06:51] Mrfreaky[Rabao]: anyone interested in Xevioso V0 (clear for gear), Paladin / Rune Fencer, Puppetmaster Ranger type 2/6
[00:06:51] Sixgodd[NSandOria]: Odysseyt1t2t3Arebati Kalunga Xevioso Ngai Mboze OngoV0-1 Bumba V0-15 Clear Mind Buy?
[00:07:05] Kiora[BastokMark]: Leathercraft Can I have it? Artifact Quest Please assist.
[00:07:07] Meios[PSandOria]: OdysseyT1234 Xevioso Ngai Kalunga Mboze Arebati Ongo V0-1 (BumbaV0-15) Buy? /tell
[00:07:21] Shmilydudu[BastokMark]: Escha - Zi'Tah Escha - Ru'Aun Reisenjima T1T2T3 ALL Item ABJ Reiki Yotai Do you need it? /tell Buy? 
[00:07:23] Sixgodd[NSandOria]: Odysseyt1t2t3Arebati Kalunga Xevioso Ngai Mboze OngoV0-1 Bumba V0-15 Clear Mind Buy?
[00:07:23] Agatoa[BastokMine]: Ambuscade V1VD Clear Mind Do you need it? Buy? 6m/run /tell
[00:07:29] Zmtstt[BastokMark]: ZNM T4 Sarameya Tinnin Tyger Item win Do you need it? Buy?' /tell
[00:07:32] Mrfreaky[Rabao]: anyone interested in Xevioso V0 (clear for gear), Paladin / Rune Fencer, Puppetmaster Ranger type 2/6
[00:07:40] Meios[PSandOria]: OdysseyT1234 Xevioso Ngai Kalunga Mboze Arebati Ongo V0-1 (BumbaV0-15) Buy? /tell
[00:07:49] Nxsu[SSandOria]: Aeonic weapon 3 zones Clear Mind Do you need it? /tell Buy? 50m/spot all drops free lot 2/4
[00:07:54] Sixgodd[NSandOria]: Odysseyt1t2t3Arebati Kalunga Xevioso Ngai Mboze OngoV0-1 Bumba V0-15 Clear Mind Buy?
[00:07:57] Agatoa[BastokMine]: Ambuscade V1VD Clear Mind Do you need it? Buy? 6m/run /tell
[00:08:11] Meios[PSandOria]: OdysseyT1234 Xevioso Ngai Kalunga Mboze Arebati Ongo V0-1 (BumbaV0-15) Buy? /tell
[00:08:24] Shmilydudu[BastokMark]: Escha - Zi'Tah Escha - Ru'Aun Reisenjima T1T2T3 ALL Item ABJ Reiki Yotai Do you need it? /tell Buy? 
[00:08:25] Sixgodd[NSandOria]: Odysseyt1t2t3Arebati Kalunga Xevioso Ngai Mboze OngoV0-1 Bumba V0-15 Clear Mind Buy?
[00:08:29] Agatoa[BastokMine]: Ambuscade V1VD Clear Mind Do you need it? Buy? 6m/run /tell
[00:08:31] Zmtstt[BastokMark]: ZNM T4 Sarameya Tinnin Tyger Item win Do you need it? Buy?' /tell
[00:08:39] Mrfreaky[Rabao]: anyone interested in Xevioso V0 (clear for gear), Paladin / Rune Fencer, Puppetmaster Ranger type 2/6
[00:08:43] Meios[PSandOria]: OdysseyT1234 Xevioso Ngai Kalunga Mboze Arebati Ongo V0-1 (BumbaV0-15) Buy? /tell
[00:08:51] Nxsu[SSandOria]: Aeonic weapon 3 zones Clear Mind Do you need it? /tell Buy? 50m/spot all drops free lot 2/4
[00:08:56] Sixgodd[NSandOria]: Odysseyt1t2t3Arebati Kalunga Xevioso Ngai Mboze OngoV0-1 Bumba V0-15 Clear Mind Buy?
[00:09:02] Agatoa[BastokMine]: Ambuscade V1VD Clear Mind Do you need it? Buy? 6m/run /tell
[00:09:15] Meios[PSandOria]: OdysseyT1234 Xevioso Ngai Kalunga Mboze Arebati Ongo V0-1 (BumbaV0-15) Buy? /tell
[00:09:22] Mrfreaky[Rabao]: anyone interested in Xevioso V0 (clear for gear), Paladin / Rune Fencer, Puppetmaster Ranger type 2/6
[00:09:26] Shmilydudu[BastokMark]: Escha - Zi'Tah Escha - Ru'Aun Reisenjima T1T2T3 ALL Item ABJ Reiki Yotai Do you need it? /tell Buy? 
[00:09:27] Sixgodd[NSandOria]: Odysseyt1t2t3Arebati Kalunga Xevioso Ngai Mboze OngoV0-1 Bumba V0-15 Clear Mind Buy?
[00:09:34] Zmtstt[BastokMark]: ZNM T4 Sarameya Tinnin Tyger Item win Do you need it? Buy?' /tell
[00:09:35] Agatoa[BastokMine]: Ambuscade V1VD Clear Mind Do you need it? Buy? 6m/run /tell
[00:09:48] Meios[PSandOria]: OdysseyT1234 Xevioso Ngai Kalunga Mboze Arebati Ongo V0-1 (BumbaV0-15) Buy? /tell
[00:09:48] Luckylicky[PortJeuno]: food Item @ (G-8) Please check it. Thank you. Good bye.
[00:09:53] Nxsu[SSandOria]: Aeonic weapon 3 zones Clear Mind Do you need it? /tell Buy? 50m/spot all drops free lot 2/4
[00:09:57] Sixgodd[NSandOria]: Odysseyt1t2t3Arebati Kalunga Xevioso Ngai Mboze OngoV0-1 Bumba V0-15 Clear Mind Buy?
[00:10:09] Agatoa[BastokMine]: Ambuscade V1VD Clear Mind Do you need it? Buy? 6m/run /tell
[00:10:10] (Mewwgoat) is it still 10:1 on paragon cards to get one you want?
[00:10:12] Zmtstt[BastokMark]: ZNM T4 Sarameya Tinnin Tyger Item win Do you need it? Buy?' /tell
[00:10:12] Sephara[SSandOria]: Omen Ou Belt Sell? Pulse weapon Sell?
[00:10:19] Meios[PSandOria]: OdysseyT1234 Xevioso Ngai Kalunga Mboze Arebati Ongo V0-1 (BumbaV0-15) Buy? /tell
[00:10:28] Kiora[Nashmau]: Leathercraft 53 Can I have it? reward 250k Please assist.
[00:10:28] Shmilydudu[BastokMark]: Escha - Zi'Tah Escha - Ru'Aun Reisenjima T1T2T3 ALL Item ABJ Reiki Yotai Do you need it? /tell Buy? 
[00:10:29] Sixgodd[NSandOria]: Odysseyt1t2t3Arebati Kalunga Xevioso Ngai Mboze OngoV0-1 Bumba V0-15 Clear Mind Buy?
[00:10:41] Agatoa[BastokMine]: Ambuscade V1VD Clear Mind Do you need it? Buy? 6m/run /tell
[00:10:51] Meios[PSandOria]: OdysseyT1234 Xevioso Ngai Kalunga Mboze Arebati Ongo V0-1 (BumbaV0-15) Buy? /tell
[00:10:56] Nxsu[SSandOria]: Aeonic weapon 3 zones Clear Mind Do you need it? /tell Buy? 50m/spot all drops free lot 2/4
[00:10:57] Odynmasuu[BastokMine]: Odyssey t1t2t3 Ngai Mboze Xevioso Ongo Arebati (T4 bumba v15 kalunga v15 100win) Odyssey C SEG LIlith VD Buy?
[00:10:59] Sixgodd[NSandOria]: Odysseyt1t2t3Arebati Kalunga Xevioso Ngai Mboze OngoV0-1 Bumba V0-15 Clear Mind Buy?
[00:11:15] Agatoa[BastokMine]: Ambuscade V1VD Clear Mind Do you need it? Buy? 6m/run /tell
[00:11:20] Alaadenjklghdrt[PSandOria]:  ÇÜÇÜÇòÇâÇêÇÅÇå.ÇÉÇèÇç, GET FAST DELIVERY!ÅöREMA/SU5/Item/gil/Gil/  Discount ->"vip05"
[00:11:23] Meios[PSandOria]: OdysseyT1234 Xevioso Ngai Kalunga Mboze Arebati Ongo V0-1 (BumbaV0-15) Buy? /tell
[00:11:30] Shmilydudu[BastokMark]: Escha - Zi'Tah Escha - Ru'Aun Reisenjima T1T2T3 ALL Item ABJ Reiki Yotai Do you need it? /tell Buy? 
[00:11:30] Sixgodd[NSandOria]: Odysseyt1t2t3Arebati Kalunga Xevioso Ngai Mboze OngoV0-1 Bumba V0-15 Clear Mind Buy?
[00:11:39] Saltarino[Rabao]: LF1M Tank Odyssey Sheol C segments NM + HALO
[00:11:47] Agatoa[BastokMine]: Ambuscade V1VD Clear Mind Do you need it? Buy? 6m/run /tell
[00:11:55] Meios[PSandOria]: OdysseyT1234 Xevioso Ngai Kalunga Mboze Arebati Ongo V0-1 (BumbaV0-15) Buy? /tell
[00:11:58] Nxsu[SSandOria]: Aeonic weapon 3 zones Clear Mind Do you need it? /tell Buy? 50m/spot all drops free lot 2/4
[00:11:58] Laowuasu[Nashmau]: ZNM-T4-Tinnin, Sarameya, Tyger, Item/win, Do you need it? Buy? /tell
[00:12:01] Sixgodd[NSandOria]: Odysseyt1t2t3Arebati Kalunga Xevioso Ngai Mboze OngoV0-1 Bumba V0-15 Clear Mind Buy?
[00:12:20] Agatoa[BastokMine]: Ambuscade V1VD Clear Mind Do you need it? Buy? 6m/run /tell
[00:12:27] Meios[PSandOria]: OdysseyT1234 Xevioso Ngai Kalunga Mboze Arebati Ongo V0-1 (BumbaV0-15) Buy? /tell
[00:12:32] Shmilydudu[BastokMark]: Escha - Zi'Tah Escha - Ru'Aun Reisenjima T1T2T3 ALL Item ABJ Reiki Yotai Do you need it? /tell Buy? 
[00:12:33] Sixgodd[NSandOria]: Odysseyt1t2t3Arebati Kalunga Xevioso Ngai Mboze OngoV0-1 Bumba V0-15 Clear Mind Buy?
[00:12:44] Malakka[BastokMark]: Aeonic weapon 3 zone Clear Mind Do you need it? Buy? 50M /tell All drop free 2/4
[00:12:49] superwarp: Warping via Home Point #1 to Norg - Auction House (F).
[00:12:56] === Area: Norg ===
[00:13:02] Meios[PSandOria]: OdysseyT1234 Xevioso Ngai Kalunga Mboze Arebati Ongo V0-1 (BumbaV0-15) Buy? /tell
[00:13:03] Sixgodd[NSandOria]: Odysseyt1t2t3Arebati Kalunga Xevioso Ngai Mboze OngoV0-1 Bumba V0-15 Clear Mind Buy?
[00:13:04] This area is currently affected by the Super Kupower: á≤Martial Masterá≥!
[00:13:04] This area is currently affected by the Super Kupower: á≤Dilatory Digestioná≥!
[00:13:04] This area is currently affected by the Super Kupower: á≤Crystal Caboodleá≥!
[00:13:04] The maximum number of people are already participating in Unity chat. Please try again later.
[00:13:11] Nomad Moogle : I'm a traveling moogle, kupo. I help adventurers in the Outlands access items they have stored in a Mog House elsewhere, kupo.
[00:13:14] Slot 1:
[00:13:14] The money the buyer paid for the 12 squares of sheep leather you put on auction, 50,000 gil.
[00:13:19] You take the 50,000 gil out of delivery slot 1.
[00:13:20] Slot 2:
[00:13:20] The money the buyer paid for the 12 squares of sheep leather you put on auction, 60,000 gil.
[00:13:21] You take the 60,000 gil out of delivery slot 2.
[00:13:27] Agatoa[BastokMine]: Ambuscade V1VD Clear Mind Do you need it? Buy? 6m/run /tell
[00:13:31] Meios[PSandOria]: OdysseyT1234 Xevioso Ngai Kalunga Mboze Arebati Ongo V0-1 (BumbaV0-15) Buy? /tell
[00:13:35] Sixgodd[NSandOria]: Odysseyt1t2t3Arebati Kalunga Xevioso Ngai Mboze OngoV0-1 Bumba V0-15 Clear Mind Buy?
[00:13:35] Shmilydudu[BastokMark]: Escha - Zi'Tah Escha - Ru'Aun Reisenjima T1T2T3 ALL Item ABJ Reiki Yotai Do you need it? /tell Buy? 
[00:13:38] Saltarino[Rabao]: LF1M Tank Odyssey C - Segments - HALO + NM - pst
[00:13:59] Agatoa[BastokMine]: Ambuscade V1VD Clear Mind Do you need it? Buy? 6m/run /tell
[00:14:03] Meios[PSandOria]: OdysseyT1234 Xevioso Ngai Kalunga Mboze Arebati Ongo V0-1 (BumbaV0-15) Buy? /tell
[00:14:05] Sixgodd[NSandOria]: Odysseyt1t2t3Arebati Kalunga Xevioso Ngai Mboze OngoV0-1 Bumba V0-15 Clear Mind Buy?
[00:14:06] Malakka[BastokMark]: Aeonic weapon 3 zone Clear Mind Do you need it? Buy? 50M /tell All drop free 2/4
[00:14:11] Suede uses a scroll of Holy.
[00:14:11] Alaadenjklghdrt[PSandOria]:  ÇÜÇÜÇòÇâÇêÇÅÇå.ÇÉÇèÇç, GET FAST DELIVERY!ÅöREMA/SU5/Item/gil/Gil/  Discount ->"vip05"
[00:14:12] Suede learns a new spell!
[00:14:13] Saltarino[Rabao]: LF1M Tank Odyssey C - Segments - HALO + NM - pst
[00:14:26] Executing logout in 30 seconds.
[00:14:26] Cancel healing to remain logged in.
[00:14:27] Laowuasu[Nashmau]: ZNM-T4-Tinnin, Sarameya, Tyger, Item/win, Do you need it? Buy? /tell
[00:14:30] Executing logout in 25 seconds.
[00:14:30] Cancel healing to remain logged in.
[00:14:33] Agatoa[BastokMine]: Ambuscade V1VD Clear Mind Do you need it? Buy? 6m/run /tell
[00:14:35] Executing logout in 20 seconds.
[00:14:35] Cancel healing to remain logged in.
[00:14:36] Meios[PSandOria]: OdysseyT1234 Xevioso Ngai Kalunga Mboze Arebati Ongo V0-1 (BumbaV0-15) Buy? /tell
[00:14:36] Sixgodd[NSandOria]: Odysseyt1t2t3Arebati Kalunga Xevioso Ngai Mboze OngoV0-1 Bumba V0-15 Clear Mind Buy?
[00:14:40] Executing logout in 15 seconds.
[00:14:40] Cancel healing to remain logged in.
[00:14:45] Executing logout in 10 seconds.
[00:14:45] Cancel healing to remain logged in.
[00:14:50] Executing logout in 5 seconds.
[00:14:50] Cancel healing to remain logged in.
[18:09:40] === Area: Norg ===
[18:09:40] Loading Blist settings for Suede.
[18:09:40] React: Loading File: react_WHM.lua
[18:09:41] *****DP Job Selection:WHM*****
[18:09:41] Mode: Magic.
[18:09:41]  White = Can not cast.
[18:09:41]  Green = Casting Range
[18:09:42] Size already 20.
[18:09:42] ConsoleBG: Position changed! X: 15 Y: 50
[18:09:42] Loaded WHM Battlemod filters
[18:09:46] You have undertaken the limited-time Records of Eminence challenge á≤Vanquish Beasts.á≥
[18:09:46] This area is currently affected by the Super Kupower: á≤Martial Masterá≥!
[18:09:46] This area is currently affected by the Super Kupower: á≤Dilatory Digestioná≥!
[18:09:46] This area is currently affected by the Super Kupower: á≤Crystal Caboodleá≥!
[18:09:46] The maximum number of people are already participating in Unity chat. Please try again later.
[18:09:46] The September 2022 Login Campaign is currently underway!
[18:09:46] 
[18:09:46] In celebration of your most recent login (login no. 9), we have provided you with 100 points!
[18:09:46] You currently have a total of 2800 points.
[18:09:47] <<< Welcome to Asura! >>>
[18:09:47] Å°Assist Channel added for New Players and Returnees! https://sqex.to/yLvfp
[18:09:47] 
[18:09:47] Å°Vana'diel Doused with the September Version Update!
[18:09:47] 
[18:09:47] Å°Blazing Buffaloes [until September 30 at 7:59 (PDT) / 14:59 (GMT) / 15:59 (BST)]
[18:09:47] 
[18:09:47] Å°Blazing Buffaloes Screenshot Campaign [until September 30 at 7:59 (PDT) / 14:59 (GMT) / 15:59 (BST)]
[18:09:47] 
[18:09:47] Å°Summer Breeze Campaign [until September 30 at 7:59 (PDT) / 14:59 (GMT) / 15:59 (BST)]
[18:09:47] 
[18:09:47] Å°The September 2022 Login Campaign [until October 9 at 7:00 (PDT) / 14:00 (GMT) / 15:00 (BST)]
[18:09:47] 
[18:09:47] Å°Day of the Shadow Lord [until September 30 at 7:59 (PDT) / 14:59 (GMT) / 15:59 (BST)]
[18:09:47] 
[18:09:47] * Please refer to the official website for more details.
[18:09:51] We hope you enjoy this complimentary little gift, courtesy of the citizens of Vana'diel!
[18:09:51] Obtained: Dial key #Ab.
[18:09:54] Nomad Moogle : I'm a traveling moogle, kupo. I help adventurers in the Outlands access items they have stored in a Mog House elsewhere, kupo.
[18:10:01] Executing logout in 30 seconds.
[18:10:01] Cancel healing to remain logged in.
[18:10:05] Executing logout in 25 seconds.
[18:10:05] Cancel healing to remain logged in.
[18:10:08] Alaadenjklghdrt[PSandOria]:  ÇçÇôÇáÇâÇåÇìÇàÇèÇê.ÇÉÇèÇç, Get Fast delivery!  Åö Save "new2022" for more discount! Åö
[18:10:10] Executing logout in 20 seconds.
[18:10:10] Cancel healing to remain logged in.
[18:10:15] Executing logout in 15 seconds.
[18:10:15] Cancel healing to remain logged in.
[18:10:20] Executing logout in 10 seconds.
[18:10:20] Cancel healing to remain logged in.
[18:10:25] Executing logout in 5 seconds.
[18:10:25] Cancel healing to remain logged in.
[18:10:29] You can't cast Teleport-Mea, attempting to use Dimensional Ring instead, /heal to cancel.
[18:11:02] You can't cast Teleport-Mea, attempting to use Dimensional Ring instead, /heal to cancel.
[18:12:51] Alaadenjklghdrt[PSandOria]:  ÇçÇôÇáÇâÇåÇìÇàÇèÇê.ÇÉÇèÇç, Get Fast delivery!  Åö Save "new2022" for more discount! Åö
[18:13:04] Deshiken[PSandOria]: Looking for members.Shoal Gaol Marmorkrebs v5 need sch/dd, brd , whm, cor 2/???
[18:14:03] Nomad Moogle : I'm a traveling moogle, kupo. I help adventurers in the Outlands access items they have stored in a Mog House elsewhere, kupo.
[18:14:18] You can't cast Teleport-Mea, attempting to use Dimensional Ring instead, /heal to cancel.
[18:14:42] superwarp: Warping via Home Point #2 to Port Jeuno - Entrance.
[18:14:49] === Area: Port Jeuno ===
[18:14:57] The maximum number of people are already participating in Unity chat. Please try again later.
[18:14:57] This area is currently affected by the Super Kupower: á≤Martial Masterá≥!
[18:14:57] This area is currently affected by the Super Kupower: á≤Dilatory Digestioná≥!
[18:14:57] This area is currently affected by the Super Kupower: á≤Crystal Caboodleá≥!
[18:15:18] QuickTrade: Trades Remaining: 1 Loop: 1/2
[18:15:19] Deshiken[SSandOria]: Looking for members.Shoal Gaol Marmorkrebs v5 need sch/dd, brd , whm, cor 2/???
Shami : All right, it's a deal. (Heh, what a sucker!)
[18:15:20] Shami : All right, it's a deal. (Heh, what a sucker!)
[18:15:20] Shami : All right, it's a deal. (Heh, what a sucker!)
Shami : Lemme see here... Suede, is it? Here we go.As of last count, you've got a balance of 11 High Kindred's crests.
[18:15:20] Shami : Lemme see here... Suede, is it? Here we go.
[18:15:20] Å@As of last count, you've got a balance of 11 High Kindred's crests.
[18:15:20] Shami : Lemme see here... Suede, is it? Here we go.
[18:15:20] Å@As of last count, you've got a balance of 11 High Kindred's crests.
[18:15:23] QuickTrade: Trading Complete. Loop: 1/1
Shami : All right, it's a deal. (Heh, what a sucker!)
[18:15:24] Shami : All right, it's a deal. (Heh, what a sucker!)
[18:15:24] Shami : All right, it's a deal. (Heh, what a sucker!)
Shami : Lemme see here... Suede, is it? Here we go.As of last count, you've got a balance of 87 Sacred Kindred's crests.
[18:15:24] Shami : Lemme see here... Suede, is it? Here we go.
[18:15:24] Å@As of last count, you've got a balance of 87 Sacred Kindred's crests.
[18:15:24] Shami : Lemme see here... Suede, is it? Here we go.
[18:15:24] Å@As of last count, you've got a balance of 87 Sacred Kindred's crests.
[18:15:51] superwarp: Warping via Home Point #1 to Lower Jeuno - Entrance (F).
[18:15:59] === Area: Lower Jeuno ===
[18:16:04] The maximum number of people are already participating in Unity chat. Please try again later.
[18:16:04] This area is currently affected by the Super Kupower: á≤Martial Masterá≥!
[18:16:04] This area is currently affected by the Super Kupower: á≤Dilatory Digestioná≥!
[18:16:04] This area is currently affected by the Super Kupower: á≤Crystal Caboodleá≥!
[18:16:17] QuickTrade: Trading Complete. Loop: 1/1
Greyson : I have received a total of 11 silver A.M.A.N. vouchers from you so far. Let me know if you wish to trade some of them for an orb.
[18:16:19] Greyson : I have received a total of 11 silver A.M.A.N. vouchers from you so far. Let me know if you wish to trade some of them for an orb.
[18:16:19] Greyson : I have received a total of 11 silver A.M.A.N. vouchers from you so far. Let me know if you wish to trade some of them for an orb.
[18:16:37] superwarp: Warping via Home Point #1 to Port Windurst - Mog House.
[18:16:44] === Area: Port Windurst ===
[18:16:51] {Chirako} Ç¢
[18:16:52] This area is currently affected by the Super Kupower: á≤Martial Masterá≥!
[18:16:52] This area is currently affected by the Super Kupower: á≤Dilatory Digestioná≥!
[18:16:52] This area is currently affected by the Super Kupower: á≤Crystal Caboodleá≥!
[18:16:59] Sattsuh Ahkanpari : You've heard of the Elshimo Uplands, haven't you? Well, if you'll hold on a minute, I'll have a shipment of goods coming in any time now.
A.M.A.N. Liaison : This is an explanation of the Assist Channel feature, which allows new and returning players to seek help from veteran adventurers.
[18:17:07] A.M.A.N. Liaison : This is an explanation of the Assist Channel feature, which allows new and returning players to seek help from veteran adventurers.
[18:17:07] A.M.A.N. Liaison : This is an explanation of the Assist Channel feature, which allows new and returning players to seek help from veteran adventurers.
A.M.A.N. Liaison : The Assist Channel is a special chat channel that allows adventurers to ask questions and receive advice from veteran players known as mentors.
[18:17:08] A.M.A.N. Liaison : The Assist Channel is a special chat channel that allows adventurers to ask questions and receive advice from veteran players known as mentors.
[18:17:08] A.M.A.N. Liaison : The Assist Channel is a special chat channel that allows adventurers to ask questions and receive advice from veteran players known as mentors.
A.M.A.N. Liaison : Press the space bar to bring up the text window at the bottom of the screen and type á≤/assistj (your message)á≥ or á≤/assiste (your message)á≥ to post your message.
[18:17:10] A.M.A.N. Liaison : Press the space bar to bring up the text window at the bottom of the screen and type á≤/assistj (your message)á≥ or á≤/assiste (your message)á≥ to post your message.
[18:17:10] A.M.A.N. Liaison : Press the space bar to bring up the text window at the bottom of the screen and type á≤/assistj (your message)á≥ or á≤/assiste (your message)á≥ to post your message.
A.M.A.N. Liaison : You can also use á≤/ajá≥ for á≤/assistjá≥, and á≤/aeá≥ for á≤/assisteá≥.
[18:17:10] A.M.A.N. Liaison : You can also use á≤/ajá≥ for á≤/assistjá≥, and á≤/aeá≥ for á≤/assisteá≥.
[18:17:10] A.M.A.N. Liaison : You can also use á≤/ajá≥ for á≤/assistjá≥, and á≤/aeá≥ for á≤/assisteá≥.
A.M.A.N. Liaison : Additionally, pressing CTRL+Q will display á≤/assistjá≥ or á≤/assisteá≥ in the text window for you.
[18:17:11] A.M.A.N. Liaison : Additionally, pressing CTRL+Q will display á≤/assistjá≥ or á≤/assisteá≥ in the text window for you.
[18:17:11] A.M.A.N. Liaison : Additionally, pressing CTRL+Q will display á≤/assistjá≥ or á≤/assisteá≥ in the text window for you.
A.M.A.N. Liaison : You can change the CTRL+Q shortcut command...
[18:17:11] A.M.A.N. Liaison : You can change the CTRL+Q shortcut command...
[18:17:11] A.M.A.N. Liaison : You can change the CTRL+Q shortcut command...
A.M.A.N. Liaison : ...by going to Main Menu > Config > Misc. 2 > Key Assignment > Commands > Chat: /AssistE or /AssistJ.
[18:17:11] A.M.A.N. Liaison : ...by going to Main Menu > Config > Misc. 2 > Key Assignment > Commands > Chat: /AssistE or /AssistJ.
[18:17:11] A.M.A.N. Liaison : ...by going to Main Menu > Config > Misc. 2 > Key Assignment > Commands > Chat: /AssistE or /AssistJ.
A.M.A.N. Liaison : It is recommended that you use á≤/assistj (/aj)á≥ when posting in Japanese, and á≤/assiste (/ae)á≥ when posting in English.
[18:17:11] A.M.A.N. Liaison : It is recommended that you use á≤/assistj (/aj)á≥ when posting in Japanese, and á≤/assiste (/ae)á≥ when posting in English.
[18:17:11] A.M.A.N. Liaison : It is recommended that you use á≤/assistj (/aj)á≥ when posting in Japanese, and á≤/assiste (/ae)á≥ when posting in English.
A.M.A.N. Liaison : You must meet one of the following conditions in order to post to the Assist Channel.
[18:17:13] A.M.A.N. Liaison : You must meet one of the following conditions in order to post to the Assist Channel.
[18:17:13] A.M.A.N. Liaison : You must meet one of the following conditions in order to post to the Assist Channel.
A.M.A.N. Liaison : 1. You are a new playerYou may post messages from the moment you first set foot in Vana'diel.
[18:17:13] A.M.A.N. Liaison : 1. You are a new player
[18:17:13] Å@You may post messages from the moment you first set foot in Vana'diel.
[18:17:13] A.M.A.N. Liaison : 1. You are a new player
[18:17:13] Å@You may post messages from the moment you first set foot in Vana'diel.
A.M.A.N. Liaison : 2. You are a returneeAs a returning player, you may post messages upon logging in with a character that has not logged in for at least 48 days.
[18:17:13] A.M.A.N. Liaison : 2. You are a returnee
[18:17:13] Å@As a returning player, you may post messages upon logging in with a character that has not logged in for at least 48 days.
[18:17:13] A.M.A.N. Liaison : 2. You are a returnee
[18:17:13] Å@As a returning player, you may post messages upon logging in with a character that has not logged in for at least 48 days.
A.M.A.N. Liaison : 3. You are a mentorYou may post messages as long as you remain a mentor to other players.
[18:17:14] A.M.A.N. Liaison : 3. You are a mentor
[18:17:14] Å@You may post messages as long as you remain a mentor to other players.
[18:17:14] A.M.A.N. Liaison : 3. You are a mentor
[18:17:14] Å@You may post messages as long as you remain a mentor to other players.
A.M.A.N. Liaison : New players and returnees may post messages until they have been logged in for a total of 48 hours since first receiving their posting rights.
[18:17:14] A.M.A.N. Liaison : New players and returnees may post messages until they have been logged in for a total of 48 hours since first receiving their posting rights.
[18:17:14] A.M.A.N. Liaison : New players and returnees may post messages until they have been logged in for a total of 48 hours since first receiving their posting rights.
A.M.A.N. Liaison : If you wish to check how long you can continue to post for, speak to an A.M.A.N. Liaison and choose "When do my posting rights expire?" to see how much time you have left.
[18:17:14] A.M.A.N. Liaison : If you wish to check how long you can continue to post for, speak to an A.M.A.N. Liaison and choose "When do my posting rights expire?" to see how much time you have left.
[18:17:14] A.M.A.N. Liaison : If you wish to check how long you can continue to post for, speak to an A.M.A.N. Liaison and choose "When do my posting rights expire?" to see how much time you have left.
A.M.A.N. Liaison : The Assist Channel can only be used in the following areas.
[18:17:16] A.M.A.N. Liaison : The Assist Channel can only be used in the following areas.
[18:17:16] A.M.A.N. Liaison : The Assist Channel can only be used in the following areas.
Available areas:Ru'Lude Gardens, Upper Jeuno,Lower Jeuno, Port Jeuno,Southern San d'Oria, Northern San d'Oria...
[18:17:16] Available areas:
[18:17:16] Å@Ru'Lude Gardens, Upper Jeuno,
[18:17:16] Å@Lower Jeuno, Port Jeuno,
[18:17:16] Å@Southern San d'Oria, Northern San d'Oria...
[18:17:16] Available areas:
[18:17:16] Å@Ru'Lude Gardens, Upper Jeuno,
[18:17:16] Å@Lower Jeuno, Port Jeuno,
[18:17:16] Å@Southern San d'Oria, Northern San d'Oria...
...Port San d'Oria, Bastok Mines,Bastok Markets, Port Bastok,Windurst Waters, Windurst Walls,Port Windurst, Windurst Woods...
[18:17:17] ...Port San d'Oria, Bastok Mines,
[18:17:17] Å@Bastok Markets, Port Bastok,
[18:17:17] Å@Windurst Waters, Windurst Walls,
[18:17:17] Å@Port Windurst, Windurst Woods...
[18:17:17] ...Port San d'Oria, Bastok Mines,
[18:17:17] Å@Bastok Markets, Port Bastok,
[18:17:17] Å@Windurst Waters, Windurst Walls,
[18:17:17] Å@Port Windurst, Windurst Woods...
...Selbina, Mhaura,Rabao, Kazham,Norg, Aht Urhgan Whitegate,Nashmau, Western Adoulin...
[18:17:17] ...Selbina, Mhaura,
[18:17:17] Å@Rabao, Kazham,
[18:17:17] Å@Norg, Aht Urhgan Whitegate,
[18:17:17] Å@Nashmau, Western Adoulin...
[18:17:17] ...Selbina, Mhaura,
[18:17:17] Å@Rabao, Kazham,
[18:17:17] Å@Norg, Aht Urhgan Whitegate,
[18:17:17] Å@Nashmau, Western Adoulin...
...Eastern Adoulin, Tavnazian Safehold,Chocobo Circuit, and your Mog House (Rent-a-Room).
[18:17:17] ...Eastern Adoulin, Tavnazian Safehold,
[18:17:17] Å@Chocobo Circuit, and your Mog House (Rent-a-Room).
[18:17:17] ...Eastern Adoulin, Tavnazian Safehold,
[18:17:17] Å@Chocobo Circuit, and your Mog House (Rent-a-Room).
A.M.A.N. Liaison : You cannot post or read messages outside of the areas listed above.
[18:17:17] A.M.A.N. Liaison : You cannot post or read messages outside of the areas listed above.
[18:17:17] A.M.A.N. Liaison : You cannot post or read messages outside of the areas listed above.
A.M.A.N. Liaison : Even in areas where messages are allowed, you cannot post consecutive messages.Please wait a while after posting a message.
[18:17:18] A.M.A.N. Liaison : Even in areas where messages are allowed, you cannot post consecutive messages.
[18:17:18] Å@Please wait a while after posting a message.
[18:17:18] A.M.A.N. Liaison : Even in areas where messages are allowed, you cannot post consecutive messages.
[18:17:18] Å@Please wait a while after posting a message.
A.M.A.N. Liaison : Mentor messages are accompanied by a flag (Ô/) marker.This marker indicates the mentor's reliability (Mentor Class) and experience as an adventurer (Mastery Rank).
[18:17:21] A.M.A.N. Liaison : Mentor messages are accompanied by a flag (Ô/) marker.
[18:17:21] Å@This marker indicates the mentor's reliability (Mentor Class) and experience as an adventurer (Mastery Rank).
[18:17:21] A.M.A.N. Liaison : Mentor messages are accompanied by a flag (Ô/) marker.
[18:17:21] Å@This marker indicates the mentor's reliability (Mentor Class) and experience as an adventurer (Mastery Rank).
A.M.A.N. Liaison : As a mentor's Mentor Class increases, the color and shape of the marker will change: Ô/ > Ô9 > ÔC
[18:17:22] A.M.A.N. Liaison : As a mentor's Mentor Class increases, the color and shape of the marker will change: Ô/ > Ô9 > ÔC
[18:17:22] A.M.A.N. Liaison : As a mentor's Mentor Class increases, the color and shape of the marker will change: Ô/ > Ô9 > ÔC
A.M.A.N. Liaison : A ÔC marker is a sign that the mentor has earned the highest levels of trust from other adventurers.
[18:17:22] A.M.A.N. Liaison : A ÔC marker is a sign that the mentor has earned the highest levels of trust from other adventurers.
[18:17:22] A.M.A.N. Liaison : A ÔC marker is a sign that the mentor has earned the highest levels of trust from other adventurers.
A.M.A.N. Liaison : The number affixed to the marker is the mentor's Mastery Rank, and indicates how experienced the mentor is as an adventurer.
[18:17:22] A.M.A.N. Liaison : The number affixed to the marker is the mentor's Mastery Rank, and indicates how experienced the mentor is as an adventurer.
[18:17:22] A.M.A.N. Liaison : The number affixed to the marker is the mentor's Mastery Rank, and indicates how experienced the mentor is as an adventurer.
A.M.A.N. Liaison : The higher the number, the more experienced the mentor is.
[18:17:23] A.M.A.N. Liaison : The higher the number, the more experienced the mentor is.
[18:17:23] A.M.A.N. Liaison : The higher the number, the more experienced the mentor is.
A.M.A.N. Liaison : You can check your own Mastery Rank even if you do not serve as a mentor, so feel free to take a look every now and then if you are curious.
[18:17:23] A.M.A.N. Liaison : You can check your own Mastery Rank even if you do not serve as a mentor, so feel free to take a look every now and then if you are curious.
[18:17:23] A.M.A.N. Liaison : You can check your own Mastery Rank even if you do not serve as a mentor, so feel free to take a look every now and then if you are curious.
A.M.A.N. Liaison : You can check your Mastery Rank by going to Main Menu > Status > Profile.
[18:17:23] A.M.A.N. Liaison : You can check your Mastery Rank by going to Main Menu > Status > Profile.
[18:17:23] A.M.A.N. Liaison : You can check your Mastery Rank by going to Main Menu > Status > Profile.
A.M.A.N. Liaison : If you wish to speak directly to a mentor, you can search for mentors by going to Main Menu > Help Desk > Mentor Search.
[18:17:26] A.M.A.N. Liaison : If you wish to speak directly to a mentor, you can search for mentors by going to Main Menu > Help Desk > Mentor Search.
[18:17:26] A.M.A.N. Liaison : If you wish to speak directly to a mentor, you can search for mentors by going to Main Menu > Help Desk > Mentor Search.
A.M.A.N. Liaison : The á≤Thumbs Upá≥ feature enables you to let mentors know when their comments proved to be especially helpful.
[18:17:27] A.M.A.N. Liaison : The á≤Thumbs Upá≥ feature enables you to let mentors know when their comments proved to be especially helpful.
[18:17:27] A.M.A.N. Liaison : The á≤Thumbs Upá≥ feature enables you to let mentors know when their comments proved to be especially helpful.
A.M.A.N. Liaison : Mentors who earn lots of á≤Thumbs Upá≥ replies from other adventurers will see their Mentor Class increase.
[18:17:27] A.M.A.N. Liaison : Mentors who earn lots of á≤Thumbs Upá≥ replies from other adventurers will see their Mentor Class increase.
[18:17:27] A.M.A.N. Liaison : Mentors who earn lots of á≤Thumbs Upá≥ replies from other adventurers will see their Mentor Class increase.
A.M.A.N. Liaison : Remember to give a á≤Thumbs Upá≥ to any mentor you feel helped you out or taught you something useful.
[18:17:28] A.M.A.N. Liaison : Remember to give a á≤Thumbs Upá≥ to any mentor you feel helped you out or taught you something useful.
[18:17:28] A.M.A.N. Liaison : Remember to give a á≤Thumbs Upá≥ to any mentor you feel helped you out or taught you something useful.
A.M.A.N. Liaison : A á≤Warningá≥ is a feature that can only be used by mentors.
[18:17:28] A.M.A.N. Liaison : A á≤Warningá≥ is a feature that can only be used by mentors.
[18:17:28] A.M.A.N. Liaison : A á≤Warningá≥ is a feature that can only be used by mentors.
A.M.A.N. Liaison : Please use this feature when a post's contents are insufficient or otherwise may be construed as harassment.
[18:17:28] A.M.A.N. Liaison : Please use this feature when a post's contents are insufficient or otherwise may be construed as harassment.
[18:17:28] A.M.A.N. Liaison : Please use this feature when a post's contents are insufficient or otherwise may be construed as harassment.
A.M.A.N. Liaison : To send a á≤Thumbs Upá≥ or á≤Warningá≥ to another player, open the Chat Log Window and move the cursor over the relevant message and press the confirm button (Enter key) to bring up the evaluation menu.
[18:17:28] A.M.A.N. Liaison : To send a á≤Thumbs Upá≥ or á≤Warningá≥ to another player, open the Chat Log Window and move the cursor over the relevant message and press the confirm button (Enter key) to bring up the evaluation menu.
[18:17:28] A.M.A.N. Liaison : To send a á≤Thumbs Upá≥ or á≤Warningá≥ to another player, open the Chat Log Window and move the cursor over the relevant message and press the confirm button (Enter key) to bring up the evaluation menu.
A.M.A.N. Liaison : Evaluations can be made for 10 minutes following the designated player's latest post to the Assist Channel.
[18:17:29] A.M.A.N. Liaison : Evaluations can be made for 10 minutes following the designated player's latest post to the Assist Channel.
[18:17:29] A.M.A.N. Liaison : Evaluations can be made for 10 minutes following the designated player's latest post to the Assist Channel.
A.M.A.N. Liaison : You may send up to one á≤Thumbs Upá≥ and one á≤Warningá≥ per day (Earth time).
[18:17:29] A.M.A.N. Liaison : You may send up to one á≤Thumbs Upá≥ and one á≤Warningá≥ per day (Earth time).
[18:17:29] A.M.A.N. Liaison : You may send up to one á≤Thumbs Upá≥ and one á≤Warningá≥ per day (Earth time).
A.M.A.N. Liaison : The á≤Muteá≥ feature places restrictions on your ability to post, meaning that other players will be unable to see the messages you post to the Assist Channel.
[18:17:31] A.M.A.N. Liaison : The á≤Muteá≥ feature places restrictions on your ability to post, meaning that other players will be unable to see the messages you post to the Assist Channel.
[18:17:31] A.M.A.N. Liaison : The á≤Muteá≥ feature places restrictions on your ability to post, meaning that other players will be unable to see the messages you post to the Assist Channel.
A.M.A.N. Liaison : Please refrain from posting unsuitable content so that the veteran adventurers are not forced to mute you.
[18:17:31] A.M.A.N. Liaison : Please refrain from posting unsuitable content so that the veteran adventurers are not forced to mute you.
[18:17:31] A.M.A.N. Liaison : Please refrain from posting unsuitable content so that the veteran adventurers are not forced to mute you.
A.M.A.N. Liaison : Mute status can be removed by players that have the necessary Mute List access rights, or it will be removed automatically 24 hours (Earth time) after the mute status was enabled.
[18:17:31] A.M.A.N. Liaison : Mute status can be removed by players that have the necessary Mute List access rights, or it will be removed automatically 24 hours (Earth time) after the mute status was enabled.
[18:17:31] A.M.A.N. Liaison : Mute status can be removed by players that have the necessary Mute List access rights, or it will be removed automatically 24 hours (Earth time) after the mute status was enabled.
[18:17:33] You have completed the following Records of Eminence objective: Assist Channel.
[18:17:33] As a first-time bonus, you receive 300 sparks of eminence for a total of 9546!
[18:17:33] Suede gains 300 experience points.
A.M.A.N. Liaison : This is an explanation of the Assist Channel feature, which allows new and returning players to seek help from veteran adventurers.
[18:17:35] A.M.A.N. Liaison : This is an explanation of the Assist Channel feature, which allows new and returning players to seek help from veteran adventurers.
[18:17:35] A.M.A.N. Liaison : This is an explanation of the Assist Channel feature, which allows new and returning players to seek help from veteran adventurers.
A.M.A.N. Liaison : The Assist Channel is a special chat channel that allows adventurers to ask questions and receive advice from veteran players known as mentors.
[18:17:36] A.M.A.N. Liaison : The Assist Channel is a special chat channel that allows adventurers to ask questions and receive advice from veteran players known as mentors.
[18:17:36] A.M.A.N. Liaison : The Assist Channel is a special chat channel that allows adventurers to ask questions and receive advice from veteran players known as mentors.
[18:17:47] superwarp: Search returned no matches: wodos
[18:17:50] superwarp: Warping via Home Point #3 to Windurst Woods - Entrance.
[18:17:58] === Area: Windurst Woods ===
[18:18:05] This area is currently affected by the Super Kupower: á≤Martial Masterá≥!
[18:18:05] This area is currently affected by the Super Kupower: á≤Dilatory Digestioná≥!
[18:18:05] This area is currently affected by the Super Kupower: á≤Crystal Caboodleá≥!
[18:18:24] === Area: East Sarutabaruta ===
[18:18:32] The maximum number of people are already participating in Unity chat. Please try again later.
[18:18:32] This area is currently affected by the Super Kupower: á≤Martial Masterá≥!
[18:18:32] This area is currently affected by the Super Kupower: á≤Dilatory Digestioná≥!
[18:18:32] This area is currently affected by the Super Kupower: á≤Crystal Caboodleá≥!
[18:18:40] Suede starts casting Tenzen on Suede.
[18:18:43] You have completed the following Records of Eminence objective: Alter Ego: Tenzen.
[18:18:43] As a first-time bonus, you receive 300 sparks of eminence for a total of 9846!
[18:18:43] Suede gains 300 experience points.
[18:18:43] As a special bonus for your valiant efforts, you have been awarded a cipher of Adelheid's alter ego!
[18:18:43] (Tenzen) Your voice has reached the Far East and called me to your side!
[18:19:30] === Area: Windurst Woods ===
[18:19:38] The maximum number of people are already participating in Unity chat. Please try again later.
[18:19:38] This area is currently affected by the Super Kupower: á≤Martial Masterá≥!
[18:19:38] This area is currently affected by the Super Kupower: á≤Dilatory Digestioná≥!
[18:19:38] This area is currently affected by the Super Kupower: á≤Crystal Caboodleá≥!
Wetata : Oooh, would you look at......Waitaru a second. Just who is that?
[18:20:18] Wetata : Oooh, would you look at...
[18:20:18] Å@...Waitaru a second. Just who is that?
[18:20:18] Wetata : Oooh, would you look at...
[18:20:18] Å@...Waitaru a second. Just who is that?
Wetata : The flow of information coming from the headquarters has slowed to a trickle lately. How am I supposed to use this cipher of Adelheid's alter ego in conditions like these!?
[18:20:23] Wetata : The flow of information coming from the headquarters has slowed to a trickle lately. How am I supposed to use this cipher of Adelheid's alter ego in conditions like these!?
[18:20:23] Wetata : The flow of information coming from the headquarters has slowed to a trickle lately. How am I supposed to use this cipher of Adelheid's alter ego in conditions like these!?
Wetata : á≤Speed it alongá≥? Grrr...Normally I hate being rush-wushed, but I suppose you're entitled to your due.
[18:20:27] Wetata : á≤Speed it alongá≥? Grrr...
[18:20:27] Å@Normally I hate being rush-wushed, but I suppose you're entitled to your due.
[18:20:27] Wetata : á≤Speed it alongá≥? Grrr...
[18:20:27] Å@Normally I hate being rush-wushed, but I suppose you're entitled to your due.
Wetata : I'll skip the long explanation for now. Close your eyes, and pictaru yourself crawling under the warm, comforting blanketaru of friendship...
[18:20:28] Wetata : I'll skip the long explanation for now. Close your eyes, and pictaru yourself crawling under the warm, comforting blanketaru of friendship...
[18:20:28] Wetata : I'll skip the long explanation for now. Close your eyes, and pictaru yourself crawling under the warm, comforting blanketaru of friendship...
Wetata : Spectacular!
[18:20:42] Wetata : Spectacular!
[18:20:42] Wetata : Spectacular!
Wetata : I had my doubtarus, but you really did it! I certainly taught you well, didn't I?
[18:20:44] Wetata : I had my doubtarus, but you really did it! I certainly taught you well, didn't I?
[18:20:44] Wetata : I had my doubtarus, but you really did it! I certainly taught you well, didn't I?
[18:20:47] You learned Trust: Adelheid!
[18:21:28] Jyubeii[Nashmau]: Schah Ahosi Leggings Sell? 10m /tell
[18:22:17] You have undertaken á≤Level 75 Thief.á≥
[18:22:17] You have completed the following Records of Eminence objective: Level 75 Thief.
[18:22:17] As a first-time bonus, you receive 900 sparks of eminence for a total of 10746!
[18:22:17] Suede gains 500 experience points.
[18:22:17] As a special bonus for your valiant efforts, you have been awarded the following: raider's seal: feet x4!
[18:22:24] You have undertaken á≤Level 99 Thief.á≥
[18:22:24] You have completed the following Records of Eminence objective: Level 99 Thief.
[18:22:24] As a first-time bonus, you receive 1200 sparks of eminence for a total of 11946!
[18:22:24] Suede gains 500 experience points.
[18:22:24] As a special bonus for your valiant efforts, you have been awarded the following: copy of Rem's Tale, chapter 1 x2!
[18:22:33] You have undertaken á≤Level 30 White Mage.á≥
[18:22:33] You have completed the following Records of Eminence objective: Level 30 White Mage.
[18:22:33] As a first-time bonus, you receive 300 sparks of eminence for a total of 12246!
[18:22:33] Suede gains 500 experience points.
[18:22:33] As a special bonus for your valiant efforts, you have been awarded the following: copy of Coveffe Barrows musings x12!
[18:22:38] You have undertaken á≤Level 50 White Mage.á≥
[18:22:38] You have completed the following Records of Eminence objective: Level 50 White Mage.
[18:22:38] As a first-time bonus, you receive 600 sparks of eminence for a total of 12846!
[18:22:38] Suede gains 500 experience points.
[18:22:38] As a special bonus for your valiant efforts, you have been awarded the following: copy of Altana's Hymn x12!
[18:22:43] You have undertaken á≤Level 75 White Mage.á≥
[18:22:59] You have undertaken á≤Level 30 Black Mage.á≥
[18:22:59] You have completed the following Records of Eminence objective: Level 30 Black Mage.
[18:22:59] As a first-time bonus, you receive 300 sparks of eminence for a total of 13146!
[18:22:59] Suede gains 500 experience points.
[18:22:59] As a special bonus for your valiant efforts, you have been awarded the following: bounty list x12!
[18:23:02] You have undertaken á≤Level 30 Red Mage.á≥
[18:23:07] You have undertaken á≤Level 50 Black Mage.á≥
[18:23:07] You have completed the following Records of Eminence objective: Level 50 Black Mage.
[18:23:07] As a first-time bonus, you receive 600 sparks of eminence for a total of 13746!
[18:23:07] Suede gains 500 experience points.
[18:23:07] As a special bonus for your valiant efforts, you have been awarded the following: copy of Dark Deeds x12!
[18:23:12] You have undertaken á≤Level 75 Black Mage.á≥
[18:23:12] You have completed the following Records of Eminence objective: Level 75 Black Mage.
[18:23:12] As a first-time bonus, you receive 900 sparks of eminence for a total of 14646!
[18:23:12] Suede gains 500 experience points.
[18:23:12] As a special bonus for your valiant efforts, you have been awarded the following: goetia seal: feet x4!
[18:23:22] You have undertaken á≤Level 99 Black Mage.á≥
[18:23:22] You have completed the following Records of Eminence objective: Level 99 Black Mage.
[18:23:22] As a first-time bonus, you receive 1200 sparks of eminence for a total of 15846!
[18:23:22] Suede gains 500 experience points.
[18:23:22] As a special bonus for your valiant efforts, you have been awarded the following: copy of Rem's Tale, chapter 4 x2!
[18:23:29] You have undertaken á≤Level 30 Warrior.á≥
[18:23:31] You have undertaken á≤Level 30 Monk.á≥
[18:23:52] Liquefier[Whitegate]: ???+1 Weapon Shop Pulse Do you need it? Bazaar Aht Urhgan (G-6) Please check it.
[18:24:15] Alaadenjklghdrt[PSandOria]:  ÇçÇôÇáÇâÇåÇìÇàÇèÇê.ÇÉÇèÇç, Get Fast delivery!  Åö Save "new2022" for more discount! Åö
[18:24:17] You have undertaken á≤Vanquish Multiple Enemies (D).á≥
[18:24:29] Pillbottle[Rabao]: Bumba v19 Clear Mind Do you need it? Veteran DRG WHM BRD GEO OR RDM Can I have it? please
[18:25:33] Pillbottle[Rabao]: Bumba v19 Clear Mind Do you need it? Veteran DRG WHM BRD GEO OR RDM Can I have it? please
[18:26:57] Alaadenjklghdrt[PSandOria]:  ÇçÇôÇáÇâÇåÇìÇàÇèÇê.ÇÉÇèÇç, Get Fast delivery!  Åö Save "new2022" for more discount! Åö
[18:27:30] Alaadenjklghdrt[PSandOria]:  ÇçÇôÇáÇâÇåÇìÇàÇèÇê.ÇÉÇèÇç, Get Fast delivery!  Åö Save "new2022" for more discount! Åö
[18:28:01] Raciela[Mhaura]: Omen kyou Item Buy? neck 10m Scale Middle Boss Item 3m /tell
[18:29:14] Raciela[Mhaura]: Omen kyou Item Buy? neck 10m  Middle Boss Item 3m /tell
[18:29:56] Alaadenjklghdrt[PSandOria]:  ÇçÇôÇáÇâÇåÇìÇàÇèÇê.ÇÉÇèÇç, Get Fast delivery!  Åö Save "new2022" for more discount! Åö
[18:32:51] Alaadenjklghdrt[PSandOria]:  ÇçÇôÇáÇâÇåÇìÇàÇèÇê.ÇÉÇèÇç, Get Fast delivery!  Åö Save "new2022" for more discount! Åö
[18:33:11] Pillbottle[Rabao]: Bumba v19 Clear Mind Do you need it? Very tough drg whm Can I have it? please
[18:33:21] Miic : pull it <3
[18:34:15] superwarp: Warping via Home Point #2 to Port Windurst - Mog House.
[18:34:22] === Area: Port Windurst ===
[18:34:30] The maximum number of people are already participating in Unity chat. Please try again later.
[18:34:30] This area is currently affected by the Super Kupower: á≤Martial Masterá≥!
[18:34:30] This area is currently affected by the Super Kupower: á≤Dilatory Digestioná≥!
[18:34:30] This area is currently affected by the Super Kupower: á≤Crystal Caboodleá≥!
[18:34:38] Pillbottle[Rabao]: Bumba v19 Clear Mind Do you need it? Very tough drg drk whm SCH Can I have it? please
[18:35:42] Alaadenjklghdrt[PSandOria]:  ÇçÇôÇáÇâÇåÇìÇàÇèÇê.ÇÉÇèÇç, Get Fast delivery!  Åö Save "new2022" for more discount! Åö
[18:37:58] Skyefox[WestAdoulin]: Arebati v0 gear unlock Do you need it? Rng Whm Can I have it?
[18:38:02] === Area: Mog House 1F ===
[18:38:06] This area is currently affected by the Super Kupower: á≤Martial Masterá≥!
[18:38:06] This area is currently affected by the Super Kupower: á≤Dilatory Digestioná≥!
[18:38:06] This area is currently affected by the Super Kupower: á≤Crystal Caboodleá≥!
[18:38:06] >> /deliverybox
[18:38:06] ...A command error occurred.
[18:38:07] The maximum number of people are already participating in Unity chat. Please try again later.
[18:38:17] Moogle : Is my assistance reaching you, Master? Your Mog House is currently aglow with faint ice energy, kupo!
[18:38:17] Your Mog Locker lease is valid until 2024/11/11 11:57:24, kupo.
[18:44:16] === Area: Port Windurst ===
[18:44:23] The maximum number of people are already participating in Unity chat. Please try again later.
[18:44:23] This area is currently affected by the Super Kupower: á≤Martial Masterá≥!
[18:44:23] This area is currently affected by the Super Kupower: á≤Dilatory Digestioná≥!
[18:44:23] This area is currently affected by the Super Kupower: á≤Crystal Caboodleá≥!
[18:44:42] You can't cast Teleport-Mea, attempting to use Dimensional Ring instead, /heal to cancel.
[18:45:06] Skyefox[WestAdoulin]: Arebati v0 gear unlock Do you need it? Rng Rdm whm tank Can I have it? @4
[18:45:23] Ronstadt[Mhaura]: Master Level Party King Ranperre's Tomb Looking for members. DD COR /tell @4/6
[18:45:34] You can't cast Teleport-Mea, attempting to use Dimensional Ring instead, /heal to cancel.
[18:46:02] Skyefox[WestAdoulin]: Arebati v0 gear unlock Do you need it? Rng Rdm whm tank Can I have it? @4
[18:46:52] Ronstadt[Mhaura]: Master Level Party King Ranperre's Tomb Looking for members. DD COR /tell @4/6
[18:47:08] Skyefox[WestAdoulin]: Arebati v0 gear unlock Do you need it? Rng Rdm whm tank Can I have it? @4
[18:47:08] Travlerxx[EastAdoulin]: sobek's skin x 1 Sell? Reward 1m /tell
[18:47:11] Alaadenjklghdrt[PSandOria]:  ÇçÇôÇáÇâÇåÇìÇàÇèÇê.ÇÉÇèÇç, Get Fast delivery!  Åö Save "new2022" for more discount! Åö
[18:47:34] === Area: Mog House 1F ===
[18:47:39] The maximum number of people are already participating in Unity chat. Please try again later.
[18:47:39] This area is currently affected by the Super Kupower: á≤Martial Masterá≥!
[18:47:39] This area is currently affected by the Super Kupower: á≤Dilatory Digestioná≥!
[18:47:39] This area is currently affected by the Super Kupower: á≤Crystal Caboodleá≥!
[18:49:33] Moogle : I'll look after your items, kupo!
[19:00:07] You have undertaken the limited-time Records of Eminence challenge á≤Vanquish Birds.á≥
[22:26:27] === Area: Mog House 1F ===
[22:26:27] Loading Blist settings for Suede.
[22:26:27] React: Loading File: react_WHM.lua
[22:26:28] *****DP Job Selection:WHM*****
[22:26:28] Mode: Magic.
[22:26:28]  White = Can not cast.
[22:26:28]  Green = Casting Range
[22:26:29] Size already 20.
[22:26:29] ConsoleBG: Position changed! X: 15 Y: 50
[22:26:30] Loaded WHM Battlemod filters
[22:26:33] This area is currently affected by the Super Kupower: á≤Martial Masterá≥!
[22:26:33] This area is currently affected by the Super Kupower: á≤Dilatory Digestioná≥!
[22:26:33] This area is currently affected by the Super Kupower: á≤Crystal Caboodleá≥!
[22:26:33] The maximum number of people are already participating in Unity chat. Please try again later.
[22:26:34] <<< Welcome to Asura! >>>
[22:26:34] Å°Assist Channel added for New Players and Returnees! https://sqex.to/yLvfp
[22:26:34] 
[22:26:34] Å°Vana'diel Doused with the September Version Update!
[22:26:34] 
[22:26:34] Å°Blazing Buffaloes [until September 30 at 7:59 (PDT) / 14:59 (GMT) / 15:59 (BST)]
[22:26:34] 
[22:26:34] Å°Blazing Buffaloes Screenshot Campaign [until September 30 at 7:59 (PDT) / 14:59 (GMT) / 15:59 (BST)]
[22:26:34] 
[22:26:34] Å°Summer Breeze Campaign [until September 30 at 7:59 (PDT) / 14:59 (GMT) / 15:59 (BST)]
[22:26:34] 
[22:26:34] Å°The September 2022 Login Campaign [until October 9 at 7:00 (PDT) / 14:00 (GMT) / 15:00 (BST)]
[22:26:34] 
[22:26:34] Å°Day of the Shadow Lord [until September 30 at 7:59 (PDT) / 14:59 (GMT) / 15:59 (BST)]
[22:26:34] 
[22:26:34] * Please refer to the official website for more details.
[22:34:23] === Area: Port Windurst ===
[22:34:33] Nxsu[SSandOria]: Aeonic weapon 3 zones Clear Mind Do you need it? /tell Buy? 50m/spot all drops free lot 1/4
[22:34:33] The maximum number of people are already participating in Unity chat. Please try again later.
[22:34:33] This area is currently affected by the Super Kupower: á≤Martial Masterá≥!
[22:34:33] This area is currently affected by the Super Kupower: á≤Dilatory Digestioná≥!
[22:34:33] This area is currently affected by the Super Kupower: á≤Crystal Caboodleá≥!
[22:34:36] Dancingdragon[LowJeuno]: Selling Mars Orbs X7 2.6M each PST if interested
[22:34:41] Murmu[Rabao]: LFM Odyssey C seg tank dd  brd Can I have it? 2/6
[22:34:49] Sixgodd[NSandOria]: Odysseyt1t2t3Arebati Kalunga Xevioso Ngai Mboze OngoV0-1 Bumba V0-15 Clear Mind Buy?
[22:34:52] Crisula[PortJeuno]: L. Jadeshell  M. Silverpiece  100 Byne Bill  Do you need it?  (H-8)
[22:34:56] Meios[PSandOria]: OdysseyT1234 Xevioso Ngai Kalunga Mboze Arebati Ongo V0-1 (BumbaV0-15) Buy? /tell
[22:35:05] Dancingdragon[LowJeuno]: Selling Mars Orbs X7 2.6M each PST if interested
[22:35:07] Yahoowxi[PortBastok]: Selling Aeonic/ioniÉbkuuÉFpon 3zones Full clearBuy?50M/tell drops free 5min start
[22:35:13] Lactan[Whitegate]: Sarameya Tinnin  Tyger Item and win Do you need it? Buy? 
[22:35:16] Ennnu[BastokMine]: Ambuscade V1VD Do you need it? 5m/run fast 3-4min done Lower the price? /tell Thank you.
[22:35:17] Magmagz[PortJeuno]: Glavoid  Orthrus Itzpapalotl Apademak Carabosse  Draguaeachx2Buy?1pop 1.2meachPST
[22:35:19] Sixgodd[NSandOria]: Odysseyt1t2t3Arebati Kalunga Xevioso Ngai Mboze OngoV0-1 Bumba V0-15 Clear Mind Buy?
[22:35:24] You can't cast Teleport-Mea, attempting to use Dimensional Ring instead, /heal to cancel.
[22:35:25] Huulaula[BastokMark]: Odin VD/Cait Sith VD/Alexander VD/Colorless Soul/Aby EMP Item Do you need it? Buy? /tell
[22:35:29] Meios[PSandOria]: OdysseyT1234 Xevioso Ngai Kalunga Mboze Arebati Ongo V0-1 (BumbaV0-15) Buy? /tell
[22:35:35] Nxsu[SSandOria]: Aeonic weapon 3 zones Clear Mind Do you need it? /tell Buy? 50m/spot all drops free lot 1/4
[22:35:36] Dancingdragon[LowJeuno]: Selling Mars Orbs X7 2.6M each PST if interested
[22:35:42] Suede uses a Teleport ring: Dem.
[22:35:42] Crisula[PortJeuno]: L. Jadeshell  M. Silverpiece  100 Byne Bill  Do you need it?  (H-8)
[22:35:49] Mckayla[Rabao]: Ngaix3 Can I have it? 8milx3= 24mil Reward /pts Thank you.
[22:35:50] Sixgodd[NSandOria]: Odysseyt1t2t3Arebati Kalunga Xevioso Ngai Mboze OngoV0-1 Bumba V0-15 Clear Mind Buy?
[22:35:50] Yahoowxi[PortBastok]: Selling Aeonic/ioniÉbkuuÉFpon 3zones Full clearBuy?50M/tell drops free 5min start
[22:35:54] Alaadenjklghdrt[PSandOria]:  ÇçÇôÇáÇâÇåÇìÇàÇèÇê.ÇÉÇèÇç, Get Fast delivery!  Åö Save "new2022" for more discount! Åö
[22:35:59] === Area: Konschtat Highlands ===
[22:36:06] The maximum number of people are already participating in Unity chat. Please try again later.
[22:36:06] This area is currently affected by the Super Kupower: á≤Martial Masterá≥!
[22:36:06] This area is currently affected by the Super Kupower: á≤Dilatory Digestioná≥!
[22:36:06] This area is currently affected by the Super Kupower: á≤Crystal Caboodleá≥!
[22:37:12] superwarp: Search returned no matches: Konschtat Highlands
[22:37:23] superwarp: Entering Escha...
[22:37:31] === Area: Reisenjima ===
[22:37:38] The maximum number of people are already participating in Unity chat. Please try again later.
[22:37:49] superwarp: Warping via Ethereal Ingress #1 to Reisenjima - 10.
Incantrix : Come to trade?
[22:38:07] Incantrix : Come to trade?
[22:38:07] Incantrix : Come to trade?
Incantrix : I's able to use my magic on your breath 1 more time.
[22:38:09] Incantrix : I's able to use my magic on your breath 1 more time.
[22:38:09] Incantrix : I's able to use my magic on your breath 1 more time.
Incantrix : Now, don'tcha move one ilm...
[22:38:10] Incantrix : Now, don'tcha move one ilm...
[22:38:10] Incantrix : Now, don'tcha move one ilm...
[22:38:11] Obtained key item: Mystical canteen.
Incantrix : Come to trade?
[22:44:02] Incantrix : Come to trade?
[22:44:02] Incantrix : Come to trade?
[22:44:05] Executing logout in 30 seconds.
[22:44:05] Cancel healing to remain logged in.
[22:44:09] Executing logout in 25 seconds.
[22:44:09] Cancel healing to remain logged in.
[22:44:11] findAll: Searching: :Suede whm
[22:44:11] findAll: You have no items that match 'whm' on the specified characters.
[22:44:13] findAll: Searching: :Suede whm
[22:44:13] findAll: You have no items that match 'whm' on the specified characters.
[22:44:14] Executing logout in 20 seconds.
[22:44:14] Cancel healing to remain logged in.
[22:44:19] Executing logout in 15 seconds.
[22:44:19] Cancel healing to remain logged in.
[22:44:24] Executing logout in 10 seconds.
[22:44:24] Cancel healing to remain logged in.
[22:44:29] Executing logout in 5 seconds.
[22:44:29] Cancel healing to remain logged in.
[22:44:35] The power of your vorseal wanes...
