----== SystemMessage ==----
On Aug. 9, 2022 22:00 to Aug. 10, 2022 2:00 (PDT) / Aug. 10, 2022 from 5:00 to 9:00 (GMT) / Aug. 10, 2022 from 6:00 to 10:00 (BST), 

----== SystemMessage ==----
we will be performing maintenance on all Worlds.

----== SystemMessage ==----
During this period, FINAL FANTASY XI will be unavailable.

----== SystemMessage ==----
See the Information section for more details.

----== SystemMessage ==----
On Aug. 9, 2022 22:00 to Aug. 10, 2022 2:00 (PDT) / Aug. 10, 2022 from 5:00 to 9:00 (GMT) / Aug. 10, 2022 from 6:00 to 10:00 (BST), 

----== SystemMessage ==----
we will be performing maintenance on all Worlds.

----== SystemMessage ==----
During this period, FINAL FANTASY XI will be unavailable.

----== SystemMessage ==----
See the Information section for more details.

Sheepshenko unleashes a burst of runic energy.
----== SystemMessage ==----
From 22:00 to 2:00 (PDT) / 5:00 to 9:00 (GMT) / 6:00 to 10:00 (BST), we will be performing maintenance on all Worlds.

----== SystemMessage ==----
See the Information section for more details.

----== SystemMessage ==----
Please be aware that if you are logged into FINAL FANTASY XI when maintenance begins, you will be disconnected.

----== SystemMessage ==----
We will soon be starting maintenance. Please log out as soon as possible.

----== SystemMessage ==----
See the Information section for more details.

----== SystemMessage ==----
If you are logged into FINAL FANTASY XI when maintenance begins, you will be disconnected.

----== SystemMessage ==----
We are starting the maintenance on all Worlds. Please log out immediately.

----== SystemMessage ==----
If you are logged into FINAL FANTASY XI when maintenance begins, you will be disconnected.

----== SystemMessage ==----
We are now starting the maintenance, and all Worlds will be shutting down. Please log out immediately.

