[03:57:52] === Area: Norg ===
[03:57:52] Loading Blist settings for Suede.
[03:57:52] React: Loading File: react_WHM.lua
[03:57:53] *****DP Job Selection:WHM*****
[03:57:53] Mode: Magic.
[03:57:53]  White = Can not cast.
[03:57:53]  Green = Casting Range
[03:57:54] Size already 20.
[03:57:54] ConsoleBG: Position changed! X: 15 Y: 50
[03:57:54] Loaded WHM Battlemod filters
[03:57:59] Crisula[PortJeuno]: L. Jadeshell  M. Silverpiece  100 Byne Bill  do you need it?  @(H-8)
[03:57:59] <<< Welcome to Asura! >>>
[03:57:59] ■Assist Channel added for New Players and Returnees! https://sqex.to/yLvfp
[03:57:59] 
[03:57:59] ■Vana'diel Doused with the September Version Update!
[03:57:59] 
[03:57:59] ■Blazing Buffaloes [until September 30 at 7:59 (PDT) / 14:59 (GMT) / 15:59 (BST)]
[03:57:59] 
[03:57:59] ■Blazing Buffaloes Screenshot Campaign [until September 30 at 7:59 (PDT) / 14:59 (GMT) / 15:59 (BST)]
[03:57:59] 
[03:57:59] ■Summer Breeze Campaign [until September 30 at 7:59 (PDT) / 14:59 (GMT) / 15:59 (BST)]
[03:57:59] 
[03:57:59] ■The September 2022 Login Campaign [until October 9 at 7:00 (PDT) / 14:00 (GMT) / 15:00 (BST)]
[03:57:59] 
[03:57:59] ■Day of the Shadow Lord [until September 30 at 7:59 (PDT) / 14:59 (GMT) / 15:59 (BST)]
[03:57:59] 
[03:57:59] * Please refer to the official website for more details.
[03:58:00] Sixgodg[NSandOria]: Odysseyt1t2t3Arebati Kalunga Xevioso Ngai Mboze Ongo V0-1 Bumba V0-15 Clear Mind Buy?
[03:58:00] You have undertaken the limited-time Records of Eminence challenge ｲMagic Damage Kills.ｳ
[03:58:00] This area is currently affected by the Super Kupower: ｲMartial Masterｳ!
[03:58:00] This area is currently affected by the Super Kupower: ｲDilatory Digestionｳ!
[03:58:00] This area is currently affected by the Super Kupower: ｲCrystal Caboodleｳ!
[03:58:00] The September 2022 Login Campaign is currently underway!
[03:58:00] 
[03:58:00] In celebration of your most recent login (login no. 7), we have provided you with 100 points!
[03:58:00] You currently have a total of 2600 points.
[03:58:02] We hope you enjoy this complimentary little gift, courtesy of the citizens of Vana'diel!
[03:58:02] Obtained: Dial key #Ab.
[03:58:05] Lactan[Whitegate]: znm T4 Sarameya Tinnin Tyger Item and win Do you need it? Buy? 
[03:58:25] Shmilydudu[BastokMark]: Escha - Zi'Tah Escha - Ru'Aun Reisenjima T1T2T3 ALL Item ABJ Reiki Yotai Do you need it? /tell Buy? 
[03:58:31] Sixgodg[NSandOria]: Odysseyt1t2t3Arebati Kalunga Xevioso Ngai Mboze Ongo V0-1 Bumba V0-15 Clear Mind Buy?
[03:58:31] Huulaula[BastokMark]: Odin VD/Cait Sith VD/Alexander VD/Colorless Soul/Aby EMP Item Do you need it? Buy? /tell
[03:58:49] Crisula[PortJeuno]: L. Jadeshell  M. Silverpiece  100 Byne Bill  do you need it?  @(H-8)
[03:59:02] Sixgodg[NSandOria]: Odysseyt1t2t3Arebati Kalunga Xevioso Ngai Mboze Ongo V0-1 Bumba V0-15 Clear Mind Buy?
[03:59:04] superwarp: Warping via Home Point #2 to Windurst Woods - Entrance.
[03:59:07] Lactan[Whitegate]: znm T4 Sarameya Tinnin Tyger Item and win Do you need it? Buy? 
[03:59:13] === Area: Windurst Woods ===
[03:59:20] The maximum number of people are already participating in Unity chat. Please try again later.
[03:59:20] This area is currently affected by the Super Kupower: ｲMartial Masterｳ!
[03:59:20] This area is currently affected by the Super Kupower: ｲDilatory Digestionｳ!
[03:59:20] This area is currently affected by the Super Kupower: ｲCrystal Caboodleｳ!
[03:59:27] Shmilydudu[BastokMark]: Escha - Zi'Tah Escha - Ru'Aun Reisenjima T1T2T3 ALL Item ABJ Reiki Yotai Do you need it? /tell Buy? 
[03:59:33] Sixgodg[NSandOria]: Odysseyt1t2t3Arebati Kalunga Xevioso Ngai Mboze Ongo V0-1 Bumba V0-15 Clear Mind Buy?
[03:59:37] Huulaula[BastokMark]: Odin VD/Cait Sith VD/Alexander VD/Colorless Soul/Aby EMP Item Do you need it? Buy? /tell
[03:59:39] Crisula[PortJeuno]: L. Jadeshell  M. Silverpiece  100 Byne Bill  do you need it?  @(H-8)
A.M.A.N. Validator : Welcome to the Deeds of Heroism rewards exchange service!
[03:59:43] A.M.A.N. Validator : Welcome to the Deeds of Heroism rewards exchange service!
[03:59:43] A.M.A.N. Validator : Welcome to the Deeds of Heroism rewards exchange service!
[03:59:50] QuickTrade: Trading Complete. Loop: 1/1
Fhelm Jobeizat : Grrreat! Now I have 7 copper A.M.A.N. vouchers from you. Thanks!
[03:59:52] Fhelm Jobeizat : Grrreat! Now I have 7 copper A.M.A.N. vouchers from you. Thanks!
[03:59:52] Fhelm Jobeizat : Grrreat! Now I have 7 copper A.M.A.N. vouchers from you. Thanks!
Fhelm Jobeizat : You want to trrrade in sparks, do you?
[03:59:56] Fhelm Jobeizat : You want to trrrade in sparks, do you?
[03:59:56] Fhelm Jobeizat : You want to trrrade in sparks, do you?
[03:59:58] Webstergoo[PortWind]: anyone need Nyzul isle token run I want to clear floor 100 for whm but if only for a few floors im game!
Are you sure you want to expend 15000 sparks of eminence on this?
[04:00:02] Are you sure you want to expend 15000 sparks of eminence on this?
[04:00:02] Are you sure you want to expend 15000 sparks of eminence on this?
[04:00:03] Obtained: Copy of Rem's Tale, chapter 9.
[04:00:04] Sixgodg[NSandOria]: Odysseyt1t2t3Arebati Kalunga Xevioso Ngai Mboze Ongo V0-1 Bumba V0-15 Clear Mind Buy?
[04:00:10] Lactan[Whitegate]: znm T4 Sarameya Tinnin Tyger Item and win Do you need it? Buy? 
Are you sure you want to expend 15000 sparks of eminence on this?
[04:00:16] Are you sure you want to expend 15000 sparks of eminence on this?
[04:00:16] Are you sure you want to expend 15000 sparks of eminence on this?
[04:00:21] findAll: Searching: geoman
[04:00:21] findAll: Dasmir/inventory: Geo. Galero +1 [geomancy galero +1]
[04:00:21] findAll: Dasmir/inventory: Geo. Mitaines +2 [geomancy mitaines +2]
[04:00:21] findAll: Dasmir/sack: P. GEO Card [paragon geomancer card] (210)
[04:00:21] findAll: Dasmir/slip 24: Geomancy Pants +2
[04:00:21] findAll: Dasmir/slip 24: Geomancy Tunic +2
[04:00:21] findAll: Dasmir/slip 25: Geo. Sandals +3 [geomancy sandals +3]
[04:00:21] findAll: Dasmir/key items: dynamic geomancer's shard
[04:00:21] findAll: Dasmir/key items: job gesture: geomancer
[04:00:21] findAll: Helyah/key items: job gesture: geomancer
[04:00:21] findAll: Olymoly/locker: P. GEO Card [paragon geomancer card] (11)
[04:00:21] findAll: Olymoly/slip 24: Geomancy Pants +2
[04:00:21] findAll: Olymoly/slip 24: Geomancy Tunic +2
[04:00:21] findAll: Olymoly/slip 24: Geo. Galero +2 [geomancy galero +2]
[04:00:21] findAll: Olymoly/slip 25: Geo. Mitaines +3 [geomancy mitaines +3]
[04:00:21] findAll: Olymoly/slip 25: Geo. Sandals +3 [geomancy sandals +3]
[04:00:21] findAll: Olymoly/key items: dynamic geomancer's shard
[04:00:21] findAll: Olymoly/key items: job gesture: geomancer
[04:00:21] findAll: Total: 236
[04:00:29] Shmilydudu[BastokMark]: Escha - Zi'Tah Escha - Ru'Aun Reisenjima T1T2T3 ALL Item ABJ Reiki Yotai Do you need it? /tell Buy? 
[04:00:30] Crisula[PortJeuno]: L. Jadeshell  M. Silverpiece  100 Byne Bill  do you need it?  @(H-8)
[04:00:31] Obtained: Copy of Rem's Tale, chapter 8.
Are you sure you want to expend 15000 sparks of eminence on this?
[04:00:32] Are you sure you want to expend 15000 sparks of eminence on this?
[04:00:32] Are you sure you want to expend 15000 sparks of eminence on this?
[04:00:34] Obtained: Copy of Rem's Tale, chapter 8.
Are you sure you want to expend 15000 sparks of eminence on this?
[04:00:35] Are you sure you want to expend 15000 sparks of eminence on this?
[04:00:35] Are you sure you want to expend 15000 sparks of eminence on this?
[04:00:35] Sixgodg[NSandOria]: Odysseyt1t2t3Arebati Kalunga Xevioso Ngai Mboze Ongo V0-1 Bumba V0-15 Clear Mind Buy?
[04:00:36] Obtained: Copy of Rem's Tale, chapter 8.
[04:00:42] superwarp: Warping via Home Point #2 to Norg - Auction House (F).
[04:00:43] Huulaula[BastokMark]: Odin VD/Cait Sith VD/Alexander VD/Colorless Soul/Aby EMP Item Do you need it? Buy? /tell
[04:00:43] You have completed the following Records of Eminence objective: Examine a Home Point (M).
[04:00:43] As a first-time bonus, you receive 1500 sparks of eminence for a total of 1746!
[04:00:43] Suede gains 5000 experience points.
[04:00:43] As a special bonus for your valiant efforts, you have been awarded a silver A.M.A.N. voucher!
[04:00:50] === Area: Norg ===
[04:00:58] The maximum number of people are already participating in Unity chat. Please try again later.
[04:00:58] This area is currently affected by the Super Kupower: ｲMartial Masterｳ!
[04:00:58] This area is currently affected by the Super Kupower: ｲDilatory Digestionｳ!
[04:00:58] This area is currently affected by the Super Kupower: ｲCrystal Caboodleｳ!
[04:01:06] Sixgodg[NSandOria]: Odysseyt1t2t3Arebati Kalunga Xevioso Ngai Mboze Ongo V0-1 Bumba V0-15 Clear Mind Buy?
[04:01:12] Lactan[Whitegate]: znm T4 Sarameya Tinnin Tyger Item and win Do you need it? Buy? 
[04:01:20] Crisula[PortJeuno]: L. Jadeshell  M. Silverpiece  100 Byne Bill  do you need it?  @(H-8)
[04:01:26] Nomad Moogle : I'm a traveling moogle, kupo. I help adventurers in the Outlands access items they have stored in a Mog House elsewhere, kupo.
[04:01:28] Notaweeb[WindWalls]: hand Job Can I have it?
[04:01:29] Slot 1:
[04:01:29] The money the buyer paid for the 12 squares of sheep leather you put on auction, 50,000 gil.
[04:01:32] Shmilydudu[BastokMark]: Escha - Zi'Tah Escha - Ru'Aun Reisenjima T1T2T3 ALL Item ABJ Reiki Yotai Do you need it? /tell Buy? 
[04:01:37] Sixgodg[NSandOria]: Odysseyt1t2t3Arebati Kalunga Xevioso Ngai Mboze Ongo V0-1 Bumba V0-15 Clear Mind Buy?
[04:01:49] Huulaula[BastokMark]: Odin VD/Cait Sith VD/Alexander VD/Colorless Soul/Aby EMP Item Do you need it? Buy? /tell
[04:02:03] You take the 50,000 gil out of delivery slot 1.
[04:02:03] Slot 2:
[04:02:03] The money the buyer paid for the 12 squares of sheep leather you put on auction, 50,000 gil.
[04:02:05] You take the 50,000 gil out of delivery slot 2.
[04:02:05] Slot 3:
[04:02:05] The money the buyer paid for the 12 squares of sheep leather you put on auction, 50,000 gil.
[04:02:07] You take the 50,000 gil out of delivery slot 3.
[04:02:08] Slot 4:
[04:02:08] The money the buyer paid for the 12 squares of sheep leather you put on auction, 50,000 gil.
[04:02:08] Sixgodg[NSandOria]: Odysseyt1t2t3Arebati Kalunga Xevioso Ngai Mboze Ongo V0-1 Bumba V0-15 Clear Mind Buy?
[04:02:09] You take the 50,000 gil out of delivery slot 4.
[04:02:09] Slot 8:
[04:02:09] The money the buyer paid for the 12 squares of sheep leather you put on auction, 50,000 gil.
[04:02:11] You take the 50,000 gil out of delivery slot 8.
[04:02:11] Crisula[PortJeuno]: L. Jadeshell  M. Silverpiece  100 Byne Bill  do you need it?  @(H-8)
[04:02:11] Slot 7:
[04:02:11] The money the buyer paid for the 12 squares of sheep leather you put on auction, 50,000 gil.
[04:02:12] Catciao[WindWoods]: hand Job notice Hand-to-Hand Skill Novice
[04:02:13] You take the 50,000 gil out of delivery slot 7.
[04:02:14] Slot 6:
[04:02:14] The money the buyer paid for the 12 squares of sheep leather you put on auction, 50,000 gil.
[04:02:14] Lactan[Whitegate]: znm T4 Sarameya Tinnin Tyger Item and win Do you need it? Buy? 
[04:02:15] You take the 50,000 gil out of delivery slot 6.
[04:02:15] Slot 5:
[04:02:15] The money the buyer paid for the 12 squares of sheep leather you put on auction, 50,000 gil.
[04:02:17] You take the 50,000 gil out of delivery slot 5.
[04:02:22] Slot 1:
[04:02:22] The money the buyer paid for the 12 squares of sheep leather you put on auction, 50,000 gil.
[04:02:33] You take the 50,000 gil out of delivery slot 1.
[04:02:34] Shmilydudu[BastokMark]: Escha - Zi'Tah Escha - Ru'Aun Reisenjima T1T2T3 ALL Item ABJ Reiki Yotai Do you need it? /tell Buy? 
[04:02:34] Slot 2:
[04:02:34] The money the buyer paid for the 12 squares of sheep leather you put on auction, 50,000 gil.
[04:02:35] You take the 50,000 gil out of delivery slot 2.
[04:02:36] Slot 3:
[04:02:36] The money the buyer paid for the 12 squares of sheep leather you put on auction, 50,000 gil.
[04:02:37] You take the 50,000 gil out of delivery slot 3.
[04:02:39] Sixgodg[NSandOria]: Odysseyt1t2t3Arebati Kalunga Xevioso Ngai Mboze Ongo V0-1 Bumba V0-15 Clear Mind Buy?
[04:02:39] Notaweeb[WindWalls]: you're just mashin' it
[04:02:55] Huulaula[BastokMark]: Odin VD/Cait Sith VD/Alexander VD/Colorless Soul/Aby EMP Item Do you need it? Buy? /tell
[04:03:02] Crisula[PortJeuno]: L. Jadeshell  M. Silverpiece  100 Byne Bill  do you need it?  @(H-8)
[04:03:03] Catciao[WindWoods]: I've always been told a dry tug is not a good one at all!
[04:03:10] Imoldgregg[LowJeuno]: Earf People im from planet Jupiter
[04:03:10] Sixgodg[NSandOria]: Odysseyt1t2t3Arebati Kalunga Xevioso Ngai Mboze Ongo V0-1 Bumba V0-15 Clear Mind Buy?
[04:03:15] Notaweeb[WindWalls]: Mercy Stroke
[04:03:16] Lactan[Whitegate]: znm T4 Sarameya Tinnin Tyger Item and win Do you need it? Buy? 
[04:03:21] Your 12 squares of sheep leather sold.
[04:03:22] Your 12 squares of sheep leather sold.
[04:03:22] Roces[WestAdoulin]: Ambuscade Can I have it? /tell
[04:03:24] Your 12 squares of sheep leather sold.
[04:03:25] Your 12 squares of sheep leather sold.
[04:03:26] Your 12 squares of sheep leather sold.
[04:03:31] Your 12 squares of sheep leather sold.
[04:03:32] Your 12 squares of sheep leather sold.
[04:03:33] Heavenlytea[Norg]: you don't have the right, o you don't have the right.
[04:03:34] Please try again in a little while.
[04:03:34] Catciao[WindWoods]: there's no pity pats in ffxi!
[04:03:36] Shmilydudu[BastokMark]: Escha - Zi'Tah Escha - Ru'Aun Reisenjima T1T2T3 ALL Item ABJ Reiki Yotai Do you need it? /tell Buy? 
[04:03:41] Sixgodg[NSandOria]: Odysseyt1t2t3Arebati Kalunga Xevioso Ngai Mboze Ongo V0-1 Bumba V0-15 Clear Mind Buy?
[04:03:42] The total transaction fee for a set of 12 items is 254 gil.
[04:03:44] Merchandise placed on auction.
[04:03:44] If merchandise remains unsold after 30 weeks (Vana'diel time), it will be returned to your current residence.
[04:03:44] If a successful bid is made, the proceeds from the sale will be delivered to your current residence.
[04:03:44] Signed items will lose their signature after being purchased.
[04:03:51] The total transaction fee for a set of 12 items is 204 gil.
[04:03:52] Crisula[PortJeuno]: L. Jadeshell  M. Silverpiece  100 Byne Bill  do you need it?  @(H-8)
[04:03:53] Merchandise placed on auction.
[04:03:53] If merchandise remains unsold after 30 weeks (Vana'diel time), it will be returned to your current residence.
[04:03:53] If a successful bid is made, the proceeds from the sale will be delivered to your current residence.
[04:03:53] Signed items will lose their signature after being purchased.
[04:03:55] Executing logout in 30 seconds.
[04:03:55] Cancel healing to remain logged in.
[04:03:59] Executing logout in 25 seconds.
[04:03:59] Cancel healing to remain logged in.
[04:04:01] Huulaula[BastokMark]: Odin VD/Cait Sith VD/Alexander VD/Colorless Soul/Aby EMP Item Do you need it? Buy? /tell
[04:04:04] Executing logout in 20 seconds.
[04:04:04] Cancel healing to remain logged in.
[04:04:09] Executing logout in 15 seconds.
[04:04:09] Cancel healing to remain logged in.
[04:04:12] Sixgodg[NSandOria]: Odysseyt1t2t3Arebati Kalunga Xevioso Ngai Mboze Ongo V0-1 Bumba V0-15 Clear Mind Buy?
[04:04:14] Executing logout in 10 seconds.
[04:04:14] Cancel healing to remain logged in.
[04:04:19] Lactan[Whitegate]: znm T4 Sarameya Tinnin Tyger Item and win Do you need it? Buy? 
[04:04:19] Executing logout in 5 seconds.
[04:04:19] Cancel healing to remain logged in.
[04:04:46] === Area: Norg ===
[04:04:46] Loading Blist settings for Suede.
[04:04:46] React: Loading File: react_WHM.lua
[04:04:47] *****DP Job Selection:WHM*****
[04:04:47] Mode: Magic.
[04:04:47]  White = Can not cast.
[04:04:47]  Green = Casting Range
[04:04:48] Size already 20.
[04:04:48] ConsoleBG: Position changed! X: 15 Y: 50
[04:04:53] <<< Welcome to Asura! >>>
[04:04:53] ■Assist Channel added for New Players and Returnees! https://sqex.to/yLvfp
[04:04:53] 
[04:04:53] ■Vana'diel Doused with the September Version Update!
[04:04:53] 
[04:04:53] ■Blazing Buffaloes [until September 30 at 7:59 (PDT) / 14:59 (GMT) / 15:59 (BST)]
[04:04:53] 
[04:04:53] ■Blazing Buffaloes Screenshot Campaign [until September 30 at 7:59 (PDT) / 14:59 (GMT) / 15:59 (BST)]
[04:04:53] 
[04:04:53] ■Summer Breeze Campaign [until September 30 at 7:59 (PDT) / 14:59 (GMT) / 15:59 (BST)]
[04:04:53] 
[04:04:53] ■The September 2022 Login Campaign [until October 9 at 7:00 (PDT) / 14:00 (GMT) / 15:00 (BST)]
[04:04:53] 
[04:04:53] ■Day of the Shadow Lord [until September 30 at 7:59 (PDT) / 14:59 (GMT) / 15:59 (BST)]
[04:04:53] 
[04:04:53] * Please refer to the official website for more details.
[04:04:54] This area is currently affected by the Super Kupower: ｲMartial Masterｳ!
[04:04:54] This area is currently affected by the Super Kupower: ｲDilatory Digestionｳ!
[04:04:54] This area is currently affected by the Super Kupower: ｲCrystal Caboodleｳ!
[04:04:54] The maximum number of people are already participating in Unity chat. Please try again later.
[04:05:07] Huulaula[BastokMark]: Odin VD/Cait Sith VD/Alexander VD/Colorless Soul/Aby EMP Item Do you need it? Buy? /tell
[04:05:14] Sixgodg[NSandOria]: Odysseyt1t2t3Arebati Kalunga Xevioso Ngai Mboze Ongo V0-1 Bumba V0-15 Clear Mind Buy?
[04:05:21] Lactan[Whitegate]: znm T4 Sarameya Tinnin Tyger Item and win Do you need it? Buy? 
[04:05:23] Nomad Moogle : I'm a traveling moogle, kupo. I help adventurers in the Outlands access items they have stored in a Mog House elsewhere, kupo.
[04:05:33] Crisula[PortJeuno]: L. Jadeshell  M. Silverpiece  100 Byne Bill  do you need it?  @(H-8)
[04:05:41] Shmilydudu[BastokMark]: Escha - Zi'Tah Escha - Ru'Aun Reisenjima T1T2T3 ALL Item ABJ Reiki Yotai Do you need it? /tell Buy? 
[04:05:45] Sixgodg[NSandOria]: Odysseyt1t2t3Arebati Kalunga Xevioso Ngai Mboze Ongo V0-1 Bumba V0-15 Clear Mind Buy?
[04:05:51] Entering cancel delivery mode.
[04:06:13] Huulaula[BastokMark]: Odin VD/Cait Sith VD/Alexander VD/Colorless Soul/Aby EMP Item Do you need it? Buy? /tell
[04:06:16] Sixgodg[NSandOria]: Odysseyt1t2t3Arebati Kalunga Xevioso Ngai Mboze Ongo V0-1 Bumba V0-15 Clear Mind Buy?
[04:06:23] Lactan[Whitegate]: znm T4 Sarameya Tinnin Tyger Item and win Do you need it? Buy? 
[04:06:23] Crisula[PortJeuno]: L. Jadeshell  M. Silverpiece  100 Byne Bill  do you need it?  @(H-8)
[04:06:43] Shmilydudu[BastokMark]: Escha - Zi'Tah Escha - Ru'Aun Reisenjima T1T2T3 ALL Item ABJ Reiki Yotai Do you need it? /tell Buy? 
[04:06:47] Sixgodg[NSandOria]: Odysseyt1t2t3Arebati Kalunga Xevioso Ngai Mboze Ongo V0-1 Bumba V0-15 Clear Mind Buy?
[04:07:13] Crisula[PortJeuno]: L. Jadeshell  M. Silverpiece  100 Byne Bill  do you need it?  @(H-8)
[04:07:14] superwarp: Warping via Home Point #2 to Lower Jeuno - Entrance.
[04:07:22] === Area: Lower Jeuno ===
[04:07:27] The maximum number of people are already participating in Unity chat. Please try again later.
[04:07:27] This area is currently affected by the Super Kupower: ｲMartial Masterｳ!
[04:07:27] This area is currently affected by the Super Kupower: ｲDilatory Digestionｳ!
[04:07:27] This area is currently affected by the Super Kupower: ｲCrystal Caboodleｳ!
[04:07:36] QuickTrade: Trading Complete. Loop: 1/1
Greyson : I have received a total of 4 silver A.M.A.N. vouchers from you so far. Let me know if you wish to trade some of them for an orb.
[04:07:38] Greyson : I have received a total of 4 silver A.M.A.N. vouchers from you so far. Let me know if you wish to trade some of them for an orb.
[04:07:38] Greyson : I have received a total of 4 silver A.M.A.N. vouchers from you so far. Let me know if you wish to trade some of them for an orb.
[04:07:43] You have completed the following Records of Eminence objective: A.M.A.N. Trove (M).
[04:07:43] As a first-time bonus, you receive 1500 sparks of eminence for a total of 3246!
[04:07:43] Suede gains 5000 experience points.
[04:07:43] As a special bonus for your valiant efforts, you have been awarded a Mars orb!
[04:07:45] Shmilydudu[BastokMark]: Escha - Zi'Tah Escha - Ru'Aun Reisenjima T1T2T3 ALL Item ABJ Reiki Yotai Do you need it? /tell Buy? 
[04:07:49] Sixgodg[NSandOria]: Odysseyt1t2t3Arebati Kalunga Xevioso Ngai Mboze Ongo V0-1 Bumba V0-15 Clear Mind Buy?
Greyson : It's been a pleasure doing business with you!
[04:07:49] Greyson : It's been a pleasure doing business with you!
[04:07:49] Greyson : It's been a pleasure doing business with you!
Greyson : Including the silver A.M.A.N. vouchers I have on hand for you, you now have a total of 9 vouchers. Let me know if you wish to exchange any for an orb.
[04:07:49] Greyson : Including the silver A.M.A.N. vouchers I have on hand for you, you now have a total of 9 vouchers. Let me know if you wish to exchange any for an orb.
[04:07:49] Greyson : Including the silver A.M.A.N. vouchers I have on hand for you, you now have a total of 9 vouchers. Let me know if you wish to exchange any for an orb.
[04:08:04] Crisula[PortJeuno]: L. Jadeshell  M. Silverpiece  100 Byne Bill  do you need it?  @(H-8)
[04:08:12] The maximum number of people are already participating in Unity chat. Please try again later.
[04:08:13] {Suede} Hello!
[04:08:14] You are not participating in Unity chat.
[04:08:17] {Suede} Hello!
[04:08:18] You have completed the following Records of Eminence objective: Unity Chat Greetings (M).
[04:08:18] As a first-time bonus, you receive 1500 sparks of eminence for a total of 4746!
[04:08:18] Suede gains 5000 experience points.
[04:08:18] As a special bonus for your valiant efforts, you have been awarded a silver A.M.A.N. voucher!
[04:08:20] Sixgodg[NSandOria]: Odysseyt1t2t3Arebati Kalunga Xevioso Ngai Mboze Ongo V0-1 Bumba V0-15 Clear Mind Buy?
[04:08:26] Huulaula[BastokMark]: Odin VD/Cait Sith VD/Alexander VD/Colorless Soul/Aby EMP Item Do you need it? Buy? /tell
[04:08:28] Lactan[Whitegate]: znm T4 Sarameya Tinnin Tyger Item and win Do you need it? Buy? 
[04:08:28] superwarp: Warping via Home Point #1 to Windurst Woods - Entrance.
[04:08:35] === Area: Windurst Woods ===
[04:08:43] The maximum number of people are already participating in Unity chat. Please try again later.
[04:08:43] This area is currently affected by the Super Kupower: ｲMartial Masterｳ!
[04:08:43] This area is currently affected by the Super Kupower: ｲDilatory Digestionｳ!
[04:08:43] This area is currently affected by the Super Kupower: ｲCrystal Caboodleｳ!
[04:08:45] superwarp: Warping via Home Point #2 to Windurst Woods - Auction House.
[04:08:48] Shmilydudu[BastokMark]: Escha - Zi'Tah Escha - Ru'Aun Reisenjima T1T2T3 ALL Item ABJ Reiki Yotai Do you need it? /tell Buy? 
[04:08:51] Sixgodg[NSandOria]: Odysseyt1t2t3Arebati Kalunga Xevioso Ngai Mboze Ongo V0-1 Bumba V0-15 Clear Mind Buy?
[04:08:54] Crisula[PortJeuno]: L. Jadeshell  M. Silverpiece  100 Byne Bill  do you need it?  @(H-8)
[04:09:22] Sixgodg[NSandOria]: Odysseyt1t2t3Arebati Kalunga Xevioso Ngai Mboze Ongo V0-1 Bumba V0-15 Clear Mind Buy?
[04:09:26] Knobkierrie[LowJeuno]: Selling Empy weaponsEmpyreanuェpon Abyssea Item 50 50 75 Buy? /tell
[04:09:30] Lactan[Whitegate]: znm T4 Sarameya Tinnin Tyger Item and win Do you need it? Buy? 
[04:09:31] Huulaula[BastokMark]: Odin VD/Cait Sith VD/Alexander VD/Colorless Soul/Aby EMP Item Do you need it? Buy? /tell
[04:09:33] Your 12 squares of sheep leather sold.
[04:09:45] Crisula[PortJeuno]: L. Jadeshell  M. Silverpiece  100 Byne Bill  do you need it?  @(H-8)
[04:09:46] The total transaction fee for a set of 12 items is 204 gil.
[04:09:48] Merchandise placed on auction.
[04:09:48] If merchandise remains unsold after 30 weeks (Vana'diel time), it will be returned to your current residence.
[04:09:48] If a successful bid is made, the proceeds from the sale will be delivered to your current residence.
[04:09:48] Signed items will lose their signature after being purchased.
[04:09:49] findAll: Searching: :Suede sheep
[04:09:49] findAll: Suede/inventory: Sheep Leather (4)
[04:09:49] findAll: Suede/inventory: Sheepskin (37)
[04:09:49] findAll: Suede/storage: M. Sheep Lth.
[04:09:49] findAll: Suede/storage: M. Sheep Wool
[04:09:49] findAll: Suede/sack: Sheepskin (531)
[04:09:49] findAll: Total: 574
[04:09:50] Shmilydudu[BastokMark]: Escha - Zi'Tah Escha - Ru'Aun Reisenjima T1T2T3 ALL Item ABJ Reiki Yotai Do you need it? /tell Buy? 
[04:09:53] Sixgodg[NSandOria]: Odysseyt1t2t3Arebati Kalunga Xevioso Ngai Mboze Ongo V0-1 Bumba V0-15 Clear Mind Buy?
[04:10:07] Suede uses a dark cluster.
[04:10:08] Esand[PortBastok]: OU x2 Regal cuffs Gauntlets belt ring earring gem necklace Do you need it? /tell
[04:10:09] Suede uses a dark cluster.
[04:10:12] Suede uses a dark cluster.
[04:10:25] Sixgodg[NSandOria]: Odysseyt1t2t3Arebati Kalunga Xevioso Ngai Mboze Ongo V0-1 Bumba V0-15 Clear Mind Buy?
[04:10:32] Lactan[Whitegate]: znm T4 Sarameya Tinnin Tyger Item and win Do you need it? Buy? 
A home point can be set as a spot for you to return to Vana'diel when you have been knocked out. You can also use a home point to teleport to other home points.
[04:10:32] A home point can be set as a spot for you to return to Vana'diel when you have been knocked out. You can also use a home point to teleport to other home points.
[04:10:32] A home point can be set as a spot for you to return to Vana'diel when you have been knocked out. You can also use a home point to teleport to other home points.
[04:10:36] Crisula[PortJeuno]: L. Jadeshell  M. Silverpiece  100 Byne Bill  do you need it?  @(H-8)
[04:10:37] Huulaula[BastokMark]: Odin VD/Cait Sith VD/Alexander VD/Colorless Soul/Aby EMP Item Do you need it? Buy? /tell
[04:10:52] Shmilydudu[BastokMark]: Escha - Zi'Tah Escha - Ru'Aun Reisenjima T1T2T3 ALL Item ABJ Reiki Yotai Do you need it? /tell Buy? 
[04:10:55] Sixgodg[NSandOria]: Odysseyt1t2t3Arebati Kalunga Xevioso Ngai Mboze Ongo V0-1 Bumba V0-15 Clear Mind Buy?
[04:11:22] Esand[PortBastok]: OU x2 Regal cuffs Gauntlets belt ring earring gem necklace Do you need it? /tell
[04:11:26] Crisula[PortJeuno]: L. Jadeshell  M. Silverpiece  100 Byne Bill  do you need it?  @(H-8)
[04:11:27] Sixgodg[NSandOria]: Odysseyt1t2t3Arebati Kalunga Xevioso Ngai Mboze Ongo V0-1 Bumba V0-15 Clear Mind Buy?
[04:11:34] Lactan[Whitegate]: znm T4 Sarameya Tinnin Tyger Item and win Do you need it? Buy? 
[04:11:42] Knobkierrie[LowJeuno]: Selling Empy weaponsEmpyreanuェpon Abyssea Item 50 50 75 Buy? /tell
[04:11:43] Huulaula[BastokMark]: Odin VD/Cait Sith VD/Alexander VD/Colorless Soul/Aby EMP Item Do you need it? Buy? /tell
[04:11:44] superwarp: Warping via Home Point #4 to Port Jeuno - Entrance.
[04:11:53] === Area: Port Jeuno ===
[04:12:00] The maximum number of people are already participating in Unity chat. Please try again later.
[04:12:00] This area is currently affected by the Super Kupower: ｲMartial Masterｳ!
[04:12:00] This area is currently affected by the Super Kupower: ｲDilatory Digestionｳ!
[04:12:00] This area is currently affected by the Super Kupower: ｲCrystal Caboodleｳ!
[04:12:16] Crisula[PortJeuno]: L. Jadeshell  M. Silverpiece  100 Byne Bill  do you need it?  @(H-8)
[04:12:28] Sixgodg[NSandOria]: Odysseyt1t2t3Arebati Kalunga Xevioso Ngai Mboze Ongo V0-1 Bumba V0-15 Clear Mind Buy?
[04:12:31] QuickTrade: Trades Remaining: 1 Loop: 1/2
Shami : All right, it's a deal. (Heh, what a sucker!)
[04:12:32] Shami : All right, it's a deal. (Heh, what a sucker!)
[04:12:32] Shami : All right, it's a deal. (Heh, what a sucker!)
Shami : Lemme see here... Suede, is it? Here we go.As of last count, you've got a balance of 9 High Kindred's crests.
[04:12:33] Shami : Lemme see here... Suede, is it? Here we go.
[04:12:33] 　As of last count, you've got a balance of 9 High Kindred's crests.
[04:12:33] Shami : Lemme see here... Suede, is it? Here we go.
[04:12:33] 　As of last count, you've got a balance of 9 High Kindred's crests.
[04:12:35] QuickTrade: Trading Complete. Loop: 1/1
Shami : All right, it's a deal. (Heh, what a sucker!)
[04:12:36] Shami : All right, it's a deal. (Heh, what a sucker!)
[04:12:36] Shami : All right, it's a deal. (Heh, what a sucker!)
Shami : Lemme see here... Suede, is it? Here we go.As of last count, you've got a balance of 86 Sacred Kindred's crests.
[04:12:36] Shami : Lemme see here... Suede, is it? Here we go.
[04:12:36] 　As of last count, you've got a balance of 86 Sacred Kindred's crests.
[04:12:36] Shami : Lemme see here... Suede, is it? Here we go.
[04:12:36] 　As of last count, you've got a balance of 86 Sacred Kindred's crests.
[04:12:37] Lactan[Whitegate]: znm T4 Sarameya Tinnin Tyger Item and win Do you need it? Buy? 
[04:12:45] Esand[PortBastok]: OU x2 Regal cuffs Gauntlets belt ring earring gem necklace Do you need it? /tell
[04:12:45] QuickTrade: No Seals in inventory
[04:12:49] Huulaula[BastokMark]: Odin VD/Cait Sith VD/Alexander VD/Colorless Soul/Aby EMP Item Do you need it? Buy? /tell
[04:12:58] Shmilydudu[BastokMark]: Escha - Zi'Tah Escha - Ru'Aun Reisenjima T1T2T3 ALL Item ABJ Reiki Yotai Do you need it? /tell Buy? 
[04:12:59] Sixgodg[NSandOria]: Odysseyt1t2t3Arebati Kalunga Xevioso Ngai Mboze Ongo V0-1 Bumba V0-15 Clear Mind Buy?
[04:13:07] Crisula[PortJeuno]: L. Jadeshell  M. Silverpiece  100 Byne Bill  do you need it?  @(H-8)
[04:13:14] superwarp: Warping via Home Point #1 to Lower Jeuno - Entrance (F).
[04:13:23] === Area: Lower Jeuno ===
[04:13:28] The maximum number of people are already participating in Unity chat. Please try again later.
[04:13:28] This area is currently affected by the Super Kupower: ｲMartial Masterｳ!
[04:13:28] This area is currently affected by the Super Kupower: ｲDilatory Digestionｳ!
[04:13:28] This area is currently affected by the Super Kupower: ｲCrystal Caboodleｳ!
[04:13:30] Sixgodg[NSandOria]: Odysseyt1t2t3Arebati Kalunga Xevioso Ngai Mboze Ongo V0-1 Bumba V0-15 Clear Mind Buy?
[04:13:38] QuickTrade: Trading Complete. Loop: 1/1
[04:13:39] Lactan[Whitegate]: znm T4 Sarameya Tinnin Tyger Item and win Do you need it? Buy? 
Greyson : I have received a total of 10 silver A.M.A.N. vouchers from you so far. Let me know if you wish to trade some of them for an orb.
[04:13:40] Greyson : I have received a total of 10 silver A.M.A.N. vouchers from you so far. Let me know if you wish to trade some of them for an orb.
[04:13:40] Greyson : I have received a total of 10 silver A.M.A.N. vouchers from you so far. Let me know if you wish to trade some of them for an orb.
[04:13:54] Executing logout in 30 seconds.
[04:13:54] Cancel healing to remain logged in.
[04:13:55] Huulaula[BastokMark]: Odin VD/Cait Sith VD/Alexander VD/Colorless Soul/Aby EMP Item Do you need it? Buy? /tell
[04:13:58] Crisula[PortJeuno]: L. Jadeshell  M. Silverpiece  100 Byne Bill  do you need it?  @(H-8)
[04:13:58] Knobkierrie[LowJeuno]: Selling Empy weaponsEmpyreanuェpon Abyssea Item 50 50 75 Buy? /tell
[04:13:58] Executing logout in 25 seconds.
[04:13:58] Cancel healing to remain logged in.
[04:13:59] Shmilydudu[BastokMark]: Escha - Zi'Tah Escha - Ru'Aun Reisenjima T1T2T3 ALL Item ABJ Reiki Yotai Do you need it? /tell Buy? 
[04:14:01] Sixgodg[NSandOria]: Odysseyt1t2t3Arebati Kalunga Xevioso Ngai Mboze Ongo V0-1 Bumba V0-15 Clear Mind Buy?
[04:14:03] Executing logout in 20 seconds.
[04:14:03] Cancel healing to remain logged in.
[04:14:08] Executing logout in 15 seconds.
[04:14:08] Cancel healing to remain logged in.
[04:14:11] Esand[PortBastok]: OU x2 Regal cuffs Gauntlets belt ring earring gem necklace Do you need it? /tell
[04:14:13] Executing logout in 10 seconds.
[04:14:13] Cancel healing to remain logged in.
[04:14:18] Executing logout in 5 seconds.
[04:14:18] Cancel healing to remain logged in.
[04:14:20] Webstergoo[Whitegate]: WHM looking for Nyzul Isle floor clears would love to join in with others!
