[09:53:35] === Area: Norg ===
[09:53:35] Loading Blist settings for Suede.
[09:53:35] React: Loading File: react_WHM.lua
[09:53:37] *****DP Job Selection:WHM*****
[09:53:37] Mode: Magic.
[09:53:37]  White = Can not cast.
[09:53:37]  Green = Casting Range
[09:53:37] Size already 20.
[09:53:37] ConsoleBG: Position changed! X: 15 Y: 50
[09:53:37] Loaded WHM Battlemod filters
[09:53:42] Fczjsl[PSandOria]: Dynamis - WindurstD W1 unlockhead+3 norp Do you need it?2mBuy?tell 17/18
[09:53:42] <<< Welcome to Asura! >>>
[09:53:42] ■Assist Channel added for New Players and Returnees! https://sqex.to/yLvfp
[09:53:42] 
[09:53:42] ■Vana'diel Doused with the September Version Update!
[09:53:42] 
[09:53:42] ■Blazing Buffaloes [until September 30 at 7:59 (PDT) / 14:59 (GMT) / 15:59 (BST)]
[09:53:42] 
[09:53:42] ■Blazing Buffaloes Screenshot Campaign [until September 30 at 7:59 (PDT) / 14:59 (GMT) / 15:59 (BST)]
[09:53:42] 
[09:53:42] ■Summer Breeze Campaign [until September 30 at 7:59 (PDT) / 14:59 (GMT) / 15:59 (BST)]
[09:53:42] 
[09:53:42] ■The September 2022 Login Campaign [until October 9 at 7:00 (PDT) / 14:00 (GMT) / 15:00 (BST)]
[09:53:42] 
[09:53:42] ■Day of the Shadow Lord [until September 30 at 7:59 (PDT) / 14:59 (GMT) / 15:59 (BST)]
[09:53:42] 
[09:53:42] * Please refer to the official website for more details.
[09:53:44] This area is currently affected by the Super Kupower: ｲMartial Masterｳ!
[09:53:44] This area is currently affected by the Super Kupower: ｲDilatory Digestionｳ!
[09:53:44] This area is currently affected by the Super Kupower: ｲCrystal Caboodleｳ!
[09:53:44] You have undertaken the limited-time Records of Eminence challenge ｲGain Experience.ｳ
[09:53:44] The September 2022 Login Campaign is currently underway!
[09:53:44] 
[09:53:44] In celebration of your most recent login (login no. 5), we have provided you with 100 points!
[09:53:44] You currently have a total of 2400 points.
[09:53:46] Malakka[BastokMark]: ZNM T4 Sarameya Tinnin Tyger Item win Do you need it? Buy? /tell
[09:53:46] We hope you enjoy this complimentary little gift, courtesy of the citizens of Vana'diel!
[09:53:46] Obtained: Dial key #Ab.
[09:53:54] Maximulian[PortJeuno]: Fu Shulmanu Collar Niqmaddu Ring Middle Boss Do you need it? Buy? tell
[09:53:57] Kimjaeonic[PortBastok]: Aeonic/ioniッkuuェpon 3zoneClear MindBuy?50M/tell(drop FL! 3.5hr end all 3 zone)1/4
[09:54:01] Shmilydudu[BastokMark]: Escha - Zi'Tah Escha - Ru'Aun Reisenjima T1T2T3 ALL Item ABJ Telos Earring Reiki Yotai Do you need it? /tell Buy? 
[09:54:03] Meios[PSandOria]: OdysseyT1234 Xevioso Ngai Kalunga Mboze Ongao Arebati V0-1 (BumbaV0-15) Buy? /tell
[09:54:06] Sixgodg[NSandOria]: Odyssey t1t2t3Arebati Kalunga Xevioso Ngai Mboze Ongo V0-1 Bumba V0-15 Clear Mind Buy?
[09:54:06] Caion[Whitegate]: znm T4 Sarameya Tinnin Tyger Item and win Do you need it? Buy?
[09:54:10] Huulaula[BastokMark]: Odin VD/Cait Sith VD/Alexander VD/Colorless Soul/Aby EMP Item Do you need it? Buy? /tell
[09:54:22] Fczjsl[PSandOria]: Dynamis - WindurstD W1 unlockhead+3 norp Do you need it?2mBuy?tell 17/18
[09:54:27] Crisula[PortJeuno]: L. Jadeshell  M. Silverpiece  100 Byne Bill   Do you need it   (H-8)
[09:54:35] Meios[PSandOria]: OdysseyT1234 Xevioso Ngai Kalunga Mboze Ongao Arebati V0-1 (BumbaV0-15) Buy? /tell
[09:54:36] Sixgodg[NSandOria]: Odyssey t1t2t3Arebati Kalunga Xevioso Ngai Mboze Ongo V0-1 Bumba V0-15 Clear Mind Buy?
[09:54:47] Malakka[BastokMark]: ZNM T4 Sarameya Tinnin Tyger Item win Do you need it? Buy? /tell
[09:55:01] Fczjsl[PSandOria]: Dynamis - WindurstD W1 unlockhead+3 norp Do you need it?2mBuy?tell 17/18
[09:55:04] Shmilydudu[BastokMark]: Escha - Zi'Tah Escha - Ru'Aun Reisenjima T1T2T3 ALL Item ABJ Telos Earring Reiki Yotai Do you need it? /tell Buy? 
[09:55:07] Meios[PSandOria]: OdysseyT1234 Xevioso Ngai Kalunga Mboze Ongao Arebati V0-1 (BumbaV0-15) Buy? /tell
[09:55:08] Sixgodg[NSandOria]: Odyssey t1t2t3Arebati Kalunga Xevioso Ngai Mboze Ongo V0-1 Bumba V0-15 Clear Mind Buy?
[09:55:09] Kimjaeonic[PortBastok]: Aeonic/ioniッkuuェpon 3zoneClear MindBuy?50M/tell(drop FL! 3.5hr end all 3 zone)1/4
[09:55:16] Huulaula[BastokMark]: Odin VD/Cait Sith VD/Alexander VD/Colorless Soul/Aby EMP Item Do you need it? Buy? /tell
[09:55:18] Crisula[PortJeuno]: L. Jadeshell  M. Silverpiece  100 Byne Bill   Do you need it   (H-8)
[09:55:32] Executing logout in 30 seconds.
[09:55:32] Cancel healing to remain logged in.
[09:55:35] Executing logout in 25 seconds.
[09:55:35] Cancel healing to remain logged in.
[09:55:38] Sixgodg[NSandOria]: Odyssey t1t2t3Arebati Kalunga Xevioso Ngai Mboze Ongo V0-1 Bumba V0-15 Clear Mind Buy?
[09:55:39] Meios[PSandOria]: OdysseyT1234 Xevioso Ngai Kalunga Mboze Ongao Arebati V0-1 (BumbaV0-15) Buy? /tell
[09:55:40] Executing logout in 20 seconds.
[09:55:40] Cancel healing to remain logged in.
[09:55:41] Fczjsl[PSandOria]: Dynamis - WindurstD W1 unlockhead+3 norp Do you need it?2mBuy?tell 17/18
[09:55:45] Executing logout in 15 seconds.
[09:55:45] Cancel healing to remain logged in.
[09:55:50] Malakka[BastokMark]: ZNM T4 Sarameya Tinnin Tyger Item win Do you need it? Buy? /tell
[09:55:51] Executing logout in 10 seconds.
[09:55:51] Cancel healing to remain logged in.
[09:55:55] Executing logout in 5 seconds.
[09:55:55] Cancel healing to remain logged in.
[14:51:57] === Area: Norg ===
[14:51:57] Loading Blist settings for Suede.
[14:51:57] React: Loading File: react_WHM.lua
[14:51:59] *****DP Job Selection:WHM*****
[14:51:59] Mode: Magic.
[14:51:59]  White = Can not cast.
[14:51:59]  Green = Casting Range
[14:52:00] Size already 20.
[14:52:00] ConsoleBG: Position changed! X: 15 Y: 50
[14:52:01] Loaded WHM Battlemod filters
[14:52:06] <<< Welcome to Asura! >>>
[14:52:06] ■Assist Channel added for New Players and Returnees! https://sqex.to/yLvfp
[14:52:06] 
[14:52:06] ■Vana'diel Doused with the September Version Update!
[14:52:06] 
[14:52:06] ■Blazing Buffaloes [until September 30 at 7:59 (PDT) / 14:59 (GMT) / 15:59 (BST)]
[14:52:06] 
[14:52:06] ■Blazing Buffaloes Screenshot Campaign [until September 30 at 7:59 (PDT) / 14:59 (GMT) / 15:59 (BST)]
[14:52:06] 
[14:52:06] ■Summer Breeze Campaign [until September 30 at 7:59 (PDT) / 14:59 (GMT) / 15:59 (BST)]
[14:52:06] 
[14:52:06] ■The September 2022 Login Campaign [until October 9 at 7:00 (PDT) / 14:00 (GMT) / 15:00 (BST)]
[14:52:06] 
[14:52:06] ■Day of the Shadow Lord [until September 30 at 7:59 (PDT) / 14:59 (GMT) / 15:59 (BST)]
[14:52:06] 
[14:52:06] * Please refer to the official website for more details.
[14:52:07] You have undertaken the limited-time Records of Eminence challenge ｲVanquish Birds.ｳ
[14:52:07] This area is currently affected by the Super Kupower: ｲMartial Masterｳ!
[14:52:07] This area is currently affected by the Super Kupower: ｲDilatory Digestionｳ!
[14:52:07] This area is currently affected by the Super Kupower: ｲCrystal Caboodleｳ!
[14:52:07] The maximum number of people are already participating in Unity chat. Please try again later.
[14:52:07] The September 2022 Login Campaign is currently underway!
[14:52:07] 
[14:52:07] In celebration of your most recent login (login no. 6), we have provided you with 100 points!
[14:52:07] You currently have a total of 2500 points.
[14:52:08] We hope you enjoy this complimentary little gift, courtesy of the citizens of Vana'diel!
[14:52:08] Obtained: Dial key #Ab.
[14:52:11] Crisula[PortJeuno]: L. Jadeshell  M. Silverpiece  100 Byne Bill   Do you need it   (H-8)
[14:52:17] Odynmasuu[BastokMine]: Odyssey T1T2T3 Ngai Mboze Xevioso Arebati Ongo v0v1 (T4 Bumba v15 Kalunga V15 100win) Odyssey C SEG Lilith VD Buy?
[14:52:18] Kimjaeonic[PortBastok]: Aeonic/ioniッkuuェpon 3zoneClear MindBuy?50M/tell(drop FL! 3.5hr end all 3 zone)2/4
[14:52:28] Qixin[PSandOria]: Ambuscade V1 VD  Do you need it? 6m/run Buy? /tell
[14:52:33] Ashikagaz[PortJeuno]: Odyssey seg C Veteran war drk (multi weapon＆nyame upgrade〇)
[14:52:37] Ronstadt[BastokMine]: Dynamis - Bastok D WAVE 1-2 RP FARM Treasure BONUS Area Looking for members. /tell @6/12
[14:52:41] Desde[Norg]: Regal Gauntlets, Gem, Belt Do you need it? Thief Can I have it? lock 1 Item
[14:52:45] Executing logout in 30 seconds.
[14:52:45] Cancel healing to remain logged in.
[14:52:49] Executing logout in 25 seconds.
[14:52:49] Cancel healing to remain logged in.
[14:52:53] Executing logout in 20 seconds.
[14:52:53] Cancel healing to remain logged in.
[14:52:59] Executing logout in 15 seconds.
[14:52:59] Cancel healing to remain logged in.
[14:53:01] Crisula[PortJeuno]: L. Jadeshell  M. Silverpiece  100 Byne Bill   Do you need it   (H-8)
[14:53:04] Executing logout in 10 seconds.
[14:53:04] Cancel healing to remain logged in.
[14:53:09] Ronstadt[BastokMine]: Dynamis - Bastok D WAVE 1-2 RP FARM Treasure BONUS Area Looking for members. /tell @6/12
[14:53:09] Executing logout in 5 seconds.
[14:53:09] Cancel healing to remain logged in.
