=== Area: Reisenjima ===
Loading Blist settings for Suede.
React: Loading File: react_BLM.lua
Welcome, Feary!
Did you know if you subscribe to Guildwork Premium (guildwork.com/premium) you can get cross-zone shouts, AH notifications, Bazaar notifications, Remote chat and more?
*****DP Job Selection:BLM*****
Mode: Magic.
 White = Can not cast.
 Green = Casting Range
Size already 20.
ConsoleBG: Position changed! X: 15 Y: 50
Loaded default Battlemod filters
You have undertaken the limited-time Records of Eminence challenge ‡²Vanquish Plantoids.‡³
The maximum number of people are already participating in Unity chat. Please try again later.
<<< Welcome to Asura! >>>
Announcing the winning numbers for the 20th Vana'versary Nomad Mog Bonanza!


 


Rank 3 prize: "7" (last digit)-- 20,471 winners.


Rank 2 prize: "04" (last two digits)-- 2,010 winners.


Rank 1 prize: "854" (all three digits)-- 185 winners.


*The number of winners for each prize is a combined total from all worlds.


 


Collection period: On July 14, 2022 at 1:00 (PDT) / 8:00 (GMT) to July 31, at 7:59 (PDT) / 14:59 (GMT)


Details on the prize can be confirmed by speaking to a Bonanza Moogle at one of the following locations:


Port San d'Oria (I-9) / Port Bastok (L-8) / Port Windurst (F-6) / Chocobo Circuit (H-8)
Incantrix : Come to trade?
Incantrix : Come to trade?
Incantrix : Come to trade?
Incantrix : I's able to use my magic on your breath 2 more times.
Incantrix : I's able to use my magic on your breath 2 more times.
Incantrix : I's able to use my magic on your breath 2 more times.
Incantrix : Hm? You've already gots yourself a mystical canteen. Don't push your luck.
Incantrix : Hm? You've already gots yourself a mystical canteen. Don't push your luck.
Incantrix : Hm? You've already gots yourself a mystical canteen. Don't push your luck.
Yerp invites you to join a party.
