[16:39:20] === Area: Port San d'Oria ===
[16:39:20] *****DP Job Selection:WHM*****
[16:39:20] Mode: Magic.
[16:39:20]  White = Can not cast.
[16:39:20]  Green = Casting Range
[16:39:20] React: Loading File: react_WHM.lua
[16:39:22] Size already 20.
[16:39:22] ConsoleBG: Position changed! X: 15 Y: 50
[16:39:27] <<< Welcome to Asura! >>>
[16:39:27] Announcing the winning numbers for the 20th Vana'versary Nomad Mog Bonanza!
[16:39:27] 
[16:39:27]  
[16:39:27] 
[16:39:27] Rank 3 prize: "7" (last digit)-- 20,471 winners.
[16:39:27] 
[16:39:27] Rank 2 prize: "04" (last two digits)-- 2,010 winners.
[16:39:27] 
[16:39:27] Rank 1 prize: "854" (all three digits)-- 185 winners.
[16:39:27] 
[16:39:27] *The number of winners for each prize is a combined total from all worlds.
[16:39:27] 
[16:39:27]  
[16:39:27] 
[16:39:27] Collection period: On July 14, 2022 at 1:00 (PDT) / 8:00 (GMT) to July 31, at 7:59 (PDT) / 14:59 (GMT)
[16:39:27] 
[16:39:27] Details on the prize can be confirmed by speaking to a Bonanza Moogle at one of the following locations:
[16:39:27] 
[16:39:27] Port San d'Oria (I-9) / Port Bastok (L-8) / Port Windurst (F-6) / Chocobo Circuit (H-8)
[16:39:28] You have undertaken the limited-time Records of Eminence challenge ｲSpoils (Seals).ｳ
[16:39:28] The July 2022 Login Campaign is currently underway!
[16:39:28] 
[16:39:28] The maximum number of people are already participating in Unity chat. Please try again later.
[16:39:28] In celebration of your most recent login (login no. 16), we have provided you with 100 points!
[16:39:28] You currently have a total of 3500 points.
[16:39:28] We hope you enjoy this complimentary little gift, courtesy of the citizens of Vana'diel!
[16:39:28] Obtained: Special gobbiedial key.
[16:39:39] Target out of range.
[16:39:41] Benoistndkugwui[PSandOria]:  ｆｆｘｉｐａｌ.ｃｏｍ, GET FAST DELIVERY!★REMA/SU5/Item/gil/Gil/  Discount ->"vip05"
Habitox : Oho, ya feelin' lucky 'nough tah takes a stab at da myst'ry box?
[16:39:45] Habitox : Oho, ya feelin' lucky 'nough tah takes a stab at da myst'ry box?
[16:39:45] Habitox : Oho, ya feelin' lucky 'nough tah takes a stab at da myst'ry box?
[16:39:54] Endone[Rabao]: Odyssey T3 NM Ongo V0 Clear Mind Do you need it? Buy? 7.5M /tell 2 spots
[16:40:29] Endone[Rabao]: Odyssey T3 NM Ongo V0 Clear Mind Do you need it? Buy? 7.5M /tell Last Spot
[16:42:01] Endone[Rabao]: Odyssey T3 NM Ongo V0 Clear Mind Do you need it? Buy? 7.5M /tell Last Spot
[16:43:05] Endone[Rabao]: Odyssey T3 NM Ongo V0 Clear Mind Do you need it? Buy? 7.5M /tell Last Spot
[16:44:38] Endone[Rabao]: Odyssey T3 NM Ongo V0 Clear Mind Do you need it? Buy? 7.5M /tell Last Spot
[16:45:11] Benoistndkugwui[PSandOria]:  ｆｆｘｉｐａｌ.ｃｏｍ, GET FAST DELIVERY!★REMA/SU5/Item/gil/Gil/  Discount ->"vip05"
[16:45:46] Saruno[NSandOria]: reberosu補給作WAR一緒にやってくれる方、おhand伝いしてDownさる方いませんか？@1
Habitox : Ya wanna open dat sucker up? Okay, but which dial ya be wantin'?
[16:45:57] Habitox : Ya wanna open dat sucker up? Okay, but which dial ya be wantin'?
[16:45:57] Habitox : Ya wanna open dat sucker up? Okay, but which dial ya be wantin'?
Habitox : So ya be wantin' the special dial?M'kay, get yerself all steeled up, 'cause here we go! 'Member, no complaints!
[16:46:01] Habitox : So ya be wantin' the special dial?
[16:46:01] 　M'kay, get yerself all steeled up, 'cause here we go! 'Member, no complaints!
[16:46:01] Habitox : So ya be wantin' the special dial?
[16:46:01] 　M'kay, get yerself all steeled up, 'cause here we go! 'Member, no complaints!
Habitox : Dis box is full o' myst'ries,♪Dat span da realm's his'try,♪So whatcha gonna get from da chest...o'...uh, fortunery?♪
[16:46:01] Habitox : Dis box is full o' myst'ries,♪
[16:46:01] 　Dat span da realm's his'try,♪
[16:46:01] 　So whatcha gonna get from da chest...o'...uh, fortunery?♪
[16:46:01] Habitox : Dis box is full o' myst'ries,♪
[16:46:01] 　Dat span da realm's his'try,♪
[16:46:01] 　So whatcha gonna get from da chest...o'...uh, fortunery?♪
Habitox : Oooh, looks at what popped out! I hopes it makes yer adventures dat much more adventumarous!
[16:46:06] Habitox : Oooh, looks at what popped out! I hopes it makes yer adventures dat much more adventumarous!
[16:46:06] Habitox : Oooh, looks at what popped out! I hopes it makes yer adventures dat much more adventumarous!
[16:46:10] Obtained: Bundle of shirataki.
[16:46:10] You have used 50 points of your daily tally!
[16:46:33] Saruno[NSandOria]: reberosu補給作WAR一緒にやってくれる方、おhand伝いしてDownさる方いませんか？@1
Habitox : Oho, ya feelin' lucky 'nough tah takes a stab at da myst'ry box?
[16:47:24] Habitox : Oho, ya feelin' lucky 'nough tah takes a stab at da myst'ry box?
[16:47:24] Habitox : Oho, ya feelin' lucky 'nough tah takes a stab at da myst'ry box?
Habitox : Ya wanna open dat sucker up? Okay, but which dial ya be wantin'?
[16:47:24] Habitox : Ya wanna open dat sucker up? Okay, but which dial ya be wantin'?
[16:47:24] Habitox : Ya wanna open dat sucker up? Okay, but which dial ya be wantin'?
[16:48:07] Narnok[Norg]: CP Party LF1M Cor/Geo cleaving :) PST
[16:48:37] Executing logout in 30 seconds.
[16:48:37] Cancel healing to remain logged in.
[16:48:41] Executing logout in 25 seconds.
[16:48:41] Cancel healing to remain logged in.
[16:48:45] Executing logout in 20 seconds.
[16:48:45] Cancel healing to remain logged in.
[16:48:50] Executing logout in 15 seconds.
[16:48:50] Cancel healing to remain logged in.
[16:48:56] Executing logout in 10 seconds.
[16:48:56] Cancel healing to remain logged in.
[16:49:01] Executing logout in 5 seconds.
[16:49:01] Cancel healing to remain logged in.
[16:49:04] Saruno[SSandOria]: AssaultLebros CavernLebros Supplies Looking for members.
