[21:18:11] === Area: Port San d'Oria ===
[21:18:11] *****DP Job Selection:WHM*****
[21:18:11] Mode: Magic.
[21:18:11]  White = Can not cast.
[21:18:11]  Green = Casting Range
[21:18:12] React: Loading File: react_WHM.lua
[21:18:14] Size already 20.
[21:18:14] ConsoleBG: Position changed! X: 15 Y: 50
[21:18:20] <<< Welcome to Asura! >>>
[21:18:20] Announcing the winning numbers for the 20th Vana'versary Nomad Mog Bonanza!
[21:18:20] 
[21:18:20]  
[21:18:20] 
[21:18:20] Rank 3 prize: "7" (last digit)-- 20,471 winners.
[21:18:20] 
[21:18:20] Rank 2 prize: "04" (last two digits)-- 2,010 winners.
[21:18:20] 
[21:18:20] Rank 1 prize: "854" (all three digits)-- 185 winners.
[21:18:20] 
[21:18:20] *The number of winners for each prize is a combined total from all worlds.
[21:18:20] 
[21:18:20]  
[21:18:20] 
[21:18:20] Collection period: On July 14, 2022 at 1:00 (PDT) / 8:00 (GMT) to July 31, at 7:59 (PDT) / 14:59 (GMT)
[21:18:20] 
[21:18:20] Details on the prize can be confirmed by speaking to a Bonanza Moogle at one of the following locations:
[21:18:20] 
[21:18:20] Port San d'Oria (I-9) / Port Bastok (L-8) / Port Windurst (F-6) / Chocobo Circuit (H-8)
[21:18:22] You have undertaken the limited-time Records of Eminence challenge ‡²Vanquish Undead.‡³
[21:18:22] The July 2022 Login Campaign is currently underway!
[21:18:22] 
[21:18:22] The maximum number of people are already participating in Unity chat. Please try again later.
[21:18:22] In celebration of your most recent login (login no. 14), we have provided you with 100 points!
[21:18:22] You currently have a total of 3300 points.
[21:18:22] We hope you enjoy this complimentary little gift, courtesy of the citizens of Vana'diel!
[21:18:22] Obtained: Special gobbiedial key.
[21:18:27] Executing logout in 30 seconds.
[21:18:27] Cancel healing to remain logged in.
[21:18:31] Executing logout in 25 seconds.
[21:18:31] Cancel healing to remain logged in.
[21:18:36] Executing logout in 20 seconds.
[21:18:36] Cancel healing to remain logged in.
[21:18:38] Aoora[PortBastok]: Ambuscade V.1 VD Do you need it? 4m/run Buy?
[21:18:40] Executing logout in 15 seconds.
[21:18:40] Cancel healing to remain logged in.
[21:18:44] Chakuka[BastokMine]: Dynamis - Bastok D Looking for members. /tell @7/12
[21:18:46] Executing logout in 10 seconds.
[21:18:46] Cancel healing to remain logged in.
[21:18:50] Aeschreaskytpse[SSandOria]:  ‚†‚†‚˜‚‰‚‚‚Œ.‚ƒ‚‚, GET FAST DELIVERY!šREMA/SU5/Item/gil/Gil/  Discount ->"July2022"
[21:18:50] Executing logout in 5 seconds.
[21:18:50] Cancel healing to remain logged in.
