[11:43:41] === Area: Port San d'Oria ===
[11:43:41] *****DP Job Selection:WHM*****
[11:43:41] Mode: Magic.
[11:43:41]  White = Can not cast.
[11:43:41]  Green = Casting Range
[11:43:41] React: Loading File: react_WHM.lua
[11:43:43] Size already 20.
[11:43:43] ConsoleBG: Position changed! X: 15 Y: 50
[11:43:48] <<< Welcome to Asura! >>>
[11:43:48] Announcing the winning numbers for the 20th Vana'versary Nomad Mog Bonanza!
[11:43:48] 
[11:43:48]  
[11:43:48] 
[11:43:48] Rank 3 prize: "7" (last digit)-- 20,471 winners.
[11:43:48] 
[11:43:48] Rank 2 prize: "04" (last two digits)-- 2,010 winners.
[11:43:48] 
[11:43:48] Rank 1 prize: "854" (all three digits)-- 185 winners.
[11:43:48] 
[11:43:48] *The number of winners for each prize is a combined total from all worlds.
[11:43:48] 
[11:43:48]  
[11:43:48] 
[11:43:48] Collection period: On July 14, 2022 at 1:00 (PDT) / 8:00 (GMT) to July 31, at 7:59 (PDT) / 14:59 (GMT)
[11:43:48] 
[11:43:48] Details on the prize can be confirmed by speaking to a Bonanza Moogle at one of the following locations:
[11:43:48] 
[11:43:48] Port San d'Oria (I-9) / Port Bastok (L-8) / Port Windurst (F-6) / Chocobo Circuit (H-8)
[11:43:49] You have undertaken the limited-time Records of Eminence challenge ‡²Vanquish Arcana.‡³
[11:43:49] The July 2022 Login Campaign is currently underway!
[11:43:49] 
[11:43:49] In celebration of your most recent login (login no. 17), we have provided you with 100 points!
[11:43:49] You currently have a total of 3600 points.
[11:43:49] We hope you enjoy this complimentary little gift, courtesy of the citizens of Vana'diel!
[11:43:49] Obtained: Special gobbiedial key.
[11:43:54] Odyesnm[BastokMine]: Odyssey T3 Ngai Clear Mind Do you need it? Buy? going 5 minues 
[11:43:54] Executing logout in 30 seconds.
[11:43:54] Cancel healing to remain logged in.
[11:43:55] Scratfromiceage[Mhaura]: Ambuscade V1 VD Do you need it?  RDM (BIND) Can I have it? 5/6
[11:43:58] Executing logout in 25 seconds.
[11:43:58] Cancel healing to remain logged in.
[11:44:02] Stig[Rabao]: Odyssey(C) Segs Do you need it? LFM DD Healer @4/6
[11:44:03] Executing logout in 20 seconds.
[11:44:03] Cancel healing to remain logged in.
[11:44:08] Executing logout in 15 seconds.
[11:44:08] Cancel healing to remain logged in.
[11:44:13] Executing logout in 10 seconds.
[11:44:13] Cancel healing to remain logged in.
[11:44:18] Executing logout in 5 seconds.
[11:44:18] Cancel healing to remain logged in.
[11:44:19] Jocror[BastokMark]: Sarameya Tinnin Tyger win Item x3 Do you need it? Buy? /tell Thank you.
[11:44:21] Shmilywowo[BastokMark]: Escha - Zi'Tah Escha - Ru'Aun Reiki Yotai T1T2T3 ALL Item ABJ Reiki Yotai Telos Earring Do you need it? /tell  
