[08:15:16] === Area: Chocobo Circuit ===
[08:15:16] React: Loading File: react_WHM.lua
[08:15:18] *****DP Job Selection:WHM*****
[08:15:18] Mode: Magic.
[08:15:18]  White = Can not cast.
[08:15:18]  Green = Casting Range
[08:15:23] <<< Welcome to Asura! >>>
[08:15:23] Announcing the winning numbers for the Early Spring Mog Bonanza 2021!
[08:15:23] 
[08:15:23]  
[08:15:23] 
[08:15:23] Rank 3 prize: "0" (last digit)-- 6413 winners.
[08:15:23] 
[08:15:23] Rank 2 prize: "37" (last two digits)-- 928 winners.
[08:15:23] 
[08:15:23] Rank 1 prize: "196" (all three digits)-- 88 winners.
[08:15:23] 
[08:15:23] *The number of winners for each prize is a combined total from all worlds.
[08:15:23] 
[08:15:23]  
[08:15:23] 
[08:15:23] Collection period: On April 12, 2021 at 1:00 (PDT) / 8:00 (GMT) to April 30, at 7:59 (PDT) / 14:59 (GMT)
[08:15:23] 
[08:15:23] Details on the prize can be confirmed by speaking to a Bonanza Moogle at one of the following locations:
[08:15:23] 
[08:15:23] Port San d'Oria (I-9) / Port Bastok (L-8) / Port Windurst (F-6) / Chocobo Circuit (H-8)
[08:15:28] You have undertaken the limited-time Records of Eminence challenge á≤Vanquish Lizards.á≥
[08:15:28] The April 2021 Login Campaign is currently underway!
[08:15:28] 
[08:15:28] In celebration of your most recent login (login no. 10), we have provided you with 100 points!
[08:15:28] You currently have a total of 2900 points.
[08:15:28] We hope you enjoy this complimentary little gift, courtesy of the citizens of Vana'diel!
[08:15:28] Obtained: Dial key #Ab.
[08:15:33] Executing logout in 30 seconds.
[08:15:33] Cancel healing to remain logged in.
[08:15:37] Executing logout in 25 seconds.
[08:15:37] Cancel healing to remain logged in.
[08:15:39] {Sylvie} Okay, everyone! I just had the weirdest vision. In the next 10 minutes, somebody called á≤Azi Dahakaá≥ will be showing up in Escha - Zi'Tah, somewhere around H-8! Is that good?
[08:15:42] Executing logout in 20 seconds.
[08:15:42] Cancel healing to remain logged in.
[08:15:47] Attention, racers. Signups for the following race are now open:
[08:15:47] ÅöC3 Chocobo Race (No. 213921)Åö
[08:15:47] Please speak with the attendant wearing a green uniform and a red beret for details.
[08:15:47] ----------
[08:15:47] Executing logout in 15 seconds.
[08:15:47] Cancel healing to remain logged in.
[08:15:51] {Kryiel} .
[08:15:52] Executing logout in 10 seconds.
[08:15:52] Cancel healing to remain logged in.
[08:15:52] Attention, racers. Signups for the following race are now closed:
[08:15:52] ÅöC4 Chocobo Race (No. 213920)Åö
[08:15:52] ----------
[08:15:57] Executing logout in 5 seconds.
[08:15:57] Cancel healing to remain logged in.
[08:16:03] Welcome, Feary!
[08:16:03] Did you know if you subscribe to Guildwork Premium (guildwork.com/premium) you can get cross-zone shouts, AH notifications, Bazaar notifications, Remote chat and more?
[08:16:03] Add this character to Guildwork by typing /gw flush --add
