[17:37:51] === Area: Port San d'Oria ===
[17:37:51] *****DP Job Selection:WHM*****
[17:37:51] Mode: Magic.
[17:37:51]  White = Can not cast.
[17:37:51]  Green = Casting Range
[17:37:51] React: Loading File: react_WHM.lua
[17:37:54] Size already 20.
[17:37:54] ConsoleBG: Position changed! X: 15 Y: 50
[17:37:59] <<< Welcome to Asura! >>>
[17:37:59] Announcing the winning numbers for the 20th Vana'versary Nomad Mog Bonanza!
[17:37:59] 
[17:37:59]  
[17:37:59] 
[17:37:59] Rank 3 prize: "7" (last digit)-- 20,471 winners.
[17:37:59] 
[17:37:59] Rank 2 prize: "04" (last two digits)-- 2,010 winners.
[17:37:59] 
[17:37:59] Rank 1 prize: "854" (all three digits)-- 185 winners.
[17:37:59] 
[17:37:59] *The number of winners for each prize is a combined total from all worlds.
[17:37:59] 
[17:37:59]  
[17:37:59] 
[17:37:59] Collection period: On July 14, 2022 at 1:00 (PDT) / 8:00 (GMT) to July 31, at 7:59 (PDT) / 14:59 (GMT)
[17:37:59] 
[17:37:59] Details on the prize can be confirmed by speaking to a Bonanza Moogle at one of the following locations:
[17:37:59] 
[17:37:59] Port San d'Oria (I-9) / Port Bastok (L-8) / Port Windurst (F-6) / Chocobo Circuit (H-8)
[17:38:00] You have undertaken the limited-time Records of Eminence challenge ｲVanquish Vermin.ｳ
[17:38:00] The July 2022 Login Campaign is currently underway!
[17:38:00] 
[17:38:00] The maximum number of people are already participating in Unity chat. Please try again later.
[17:38:00] In celebration of your most recent login (login no. 15), we have provided you with 100 points!
[17:38:00] You currently have a total of 3400 points.
[17:38:00] We hope you enjoy this complimentary little gift, courtesy of the citizens of Vana'diel!
[17:38:00] Obtained: Special gobbiedial key.
Habitox : Oho, ya feelin' lucky 'nough tah takes a stab at da myst'ry box?
[17:38:11] Habitox : Oho, ya feelin' lucky 'nough tah takes a stab at da myst'ry box?
[17:38:11] Habitox : Oho, ya feelin' lucky 'nough tah takes a stab at da myst'ry box?
Habitox : Ya wanna open dat sucker up? Okay, but which dial ya be wantin'?
[17:38:12] Habitox : Ya wanna open dat sucker up? Okay, but which dial ya be wantin'?
[17:38:12] Habitox : Ya wanna open dat sucker up? Okay, but which dial ya be wantin'?
Habitox : So ya be wantin' the special dial?M'kay, get yerself all steeled up, 'cause here we go! 'Member, no complaints!
[17:38:15] Habitox : So ya be wantin' the special dial?
[17:38:15] 　M'kay, get yerself all steeled up, 'cause here we go! 'Member, no complaints!
[17:38:15] Habitox : So ya be wantin' the special dial?
[17:38:15] 　M'kay, get yerself all steeled up, 'cause here we go! 'Member, no complaints!
Habitox : Dis box is full o' myst'ries,♪Dat span da realm's his'try,♪So whatcha gonna get from da chest...o'...uh, fortunery?♪
[17:38:16] Habitox : Dis box is full o' myst'ries,♪
[17:38:16] 　Dat span da realm's his'try,♪
[17:38:16] 　So whatcha gonna get from da chest...o'...uh, fortunery?♪
[17:38:16] Habitox : Dis box is full o' myst'ries,♪
[17:38:16] 　Dat span da realm's his'try,♪
[17:38:16] 　So whatcha gonna get from da chest...o'...uh, fortunery?♪
Habitox : Oooh, looks at what popped out! I hopes it makes yer adventures dat much more adventumarous!
[17:38:20] Habitox : Oooh, looks at what popped out! I hopes it makes yer adventures dat much more adventumarous!
[17:38:20] Habitox : Oooh, looks at what popped out! I hopes it makes yer adventures dat much more adventumarous!
[17:38:24] Obtained: Damascus bullet pouch.
[17:38:24] You have used 50 points of your daily tally!
[17:39:03] Executing logout in 30 seconds.
[17:39:03] Cancel healing to remain logged in.
[17:39:07] Executing logout in 25 seconds.
[17:39:07] Cancel healing to remain logged in.
[17:39:12] Executing logout in 20 seconds.
[17:39:12] Cancel healing to remain logged in.
[17:39:17] Executing logout in 15 seconds.
[17:39:17] Cancel healing to remain logged in.
[17:39:22] Executing logout in 10 seconds.
[17:39:22] Cancel healing to remain logged in.
[17:39:27] Executing logout in 5 seconds.
[17:39:27] Cancel healing to remain logged in.
