[13:38:57] === Area: Port San d'Oria ===
[13:38:57] React: Loading File: react_WHM.lua
[13:38:57] *****DP Job Selection:WHM*****
[13:38:57] Mode: Magic.
[13:38:57]  White = Can not cast.
[13:38:57]  Green = Casting Range
[13:38:59] Size already 20.
[13:38:59] ConsoleBG: Position changed! X: 15 Y: 50
[13:39:03] Fczjst[PSandOria]: Omen FU Shulmanu Collar Middleboss Do you need it? Buy?tell
[13:39:04] <<< Welcome to Asura! >>>
[13:39:04] Announcing the winning numbers for the 20th Vana'versary Nomad Mog Bonanza!
[13:39:04] 
[13:39:04]  
[13:39:04] 
[13:39:04] Rank 3 prize: "7" (last digit)-- 20,471 winners.
[13:39:04] 
[13:39:04] Rank 2 prize: "04" (last two digits)-- 2,010 winners.
[13:39:04] 
[13:39:04] Rank 1 prize: "854" (all three digits)-- 185 winners.
[13:39:04] 
[13:39:04] *The number of winners for each prize is a combined total from all worlds.
[13:39:04] 
[13:39:04]  
[13:39:04] 
[13:39:04] Collection period: On July 14, 2022 at 1:00 (PDT) / 8:00 (GMT) to July 31, at 7:59 (PDT) / 14:59 (GMT)
[13:39:04] 
[13:39:04] Details on the prize can be confirmed by speaking to a Bonanza Moogle at one of the following locations:
[13:39:04] 
[13:39:04] Port San d'Oria (I-9) / Port Bastok (L-8) / Port Windurst (F-6) / Chocobo Circuit (H-8)
[13:39:05] You have undertaken the limited-time Records of Eminence challenge ｲMagic Damage Kills.ｳ
[13:39:05] The July 2022 Login Campaign is currently underway!
[13:39:05] 
[13:39:05] In celebration of your most recent login (login no. 13), we have provided you with 100 points!
[13:39:05] You currently have a total of 3200 points.
[13:39:06] We hope you enjoy this complimentary little gift, courtesy of the citizens of Vana'diel!
[13:39:06] Obtained: Special gobbiedial key.
[13:39:27] Yanran[LowJeuno]: Odyssey T3 Kalunga V0 Clear Mind Looking for WHM COR BRD Heavy(SB DD). /tell Yanran @4 Thank you.
[13:39:27] Rsdgwrg : Buy And Sell FF11 Gil At  WVVW.P2PAH.COM   1000K =0.5$..rge
[13:39:28] Ronstadt[Mhaura]: Master Level Party Crawlers' Nest [S] Looking for members. COR SMN GEO SCH BLM /tell @3/6
[13:39:41] Fczjst[PSandOria]: Omen FU Shulmanu Collar Middleboss Do you need it? Buy?tell
[13:40:07] Yanran[LowJeuno]: Odyssey T3 Kalunga V0 Clear Mind Looking for WHM COR BRD Heavy(SB DD). /tell Yanran @4 Thank you.
[13:40:18] Rsdgwrg : Buy And Sell FF11 Gil At  WVVW.P2PAH.COM   1000K =0.5$..yja
[13:40:21] Fczjst[PSandOria]: Omen FU Shulmanu Collar Middleboss Do you need it? Buy?tell
[13:40:44] Yanran[LowJeuno]: Odyssey T3 Kalunga V0 Clear Mind Looking for WHM COR BRD Heavy(SB DD). /tell Yanran @4 Thank you.
Habitox : Oho, ya feelin' lucky 'nough tah takes a stab at da myst'ry box?
[13:40:58] Habitox : Oho, ya feelin' lucky 'nough tah takes a stab at da myst'ry box?
[13:40:58] Habitox : Oho, ya feelin' lucky 'nough tah takes a stab at da myst'ry box?
Habitox : Ya wanna open dat sucker up? Okay, but which dial ya be wantin'?
[13:40:59] Habitox : Ya wanna open dat sucker up? Okay, but which dial ya be wantin'?
[13:40:59] Habitox : Ya wanna open dat sucker up? Okay, but which dial ya be wantin'?
[13:41:02] Fczjst[PSandOria]: Omen FU Shulmanu Collar Middleboss Do you need it? Buy?tell
[13:41:02] Kupoluver[LowJeuno]: Master Level Party Do you need it? Looking for members. /tell
[13:41:02] Ronstadt[Mhaura]: Master Level Party Crawlers' Nest [S] Looking for members. COR SMN GEO SCH BLM /tell @3/6
[13:41:05] Uzuwa[WestAdoulin]: Regal gauntlets Do you need it? 100M /tell Palborough Mines
Habitox : So ya be wantin' the special dial?M'kay, get yerself all steeled up, 'cause here we go! 'Member, no complaints!
[13:41:05] Habitox : So ya be wantin' the special dial?
[13:41:05] 　M'kay, get yerself all steeled up, 'cause here we go! 'Member, no complaints!
[13:41:05] Habitox : So ya be wantin' the special dial?
[13:41:05] 　M'kay, get yerself all steeled up, 'cause here we go! 'Member, no complaints!
Habitox : Dis box is full o' myst'ries,♪Dat span da realm's his'try,♪So whatcha gonna get from da chest...o'...uh, fortunery?♪
[13:41:06] Habitox : Dis box is full o' myst'ries,♪
[13:41:06] 　Dat span da realm's his'try,♪
[13:41:06] 　So whatcha gonna get from da chest...o'...uh, fortunery?♪
[13:41:06] Habitox : Dis box is full o' myst'ries,♪
[13:41:06] 　Dat span da realm's his'try,♪
[13:41:06] 　So whatcha gonna get from da chest...o'...uh, fortunery?♪
[13:41:09] Rsdgwrg : Buy And Sell FF11 Gil At  WVVW.P2PAH.COM   1000K =0.5$..cnx
Habitox : Oooh, looks at what popped out! I hopes it makes yer adventures dat much more adventumarous!
[13:41:10] Habitox : Oooh, looks at what popped out! I hopes it makes yer adventures dat much more adventumarous!
[13:41:10] Habitox : Oooh, looks at what popped out! I hopes it makes yer adventures dat much more adventumarous!
[13:41:14] Obtained: Rolanberry (881 C.E.).
[13:41:14] You have used 50 points of your daily tally!
[13:41:18] Executing logout in 30 seconds.
[13:41:18] Cancel healing to remain logged in.
[13:41:22] Executing logout in 25 seconds.
[13:41:22] Cancel healing to remain logged in.
[13:41:22] Yanran[LowJeuno]: Odyssey T3 Kalunga V0 Clear Mind Looking for WHM COR BRD Heavy(SB DD). /tell Yanran @4 Thank you.
[13:41:27] Executing logout in 20 seconds.
[13:41:27] Cancel healing to remain logged in.
[13:41:32] Executing logout in 15 seconds.
[13:41:32] Cancel healing to remain logged in.
[13:41:36] Shantaru[PortJeuno]: savory shanks 300k each Do you need it? /c Bazaar at gs ty
[13:41:37] Executing logout in 10 seconds.
[13:41:37] Cancel healing to remain logged in.
[13:41:41] Fczjst[PSandOria]: Omen FU Shulmanu Collar Middleboss Do you need it? Buy?tell
[13:41:42] Executing logout in 5 seconds.
[13:41:42] Cancel healing to remain logged in.
