[08:17:34] === Area: Port San d'Oria ===
[08:17:34] *****DP Job Selection:WHM*****
[08:17:34] Mode: Magic.
[08:17:34]  White = Can not cast.
[08:17:34]  Green = Casting Range
[08:17:34] React: Loading File: react_WHM.lua
[08:17:36] Size already 20.
[08:17:36] ConsoleBG: Position changed! X: 15 Y: 50
[08:17:40] Paozhong[LowJeuno]: Ou  waist hand Regal Ganutlets Do you need it? /tell go in 6min
[08:17:41] Nakitaru[RuLudeGard]: Handshard: RDM x3 1.8m each Sell?
[08:17:41] <<< Welcome to Asura! >>>
[08:17:41] Announcing the winning numbers for the 20th Vana'versary Nomad Mog Bonanza!
[08:17:41] 
[08:17:41]  
[08:17:41] 
[08:17:41] Rank 3 prize: "7" (last digit)-- 20,471 winners.
[08:17:41] 
[08:17:41] Rank 2 prize: "04" (last two digits)-- 2,010 winners.
[08:17:41] 
[08:17:41] Rank 1 prize: "854" (all three digits)-- 185 winners.
[08:17:41] 
[08:17:41] *The number of winners for each prize is a combined total from all worlds.
[08:17:41] 
[08:17:41]  
[08:17:41] 
[08:17:41] Collection period: On July 14, 2022 at 1:00 (PDT) / 8:00 (GMT) to July 31, at 7:59 (PDT) / 14:59 (GMT)
[08:17:41] 
[08:17:41] Details on the prize can be confirmed by speaking to a Bonanza Moogle at one of the following locations:
[08:17:41] 
[08:17:41] Port San d'Oria (I-9) / Port Bastok (L-8) / Port Windurst (F-6) / Chocobo Circuit (H-8)
[08:17:42] You have undertaken the limited-time Records of Eminence challenge ‡²Spoils (Seals).‡³
[08:17:42] This area is currently affected by the Super Kupower: ‡²Thrifty Transit‡³!
[08:17:42] This area is currently affected by the Super Kupower: ‡²Artisan's Advantage‡³!
[08:17:42] This area is currently affected by the Super Kupower: ‡²Swift Shoes‡³!
[08:17:42] The maximum number of people are already participating in Unity chat. Please try again later.
[08:17:42] The July 2022 Login Campaign is currently underway!
[08:17:42] 
[08:17:42] In celebration of your most recent login (login no. 19), we have provided you with 100 points!
[08:17:42] You currently have a total of 3800 points.
[08:17:42] We hope you enjoy this complimentary little gift, courtesy of the citizens of Vana'diel!
[08:17:42] Obtained: Special gobbiedial key.
[08:17:47] Cooldogr[NSandOria]: Odysseyt1t2t3Arebati Kalunga Xevioso Ngai Mboze Ongo Bumba V0 Clear Mind Buy?
[08:17:58] Executing logout in 30 seconds.
[08:17:58] Cancel healing to remain logged in.
[08:17:59] Kimfaeonic[PortBastok]: Aeonic/ioniƒbkuuƒFpon 3zone Clear Mind Do you need it? Buy? 50M /tell 3/4
[08:18:02] Dortwo[Whitegate]: Glavoid pop Do you need it? 1mil, Dragua pop 750k, send /tell
[08:18:02] Executing logout in 25 seconds.
[08:18:02] Cancel healing to remain logged in.
[08:18:07] Executing logout in 20 seconds.
[08:18:07] Cancel healing to remain logged in.
[08:18:10] Bigdaddysise[RuLudeGard]:  Tumult Curator 145 UNM Mercenary Can I have it? please /tell
[08:18:10] Paozhong[LowJeuno]: Ou  waist hand Regal Ganutlets Do you need it? /tell go in 5min
[08:18:12] Executing logout in 15 seconds.
[08:18:12] Cancel healing to remain logged in.
[08:18:16] Babbbw[BastokMine]: Odyssey T1-T2 V15*T3 Kalunga V15*T4 Bumba V15 Win Sheol.C-Seg Do you need it? Buy? /tell
[08:18:17] Executing logout in 10 seconds.
[08:18:17] Cancel healing to remain logged in.
[08:18:18] Cooldogr[NSandOria]: Odysseyt1t2t3Arebati Kalunga Xevioso Ngai Mboze Ongo Bumba V0 Clear Mind Buy?
[08:18:21] Zatazma[PortBastok]: ZNM T4 Sarameya Tinnin Tyger Item win Do you need it? Buy? /tell
[08:18:22] Executing logout in 5 seconds.
[08:18:22] Cancel healing to remain logged in.
[15:05:56] === Area: Port San d'Oria ===
[15:05:56] *****DP Job Selection:WHM*****
[15:05:56] Mode: Magic.
[15:05:56]  White = Can not cast.
[15:05:56]  Green = Casting Range
[15:05:56] React: Loading File: react_WHM.lua
[15:05:58] Size already 20.
[15:05:58] ConsoleBG: Position changed! X: 15 Y: 50
[15:06:03] <<< Welcome to Asura! >>>
[15:06:03] Announcing the winning numbers for the 20th Vana'versary Nomad Mog Bonanza!
[15:06:03] 
[15:06:03]  
[15:06:03] 
[15:06:03] Rank 3 prize: "7" (last digit)-- 20,471 winners.
[15:06:03] 
[15:06:03] Rank 2 prize: "04" (last two digits)-- 2,010 winners.
[15:06:03] 
[15:06:03] Rank 1 prize: "854" (all three digits)-- 185 winners.
[15:06:03] 
[15:06:03] *The number of winners for each prize is a combined total from all worlds.
[15:06:03] 
[15:06:03]  
[15:06:03] 
[15:06:03] Collection period: On July 14, 2022 at 1:00 (PDT) / 8:00 (GMT) to July 31, at 7:59 (PDT) / 14:59 (GMT)
[15:06:03] 
[15:06:03] Details on the prize can be confirmed by speaking to a Bonanza Moogle at one of the following locations:
[15:06:03] 
[15:06:03] Port San d'Oria (I-9) / Port Bastok (L-8) / Port Windurst (F-6) / Chocobo Circuit (H-8)
[15:06:04] You have undertaken the limited-time Records of Eminence challenge ‡²Vanquish Plantoids.‡³
[15:06:04] This area is currently affected by the Super Kupower: ‡²Thrifty Transit‡³!
[15:06:04] This area is currently affected by the Super Kupower: ‡²Artisan's Advantage‡³!
[15:06:04] This area is currently affected by the Super Kupower: ‡²Swift Shoes‡³!
[15:06:04] The maximum number of people are already participating in Unity chat. Please try again later.
[15:06:04] The July 2022 Login Campaign is currently underway!
[15:06:04] 
[15:06:04] In celebration of your most recent login (login no. 20), we have provided you with 100 points!
[15:06:04] You currently have a total of 3900 points.
[15:06:04] We hope you enjoy this complimentary little gift, courtesy of the citizens of Vana'diel!
[15:06:04] Obtained: Special gobbiedial key.
[15:06:37] Hanter[Whitegate]: ZNM T4 Sarameya Tinnin Tyger Item win Do you need it? Buy? /tell
[15:06:57] Executing logout in 30 seconds.
[15:06:57] Cancel healing to remain logged in.
[15:07:02] Executing logout in 25 seconds.
[15:07:02] Cancel healing to remain logged in.
[15:07:06] Executing logout in 20 seconds.
[15:07:06] Cancel healing to remain logged in.
[15:07:11] Executing logout in 15 seconds.
[15:07:11] Cancel healing to remain logged in.
[15:07:16] Executing logout in 10 seconds.
[15:07:16] Cancel healing to remain logged in.
[15:07:18] Jocror[BastokMark]: Tinnin Sarameya Tyger win Item all 3 Do you need it? Buy? /tell Thank you.
[15:07:21] Executing logout in 5 seconds.
[15:07:21] Cancel healing to remain logged in.
