Tomokage uses a bunch of San d'Orian grapes.
Takutu[PortJeuno]: Alexandrite x11763 Sell? 5k each /tell

Takutu[PortJeuno]: Alexandrite x11743 Sell? 5k each /tell

Takutu[PortJeuno]: Alexandrite x11743 Sell? 5k each /tell

Takutu[Mhaura]: Alexandrite x11743 Sell? 5k each /tell

Torrent examines you.
Torrent begins to browse the merchandise in your bazaar.
Torrent leaves your bazaar.
Lanp examines you.
Lanp begins to browse the merchandise in your bazaar.
Lanp leaves your bazaar.
Takutu[Mhaura]: Alexandrite x11743 Sell? 5k each /tell

Lanp examines you.
Lanp begins to browse the merchandise in your bazaar.
Lanp leaves your bazaar.
Galneon examines you.
Galneon begins to browse the merchandise in your bazaar.
Galneon leaves your bazaar.
Cusu examines you.
Cusu begins to browse the merchandise in your bazaar.
Cusu leaves your bazaar.
Takutu[Nashmau]: Alexandrite x8364 Sell? 5k each /tell

Takutu[PortJeuno]: Alexandrite x8364 Sell? 5k each /tell

Takutu[PortJeuno]: Alexandrite x8364 Sell? 5k each /tell

Takutu[PortJeuno]: Alexandrite x8364 Sell? 5k each /tell

Takutu[PortJeuno]: Alexandrite x8364 Sell? 5k each /tell

Takutu[PortJeuno]: Alexandrite x8364 Sell? 5k each /tell

Takutu[PortJeuno]: Alexandrite x8364 Sell? 5k each /tell

Takutu[PortJeuno]: Alexandrite x8032 Sell? 5k each /tell

Littleandsweet examines you.
Littleandsweet begins to browse the merchandise in your bazaar.
Littleandsweet leaves your bazaar.
Takutu[PortJeuno]: Alexandrite x8032 Sell? 5k each /tell

Takutu[PortJeuno]: Alexandrite x7974 Sell? 5k each /tell

Takutu examines you.
Takutu begins to browse the merchandise in your bazaar.
Takutu leaves your bazaar.
Takutu[PortJeuno]: Alexandrite x7974 Sell? 5k each /tell

Takutu[PortJeuno]: Alexandrite x7974 Sell? 5k each /tell

Takutu[PortJeuno]: Alexandrite x7974 Sell? 5k each /tell

Takutu[PortJeuno]: Alexandrite x7974 Sell? 5k each /tell

Takutu[Mhaura]: Alexandrite x7974 Sell? 5k each /tell

Takutu[PortJeuno]: Alexandrite x7974 Sell? 5k each /tell

Takutu[PortJeuno]: Alexandrite x7974 Sell? 5k each /tell

Takutu examines you.
Takutu begins to browse the merchandise in your bazaar.
Takutu leaves your bazaar.
Takutu[PortJeuno]: Alexandrite x7974 Sell? 5k each /tell

Citrelautame examines you.
Citrelautame begins to browse the merchandise in your bazaar.
Citrelautame leaves your bazaar.
Truckie(washburn) is now online on Guildwork.
Maturi uses a bunch of San d'Orian grapes.
Maturi starts casting Teleport-Holla on Maturi.
Maturi casts Teleport-Holla.Maturi vanishes.
