*****DP Job Selection:THF*****
Mode: Default.
You have undertaken the limited-time Records of Eminence challenge á≤Crack Treasure Caskets.á≥
The April 2018 Login Campaign is currently underway!
You have carried over 100 login points.
In celebration of your most recent login (login no. 1), we have provided you with 500 points!You currently have a total of 600 points.
Welcome, Feary!
Did you know if you subscribe to Guildwork Premium (guildwork.com/premium) you can get cross-zone shouts, AH notifications, Bazaar notifications, Remote chat and more?
<<< Welcome to Sylph! >>>
Å°Vana'diel Doused with the April Version Update!


Å°[Ongoing] April 2018 Login Campaign [Apr. 10, 8:00 (PDT) / 15:00 (GMT) / 16:00 (BST) to May. 9, 7:00 (PDT) / 14:00 (GMT) / 15:00 (BST)]


Å°[Ongoing] Destination Vana'diel Screenshot Campaign [Apr. 9, 0:00 (PDT) / 7:00 (GMT) / 8:00 (BST) to Apr. 13, 23:59 (PDT) / Apr. 14, 6:59 (GMT) / 7:59 (BST)]


* Please refer to the official website for details.
[1]< Swagger: Worldkiller >
. (Oct. 21, 2015 12:31:46am)
{Legionery} .

{Roena} j

{Maruchibi} .

{Apururu} Oh my. It looks like we've lost sightaru of that nasty Naga Raja in Escha - Ru'Aun.
{Apururu} Oh my. It looks like we've lost sightaru of that nasty Azi Dahaka in Escha - Zi'Tah.
{Apururu} Thank goodness! It looks like that naughty-waughty Quetzalcoatl in Reisenjima is no more. And it looks like our girl got away just fine-wine.
Bruno(bruno) is now online on Guildwork.
{Apururu} Oh dear, one of our members-wembers in Escha - Ru'Aun says that Naga Raja could appear around H-9 anytime in the next 10 minutes. Would you please go and see if she's alrightaru?
{Apururu} Oh dear, one of our members-wembers in Escha - Zi'Tah says that Azi Dahaka could appear around H-8 anytime in the next 10 minutes. Would you please go and see if she's alrightaru?
{Kleyman} so dark and silent

{Tamachibi} .

{Apururu} Oh dear, one of our members-wembers in Reisenjima says that Quetzalcoatl could appear around ?-? anytime in the next 10 minutes. Would you please go and see if she's alrightaru?
{Purrs} .

{Minuss} still feel bad to make restart ppl from the begining >.<

{Apururu} Bad news! Have you heard of Naga Raja? Well they say he's appeared in Escha - Ru'Aun (H-9) and seems very upsetaru!
{Apururu} Bad news! Have you heard of Azi Dahaka? Well they say he's appeared in Escha - Zi'Tah (H-8) and seems very upsetaru!
{Apururu} Bad news! Have you heard of Quetzalcoatl? Well they say he's appeared in Reisenjima (?-?) and seems very upsetaru!
{Apururu} Thank goodness! It looks like that naughty-waughty Quetzalcoatl in Reisenjima is no more. And it looks like our girl got away just fine-wine.
{Apururu} Kind adventurers, inform the Manustery immediately if you stumble-wumble upon any stray Cardians.
{Apururu} Oh dear, one of our members-wembers in Reisenjima says that Quetzalcoatl could appear around ?-? anytime in the next 10 minutes. Would you please go and see if she's alrightaru?
{Apururu} Bad news! Have you heard of Quetzalcoatl? Well they say he's appeared in Reisenjima (?-?) and seems very upsetaru!
{Marutora} .

{Apururu} Oh my. It looks like we've lost sightaru of that nasty Naga Raja in Escha - Ru'Aun.
{Apururu} Oh my. It looks like we've lost sightaru of that nasty Azi Dahaka in Escha - Zi'Tah.
{Apururu} Thank goodness! It looks like that naughty-waughty Quetzalcoatl in Reisenjima is no more. And it looks like our girl got away just fine-wine.
{Apururu} Oh dear, one of our members-wembers in Escha - Ru'Aun says that Naga Raja could appear around H-9 anytime in the next 10 minutes. Would you please go and see if she's alrightaru?
{Apururu} Oh dear, one of our members-wembers in Escha - Zi'Tah says that Azi Dahaka could appear around H-8 anytime in the next 10 minutes. Would you please go and see if she's alrightaru?
{Tamasaburo} .

{Katybug} .

{Apururu} Oh dear, one of our members-wembers in Reisenjima says that Quetzalcoatl could appear around ?-? anytime in the next 10 minutes. Would you please go and see if she's alrightaru?
*****DP Job Selection:THF*****
Mode: Default.
Welcome, Feary!
Did you know if you subscribe to Guildwork Premium (guildwork.com/premium) you can get cross-zone shouts, AH notifications, Bazaar notifications, Remote chat and more?
<<< Welcome to Sylph! >>>
Å°Vana'diel Doused with the April Version Update!


Å°[Ongoing] April 2018 Login Campaign [Apr. 10, 8:00 (PDT) / 15:00 (GMT) / 16:00 (BST) to May. 9, 7:00 (PDT) / 14:00 (GMT) / 15:00 (BST)]


Å°[Ongoing] Destination Vana'diel Screenshot Campaign [Apr. 9, 0:00 (PDT) / 7:00 (GMT) / 8:00 (BST) to Apr. 13, 23:59 (PDT) / Apr. 14, 6:59 (GMT) / 7:59 (BST)]


* Please refer to the official website for details.
[1]< Swagger: Worldkiller >
. (Oct. 21, 2015 12:31:46am)
{Apururu} Bad news! Have you heard of Quetzalcoatl? Well they say he's appeared in Reisenjima (?-?) and seems very upsetaru!
{Minuss} 9

=== Area: Mog Garden ===
1 star on your GPS crystal has come aglow.A total of 472 stars twinkle softly inside your GPS crystal.
{Apururu} Thank goodness! It looks like that naughty-waughty Quetzalcoatl in Reisenjima is no more. And it looks like our girl got away just fine-wine.
{Oheyo}  77

{Apururu} Oh dear, one of our members-wembers in Reisenjima says that Quetzalcoatl could appear around ?-? anytime in the next 10 minutes. Would you please go and see if she's alrightaru?
{Yuzuchan} .

{Apururu} The Manustery's main purpose-wurpose is to shelter the Cardians from abuse.
{Apururu} Bad news! Have you heard of Quetzalcoatl? Well they say he's appeared in Reisenjima (?-?) and seems very upsetaru!
{Apururu} Oh my. It looks like we've lost sightaru of that nasty Naga Raja in Escha - Ru'Aun.
{Apururu} Oh my. It looks like we've lost sightaru of that nasty Azi Dahaka in Escha - Zi'Tah.
{Havion} /]

{Apururu} Oh dear, one of our members-wembers in Escha - Ru'Aun says that Naga Raja could appear around H-9 anytime in the next 10 minutes. Would you please go and see if she's alrightaru?
{Apururu} Oh dear, one of our members-wembers in Escha - Zi'Tah says that Azi Dahaka could appear around H-8 anytime in the next 10 minutes. Would you please go and see if she's alrightaru?
{Furan} .

{Huegin} Hello!

{Apururu} Bad news! Have you heard of Naga Raja? Well they say he's appeared in Escha - Ru'Aun (H-9) and seems very upsetaru!
{Apururu} Bad news! Have you heard of Azi Dahaka? Well they say he's appeared in Escha - Zi'Tah (H-8) and seems very upsetaru!
Fugiwara(fugiwara) is now online on Guildwork.
You have undertaken the limited-time Records of Eminence challenge á≤Vanquish Aquans.á≥
{Apururu} Oh my. It looks like we've lost sightaru of that nasty Quetzalcoatl in Reisenjima.
{Apururu} Oh dear, one of our members-wembers in Reisenjima says that Quetzalcoatl could appear around ?-? anytime in the next 10 minutes. Would you please go and see if she's alrightaru?
{Galneon} j

{Apururu} Bad news! Have you heard of Quetzalcoatl? Well they say he's appeared in Reisenjima (?-?) and seems very upsetaru!
