[09:56:58] === Area: Norg ===
[09:56:58] Loading Blist settings for Worldkiller.
[09:56:58] React: Loading File: react_THF.lua
[09:57:00] *****DP Job Selection:THF*****
[09:57:00] Mode: Default.
[09:57:00] Size already 20.
[09:57:00] ConsoleBG: Position changed! X: 15 Y: 50
[09:57:01] Loaded THF Battlemod filters
[09:57:04] Fczjsl[PSandOria]: Dynamis - WindurstD W1 unlockhead+3 norp Do you need it?2mBuy?tell 17/18
[09:57:06] Odynmasuu[BastokMine]: Odyssey T1T2T3 Ngai Mboze Xevioso Arebati Ongo v0v1 (T4 Bumba v15 Kalunga V15 100win) Odyssey C SEG Lilith VD Buy?
[09:57:06] <<< Welcome to Asura! >>>
[09:57:06] Å°Assist Channel added for New Players and Returnees! https://sqex.to/yLvfp
[09:57:06] 
[09:57:06] Å°Vana'diel Doused with the September Version Update!
[09:57:06] 
[09:57:06] Å°Blazing Buffaloes [until September 30 at 7:59 (PDT) / 14:59 (GMT) / 15:59 (BST)]
[09:57:06] 
[09:57:06] Å°Blazing Buffaloes Screenshot Campaign [until September 30 at 7:59 (PDT) / 14:59 (GMT) / 15:59 (BST)]
[09:57:06] 
[09:57:06] Å°Summer Breeze Campaign [until September 30 at 7:59 (PDT) / 14:59 (GMT) / 15:59 (BST)]
[09:57:06] 
[09:57:06] Å°The September 2022 Login Campaign [until October 9 at 7:00 (PDT) / 14:00 (GMT) / 15:00 (BST)]
[09:57:06] 
[09:57:06] Å°Day of the Shadow Lord [until September 30 at 7:59 (PDT) / 14:59 (GMT) / 15:59 (BST)]
[09:57:06] 
[09:57:06] * Please refer to the official website for more details.
[09:57:07] You have undertaken the limited-time Records of Eminence challenge á≤Gain Experience.á≥
[09:57:07] This area is currently affected by the Super Kupower: á≤Martial Masterá≥!
[09:57:07] This area is currently affected by the Super Kupower: á≤Dilatory Digestioná≥!
[09:57:07] This area is currently affected by the Super Kupower: á≤Crystal Caboodleá≥!
[09:57:07] The maximum number of people are already participating in Unity chat. Please try again later.
[09:57:07] The September 2022 Login Campaign is currently underway!
[09:57:07] 
[09:57:07] In celebration of your most recent login (login no. 5), we have provided you with 100 points!
[09:57:07] You currently have a total of 2400 points.
[09:57:08] Shmilydudu[BastokMark]: Escha - Zi'Tah Escha - Ru'Aun Reisenjima T1T2T3 ALL Item ABJ Telos Earring Reiki Yotai Do you need it? /tell Buy? 
[09:57:08] We hope you enjoy this complimentary little gift, courtesy of the citizens of Vana'diel!
[09:57:09] Obtained: Dial key #Ab.
[09:57:12] Sixgodg[NSandOria]: Odyssey t1t2t3Arebati Kalunga Xevioso Ngai Mboze Ongo V0-1 Bumba V0-15 Clear Mind Buy?
[09:57:15] Meios[PSandOria]: OdysseyT1234 Xevioso Ngai Kalunga Mboze Ongao Arebati V0-1 (BumbaV0-15) Buy? /tell
[09:57:26] Executing logout in 30 seconds.
[09:57:26] Cancel healing to remain logged in.
[09:57:29] Huulaula[BastokMark]: Odin VD/Cait Sith VD/Alexander VD/Colorless Soul/Aby EMP Item Do you need it? Buy? /tell
[09:57:30] Executing logout in 25 seconds.
[09:57:30] Cancel healing to remain logged in.
[09:57:34] Executing logout in 20 seconds.
[09:57:34] Cancel healing to remain logged in.
[09:57:40] Executing logout in 15 seconds.
[09:57:40] Cancel healing to remain logged in.
[09:57:42] Fczjsl[PSandOria]: Dynamis - WindurstD W1 unlockhead+3 norp Do you need it?2mBuy?tell 17/18
[09:57:42] Sixgodg[NSandOria]: Odyssey t1t2t3Arebati Kalunga Xevioso Ngai Mboze Ongo V0-1 Bumba V0-15 Clear Mind Buy?
[09:57:44] Executing logout in 10 seconds.
[09:57:44] Cancel healing to remain logged in.
[09:57:47] Meios[PSandOria]: OdysseyT1234 Xevioso Ngai Kalunga Mboze Ongao Arebati V0-1 (BumbaV0-15) Buy? /tell
[09:57:49] Crisula[PortJeuno]: L. Jadeshell  M. Silverpiece  100 Byne Bill   Do you need it   (H-8)
[09:57:50] Executing logout in 5 seconds.
[09:57:50] Cancel healing to remain logged in.
[09:57:54] Malakka[BastokMark]: ZNM T4 Sarameya Tinnin Tyger Item win Do you need it? Buy? /tell
[14:54:03] === Area: Norg ===
[14:54:03] Loading Blist settings for Worldkiller.
[14:54:03] React: Loading File: react_THF.lua
[14:54:04] *****DP Job Selection:THF*****
[14:54:04] Mode: Default.
[14:54:05] Size already 20.
[14:54:05] ConsoleBG: Position changed! X: 15 Y: 50
[14:54:06] Loaded THF Battlemod filters
[14:54:10] Ashikagaz[Rabao]: Odyssey seg C Veteran war drk (multi weaponÅïnyame upgradeÅZ)
[14:54:10] <<< Welcome to Asura! >>>
[14:54:10] Å°Assist Channel added for New Players and Returnees! https://sqex.to/yLvfp
[14:54:10] 
[14:54:10] Å°Vana'diel Doused with the September Version Update!
[14:54:10] 
[14:54:10] Å°Blazing Buffaloes [until September 30 at 7:59 (PDT) / 14:59 (GMT) / 15:59 (BST)]
[14:54:10] 
[14:54:10] Å°Blazing Buffaloes Screenshot Campaign [until September 30 at 7:59 (PDT) / 14:59 (GMT) / 15:59 (BST)]
[14:54:10] 
[14:54:10] Å°Summer Breeze Campaign [until September 30 at 7:59 (PDT) / 14:59 (GMT) / 15:59 (BST)]
[14:54:10] 
[14:54:10] Å°The September 2022 Login Campaign [until October 9 at 7:00 (PDT) / 14:00 (GMT) / 15:00 (BST)]
[14:54:10] 
[14:54:10] Å°Day of the Shadow Lord [until September 30 at 7:59 (PDT) / 14:59 (GMT) / 15:59 (BST)]
[14:54:10] 
[14:54:10] * Please refer to the official website for more details.
[14:54:11] You have undertaken the limited-time Records of Eminence challenge á≤Vanquish Birds.á≥
[14:54:11] This area is currently affected by the Super Kupower: á≤Martial Masterá≥!
[14:54:11] This area is currently affected by the Super Kupower: á≤Dilatory Digestioná≥!
[14:54:11] This area is currently affected by the Super Kupower: á≤Crystal Caboodleá≥!
[14:54:11] The maximum number of people are already participating in Unity chat. Please try again later.
[14:54:11] The September 2022 Login Campaign is currently underway!
[14:54:11] 
[14:54:11] In celebration of your most recent login (login no. 6), we have provided you with 100 points!
[14:54:11] You currently have a total of 2500 points.
[14:54:14] We hope you enjoy this complimentary little gift, courtesy of the citizens of Vana'diel!
[14:54:14] Obtained: Dial key #Ab.
[14:54:24] Postaljay[SSandOria]: WTB ~ Thief's Knife ~ PST
[14:54:24] Ronstadt[BastokMine]: Dynamis - Bastok D WAVE 1-2 RP FARM Treasure BONUS Area Looking for members. /tell @6/12
[14:54:28] Executing logout in 30 seconds.
[14:54:28] Cancel healing to remain logged in.
[14:54:32] Executing logout in 25 seconds.
[14:54:32] Cancel healing to remain logged in.
[14:54:34] Jobes[PSandOria]: Crawlers' Nest [S] Exemplar Points or Capacity Points Do you need it? ,BRD or DD Can I have it? /tell 5/6
[14:54:37] Executing logout in 20 seconds.
[14:54:37] Cancel healing to remain logged in.
[14:54:42] Crisula[PortJeuno]: L. Jadeshell  M. Silverpiece  100 Byne Bill   Do you need it   (H-8)
[14:54:42] Executing logout in 15 seconds.
[14:54:42] Cancel healing to remain logged in.
[14:54:44] Ashikagaz[Rabao]: Odysseysegumentoâ“Ç¨ WARDRK(master éaë≈ìÀÇQéÌÅZ)Ç©ÇÁRecruitingíÜÇ≈Ç∑
[14:54:47] Executing logout in 10 seconds.
[14:54:47] Cancel healing to remain logged in.
[14:54:53] Executing logout in 5 seconds.
[14:54:53] Cancel healing to remain logged in.
