[11:27:01] React: Loading File: react_THF.lua
[11:27:03] *****DP Job Selection:THF*****
[11:27:03] Mode: Default.
[11:27:06] You have undertaken the limited-time Records of Eminence challenge á≤Vanquish Amorphs.á≥
[11:27:06] The August 2019 Login Campaign is currently underway!
[11:27:06] 
[11:27:06] The maximum number of people are already participating in Unity chat. Please try again later.
[11:27:06] In celebration of your most recent login (login no. 6), we have provided you with 100 points!
[11:27:06] You currently have a total of 2500 points.
[11:27:08] <<< Welcome to Asura! >>>
[11:27:08] Å°Vana'diel Doused with the Aug. Ver. Update!
[11:27:08] 
[11:27:08] Å°The August 2019 Login Cmpn. [Aug. 13, 8:00 (PDT) / 15:00 (GMT) to Sep. 9, 7:00 (PDT)/ 14:00 (GMT)]
[11:27:08] 
[11:27:08] Å°The Sunbreeze Festival [Aug. 13, 1:00 (PDT) / 8:00 (GMT) to Aug. 31, 7:59 (PDT)/ 14:59 (GMT)]
[11:27:08] 
[11:27:08] Å°One in a Melon Screenshot Cmpn. [Aug. 13, 1:00 (PDT) / 8:00 (GMT) to Aug. 20, 0:59 (PDT)/ 7:59 (GMT)]
[11:27:08] 
[11:27:08] Å°Adventurer Appreciation Cmpn. [Aug. 9, 1:00 (PDT) / 8:00 (GMT) to Aug. 31, 7:59 (PDT)/ 14:59 (GMT)]
[11:27:08] 
[11:27:08] Å°Discount Cmpn. [Aug. 9, 1:00 (PDT) / 8:00 (GMT) to Aug. 30, 1:00 (PDT) / 8:00 (GMT)]
[11:27:08] 
[11:27:08] Å°Mog House Orchestrion Full Speed Ahead! Cmpn. [Aug. 9, 1:00 (PDT) / 8:00 (GMT) to Aug. 31, 7:59 (PDT)/ 14:59 (GMT)]
[11:27:08] 
[11:27:08] Å°The Summer Alter Ego Extravaganza [Aug. 1, 1:00 (PDT) / 8:00 (GMT) to Aug. 31, 7:59 (PDT)/ 14:59 (GMT)]
[11:27:08] 
[11:27:08] Å°The Green Festival [Aug. 1, 1:00 (PDT) / 8:00 (GMT) to Aug. 31, 7:59 (PDT)/ 14:59 (GMT)]
[11:27:08] 
[11:27:08] * Please refer to the official website for more details. 
[11:27:11] We hope you enjoy this complimentary little gift, courtesy of the citizens of Vana'diel!
[11:27:11] Obtained: Special gobbiedial key.
[11:27:36] You take the southern pearl out of delivery slot 1.
[11:32:54] React: Loading File: react_THF.lua
[11:32:55] Welcome, Feary!
[11:32:55] Did you know if you subscribe to Guildwork Premium (guildwork.com/premium) you can get cross-zone shouts, AH notifications, Bazaar notifications, Remote chat and more?
[11:32:55] Add this character to Guildwork by typing /gw flush --add
[11:32:55] *****DP Job Selection:THF*****
[11:32:55] Mode: Default.
[11:32:59] The maximum number of people are already participating in Unity chat. Please try again later.
[11:33:00] <<< Welcome to Asura! >>>
[11:33:00] Å°Vana'diel Doused with the Aug. Ver. Update!
[11:33:00] 
[11:33:00] Å°The August 2019 Login Cmpn. [Aug. 13, 8:00 (PDT) / 15:00 (GMT) to Sep. 9, 7:00 (PDT)/ 14:00 (GMT)]
[11:33:00] 
[11:33:00] Å°The Sunbreeze Festival [Aug. 13, 1:00 (PDT) / 8:00 (GMT) to Aug. 31, 7:59 (PDT)/ 14:59 (GMT)]
[11:33:00] 
[11:33:00] Å°One in a Melon Screenshot Cmpn. [Aug. 13, 1:00 (PDT) / 8:00 (GMT) to Aug. 20, 0:59 (PDT)/ 7:59 (GMT)]
[11:33:00] 
[11:33:00] Å°Adventurer Appreciation Cmpn. [Aug. 9, 1:00 (PDT) / 8:00 (GMT) to Aug. 31, 7:59 (PDT)/ 14:59 (GMT)]
[11:33:00] 
[11:33:00] Å°Discount Cmpn. [Aug. 9, 1:00 (PDT) / 8:00 (GMT) to Aug. 30, 1:00 (PDT) / 8:00 (GMT)]
[11:33:00] 
[11:33:00] Å°Mog House Orchestrion Full Speed Ahead! Cmpn. [Aug. 9, 1:00 (PDT) / 8:00 (GMT) to Aug. 31, 7:59 (PDT)/ 14:59 (GMT)]
[11:33:00] 
[11:33:00] Å°The Summer Alter Ego Extravaganza [Aug. 1, 1:00 (PDT) / 8:00 (GMT) to Aug. 31, 7:59 (PDT)/ 14:59 (GMT)]
[11:33:00] 
[11:33:00] Å°The Green Festival [Aug. 1, 1:00 (PDT) / 8:00 (GMT) to Aug. 31, 7:59 (PDT)/ 14:59 (GMT)]
[11:33:00] 
[11:33:00] * Please refer to the official website for more details. 
