[22:23:07] === Area: Norg ===
[22:23:08] Loading Blist settings for Worldkiller.
[22:23:08] React: Loading File: react_THF.lua
[22:23:08] *****DP Job Selection:THF*****
[22:23:08] Mode: Default.
[22:23:10] Size already 20.
[22:23:10] ConsoleBG: Position changed! X: 15 Y: 50
[22:23:11] Loaded THF Battlemod filters
[22:23:14] Meios[PSandOria]: OdysseyT1234 Xevioso Ngai Kalunga Mboze Arebati Ongo V0-1 (BumbaV0-15) Buy? /tell
[22:23:16] <<< Welcome to Asura! >>>
[22:23:16] ■Assist Channel added for New Players and Returnees! https://sqex.to/yLvfp
[22:23:16] 
[22:23:16] ■Vana'diel Doused with the September Version Update!
[22:23:16] 
[22:23:16] ■Blazing Buffaloes [until September 30 at 7:59 (PDT) / 14:59 (GMT) / 15:59 (BST)]
[22:23:16] 
[22:23:16] ■Blazing Buffaloes Screenshot Campaign [until September 30 at 7:59 (PDT) / 14:59 (GMT) / 15:59 (BST)]
[22:23:16] 
[22:23:16] ■Summer Breeze Campaign [until September 30 at 7:59 (PDT) / 14:59 (GMT) / 15:59 (BST)]
[22:23:16] 
[22:23:16] ■The September 2022 Login Campaign [until October 9 at 7:00 (PDT) / 14:00 (GMT) / 15:00 (BST)]
[22:23:16] 
[22:23:16] ■Day of the Shadow Lord [until September 30 at 7:59 (PDT) / 14:59 (GMT) / 15:59 (BST)]
[22:23:16] 
[22:23:16] * Please refer to the official website for more details.
[22:23:16] You have undertaken the limited-time Records of Eminence challenge ｲVanquish Birds.ｳ
[22:23:16] This area is currently affected by the Super Kupower: ｲMartial Masterｳ!
[22:23:16] This area is currently affected by the Super Kupower: ｲDilatory Digestionｳ!
[22:23:16] This area is currently affected by the Super Kupower: ｲCrystal Caboodleｳ!
[22:23:16] The September 2022 Login Campaign is currently underway!
[22:23:16] 
[22:23:16] In celebration of your most recent login (login no. 9), we have provided you with 100 points!
[22:23:16] You currently have a total of 2800 points.
[22:23:17] We hope you enjoy this complimentary little gift, courtesy of the citizens of Vana'diel!
[22:23:17] Obtained: Dial key #Ab.
[22:23:19] Huulaula[BastokMark]: Odin VD/Cait Sith VD/Alexander VD/Colorless Soul/Aby EMP Item Do you need it? Buy? /tell
[22:23:26] Sixgodd[NSandOria]: Odysseyt1t2t3Arebati Kalunga Xevioso Ngai Mboze OngoV0-1 Bumba V0-15 Clear Mind Buy?
[22:23:44] Meios[PSandOria]: OdysseyT1234 Xevioso Ngai Kalunga Mboze Arebati Ongo V0-1 (BumbaV0-15) Buy? /tell
[22:23:47] Yahoowxi[PortBastok]: Selling Aeonic/ioniッkuuェpon 3zones Full clearBuy?50M/tell drops free 5min start
[22:23:49] Lactan[Whitegate]: Sarameya Tinnin  Tyger Item and win Do you need it? Buy? 
[22:23:53] Liquefier[Whitegate]: ???+1 Weapon Shop Pulse Do you need it? Bazaar Aht Urhgan (G-6) Please check it.
[22:23:56] Sixgodd[NSandOria]: Odysseyt1t2t3Arebati Kalunga Xevioso Ngai Mboze OngoV0-1 Bumba V0-15 Clear Mind Buy?
[22:23:57] Crisula[PortJeuno]: L. Jadeshell  M. Silverpiece  100 Byne Bill  Do you need it?  (H-8)
[22:24:10] Nxsu[SSandOria]: Aeonic weapon 3 zones Clear Mind Do you need it? /tell Buy? 50m/spot all drops free lot 1/4
[22:24:16] {Apururu} Hm!? A group of monsters has appeared in advance of Quetzalcoatl! Please, hurry-wurry to ?-? in Reisenjima immediately!
[22:24:16] Meios[PSandOria]: OdysseyT1234 Xevioso Ngai Kalunga Mboze Arebati Ongo V0-1 (BumbaV0-15) Buy? /tell
[22:24:22] Yahoowxi[PortBastok]: Selling Aeonic/ioniッkuuェpon 3zones Full clearBuy?50M/tell drops free 5min start
[22:24:24] Huulaula[BastokMark]: Odin VD/Cait Sith VD/Alexander VD/Colorless Soul/Aby EMP Item Do you need it? Buy? /tell
[22:24:28] Sixgodd[NSandOria]: Odysseyt1t2t3Arebati Kalunga Xevioso Ngai Mboze OngoV0-1 Bumba V0-15 Clear Mind Buy?
[22:24:48] Crisula[PortJeuno]: L. Jadeshell  M. Silverpiece  100 Byne Bill  Do you need it?  (H-8)
[22:24:48] Meios[PSandOria]: OdysseyT1234 Xevioso Ngai Kalunga Mboze Arebati Ongo V0-1 (BumbaV0-15) Buy? /tell
[22:24:50] Lactan[Whitegate]: Sarameya Tinnin  Tyger Item and win Do you need it? Buy? 
[22:24:59] Sixgodd[NSandOria]: Odysseyt1t2t3Arebati Kalunga Xevioso Ngai Mboze OngoV0-1 Bumba V0-15 Clear Mind Buy?
[22:25:05] Yahoowxi[PortBastok]: Selling Aeonic/ioniッkuuェpon 3zones Full clearBuy?50M/tell drops free 5min start
[22:25:09] Odynmasuu[BastokMine]: Odyssey t1t2t3 Ngai Mboze Xevioso Ongo Arebati (T4 bumba v15 kalunga v15 100win) Odyssey C SEG LIlith VD Buy?
[22:25:12] Nxsu[SSandOria]: Aeonic weapon 3 zones Clear Mind Do you need it? /tell Buy? 50m/spot all drops free lot 1/4
[22:25:17] Executing logout in 30 seconds.
[22:25:17] Cancel healing to remain logged in.
[22:25:20] Meios[PSandOria]: OdysseyT1234 Xevioso Ngai Kalunga Mboze Arebati Ongo V0-1 (BumbaV0-15) Buy? /tell
[22:25:20] Executing logout in 25 seconds.
[22:25:20] Cancel healing to remain logged in.
[22:25:26] Executing logout in 20 seconds.
[22:25:26] Cancel healing to remain logged in.
[22:25:30] Sixgodd[NSandOria]: Odysseyt1t2t3Arebati Kalunga Xevioso Ngai Mboze OngoV0-1 Bumba V0-15 Clear Mind Buy?
[22:25:30] Huulaula[BastokMark]: Odin VD/Cait Sith VD/Alexander VD/Colorless Soul/Aby EMP Item Do you need it? Buy? /tell
[22:25:30] Executing logout in 15 seconds.
[22:25:30] Cancel healing to remain logged in.
[22:25:36] Executing logout in 10 seconds.
[22:25:36] Cancel healing to remain logged in.
[22:25:38] Crisula[PortJeuno]: L. Jadeshell  M. Silverpiece  100 Byne Bill  Do you need it?  (H-8)
[22:25:40] Magmagz[PortJeuno]: Glavoid  Orthrus Itzpapalotl Apademak Draguaeachx2Buy?1pop 1.2meachPST
[22:25:40] Executing logout in 5 seconds.
[22:25:40] Cancel healing to remain logged in.
