[14:09:04] === Area: Norg ===
[14:09:04] Loading Blist settings for Worldkiller.
[14:09:04] React: Loading File: react_THF.lua
[14:09:05] *****DP Job Selection:THF*****
[14:09:05] Mode: Default.
[14:09:06] Size already 20.
[14:09:06] ConsoleBG: Position changed! X: 15 Y: 50
[14:09:07] Loaded THF Battlemod filters
[14:09:11] <<< Welcome to Asura! >>>
[14:09:11] Å°Assist Channel added for New Players and Returnees! https://sqex.to/yLvfp
[14:09:11] 
[14:09:11] Å°Vana'diel Doused with the September Version Update!
[14:09:11] 
[14:09:11] Å°Blazing Buffaloes [until September 30 at 7:59 (PDT) / 14:59 (GMT) / 15:59 (BST)]
[14:09:11] 
[14:09:11] Å°Blazing Buffaloes Screenshot Campaign [until September 30 at 7:59 (PDT) / 14:59 (GMT) / 15:59 (BST)]
[14:09:11] 
[14:09:11] Å°Summer Breeze Campaign [until September 30 at 7:59 (PDT) / 14:59 (GMT) / 15:59 (BST)]
[14:09:11] 
[14:09:11] Å°The September 2022 Login Campaign [until October 9 at 7:00 (PDT) / 14:00 (GMT) / 15:00 (BST)]
[14:09:11] 
[14:09:11] Å°Day of the Shadow Lord [until September 30 at 7:59 (PDT) / 14:59 (GMT) / 15:59 (BST)]
[14:09:11] 
[14:09:11] * Please refer to the official website for more details.
[14:09:12] You have undertaken the limited-time Records of Eminence challenge á≤Crack Treasure Caskets.á≥
[14:09:12] This area is currently affected by the Super Kupower: á≤Martial Masterá≥!
[14:09:12] This area is currently affected by the Super Kupower: á≤Dilatory Digestioná≥!
[14:09:12] This area is currently affected by the Super Kupower: á≤Crystal Caboodleá≥!
[14:09:12] The maximum number of people are already participating in Unity chat. Please try again later.
[14:09:12] The September 2022 Login Campaign is currently underway!
[14:09:12] 
[14:09:12] In celebration of your most recent login (login no. 8), we have provided you with 100 points!
[14:09:12] You currently have a total of 2700 points.
[14:09:14] We hope you enjoy this complimentary little gift, courtesy of the citizens of Vana'diel!
[14:09:14] Obtained: Dial key #Ab.
[14:09:20] Caion[Whitegate]: Sarameya Tinnin Tyger Item and win Do you need it? Buy?
[14:09:30] Sixgodd[NSandOria]: Odysseyt1t2t3Arebati Kalunga Xevioso Ngai Mboze Ongo V0-1 Bumba V0-15 Clear Mind Buy?.
[14:09:31] Crisula[PortJeuno]: L. Jadeshell  M. Silverpiece  100 Byne Bill  Do you need it?  (H-8)
[14:09:31] Meios[PSandOria]: OdysseyT1234 Xevioso Ngai Kalunga Mboze Arebati Ongo V0-1 (BumbaV0-15) Buy? /tell
[14:09:45] Kimzaeonicc[BastokMine]: Aeonic/ioniÉbkuuÉFpon 3zone Clear Mind Buy? 50M /tell start in 20mins
[14:09:46] Executing logout in 30 seconds.
[14:09:46] Cancel healing to remain logged in.
[14:09:50] Executing logout in 25 seconds.
[14:09:50] Cancel healing to remain logged in.
[14:09:55] Executing logout in 20 seconds.
[14:09:55] Cancel healing to remain logged in.
[14:10:00] Executing logout in 15 seconds.
[14:10:00] Cancel healing to remain logged in.
[14:10:00] Desde[Norg]: Sarameya Tinnin Tyger Item Do you need it? Buy? 3m each Thank you.
[14:10:01] Sixgodd[NSandOria]: Odysseyt1t2t3Arebati Kalunga Xevioso Ngai Mboze Ongo V0-1 Bumba V0-15 Clear Mind Buy?.
[14:10:02] Peoplefood[Rabao]: i dont like sand
[14:10:03] Meios[PSandOria]: OdysseyT1234 Xevioso Ngai Kalunga Mboze Arebati Ongo V0-1 (BumbaV0-15) Buy? /tell
[14:10:05] Executing logout in 10 seconds.
[14:10:05] Cancel healing to remain logged in.
[14:10:10] Executing logout in 5 seconds.
[14:10:10] Cancel healing to remain logged in.
