[21:50:07] Wolfdemon[Whitegate]: Dynamis - Jeuno D Can I have it? rp farm/ wave 2 clear. /tell
[21:50:12] Cherilyn[Mhaura]: WOC & Kirin Death Can I have it? Pop items/drops You can have this. Please assist.
[21:50:22] Yanhoo[PortBastok]: Escha - Ru'Aun + Reisenjima Full clear Buy? /tell
[21:50:23] Meavel[Whitegate]: OU pOp 5M  Do you need it? /tell
[21:51:07] Cetux[RuLudeGard]: M. Silverpiece x30 110k each Bazaar (F-8) (AH)
[21:51:23] Mouthpiece[PSandOria]: Dls. Torque +2 Do you need it? Buy? /tell Thank you.
[21:51:35] Aphocalypse[Rabao]: Odyssey T4 Boss Bumba Clear Mind Do you need it? interest Buy? /tell
[21:51:52] Eternalkaiser[WindWoods]: i hate fat stlupid catz
[21:52:24] Cherilyn[Mhaura]: WOC & Kirin Death Can I have it? Pop items/drops You can have this. Please assist.
[21:52:34] Shortty[Whitegate]: Treasures of Aht Urhgan Mercenary Tokens Do you need it? Buy? /tell
[21:52:53] Aphocalypse[Rabao]: Odyssey T4 Boss Bumba Clear Mind Do you need it? interest Buy? /tell
[21:53:45] Craftykitty[LowJeuno]: | Dynamis Bastok(D) w3 clear | 25 mil. Start April 28th 8pm (PST) /tell for info
[21:54:05] Shortty[Whitegate]: Treasures of Aht Urhgan Mercenary Tokens Do you need it? Buy? /tell
[21:54:16] Aphocalypse[Rabao]: Odyssey T4 Boss Bumba Clear Mind Do you need it? interest Buy? /tell
[21:54:58] Yanhoo[PortBastok]: Escha - Ru'Aun + Reisenjima Full clear Buy? /tell start in 5mins
[21:55:04] Aphocalypse[Rabao]: Odyssey T4 Boss Bumba Clear Mind Do you need it? interest Buy? /tell
[21:55:07] Penpenn[PortJeuno]: WHM Looking for Party Odyssey Segmant Farm Can I have it? /tell
[21:55:07] Eternalkaiser[WindWoods]: Catz R dumb!
[21:55:08] Cherilyn[Mhaura]: WOC & Kirin Death Can I have it? Pop items/drops You can have this. Please assist.
[21:55:10] Mouthpiece[PSandOria]: Dls. Torque +2 Do you need it? Buy? /tell Thank you.
[21:55:12] Yourfinished[Rabao]: Dynamis - Bastok [D] Wave 3 Boss (Mythic Augmented Item) Do you need it? 25M @ 8:30PM EST April 27th /tell
[21:55:20] Jesysvut synthesized a square of griffon leather.
[21:55:28] Yanhoo[PortBastok]: Escha - Ru'Aun + Reisenjima Full clear Buy? /tell start in 5mins
[21:55:41] Meavel[Whitegate]: OU pOp 5M  Do you need it? /tell
[21:55:47] Jesysvut synthesized a square of griffon leather.
[21:56:10] Jesysvut synthesized a square of griffon leather.
[21:56:11] Shortty[Whitegate]: Treasures of Aht Urhgan Mercenary Tokens Do you need it? Buy? /tell
[21:56:32] Jesysvut synthesized a square of griffon leather.
[21:56:45] Craftykitty[LowJeuno]: | Dynamis Bastok(D) w3 clear | 25 mil. Start April 28th 8pm (PST) /tell for info
[21:57:17] Jesysvut synthesized a square of griffon leather.
[21:57:44] Jesysvut synthesized a square of griffon leather.
[21:58:13] Aphocalypse[Rabao]: Odyssey T4 Boss Bumba Clear Mind Do you need it? interest Buy? /tell
[21:58:25] Jesysvut synthesized a square of griffon leather.
[21:58:49] Jesysvut synthesized a square of griffon leather.
[21:59:13] Penpenn[PortJeuno]: WHM Looking for Party Odyssey Segmant Farm Can I have it? /tell
[21:59:14] Jesysvut synthesized a square of griffon leather.
[21:59:35] Mouthpiece[PSandOria]: Dls. Torque +2 Do you need it? Buy? /tell Thank you.
[21:59:43] Jesysvut synthesized a square of griffon leather.
[21:59:45] Craftykitty[LowJeuno]: | Dynamis Bastok(D) w3 clear | 25 mil. Start April 28th 8pm (PST) /tell for info
[22:00:16] Jesysvut synthesized a square of griffon leather.
[22:00:25] Bruno(bruno) is now online on Guildwork.
[22:00:38] Jesysvut synthesized a square of griffon leather.
[22:01:00] Jesysvut synthesized a square of griffon leather.
[22:01:23] Jesysvut synthesized a square of griffon leather.
[22:01:25] Meavel[Whitegate]: Nyzul Isle Token Mercenary Do you need it? /tell  Einherjar Therion Ichor /tell
[22:01:48] Jesysvut synthesized a square of griffon leather.
[22:01:58] Aphocalypse[Rabao]: Odyssey T4 Boss Bumba Clear Mind Do you need it? interest Buy? /tell
[22:02:11] Jesysvut synthesized a square of griffon leather.
[22:02:34] Jesysvut synthesized a square of griffon leather.
[22:02:46] Craftykitty[LowJeuno]: | Dynamis Bastok(D) w3 clear | 25 mil. Start April 28th 8pm (PST) /tell for info
[22:02:54] Aphocalypse[Rabao]: Odyssey T4 Boss Bumba Clear Mind Do you need it? interest Buy? /tell
[22:02:58] Jesysvut synthesized a square of griffon leather.
[22:03:20] Yourfinished[Rabao]: Dynamis - Bastok [D] Wave 3 Boss (Mythic Augmented Item) Do you need it? 25M @ 8:30PM EST April 27th /tell
[22:03:22] Jesysvut synthesized a square of griffon leather.
[22:03:27] Mouthpiece[PSandOria]: Dls. Torque +2 Do you need it? Buy? /tell Thank you.
[22:03:51] Jesysvut synthesized a square of griffon leather.
[22:04:17] Jesysvut synthesized a square of griffon leather.
[22:04:25] Voltaren[Rabao]: Odyssey Sheol C segement farm Do you need it? REMA DD Can I have it? 5/6 /tell
[22:04:35] Alyxande[EastAdoulin]: Dynamis - Jeuno D Wave 2 Clear, Can I have it? /tell price Thank you.^^
[22:04:44] Jesysvut synthesized a square of griffon leather.
[22:04:47] Aphocalypse[Rabao]: Odyssey T4 Boss Bumba Clear Mind Do you need it? interest Buy? /tell
[22:04:50] Shortty[PortJeuno]: Treasures of Aht Urhgan Mercenary Tokens Do you need it? Buy? /tell
[22:04:54] Cetux[RuLudeGard]: M. Silverpiece x30 110k each Bazaar (G-8) (AH)
[22:05:08] Jesysvut synthesized a square of griffon leather.
[22:05:32] Jesysvut synthesized a square of griffon leather.
[22:05:37] Wolfdemon[Norg]: Dynamis - Jeuno D Can I have it? rp farm/ wave 2 clear. /tell
[22:05:39] Meavel[Whitegate]: Nyzul Isle Token Mercenary Do you need it? /tell  Einherjar Therion Ichor /tell
[22:05:45] Craftykitty[LowJeuno]: | Dynamis Bastok(D) w3 clear | 25 mil. Start April 28th 8pm (PST) /tell for info
[22:05:46] Apebasher[PortJeuno]: Reisenjima T1 item Herculean/Odyssean/Merlinic/Chironic/Valorous(Feet=X) Do you need it? Buy? /t
[22:06:10] Aricsr[RuLudeGard]: Shamash Robe Sell? thx
[22:06:12] Mouthpiece[PSandOria]: Dls. Torque +2 Do you need it? Buy? /tell Thank you.
[22:06:13] Marticus[EastAdoulin]: Vexed Sune-Ate Vexed Hakama Can I have it? You can have this. 200k /tell
[22:06:20] Misono[PSandOria]: Odyssey-C Segment Looking for members. Shield, Bard, Cor, DD  2/6
[22:06:28] Jesysvut synthesized a square of griffon leather.
[22:06:59] Jesysvut synthesized a square of griffon leather.
[22:06:59] Aphocalypse[Rabao]: Odyssey T4 Boss Bumba Clear Mind Do you need it? interest Buy? /tell
[22:07:22] Jesysvut synthesized a square of griffon leather.
[22:07:23] Wolfdemon[Norg]: Dynamis - Jeuno D Can I have it? rp farm/ wave 2 clear. /tell
[22:07:50] Jesysvut synthesized a square of griffon leather.
[22:07:51] Aphocalypse[Rabao]: Odyssey T4 Boss Bumba Clear Mind Do you need it? interest Buy? /tell
[22:08:13] Jesysvut synthesized a square of griffon leather.
[22:08:37] Misono[PSandOria]: Odyssey-C Segment Looking for members. Shield, Bard 4/6
[22:08:38] Aphocalypse[Rabao]: Odyssey T4 Boss Bumba Clear Mind Do you need it? interest Buy? /tell
[22:08:46] Craftykitty[LowJeuno]: | Dynamis Bastok(D) w3 clear | 25 mil. Start April 28th 8pm (PST) /tell for info
[22:08:46] Apebasher[PortJeuno]: Reisenjima T1 item Herculean/Odyssean/Merlinic/Chironic/Valorous(Feet=X) Do you need it? Buy? /t
[22:08:50] Jesysvut synthesized a square of griffon leather.
[22:08:55] Mouthpiece[PSandOria]: Dls. Torque +2 Do you need it? Buy? /tell Thank you.
[22:09:09] Wolfdemon[Norg]: Dynamis - Jeuno D Can I have it? rp farm/ wave 2 clear. /tell
[22:09:27] Misono[PSandOria]: Odyssey-C Segment Looking for members. Shield, Bard 4/6
[22:09:50] Drega[Mhaura]: Waka Flocka Flame Can I have it?
[22:09:56] Apebasher[PortJeuno]: Reisenjima T1 item Herculean/Odyssean/Merlinic/Chironic/Valorous(Feet=X) Do you need it? Buy? /t
[22:10:03] Jesysvut synthesized a square of griffon leather.
[22:10:21] Misono[PSandOria]: Odyssey-C Segment Looking for members. Shield, Bard 4/6
[22:10:34] Jesysvut synthesized a square of griffon leather.
[22:10:35] Juskoolin[Whitegate]: Bricksquad You can have this.
[22:10:39] Meavel[Whitegate]: Nyzul Isle Token Mercenary Do you need it? /tell  Einherjar Therion Ichor /tell
[22:10:55] Ldizzymfnutz[Mhaura]: yall Ninjas ain't ready
[22:10:56] Mouthpiece[PSandOria]: Dls. Torque +2 Do you need it? Buy? /tell Thank you.
[22:11:08] Misono[PSandOria]: Odyssey-C Segment Looking for members. Shield, Bard 4/6
[22:11:10] Jesysvut synthesized a square of griffon leather.
[22:11:21] Juskoolin[Whitegate]: Oh Lets do eeeet 
[22:11:35] Jesysvut synthesized a square of griffon leather.
[22:11:38] Neitro[Mhaura]: Ambuscade D Do you need it? whm or rdm (silence) Can I have it? 5/6
[22:11:45] Craftykitty[LowJeuno]: | Dynamis Bastok(D) w3 clear | 25 mil. Start April 28th 8pm (PST) /tell for info
[22:12:04] Drega[Mhaura]: Gucci Mane Do you need it?  10m
[22:12:06] Misono[PSandOria]: Odyssey-C Segment Looking for members. Bard 5/6
[22:12:08] Jesysvut synthesized a square of griffon leather.
[22:12:09] Aphocalypse[Rabao]: Odyssey T4 Boss Bumba Clear Mind Do you need it? interest Buy? /tell
[22:12:27] Attano[Rabao]: Odyssey Sheol C Segment Farm Looking for members. BRD COR 4/6
[22:12:30] Jesysvut synthesized a square of griffon leather.
[22:12:45] Neitro[Mhaura]: Ambuscade D Do you need it? whm(silence) Can I have it? 5/6
[22:12:52] Jesysvut synthesized a square of griffon leather.
[22:13:04] Aphocalypse[Rabao]: Odyssey T4 Boss Bumba Clear Mind Do you need it? interest Buy? /tell
[22:13:22] Attano[Rabao]: Odyssey Sheol C Segment Farm Looking for members. BRD 5/6
[22:13:35] Apebasher[PortJeuno]: Reisenjima T1 item Herculean/Odyssean/Merlinic/Chironic/Valorous(Feet=X) Do you need it? Buy? /t
[22:13:50] Neitro[Mhaura]: Ambuscade D Do you need it? whm(silence) Can I have it? 5/6
[22:14:06] Meowcake[WindWaters]: i know it
[22:14:15] Ldizzymfnutz[Mhaura]: dd rdm or thf Do you need it? Odyssey farm Can I have it? Thank you.
[22:14:27] Neitro[Mhaura]: Ambuscade D Do you need it? whm(silence) Can I have it? 5/6
[22:14:38] Jesysvut synthesized a square of griffon leather.
[22:14:45] Craftykitty[LowJeuno]: | Dynamis Bastok(D) w3 clear | 25 mil. Start April 28th 8pm (PST) /tell for info
[22:14:48] Aphocalypse[Rabao]: Odyssey T4 Boss Bumba Clear Mind Do you need it? interest Buy? /tell
[22:15:01] Jesysvut synthesized a square of griffon leather.
[22:15:23] Jesysvut synthesized a square of griffon leather.
[22:15:32] Knobkierrie[LowJeuno]: Reiki Yotai Buy? in pool now /tell
[22:15:49] Mouthpiece[PSandOria]: Dls. Torque +2 Do you need it? Buy? /tell Thank you.
[22:15:50] Neitro[Mhaura]: Ambuscade D Do you need it? whm(silence) Can I have it? 5/6
[22:15:50] Wolfdemon[Norg]: Dynamis - Jeuno D Can I have it? rp farm/ wave 2 clear. /tell
[22:15:52] Jesysvut synthesized a square of griffon leather.
[22:16:23] Jesysvut synthesized a square of griffon leather.
[22:16:26] Neitro[Mhaura]: Ambuscade D Do you need it? whm(silence) Can I have it? 5/6
[22:16:47] Jesysvut synthesized a square of griffon leather.
[22:16:54] Wolfdemon[Norg]: Dynamis - Jeuno D Can I have it? rp farm/ wave 2 clear. /tell
[22:16:57] Alyxande[EastAdoulin]: Dingir Ring Sell? /tell price
[22:17:24] Alexjpchoi[Mhaura]: Ambuscade V1 VD Looking for members. Tank, RDM, BRD, Veteran DD pst @2
[22:17:28] Jesysvut synthesized a square of griffon leather.
[22:17:39] Neitro[Mhaura]: Ambuscade D Do you need it? whm(silence) Can I have it? 5/6
[22:17:45] Craftykitty[LowJeuno]: | Dynamis Bastok(D) w3 clear | 25 mil. Start April 28th 8pm (PST) /tell for info
[22:18:02] Jesysvut synthesized a square of griffon leather.
[22:18:36] Jesysvut synthesized a square of griffon leather.
[22:18:45] Neitro[Mhaura]: Ambuscade D Do you need it? whm(silence) Can I have it? 5/6
[22:19:04] Jesysvut synthesized a square of griffon leather.
[22:19:05] Alexjpchoi[Mhaura]: Ambuscade V1 VD Looking for members. BRD pst @5
[22:19:08] Alyxande[EastAdoulin]: Dingir Ring Sell? /tell price
[22:19:20] Mouthpiece[PSandOria]: SR Do you need it? DD Can I have it? /tell @5/6
[22:19:27] Jesysvut synthesized a square of griffon leather.
[22:19:34] Cetux[RuLudeGard]: M. Silverpiece x30 105k each Bazaar (G-8) (AH)
[22:19:39] Neitro[Mhaura]: Ambuscade D Do you need it? whm(silence) Can I have it? 5/6
[22:19:45] Apebasher[Mhaura]: Reisenjima T1 item Herculean/Odyssean/Merlinic/Chironic/Valorous(Feet=X) Do you need it? Buy? /t
[22:19:50] Alexjpchoi[Mhaura]: Ambuscade V1 VD Looking for members. BRD pst @5
[22:20:35] Wolfdemon[Norg]: Dynamis - Jeuno D Can I have it? rp farm/ wave 2 clear. /tell
[22:20:37] Aphocalypse[Rabao]: Odyssey T4 Boss Bumba Clear Mind Do you need it? interest Buy? /tell
[22:20:40] Alexjpchoi[Mhaura]: Ambuscade V1 VD Looking for members. BRD pst @5
[22:20:45] Neitro[Mhaura]: Ambuscade D Do you need it? whm(silence) Can I have it? 5/6
[22:20:45] Craftykitty[LowJeuno]: | Dynamis Bastok(D) w3 clear | 25 mil. Start April 28th 8pm (PST) /tell for info
[22:21:14] Jesysvut synthesized a square of griffon leather.
[22:21:24] Apebasher[Mhaura]: Reisenjima T1 item Herculean/Odyssean/Merlinic/Chironic/Valorous(Feet=X) Do you need it? Buy? /t
[22:21:30] Westlind[Mhaura]: Ambuscade Can I have it? PLD99/WAR49, DRG, or SMN You can have this.
[22:21:34] Alyxande[EastAdoulin]: Dingir Ring Sell? /tell price
[22:21:38] Meavel[Mhaura]: Nyzul Isle Token Mercenary Do you need it? /tell  Assault Mission /tell
[22:21:38] Jesysvut synthesized a square of griffon leather.
[22:21:43] Neitro[Mhaura]: Ambuscade D Do you need it? whm(silence) Can I have it? 5/6
[22:21:47] Aphocalypse[Rabao]: Odyssey T4 Boss Bumba Clear Mind Do you need it? interest Buy? /tell
[22:21:48] Alexjpchoi[Mhaura]: Ambuscade V1 VD Looking for members. BRD pst @5
[22:22:03] Jesysvut synthesized a square of griffon leather.
[22:22:27] Jesysvut synthesized a square of griffon leather.
[22:22:38] Alexjpchoi[Mhaura]: Ambuscade V1 VD Looking for members. BRD pst @5
[22:22:49] Jesysvut synthesized a square of griffon leather.
[22:22:55] Kiai[Norg]: OMEN Kin Utu Grip/16m Ilabrat Ring/12m Scale/1.5m Middle Knobk/Sherida/Kishar/4m Do you need it? Buy? /tell
[22:23:00] Shiftrixgirls[PortJeuno]: Escha - Zi'Tah Escha - Ru'Aun Reisenjima T1T2T3 ALL ABJ Item Telos earring  Reiki yotai Buy? /tell
[22:23:39] Shiftrixgirls[PortJeuno]: Escha - Zi'Tah Escha - Ru'Aun Reisenjima T1T2T3 ALL ABJ Item Telos earring  Reiki yotai Buy? /tell
[22:23:46] Craftykitty[LowJeuno]: | Dynamis Bastok(D) w3 clear | 25 mil. Start April 28th 8pm (PST) /tell for info
[22:23:51] Kiai[Norg]: OMEN Kin Utu Grip/16m Ilabrat Ring/12m Scale/1.5m Middle Knobk/Sherida/Kishar/4m Do you need it? Buy? /tell
[22:23:58] Mouthpiece[PSandOria]: Dls. Torque +2 Do you need it? Buy? /tell Thank you.
[22:24:21] Kiai[Norg]: OMEN Kin Ilabrat Ring/12m Scale/1.5m Middle Knobk/Sherida/Kishar/4m Do you need it? Buy? /tell
[22:24:55] Alyxande[EastAdoulin]: Dingir Ring Sell? /tell price
[22:24:56] Shiftrixgirls[PortJeuno]: Escha - Zi'Tah Escha - Ru'Aun Reisenjima T1T2T3 ALL ABJ Item Telos earring  Reiki yotai Buy? /tell
[22:25:10] Apebasher[Mhaura]: Reisenjima T1 item Herculean/Odyssean/Merlinic/Chironic/Valorous(Feet=X) Do you need it? Buy? /t
[22:25:30] Shiftrixgirls[PortJeuno]: Escha - Zi'Tah Escha - Ru'Aun Reisenjima T1T2T3 ALL ABJ Item Telos earring  Reiki yotai Buy? /tell
[22:25:43] Kiai[Norg]: OMEN Kin Ilabrat Ring/12m Scale/1.5m Middle Knobk/Sherida/Kishar/4m Do you need it? Buy? /tell
[22:25:46] Mouthpiece[PSandOria]: Dls. Torque +2 Do you need it? Buy? /tell Thank you.
[22:26:14] Kiai[Norg]: OMEN Kin Ilabrat Ring/12m Scale/1.5m Middle Knobk/Sherida/4m Do you need it? Buy? /tell
[22:26:29] Shiftrixgirls[PortJeuno]: Escha - Zi'Tah Escha - Ru'Aun Reisenjima T1T2T3 ALL ABJ Item Telos earring  Reiki yotai Buy? /tell
[22:26:45] Craftykitty[LowJeuno]: | Dynamis Bastok(D) w3 clear | 25 mil. Start April 28th 8pm (PST) /tell for info
[22:27:04] Kiai[Norg]: OMEN Kin Scale/1.5m Middle Knobk/Sherida/4m Do you need it? Buy? /telly
[22:27:18] Shiftrixgirls[PortJeuno]: Escha - Zi'Tah Escha - Ru'Aun Reisenjima T1T2T3 ALL ABJ Item Telos earring  Reiki yotai Buy? /tell
[22:27:25] Mouthpiece[PSandOria]: Dls. Torque +2 Do you need it? Buy? /tell Thank you.
[22:27:26] Alyxande[EastAdoulin]: Dingir Ring Sell? /tell price
[22:27:40] Meavel[Mhaura]: Nyzul Isle Token Mercenary Do you need it? /tell  Assault Mission /tell
[22:27:48] Wolfdemon[Norg]: Dynamis - Jeuno D Can I have it? rp farm/ wave 2 clear. /tell
[22:29:06] Shiftrixgirls[PortJeuno]: Escha - Zi'Tah Escha - Ru'Aun Reisenjima T1T2T3 ALL ABJ Item Telos earring  Reiki yotai Buy? /tell
[22:29:46] Craftykitty[LowJeuno]: | Dynamis Bastok(D) w3 clear | 25 mil. Start April 28th 8pm (PST) /tell for info
[22:29:46] Tredici[RuLudeGard]: Antares Harness Do you have it? Sell? please /tell
[22:30:43] Tredici[RuLudeGard]: Antares Harness Do you have it? Sell? please /tell
[22:31:07] Shiftrixgirls[PortJeuno]: Escha - Zi'Tah Escha - Ru'Aun Reisenjima T1T2T3 ALL ABJ Item Telos earring  Reiki yotai Buy? /tell
[22:31:15] Alyxande[EastAdoulin]: Dingir Ring Sell? /tell price
[22:31:28] Apebasher[Mhaura]: Reisenjima T1 item Herculean/Odyssean/Merlinic/Chironic/Valorous(Feet=X) Do you need it? Buy? /t
[22:31:59] Shiftrixgirls[PortJeuno]: Escha - Zi'Tah Escha - Ru'Aun Reisenjima T1T2T3 ALL ABJ Item Telos earring  Reiki yotai Buy? /tell
[22:32:43] Mouthpiece[PSandOria]: Dls. Torque +2 Do you need it? Buy? /tell Thank you.
[22:32:45] Craftykitty[LowJeuno]: | Dynamis Bastok(D) w3 clear | 25 mil. Start April 28th 8pm (PST) /tell for info
[22:33:02] Apebasher[Mhaura]: Reisenjima T1 item Herculean/Odyssean/Merlinic/Chironic/Valorous(Feet=X) Do you need it? Buy? /t
[22:33:07] Puffmd[Mhaura]: Ambuscade V1 VD Do you need it? BRD/WHM Can I have it? 5/6 /tell
[22:33:53] Shiftrixgirls[PortJeuno]: Escha - Zi'Tah Escha - Ru'Aun Reisenjima T1T2T3 ALL ABJ Item Telos earring  Reiki yotai Buy? /tell
[22:34:00] Alyxande[EastAdoulin]: Dingir Ring Sell? /tell price
[22:34:27] Wolfdemon[Norg]: Dynamis - Jeuno D Can I have it? rp farm/ wave 2 clear. /tell
[22:34:32] Apebasher[Mhaura]: Reisenjima T1 item Herculean/Odyssean/Merlinic/Chironic/Valorous(Feet=X) Do you need it? Buy? /t
[22:35:01] Astroeus : hello potatoes
[22:35:39] Puffmd[Mhaura]: Ambuscade V1 VD Do you need it? BRD,RDM Can I have it? 4/6 /tell
[22:35:45] Craftykitty[LowJeuno]: | Dynamis Bastok(D) w3 clear | 25 mil. Start April 28th 8pm (PST) /tell for info
[22:38:11] Apebasher[Mhaura]: Reisenjima T1 item Herculean/Odyssean/Merlinic/Chironic/Valorous(Feet=X) Do you need it? Buy? /t
[22:38:58] Dubaii[PortJeuno]: Odessey C Farm Looking for members. BRD . DDr15
[22:39:06] Alyxande[EastAdoulin]: Dingir Ring Sell? /tell price
[22:39:11] Sabrtooth[LowJeuno]: ashera harness / tartarus platemail Sell?
[22:41:08] Alexjpchoi[Mhaura]: Ambuscade V1 VD Looking for members. Tank pst @5
[22:41:18] Seigfriedfinal[PortJeuno]: HP Bayld Do you have it? Sell? 4k per /tell
[22:41:50] Alexjpchoi[Mhaura]: Ambuscade V1 VD Looking for members. Tank pst @5
[22:42:00] Mouthpiece[PSandOria]: Dls. Torque +2 Do you need it? Buy? /tell Thank you.
[22:42:21] Alexjpchoi[Mhaura]: Ambuscade V1 VD Looking for members. Tank pst @5
[22:43:04] Wolfdemon[Norg]: Dynamis - Jeuno D Can I have it? rp farm/ wave 2 clear. /tell
[22:43:17] Jmy[PSandOria]: Odyssey Mercenary Can I have it? Arebati Clear Mind I'm interested. /tell
[22:43:52] Shiftrixgirls[PortJeuno]: WO Gun Do you need it? Buy? in pool /tell
[22:44:36] Shiftrixgirls[PortJeuno]: WO Gun Do you need it? Buy? in pool /tell
[22:45:10] Mouthpiece[PSandOria]: Dls. Torque +2 Do you need it? Buy? /tell Thank you.
[22:45:41] Aphocalypse[Rabao]: Odyssey T4 Boss Bumba Clear Mind Do you need it? interest Buy? /tell
[22:46:45] Wolfdemon[Norg]: Dynamis - Jeuno D Can I have it? rp farm/ wave 2 clear. /tell
[22:47:01] Jiangbao[Rabao]: Odyssey C Looking for members. R15 DRK COR Veteran WHM /tell 
[22:47:24] Aphocalypse[Rabao]: Odyssey T4 Boss Bumba Clear Mind Do you need it? interest Buy? /tell
[22:48:25] Mouthpiece[PSandOria]: Dls. Torque +2 Do you need it? Buy? /tell Thank you.
[22:49:00] Aphocalypse[Rabao]: Odyssey T4 Boss Bumba Clear Mind Do you need it? interest Buy? /tell
[22:49:36] Alyxande[EastAdoulin]: Dingir Ring Sell? /tell price
[22:49:45] Jiangbao[Rabao]: Odyssey C Looking for members. R15 DRK DD @4
[22:49:47] Wolfdemon[Norg]: Dynamis - Jeuno D Can I have it? rp farm/ wave 2 clear. /tell
[22:49:59] Hmongs[Norg]: Epaminondas's Ring Do you have it? ~ Sell? /tell Thank you.
[22:50:45] Mouthpiece[PSandOria]: Dls. Torque +2 Do you need it? Buy? /tell Thank you.
[22:50:53] Wolfdemon[Norg]: Dynamis - Jeuno D Can I have it? wave 2 clear for 3 people. /tell
[22:51:13] Cheapkeys(E) : refresh my memory please, doing millioncorn quest in selbina raises your jeuno fame right?
[22:51:33] Jiangbao[Rabao]: Our party's full. sorry /tell
[22:51:50] Isemi(E) : idr 
[22:51:56] Mouthpiece[PSandOria]: Dls. Torque +2 Do you need it? Buy? /tell Thank you.
[22:51:59] ï4Kingofhades(E) : technically yes, all fame ups jeuno, but its more bastok and sandy
[22:52:21] Tunechiii[PortJeuno]: Ou pop Can I have it? Sell? /tell Thank you.
[22:52:22] Cheapkeys(E) : ty all for the various replies. appreciate the feedback
[22:53:16] Tunechiii[PortJeuno]: Ou pop Can I have it? Sell? /tell Thank you.
[22:53:39] Shiftrixgirls[PortJeuno]: WOC Zenduk robe body Do you need it? Buy? in pool /tell
[22:54:08] Mouthpiece[PSandOria]: Dls. Torque +2 Do you need it? Buy? /tell Thank you.
[22:54:20] Shiftrixgirls[PortJeuno]: WOC Zenduk robe body Do you need it? Buy? in pool /tell
[22:54:54] Shiftrixgirls[PortJeuno]: WOC Zendik robe body Do you need it? Buy? in pool /tell
[22:57:08] Hmongs[Norg]: Epaminondas's Ring Do you have it? ~ Sell? /tell Thank you.
[22:58:32] Irohani[PSandOria]: OmenJobCardsDo you need it?1m/run(3card~/run 15min)
[22:58:47] Alyxande[EastAdoulin]: Dingir Ring Sell? /tell price
[22:59:47] Wolfdemon[Norg]: Dynamis - Jeuno D Can I have it? wave 2 clear for 3 people. /tell
[23:00:13] Irohani[PSandOria]: OmenJobCardsDo you need it?1m/run(3card~/run 15min)
[23:00:18] You have undertaken the limited-time Records of Eminence challenge ‡²Gain Experience.‡³
[23:00:34] Markymark[Mhaura]: Ambuscade V1 VD Do you need it? COR or RDM Can I have it? 5/6
[23:01:01] Wolfdemon[Norg]: Dynamis - Jeuno D Can I have it? wave 2 clear for 3 people. /tell
[23:01:25] Irohani[PSandOria]: OmenJobCardsDo you need it?1m/run(3card~/run 15min)
[23:01:32] Littleflame[Rabao]: Omen Gin bodyX Ring 0/2 ammo 0/2 Swartz 0/1 Cor Brd Geo Rdm Can I have it? 2/? leaving in 10min
[23:02:49] Mouthpiece[PSandOria]: Dls. Torque +2 Do you need it? Buy? /tell Thank you.
[23:03:02] Irohani[PSandOria]: OmenJobCardsDo you need it?1m/run(3card~/run 15min)
[23:03:14] Littleflame[Rabao]: Omen Gin bodyX Ring 0/2 ammo 0/2 Swartz 0/1 Cor Brd Geo Rdm Can I have it? 2/? leaving in 8min
[23:03:30] Wolfdemon[Norg]: Dynamis - Jeuno D Can I have it? wave 2 clear for 3 people. /tell
[23:04:29] Littleflame[Rabao]: Omen Gin bodyX Ring 0/2 ammo 0/2 Swartz 0/1 Cor Brd Geo Rdm Can I have it? 3/? leaving in 6min
[23:05:24] Mouthpiece[PSandOria]: Dls. Torque +2 Do you need it? Buy? /tell Thank you.
[23:06:32] Littleflame[Rabao]: Omen Gin bodyX Ring 0/2 ammo 0/2 Swartz 0/1 Cor Brd Geo Rdm Can I have it? 3/? leaving in 4min
[23:07:25] Wolfdemon[Norg]: Dynamis - Jeuno D Can I have it? wave 2 clear for 3 people. /tell
[23:08:43] Irohani[PSandOria]: OmenJobCardsDo you need it?1m/run(3card~/run 15min)
[23:08:47] Littleflame[Rabao]: Omen Gin bodyX Ring 0/2 ammo 1/2 Swartz 0/1 Brd Geo Rdm Can I have it? 4/? leaving in 2min
[23:09:26] Mouthpiece[PSandOria]: Dls. Torque +2 Do you need it? Buy? /tell Thank you.
[23:10:32] Irohani[PSandOria]: OmenJobCardsDo you need it?1m/run(3card~/run 15min)
[23:10:39] Littleflame[Rabao]: Omen Gin bodyX Ring 0/2 ammo 1/2 Swartz 0/1 Brd Geo Rdm Can I have it? 4/? last call
[23:11:13] Lordofsinsspawn[Rabao]: Odyssey Do you need it? Segment farm C tank, brd, whm Can I have it? 3/6 pst
[23:11:24] Irohani[PSandOria]: OmenJobCardsDo you need it?1m/run(3card~/run 15min)
[23:11:37] Wolfdemon[Norg]: Dynamis - Jeuno D Can I have it? wave 2 clear for 3 people. /tell
[23:11:56] Alexjpchoi[Mhaura]: Odyssey Sheol C Segment farm Looking for members. Tank, WHM, BRD, Veteran DDs pst
[23:12:03] Irohani[PSandOria]: OmenJobCardsDo you need it?1m/run(3card~/run 15min)
[23:12:12] Lordofsinsspawn[Rabao]: Odyssey Do you need it? Segment farm C tank, brd, whm Can I have it? 3/6 pst
[23:12:13] Timander[WindWalls]: anyone doing windy D win
[23:12:51] Elbictor[Mhaura]: Ambuscade V1VD Do you need it? Buy? 3m 2 spots /tell
[23:13:02] Alexjpchoi[Mhaura]: Odyssey Sheol C Segment farm Looking for members. Tank, WHM, BRD pst @3
[23:13:34] Lordofsinsspawn[Rabao]: Odyssey Do you need it? Segment farm C tank, brd, whm Can I have it? 3/6 pst
[23:13:36] Alexjpchoi[Mhaura]: Odyssey Sheol C Segment farm Looking for members. Tank, WHM, BRD pst @3
[23:13:53] Irohani[PSandOria]: OmenJobCardsDo you need it?1m/run(3card~/run 15min)
[23:14:03] Alyxande[EastAdoulin]: Dingir Ring Sell? /tell price
[23:14:11] Alexjpchoi[Mhaura]: Odyssey Sheol C Segment farm Looking for members. Tank, BRD pst @4
[23:14:23] Lordofsinsspawn[Rabao]: Odyssey Do you need it? Segment farm C tank, brd, whm Can I have it? 3/6 pst
[23:14:32] Diggitydank[WestAdoulin]: Goldsmithing Veteran Please assist. Reward
[23:14:49] Alexjpchoi[Mhaura]: Odyssey Sheol C Segment farm Looking for members. Tank, BRD pst @4
[23:15:21] Irohani[PSandOria]: OmenJobCardsDo you need it?1m/run(3card~/run 15min)
[23:15:21] Lordofsinsspawn[Rabao]: Odyssey Do you need it? Segment farm C tank, brd, whm Can I have it? 3/6 pst
[23:15:33] Alexjpchoi[Mhaura]: Odyssey Sheol C Segment farm Looking for members. Tank, BRD pst @4
[23:15:34] Wolfdemon[Norg]: Dynamis - Jeuno D Can I have it? wave 2 clear for 3 people. /tell
[23:15:44] Apprentice[Rabao]: Ambuscade V1VD Do you need it? Bard White Mage tank DD Can I have it? /tell
[23:16:00] Lordofsinsspawn[Rabao]: Odyssey Do you need it? Segment farm C tank, brd, whm Can I have it? 3/6 pst
[23:16:21] Irohani[PSandOria]: OmenJobCardsDo you need it?1m/run(3card~/run 15min)
[23:16:22] Alexjpchoi[Mhaura]: Odyssey Sheol C Segment farm Looking for members. Tank, BRD pst @4
[23:16:59] Apprentice[Rabao]: Ambuscade V1VD Do you need it? Bard White Mage Can I have it? /tell @4
[23:17:08] Wakaat[BastokMine]: Outer Ra'Kaznar Apex Bat 500point/3mil Tachi: Jinpu geo*2 All Time Party /tell
[23:17:10] Alexjpchoi[Mhaura]: Odyssey Sheol C Segment farm Looking for members. Tank, BRD pst @4
[23:17:22] Lordofsinsspawn[Rabao]: Odyssey Do you need it? Segment farm C tank, brd Can I have it? 4/6 pst
[23:17:26] Elbictor[Rabao]: Ambuscade V1VD Do you need it? Buy? 3m 2 spots /tell
[23:17:50] Alexjpchoi[Mhaura]: Odyssey Sheol C Segment farm Looking for members. Tank, BRD pst @4
[23:17:55] Lordofsinsspawn[Rabao]: Odyssey Do you need it? Segment farm C tank, brd Can I have it? 4/6 pst
[23:18:01] Irohani[PSandOria]: OmenJobCardsDo you need it?1m/run(3card~/run 15min)
[23:18:10] Apprentice[Rabao]: Ambuscade V1VD Do you need it? Bard White Mage Can I have it? /tell @4
[23:18:18] Timander[PortJeuno]: anyone doing windy D win
[23:18:43] Alexjpchoi[Mhaura]: Odyssey Sheol C Segment farm Looking for members. Tank, BRD pst @4
[23:18:56] Lordofsinsspawn[Rabao]: Odyssey Do you need it? Segment farm C tank, brd Can I have it? 4/6 pst
[23:19:01] Illuminate[Rabao]: iGEO Bumba Fight V15 Can I have it? /tell 5/6 Ready soon 
[23:19:23] Apprentice[Mhaura]: Ambuscade V1VD Do you need it? Bard White Mage Can I have it? /tell @4
[23:19:33] Elbictor[Rabao]: Ambuscade V1VD Do you need it? Buy? 3m 1 spots /tell
[23:19:33] Alexjpchoi[Mhaura]: Odyssey Sheol C Segment farm Looking for members. Tank pst @5
[23:19:44] Lordofsinsspawn[Rabao]: Odyssey Do you need it? Segment farm C tank, brd Can I have it? 4/6 pst
[23:19:48] Irohani[PSandOria]: OmenJobCardsDo you need it?1m/run(3card~/run 15min)
[23:20:01] Redhcm synthesized an orichalcum ingot.
[23:20:03] Apprentice[Mhaura]: Ambuscade V1VD Do you need it? Bard White Mage Can I have it? /tell @4
[23:20:53] Elbictor[Rabao]: Ambuscade V1VD Do you need it? Buy? 3m 1 spots /tell
[23:21:48] Apprentice[Mhaura]: Ambuscade V1VD Do you need it? Bard Can I have it? /tell @5
[23:21:52] Wakaat[BastokMine]: Outer Ra'Kaznar Apex Bat 500point/3mil Tachi: Jinpu geo*2 All Time Party /tell
[23:21:53] Alyxande[EastAdoulin]: Dingir Ring Sell? /tell price
[23:22:06] Lordofsinsspawn[Rabao]: Odyssey Do you need it? Segment farm C brd Can I have it? 5/6 pst
[23:22:17] Irohani[PSandOria]: OmenJobCardsDo you need it?1m/run(3card~/run 15min)
[23:22:26] Elbictor[Rabao]: Ambuscade V1VD Do you need it? Buy? 3m 1 spots /tell
[23:22:47] Apprentice[Mhaura]: Ambuscade V1VD Do you need it? Bard Can I have it? /tell @5
[23:23:04] Wolfdemon[Norg]: Dynamis - Jeuno D Can I have it? wave 2 clear for 3 people. /tell
[23:23:24] Illuminate[Rabao]: full Thank you.
[23:23:25] Irohani[PSandOria]: OmenJobCardsDo you need it?1m/run(3card~/run 15min)
[23:23:38] Apprentice[Mhaura]: Ambuscade V1VD Do you need it? Bard Can I have it? /tell @5
[23:23:40] Apebasher[Mhaura]: Reisenjima T1 item Herculean/Odyssean/Merlinic/Chironic/Valorous(Feet=X) Do you need it? Buy? /t
[23:24:34] Vizio[EastAdoulin]: 100 Byne Bill100k L. Jadeshell120k Do you need it? Bazaar
[23:24:45] Irohani[PSandOria]: OmenJobCardsDo you need it?1m/run(3card~/run 15min)
[23:26:43] Irohani[PSandOria]: OmenJobCardsDo you need it?1m/run(3card~/run 15min)
[23:27:41] Irohani[PSandOria]: OmenJobCardsDo you need it?1m/run(3-4card/run 15min)start in 10min
[23:28:20] Apprentice[Mhaura]: Ambuscade V1VD Do you need it? tank Can I have it? @5
[23:28:30] Wolfdemon[SSandOria]: Dynamis - Jeuno D Can I have it? wave 2 clear for 3 people. /tell
[23:29:25] Apprentice[Mhaura]: Ambuscade V1VD Do you need it? tank Can I have it? @5
[23:29:42] Kiai[BastokMine]: OMEN Kin Ilabrat Ring/12m Do you need it? Buy? /tell
[23:30:26] Kiai[BastokMine]: OMEN Kin Ilabrat Ring/12m Do you need it? Buy? /tell
[23:30:42] Irohani[PSandOria]: OmenJobCardsDo you need it?1m/run(3-4card/run 15min)start in 9min
[23:31:03] Kiai[BastokMine]: OMEN Kin Ilabrat Ring/12m Do you need it? Buy? /tell
[23:31:42] Juskoolin[Mhaura]: Epona's Ring Notorious Monster Rani Do you need it? 1.5m Epona's Ring farm Do you need it? /tell
[23:31:47] Yanhoo[PortBastok]: Reisenjima Full clear Buy? /tell going now
[23:31:49] Irohani[PSandOria]: OmenJobCardsDo you need it?1m/run(3-4card/run 15min)start in 8min
[23:31:56] Apebasher[Mhaura]: Reisenjima T1 item Herculean/Odyssean/Merlinic/Chironic/Valorous(Feet=X) Do you need it? Buy? /t
[23:32:09] Kiai[BastokMine]: OMEN Kin Ilabrat Ring/12m Do you need it? Buy? /tell
[23:32:19] Broook[Rabao]: Odyssey Farm C Do you need it? Drk Sam Whm Can I have it? /tell @ 3/6
[23:32:35] Irohani[PSandOria]: OmenJobCardsDo you need it?1m/run(3-4card/run 15min)start in 6min
[23:32:46] Timander[WindWoods]: anyone doing windy D win
[23:32:48] Juskoolin[Mhaura]: Epona's Ring Notorious Monster Rani Do you need it? 1.5m Epona's Ring farm Do you need it? /tell
[23:33:10] Kiai[BastokMine]: OMEN Kin Ilabrat Ring/12m Do you need it? Buy? /tell
[23:33:20] Aphocalypse[Rabao]: Odyssey T4 Boss Bumba Clear Mind Do you need it? interest Buy? /tell
[23:33:22] Shiftrixgirls[PortJeuno]: Escha - Zi'Tah Escha - Ru'Aun Reisenjima T1T2T3 ALL ABJ Item Reiki yotai Buy? /tell
[23:33:24] Juskoolin[Mhaura]: Epona's Ring Notorious Monster Rani Do you need it? 1.5m Epona's Ring farm Do you need it? /tell
[23:33:35] Broook[Rabao]: Odyssey Farm C Do you need it? DD Whm Can I have it? /tell @ 4/6
[23:33:43] Yumezaru[RuLudeGard]: Sarameya kill Can I have it? please multiple Reward /tell Yumezaru
[23:33:51] Irohani[PSandOria]: OmenJobCardsDo you need it?1m/run(3-4card/run 15min)start in 5min
[23:34:22] Kiai[BastokMine]: OMEN Kin Ilabrat Ring/12m Do you need it? Buy? /tell
[23:34:47] Shiftrixgirls[PortJeuno]: Escha - Zi'Tah Escha - Ru'Aun Reisenjima T1T2T3 ALL ABJ Item Reiki yotai Buy? /tell
[23:34:48] Wolfdemon[SSandOria]: Dynamis - Jeuno D Can I have it? wave 2 clear for 3 people. /tell
[23:35:15] Irohani[PSandOria]: OmenJobCardsDo you need it?1m/run(3-4card/run 15min)start in 4min
[23:36:14] Shiftrixgirls[PortJeuno]: Escha - Zi'Tah Escha - Ru'Aun Reisenjima T1T2T3 ALL ABJ Item Reiki yotai Buy? /tell
[23:36:19] Irohani[PSandOria]: OmenJobCardsDo you need it?1m/run(3-4card/run 15min)start in 3min
[23:37:23] Elbictor[Rabao]: Ambuscade V1VD Do you need it? Buy? 3m 2 spots /tell
[23:37:32] Irohani[PSandOria]: OmenJobCardsDo you need it?1m/run(3-4card/run 15min)start in 2min
[23:38:03] Timander[PortJeuno]: anyone doing windy D win
[23:38:18] Shiftrixgirls[PortJeuno]: Escha - Zi'Tah Escha - Ru'Aun Reisenjima T1T2T3 ALL ABJ Item Reiki yotai Buy? /tell
[23:38:24] Elbictor[Rabao]: Ambuscade V1VD Do you need it? Buy? 3m 2 spots /tell
[23:38:31] Yanhoo[PortBastok]: Reisenjima Full clear Buy? /tell going now
[23:38:35] Irohani[PSandOria]: OmenJobCardsDo you need it?1m/run(3-4card/run 15min)start in 1min
[23:38:38] Wolfdemon[SSandOria]: Dynamis - Jeuno D Can I have it? wave 2 clear for 3 people. /tell
[23:39:34] Irohani[PSandOria]: OmenJobCardsDo you need it?1m/run(3-4card/run 15min)start now last call
[23:39:55] Shiftrixgirls[PortJeuno]: Escha - Zi'Tah Escha - Ru'Aun Reisenjima T1T2T3 ALL ABJ Item Reiki yotai Buy? /tell
[23:40:22] Sabaoththegreat[Mhaura]: This is the verdict: Light has come into the world, but people loved darkness instead of light because their deeds were evil.
[23:40:25] Mouthpiece[PSandOria]: Dls. Torque +2 Do you need it? Buy? /tell Thank you.
[23:40:58] Mypp[Rabao]: this dood must be a jehovas witness clocking preaching weekly hours.
[23:40:59] Shiftrixgirls[PortJeuno]: Escha - Zi'Tah Escha - Ru'Aun Reisenjima T1T2T3 ALL ABJ Item Reiki yotai Buy? /tell
[23:41:28] Elbictor[Rabao]: Ambuscade V1VD Do you need it? Buy? 3m 2 spots /tell
[23:41:29] Sedative[Rabao]: i wanna do ody or omen
[23:42:07] Mouthpiece[PSandOria]: Dls. Torque +2 Do you need it? Buy? /tell Thank you.
[23:42:08] Elbictor[Rabao]: Ambuscade V1VD Do you need it? Buy? 3m 2 spots /tell
[23:42:56] Shiftrixgirls[PortJeuno]: Escha - Zi'Tah Escha - Ru'Aun Reisenjima T1T2T3 ALL ABJ Item Reiki yotai Buy? /tell
[23:43:09] Aboogie[NSandOria]: Sshank Can I have it? /tell
[23:43:24] Elbictor[Rabao]: Ambuscade V1VD Do you need it? Buy? 3m 1 spots /tell
[23:44:53] Yanhoo[PortBastok]: Reisenjima Full clear Buy? /tell going now
[23:45:30] Shiftrixgirls[PortJeuno]: Escha - Zi'Tah Escha - Ru'Aun Reisenjima T1T2T3 ALL ABJ Item Reiki yotai Buy? /tell
[23:46:31] Shiftrixgirls[PortJeuno]: Escha - Zi'Tah Escha - Ru'Aun Reisenjima T1T2T3 ALL ABJ Item Reiki yotai Buy? /tell
[23:47:09] Mouthpiece[PSandOria]: Dls. Torque +2 Do you need it? Buy? /tell Thank you.
[23:47:38] Natsyrt[Mhaura]: Riftcinder Do you need it? 600k Bazaar Please check it.
[23:48:59] Shiftrixgirls[PortJeuno]: Escha - Zi'Tah Escha - Ru'Aun Reisenjima T1T2T3 ALL ABJ Item Reiki yotai Buy? /tell
[23:50:38] Juskoolin[Mhaura]: Epona's Ring Notorious Monster Rani pop key Item Do you need it? 1.5m Epona's Ring farm 6m /tell
[23:50:50] Shiftrixgirls[PortJeuno]: Escha - Zi'Tah Escha - Ru'Aun Reisenjima T1T2T3 ALL ABJ Item Reiki yotai Buy? /tell
[23:51:32] Juskoolin[Mhaura]: Epona's Ring Notorious Monster Rani pop key Item Do you need it? 1.5m Epona's Ring farm 6m /tell
[23:51:56] Elbictor[Rabao]: Ambuscade V1VD Do you need it? Buy? 3m 1 spots /tell
[23:52:34] Juskoolin[Mhaura]: Epona's Ring Notorious Monster Rani pop key Item Do you need it? 1.5m Epona's Ring farm 6m /tell
[23:52:43] Spicykenny[WindWoods]: wtf 6m
[23:53:15] Shiftrixgirls[PortJeuno]: Escha - Zi'Tah Escha - Ru'Aun Reisenjima T1T2T3 ALL ABJ Item Reiki yotai Buy? /tell
[23:53:31] Ahrfry[SSandOria]: Omen Kyou Do you need it? NECK EARRING SCALE Do you need it? ALL FREE (you must need for your job)
[23:54:16] Feeooo[PSandOria]: Dho Gates Crab 500/2.5m master/10m Fast Cast
[23:54:45] Ahrfry[SSandOria]: Omen KYOU Do you need it? NECK EARRING  Do you need it? ALL FREE leaving soon (you must need for your job)
[23:54:45] Rumblepakk[PortJeuno]: Lungo-Nango Jadeshell Do you need it? (H-8)
[23:54:48] Shiftrixgirls[PortJeuno]: Escha - Zi'Tah Escha - Ru'Aun Reisenjima T1T2T3 ALL ABJ Item Reiki yotai Buy? /tell
[23:55:21] Feeooo[PSandOria]: Dho Gates Crab 500/2.5m master/10m Fast Cast
[23:56:11] Juskoolin[Mhaura]: Epona's Ring Notorious Monster Rani pop key Item Do you need it? 1.5m 
[23:56:14] Shiftrixgirls[PortJeuno]: Escha - Zi'Tah Escha - Ru'Aun Reisenjima T1T2T3 ALL ABJ Item Reiki yotai Buy? /tell
[23:56:28] Feeooo[PSandOria]: Dho Gates Crab 500/2.5m master/10m Fast Cast
[23:56:57] Illuminate[Rabao]: Shaol C Segment Farm BARD Do you have it? /tell 5/6 entering soon
[23:57:06] Juskoolin[Mhaura]: Epona's Ring Notorious Monster Rani pop key Item Do you need it? 1.5m 
[23:57:30] Ahrfry[SSandOria]: Omen KYOU Do you need it? NECK and MIDBOSS  Do you need it? ALL FREE leaving soon (you must need for your job)
[23:57:34] Feeooo[PSandOria]: Dho Gates Crab 500/2.5m master/10m Fast Cast
[23:58:02] Juskoolin[Mhaura]: Epona's Ring Notorious Monster Rani pop key Item Do you need it? 1.5m 
[23:58:37] Tikutsiku[RuLudeGard]: anyone with capped smithing willing to help me hq an item?
[23:58:39] Feeooo[PSandOria]: Dho Gates Crab 500/2.5m master/10m Fast Cast
[23:59:17] Juskoolin[Mhaura]: Epona's Ring Notorious Monster Rani pop key Item Do you need it? 1.5m 
[23:59:31] Illuminate[Rabao]: full Thank you.
[23:59:46] Feeooo[PSandOria]: Dho Gates Crab 500/2.5m master/10m Fast Cast
